java -ea -Xmx15g -Xms15g -cp /home/gt156213e/anaconda3/envs/biotools/opt/bbmap-38.79-0/current/ align2.BBSplitter ow=t fastareadlen=500 minhits=1 minratio=0.56 maxindel=20 qtrim=rl untrim=t trimq=6 -Xmx15g t=1 in1=/mnt/beegfs/gt156213e/murinae-seq/01-Assembly-data/01-Fastp/Bunomys-chrysocomus/nextseq-paired-2/JAE4867_S30_L002_R1_001.fastp.fastq.gz in2=/mnt/beegfs/gt156213e/murinae-seq/01-Assembly-data/01-Fastp/Bunomys-chrysocomus/nextseq-paired-2/JAE4867_S30_L002_R2_001.fastp.fastq.gz ref=/mnt/beegfs/gt156213e/murinae-seq/01-Assembly-data/Contamination_Genomes path=/mnt/beegfs/gt156213e/murinae-seq/01-Assembly-data/Contamination_Genomes minid=0.99 outu1=/mnt/beegfs/gt156213e/murinae-seq/01-Assembly-data/02-Decon/Bunomys-chrysocomus/nextseq-paired-2/JAE4867_S30_L002_R1_001.fastp.decon.fastq.gz outu2=/mnt/beegfs/gt156213e/murinae-seq/01-Assembly-data/02-Decon/Bunomys-chrysocomus/nextseq-paired-2/JAE4867_S30_L002_R2_001.fastp.decon.fastq.gz
Executing align2.BBSplitter [ow=t, fastareadlen=500, minhits=1, minratio=0.56, maxindel=20, qtrim=rl, untrim=t, trimq=6, -Xmx15g, t=1, in1=/mnt/beegfs/gt156213e/murinae-seq/01-Assembly-data/01-Fastp/Bunomys-chrysocomus/nextseq-paired-2/JAE4867_S30_L002_R1_001.fastp.fastq.gz, in2=/mnt/beegfs/gt156213e/murinae-seq/01-Assembly-data/01-Fastp/Bunomys-chrysocomus/nextseq-paired-2/JAE4867_S30_L002_R2_001.fastp.fastq.gz, ref=/mnt/beegfs/gt156213e/murinae-seq/01-Assembly-data/Contamination_Genomes, path=/mnt/beegfs/gt156213e/murinae-seq/01-Assembly-data/Contamination_Genomes, minid=0.99, outu1=/mnt/beegfs/gt156213e/murinae-seq/01-Assembly-data/02-Decon/Bunomys-chrysocomus/nextseq-paired-2/JAE4867_S30_L002_R1_001.fastp.decon.fastq.gz, outu2=/mnt/beegfs/gt156213e/murinae-seq/01-Assembly-data/02-Decon/Bunomys-chrysocomus/nextseq-paired-2/JAE4867_S30_L002_R2_001.fastp.decon.fastq.gz]

Converted arguments to [ow=t, fastareadlen=500, minhits=1, minratio=0.56, maxindel=20, qtrim=rl, untrim=t, trimq=6, t=1, in1=/mnt/beegfs/gt156213e/murinae-seq/01-Assembly-data/01-Fastp/Bunomys-chrysocomus/nextseq-paired-2/JAE4867_S30_L002_R1_001.fastp.fastq.gz, in2=/mnt/beegfs/gt156213e/murinae-seq/01-Assembly-data/01-Fastp/Bunomys-chrysocomus/nextseq-paired-2/JAE4867_S30_L002_R2_001.fastp.fastq.gz, path=/mnt/beegfs/gt156213e/murinae-seq/01-Assembly-data/Contamination_Genomes, minid=0.99, outu1=/mnt/beegfs/gt156213e/murinae-seq/01-Assembly-data/02-Decon/Bunomys-chrysocomus/nextseq-paired-2/JAE4867_S30_L002_R1_001.fastp.decon.fastq.gz, outu2=/mnt/beegfs/gt156213e/murinae-seq/01-Assembly-data/02-Decon/Bunomys-chrysocomus/nextseq-paired-2/JAE4867_S30_L002_R2_001.fastp.decon.fastq.gz, ref_Alcaligenes=/mnt/beegfs/gt156213e/murinae-seq/01-Assembly-data/Contamination_Genomes/Alcaligenes.fa, ref_Novosphingobium=/mnt/beegfs/gt156213e/murinae-seq/01-Assembly-data/Contamination_Genomes/Novosphingobium.fa, ref_Flavobacterium=/mnt/beegfs/gt156213e/murinae-seq/01-Assembly-data/Contamination_Genomes/Flavobacterium.fa, ref_Ochrobactrum=/mnt/beegfs/gt156213e/murinae-seq/01-Assembly-data/Contamination_Genomes/Ochrobactrum.fa, ref_Saccharomyces=/mnt/beegfs/gt156213e/murinae-seq/01-Assembly-data/Contamination_Genomes/Saccharomyces.fa, ref_Scerevisiae=/mnt/beegfs/gt156213e/murinae-seq/01-Assembly-data/Contamination_Genomes/Scerevisiae.fa, ref_UniVec=/mnt/beegfs/gt156213e/murinae-seq/01-Assembly-data/Contamination_Genomes/UniVec.fa, ref_Drosophila_melanogaster=/mnt/beegfs/gt156213e/murinae-seq/01-Assembly-data/Contamination_Genomes/Drosophila_melanogaster.fa, ref_Stenotrophomonas=/mnt/beegfs/gt156213e/murinae-seq/01-Assembly-data/Contamination_Genomes/Stenotrophomonas.fa, ref_Pseudonocardia=/mnt/beegfs/gt156213e/murinae-seq/01-Assembly-data/Contamination_Genomes/Pseudonocardia.fa, ref_Staphylococcus=/mnt/beegfs/gt156213e/murinae-seq/01-Assembly-data/Contamination_Genomes/Staphylococcus.fa, ref_Malassezia=/mnt/beegfs/gt156213e/murinae-seq/01-Assembly-data/Contamination_Genomes/Malassezia.fa, ref_Leifsonia=/mnt/beegfs/gt156213e/murinae-seq/01-Assembly-data/Contamination_Genomes/Leifsonia.fa, ref_Achromobacter=/mnt/beegfs/gt156213e/murinae-seq/01-Assembly-data/Contamination_Genomes/Achromobacter.fa, ref_Herbaspirillum=/mnt/beegfs/gt156213e/murinae-seq/01-Assembly-data/Contamination_Genomes/Herbaspirillum.fa, ref_Mesorhizobium=/mnt/beegfs/gt156213e/murinae-seq/01-Assembly-data/Contamination_Genomes/Mesorhizobium.fa, ref_Pedobacter=/mnt/beegfs/gt156213e/murinae-seq/01-Assembly-data/Contamination_Genomes/Pedobacter.fa, ref_Burkholderia=/mnt/beegfs/gt156213e/murinae-seq/01-Assembly-data/Contamination_Genomes/Burkholderia.fa, ref_Moraxella=/mnt/beegfs/gt156213e/murinae-seq/01-Assembly-data/Contamination_Genomes/Moraxella.fa, ref_Acinetobacter=/mnt/beegfs/gt156213e/murinae-seq/01-Assembly-data/Contamination_Genomes/Acinetobacter.fa, ref_Brevundimonas=/mnt/beegfs/gt156213e/murinae-seq/01-Assembly-data/Contamination_Genomes/Brevundimonas.fa, ref_Puccinia=/mnt/beegfs/gt156213e/murinae-seq/01-Assembly-data/Contamination_Genomes/Puccinia.fa, ref_Rhodococcus=/mnt/beegfs/gt156213e/murinae-seq/01-Assembly-data/Contamination_Genomes/Rhodococcus.fa, ref_Methylobacterium=/mnt/beegfs/gt156213e/murinae-seq/01-Assembly-data/Contamination_Genomes/Methylobacterium.fa, ref_Aminobacter=/mnt/beegfs/gt156213e/murinae-seq/01-Assembly-data/Contamination_Genomes/Aminobacter.fa, ref_Schizosaccharomyces=/mnt/beegfs/gt156213e/murinae-seq/01-Assembly-data/Contamination_Genomes/Schizosaccharomyces.fa, ref_Legionella=/mnt/beegfs/gt156213e/murinae-seq/01-Assembly-data/Contamination_Genomes/Legionella.fa, ref_Curvibacter=/mnt/beegfs/gt156213e/murinae-seq/01-Assembly-data/Contamination_Genomes/Curvibacter.fa, ref_Mycoplasma=/mnt/beegfs/gt156213e/murinae-seq/01-Assembly-data/Contamination_Genomes/Mycoplasma.fa, ref_Magnaporthe=/mnt/beegfs/gt156213e/murinae-seq/01-Assembly-data/Contamination_Genomes/Magnaporthe.fa, ref_Caenorhabditis=/mnt/beegfs/gt156213e/murinae-seq/01-Assembly-data/Contamination_Genomes/Caenorhabditis.fa, ref_Sphingomonas=/mnt/beegfs/gt156213e/murinae-seq/01-Assembly-data/Contamination_Genomes/Sphingomonas.fa, ref_Pseudomonas=/mnt/beegfs/gt156213e/murinae-seq/01-Assembly-data/Contamination_Genomes/Pseudomonas.fa, ref_Salmonella=/mnt/beegfs/gt156213e/murinae-seq/01-Assembly-data/Contamination_Genomes/Salmonella.fa, ref_Helcococcus=/mnt/beegfs/gt156213e/murinae-seq/01-Assembly-data/Contamination_Genomes/Helcococcus.fa, ref_Afipia=/mnt/beegfs/gt156213e/murinae-seq/01-Assembly-data/Contamination_Genomes/Afipia.fa, ref_Agrobacterium=/mnt/beegfs/gt156213e/murinae-seq/01-Assembly-data/Contamination_Genomes/Agrobacterium.fa, ref_Phyllobacterium=/mnt/beegfs/gt156213e/murinae-seq/01-Assembly-data/Contamination_Genomes/Phyllobacterium.fa, ref_Penicillium=/mnt/beegfs/gt156213e/murinae-seq/01-Assembly-data/Contamination_Genomes/Penicillium.fa, ref_Corynebacterium=/mnt/beegfs/gt156213e/murinae-seq/01-Assembly-data/Contamination_Genomes/Corynebacterium.fa, ref_Ecoli=/mnt/beegfs/gt156213e/murinae-seq/01-Assembly-data/Contamination_Genomes/Ecoli.fa, ref_Bradyrhizobium=/mnt/beegfs/gt156213e/murinae-seq/01-Assembly-data/Contamination_Genomes/Bradyrhizobium.fa, ref_Aspergillus=/mnt/beegfs/gt156213e/murinae-seq/01-Assembly-data/Contamination_Genomes/Aspergillus.fa, ref_Ralstonia=/mnt/beegfs/gt156213e/murinae-seq/01-Assembly-data/Contamination_Genomes/Ralstonia.fa, ref_Haemophilus=/mnt/beegfs/gt156213e/murinae-seq/01-Assembly-data/Contamination_Genomes/Haemophilus.fa, ref_Microbacterium=/mnt/beegfs/gt156213e/murinae-seq/01-Assembly-data/Contamination_Genomes/Microbacterium.fa, ref_Acidaminococcus=/mnt/beegfs/gt156213e/murinae-seq/01-Assembly-data/Contamination_Genomes/Acidaminococcus.fa]
Merged reference file /mnt/beegfs/gt156213e/murinae-seq/01-Assembly-data/Contamination_Genomes/ref/genome/1/merged_ref_5759390567066404624.fa.gz already exists; skipping merge.
Ref merge time:     	0.131 seconds.
Executing align2.BBMap [ow=t, fastareadlen=500, minhits=1, minratio=0.56, maxindel=20, qtrim=rl, untrim=t, trimq=6, t=1, in1=/mnt/beegfs/gt156213e/murinae-seq/01-Assembly-data/01-Fastp/Bunomys-chrysocomus/nextseq-paired-2/JAE4867_S30_L002_R1_001.fastp.fastq.gz, in2=/mnt/beegfs/gt156213e/murinae-seq/01-Assembly-data/01-Fastp/Bunomys-chrysocomus/nextseq-paired-2/JAE4867_S30_L002_R2_001.fastp.fastq.gz, minid=0.99, outu1=/mnt/beegfs/gt156213e/murinae-seq/01-Assembly-data/02-Decon/Bunomys-chrysocomus/nextseq-paired-2/JAE4867_S30_L002_R1_001.fastp.decon.fastq.gz, outu2=/mnt/beegfs/gt156213e/murinae-seq/01-Assembly-data/02-Decon/Bunomys-chrysocomus/nextseq-paired-2/JAE4867_S30_L002_R2_001.fastp.decon.fastq.gz, ref=/mnt/beegfs/gt156213e/murinae-seq/01-Assembly-data/Contamination_Genomes/ref/genome/1/merged_ref_5759390567066404624.fa.gz]
Version 38.79

Set MINIMUM_ALIGNMENT_SCORE_RATIO to 0.560
Set threads to 1
Retaining first best site only for ambiguous mappings.
NOTE:	Ignoring reference file because it already appears to have been processed.
NOTE:	If you wish to regenerate the index, please manually delete /mnt/beegfs/gt156213e/murinae-seq/01-Assembly-data/Contamination_Genomes/ref/genome/1/summary.txt
Set genome to 1

Loaded Reference:	6.651 seconds.
Loading index for chunk 1-2, build 1
Generated Index:	66.094 seconds.
Analyzed Index:   	7.858 seconds.
Started output stream:	0.079 seconds.
Cleared Memory:    	0.976 seconds.
Processing reads in paired-ended mode.
Started read stream.
Started 1 mapping thread.
Detecting finished threads: 0

   ------------------   Results   ------------------   

Genome:                	1
Key Length:            	13
Max Indel:             	20
Minimum Score Ratio:  	0.56
Mapping Mode:         	normal
Reads Used:           	5497220	(414840349 bases)

Mapping:          	1940.155 seconds.
Reads/sec:       	2833.39
kBases/sec:      	213.82


Pairing data:   	pct pairs	num pairs 	pct bases	   num bases

mated pairs:     	  0.0994% 	     2733 	  0.0877% 	      363882
bad pairs:       	  0.0000% 	        0 	  0.0000% 	           0
insert size avg: 	  176.47


Read 1 data:      	pct reads	num reads 	pct bases	   num bases

mapped:          	  0.1003% 	     2757 	  0.0885% 	      183596
unambiguous:     	  0.0638% 	     1754 	  0.0556% 	      115369
ambiguous:       	  0.0365% 	     1003 	  0.0329% 	       68227
low-Q discards:  	  0.0000% 	        0 	  0.0000% 	           0

perfect best site:	  0.0017% 	       46 	  0.0015% 	        3009
semiperfect site:	  0.0020% 	       55 	  0.0016% 	        3382
rescued:         	  0.0308% 	      847

Match Rate:      	      NA 	       NA 	 85.1104% 	      156976
Error Rate:      	 36.8171% 	     2709 	 14.8733% 	       27432
Sub Rate:        	 36.7355% 	     2703 	 14.0757% 	       25961
Del Rate:        	  2.4599% 	      181 	  0.4565% 	         842
Ins Rate:        	  2.6230% 	      193 	  0.3410% 	         629
N Rate:          	  0.1631% 	       12 	  0.0163% 	          30


Read 2 data:      	pct reads	num reads 	pct bases	   num bases

mapped:          	  0.1002% 	     2753 	  0.0884% 	      183416
unambiguous:     	  0.0639% 	     1756 	  0.0559% 	      116027
ambiguous:       	  0.0363% 	      997 	  0.0325% 	       67389
low-Q discards:  	  0.0000% 	        0 	  0.0000% 	           0

perfect best site:	  0.0013% 	       35 	  0.0012% 	        2490
semiperfect site:	  0.0016% 	       43 	  0.0014% 	        2900
rescued:         	  0.0324% 	      890

Match Rate:      	      NA 	       NA 	 85.0861% 	      156675
Error Rate:      	 38.4441% 	     2718 	 14.8721% 	       27385
Sub Rate:        	 38.3451% 	     2711 	 14.1764% 	       26104
Del Rate:        	  2.4752% 	      175 	  0.3916% 	         721
Ins Rate:        	  2.3621% 	      167 	  0.3041% 	         560
N Rate:          	  0.1556% 	       11 	  0.0418% 	          77

Total time:     	2021.936 seconds.
