java -ea -Xmx15g -Xms15g -cp /home/gt156213e/anaconda3/envs/biotools/opt/bbmap-38.79-0/current/ align2.BBSplitter ow=t fastareadlen=500 minhits=1 minratio=0.56 maxindel=20 qtrim=rl untrim=t trimq=6 -Xmx15g t=1 in1=/mnt/beegfs/gt156213e/murinae-seq/01-Assembly-data/01-Fastp/Chiruromys-vates/hiseq4000-paired-2/SM035_CKDL190143345-1a-D706-AK1680_H7275BBXX_L4_R1_.fastp.fastq.gz in2=/mnt/beegfs/gt156213e/murinae-seq/01-Assembly-data/01-Fastp/Chiruromys-vates/hiseq4000-paired-2/SM035_CKDL190143345-1a-D706-AK1680_H7275BBXX_L4_R2_.fastp.fastq.gz ref=/mnt/beegfs/gt156213e/murinae-seq/01-Assembly-data/Contamination_Genomes path=/mnt/beegfs/gt156213e/murinae-seq/01-Assembly-data/Contamination_Genomes minid=0.99 outu1=/mnt/beegfs/gt156213e/murinae-seq/01-Assembly-data/02-Decon/Chiruromys-vates/hiseq4000-paired-2/SM035_CKDL190143345-1a-D706-AK1680_H7275BBXX_L4_R1_.fastp.decon.fastq.gz outu2=/mnt/beegfs/gt156213e/murinae-seq/01-Assembly-data/02-Decon/Chiruromys-vates/hiseq4000-paired-2/SM035_CKDL190143345-1a-D706-AK1680_H7275BBXX_L4_R2_.fastp.decon.fastq.gz
Executing align2.BBSplitter [ow=t, fastareadlen=500, minhits=1, minratio=0.56, maxindel=20, qtrim=rl, untrim=t, trimq=6, -Xmx15g, t=1, in1=/mnt/beegfs/gt156213e/murinae-seq/01-Assembly-data/01-Fastp/Chiruromys-vates/hiseq4000-paired-2/SM035_CKDL190143345-1a-D706-AK1680_H7275BBXX_L4_R1_.fastp.fastq.gz, in2=/mnt/beegfs/gt156213e/murinae-seq/01-Assembly-data/01-Fastp/Chiruromys-vates/hiseq4000-paired-2/SM035_CKDL190143345-1a-D706-AK1680_H7275BBXX_L4_R2_.fastp.fastq.gz, ref=/mnt/beegfs/gt156213e/murinae-seq/01-Assembly-data/Contamination_Genomes, path=/mnt/beegfs/gt156213e/murinae-seq/01-Assembly-data/Contamination_Genomes, minid=0.99, outu1=/mnt/beegfs/gt156213e/murinae-seq/01-Assembly-data/02-Decon/Chiruromys-vates/hiseq4000-paired-2/SM035_CKDL190143345-1a-D706-AK1680_H7275BBXX_L4_R1_.fastp.decon.fastq.gz, outu2=/mnt/beegfs/gt156213e/murinae-seq/01-Assembly-data/02-Decon/Chiruromys-vates/hiseq4000-paired-2/SM035_CKDL190143345-1a-D706-AK1680_H7275BBXX_L4_R2_.fastp.decon.fastq.gz]

Converted arguments to [ow=t, fastareadlen=500, minhits=1, minratio=0.56, maxindel=20, qtrim=rl, untrim=t, trimq=6, t=1, in1=/mnt/beegfs/gt156213e/murinae-seq/01-Assembly-data/01-Fastp/Chiruromys-vates/hiseq4000-paired-2/SM035_CKDL190143345-1a-D706-AK1680_H7275BBXX_L4_R1_.fastp.fastq.gz, in2=/mnt/beegfs/gt156213e/murinae-seq/01-Assembly-data/01-Fastp/Chiruromys-vates/hiseq4000-paired-2/SM035_CKDL190143345-1a-D706-AK1680_H7275BBXX_L4_R2_.fastp.fastq.gz, path=/mnt/beegfs/gt156213e/murinae-seq/01-Assembly-data/Contamination_Genomes, minid=0.99, outu1=/mnt/beegfs/gt156213e/murinae-seq/01-Assembly-data/02-Decon/Chiruromys-vates/hiseq4000-paired-2/SM035_CKDL190143345-1a-D706-AK1680_H7275BBXX_L4_R1_.fastp.decon.fastq.gz, outu2=/mnt/beegfs/gt156213e/murinae-seq/01-Assembly-data/02-Decon/Chiruromys-vates/hiseq4000-paired-2/SM035_CKDL190143345-1a-D706-AK1680_H7275BBXX_L4_R2_.fastp.decon.fastq.gz, ref_Alcaligenes=/mnt/beegfs/gt156213e/murinae-seq/01-Assembly-data/Contamination_Genomes/Alcaligenes.fa, ref_Novosphingobium=/mnt/beegfs/gt156213e/murinae-seq/01-Assembly-data/Contamination_Genomes/Novosphingobium.fa, ref_Flavobacterium=/mnt/beegfs/gt156213e/murinae-seq/01-Assembly-data/Contamination_Genomes/Flavobacterium.fa, ref_Ochrobactrum=/mnt/beegfs/gt156213e/murinae-seq/01-Assembly-data/Contamination_Genomes/Ochrobactrum.fa, ref_Saccharomyces=/mnt/beegfs/gt156213e/murinae-seq/01-Assembly-data/Contamination_Genomes/Saccharomyces.fa, ref_Scerevisiae=/mnt/beegfs/gt156213e/murinae-seq/01-Assembly-data/Contamination_Genomes/Scerevisiae.fa, ref_UniVec=/mnt/beegfs/gt156213e/murinae-seq/01-Assembly-data/Contamination_Genomes/UniVec.fa, ref_Drosophila_melanogaster=/mnt/beegfs/gt156213e/murinae-seq/01-Assembly-data/Contamination_Genomes/Drosophila_melanogaster.fa, ref_Stenotrophomonas=/mnt/beegfs/gt156213e/murinae-seq/01-Assembly-data/Contamination_Genomes/Stenotrophomonas.fa, ref_Pseudonocardia=/mnt/beegfs/gt156213e/murinae-seq/01-Assembly-data/Contamination_Genomes/Pseudonocardia.fa, ref_Staphylococcus=/mnt/beegfs/gt156213e/murinae-seq/01-Assembly-data/Contamination_Genomes/Staphylococcus.fa, ref_Malassezia=/mnt/beegfs/gt156213e/murinae-seq/01-Assembly-data/Contamination_Genomes/Malassezia.fa, ref_Leifsonia=/mnt/beegfs/gt156213e/murinae-seq/01-Assembly-data/Contamination_Genomes/Leifsonia.fa, ref_Achromobacter=/mnt/beegfs/gt156213e/murinae-seq/01-Assembly-data/Contamination_Genomes/Achromobacter.fa, ref_Herbaspirillum=/mnt/beegfs/gt156213e/murinae-seq/01-Assembly-data/Contamination_Genomes/Herbaspirillum.fa, ref_Mesorhizobium=/mnt/beegfs/gt156213e/murinae-seq/01-Assembly-data/Contamination_Genomes/Mesorhizobium.fa, ref_Pedobacter=/mnt/beegfs/gt156213e/murinae-seq/01-Assembly-data/Contamination_Genomes/Pedobacter.fa, ref_Burkholderia=/mnt/beegfs/gt156213e/murinae-seq/01-Assembly-data/Contamination_Genomes/Burkholderia.fa, ref_Moraxella=/mnt/beegfs/gt156213e/murinae-seq/01-Assembly-data/Contamination_Genomes/Moraxella.fa, ref_Acinetobacter=/mnt/beegfs/gt156213e/murinae-seq/01-Assembly-data/Contamination_Genomes/Acinetobacter.fa, ref_Brevundimonas=/mnt/beegfs/gt156213e/murinae-seq/01-Assembly-data/Contamination_Genomes/Brevundimonas.fa, ref_Puccinia=/mnt/beegfs/gt156213e/murinae-seq/01-Assembly-data/Contamination_Genomes/Puccinia.fa, ref_Rhodococcus=/mnt/beegfs/gt156213e/murinae-seq/01-Assembly-data/Contamination_Genomes/Rhodococcus.fa, ref_Methylobacterium=/mnt/beegfs/gt156213e/murinae-seq/01-Assembly-data/Contamination_Genomes/Methylobacterium.fa, ref_Aminobacter=/mnt/beegfs/gt156213e/murinae-seq/01-Assembly-data/Contamination_Genomes/Aminobacter.fa, ref_Schizosaccharomyces=/mnt/beegfs/gt156213e/murinae-seq/01-Assembly-data/Contamination_Genomes/Schizosaccharomyces.fa, ref_Legionella=/mnt/beegfs/gt156213e/murinae-seq/01-Assembly-data/Contamination_Genomes/Legionella.fa, ref_Curvibacter=/mnt/beegfs/gt156213e/murinae-seq/01-Assembly-data/Contamination_Genomes/Curvibacter.fa, ref_Mycoplasma=/mnt/beegfs/gt156213e/murinae-seq/01-Assembly-data/Contamination_Genomes/Mycoplasma.fa, ref_Magnaporthe=/mnt/beegfs/gt156213e/murinae-seq/01-Assembly-data/Contamination_Genomes/Magnaporthe.fa, ref_Caenorhabditis=/mnt/beegfs/gt156213e/murinae-seq/01-Assembly-data/Contamination_Genomes/Caenorhabditis.fa, ref_Sphingomonas=/mnt/beegfs/gt156213e/murinae-seq/01-Assembly-data/Contamination_Genomes/Sphingomonas.fa, ref_Pseudomonas=/mnt/beegfs/gt156213e/murinae-seq/01-Assembly-data/Contamination_Genomes/Pseudomonas.fa, ref_Salmonella=/mnt/beegfs/gt156213e/murinae-seq/01-Assembly-data/Contamination_Genomes/Salmonella.fa, ref_Helcococcus=/mnt/beegfs/gt156213e/murinae-seq/01-Assembly-data/Contamination_Genomes/Helcococcus.fa, ref_Afipia=/mnt/beegfs/gt156213e/murinae-seq/01-Assembly-data/Contamination_Genomes/Afipia.fa, ref_Agrobacterium=/mnt/beegfs/gt156213e/murinae-seq/01-Assembly-data/Contamination_Genomes/Agrobacterium.fa, ref_Phyllobacterium=/mnt/beegfs/gt156213e/murinae-seq/01-Assembly-data/Contamination_Genomes/Phyllobacterium.fa, ref_Penicillium=/mnt/beegfs/gt156213e/murinae-seq/01-Assembly-data/Contamination_Genomes/Penicillium.fa, ref_Corynebacterium=/mnt/beegfs/gt156213e/murinae-seq/01-Assembly-data/Contamination_Genomes/Corynebacterium.fa, ref_Ecoli=/mnt/beegfs/gt156213e/murinae-seq/01-Assembly-data/Contamination_Genomes/Ecoli.fa, ref_Bradyrhizobium=/mnt/beegfs/gt156213e/murinae-seq/01-Assembly-data/Contamination_Genomes/Bradyrhizobium.fa, ref_Aspergillus=/mnt/beegfs/gt156213e/murinae-seq/01-Assembly-data/Contamination_Genomes/Aspergillus.fa, ref_Ralstonia=/mnt/beegfs/gt156213e/murinae-seq/01-Assembly-data/Contamination_Genomes/Ralstonia.fa, ref_Haemophilus=/mnt/beegfs/gt156213e/murinae-seq/01-Assembly-data/Contamination_Genomes/Haemophilus.fa, ref_Microbacterium=/mnt/beegfs/gt156213e/murinae-seq/01-Assembly-data/Contamination_Genomes/Microbacterium.fa, ref_Acidaminococcus=/mnt/beegfs/gt156213e/murinae-seq/01-Assembly-data/Contamination_Genomes/Acidaminococcus.fa]
Merged reference file /mnt/beegfs/gt156213e/murinae-seq/01-Assembly-data/Contamination_Genomes/ref/genome/1/merged_ref_5759390567066404624.fa.gz already exists; skipping merge.
Ref merge time:     	0.137 seconds.
Executing align2.BBMap [ow=t, fastareadlen=500, minhits=1, minratio=0.56, maxindel=20, qtrim=rl, untrim=t, trimq=6, t=1, in1=/mnt/beegfs/gt156213e/murinae-seq/01-Assembly-data/01-Fastp/Chiruromys-vates/hiseq4000-paired-2/SM035_CKDL190143345-1a-D706-AK1680_H7275BBXX_L4_R1_.fastp.fastq.gz, in2=/mnt/beegfs/gt156213e/murinae-seq/01-Assembly-data/01-Fastp/Chiruromys-vates/hiseq4000-paired-2/SM035_CKDL190143345-1a-D706-AK1680_H7275BBXX_L4_R2_.fastp.fastq.gz, minid=0.99, outu1=/mnt/beegfs/gt156213e/murinae-seq/01-Assembly-data/02-Decon/Chiruromys-vates/hiseq4000-paired-2/SM035_CKDL190143345-1a-D706-AK1680_H7275BBXX_L4_R1_.fastp.decon.fastq.gz, outu2=/mnt/beegfs/gt156213e/murinae-seq/01-Assembly-data/02-Decon/Chiruromys-vates/hiseq4000-paired-2/SM035_CKDL190143345-1a-D706-AK1680_H7275BBXX_L4_R2_.fastp.decon.fastq.gz, ref=/mnt/beegfs/gt156213e/murinae-seq/01-Assembly-data/Contamination_Genomes/ref/genome/1/merged_ref_5759390567066404624.fa.gz]
Version 38.79

Set MINIMUM_ALIGNMENT_SCORE_RATIO to 0.560
Set threads to 1
Retaining first best site only for ambiguous mappings.
NOTE:	Ignoring reference file because it already appears to have been processed.
NOTE:	If you wish to regenerate the index, please manually delete /mnt/beegfs/gt156213e/murinae-seq/01-Assembly-data/Contamination_Genomes/ref/genome/1/summary.txt
Set genome to 1

Loaded Reference:	6.117 seconds.
Loading index for chunk 1-2, build 1
Generated Index:	114.829 seconds.
Analyzed Index:   	7.156 seconds.
Started output stream:	0.070 seconds.
Cleared Memory:    	0.615 seconds.
Processing reads in paired-ended mode.
Started read stream.
Started 1 mapping thread.
Detecting finished threads: 0

   ------------------   Results   ------------------   

Genome:                	1
Key Length:            	13
Max Indel:             	20
Minimum Score Ratio:  	0.56
Mapping Mode:         	normal
Reads Used:           	46072970	(6798495028 bases)

Mapping:          	4853.496 seconds.
Reads/sec:       	9492.74
kBases/sec:      	1400.74


Pairing data:   	pct pairs	num pairs 	pct bases	   num bases

mated pairs:     	  0.0800% 	    18418 	  0.0696% 	     4730006
bad pairs:       	  0.0000% 	        1 	  0.0000% 	         300
insert size avg: 	  180.92


Read 1 data:      	pct reads	num reads 	pct bases	   num bases

mapped:          	  0.0800% 	    18440 	  0.0696% 	     2367348
unambiguous:     	  0.0559% 	    12879 	  0.0486% 	     1650899
ambiguous:       	  0.0241% 	     5561 	  0.0211% 	      716449
low-Q discards:  	  0.0000% 	        0 	  0.0000% 	           0

perfect best site:	  0.0004% 	       92 	  0.0003% 	       11644
semiperfect site:	  0.0007% 	      151 	  0.0006% 	       18970
rescued:         	  0.0129% 	     2967

Match Rate:      	      NA 	       NA 	 83.2116% 	     1979986
Error Rate:      	 54.2130% 	    18337 	 16.7045% 	      397476
Sub Rate:        	 54.0770% 	    18291 	 14.8235% 	      352718
Del Rate:        	  4.5973% 	     1555 	  0.5089% 	       12110
Ins Rate:        	  8.9611% 	     3031 	  1.3721% 	       32648
N Rate:          	  0.3932% 	      133 	  0.0839% 	        1996


Read 2 data:      	pct reads	num reads 	pct bases	   num bases

mapped:          	  0.0800% 	    18432 	  0.0695% 	     2363008
unambiguous:     	  0.0560% 	    12909 	  0.0487% 	     1654282
ambiguous:       	  0.0240% 	     5523 	  0.0208% 	      708726
low-Q discards:  	  0.0000% 	        0 	  0.0000% 	           0

perfect best site:	  0.0002% 	       55 	  0.0002% 	        5685
semiperfect site:	  0.0004% 	       86 	  0.0003% 	        9223
rescued:         	  0.0133% 	     3069

Match Rate:      	      NA 	       NA 	 83.2578% 	     1976842
Error Rate:      	 55.3690% 	    18372 	 16.6494% 	      395317
Sub Rate:        	 55.2937% 	    18347 	 14.8377% 	      352301
Del Rate:        	  4.9607% 	     1646 	  0.4782% 	       11354
Ins Rate:        	  9.1438% 	     3034 	  1.3335% 	       31662
N Rate:          	  0.3677% 	      122 	  0.0928% 	        2203

Total time:     	4982.395 seconds.
