java -ea -Xmx15g -Xms15g -cp /home/gt156213e/anaconda3/envs/biotools/opt/bbmap-38.79-0/current/ align2.BBSplitter ow=t fastareadlen=500 minhits=1 minratio=0.56 maxindel=20 qtrim=rl untrim=t trimq=6 -Xmx15g t=1 in1=/mnt/beegfs/gt156213e/murinae-seq/01-Assembly-data/01-Fastp/Crunomys-melanius/hiseq4000-paired-1/REC5_CKDL190143343-1a-DY0088-AK1544_H7275BBXX_L2_R1_.fastp.fastq.gz in2=/mnt/beegfs/gt156213e/murinae-seq/01-Assembly-data/01-Fastp/Crunomys-melanius/hiseq4000-paired-1/REC5_CKDL190143343-1a-DY0088-AK1544_H7275BBXX_L2_R2_.fastp.fastq.gz ref=/mnt/beegfs/gt156213e/murinae-seq/01-Assembly-data/Contamination_Genomes path=/mnt/beegfs/gt156213e/murinae-seq/01-Assembly-data/Contamination_Genomes minid=0.99 outu1=/mnt/beegfs/gt156213e/murinae-seq/01-Assembly-data/02-Decon/Crunomys-melanius/hiseq4000-paired-1/REC5_CKDL190143343-1a-DY0088-AK1544_H7275BBXX_L2_R1_.fastp.decon.fastq.gz outu2=/mnt/beegfs/gt156213e/murinae-seq/01-Assembly-data/02-Decon/Crunomys-melanius/hiseq4000-paired-1/REC5_CKDL190143343-1a-DY0088-AK1544_H7275BBXX_L2_R2_.fastp.decon.fastq.gz
Executing align2.BBSplitter [ow=t, fastareadlen=500, minhits=1, minratio=0.56, maxindel=20, qtrim=rl, untrim=t, trimq=6, -Xmx15g, t=1, in1=/mnt/beegfs/gt156213e/murinae-seq/01-Assembly-data/01-Fastp/Crunomys-melanius/hiseq4000-paired-1/REC5_CKDL190143343-1a-DY0088-AK1544_H7275BBXX_L2_R1_.fastp.fastq.gz, in2=/mnt/beegfs/gt156213e/murinae-seq/01-Assembly-data/01-Fastp/Crunomys-melanius/hiseq4000-paired-1/REC5_CKDL190143343-1a-DY0088-AK1544_H7275BBXX_L2_R2_.fastp.fastq.gz, ref=/mnt/beegfs/gt156213e/murinae-seq/01-Assembly-data/Contamination_Genomes, path=/mnt/beegfs/gt156213e/murinae-seq/01-Assembly-data/Contamination_Genomes, minid=0.99, outu1=/mnt/beegfs/gt156213e/murinae-seq/01-Assembly-data/02-Decon/Crunomys-melanius/hiseq4000-paired-1/REC5_CKDL190143343-1a-DY0088-AK1544_H7275BBXX_L2_R1_.fastp.decon.fastq.gz, outu2=/mnt/beegfs/gt156213e/murinae-seq/01-Assembly-data/02-Decon/Crunomys-melanius/hiseq4000-paired-1/REC5_CKDL190143343-1a-DY0088-AK1544_H7275BBXX_L2_R2_.fastp.decon.fastq.gz]

Converted arguments to [ow=t, fastareadlen=500, minhits=1, minratio=0.56, maxindel=20, qtrim=rl, untrim=t, trimq=6, t=1, in1=/mnt/beegfs/gt156213e/murinae-seq/01-Assembly-data/01-Fastp/Crunomys-melanius/hiseq4000-paired-1/REC5_CKDL190143343-1a-DY0088-AK1544_H7275BBXX_L2_R1_.fastp.fastq.gz, in2=/mnt/beegfs/gt156213e/murinae-seq/01-Assembly-data/01-Fastp/Crunomys-melanius/hiseq4000-paired-1/REC5_CKDL190143343-1a-DY0088-AK1544_H7275BBXX_L2_R2_.fastp.fastq.gz, path=/mnt/beegfs/gt156213e/murinae-seq/01-Assembly-data/Contamination_Genomes, minid=0.99, outu1=/mnt/beegfs/gt156213e/murinae-seq/01-Assembly-data/02-Decon/Crunomys-melanius/hiseq4000-paired-1/REC5_CKDL190143343-1a-DY0088-AK1544_H7275BBXX_L2_R1_.fastp.decon.fastq.gz, outu2=/mnt/beegfs/gt156213e/murinae-seq/01-Assembly-data/02-Decon/Crunomys-melanius/hiseq4000-paired-1/REC5_CKDL190143343-1a-DY0088-AK1544_H7275BBXX_L2_R2_.fastp.decon.fastq.gz, ref_Alcaligenes=/mnt/beegfs/gt156213e/murinae-seq/01-Assembly-data/Contamination_Genomes/Alcaligenes.fa, ref_Novosphingobium=/mnt/beegfs/gt156213e/murinae-seq/01-Assembly-data/Contamination_Genomes/Novosphingobium.fa, ref_Flavobacterium=/mnt/beegfs/gt156213e/murinae-seq/01-Assembly-data/Contamination_Genomes/Flavobacterium.fa, ref_Ochrobactrum=/mnt/beegfs/gt156213e/murinae-seq/01-Assembly-data/Contamination_Genomes/Ochrobactrum.fa, ref_Saccharomyces=/mnt/beegfs/gt156213e/murinae-seq/01-Assembly-data/Contamination_Genomes/Saccharomyces.fa, ref_Scerevisiae=/mnt/beegfs/gt156213e/murinae-seq/01-Assembly-data/Contamination_Genomes/Scerevisiae.fa, ref_UniVec=/mnt/beegfs/gt156213e/murinae-seq/01-Assembly-data/Contamination_Genomes/UniVec.fa, ref_Drosophila_melanogaster=/mnt/beegfs/gt156213e/murinae-seq/01-Assembly-data/Contamination_Genomes/Drosophila_melanogaster.fa, ref_Stenotrophomonas=/mnt/beegfs/gt156213e/murinae-seq/01-Assembly-data/Contamination_Genomes/Stenotrophomonas.fa, ref_Pseudonocardia=/mnt/beegfs/gt156213e/murinae-seq/01-Assembly-data/Contamination_Genomes/Pseudonocardia.fa, ref_Staphylococcus=/mnt/beegfs/gt156213e/murinae-seq/01-Assembly-data/Contamination_Genomes/Staphylococcus.fa, ref_Malassezia=/mnt/beegfs/gt156213e/murinae-seq/01-Assembly-data/Contamination_Genomes/Malassezia.fa, ref_Leifsonia=/mnt/beegfs/gt156213e/murinae-seq/01-Assembly-data/Contamination_Genomes/Leifsonia.fa, ref_Achromobacter=/mnt/beegfs/gt156213e/murinae-seq/01-Assembly-data/Contamination_Genomes/Achromobacter.fa, ref_Herbaspirillum=/mnt/beegfs/gt156213e/murinae-seq/01-Assembly-data/Contamination_Genomes/Herbaspirillum.fa, ref_Mesorhizobium=/mnt/beegfs/gt156213e/murinae-seq/01-Assembly-data/Contamination_Genomes/Mesorhizobium.fa, ref_Pedobacter=/mnt/beegfs/gt156213e/murinae-seq/01-Assembly-data/Contamination_Genomes/Pedobacter.fa, ref_Burkholderia=/mnt/beegfs/gt156213e/murinae-seq/01-Assembly-data/Contamination_Genomes/Burkholderia.fa, ref_Moraxella=/mnt/beegfs/gt156213e/murinae-seq/01-Assembly-data/Contamination_Genomes/Moraxella.fa, ref_Acinetobacter=/mnt/beegfs/gt156213e/murinae-seq/01-Assembly-data/Contamination_Genomes/Acinetobacter.fa, ref_Brevundimonas=/mnt/beegfs/gt156213e/murinae-seq/01-Assembly-data/Contamination_Genomes/Brevundimonas.fa, ref_Puccinia=/mnt/beegfs/gt156213e/murinae-seq/01-Assembly-data/Contamination_Genomes/Puccinia.fa, ref_Rhodococcus=/mnt/beegfs/gt156213e/murinae-seq/01-Assembly-data/Contamination_Genomes/Rhodococcus.fa, ref_Methylobacterium=/mnt/beegfs/gt156213e/murinae-seq/01-Assembly-data/Contamination_Genomes/Methylobacterium.fa, ref_Aminobacter=/mnt/beegfs/gt156213e/murinae-seq/01-Assembly-data/Contamination_Genomes/Aminobacter.fa, ref_Schizosaccharomyces=/mnt/beegfs/gt156213e/murinae-seq/01-Assembly-data/Contamination_Genomes/Schizosaccharomyces.fa, ref_Legionella=/mnt/beegfs/gt156213e/murinae-seq/01-Assembly-data/Contamination_Genomes/Legionella.fa, ref_Curvibacter=/mnt/beegfs/gt156213e/murinae-seq/01-Assembly-data/Contamination_Genomes/Curvibacter.fa, ref_Mycoplasma=/mnt/beegfs/gt156213e/murinae-seq/01-Assembly-data/Contamination_Genomes/Mycoplasma.fa, ref_Magnaporthe=/mnt/beegfs/gt156213e/murinae-seq/01-Assembly-data/Contamination_Genomes/Magnaporthe.fa, ref_Caenorhabditis=/mnt/beegfs/gt156213e/murinae-seq/01-Assembly-data/Contamination_Genomes/Caenorhabditis.fa, ref_Sphingomonas=/mnt/beegfs/gt156213e/murinae-seq/01-Assembly-data/Contamination_Genomes/Sphingomonas.fa, ref_Pseudomonas=/mnt/beegfs/gt156213e/murinae-seq/01-Assembly-data/Contamination_Genomes/Pseudomonas.fa, ref_Salmonella=/mnt/beegfs/gt156213e/murinae-seq/01-Assembly-data/Contamination_Genomes/Salmonella.fa, ref_Helcococcus=/mnt/beegfs/gt156213e/murinae-seq/01-Assembly-data/Contamination_Genomes/Helcococcus.fa, ref_Afipia=/mnt/beegfs/gt156213e/murinae-seq/01-Assembly-data/Contamination_Genomes/Afipia.fa, ref_Agrobacterium=/mnt/beegfs/gt156213e/murinae-seq/01-Assembly-data/Contamination_Genomes/Agrobacterium.fa, ref_Phyllobacterium=/mnt/beegfs/gt156213e/murinae-seq/01-Assembly-data/Contamination_Genomes/Phyllobacterium.fa, ref_Penicillium=/mnt/beegfs/gt156213e/murinae-seq/01-Assembly-data/Contamination_Genomes/Penicillium.fa, ref_Corynebacterium=/mnt/beegfs/gt156213e/murinae-seq/01-Assembly-data/Contamination_Genomes/Corynebacterium.fa, ref_Ecoli=/mnt/beegfs/gt156213e/murinae-seq/01-Assembly-data/Contamination_Genomes/Ecoli.fa, ref_Bradyrhizobium=/mnt/beegfs/gt156213e/murinae-seq/01-Assembly-data/Contamination_Genomes/Bradyrhizobium.fa, ref_Aspergillus=/mnt/beegfs/gt156213e/murinae-seq/01-Assembly-data/Contamination_Genomes/Aspergillus.fa, ref_Ralstonia=/mnt/beegfs/gt156213e/murinae-seq/01-Assembly-data/Contamination_Genomes/Ralstonia.fa, ref_Haemophilus=/mnt/beegfs/gt156213e/murinae-seq/01-Assembly-data/Contamination_Genomes/Haemophilus.fa, ref_Microbacterium=/mnt/beegfs/gt156213e/murinae-seq/01-Assembly-data/Contamination_Genomes/Microbacterium.fa, ref_Acidaminococcus=/mnt/beegfs/gt156213e/murinae-seq/01-Assembly-data/Contamination_Genomes/Acidaminococcus.fa]
Merged reference file /mnt/beegfs/gt156213e/murinae-seq/01-Assembly-data/Contamination_Genomes/ref/genome/1/merged_ref_5759390567066404624.fa.gz already exists; skipping merge.
Ref merge time:     	0.110 seconds.
Executing align2.BBMap [ow=t, fastareadlen=500, minhits=1, minratio=0.56, maxindel=20, qtrim=rl, untrim=t, trimq=6, t=1, in1=/mnt/beegfs/gt156213e/murinae-seq/01-Assembly-data/01-Fastp/Crunomys-melanius/hiseq4000-paired-1/REC5_CKDL190143343-1a-DY0088-AK1544_H7275BBXX_L2_R1_.fastp.fastq.gz, in2=/mnt/beegfs/gt156213e/murinae-seq/01-Assembly-data/01-Fastp/Crunomys-melanius/hiseq4000-paired-1/REC5_CKDL190143343-1a-DY0088-AK1544_H7275BBXX_L2_R2_.fastp.fastq.gz, minid=0.99, outu1=/mnt/beegfs/gt156213e/murinae-seq/01-Assembly-data/02-Decon/Crunomys-melanius/hiseq4000-paired-1/REC5_CKDL190143343-1a-DY0088-AK1544_H7275BBXX_L2_R1_.fastp.decon.fastq.gz, outu2=/mnt/beegfs/gt156213e/murinae-seq/01-Assembly-data/02-Decon/Crunomys-melanius/hiseq4000-paired-1/REC5_CKDL190143343-1a-DY0088-AK1544_H7275BBXX_L2_R2_.fastp.decon.fastq.gz, ref=/mnt/beegfs/gt156213e/murinae-seq/01-Assembly-data/Contamination_Genomes/ref/genome/1/merged_ref_5759390567066404624.fa.gz]
Version 38.79

Set MINIMUM_ALIGNMENT_SCORE_RATIO to 0.560
Set threads to 1
Retaining first best site only for ambiguous mappings.
NOTE:	Ignoring reference file because it already appears to have been processed.
NOTE:	If you wish to regenerate the index, please manually delete /mnt/beegfs/gt156213e/murinae-seq/01-Assembly-data/Contamination_Genomes/ref/genome/1/summary.txt
Set genome to 1

Loaded Reference:	9.069 seconds.
Loading index for chunk 1-2, build 1
Generated Index:	74.321 seconds.
Analyzed Index:   	7.477 seconds.
Started output stream:	0.071 seconds.
Cleared Memory:    	0.672 seconds.
Processing reads in paired-ended mode.
Started read stream.
Started 1 mapping thread.
Detecting finished threads: 0

   ------------------   Results   ------------------   

Genome:                	1
Key Length:            	13
Max Indel:             	20
Minimum Score Ratio:  	0.56
Mapping Mode:         	normal
Reads Used:           	31969260	(4722674197 bases)

Mapping:          	4260.012 seconds.
Reads/sec:       	7504.50
kBases/sec:      	1108.61


Pairing data:   	pct pairs	num pairs 	pct bases	   num bases

mated pairs:     	  0.1563% 	    24989 	  0.1300% 	     6138620
bad pairs:       	  0.0000% 	        1 	  0.0000% 	          68
insert size avg: 	  200.86


Read 1 data:      	pct reads	num reads 	pct bases	   num bases

mapped:          	  0.1564% 	    25005 	  0.1300% 	     3070555
unambiguous:     	  0.0882% 	    14102 	  0.0699% 	     1650150
ambiguous:       	  0.0682% 	    10903 	  0.0602% 	     1420405
low-Q discards:  	  0.0000% 	        0 	  0.0000% 	           0

perfect best site:	  0.0005% 	       82 	  0.0003% 	        6707
semiperfect site:	  0.0006% 	       88 	  0.0003% 	        7237
rescued:         	  0.0292% 	     4671

Match Rate:      	      NA 	       NA 	 82.9141% 	     2555589
Error Rate:      	 48.9808% 	    24918 	 17.0471% 	      525427
Sub Rate:        	 48.8963% 	    24875 	 14.5650% 	      448925
Del Rate:        	  4.9044% 	     2495 	  0.3783% 	       11659
Ins Rate:        	 14.1332% 	     7190 	  2.1038% 	       64843
N Rate:          	  0.2378% 	      121 	  0.0389% 	        1198


Read 2 data:      	pct reads	num reads 	pct bases	   num bases

mapped:          	  0.1564% 	    24997 	  0.1299% 	     3067615
unambiguous:     	  0.0876% 	    14006 	  0.0694% 	     1639681
ambiguous:       	  0.0688% 	    10991 	  0.0605% 	     1427934
low-Q discards:  	  0.0000% 	        0 	  0.0000% 	           0

perfect best site:	  0.0004% 	       64 	  0.0002% 	        4418
semiperfect site:	  0.0005% 	       77 	  0.0002% 	        5638
rescued:         	  0.0336% 	     5376

Match Rate:      	      NA 	       NA 	 82.8568% 	     2551494
Error Rate:      	 50.0602% 	    24929 	 17.1044% 	      526712
Sub Rate:        	 49.9819% 	    24890 	 14.6677% 	      451679
Del Rate:        	  5.3175% 	     2648 	  0.3828% 	       11788
Ins Rate:        	 14.7175% 	     7329 	  2.0538% 	       63245
N Rate:          	  0.2109% 	      105 	  0.0389% 	        1197

Total time:     	4351.713 seconds.
