java -ea -Xmx10g -Xms10g -cp /home/gregg_thomas/bin/bbmap/current/ align2.BBSplitter ow=t fastareadlen=500 minhits=1 minratio=0.56 maxindel=20 qtrim=rl untrim=t trimq=6 -Xmx10g t=1 in1=/scratch/gregg_thomas/Murinae-seq/01-Fastp/Echiothrix-centrosa/nextseq-paired-1/Z27993_S19_R1_001.fastp.fastq.gz in2=/scratch/gregg_thomas/Murinae-seq/01-Fastp/Echiothrix-centrosa/nextseq-paired-1/Z27993_S19_R2_001.fastp.fastq.gz ref=/scratch/gregg_thomas/Murinae-seq/Contamination_Genomes/ path=/scratch/gregg_thomas/Murinae-seq/Contamination_Genomes/ minid=0.95 outu1=/scratch/gregg_thomas/Murinae-seq/02-Decon/Echiothrix-centrosa/nextseq-paired-1/Z27993_S19_R1_001.fastp.decon.fastq.gz outu2=/scratch/gregg_thomas/Murinae-seq/02-Decon/Echiothrix-centrosa/nextseq-paired-1/Z27993_S19_R2_001.fastp.decon.fastq.gz
Executing align2.BBSplitter [ow=t, fastareadlen=500, minhits=1, minratio=0.56, maxindel=20, qtrim=rl, untrim=t, trimq=6, -Xmx10g, t=1, in1=/scratch/gregg_thomas/Murinae-seq/01-Fastp/Echiothrix-centrosa/nextseq-paired-1/Z27993_S19_R1_001.fastp.fastq.gz, in2=/scratch/gregg_thomas/Murinae-seq/01-Fastp/Echiothrix-centrosa/nextseq-paired-1/Z27993_S19_R2_001.fastp.fastq.gz, ref=/scratch/gregg_thomas/Murinae-seq/Contamination_Genomes/, path=/scratch/gregg_thomas/Murinae-seq/Contamination_Genomes/, minid=0.95, outu1=/scratch/gregg_thomas/Murinae-seq/02-Decon/Echiothrix-centrosa/nextseq-paired-1/Z27993_S19_R1_001.fastp.decon.fastq.gz, outu2=/scratch/gregg_thomas/Murinae-seq/02-Decon/Echiothrix-centrosa/nextseq-paired-1/Z27993_S19_R2_001.fastp.decon.fastq.gz]

Converted arguments to [ow=t, fastareadlen=500, minhits=1, minratio=0.56, maxindel=20, qtrim=rl, untrim=t, trimq=6, t=1, in1=/scratch/gregg_thomas/Murinae-seq/01-Fastp/Echiothrix-centrosa/nextseq-paired-1/Z27993_S19_R1_001.fastp.fastq.gz, in2=/scratch/gregg_thomas/Murinae-seq/01-Fastp/Echiothrix-centrosa/nextseq-paired-1/Z27993_S19_R2_001.fastp.fastq.gz, path=/scratch/gregg_thomas/Murinae-seq/Contamination_Genomes/, minid=0.95, outu1=/scratch/gregg_thomas/Murinae-seq/02-Decon/Echiothrix-centrosa/nextseq-paired-1/Z27993_S19_R1_001.fastp.decon.fastq.gz, outu2=/scratch/gregg_thomas/Murinae-seq/02-Decon/Echiothrix-centrosa/nextseq-paired-1/Z27993_S19_R2_001.fastp.decon.fastq.gz, ref_Alcaligenes=/scratch/gregg_thomas/Murinae-seq/Contamination_Genomes/Alcaligenes.fa, ref_Novosphingobium=/scratch/gregg_thomas/Murinae-seq/Contamination_Genomes/Novosphingobium.fa, ref_Flavobacterium=/scratch/gregg_thomas/Murinae-seq/Contamination_Genomes/Flavobacterium.fa, ref_Ochrobactrum=/scratch/gregg_thomas/Murinae-seq/Contamination_Genomes/Ochrobactrum.fa, ref_Saccharomyces=/scratch/gregg_thomas/Murinae-seq/Contamination_Genomes/Saccharomyces.fa, ref_Scerevisiae=/scratch/gregg_thomas/Murinae-seq/Contamination_Genomes/Scerevisiae.fa, ref_UniVec=/scratch/gregg_thomas/Murinae-seq/Contamination_Genomes/UniVec.fa, ref_Drosophila_melanogaster=/scratch/gregg_thomas/Murinae-seq/Contamination_Genomes/Drosophila_melanogaster.fa, ref_Stenotrophomonas=/scratch/gregg_thomas/Murinae-seq/Contamination_Genomes/Stenotrophomonas.fa, ref_Pseudonocardia=/scratch/gregg_thomas/Murinae-seq/Contamination_Genomes/Pseudonocardia.fa, ref_Staphylococcus=/scratch/gregg_thomas/Murinae-seq/Contamination_Genomes/Staphylococcus.fa, ref_Malassezia=/scratch/gregg_thomas/Murinae-seq/Contamination_Genomes/Malassezia.fa, ref_Leifsonia=/scratch/gregg_thomas/Murinae-seq/Contamination_Genomes/Leifsonia.fa, ref_Achromobacter=/scratch/gregg_thomas/Murinae-seq/Contamination_Genomes/Achromobacter.fa, ref_Herbaspirillum=/scratch/gregg_thomas/Murinae-seq/Contamination_Genomes/Herbaspirillum.fa, ref_Mesorhizobium=/scratch/gregg_thomas/Murinae-seq/Contamination_Genomes/Mesorhizobium.fa, ref_Pedobacter=/scratch/gregg_thomas/Murinae-seq/Contamination_Genomes/Pedobacter.fa, ref_Burkholderia=/scratch/gregg_thomas/Murinae-seq/Contamination_Genomes/Burkholderia.fa, ref_Moraxella=/scratch/gregg_thomas/Murinae-seq/Contamination_Genomes/Moraxella.fa, ref_Acinetobacter=/scratch/gregg_thomas/Murinae-seq/Contamination_Genomes/Acinetobacter.fa, ref_Brevundimonas=/scratch/gregg_thomas/Murinae-seq/Contamination_Genomes/Brevundimonas.fa, ref_Puccinia=/scratch/gregg_thomas/Murinae-seq/Contamination_Genomes/Puccinia.fa, ref_Rhodococcus=/scratch/gregg_thomas/Murinae-seq/Contamination_Genomes/Rhodococcus.fa, ref_Methylobacterium=/scratch/gregg_thomas/Murinae-seq/Contamination_Genomes/Methylobacterium.fa, ref_Aminobacter=/scratch/gregg_thomas/Murinae-seq/Contamination_Genomes/Aminobacter.fa, ref_Schizosaccharomyces=/scratch/gregg_thomas/Murinae-seq/Contamination_Genomes/Schizosaccharomyces.fa, ref_Legionella=/scratch/gregg_thomas/Murinae-seq/Contamination_Genomes/Legionella.fa, ref_Curvibacter=/scratch/gregg_thomas/Murinae-seq/Contamination_Genomes/Curvibacter.fa, ref_Mycoplasma=/scratch/gregg_thomas/Murinae-seq/Contamination_Genomes/Mycoplasma.fa, ref_Magnaporthe=/scratch/gregg_thomas/Murinae-seq/Contamination_Genomes/Magnaporthe.fa, ref_Caenorhabditis=/scratch/gregg_thomas/Murinae-seq/Contamination_Genomes/Caenorhabditis.fa, ref_Sphingomonas=/scratch/gregg_thomas/Murinae-seq/Contamination_Genomes/Sphingomonas.fa, ref_Pseudomonas=/scratch/gregg_thomas/Murinae-seq/Contamination_Genomes/Pseudomonas.fa, ref_Salmonella=/scratch/gregg_thomas/Murinae-seq/Contamination_Genomes/Salmonella.fa, ref_Helcococcus=/scratch/gregg_thomas/Murinae-seq/Contamination_Genomes/Helcococcus.fa, ref_Afipia=/scratch/gregg_thomas/Murinae-seq/Contamination_Genomes/Afipia.fa, ref_Agrobacterium=/scratch/gregg_thomas/Murinae-seq/Contamination_Genomes/Agrobacterium.fa, ref_Phyllobacterium=/scratch/gregg_thomas/Murinae-seq/Contamination_Genomes/Phyllobacterium.fa, ref_Penicillium=/scratch/gregg_thomas/Murinae-seq/Contamination_Genomes/Penicillium.fa, ref_Corynebacterium=/scratch/gregg_thomas/Murinae-seq/Contamination_Genomes/Corynebacterium.fa, ref_Ecoli=/scratch/gregg_thomas/Murinae-seq/Contamination_Genomes/Ecoli.fa, ref_Bradyrhizobium=/scratch/gregg_thomas/Murinae-seq/Contamination_Genomes/Bradyrhizobium.fa, ref_Aspergillus=/scratch/gregg_thomas/Murinae-seq/Contamination_Genomes/Aspergillus.fa, ref_Ralstonia=/scratch/gregg_thomas/Murinae-seq/Contamination_Genomes/Ralstonia.fa, ref_Haemophilus=/scratch/gregg_thomas/Murinae-seq/Contamination_Genomes/Haemophilus.fa, ref_Microbacterium=/scratch/gregg_thomas/Murinae-seq/Contamination_Genomes/Microbacterium.fa, ref_Acidaminococcus=/scratch/gregg_thomas/Murinae-seq/Contamination_Genomes/Acidaminococcus.fa]
Merged reference file /scratch/gregg_thomas/Murinae-seq/Contamination_Genomes/ref/genome/1/merged_ref_5759390567066404624.fa.gz already exists; skipping merge.
Ref merge time:     	0.243 seconds.
Executing align2.BBMap [ow=t, fastareadlen=500, minhits=1, minratio=0.56, maxindel=20, qtrim=rl, untrim=t, trimq=6, t=1, in1=/scratch/gregg_thomas/Murinae-seq/01-Fastp/Echiothrix-centrosa/nextseq-paired-1/Z27993_S19_R1_001.fastp.fastq.gz, in2=/scratch/gregg_thomas/Murinae-seq/01-Fastp/Echiothrix-centrosa/nextseq-paired-1/Z27993_S19_R2_001.fastp.fastq.gz, minid=0.95, outu1=/scratch/gregg_thomas/Murinae-seq/02-Decon/Echiothrix-centrosa/nextseq-paired-1/Z27993_S19_R1_001.fastp.decon.fastq.gz, outu2=/scratch/gregg_thomas/Murinae-seq/02-Decon/Echiothrix-centrosa/nextseq-paired-1/Z27993_S19_R2_001.fastp.decon.fastq.gz, ref=/scratch/gregg_thomas/Murinae-seq/Contamination_Genomes/ref/genome/1/merged_ref_5759390567066404624.fa.gz]
Version 38.73

Set MINIMUM_ALIGNMENT_SCORE_RATIO to 0.560
Set threads to 1
Retaining first best site only for ambiguous mappings.
NOTE:	Ignoring reference file because it already appears to have been processed.
NOTE:	If you wish to regenerate the index, please manually delete /scratch/gregg_thomas/Murinae-seq/Contamination_Genomes/ref/genome/1/summary.txt
Set genome to 1

Loaded Reference:	10.627 seconds.
Loading index for chunk 1-2, build 1
Generated Index:	43.455 seconds.
Analyzed Index:   	9.115 seconds.
Started output stream:	0.077 seconds.
Cleared Memory:    	9.135 seconds.
Processing reads in paired-ended mode.
Started read stream.
Started 1 mapping thread.
Detecting finished threads: 0

   ------------------   Results   ------------------   

Genome:                	1
Key Length:            	13
Max Indel:             	20
Minimum Score Ratio:  	0.56
Mapping Mode:         	normal
Reads Used:           	12317308	(922723561 bases)

Mapping:          	4503.970 seconds.
Reads/sec:       	2734.77
kBases/sec:      	204.87


Pairing data:   	pct pairs	num pairs 	pct bases	   num bases

mated pairs:     	  0.1114% 	     6860 	  0.0992% 	      915028
bad pairs:       	  0.0007% 	       44 	  0.0006% 	        5598
insert size avg: 	  165.19


Read 1 data:      	pct reads	num reads 	pct bases	   num bases

mapped:          	  0.1190% 	     7329 	  0.1064% 	      490725
unambiguous:     	  0.0712% 	     4382 	  0.0634% 	      292621
ambiguous:       	  0.0479% 	     2947 	  0.0429% 	      198104
low-Q discards:  	  0.0000% 	        0 	  0.0000% 	           0

perfect best site:	  0.0015% 	       93 	  0.0012% 	        5370
semiperfect site:	  0.0019% 	      120 	  0.0014% 	        6378
rescued:         	  0.0341% 	     2103

Match Rate:      	      NA 	       NA 	 85.9470% 	      423460
Error Rate:      	 40.6519% 	     7234 	 14.0088% 	       69021
Sub Rate:        	 40.5844% 	     7222 	 13.2964% 	       65511
Del Rate:        	  3.2593% 	      580 	  0.4007% 	        1974
Ins Rate:        	  3.0570% 	      544 	  0.3118% 	        1536
N Rate:          	  0.1012% 	       18 	  0.0442% 	         218


Read 2 data:      	pct reads	num reads 	pct bases	   num bases

mapped:          	  0.1182% 	     7281 	  0.1055% 	      486765
unambiguous:     	  0.0697% 	     4290 	  0.0621% 	      286380
ambiguous:       	  0.0486% 	     2991 	  0.0434% 	      200385
low-Q discards:  	  0.0000% 	        0 	  0.0000% 	           0

perfect best site:	  0.0013% 	       80 	  0.0009% 	        4178
semiperfect site:	  0.0016% 	      101 	  0.0011% 	        5079
rescued:         	  0.0345% 	     2127

Match Rate:      	      NA 	       NA 	 85.8455% 	      419356
Error Rate:      	 41.4351% 	     7201 	 14.1173% 	       68963
Sub Rate:        	 41.3833% 	     7192 	 13.4423% 	       65666
Del Rate:        	  3.0842% 	      536 	  0.3554% 	        1736
Ins Rate:        	  3.0899% 	      537 	  0.3195% 	        1561
N Rate:          	  0.1093% 	       19 	  0.0373% 	         182

Total time:     	4576.504 seconds.
