java -ea -Xmx10g -Xms10g -cp /home/gregg_thomas/bin/bbmap/current/ align2.BBSplitter ow=t fastareadlen=500 minhits=1 minratio=0.56 maxindel=20 qtrim=rl untrim=t trimq=6 -Xmx10g t=1 in1=/scratch/gregg_thomas/Murinae-seq/01-Fastp/Hybomys-lunaris/hiseq4000-paired-2/SM039_CKDL190143345-1a-D707-AK1680_H7275BBXX_L4_R1_.fastp.fastq.gz in2=/scratch/gregg_thomas/Murinae-seq/01-Fastp/Hybomys-lunaris/hiseq4000-paired-2/SM039_CKDL190143345-1a-D707-AK1680_H7275BBXX_L4_R2_.fastp.fastq.gz ref=/scratch/gregg_thomas/Murinae-seq/Contamination_Genomes/ path=/scratch/gregg_thomas/Murinae-seq/Contamination_Genomes/ minid=0.95 outu1=/scratch/gregg_thomas/Murinae-seq/02-Decon/Hybomys-lunaris/hiseq4000-paired-2/SM039_CKDL190143345-1a-D707-AK1680_H7275BBXX_L4_R1_.fastp.decon.fastq.gz outu2=/scratch/gregg_thomas/Murinae-seq/02-Decon/Hybomys-lunaris/hiseq4000-paired-2/SM039_CKDL190143345-1a-D707-AK1680_H7275BBXX_L4_R2_.fastp.decon.fastq.gz
Executing align2.BBSplitter [ow=t, fastareadlen=500, minhits=1, minratio=0.56, maxindel=20, qtrim=rl, untrim=t, trimq=6, -Xmx10g, t=1, in1=/scratch/gregg_thomas/Murinae-seq/01-Fastp/Hybomys-lunaris/hiseq4000-paired-2/SM039_CKDL190143345-1a-D707-AK1680_H7275BBXX_L4_R1_.fastp.fastq.gz, in2=/scratch/gregg_thomas/Murinae-seq/01-Fastp/Hybomys-lunaris/hiseq4000-paired-2/SM039_CKDL190143345-1a-D707-AK1680_H7275BBXX_L4_R2_.fastp.fastq.gz, ref=/scratch/gregg_thomas/Murinae-seq/Contamination_Genomes/, path=/scratch/gregg_thomas/Murinae-seq/Contamination_Genomes/, minid=0.95, outu1=/scratch/gregg_thomas/Murinae-seq/02-Decon/Hybomys-lunaris/hiseq4000-paired-2/SM039_CKDL190143345-1a-D707-AK1680_H7275BBXX_L4_R1_.fastp.decon.fastq.gz, outu2=/scratch/gregg_thomas/Murinae-seq/02-Decon/Hybomys-lunaris/hiseq4000-paired-2/SM039_CKDL190143345-1a-D707-AK1680_H7275BBXX_L4_R2_.fastp.decon.fastq.gz]

Converted arguments to [ow=t, fastareadlen=500, minhits=1, minratio=0.56, maxindel=20, qtrim=rl, untrim=t, trimq=6, t=1, in1=/scratch/gregg_thomas/Murinae-seq/01-Fastp/Hybomys-lunaris/hiseq4000-paired-2/SM039_CKDL190143345-1a-D707-AK1680_H7275BBXX_L4_R1_.fastp.fastq.gz, in2=/scratch/gregg_thomas/Murinae-seq/01-Fastp/Hybomys-lunaris/hiseq4000-paired-2/SM039_CKDL190143345-1a-D707-AK1680_H7275BBXX_L4_R2_.fastp.fastq.gz, path=/scratch/gregg_thomas/Murinae-seq/Contamination_Genomes/, minid=0.95, outu1=/scratch/gregg_thomas/Murinae-seq/02-Decon/Hybomys-lunaris/hiseq4000-paired-2/SM039_CKDL190143345-1a-D707-AK1680_H7275BBXX_L4_R1_.fastp.decon.fastq.gz, outu2=/scratch/gregg_thomas/Murinae-seq/02-Decon/Hybomys-lunaris/hiseq4000-paired-2/SM039_CKDL190143345-1a-D707-AK1680_H7275BBXX_L4_R2_.fastp.decon.fastq.gz, ref_Alcaligenes=/scratch/gregg_thomas/Murinae-seq/Contamination_Genomes/Alcaligenes.fa, ref_Novosphingobium=/scratch/gregg_thomas/Murinae-seq/Contamination_Genomes/Novosphingobium.fa, ref_Flavobacterium=/scratch/gregg_thomas/Murinae-seq/Contamination_Genomes/Flavobacterium.fa, ref_Ochrobactrum=/scratch/gregg_thomas/Murinae-seq/Contamination_Genomes/Ochrobactrum.fa, ref_Saccharomyces=/scratch/gregg_thomas/Murinae-seq/Contamination_Genomes/Saccharomyces.fa, ref_Scerevisiae=/scratch/gregg_thomas/Murinae-seq/Contamination_Genomes/Scerevisiae.fa, ref_UniVec=/scratch/gregg_thomas/Murinae-seq/Contamination_Genomes/UniVec.fa, ref_Drosophila_melanogaster=/scratch/gregg_thomas/Murinae-seq/Contamination_Genomes/Drosophila_melanogaster.fa, ref_Stenotrophomonas=/scratch/gregg_thomas/Murinae-seq/Contamination_Genomes/Stenotrophomonas.fa, ref_Pseudonocardia=/scratch/gregg_thomas/Murinae-seq/Contamination_Genomes/Pseudonocardia.fa, ref_Staphylococcus=/scratch/gregg_thomas/Murinae-seq/Contamination_Genomes/Staphylococcus.fa, ref_Malassezia=/scratch/gregg_thomas/Murinae-seq/Contamination_Genomes/Malassezia.fa, ref_Leifsonia=/scratch/gregg_thomas/Murinae-seq/Contamination_Genomes/Leifsonia.fa, ref_Achromobacter=/scratch/gregg_thomas/Murinae-seq/Contamination_Genomes/Achromobacter.fa, ref_Herbaspirillum=/scratch/gregg_thomas/Murinae-seq/Contamination_Genomes/Herbaspirillum.fa, ref_Mesorhizobium=/scratch/gregg_thomas/Murinae-seq/Contamination_Genomes/Mesorhizobium.fa, ref_Pedobacter=/scratch/gregg_thomas/Murinae-seq/Contamination_Genomes/Pedobacter.fa, ref_Burkholderia=/scratch/gregg_thomas/Murinae-seq/Contamination_Genomes/Burkholderia.fa, ref_Moraxella=/scratch/gregg_thomas/Murinae-seq/Contamination_Genomes/Moraxella.fa, ref_Acinetobacter=/scratch/gregg_thomas/Murinae-seq/Contamination_Genomes/Acinetobacter.fa, ref_Brevundimonas=/scratch/gregg_thomas/Murinae-seq/Contamination_Genomes/Brevundimonas.fa, ref_Puccinia=/scratch/gregg_thomas/Murinae-seq/Contamination_Genomes/Puccinia.fa, ref_Rhodococcus=/scratch/gregg_thomas/Murinae-seq/Contamination_Genomes/Rhodococcus.fa, ref_Methylobacterium=/scratch/gregg_thomas/Murinae-seq/Contamination_Genomes/Methylobacterium.fa, ref_Aminobacter=/scratch/gregg_thomas/Murinae-seq/Contamination_Genomes/Aminobacter.fa, ref_Schizosaccharomyces=/scratch/gregg_thomas/Murinae-seq/Contamination_Genomes/Schizosaccharomyces.fa, ref_Legionella=/scratch/gregg_thomas/Murinae-seq/Contamination_Genomes/Legionella.fa, ref_Curvibacter=/scratch/gregg_thomas/Murinae-seq/Contamination_Genomes/Curvibacter.fa, ref_Mycoplasma=/scratch/gregg_thomas/Murinae-seq/Contamination_Genomes/Mycoplasma.fa, ref_Magnaporthe=/scratch/gregg_thomas/Murinae-seq/Contamination_Genomes/Magnaporthe.fa, ref_Caenorhabditis=/scratch/gregg_thomas/Murinae-seq/Contamination_Genomes/Caenorhabditis.fa, ref_Sphingomonas=/scratch/gregg_thomas/Murinae-seq/Contamination_Genomes/Sphingomonas.fa, ref_Pseudomonas=/scratch/gregg_thomas/Murinae-seq/Contamination_Genomes/Pseudomonas.fa, ref_Salmonella=/scratch/gregg_thomas/Murinae-seq/Contamination_Genomes/Salmonella.fa, ref_Helcococcus=/scratch/gregg_thomas/Murinae-seq/Contamination_Genomes/Helcococcus.fa, ref_Afipia=/scratch/gregg_thomas/Murinae-seq/Contamination_Genomes/Afipia.fa, ref_Agrobacterium=/scratch/gregg_thomas/Murinae-seq/Contamination_Genomes/Agrobacterium.fa, ref_Phyllobacterium=/scratch/gregg_thomas/Murinae-seq/Contamination_Genomes/Phyllobacterium.fa, ref_Penicillium=/scratch/gregg_thomas/Murinae-seq/Contamination_Genomes/Penicillium.fa, ref_Corynebacterium=/scratch/gregg_thomas/Murinae-seq/Contamination_Genomes/Corynebacterium.fa, ref_Ecoli=/scratch/gregg_thomas/Murinae-seq/Contamination_Genomes/Ecoli.fa, ref_Bradyrhizobium=/scratch/gregg_thomas/Murinae-seq/Contamination_Genomes/Bradyrhizobium.fa, ref_Aspergillus=/scratch/gregg_thomas/Murinae-seq/Contamination_Genomes/Aspergillus.fa, ref_Ralstonia=/scratch/gregg_thomas/Murinae-seq/Contamination_Genomes/Ralstonia.fa, ref_Haemophilus=/scratch/gregg_thomas/Murinae-seq/Contamination_Genomes/Haemophilus.fa, ref_Microbacterium=/scratch/gregg_thomas/Murinae-seq/Contamination_Genomes/Microbacterium.fa, ref_Acidaminococcus=/scratch/gregg_thomas/Murinae-seq/Contamination_Genomes/Acidaminococcus.fa]
Merged reference file /scratch/gregg_thomas/Murinae-seq/Contamination_Genomes/ref/genome/1/merged_ref_5759390567066404624.fa.gz already exists; skipping merge.
Ref merge time:     	0.050 seconds.
Executing align2.BBMap [ow=t, fastareadlen=500, minhits=1, minratio=0.56, maxindel=20, qtrim=rl, untrim=t, trimq=6, t=1, in1=/scratch/gregg_thomas/Murinae-seq/01-Fastp/Hybomys-lunaris/hiseq4000-paired-2/SM039_CKDL190143345-1a-D707-AK1680_H7275BBXX_L4_R1_.fastp.fastq.gz, in2=/scratch/gregg_thomas/Murinae-seq/01-Fastp/Hybomys-lunaris/hiseq4000-paired-2/SM039_CKDL190143345-1a-D707-AK1680_H7275BBXX_L4_R2_.fastp.fastq.gz, minid=0.95, outu1=/scratch/gregg_thomas/Murinae-seq/02-Decon/Hybomys-lunaris/hiseq4000-paired-2/SM039_CKDL190143345-1a-D707-AK1680_H7275BBXX_L4_R1_.fastp.decon.fastq.gz, outu2=/scratch/gregg_thomas/Murinae-seq/02-Decon/Hybomys-lunaris/hiseq4000-paired-2/SM039_CKDL190143345-1a-D707-AK1680_H7275BBXX_L4_R2_.fastp.decon.fastq.gz, ref=/scratch/gregg_thomas/Murinae-seq/Contamination_Genomes/ref/genome/1/merged_ref_5759390567066404624.fa.gz]
Version 38.73

Set MINIMUM_ALIGNMENT_SCORE_RATIO to 0.560
Set threads to 1
Retaining first best site only for ambiguous mappings.
NOTE:	Ignoring reference file because it already appears to have been processed.
NOTE:	If you wish to regenerate the index, please manually delete /scratch/gregg_thomas/Murinae-seq/Contamination_Genomes/ref/genome/1/summary.txt
Set genome to 1

Loaded Reference:	5.182 seconds.
Loading index for chunk 1-2, build 1
Generated Index:	30.385 seconds.
Analyzed Index:   	8.675 seconds.
Started output stream:	0.074 seconds.
Cleared Memory:    	2.382 seconds.
Processing reads in paired-ended mode.
Started read stream.
Started 1 mapping thread.
Detecting finished threads: 0

   ------------------   Results   ------------------   

Genome:                	1
Key Length:            	13
Max Indel:             	20
Minimum Score Ratio:  	0.56
Mapping Mode:         	normal
Reads Used:           	40547540	(5982337646 bases)

Mapping:          	4039.232 seconds.
Reads/sec:       	10038.43
kBases/sec:      	1481.06


Pairing data:   	pct pairs	num pairs 	pct bases	   num bases

mated pairs:     	  0.1319% 	    26739 	  0.1210% 	     7237200
bad pairs:       	  0.0002% 	       33 	  0.0001% 	        6586
insert size avg: 	  203.17


Read 1 data:      	pct reads	num reads 	pct bases	   num bases

mapped:          	  0.1328% 	    26915 	  0.1217% 	     3640934
unambiguous:     	  0.0871% 	    17664 	  0.0805% 	     2407188
ambiguous:       	  0.0456% 	     9251 	  0.0412% 	     1233746
low-Q discards:  	  0.0000% 	        0 	  0.0000% 	           0

perfect best site:	  0.0005% 	       96 	  0.0004% 	       11659
semiperfect site:	  0.0007% 	      133 	  0.0005% 	       16168
rescued:         	  0.0207% 	     4202

Match Rate:      	      NA 	       NA 	 83.7370% 	     3056171
Error Rate:      	 56.3639% 	    26814 	 16.2330% 	      592459
Sub Rate:        	 56.2420% 	    26756 	 14.5996% 	      532844
Del Rate:        	  3.0984% 	     1474 	  0.2409% 	        8791
Ins Rate:        	  9.7282% 	     4628 	  1.3925% 	       50824
N Rate:          	  0.1682% 	       80 	  0.0300% 	        1095


Read 2 data:      	pct reads	num reads 	pct bases	   num bases

mapped:          	  0.1327% 	    26906 	  0.1214% 	     3632297
unambiguous:     	  0.0871% 	    17664 	  0.0805% 	     2406958
ambiguous:       	  0.0456% 	     9242 	  0.0410% 	     1225339
low-Q discards:  	  0.0000% 	        0 	  0.0000% 	           0

perfect best site:	  0.0002% 	       42 	  0.0002% 	        4631
semiperfect site:	  0.0004% 	       81 	  0.0003% 	        8334
rescued:         	  0.0212% 	     4291

Match Rate:      	      NA 	       NA 	 83.6648% 	     3046203
Error Rate:      	 57.6463% 	    26858 	 16.2933% 	      593233
Sub Rate:        	 57.5712% 	    26823 	 14.6368% 	      532920
Del Rate:        	  3.2753% 	     1526 	  0.2380% 	        8665
Ins Rate:        	 10.2015% 	     4753 	  1.4185% 	       51648
N Rate:          	  0.1760% 	       82 	  0.0419% 	        1526

Total time:     	4085.999 seconds.
