java -ea -Xmx15g -Xms15g -cp /home/gt156213e/anaconda3/envs/biotools/opt/bbmap-38.79-0/current/ align2.BBSplitter ow=t fastareadlen=500 minhits=1 minratio=0.56 maxindel=20 qtrim=rl untrim=t trimq=6 -Xmx15g t=1 in1=/mnt/beegfs/gt156213e/murinae-seq/01-Assembly-data/01-Fastp/Mesembriomys-gouldii/seq-run-1/53919_HTVLKBCX2_CTCGATG_S7_L001_R1_001.fastp.fastq.gz in2=/mnt/beegfs/gt156213e/murinae-seq/01-Assembly-data/01-Fastp/Mesembriomys-gouldii/seq-run-1/53919_HTVLKBCX2_CTCGATG_S7_L001_R2_001.fastp.fastq.gz ref=/mnt/beegfs/gt156213e/murinae-seq/01-Assembly-data/Contamination_Genomes path=/mnt/beegfs/gt156213e/murinae-seq/01-Assembly-data/Contamination_Genomes minid=0.99 outu1=/mnt/beegfs/gt156213e/murinae-seq/01-Assembly-data/02-Decon/Mesembriomys-gouldii/seq-run-1/53919_HTVLKBCX2_CTCGATG_S7_L001_R1_001.fastp.decon.fastq.gz outu2=/mnt/beegfs/gt156213e/murinae-seq/01-Assembly-data/02-Decon/Mesembriomys-gouldii/seq-run-1/53919_HTVLKBCX2_CTCGATG_S7_L001_R2_001.fastp.decon.fastq.gz
Executing align2.BBSplitter [ow=t, fastareadlen=500, minhits=1, minratio=0.56, maxindel=20, qtrim=rl, untrim=t, trimq=6, -Xmx15g, t=1, in1=/mnt/beegfs/gt156213e/murinae-seq/01-Assembly-data/01-Fastp/Mesembriomys-gouldii/seq-run-1/53919_HTVLKBCX2_CTCGATG_S7_L001_R1_001.fastp.fastq.gz, in2=/mnt/beegfs/gt156213e/murinae-seq/01-Assembly-data/01-Fastp/Mesembriomys-gouldii/seq-run-1/53919_HTVLKBCX2_CTCGATG_S7_L001_R2_001.fastp.fastq.gz, ref=/mnt/beegfs/gt156213e/murinae-seq/01-Assembly-data/Contamination_Genomes, path=/mnt/beegfs/gt156213e/murinae-seq/01-Assembly-data/Contamination_Genomes, minid=0.99, outu1=/mnt/beegfs/gt156213e/murinae-seq/01-Assembly-data/02-Decon/Mesembriomys-gouldii/seq-run-1/53919_HTVLKBCX2_CTCGATG_S7_L001_R1_001.fastp.decon.fastq.gz, outu2=/mnt/beegfs/gt156213e/murinae-seq/01-Assembly-data/02-Decon/Mesembriomys-gouldii/seq-run-1/53919_HTVLKBCX2_CTCGATG_S7_L001_R2_001.fastp.decon.fastq.gz]

Converted arguments to [ow=t, fastareadlen=500, minhits=1, minratio=0.56, maxindel=20, qtrim=rl, untrim=t, trimq=6, t=1, in1=/mnt/beegfs/gt156213e/murinae-seq/01-Assembly-data/01-Fastp/Mesembriomys-gouldii/seq-run-1/53919_HTVLKBCX2_CTCGATG_S7_L001_R1_001.fastp.fastq.gz, in2=/mnt/beegfs/gt156213e/murinae-seq/01-Assembly-data/01-Fastp/Mesembriomys-gouldii/seq-run-1/53919_HTVLKBCX2_CTCGATG_S7_L001_R2_001.fastp.fastq.gz, path=/mnt/beegfs/gt156213e/murinae-seq/01-Assembly-data/Contamination_Genomes, minid=0.99, outu1=/mnt/beegfs/gt156213e/murinae-seq/01-Assembly-data/02-Decon/Mesembriomys-gouldii/seq-run-1/53919_HTVLKBCX2_CTCGATG_S7_L001_R1_001.fastp.decon.fastq.gz, outu2=/mnt/beegfs/gt156213e/murinae-seq/01-Assembly-data/02-Decon/Mesembriomys-gouldii/seq-run-1/53919_HTVLKBCX2_CTCGATG_S7_L001_R2_001.fastp.decon.fastq.gz, ref_Alcaligenes=/mnt/beegfs/gt156213e/murinae-seq/01-Assembly-data/Contamination_Genomes/Alcaligenes.fa, ref_Novosphingobium=/mnt/beegfs/gt156213e/murinae-seq/01-Assembly-data/Contamination_Genomes/Novosphingobium.fa, ref_Flavobacterium=/mnt/beegfs/gt156213e/murinae-seq/01-Assembly-data/Contamination_Genomes/Flavobacterium.fa, ref_Ochrobactrum=/mnt/beegfs/gt156213e/murinae-seq/01-Assembly-data/Contamination_Genomes/Ochrobactrum.fa, ref_Saccharomyces=/mnt/beegfs/gt156213e/murinae-seq/01-Assembly-data/Contamination_Genomes/Saccharomyces.fa, ref_Scerevisiae=/mnt/beegfs/gt156213e/murinae-seq/01-Assembly-data/Contamination_Genomes/Scerevisiae.fa, ref_UniVec=/mnt/beegfs/gt156213e/murinae-seq/01-Assembly-data/Contamination_Genomes/UniVec.fa, ref_Drosophila_melanogaster=/mnt/beegfs/gt156213e/murinae-seq/01-Assembly-data/Contamination_Genomes/Drosophila_melanogaster.fa, ref_Stenotrophomonas=/mnt/beegfs/gt156213e/murinae-seq/01-Assembly-data/Contamination_Genomes/Stenotrophomonas.fa, ref_Pseudonocardia=/mnt/beegfs/gt156213e/murinae-seq/01-Assembly-data/Contamination_Genomes/Pseudonocardia.fa, ref_Staphylococcus=/mnt/beegfs/gt156213e/murinae-seq/01-Assembly-data/Contamination_Genomes/Staphylococcus.fa, ref_Malassezia=/mnt/beegfs/gt156213e/murinae-seq/01-Assembly-data/Contamination_Genomes/Malassezia.fa, ref_Leifsonia=/mnt/beegfs/gt156213e/murinae-seq/01-Assembly-data/Contamination_Genomes/Leifsonia.fa, ref_Achromobacter=/mnt/beegfs/gt156213e/murinae-seq/01-Assembly-data/Contamination_Genomes/Achromobacter.fa, ref_Herbaspirillum=/mnt/beegfs/gt156213e/murinae-seq/01-Assembly-data/Contamination_Genomes/Herbaspirillum.fa, ref_Mesorhizobium=/mnt/beegfs/gt156213e/murinae-seq/01-Assembly-data/Contamination_Genomes/Mesorhizobium.fa, ref_Pedobacter=/mnt/beegfs/gt156213e/murinae-seq/01-Assembly-data/Contamination_Genomes/Pedobacter.fa, ref_Burkholderia=/mnt/beegfs/gt156213e/murinae-seq/01-Assembly-data/Contamination_Genomes/Burkholderia.fa, ref_Moraxella=/mnt/beegfs/gt156213e/murinae-seq/01-Assembly-data/Contamination_Genomes/Moraxella.fa, ref_Acinetobacter=/mnt/beegfs/gt156213e/murinae-seq/01-Assembly-data/Contamination_Genomes/Acinetobacter.fa, ref_Brevundimonas=/mnt/beegfs/gt156213e/murinae-seq/01-Assembly-data/Contamination_Genomes/Brevundimonas.fa, ref_Puccinia=/mnt/beegfs/gt156213e/murinae-seq/01-Assembly-data/Contamination_Genomes/Puccinia.fa, ref_Rhodococcus=/mnt/beegfs/gt156213e/murinae-seq/01-Assembly-data/Contamination_Genomes/Rhodococcus.fa, ref_Methylobacterium=/mnt/beegfs/gt156213e/murinae-seq/01-Assembly-data/Contamination_Genomes/Methylobacterium.fa, ref_Aminobacter=/mnt/beegfs/gt156213e/murinae-seq/01-Assembly-data/Contamination_Genomes/Aminobacter.fa, ref_Schizosaccharomyces=/mnt/beegfs/gt156213e/murinae-seq/01-Assembly-data/Contamination_Genomes/Schizosaccharomyces.fa, ref_Legionella=/mnt/beegfs/gt156213e/murinae-seq/01-Assembly-data/Contamination_Genomes/Legionella.fa, ref_Curvibacter=/mnt/beegfs/gt156213e/murinae-seq/01-Assembly-data/Contamination_Genomes/Curvibacter.fa, ref_Mycoplasma=/mnt/beegfs/gt156213e/murinae-seq/01-Assembly-data/Contamination_Genomes/Mycoplasma.fa, ref_Magnaporthe=/mnt/beegfs/gt156213e/murinae-seq/01-Assembly-data/Contamination_Genomes/Magnaporthe.fa, ref_Caenorhabditis=/mnt/beegfs/gt156213e/murinae-seq/01-Assembly-data/Contamination_Genomes/Caenorhabditis.fa, ref_Sphingomonas=/mnt/beegfs/gt156213e/murinae-seq/01-Assembly-data/Contamination_Genomes/Sphingomonas.fa, ref_Pseudomonas=/mnt/beegfs/gt156213e/murinae-seq/01-Assembly-data/Contamination_Genomes/Pseudomonas.fa, ref_Salmonella=/mnt/beegfs/gt156213e/murinae-seq/01-Assembly-data/Contamination_Genomes/Salmonella.fa, ref_Helcococcus=/mnt/beegfs/gt156213e/murinae-seq/01-Assembly-data/Contamination_Genomes/Helcococcus.fa, ref_Afipia=/mnt/beegfs/gt156213e/murinae-seq/01-Assembly-data/Contamination_Genomes/Afipia.fa, ref_Agrobacterium=/mnt/beegfs/gt156213e/murinae-seq/01-Assembly-data/Contamination_Genomes/Agrobacterium.fa, ref_Phyllobacterium=/mnt/beegfs/gt156213e/murinae-seq/01-Assembly-data/Contamination_Genomes/Phyllobacterium.fa, ref_Penicillium=/mnt/beegfs/gt156213e/murinae-seq/01-Assembly-data/Contamination_Genomes/Penicillium.fa, ref_Corynebacterium=/mnt/beegfs/gt156213e/murinae-seq/01-Assembly-data/Contamination_Genomes/Corynebacterium.fa, ref_Ecoli=/mnt/beegfs/gt156213e/murinae-seq/01-Assembly-data/Contamination_Genomes/Ecoli.fa, ref_Bradyrhizobium=/mnt/beegfs/gt156213e/murinae-seq/01-Assembly-data/Contamination_Genomes/Bradyrhizobium.fa, ref_Aspergillus=/mnt/beegfs/gt156213e/murinae-seq/01-Assembly-data/Contamination_Genomes/Aspergillus.fa, ref_Ralstonia=/mnt/beegfs/gt156213e/murinae-seq/01-Assembly-data/Contamination_Genomes/Ralstonia.fa, ref_Haemophilus=/mnt/beegfs/gt156213e/murinae-seq/01-Assembly-data/Contamination_Genomes/Haemophilus.fa, ref_Microbacterium=/mnt/beegfs/gt156213e/murinae-seq/01-Assembly-data/Contamination_Genomes/Microbacterium.fa, ref_Acidaminococcus=/mnt/beegfs/gt156213e/murinae-seq/01-Assembly-data/Contamination_Genomes/Acidaminococcus.fa]
Merged reference file /mnt/beegfs/gt156213e/murinae-seq/01-Assembly-data/Contamination_Genomes/ref/genome/1/merged_ref_5759390567066404624.fa.gz already exists; skipping merge.
Ref merge time:     	0.132 seconds.
Executing align2.BBMap [ow=t, fastareadlen=500, minhits=1, minratio=0.56, maxindel=20, qtrim=rl, untrim=t, trimq=6, t=1, in1=/mnt/beegfs/gt156213e/murinae-seq/01-Assembly-data/01-Fastp/Mesembriomys-gouldii/seq-run-1/53919_HTVLKBCX2_CTCGATG_S7_L001_R1_001.fastp.fastq.gz, in2=/mnt/beegfs/gt156213e/murinae-seq/01-Assembly-data/01-Fastp/Mesembriomys-gouldii/seq-run-1/53919_HTVLKBCX2_CTCGATG_S7_L001_R2_001.fastp.fastq.gz, minid=0.99, outu1=/mnt/beegfs/gt156213e/murinae-seq/01-Assembly-data/02-Decon/Mesembriomys-gouldii/seq-run-1/53919_HTVLKBCX2_CTCGATG_S7_L001_R1_001.fastp.decon.fastq.gz, outu2=/mnt/beegfs/gt156213e/murinae-seq/01-Assembly-data/02-Decon/Mesembriomys-gouldii/seq-run-1/53919_HTVLKBCX2_CTCGATG_S7_L001_R2_001.fastp.decon.fastq.gz, ref=/mnt/beegfs/gt156213e/murinae-seq/01-Assembly-data/Contamination_Genomes/ref/genome/1/merged_ref_5759390567066404624.fa.gz]
Version 38.79

Set MINIMUM_ALIGNMENT_SCORE_RATIO to 0.560
Set threads to 1
Retaining first best site only for ambiguous mappings.
NOTE:	Ignoring reference file because it already appears to have been processed.
NOTE:	If you wish to regenerate the index, please manually delete /mnt/beegfs/gt156213e/murinae-seq/01-Assembly-data/Contamination_Genomes/ref/genome/1/summary.txt
Set genome to 1

Loaded Reference:	6.634 seconds.
Loading index for chunk 1-2, build 1
Generated Index:	89.132 seconds.
Analyzed Index:   	7.492 seconds.
Started output stream:	0.046 seconds.
Cleared Memory:    	0.671 seconds.
Processing reads in paired-ended mode.
Started read stream.
Started 1 mapping thread.
Detecting finished threads: 0

   ------------------   Results   ------------------   

Genome:                	1
Key Length:            	13
Max Indel:             	20
Minimum Score Ratio:  	0.56
Mapping Mode:         	normal
Reads Used:           	8674436	(872377850 bases)

Mapping:          	1271.610 seconds.
Reads/sec:       	6821.62
kBases/sec:      	686.04


Pairing data:   	pct pairs	num pairs 	pct bases	   num bases

mated pairs:     	  1.4447% 	    62660 	  1.4156% 	    12349672
bad pairs:       	  0.0004% 	       16 	  0.0004% 	        3232
insert size avg: 	  325.52


Read 1 data:      	pct reads	num reads 	pct bases	   num bases

mapped:          	  1.4687% 	    63701 	  1.4396% 	     6279177
unambiguous:     	  0.1590% 	     6895 	  0.1353% 	      590347
ambiguous:       	  1.3097% 	    56806 	  1.3043% 	     5688830
low-Q discards:  	  0.0000% 	        0 	  0.0000% 	           0

perfect best site:	  1.1297% 	    48998 	  1.1329% 	     4941307
semiperfect site:	  1.1307% 	    49039 	  1.1337% 	     4944712
rescued:         	  0.0777% 	     3368

Match Rate:      	      NA 	       NA 	 97.8921% 	     6154067
Error Rate:      	 20.7274% 	    14697 	  2.0851% 	      131079
Sub Rate:        	 20.6456% 	    14639 	  1.8200% 	      114416
Del Rate:        	  2.0562% 	     1458 	  0.1178% 	        7407
Ins Rate:        	  2.8037% 	     1988 	  0.1472% 	        9256
N Rate:          	  0.1636% 	      116 	  0.0229% 	        1438


Read 2 data:      	pct reads	num reads 	pct bases	   num bases

mapped:          	  1.4459% 	    62712 	  1.4167% 	     6179714
unambiguous:     	  0.1590% 	     6896 	  0.1357% 	      591876
ambiguous:       	  1.2869% 	    55816 	  1.2810% 	     5587838
low-Q discards:  	  0.0000% 	        0 	  0.0000% 	           0

perfect best site:	  0.7657% 	    33212 	  0.7678% 	     3348992
semiperfect site:	  0.7671% 	    33269 	  0.7689% 	     3354101
rescued:         	  0.1183% 	     5129

Match Rate:      	      NA 	       NA 	 96.3702% 	     5962941
Error Rate:      	 42.3979% 	    29489 	  3.6052% 	      223074
Sub Rate:        	 42.2972% 	    29419 	  3.3097% 	      204792
Del Rate:        	  2.1121% 	     1469 	  0.1265% 	        7825
Ins Rate:        	  3.0480% 	     2120 	  0.1690% 	       10457
N Rate:          	  0.1941% 	      135 	  0.0246% 	        1524

Total time:     	1375.696 seconds.
