java -ea -Xmx10g -Xms10g -cp /home/gregg_thomas/bin/bbmap/current/ align2.BBSplitter ow=t fastareadlen=500 minhits=1 minratio=0.56 maxindel=20 qtrim=rl untrim=t trimq=6 -Xmx10g t=1 in1=/scratch/gregg_thomas/Murinae-seq/01-Fastp/Mus-cookii/hiseq2000-paired-2/lane1_CCTAGG_L001_R1_002.fastp.fastq.gz in2=/scratch/gregg_thomas/Murinae-seq/01-Fastp/Mus-cookii/hiseq2000-paired-2/lane1_CCTAGG_L001_R2_002.fastp.fastq.gz ref=/scratch/gregg_thomas/Murinae-seq/Contamination_Genomes/ path=/scratch/gregg_thomas/Murinae-seq/Contamination_Genomes/ minid=0.95 outu1=/scratch/gregg_thomas/Murinae-seq/02-Decon/Mus-cookii/hiseq2000-paired-2/lane1_CCTAGG_L001_R1_002.fastp.decon.fastq.gz outu2=/scratch/gregg_thomas/Murinae-seq/02-Decon/Mus-cookii/hiseq2000-paired-2/lane1_CCTAGG_L001_R2_002.fastp.decon.fastq.gz
Executing align2.BBSplitter [ow=t, fastareadlen=500, minhits=1, minratio=0.56, maxindel=20, qtrim=rl, untrim=t, trimq=6, -Xmx10g, t=1, in1=/scratch/gregg_thomas/Murinae-seq/01-Fastp/Mus-cookii/hiseq2000-paired-2/lane1_CCTAGG_L001_R1_002.fastp.fastq.gz, in2=/scratch/gregg_thomas/Murinae-seq/01-Fastp/Mus-cookii/hiseq2000-paired-2/lane1_CCTAGG_L001_R2_002.fastp.fastq.gz, ref=/scratch/gregg_thomas/Murinae-seq/Contamination_Genomes/, path=/scratch/gregg_thomas/Murinae-seq/Contamination_Genomes/, minid=0.95, outu1=/scratch/gregg_thomas/Murinae-seq/02-Decon/Mus-cookii/hiseq2000-paired-2/lane1_CCTAGG_L001_R1_002.fastp.decon.fastq.gz, outu2=/scratch/gregg_thomas/Murinae-seq/02-Decon/Mus-cookii/hiseq2000-paired-2/lane1_CCTAGG_L001_R2_002.fastp.decon.fastq.gz]

Converted arguments to [ow=t, fastareadlen=500, minhits=1, minratio=0.56, maxindel=20, qtrim=rl, untrim=t, trimq=6, t=1, in1=/scratch/gregg_thomas/Murinae-seq/01-Fastp/Mus-cookii/hiseq2000-paired-2/lane1_CCTAGG_L001_R1_002.fastp.fastq.gz, in2=/scratch/gregg_thomas/Murinae-seq/01-Fastp/Mus-cookii/hiseq2000-paired-2/lane1_CCTAGG_L001_R2_002.fastp.fastq.gz, path=/scratch/gregg_thomas/Murinae-seq/Contamination_Genomes/, minid=0.95, outu1=/scratch/gregg_thomas/Murinae-seq/02-Decon/Mus-cookii/hiseq2000-paired-2/lane1_CCTAGG_L001_R1_002.fastp.decon.fastq.gz, outu2=/scratch/gregg_thomas/Murinae-seq/02-Decon/Mus-cookii/hiseq2000-paired-2/lane1_CCTAGG_L001_R2_002.fastp.decon.fastq.gz, ref_Alcaligenes=/scratch/gregg_thomas/Murinae-seq/Contamination_Genomes/Alcaligenes.fa, ref_Novosphingobium=/scratch/gregg_thomas/Murinae-seq/Contamination_Genomes/Novosphingobium.fa, ref_Flavobacterium=/scratch/gregg_thomas/Murinae-seq/Contamination_Genomes/Flavobacterium.fa, ref_Ochrobactrum=/scratch/gregg_thomas/Murinae-seq/Contamination_Genomes/Ochrobactrum.fa, ref_Saccharomyces=/scratch/gregg_thomas/Murinae-seq/Contamination_Genomes/Saccharomyces.fa, ref_Scerevisiae=/scratch/gregg_thomas/Murinae-seq/Contamination_Genomes/Scerevisiae.fa, ref_UniVec=/scratch/gregg_thomas/Murinae-seq/Contamination_Genomes/UniVec.fa, ref_Drosophila_melanogaster=/scratch/gregg_thomas/Murinae-seq/Contamination_Genomes/Drosophila_melanogaster.fa, ref_Stenotrophomonas=/scratch/gregg_thomas/Murinae-seq/Contamination_Genomes/Stenotrophomonas.fa, ref_Pseudonocardia=/scratch/gregg_thomas/Murinae-seq/Contamination_Genomes/Pseudonocardia.fa, ref_Staphylococcus=/scratch/gregg_thomas/Murinae-seq/Contamination_Genomes/Staphylococcus.fa, ref_Malassezia=/scratch/gregg_thomas/Murinae-seq/Contamination_Genomes/Malassezia.fa, ref_Leifsonia=/scratch/gregg_thomas/Murinae-seq/Contamination_Genomes/Leifsonia.fa, ref_Achromobacter=/scratch/gregg_thomas/Murinae-seq/Contamination_Genomes/Achromobacter.fa, ref_Herbaspirillum=/scratch/gregg_thomas/Murinae-seq/Contamination_Genomes/Herbaspirillum.fa, ref_Mesorhizobium=/scratch/gregg_thomas/Murinae-seq/Contamination_Genomes/Mesorhizobium.fa, ref_Pedobacter=/scratch/gregg_thomas/Murinae-seq/Contamination_Genomes/Pedobacter.fa, ref_Burkholderia=/scratch/gregg_thomas/Murinae-seq/Contamination_Genomes/Burkholderia.fa, ref_Moraxella=/scratch/gregg_thomas/Murinae-seq/Contamination_Genomes/Moraxella.fa, ref_Acinetobacter=/scratch/gregg_thomas/Murinae-seq/Contamination_Genomes/Acinetobacter.fa, ref_Brevundimonas=/scratch/gregg_thomas/Murinae-seq/Contamination_Genomes/Brevundimonas.fa, ref_Puccinia=/scratch/gregg_thomas/Murinae-seq/Contamination_Genomes/Puccinia.fa, ref_Rhodococcus=/scratch/gregg_thomas/Murinae-seq/Contamination_Genomes/Rhodococcus.fa, ref_Methylobacterium=/scratch/gregg_thomas/Murinae-seq/Contamination_Genomes/Methylobacterium.fa, ref_Aminobacter=/scratch/gregg_thomas/Murinae-seq/Contamination_Genomes/Aminobacter.fa, ref_Schizosaccharomyces=/scratch/gregg_thomas/Murinae-seq/Contamination_Genomes/Schizosaccharomyces.fa, ref_Legionella=/scratch/gregg_thomas/Murinae-seq/Contamination_Genomes/Legionella.fa, ref_Curvibacter=/scratch/gregg_thomas/Murinae-seq/Contamination_Genomes/Curvibacter.fa, ref_Mycoplasma=/scratch/gregg_thomas/Murinae-seq/Contamination_Genomes/Mycoplasma.fa, ref_Magnaporthe=/scratch/gregg_thomas/Murinae-seq/Contamination_Genomes/Magnaporthe.fa, ref_Caenorhabditis=/scratch/gregg_thomas/Murinae-seq/Contamination_Genomes/Caenorhabditis.fa, ref_Sphingomonas=/scratch/gregg_thomas/Murinae-seq/Contamination_Genomes/Sphingomonas.fa, ref_Pseudomonas=/scratch/gregg_thomas/Murinae-seq/Contamination_Genomes/Pseudomonas.fa, ref_Salmonella=/scratch/gregg_thomas/Murinae-seq/Contamination_Genomes/Salmonella.fa, ref_Helcococcus=/scratch/gregg_thomas/Murinae-seq/Contamination_Genomes/Helcococcus.fa, ref_Afipia=/scratch/gregg_thomas/Murinae-seq/Contamination_Genomes/Afipia.fa, ref_Agrobacterium=/scratch/gregg_thomas/Murinae-seq/Contamination_Genomes/Agrobacterium.fa, ref_Phyllobacterium=/scratch/gregg_thomas/Murinae-seq/Contamination_Genomes/Phyllobacterium.fa, ref_Penicillium=/scratch/gregg_thomas/Murinae-seq/Contamination_Genomes/Penicillium.fa, ref_Corynebacterium=/scratch/gregg_thomas/Murinae-seq/Contamination_Genomes/Corynebacterium.fa, ref_Ecoli=/scratch/gregg_thomas/Murinae-seq/Contamination_Genomes/Ecoli.fa, ref_Bradyrhizobium=/scratch/gregg_thomas/Murinae-seq/Contamination_Genomes/Bradyrhizobium.fa, ref_Aspergillus=/scratch/gregg_thomas/Murinae-seq/Contamination_Genomes/Aspergillus.fa, ref_Ralstonia=/scratch/gregg_thomas/Murinae-seq/Contamination_Genomes/Ralstonia.fa, ref_Haemophilus=/scratch/gregg_thomas/Murinae-seq/Contamination_Genomes/Haemophilus.fa, ref_Microbacterium=/scratch/gregg_thomas/Murinae-seq/Contamination_Genomes/Microbacterium.fa, ref_Acidaminococcus=/scratch/gregg_thomas/Murinae-seq/Contamination_Genomes/Acidaminococcus.fa]
Merged reference file /scratch/gregg_thomas/Murinae-seq/Contamination_Genomes/ref/genome/1/merged_ref_5759390567066404624.fa.gz already exists; skipping merge.
Ref merge time:     	0.278 seconds.
Executing align2.BBMap [ow=t, fastareadlen=500, minhits=1, minratio=0.56, maxindel=20, qtrim=rl, untrim=t, trimq=6, t=1, in1=/scratch/gregg_thomas/Murinae-seq/01-Fastp/Mus-cookii/hiseq2000-paired-2/lane1_CCTAGG_L001_R1_002.fastp.fastq.gz, in2=/scratch/gregg_thomas/Murinae-seq/01-Fastp/Mus-cookii/hiseq2000-paired-2/lane1_CCTAGG_L001_R2_002.fastp.fastq.gz, minid=0.95, outu1=/scratch/gregg_thomas/Murinae-seq/02-Decon/Mus-cookii/hiseq2000-paired-2/lane1_CCTAGG_L001_R1_002.fastp.decon.fastq.gz, outu2=/scratch/gregg_thomas/Murinae-seq/02-Decon/Mus-cookii/hiseq2000-paired-2/lane1_CCTAGG_L001_R2_002.fastp.decon.fastq.gz, ref=/scratch/gregg_thomas/Murinae-seq/Contamination_Genomes/ref/genome/1/merged_ref_5759390567066404624.fa.gz]
Version 38.73

Set MINIMUM_ALIGNMENT_SCORE_RATIO to 0.560
Set threads to 1
Retaining first best site only for ambiguous mappings.
NOTE:	Ignoring reference file because it already appears to have been processed.
NOTE:	If you wish to regenerate the index, please manually delete /scratch/gregg_thomas/Murinae-seq/Contamination_Genomes/ref/genome/1/summary.txt
Set genome to 1

Loaded Reference:	12.332 seconds.
Loading index for chunk 1-2, build 1
Generated Index:	41.213 seconds.
Analyzed Index:   	8.593 seconds.
Started output stream:	0.081 seconds.
Cleared Memory:    	2.490 seconds.
Processing reads in paired-ended mode.
Started read stream.
Started 1 mapping thread.
Detecting finished threads: 0

   ------------------   Results   ------------------   

Genome:                	1
Key Length:            	13
Max Indel:             	20
Minimum Score Ratio:  	0.56
Mapping Mode:         	normal
Reads Used:           	5844868	(585717108 bases)

Mapping:          	588.683 seconds.
Reads/sec:       	9928.72
kBases/sec:      	994.96


Pairing data:   	pct pairs	num pairs 	pct bases	   num bases

mated pairs:     	  0.8047% 	    23518 	  0.8056% 	     4718276
bad pairs:       	  0.0011% 	       31 	  0.0011% 	        6222
insert size avg: 	  358.37


Read 1 data:      	pct reads	num reads 	pct bases	   num bases

mapped:          	  0.8082% 	    23620 	  0.8083% 	     2369173
unambiguous:     	  0.0912% 	     2666 	  0.0889% 	      260575
ambiguous:       	  0.7170% 	    20954 	  0.7194% 	     2108598
low-Q discards:  	  0.0000% 	        0 	  0.0000% 	           0

perfect best site:	  0.6577% 	    19220 	  0.6610% 	     1937314
semiperfect site:	  0.6578% 	    19223 	  0.6611% 	     1937617
rescued:         	  0.0331% 	      966

Match Rate:      	      NA 	       NA 	 97.7195% 	     2315920
Error Rate:      	 16.7263% 	     4396 	  2.2774% 	       53973
Sub Rate:        	 16.6464% 	     4375 	  2.1097% 	       50000
Del Rate:        	  0.6735% 	      177 	  0.0335% 	         794
Ins Rate:        	  1.4953% 	      393 	  0.1341% 	        3179
N Rate:          	  0.0342% 	        9 	  0.0031% 	          74


Read 2 data:      	pct reads	num reads 	pct bases	   num bases

mapped:          	  0.8076% 	    23603 	  0.8034% 	     2350704
unambiguous:     	  0.0908% 	     2654 	  0.0884% 	      258540
ambiguous:       	  0.7168% 	    20949 	  0.7150% 	     2092164
low-Q discards:  	  0.0000% 	        0 	  0.0000% 	           0

perfect best site:	  0.6252% 	    18270 	  0.6264% 	     1832797
semiperfect site:	  0.6253% 	    18274 	  0.6265% 	     1833199
rescued:         	  0.0345% 	     1008

Match Rate:      	      NA 	       NA 	 97.6293% 	     2295838
Error Rate:      	 20.2023% 	     5332 	  2.3690% 	       55708
Sub Rate:        	 20.1228% 	     5311 	  2.1788% 	       51237
Del Rate:        	  0.6365% 	      168 	  0.0375% 	         883
Ins Rate:        	  1.5421% 	      407 	  0.1526% 	        3588
N Rate:          	  0.0189% 	        5 	  0.0017% 	          41

Total time:     	653.554 seconds.
