java -ea -Xmx10g -Xms10g -cp /home/gregg_thomas/bin/bbmap/current/ align2.BBSplitter ow=t fastareadlen=500 minhits=1 minratio=0.56 maxindel=20 qtrim=rl untrim=t trimq=6 -Xmx10g t=1 in1=/scratch/gregg_thomas/Murinae-seq/01-Fastp/Papagomys-armandvillei/hiseq4000-paired-1/SM057_CKDL190143344-1a-D704-AK1682_H7275BBXX_L3_R1_.fastp.fastq.gz in2=/scratch/gregg_thomas/Murinae-seq/01-Fastp/Papagomys-armandvillei/hiseq4000-paired-1/SM057_CKDL190143344-1a-D704-AK1682_H7275BBXX_L3_R2_.fastp.fastq.gz ref=/scratch/gregg_thomas/Murinae-seq/Contamination_Genomes/ path=/scratch/gregg_thomas/Murinae-seq/Contamination_Genomes/ minid=0.95 outu1=/scratch/gregg_thomas/Murinae-seq/02-Decon/Papagomys-armandvillei/hiseq4000-paired-1/SM057_CKDL190143344-1a-D704-AK1682_H7275BBXX_L3_R1_.fastp.decon.fastq.gz outu2=/scratch/gregg_thomas/Murinae-seq/02-Decon/Papagomys-armandvillei/hiseq4000-paired-1/SM057_CKDL190143344-1a-D704-AK1682_H7275BBXX_L3_R2_.fastp.decon.fastq.gz
Executing align2.BBSplitter [ow=t, fastareadlen=500, minhits=1, minratio=0.56, maxindel=20, qtrim=rl, untrim=t, trimq=6, -Xmx10g, t=1, in1=/scratch/gregg_thomas/Murinae-seq/01-Fastp/Papagomys-armandvillei/hiseq4000-paired-1/SM057_CKDL190143344-1a-D704-AK1682_H7275BBXX_L3_R1_.fastp.fastq.gz, in2=/scratch/gregg_thomas/Murinae-seq/01-Fastp/Papagomys-armandvillei/hiseq4000-paired-1/SM057_CKDL190143344-1a-D704-AK1682_H7275BBXX_L3_R2_.fastp.fastq.gz, ref=/scratch/gregg_thomas/Murinae-seq/Contamination_Genomes/, path=/scratch/gregg_thomas/Murinae-seq/Contamination_Genomes/, minid=0.95, outu1=/scratch/gregg_thomas/Murinae-seq/02-Decon/Papagomys-armandvillei/hiseq4000-paired-1/SM057_CKDL190143344-1a-D704-AK1682_H7275BBXX_L3_R1_.fastp.decon.fastq.gz, outu2=/scratch/gregg_thomas/Murinae-seq/02-Decon/Papagomys-armandvillei/hiseq4000-paired-1/SM057_CKDL190143344-1a-D704-AK1682_H7275BBXX_L3_R2_.fastp.decon.fastq.gz]

Converted arguments to [ow=t, fastareadlen=500, minhits=1, minratio=0.56, maxindel=20, qtrim=rl, untrim=t, trimq=6, t=1, in1=/scratch/gregg_thomas/Murinae-seq/01-Fastp/Papagomys-armandvillei/hiseq4000-paired-1/SM057_CKDL190143344-1a-D704-AK1682_H7275BBXX_L3_R1_.fastp.fastq.gz, in2=/scratch/gregg_thomas/Murinae-seq/01-Fastp/Papagomys-armandvillei/hiseq4000-paired-1/SM057_CKDL190143344-1a-D704-AK1682_H7275BBXX_L3_R2_.fastp.fastq.gz, path=/scratch/gregg_thomas/Murinae-seq/Contamination_Genomes/, minid=0.95, outu1=/scratch/gregg_thomas/Murinae-seq/02-Decon/Papagomys-armandvillei/hiseq4000-paired-1/SM057_CKDL190143344-1a-D704-AK1682_H7275BBXX_L3_R1_.fastp.decon.fastq.gz, outu2=/scratch/gregg_thomas/Murinae-seq/02-Decon/Papagomys-armandvillei/hiseq4000-paired-1/SM057_CKDL190143344-1a-D704-AK1682_H7275BBXX_L3_R2_.fastp.decon.fastq.gz, ref_Alcaligenes=/scratch/gregg_thomas/Murinae-seq/Contamination_Genomes/Alcaligenes.fa, ref_Novosphingobium=/scratch/gregg_thomas/Murinae-seq/Contamination_Genomes/Novosphingobium.fa, ref_Flavobacterium=/scratch/gregg_thomas/Murinae-seq/Contamination_Genomes/Flavobacterium.fa, ref_Ochrobactrum=/scratch/gregg_thomas/Murinae-seq/Contamination_Genomes/Ochrobactrum.fa, ref_Saccharomyces=/scratch/gregg_thomas/Murinae-seq/Contamination_Genomes/Saccharomyces.fa, ref_Scerevisiae=/scratch/gregg_thomas/Murinae-seq/Contamination_Genomes/Scerevisiae.fa, ref_UniVec=/scratch/gregg_thomas/Murinae-seq/Contamination_Genomes/UniVec.fa, ref_Drosophila_melanogaster=/scratch/gregg_thomas/Murinae-seq/Contamination_Genomes/Drosophila_melanogaster.fa, ref_Stenotrophomonas=/scratch/gregg_thomas/Murinae-seq/Contamination_Genomes/Stenotrophomonas.fa, ref_Pseudonocardia=/scratch/gregg_thomas/Murinae-seq/Contamination_Genomes/Pseudonocardia.fa, ref_Staphylococcus=/scratch/gregg_thomas/Murinae-seq/Contamination_Genomes/Staphylococcus.fa, ref_Malassezia=/scratch/gregg_thomas/Murinae-seq/Contamination_Genomes/Malassezia.fa, ref_Leifsonia=/scratch/gregg_thomas/Murinae-seq/Contamination_Genomes/Leifsonia.fa, ref_Achromobacter=/scratch/gregg_thomas/Murinae-seq/Contamination_Genomes/Achromobacter.fa, ref_Herbaspirillum=/scratch/gregg_thomas/Murinae-seq/Contamination_Genomes/Herbaspirillum.fa, ref_Mesorhizobium=/scratch/gregg_thomas/Murinae-seq/Contamination_Genomes/Mesorhizobium.fa, ref_Pedobacter=/scratch/gregg_thomas/Murinae-seq/Contamination_Genomes/Pedobacter.fa, ref_Burkholderia=/scratch/gregg_thomas/Murinae-seq/Contamination_Genomes/Burkholderia.fa, ref_Moraxella=/scratch/gregg_thomas/Murinae-seq/Contamination_Genomes/Moraxella.fa, ref_Acinetobacter=/scratch/gregg_thomas/Murinae-seq/Contamination_Genomes/Acinetobacter.fa, ref_Brevundimonas=/scratch/gregg_thomas/Murinae-seq/Contamination_Genomes/Brevundimonas.fa, ref_Puccinia=/scratch/gregg_thomas/Murinae-seq/Contamination_Genomes/Puccinia.fa, ref_Rhodococcus=/scratch/gregg_thomas/Murinae-seq/Contamination_Genomes/Rhodococcus.fa, ref_Methylobacterium=/scratch/gregg_thomas/Murinae-seq/Contamination_Genomes/Methylobacterium.fa, ref_Aminobacter=/scratch/gregg_thomas/Murinae-seq/Contamination_Genomes/Aminobacter.fa, ref_Schizosaccharomyces=/scratch/gregg_thomas/Murinae-seq/Contamination_Genomes/Schizosaccharomyces.fa, ref_Legionella=/scratch/gregg_thomas/Murinae-seq/Contamination_Genomes/Legionella.fa, ref_Curvibacter=/scratch/gregg_thomas/Murinae-seq/Contamination_Genomes/Curvibacter.fa, ref_Mycoplasma=/scratch/gregg_thomas/Murinae-seq/Contamination_Genomes/Mycoplasma.fa, ref_Magnaporthe=/scratch/gregg_thomas/Murinae-seq/Contamination_Genomes/Magnaporthe.fa, ref_Caenorhabditis=/scratch/gregg_thomas/Murinae-seq/Contamination_Genomes/Caenorhabditis.fa, ref_Sphingomonas=/scratch/gregg_thomas/Murinae-seq/Contamination_Genomes/Sphingomonas.fa, ref_Pseudomonas=/scratch/gregg_thomas/Murinae-seq/Contamination_Genomes/Pseudomonas.fa, ref_Salmonella=/scratch/gregg_thomas/Murinae-seq/Contamination_Genomes/Salmonella.fa, ref_Helcococcus=/scratch/gregg_thomas/Murinae-seq/Contamination_Genomes/Helcococcus.fa, ref_Afipia=/scratch/gregg_thomas/Murinae-seq/Contamination_Genomes/Afipia.fa, ref_Agrobacterium=/scratch/gregg_thomas/Murinae-seq/Contamination_Genomes/Agrobacterium.fa, ref_Phyllobacterium=/scratch/gregg_thomas/Murinae-seq/Contamination_Genomes/Phyllobacterium.fa, ref_Penicillium=/scratch/gregg_thomas/Murinae-seq/Contamination_Genomes/Penicillium.fa, ref_Corynebacterium=/scratch/gregg_thomas/Murinae-seq/Contamination_Genomes/Corynebacterium.fa, ref_Ecoli=/scratch/gregg_thomas/Murinae-seq/Contamination_Genomes/Ecoli.fa, ref_Bradyrhizobium=/scratch/gregg_thomas/Murinae-seq/Contamination_Genomes/Bradyrhizobium.fa, ref_Aspergillus=/scratch/gregg_thomas/Murinae-seq/Contamination_Genomes/Aspergillus.fa, ref_Ralstonia=/scratch/gregg_thomas/Murinae-seq/Contamination_Genomes/Ralstonia.fa, ref_Haemophilus=/scratch/gregg_thomas/Murinae-seq/Contamination_Genomes/Haemophilus.fa, ref_Microbacterium=/scratch/gregg_thomas/Murinae-seq/Contamination_Genomes/Microbacterium.fa, ref_Acidaminococcus=/scratch/gregg_thomas/Murinae-seq/Contamination_Genomes/Acidaminococcus.fa]
Merged reference file /scratch/gregg_thomas/Murinae-seq/Contamination_Genomes/ref/genome/1/merged_ref_5759390567066404624.fa.gz already exists; skipping merge.
Ref merge time:     	0.050 seconds.
Executing align2.BBMap [ow=t, fastareadlen=500, minhits=1, minratio=0.56, maxindel=20, qtrim=rl, untrim=t, trimq=6, t=1, in1=/scratch/gregg_thomas/Murinae-seq/01-Fastp/Papagomys-armandvillei/hiseq4000-paired-1/SM057_CKDL190143344-1a-D704-AK1682_H7275BBXX_L3_R1_.fastp.fastq.gz, in2=/scratch/gregg_thomas/Murinae-seq/01-Fastp/Papagomys-armandvillei/hiseq4000-paired-1/SM057_CKDL190143344-1a-D704-AK1682_H7275BBXX_L3_R2_.fastp.fastq.gz, minid=0.95, outu1=/scratch/gregg_thomas/Murinae-seq/02-Decon/Papagomys-armandvillei/hiseq4000-paired-1/SM057_CKDL190143344-1a-D704-AK1682_H7275BBXX_L3_R1_.fastp.decon.fastq.gz, outu2=/scratch/gregg_thomas/Murinae-seq/02-Decon/Papagomys-armandvillei/hiseq4000-paired-1/SM057_CKDL190143344-1a-D704-AK1682_H7275BBXX_L3_R2_.fastp.decon.fastq.gz, ref=/scratch/gregg_thomas/Murinae-seq/Contamination_Genomes/ref/genome/1/merged_ref_5759390567066404624.fa.gz]
Version 38.73

Set MINIMUM_ALIGNMENT_SCORE_RATIO to 0.560
Set threads to 1
Retaining first best site only for ambiguous mappings.
NOTE:	Ignoring reference file because it already appears to have been processed.
NOTE:	If you wish to regenerate the index, please manually delete /scratch/gregg_thomas/Murinae-seq/Contamination_Genomes/ref/genome/1/summary.txt
Set genome to 1

Loaded Reference:	4.243 seconds.
Loading index for chunk 1-2, build 1
Generated Index:	8.842 seconds.
Analyzed Index:   	6.678 seconds.
Started output stream:	0.024 seconds.
Cleared Memory:    	0.830 seconds.
Processing reads in paired-ended mode.
Started read stream.
Started 1 mapping thread.
Detecting finished threads: 0

   ------------------   Results   ------------------   

Genome:                	1
Key Length:            	13
Max Indel:             	20
Minimum Score Ratio:  	0.56
Mapping Mode:         	normal
Reads Used:           	38627488	(5739870048 bases)

Mapping:          	4121.093 seconds.
Reads/sec:       	9373.12
kBases/sec:      	1392.80


Pairing data:   	pct pairs	num pairs 	pct bases	   num bases

mated pairs:     	  0.1092% 	    21100 	  0.0914% 	     5247076
bad pairs:       	  0.0002% 	       37 	  0.0001% 	        6398
insert size avg: 	  184.50


Read 1 data:      	pct reads	num reads 	pct bases	   num bases

mapped:          	  0.1110% 	    21440 	  0.0928% 	     2664488
unambiguous:     	  0.0731% 	    14114 	  0.0610% 	     1749677
ambiguous:       	  0.0379% 	     7326 	  0.0319% 	      914811
low-Q discards:  	  0.0000% 	        0 	  0.0000% 	           0

perfect best site:	  0.0010% 	      201 	  0.0008% 	       23411
semiperfect site:	  0.0014% 	      262 	  0.0011% 	       30856
rescued:         	  0.0209% 	     4043

Match Rate:      	      NA 	       NA 	 83.7905% 	     2245201
Error Rate:      	 50.9771% 	    21233 	 16.1324% 	      432274
Sub Rate:        	 50.7779% 	    21150 	 14.0229% 	      375750
Del Rate:        	  5.3443% 	     2226 	  0.5618% 	       15053
Ins Rate:        	 10.2348% 	     4263 	  1.5477% 	       41471
N Rate:          	  0.3529% 	      147 	  0.0771% 	        2066


Read 2 data:      	pct reads	num reads 	pct bases	   num bases

mapped:          	  0.1110% 	    21432 	  0.0928% 	     2661954
unambiguous:     	  0.0731% 	    14122 	  0.0609% 	     1747334
ambiguous:       	  0.0378% 	     7310 	  0.0319% 	      914620
low-Q discards:  	  0.0000% 	        0 	  0.0000% 	           0

perfect best site:	  0.0004% 	       78 	  0.0003% 	        8106
semiperfect site:	  0.0007% 	      126 	  0.0005% 	       13715
rescued:         	  0.0222% 	     4295

Match Rate:      	      NA 	       NA 	 83.6315% 	     2237965
Error Rate:      	 53.3700% 	    21348 	 16.2641% 	      435225
Sub Rate:        	 53.2525% 	    21301 	 14.2416% 	      381103
Del Rate:        	  5.5375% 	     2215 	  0.5243% 	       14030
Ins Rate:        	 10.5750% 	     4230 	  1.4982% 	       40092
N Rate:          	  0.7975% 	      319 	  0.1044% 	        2794

Total time:     	4141.778 seconds.
