java -ea -Xmx10g -Xms10g -cp /home/gregg_thomas/bin/bbmap/current/ align2.BBSplitter ow=t fastareadlen=500 minhits=1 minratio=0.56 maxindel=20 qtrim=rl untrim=t trimq=6 -Xmx10g t=1 in1=/scratch/gregg_thomas/Murinae-seq/01-Fastp/Pogonomys-macrourus/hiseq4000-paired-1/SM071_CKDL190143343-1a-D707-AK1682_H7275BBXX_L2_R1_.fastp.fastq.gz in2=/scratch/gregg_thomas/Murinae-seq/01-Fastp/Pogonomys-macrourus/hiseq4000-paired-1/SM071_CKDL190143343-1a-D707-AK1682_H7275BBXX_L2_R2_.fastp.fastq.gz ref=/scratch/gregg_thomas/Murinae-seq/Contamination_Genomes/ path=/scratch/gregg_thomas/Murinae-seq/Contamination_Genomes/ minid=0.95 outu1=/scratch/gregg_thomas/Murinae-seq/02-Decon/Pogonomys-macrourus/hiseq4000-paired-1/SM071_CKDL190143343-1a-D707-AK1682_H7275BBXX_L2_R1_.fastp.decon.fastq.gz outu2=/scratch/gregg_thomas/Murinae-seq/02-Decon/Pogonomys-macrourus/hiseq4000-paired-1/SM071_CKDL190143343-1a-D707-AK1682_H7275BBXX_L2_R2_.fastp.decon.fastq.gz
Executing align2.BBSplitter [ow=t, fastareadlen=500, minhits=1, minratio=0.56, maxindel=20, qtrim=rl, untrim=t, trimq=6, -Xmx10g, t=1, in1=/scratch/gregg_thomas/Murinae-seq/01-Fastp/Pogonomys-macrourus/hiseq4000-paired-1/SM071_CKDL190143343-1a-D707-AK1682_H7275BBXX_L2_R1_.fastp.fastq.gz, in2=/scratch/gregg_thomas/Murinae-seq/01-Fastp/Pogonomys-macrourus/hiseq4000-paired-1/SM071_CKDL190143343-1a-D707-AK1682_H7275BBXX_L2_R2_.fastp.fastq.gz, ref=/scratch/gregg_thomas/Murinae-seq/Contamination_Genomes/, path=/scratch/gregg_thomas/Murinae-seq/Contamination_Genomes/, minid=0.95, outu1=/scratch/gregg_thomas/Murinae-seq/02-Decon/Pogonomys-macrourus/hiseq4000-paired-1/SM071_CKDL190143343-1a-D707-AK1682_H7275BBXX_L2_R1_.fastp.decon.fastq.gz, outu2=/scratch/gregg_thomas/Murinae-seq/02-Decon/Pogonomys-macrourus/hiseq4000-paired-1/SM071_CKDL190143343-1a-D707-AK1682_H7275BBXX_L2_R2_.fastp.decon.fastq.gz]

Converted arguments to [ow=t, fastareadlen=500, minhits=1, minratio=0.56, maxindel=20, qtrim=rl, untrim=t, trimq=6, t=1, in1=/scratch/gregg_thomas/Murinae-seq/01-Fastp/Pogonomys-macrourus/hiseq4000-paired-1/SM071_CKDL190143343-1a-D707-AK1682_H7275BBXX_L2_R1_.fastp.fastq.gz, in2=/scratch/gregg_thomas/Murinae-seq/01-Fastp/Pogonomys-macrourus/hiseq4000-paired-1/SM071_CKDL190143343-1a-D707-AK1682_H7275BBXX_L2_R2_.fastp.fastq.gz, path=/scratch/gregg_thomas/Murinae-seq/Contamination_Genomes/, minid=0.95, outu1=/scratch/gregg_thomas/Murinae-seq/02-Decon/Pogonomys-macrourus/hiseq4000-paired-1/SM071_CKDL190143343-1a-D707-AK1682_H7275BBXX_L2_R1_.fastp.decon.fastq.gz, outu2=/scratch/gregg_thomas/Murinae-seq/02-Decon/Pogonomys-macrourus/hiseq4000-paired-1/SM071_CKDL190143343-1a-D707-AK1682_H7275BBXX_L2_R2_.fastp.decon.fastq.gz, ref_Alcaligenes=/scratch/gregg_thomas/Murinae-seq/Contamination_Genomes/Alcaligenes.fa, ref_Novosphingobium=/scratch/gregg_thomas/Murinae-seq/Contamination_Genomes/Novosphingobium.fa, ref_Flavobacterium=/scratch/gregg_thomas/Murinae-seq/Contamination_Genomes/Flavobacterium.fa, ref_Ochrobactrum=/scratch/gregg_thomas/Murinae-seq/Contamination_Genomes/Ochrobactrum.fa, ref_Saccharomyces=/scratch/gregg_thomas/Murinae-seq/Contamination_Genomes/Saccharomyces.fa, ref_Scerevisiae=/scratch/gregg_thomas/Murinae-seq/Contamination_Genomes/Scerevisiae.fa, ref_UniVec=/scratch/gregg_thomas/Murinae-seq/Contamination_Genomes/UniVec.fa, ref_Drosophila_melanogaster=/scratch/gregg_thomas/Murinae-seq/Contamination_Genomes/Drosophila_melanogaster.fa, ref_Stenotrophomonas=/scratch/gregg_thomas/Murinae-seq/Contamination_Genomes/Stenotrophomonas.fa, ref_Pseudonocardia=/scratch/gregg_thomas/Murinae-seq/Contamination_Genomes/Pseudonocardia.fa, ref_Staphylococcus=/scratch/gregg_thomas/Murinae-seq/Contamination_Genomes/Staphylococcus.fa, ref_Malassezia=/scratch/gregg_thomas/Murinae-seq/Contamination_Genomes/Malassezia.fa, ref_Leifsonia=/scratch/gregg_thomas/Murinae-seq/Contamination_Genomes/Leifsonia.fa, ref_Achromobacter=/scratch/gregg_thomas/Murinae-seq/Contamination_Genomes/Achromobacter.fa, ref_Herbaspirillum=/scratch/gregg_thomas/Murinae-seq/Contamination_Genomes/Herbaspirillum.fa, ref_Mesorhizobium=/scratch/gregg_thomas/Murinae-seq/Contamination_Genomes/Mesorhizobium.fa, ref_Pedobacter=/scratch/gregg_thomas/Murinae-seq/Contamination_Genomes/Pedobacter.fa, ref_Burkholderia=/scratch/gregg_thomas/Murinae-seq/Contamination_Genomes/Burkholderia.fa, ref_Moraxella=/scratch/gregg_thomas/Murinae-seq/Contamination_Genomes/Moraxella.fa, ref_Acinetobacter=/scratch/gregg_thomas/Murinae-seq/Contamination_Genomes/Acinetobacter.fa, ref_Brevundimonas=/scratch/gregg_thomas/Murinae-seq/Contamination_Genomes/Brevundimonas.fa, ref_Puccinia=/scratch/gregg_thomas/Murinae-seq/Contamination_Genomes/Puccinia.fa, ref_Rhodococcus=/scratch/gregg_thomas/Murinae-seq/Contamination_Genomes/Rhodococcus.fa, ref_Methylobacterium=/scratch/gregg_thomas/Murinae-seq/Contamination_Genomes/Methylobacterium.fa, ref_Aminobacter=/scratch/gregg_thomas/Murinae-seq/Contamination_Genomes/Aminobacter.fa, ref_Schizosaccharomyces=/scratch/gregg_thomas/Murinae-seq/Contamination_Genomes/Schizosaccharomyces.fa, ref_Legionella=/scratch/gregg_thomas/Murinae-seq/Contamination_Genomes/Legionella.fa, ref_Curvibacter=/scratch/gregg_thomas/Murinae-seq/Contamination_Genomes/Curvibacter.fa, ref_Mycoplasma=/scratch/gregg_thomas/Murinae-seq/Contamination_Genomes/Mycoplasma.fa, ref_Magnaporthe=/scratch/gregg_thomas/Murinae-seq/Contamination_Genomes/Magnaporthe.fa, ref_Caenorhabditis=/scratch/gregg_thomas/Murinae-seq/Contamination_Genomes/Caenorhabditis.fa, ref_Sphingomonas=/scratch/gregg_thomas/Murinae-seq/Contamination_Genomes/Sphingomonas.fa, ref_Pseudomonas=/scratch/gregg_thomas/Murinae-seq/Contamination_Genomes/Pseudomonas.fa, ref_Salmonella=/scratch/gregg_thomas/Murinae-seq/Contamination_Genomes/Salmonella.fa, ref_Helcococcus=/scratch/gregg_thomas/Murinae-seq/Contamination_Genomes/Helcococcus.fa, ref_Afipia=/scratch/gregg_thomas/Murinae-seq/Contamination_Genomes/Afipia.fa, ref_Agrobacterium=/scratch/gregg_thomas/Murinae-seq/Contamination_Genomes/Agrobacterium.fa, ref_Phyllobacterium=/scratch/gregg_thomas/Murinae-seq/Contamination_Genomes/Phyllobacterium.fa, ref_Penicillium=/scratch/gregg_thomas/Murinae-seq/Contamination_Genomes/Penicillium.fa, ref_Corynebacterium=/scratch/gregg_thomas/Murinae-seq/Contamination_Genomes/Corynebacterium.fa, ref_Ecoli=/scratch/gregg_thomas/Murinae-seq/Contamination_Genomes/Ecoli.fa, ref_Bradyrhizobium=/scratch/gregg_thomas/Murinae-seq/Contamination_Genomes/Bradyrhizobium.fa, ref_Aspergillus=/scratch/gregg_thomas/Murinae-seq/Contamination_Genomes/Aspergillus.fa, ref_Ralstonia=/scratch/gregg_thomas/Murinae-seq/Contamination_Genomes/Ralstonia.fa, ref_Haemophilus=/scratch/gregg_thomas/Murinae-seq/Contamination_Genomes/Haemophilus.fa, ref_Microbacterium=/scratch/gregg_thomas/Murinae-seq/Contamination_Genomes/Microbacterium.fa, ref_Acidaminococcus=/scratch/gregg_thomas/Murinae-seq/Contamination_Genomes/Acidaminococcus.fa]
Merged reference file /scratch/gregg_thomas/Murinae-seq/Contamination_Genomes/ref/genome/1/merged_ref_5759390567066404624.fa.gz already exists; skipping merge.
Ref merge time:     	0.254 seconds.
Executing align2.BBMap [ow=t, fastareadlen=500, minhits=1, minratio=0.56, maxindel=20, qtrim=rl, untrim=t, trimq=6, t=1, in1=/scratch/gregg_thomas/Murinae-seq/01-Fastp/Pogonomys-macrourus/hiseq4000-paired-1/SM071_CKDL190143343-1a-D707-AK1682_H7275BBXX_L2_R1_.fastp.fastq.gz, in2=/scratch/gregg_thomas/Murinae-seq/01-Fastp/Pogonomys-macrourus/hiseq4000-paired-1/SM071_CKDL190143343-1a-D707-AK1682_H7275BBXX_L2_R2_.fastp.fastq.gz, minid=0.95, outu1=/scratch/gregg_thomas/Murinae-seq/02-Decon/Pogonomys-macrourus/hiseq4000-paired-1/SM071_CKDL190143343-1a-D707-AK1682_H7275BBXX_L2_R1_.fastp.decon.fastq.gz, outu2=/scratch/gregg_thomas/Murinae-seq/02-Decon/Pogonomys-macrourus/hiseq4000-paired-1/SM071_CKDL190143343-1a-D707-AK1682_H7275BBXX_L2_R2_.fastp.decon.fastq.gz, ref=/scratch/gregg_thomas/Murinae-seq/Contamination_Genomes/ref/genome/1/merged_ref_5759390567066404624.fa.gz]
Version 38.73

Set MINIMUM_ALIGNMENT_SCORE_RATIO to 0.560
Set threads to 1
Retaining first best site only for ambiguous mappings.
NOTE:	Ignoring reference file because it already appears to have been processed.
NOTE:	If you wish to regenerate the index, please manually delete /scratch/gregg_thomas/Murinae-seq/Contamination_Genomes/ref/genome/1/summary.txt
Set genome to 1

Loaded Reference:	13.124 seconds.
Loading index for chunk 1-2, build 1
Generated Index:	46.897 seconds.
Analyzed Index:   	9.488 seconds.
Started output stream:	0.077 seconds.
Cleared Memory:    	8.394 seconds.
Processing reads in paired-ended mode.
Started read stream.
Started 1 mapping thread.
Detecting finished threads: 0

   ------------------   Results   ------------------   

Genome:                	1
Key Length:            	13
Max Indel:             	20
Minimum Score Ratio:  	0.56
Mapping Mode:         	normal
Reads Used:           	43026862	(6387404737 bases)

Mapping:          	4309.627 seconds.
Reads/sec:       	9983.89
kBases/sec:      	1482.12


Pairing data:   	pct pairs	num pairs 	pct bases	   num bases

mated pairs:     	  0.0811% 	    17457 	  0.0703% 	     4490932
bad pairs:       	  0.0001% 	       13 	  0.0000% 	        2128
insert size avg: 	  202.73


Read 1 data:      	pct reads	num reads 	pct bases	   num bases

mapped:          	  0.0824% 	    17723 	  0.0714% 	     2281275
unambiguous:     	  0.0487% 	    10471 	  0.0411% 	     1312965
ambiguous:       	  0.0337% 	     7252 	  0.0303% 	      968310
low-Q discards:  	  0.0000% 	        0 	  0.0000% 	           0

perfect best site:	  0.0004% 	       82 	  0.0003% 	        9137
semiperfect site:	  0.0005% 	      103 	  0.0004% 	       11609
rescued:         	  0.0132% 	     2842

Match Rate:      	      NA 	       NA 	 83.5120% 	     1915618
Error Rate:      	 50.2879% 	    17641 	 16.4424% 	      377160
Sub Rate:        	 50.1938% 	    17608 	 14.5734% 	      334288
Del Rate:        	  5.0941% 	     1787 	  0.5471% 	       12549
Ins Rate:        	 12.8677% 	     4514 	  1.3219% 	       30323
N Rate:          	  0.2509% 	       88 	  0.0456% 	        1046


Read 2 data:      	pct reads	num reads 	pct bases	   num bases

mapped:          	  0.0819% 	    17623 	  0.0710% 	     2266184
unambiguous:     	  0.0484% 	    10423 	  0.0410% 	     1308930
ambiguous:       	  0.0335% 	     7200 	  0.0300% 	      957254
low-Q discards:  	  0.0000% 	        0 	  0.0000% 	           0

perfect best site:	  0.0002% 	       42 	  0.0001% 	        4789
semiperfect site:	  0.0003% 	       63 	  0.0002% 	        6802
rescued:         	  0.0150% 	     3219

Match Rate:      	      NA 	       NA 	 83.4464% 	     1900077
Error Rate:      	 51.6833% 	    17578 	 16.4859% 	      375385
Sub Rate:        	 51.6098% 	    17553 	 14.7593% 	      336069
Del Rate:        	  4.7514% 	     1616 	  0.4751% 	       10819
Ins Rate:        	 12.9341% 	     4399 	  1.2515% 	       28497
N Rate:          	  0.2382% 	       81 	  0.0677% 	        1541

Total time:     	4387.829 seconds.
