java -ea -Xmx10g -Xms10g -cp /home/gregg_thomas/bin/bbmap/current/ align2.BBSplitter ow=t fastareadlen=500 minhits=1 minratio=0.56 maxindel=20 qtrim=rl untrim=t trimq=6 -Xmx10g t=1 in1=/scratch/gregg_thomas/Murinae-seq/01-Fastp/Pseudomys-gouldii/seq-run-2/52955_BH7T77BCX2_AGCAGGT_S18_L002_R1_001.fastp.fastq.gz in2=/scratch/gregg_thomas/Murinae-seq/01-Fastp/Pseudomys-gouldii/seq-run-2/52955_BH7T77BCX2_AGCAGGT_S18_L002_R2_001.fastp.fastq.gz ref=/scratch/gregg_thomas/Murinae-seq/Contamination_Genomes/ path=/scratch/gregg_thomas/Murinae-seq/Contamination_Genomes/ minid=0.95 outu1=/scratch/gregg_thomas/Murinae-seq/02-Decon/Pseudomys-gouldii/seq-run-2/52955_BH7T77BCX2_AGCAGGT_S18_L002_R1_001.fastp.decon.fastq.gz outu2=/scratch/gregg_thomas/Murinae-seq/02-Decon/Pseudomys-gouldii/seq-run-2/52955_BH7T77BCX2_AGCAGGT_S18_L002_R2_001.fastp.decon.fastq.gz
Executing align2.BBSplitter [ow=t, fastareadlen=500, minhits=1, minratio=0.56, maxindel=20, qtrim=rl, untrim=t, trimq=6, -Xmx10g, t=1, in1=/scratch/gregg_thomas/Murinae-seq/01-Fastp/Pseudomys-gouldii/seq-run-2/52955_BH7T77BCX2_AGCAGGT_S18_L002_R1_001.fastp.fastq.gz, in2=/scratch/gregg_thomas/Murinae-seq/01-Fastp/Pseudomys-gouldii/seq-run-2/52955_BH7T77BCX2_AGCAGGT_S18_L002_R2_001.fastp.fastq.gz, ref=/scratch/gregg_thomas/Murinae-seq/Contamination_Genomes/, path=/scratch/gregg_thomas/Murinae-seq/Contamination_Genomes/, minid=0.95, outu1=/scratch/gregg_thomas/Murinae-seq/02-Decon/Pseudomys-gouldii/seq-run-2/52955_BH7T77BCX2_AGCAGGT_S18_L002_R1_001.fastp.decon.fastq.gz, outu2=/scratch/gregg_thomas/Murinae-seq/02-Decon/Pseudomys-gouldii/seq-run-2/52955_BH7T77BCX2_AGCAGGT_S18_L002_R2_001.fastp.decon.fastq.gz]

Converted arguments to [ow=t, fastareadlen=500, minhits=1, minratio=0.56, maxindel=20, qtrim=rl, untrim=t, trimq=6, t=1, in1=/scratch/gregg_thomas/Murinae-seq/01-Fastp/Pseudomys-gouldii/seq-run-2/52955_BH7T77BCX2_AGCAGGT_S18_L002_R1_001.fastp.fastq.gz, in2=/scratch/gregg_thomas/Murinae-seq/01-Fastp/Pseudomys-gouldii/seq-run-2/52955_BH7T77BCX2_AGCAGGT_S18_L002_R2_001.fastp.fastq.gz, path=/scratch/gregg_thomas/Murinae-seq/Contamination_Genomes/, minid=0.95, outu1=/scratch/gregg_thomas/Murinae-seq/02-Decon/Pseudomys-gouldii/seq-run-2/52955_BH7T77BCX2_AGCAGGT_S18_L002_R1_001.fastp.decon.fastq.gz, outu2=/scratch/gregg_thomas/Murinae-seq/02-Decon/Pseudomys-gouldii/seq-run-2/52955_BH7T77BCX2_AGCAGGT_S18_L002_R2_001.fastp.decon.fastq.gz, ref_Alcaligenes=/scratch/gregg_thomas/Murinae-seq/Contamination_Genomes/Alcaligenes.fa, ref_Novosphingobium=/scratch/gregg_thomas/Murinae-seq/Contamination_Genomes/Novosphingobium.fa, ref_Flavobacterium=/scratch/gregg_thomas/Murinae-seq/Contamination_Genomes/Flavobacterium.fa, ref_Ochrobactrum=/scratch/gregg_thomas/Murinae-seq/Contamination_Genomes/Ochrobactrum.fa, ref_Saccharomyces=/scratch/gregg_thomas/Murinae-seq/Contamination_Genomes/Saccharomyces.fa, ref_Scerevisiae=/scratch/gregg_thomas/Murinae-seq/Contamination_Genomes/Scerevisiae.fa, ref_UniVec=/scratch/gregg_thomas/Murinae-seq/Contamination_Genomes/UniVec.fa, ref_Drosophila_melanogaster=/scratch/gregg_thomas/Murinae-seq/Contamination_Genomes/Drosophila_melanogaster.fa, ref_Stenotrophomonas=/scratch/gregg_thomas/Murinae-seq/Contamination_Genomes/Stenotrophomonas.fa, ref_Pseudonocardia=/scratch/gregg_thomas/Murinae-seq/Contamination_Genomes/Pseudonocardia.fa, ref_Staphylococcus=/scratch/gregg_thomas/Murinae-seq/Contamination_Genomes/Staphylococcus.fa, ref_Malassezia=/scratch/gregg_thomas/Murinae-seq/Contamination_Genomes/Malassezia.fa, ref_Leifsonia=/scratch/gregg_thomas/Murinae-seq/Contamination_Genomes/Leifsonia.fa, ref_Achromobacter=/scratch/gregg_thomas/Murinae-seq/Contamination_Genomes/Achromobacter.fa, ref_Herbaspirillum=/scratch/gregg_thomas/Murinae-seq/Contamination_Genomes/Herbaspirillum.fa, ref_Mesorhizobium=/scratch/gregg_thomas/Murinae-seq/Contamination_Genomes/Mesorhizobium.fa, ref_Pedobacter=/scratch/gregg_thomas/Murinae-seq/Contamination_Genomes/Pedobacter.fa, ref_Burkholderia=/scratch/gregg_thomas/Murinae-seq/Contamination_Genomes/Burkholderia.fa, ref_Moraxella=/scratch/gregg_thomas/Murinae-seq/Contamination_Genomes/Moraxella.fa, ref_Acinetobacter=/scratch/gregg_thomas/Murinae-seq/Contamination_Genomes/Acinetobacter.fa, ref_Brevundimonas=/scratch/gregg_thomas/Murinae-seq/Contamination_Genomes/Brevundimonas.fa, ref_Puccinia=/scratch/gregg_thomas/Murinae-seq/Contamination_Genomes/Puccinia.fa, ref_Rhodococcus=/scratch/gregg_thomas/Murinae-seq/Contamination_Genomes/Rhodococcus.fa, ref_Methylobacterium=/scratch/gregg_thomas/Murinae-seq/Contamination_Genomes/Methylobacterium.fa, ref_Aminobacter=/scratch/gregg_thomas/Murinae-seq/Contamination_Genomes/Aminobacter.fa, ref_Schizosaccharomyces=/scratch/gregg_thomas/Murinae-seq/Contamination_Genomes/Schizosaccharomyces.fa, ref_Legionella=/scratch/gregg_thomas/Murinae-seq/Contamination_Genomes/Legionella.fa, ref_Curvibacter=/scratch/gregg_thomas/Murinae-seq/Contamination_Genomes/Curvibacter.fa, ref_Mycoplasma=/scratch/gregg_thomas/Murinae-seq/Contamination_Genomes/Mycoplasma.fa, ref_Magnaporthe=/scratch/gregg_thomas/Murinae-seq/Contamination_Genomes/Magnaporthe.fa, ref_Caenorhabditis=/scratch/gregg_thomas/Murinae-seq/Contamination_Genomes/Caenorhabditis.fa, ref_Sphingomonas=/scratch/gregg_thomas/Murinae-seq/Contamination_Genomes/Sphingomonas.fa, ref_Pseudomonas=/scratch/gregg_thomas/Murinae-seq/Contamination_Genomes/Pseudomonas.fa, ref_Salmonella=/scratch/gregg_thomas/Murinae-seq/Contamination_Genomes/Salmonella.fa, ref_Helcococcus=/scratch/gregg_thomas/Murinae-seq/Contamination_Genomes/Helcococcus.fa, ref_Afipia=/scratch/gregg_thomas/Murinae-seq/Contamination_Genomes/Afipia.fa, ref_Agrobacterium=/scratch/gregg_thomas/Murinae-seq/Contamination_Genomes/Agrobacterium.fa, ref_Phyllobacterium=/scratch/gregg_thomas/Murinae-seq/Contamination_Genomes/Phyllobacterium.fa, ref_Penicillium=/scratch/gregg_thomas/Murinae-seq/Contamination_Genomes/Penicillium.fa, ref_Corynebacterium=/scratch/gregg_thomas/Murinae-seq/Contamination_Genomes/Corynebacterium.fa, ref_Ecoli=/scratch/gregg_thomas/Murinae-seq/Contamination_Genomes/Ecoli.fa, ref_Bradyrhizobium=/scratch/gregg_thomas/Murinae-seq/Contamination_Genomes/Bradyrhizobium.fa, ref_Aspergillus=/scratch/gregg_thomas/Murinae-seq/Contamination_Genomes/Aspergillus.fa, ref_Ralstonia=/scratch/gregg_thomas/Murinae-seq/Contamination_Genomes/Ralstonia.fa, ref_Haemophilus=/scratch/gregg_thomas/Murinae-seq/Contamination_Genomes/Haemophilus.fa, ref_Microbacterium=/scratch/gregg_thomas/Murinae-seq/Contamination_Genomes/Microbacterium.fa, ref_Acidaminococcus=/scratch/gregg_thomas/Murinae-seq/Contamination_Genomes/Acidaminococcus.fa]
Merged reference file /scratch/gregg_thomas/Murinae-seq/Contamination_Genomes/ref/genome/1/merged_ref_5759390567066404624.fa.gz already exists; skipping merge.
Ref merge time:     	0.319 seconds.
Executing align2.BBMap [ow=t, fastareadlen=500, minhits=1, minratio=0.56, maxindel=20, qtrim=rl, untrim=t, trimq=6, t=1, in1=/scratch/gregg_thomas/Murinae-seq/01-Fastp/Pseudomys-gouldii/seq-run-2/52955_BH7T77BCX2_AGCAGGT_S18_L002_R1_001.fastp.fastq.gz, in2=/scratch/gregg_thomas/Murinae-seq/01-Fastp/Pseudomys-gouldii/seq-run-2/52955_BH7T77BCX2_AGCAGGT_S18_L002_R2_001.fastp.fastq.gz, minid=0.95, outu1=/scratch/gregg_thomas/Murinae-seq/02-Decon/Pseudomys-gouldii/seq-run-2/52955_BH7T77BCX2_AGCAGGT_S18_L002_R1_001.fastp.decon.fastq.gz, outu2=/scratch/gregg_thomas/Murinae-seq/02-Decon/Pseudomys-gouldii/seq-run-2/52955_BH7T77BCX2_AGCAGGT_S18_L002_R2_001.fastp.decon.fastq.gz, ref=/scratch/gregg_thomas/Murinae-seq/Contamination_Genomes/ref/genome/1/merged_ref_5759390567066404624.fa.gz]
Version 38.73

Set MINIMUM_ALIGNMENT_SCORE_RATIO to 0.560
Set threads to 1
Retaining first best site only for ambiguous mappings.
NOTE:	Ignoring reference file because it already appears to have been processed.
NOTE:	If you wish to regenerate the index, please manually delete /scratch/gregg_thomas/Murinae-seq/Contamination_Genomes/ref/genome/1/summary.txt
Set genome to 1

Loaded Reference:	10.906 seconds.
Loading index for chunk 1-2, build 1
Generated Index:	6.371 seconds.
Analyzed Index:   	11.200 seconds.
Started output stream:	0.075 seconds.
Cleared Memory:    	5.255 seconds.
Processing reads in paired-ended mode.
Started read stream.
Started 1 mapping thread.
Detecting finished threads: 0

   ------------------   Results   ------------------   

Genome:                	1
Key Length:            	13
Max Indel:             	20
Minimum Score Ratio:  	0.56
Mapping Mode:         	normal
Reads Used:           	36228126	(3246970764 bases)

Mapping:          	13019.152 seconds.
Reads/sec:       	2782.68
kBases/sec:      	249.40


Pairing data:   	pct pairs	num pairs 	pct bases	   num bases

mated pairs:     	  5.2119% 	   944086 	  5.1678% 	   167796426
bad pairs:       	  0.0089% 	     1620 	  0.0070% 	      226288
insert size avg: 	  184.31


Read 1 data:      	pct reads	num reads 	pct bases	   num bases

mapped:          	  5.2564% 	   952147 	  5.2111% 	    84583683
unambiguous:     	  2.7742% 	   502528 	  2.5901% 	    42041702
ambiguous:       	  2.4822% 	   449619 	  2.6209% 	    42541981
low-Q discards:  	  0.0000% 	        0 	  0.0000% 	           0

perfect best site:	  1.6766% 	   303709 	  1.8724% 	    30392711
semiperfect site:	  1.6910% 	   306308 	  1.8844% 	    30586193
rescued:         	  1.1984% 	   217078

Match Rate:      	      NA 	       NA 	 89.8938% 	    76638101
Error Rate:      	 58.5981% 	   647423 	  9.8278% 	     8378626
Sub Rate:        	 58.2100% 	   643135 	  7.9486% 	     6776490
Del Rate:        	 11.1371% 	   123049 	  0.7863% 	      670385
Ins Rate:        	 18.1239% 	   200243 	  1.0929% 	      931751
N Rate:          	  1.6054% 	    17737 	  0.2784% 	      237341


Read 2 data:      	pct reads	num reads 	pct bases	   num bases

mapped:          	  5.2417% 	   949476 	  5.1955% 	    84365458
unambiguous:     	  2.7564% 	   499287 	  2.5776% 	    41856064
ambiguous:       	  2.4853% 	   450189 	  2.6179% 	    42509394
low-Q discards:  	  0.0000% 	        9 	  0.0000% 	         292

perfect best site:	  1.4141% 	   256156 	  1.5820% 	    25689206
semiperfect site:	  1.4264% 	   258378 	  1.5928% 	    25863536
rescued:         	  1.3543% 	   245313

Match Rate:      	      NA 	       NA 	 89.8148% 	    76368057
Error Rate:      	 60.9234% 	   692500 	  9.9047% 	     8421842
Sub Rate:        	 60.5609% 	   688379 	  8.0718% 	     6863304
Del Rate:        	 10.8507% 	   123337 	  0.7796% 	      662919
Ins Rate:        	 17.2976% 	   196617 	  1.0533% 	      895619
N Rate:          	  1.5666% 	    17807 	  0.2805% 	      238478

Total time:     	13053.103 seconds.
