java -ea -Xmx10g -Xms10g -cp /home/gregg_thomas/bin/bbmap/current/ align2.BBSplitter ow=t fastareadlen=500 minhits=1 minratio=0.56 maxindel=20 qtrim=rl untrim=t trimq=6 -Xmx10g t=1 in1=/scratch/gregg_thomas/Murinae-seq/01-Fastp/Pseudomys-fumeus/seq-run-2/52929_AH7T7NBCX2_TAATCAT_S12_L002_R1_001.fastp.fastq.gz in2=/scratch/gregg_thomas/Murinae-seq/01-Fastp/Pseudomys-fumeus/seq-run-2/52929_AH7T7NBCX2_TAATCAT_S12_L002_R2_001.fastp.fastq.gz ref=/scratch/gregg_thomas/Murinae-seq/Contamination_Genomes/ path=/scratch/gregg_thomas/Murinae-seq/Contamination_Genomes/ minid=0.95 outu1=/scratch/gregg_thomas/Murinae-seq/02-Decon/Pseudomys-fumeus/seq-run-2/52929_AH7T7NBCX2_TAATCAT_S12_L002_R1_001.fastp.decon.fastq.gz outu2=/scratch/gregg_thomas/Murinae-seq/02-Decon/Pseudomys-fumeus/seq-run-2/52929_AH7T7NBCX2_TAATCAT_S12_L002_R2_001.fastp.decon.fastq.gz
Executing align2.BBSplitter [ow=t, fastareadlen=500, minhits=1, minratio=0.56, maxindel=20, qtrim=rl, untrim=t, trimq=6, -Xmx10g, t=1, in1=/scratch/gregg_thomas/Murinae-seq/01-Fastp/Pseudomys-fumeus/seq-run-2/52929_AH7T7NBCX2_TAATCAT_S12_L002_R1_001.fastp.fastq.gz, in2=/scratch/gregg_thomas/Murinae-seq/01-Fastp/Pseudomys-fumeus/seq-run-2/52929_AH7T7NBCX2_TAATCAT_S12_L002_R2_001.fastp.fastq.gz, ref=/scratch/gregg_thomas/Murinae-seq/Contamination_Genomes/, path=/scratch/gregg_thomas/Murinae-seq/Contamination_Genomes/, minid=0.95, outu1=/scratch/gregg_thomas/Murinae-seq/02-Decon/Pseudomys-fumeus/seq-run-2/52929_AH7T7NBCX2_TAATCAT_S12_L002_R1_001.fastp.decon.fastq.gz, outu2=/scratch/gregg_thomas/Murinae-seq/02-Decon/Pseudomys-fumeus/seq-run-2/52929_AH7T7NBCX2_TAATCAT_S12_L002_R2_001.fastp.decon.fastq.gz]

Converted arguments to [ow=t, fastareadlen=500, minhits=1, minratio=0.56, maxindel=20, qtrim=rl, untrim=t, trimq=6, t=1, in1=/scratch/gregg_thomas/Murinae-seq/01-Fastp/Pseudomys-fumeus/seq-run-2/52929_AH7T7NBCX2_TAATCAT_S12_L002_R1_001.fastp.fastq.gz, in2=/scratch/gregg_thomas/Murinae-seq/01-Fastp/Pseudomys-fumeus/seq-run-2/52929_AH7T7NBCX2_TAATCAT_S12_L002_R2_001.fastp.fastq.gz, path=/scratch/gregg_thomas/Murinae-seq/Contamination_Genomes/, minid=0.95, outu1=/scratch/gregg_thomas/Murinae-seq/02-Decon/Pseudomys-fumeus/seq-run-2/52929_AH7T7NBCX2_TAATCAT_S12_L002_R1_001.fastp.decon.fastq.gz, outu2=/scratch/gregg_thomas/Murinae-seq/02-Decon/Pseudomys-fumeus/seq-run-2/52929_AH7T7NBCX2_TAATCAT_S12_L002_R2_001.fastp.decon.fastq.gz, ref_Alcaligenes=/scratch/gregg_thomas/Murinae-seq/Contamination_Genomes/Alcaligenes.fa, ref_Novosphingobium=/scratch/gregg_thomas/Murinae-seq/Contamination_Genomes/Novosphingobium.fa, ref_Flavobacterium=/scratch/gregg_thomas/Murinae-seq/Contamination_Genomes/Flavobacterium.fa, ref_Ochrobactrum=/scratch/gregg_thomas/Murinae-seq/Contamination_Genomes/Ochrobactrum.fa, ref_Saccharomyces=/scratch/gregg_thomas/Murinae-seq/Contamination_Genomes/Saccharomyces.fa, ref_Scerevisiae=/scratch/gregg_thomas/Murinae-seq/Contamination_Genomes/Scerevisiae.fa, ref_UniVec=/scratch/gregg_thomas/Murinae-seq/Contamination_Genomes/UniVec.fa, ref_Drosophila_melanogaster=/scratch/gregg_thomas/Murinae-seq/Contamination_Genomes/Drosophila_melanogaster.fa, ref_Stenotrophomonas=/scratch/gregg_thomas/Murinae-seq/Contamination_Genomes/Stenotrophomonas.fa, ref_Pseudonocardia=/scratch/gregg_thomas/Murinae-seq/Contamination_Genomes/Pseudonocardia.fa, ref_Staphylococcus=/scratch/gregg_thomas/Murinae-seq/Contamination_Genomes/Staphylococcus.fa, ref_Malassezia=/scratch/gregg_thomas/Murinae-seq/Contamination_Genomes/Malassezia.fa, ref_Leifsonia=/scratch/gregg_thomas/Murinae-seq/Contamination_Genomes/Leifsonia.fa, ref_Achromobacter=/scratch/gregg_thomas/Murinae-seq/Contamination_Genomes/Achromobacter.fa, ref_Herbaspirillum=/scratch/gregg_thomas/Murinae-seq/Contamination_Genomes/Herbaspirillum.fa, ref_Mesorhizobium=/scratch/gregg_thomas/Murinae-seq/Contamination_Genomes/Mesorhizobium.fa, ref_Pedobacter=/scratch/gregg_thomas/Murinae-seq/Contamination_Genomes/Pedobacter.fa, ref_Burkholderia=/scratch/gregg_thomas/Murinae-seq/Contamination_Genomes/Burkholderia.fa, ref_Moraxella=/scratch/gregg_thomas/Murinae-seq/Contamination_Genomes/Moraxella.fa, ref_Acinetobacter=/scratch/gregg_thomas/Murinae-seq/Contamination_Genomes/Acinetobacter.fa, ref_Brevundimonas=/scratch/gregg_thomas/Murinae-seq/Contamination_Genomes/Brevundimonas.fa, ref_Puccinia=/scratch/gregg_thomas/Murinae-seq/Contamination_Genomes/Puccinia.fa, ref_Rhodococcus=/scratch/gregg_thomas/Murinae-seq/Contamination_Genomes/Rhodococcus.fa, ref_Methylobacterium=/scratch/gregg_thomas/Murinae-seq/Contamination_Genomes/Methylobacterium.fa, ref_Aminobacter=/scratch/gregg_thomas/Murinae-seq/Contamination_Genomes/Aminobacter.fa, ref_Schizosaccharomyces=/scratch/gregg_thomas/Murinae-seq/Contamination_Genomes/Schizosaccharomyces.fa, ref_Legionella=/scratch/gregg_thomas/Murinae-seq/Contamination_Genomes/Legionella.fa, ref_Curvibacter=/scratch/gregg_thomas/Murinae-seq/Contamination_Genomes/Curvibacter.fa, ref_Mycoplasma=/scratch/gregg_thomas/Murinae-seq/Contamination_Genomes/Mycoplasma.fa, ref_Magnaporthe=/scratch/gregg_thomas/Murinae-seq/Contamination_Genomes/Magnaporthe.fa, ref_Caenorhabditis=/scratch/gregg_thomas/Murinae-seq/Contamination_Genomes/Caenorhabditis.fa, ref_Sphingomonas=/scratch/gregg_thomas/Murinae-seq/Contamination_Genomes/Sphingomonas.fa, ref_Pseudomonas=/scratch/gregg_thomas/Murinae-seq/Contamination_Genomes/Pseudomonas.fa, ref_Salmonella=/scratch/gregg_thomas/Murinae-seq/Contamination_Genomes/Salmonella.fa, ref_Helcococcus=/scratch/gregg_thomas/Murinae-seq/Contamination_Genomes/Helcococcus.fa, ref_Afipia=/scratch/gregg_thomas/Murinae-seq/Contamination_Genomes/Afipia.fa, ref_Agrobacterium=/scratch/gregg_thomas/Murinae-seq/Contamination_Genomes/Agrobacterium.fa, ref_Phyllobacterium=/scratch/gregg_thomas/Murinae-seq/Contamination_Genomes/Phyllobacterium.fa, ref_Penicillium=/scratch/gregg_thomas/Murinae-seq/Contamination_Genomes/Penicillium.fa, ref_Corynebacterium=/scratch/gregg_thomas/Murinae-seq/Contamination_Genomes/Corynebacterium.fa, ref_Ecoli=/scratch/gregg_thomas/Murinae-seq/Contamination_Genomes/Ecoli.fa, ref_Bradyrhizobium=/scratch/gregg_thomas/Murinae-seq/Contamination_Genomes/Bradyrhizobium.fa, ref_Aspergillus=/scratch/gregg_thomas/Murinae-seq/Contamination_Genomes/Aspergillus.fa, ref_Ralstonia=/scratch/gregg_thomas/Murinae-seq/Contamination_Genomes/Ralstonia.fa, ref_Haemophilus=/scratch/gregg_thomas/Murinae-seq/Contamination_Genomes/Haemophilus.fa, ref_Microbacterium=/scratch/gregg_thomas/Murinae-seq/Contamination_Genomes/Microbacterium.fa, ref_Acidaminococcus=/scratch/gregg_thomas/Murinae-seq/Contamination_Genomes/Acidaminococcus.fa]
Merged reference file /scratch/gregg_thomas/Murinae-seq/Contamination_Genomes/ref/genome/1/merged_ref_5759390567066404624.fa.gz already exists; skipping merge.
Ref merge time:     	0.051 seconds.
Executing align2.BBMap [ow=t, fastareadlen=500, minhits=1, minratio=0.56, maxindel=20, qtrim=rl, untrim=t, trimq=6, t=1, in1=/scratch/gregg_thomas/Murinae-seq/01-Fastp/Pseudomys-fumeus/seq-run-2/52929_AH7T7NBCX2_TAATCAT_S12_L002_R1_001.fastp.fastq.gz, in2=/scratch/gregg_thomas/Murinae-seq/01-Fastp/Pseudomys-fumeus/seq-run-2/52929_AH7T7NBCX2_TAATCAT_S12_L002_R2_001.fastp.fastq.gz, minid=0.95, outu1=/scratch/gregg_thomas/Murinae-seq/02-Decon/Pseudomys-fumeus/seq-run-2/52929_AH7T7NBCX2_TAATCAT_S12_L002_R1_001.fastp.decon.fastq.gz, outu2=/scratch/gregg_thomas/Murinae-seq/02-Decon/Pseudomys-fumeus/seq-run-2/52929_AH7T7NBCX2_TAATCAT_S12_L002_R2_001.fastp.decon.fastq.gz, ref=/scratch/gregg_thomas/Murinae-seq/Contamination_Genomes/ref/genome/1/merged_ref_5759390567066404624.fa.gz]
Version 38.73

Set MINIMUM_ALIGNMENT_SCORE_RATIO to 0.560
Set threads to 1
Retaining first best site only for ambiguous mappings.
NOTE:	Ignoring reference file because it already appears to have been processed.
NOTE:	If you wish to regenerate the index, please manually delete /scratch/gregg_thomas/Murinae-seq/Contamination_Genomes/ref/genome/1/summary.txt
Set genome to 1

Loaded Reference:	5.136 seconds.
Loading index for chunk 1-2, build 1
Generated Index:	13.700 seconds.
Analyzed Index:   	6.585 seconds.
Started output stream:	0.063 seconds.
Cleared Memory:    	4.906 seconds.
Processing reads in paired-ended mode.
Started read stream.
Started 1 mapping thread.
Detecting finished threads: 0

   ------------------   Results   ------------------   

Genome:                	1
Key Length:            	13
Max Indel:             	20
Minimum Score Ratio:  	0.56
Mapping Mode:         	normal
Reads Used:           	17582114	(1771666213 bases)

Mapping:          	2093.125 seconds.
Reads/sec:       	8399.94
kBases/sec:      	846.42


Pairing data:   	pct pairs	num pairs 	pct bases	   num bases

mated pairs:     	  6.5235% 	   573481 	  6.3687% 	   112831782
bad pairs:       	  0.1374% 	    12077 	  0.1376% 	     2438084
insert size avg: 	  275.95


Read 1 data:      	pct reads	num reads 	pct bases	   num bases

mapped:          	  6.7073% 	   589646 	  6.5548% 	    58041626
unambiguous:     	  4.2099% 	   370099 	  4.0628% 	    35975056
ambiguous:       	  2.4974% 	   219547 	  2.4920% 	    22066570
low-Q discards:  	  0.0000% 	        0 	  0.0000% 	           0

perfect best site:	  4.7567% 	   418165 	  4.6291% 	    40989344
semiperfect site:	  4.9109% 	   431719 	  4.7818% 	    42341774
rescued:         	  0.0680% 	     5975

Match Rate:      	      NA 	       NA 	 99.2581% 	    57624877
Error Rate:      	 27.7372% 	   170821 	  0.6894% 	      400219
Sub Rate:        	 27.0987% 	   166889 	  0.6281% 	      364636
Del Rate:        	  0.7078% 	     4359 	  0.0241% 	       13969
Ins Rate:        	  1.1038% 	     6798 	  0.0372% 	       21614
N Rate:          	  0.3046% 	     1876 	  0.0525% 	       30499


Read 2 data:      	pct reads	num reads 	pct bases	   num bases

mapped:          	  6.6912% 	   588224 	  6.6069% 	    58549237
unambiguous:     	  4.2034% 	   369526 	  4.1249% 	    36554391
ambiguous:       	  2.4877% 	   218698 	  2.4820% 	    21994846
low-Q discards:  	  0.0000% 	        0 	  0.0000% 	           0

perfect best site:	  4.3445% 	   381926 	  4.2814% 	    37940774
semiperfect site:	  4.5166% 	   397053 	  4.4527% 	    39459506
rescued:         	  0.0850% 	     7474

Match Rate:      	      NA 	       NA 	 99.0200% 	    57989871
Error Rate:      	 33.3763% 	   205448 	  0.9235% 	      540856
Sub Rate:        	 32.7265% 	   201448 	  0.8557% 	      501106
Del Rate:        	  0.6744% 	     4151 	  0.0249% 	       14586
Ins Rate:        	  1.2698% 	     7816 	  0.0430% 	       25164
N Rate:          	  0.2869% 	     1766 	  0.0565% 	       33096

Total time:     	2123.651 seconds.
