java -ea -Xmx15g -Xms15g -cp /home/gt156213e/anaconda3/envs/biotools/opt/bbmap-38.79-0/current/ align2.BBSplitter ow=t fastareadlen=500 minhits=1 minratio=0.56 maxindel=20 qtrim=rl untrim=t trimq=6 -Xmx15g t=1 in1=/mnt/beegfs/gt156213e/murinae-seq/01-Assembly-data/01-Fastp/Rattus-colletti/seq-run-2/52951_BH7T77BCX2_GCTAATC_S14_L002_R1_001.fastp.fastq.gz in2=/mnt/beegfs/gt156213e/murinae-seq/01-Assembly-data/01-Fastp/Rattus-colletti/seq-run-2/52951_BH7T77BCX2_GCTAATC_S14_L002_R2_001.fastp.fastq.gz ref=/mnt/beegfs/gt156213e/murinae-seq/01-Assembly-data/Contamination_Genomes path=/mnt/beegfs/gt156213e/murinae-seq/01-Assembly-data/Contamination_Genomes minid=0.99 outu1=/mnt/beegfs/gt156213e/murinae-seq/01-Assembly-data/02-Decon/Rattus-colletti/seq-run-2/52951_BH7T77BCX2_GCTAATC_S14_L002_R1_001.fastp.decon.fastq.gz outu2=/mnt/beegfs/gt156213e/murinae-seq/01-Assembly-data/02-Decon/Rattus-colletti/seq-run-2/52951_BH7T77BCX2_GCTAATC_S14_L002_R2_001.fastp.decon.fastq.gz
Executing align2.BBSplitter [ow=t, fastareadlen=500, minhits=1, minratio=0.56, maxindel=20, qtrim=rl, untrim=t, trimq=6, -Xmx15g, t=1, in1=/mnt/beegfs/gt156213e/murinae-seq/01-Assembly-data/01-Fastp/Rattus-colletti/seq-run-2/52951_BH7T77BCX2_GCTAATC_S14_L002_R1_001.fastp.fastq.gz, in2=/mnt/beegfs/gt156213e/murinae-seq/01-Assembly-data/01-Fastp/Rattus-colletti/seq-run-2/52951_BH7T77BCX2_GCTAATC_S14_L002_R2_001.fastp.fastq.gz, ref=/mnt/beegfs/gt156213e/murinae-seq/01-Assembly-data/Contamination_Genomes, path=/mnt/beegfs/gt156213e/murinae-seq/01-Assembly-data/Contamination_Genomes, minid=0.99, outu1=/mnt/beegfs/gt156213e/murinae-seq/01-Assembly-data/02-Decon/Rattus-colletti/seq-run-2/52951_BH7T77BCX2_GCTAATC_S14_L002_R1_001.fastp.decon.fastq.gz, outu2=/mnt/beegfs/gt156213e/murinae-seq/01-Assembly-data/02-Decon/Rattus-colletti/seq-run-2/52951_BH7T77BCX2_GCTAATC_S14_L002_R2_001.fastp.decon.fastq.gz]

Converted arguments to [ow=t, fastareadlen=500, minhits=1, minratio=0.56, maxindel=20, qtrim=rl, untrim=t, trimq=6, t=1, in1=/mnt/beegfs/gt156213e/murinae-seq/01-Assembly-data/01-Fastp/Rattus-colletti/seq-run-2/52951_BH7T77BCX2_GCTAATC_S14_L002_R1_001.fastp.fastq.gz, in2=/mnt/beegfs/gt156213e/murinae-seq/01-Assembly-data/01-Fastp/Rattus-colletti/seq-run-2/52951_BH7T77BCX2_GCTAATC_S14_L002_R2_001.fastp.fastq.gz, path=/mnt/beegfs/gt156213e/murinae-seq/01-Assembly-data/Contamination_Genomes, minid=0.99, outu1=/mnt/beegfs/gt156213e/murinae-seq/01-Assembly-data/02-Decon/Rattus-colletti/seq-run-2/52951_BH7T77BCX2_GCTAATC_S14_L002_R1_001.fastp.decon.fastq.gz, outu2=/mnt/beegfs/gt156213e/murinae-seq/01-Assembly-data/02-Decon/Rattus-colletti/seq-run-2/52951_BH7T77BCX2_GCTAATC_S14_L002_R2_001.fastp.decon.fastq.gz, ref_Alcaligenes=/mnt/beegfs/gt156213e/murinae-seq/01-Assembly-data/Contamination_Genomes/Alcaligenes.fa, ref_Novosphingobium=/mnt/beegfs/gt156213e/murinae-seq/01-Assembly-data/Contamination_Genomes/Novosphingobium.fa, ref_Flavobacterium=/mnt/beegfs/gt156213e/murinae-seq/01-Assembly-data/Contamination_Genomes/Flavobacterium.fa, ref_Ochrobactrum=/mnt/beegfs/gt156213e/murinae-seq/01-Assembly-data/Contamination_Genomes/Ochrobactrum.fa, ref_Saccharomyces=/mnt/beegfs/gt156213e/murinae-seq/01-Assembly-data/Contamination_Genomes/Saccharomyces.fa, ref_Scerevisiae=/mnt/beegfs/gt156213e/murinae-seq/01-Assembly-data/Contamination_Genomes/Scerevisiae.fa, ref_UniVec=/mnt/beegfs/gt156213e/murinae-seq/01-Assembly-data/Contamination_Genomes/UniVec.fa, ref_Drosophila_melanogaster=/mnt/beegfs/gt156213e/murinae-seq/01-Assembly-data/Contamination_Genomes/Drosophila_melanogaster.fa, ref_Stenotrophomonas=/mnt/beegfs/gt156213e/murinae-seq/01-Assembly-data/Contamination_Genomes/Stenotrophomonas.fa, ref_Pseudonocardia=/mnt/beegfs/gt156213e/murinae-seq/01-Assembly-data/Contamination_Genomes/Pseudonocardia.fa, ref_Staphylococcus=/mnt/beegfs/gt156213e/murinae-seq/01-Assembly-data/Contamination_Genomes/Staphylococcus.fa, ref_Malassezia=/mnt/beegfs/gt156213e/murinae-seq/01-Assembly-data/Contamination_Genomes/Malassezia.fa, ref_Leifsonia=/mnt/beegfs/gt156213e/murinae-seq/01-Assembly-data/Contamination_Genomes/Leifsonia.fa, ref_Achromobacter=/mnt/beegfs/gt156213e/murinae-seq/01-Assembly-data/Contamination_Genomes/Achromobacter.fa, ref_Herbaspirillum=/mnt/beegfs/gt156213e/murinae-seq/01-Assembly-data/Contamination_Genomes/Herbaspirillum.fa, ref_Mesorhizobium=/mnt/beegfs/gt156213e/murinae-seq/01-Assembly-data/Contamination_Genomes/Mesorhizobium.fa, ref_Pedobacter=/mnt/beegfs/gt156213e/murinae-seq/01-Assembly-data/Contamination_Genomes/Pedobacter.fa, ref_Burkholderia=/mnt/beegfs/gt156213e/murinae-seq/01-Assembly-data/Contamination_Genomes/Burkholderia.fa, ref_Moraxella=/mnt/beegfs/gt156213e/murinae-seq/01-Assembly-data/Contamination_Genomes/Moraxella.fa, ref_Acinetobacter=/mnt/beegfs/gt156213e/murinae-seq/01-Assembly-data/Contamination_Genomes/Acinetobacter.fa, ref_Brevundimonas=/mnt/beegfs/gt156213e/murinae-seq/01-Assembly-data/Contamination_Genomes/Brevundimonas.fa, ref_Puccinia=/mnt/beegfs/gt156213e/murinae-seq/01-Assembly-data/Contamination_Genomes/Puccinia.fa, ref_Rhodococcus=/mnt/beegfs/gt156213e/murinae-seq/01-Assembly-data/Contamination_Genomes/Rhodococcus.fa, ref_Methylobacterium=/mnt/beegfs/gt156213e/murinae-seq/01-Assembly-data/Contamination_Genomes/Methylobacterium.fa, ref_Aminobacter=/mnt/beegfs/gt156213e/murinae-seq/01-Assembly-data/Contamination_Genomes/Aminobacter.fa, ref_Schizosaccharomyces=/mnt/beegfs/gt156213e/murinae-seq/01-Assembly-data/Contamination_Genomes/Schizosaccharomyces.fa, ref_Legionella=/mnt/beegfs/gt156213e/murinae-seq/01-Assembly-data/Contamination_Genomes/Legionella.fa, ref_Curvibacter=/mnt/beegfs/gt156213e/murinae-seq/01-Assembly-data/Contamination_Genomes/Curvibacter.fa, ref_Mycoplasma=/mnt/beegfs/gt156213e/murinae-seq/01-Assembly-data/Contamination_Genomes/Mycoplasma.fa, ref_Magnaporthe=/mnt/beegfs/gt156213e/murinae-seq/01-Assembly-data/Contamination_Genomes/Magnaporthe.fa, ref_Caenorhabditis=/mnt/beegfs/gt156213e/murinae-seq/01-Assembly-data/Contamination_Genomes/Caenorhabditis.fa, ref_Sphingomonas=/mnt/beegfs/gt156213e/murinae-seq/01-Assembly-data/Contamination_Genomes/Sphingomonas.fa, ref_Pseudomonas=/mnt/beegfs/gt156213e/murinae-seq/01-Assembly-data/Contamination_Genomes/Pseudomonas.fa, ref_Salmonella=/mnt/beegfs/gt156213e/murinae-seq/01-Assembly-data/Contamination_Genomes/Salmonella.fa, ref_Helcococcus=/mnt/beegfs/gt156213e/murinae-seq/01-Assembly-data/Contamination_Genomes/Helcococcus.fa, ref_Afipia=/mnt/beegfs/gt156213e/murinae-seq/01-Assembly-data/Contamination_Genomes/Afipia.fa, ref_Agrobacterium=/mnt/beegfs/gt156213e/murinae-seq/01-Assembly-data/Contamination_Genomes/Agrobacterium.fa, ref_Phyllobacterium=/mnt/beegfs/gt156213e/murinae-seq/01-Assembly-data/Contamination_Genomes/Phyllobacterium.fa, ref_Penicillium=/mnt/beegfs/gt156213e/murinae-seq/01-Assembly-data/Contamination_Genomes/Penicillium.fa, ref_Corynebacterium=/mnt/beegfs/gt156213e/murinae-seq/01-Assembly-data/Contamination_Genomes/Corynebacterium.fa, ref_Ecoli=/mnt/beegfs/gt156213e/murinae-seq/01-Assembly-data/Contamination_Genomes/Ecoli.fa, ref_Bradyrhizobium=/mnt/beegfs/gt156213e/murinae-seq/01-Assembly-data/Contamination_Genomes/Bradyrhizobium.fa, ref_Aspergillus=/mnt/beegfs/gt156213e/murinae-seq/01-Assembly-data/Contamination_Genomes/Aspergillus.fa, ref_Ralstonia=/mnt/beegfs/gt156213e/murinae-seq/01-Assembly-data/Contamination_Genomes/Ralstonia.fa, ref_Haemophilus=/mnt/beegfs/gt156213e/murinae-seq/01-Assembly-data/Contamination_Genomes/Haemophilus.fa, ref_Microbacterium=/mnt/beegfs/gt156213e/murinae-seq/01-Assembly-data/Contamination_Genomes/Microbacterium.fa, ref_Acidaminococcus=/mnt/beegfs/gt156213e/murinae-seq/01-Assembly-data/Contamination_Genomes/Acidaminococcus.fa]
Merged reference file /mnt/beegfs/gt156213e/murinae-seq/01-Assembly-data/Contamination_Genomes/ref/genome/1/merged_ref_5759390567066404624.fa.gz already exists; skipping merge.
Ref merge time:     	0.138 seconds.
Executing align2.BBMap [ow=t, fastareadlen=500, minhits=1, minratio=0.56, maxindel=20, qtrim=rl, untrim=t, trimq=6, t=1, in1=/mnt/beegfs/gt156213e/murinae-seq/01-Assembly-data/01-Fastp/Rattus-colletti/seq-run-2/52951_BH7T77BCX2_GCTAATC_S14_L002_R1_001.fastp.fastq.gz, in2=/mnt/beegfs/gt156213e/murinae-seq/01-Assembly-data/01-Fastp/Rattus-colletti/seq-run-2/52951_BH7T77BCX2_GCTAATC_S14_L002_R2_001.fastp.fastq.gz, minid=0.99, outu1=/mnt/beegfs/gt156213e/murinae-seq/01-Assembly-data/02-Decon/Rattus-colletti/seq-run-2/52951_BH7T77BCX2_GCTAATC_S14_L002_R1_001.fastp.decon.fastq.gz, outu2=/mnt/beegfs/gt156213e/murinae-seq/01-Assembly-data/02-Decon/Rattus-colletti/seq-run-2/52951_BH7T77BCX2_GCTAATC_S14_L002_R2_001.fastp.decon.fastq.gz, ref=/mnt/beegfs/gt156213e/murinae-seq/01-Assembly-data/Contamination_Genomes/ref/genome/1/merged_ref_5759390567066404624.fa.gz]
Version 38.79

Set MINIMUM_ALIGNMENT_SCORE_RATIO to 0.560
Set threads to 1
Retaining first best site only for ambiguous mappings.
NOTE:	Ignoring reference file because it already appears to have been processed.
NOTE:	If you wish to regenerate the index, please manually delete /mnt/beegfs/gt156213e/murinae-seq/01-Assembly-data/Contamination_Genomes/ref/genome/1/summary.txt
Set genome to 1

Loaded Reference:	6.445 seconds.
Loading index for chunk 1-2, build 1
Generated Index:	151.353 seconds.
Analyzed Index:   	7.609 seconds.
Started output stream:	0.068 seconds.
Cleared Memory:    	0.699 seconds.
Processing reads in paired-ended mode.
Started read stream.
Started 1 mapping thread.
Detecting finished threads: 0

   ------------------   Results   ------------------   

Genome:                	1
Key Length:            	13
Max Indel:             	20
Minimum Score Ratio:  	0.56
Mapping Mode:         	normal
Reads Used:           	9617126	(967961944 bases)

Mapping:          	1413.130 seconds.
Reads/sec:       	6805.55
kBases/sec:      	684.98


Pairing data:   	pct pairs	num pairs 	pct bases	   num bases

mated pairs:     	  2.2740% 	   109347 	  2.2428% 	    21709826
bad pairs:       	  0.0009% 	       42 	  0.0009% 	        8484
insert size avg: 	  327.54


Read 1 data:      	pct reads	num reads 	pct bases	   num bases

mapped:          	  2.2825% 	   109757 	  2.2513% 	    10895833
unambiguous:     	  0.2094% 	    10067 	  0.1839% 	      890177
ambiguous:       	  2.0732% 	    99690 	  2.0674% 	    10005656
low-Q discards:  	  0.0000% 	        0 	  0.0000% 	           0

perfect best site:	  1.8362% 	    88297 	  1.8414% 	     8911816
semiperfect site:	  1.8378% 	    88373 	  1.8428% 	     8918679
rescued:         	  0.1023% 	     4918

Match Rate:      	      NA 	       NA 	 98.1413% 	    10707331
Error Rate:      	 17.7080% 	    21427 	  1.8370% 	      200415
Sub Rate:        	 17.5815% 	    21274 	  1.5480% 	      168892
Del Rate:        	  2.0479% 	     2478 	  0.1309% 	       14282
Ins Rate:        	  2.7768% 	     3360 	  0.1580% 	       17241
N Rate:          	  0.1826% 	      221 	  0.0217% 	        2369


Read 2 data:      	pct reads	num reads 	pct bases	   num bases

mapped:          	  2.2762% 	   109452 	  2.2449% 	    10865068
unambiguous:     	  0.2083% 	    10017 	  0.1832% 	      886564
ambiguous:       	  2.0679% 	    99435 	  2.0618% 	     9978504
low-Q discards:  	  0.0000% 	        0 	  0.0000% 	           0

perfect best site:	  1.5887% 	    76396 	  1.5932% 	     7710853
semiperfect site:	  1.5910% 	    76505 	  1.5954% 	     7721216
rescued:         	  0.1183% 	     5687

Match Rate:      	      NA 	       NA 	 97.7146% 	    10629856
Error Rate:      	 27.2995% 	    33019 	  2.2587% 	      245717
Sub Rate:        	 27.1986% 	    32897 	  1.9718% 	      214501
Del Rate:        	  2.0025% 	     2422 	  0.1232% 	       13404
Ins Rate:        	  2.8458% 	     3442 	  0.1637% 	       17812
N Rate:          	  0.2026% 	      245 	  0.0266% 	        2899

Total time:     	1579.443 seconds.
