java -ea -Xmx10g -Xms10g -cp /home/gregg_thomas/bin/bbmap/current/ align2.BBSplitter ow=t fastareadlen=500 minhits=1 minratio=0.56 maxindel=20 qtrim=rl untrim=t trimq=6 -Xmx10g t=1 in1=/scratch/gregg_thomas/Murinae-seq/01-Fastp/Thamnomys-kempi/hiseq4000-paired-1/REC23_CKDL190143344-1a-D701-AK1546_H7275BBXX_L3_R1_.fastp.fastq.gz in2=/scratch/gregg_thomas/Murinae-seq/01-Fastp/Thamnomys-kempi/hiseq4000-paired-1/REC23_CKDL190143344-1a-D701-AK1546_H7275BBXX_L3_R2_.fastp.fastq.gz ref=/scratch/gregg_thomas/Murinae-seq/Contamination_Genomes/ path=/scratch/gregg_thomas/Murinae-seq/Contamination_Genomes/ minid=0.95 outu1=/scratch/gregg_thomas/Murinae-seq/02-Decon/Thamnomys-kempi/hiseq4000-paired-1/REC23_CKDL190143344-1a-D701-AK1546_H7275BBXX_L3_R1_.fastp.decon.fastq.gz outu2=/scratch/gregg_thomas/Murinae-seq/02-Decon/Thamnomys-kempi/hiseq4000-paired-1/REC23_CKDL190143344-1a-D701-AK1546_H7275BBXX_L3_R2_.fastp.decon.fastq.gz
Executing align2.BBSplitter [ow=t, fastareadlen=500, minhits=1, minratio=0.56, maxindel=20, qtrim=rl, untrim=t, trimq=6, -Xmx10g, t=1, in1=/scratch/gregg_thomas/Murinae-seq/01-Fastp/Thamnomys-kempi/hiseq4000-paired-1/REC23_CKDL190143344-1a-D701-AK1546_H7275BBXX_L3_R1_.fastp.fastq.gz, in2=/scratch/gregg_thomas/Murinae-seq/01-Fastp/Thamnomys-kempi/hiseq4000-paired-1/REC23_CKDL190143344-1a-D701-AK1546_H7275BBXX_L3_R2_.fastp.fastq.gz, ref=/scratch/gregg_thomas/Murinae-seq/Contamination_Genomes/, path=/scratch/gregg_thomas/Murinae-seq/Contamination_Genomes/, minid=0.95, outu1=/scratch/gregg_thomas/Murinae-seq/02-Decon/Thamnomys-kempi/hiseq4000-paired-1/REC23_CKDL190143344-1a-D701-AK1546_H7275BBXX_L3_R1_.fastp.decon.fastq.gz, outu2=/scratch/gregg_thomas/Murinae-seq/02-Decon/Thamnomys-kempi/hiseq4000-paired-1/REC23_CKDL190143344-1a-D701-AK1546_H7275BBXX_L3_R2_.fastp.decon.fastq.gz]

Converted arguments to [ow=t, fastareadlen=500, minhits=1, minratio=0.56, maxindel=20, qtrim=rl, untrim=t, trimq=6, t=1, in1=/scratch/gregg_thomas/Murinae-seq/01-Fastp/Thamnomys-kempi/hiseq4000-paired-1/REC23_CKDL190143344-1a-D701-AK1546_H7275BBXX_L3_R1_.fastp.fastq.gz, in2=/scratch/gregg_thomas/Murinae-seq/01-Fastp/Thamnomys-kempi/hiseq4000-paired-1/REC23_CKDL190143344-1a-D701-AK1546_H7275BBXX_L3_R2_.fastp.fastq.gz, path=/scratch/gregg_thomas/Murinae-seq/Contamination_Genomes/, minid=0.95, outu1=/scratch/gregg_thomas/Murinae-seq/02-Decon/Thamnomys-kempi/hiseq4000-paired-1/REC23_CKDL190143344-1a-D701-AK1546_H7275BBXX_L3_R1_.fastp.decon.fastq.gz, outu2=/scratch/gregg_thomas/Murinae-seq/02-Decon/Thamnomys-kempi/hiseq4000-paired-1/REC23_CKDL190143344-1a-D701-AK1546_H7275BBXX_L3_R2_.fastp.decon.fastq.gz, ref_Alcaligenes=/scratch/gregg_thomas/Murinae-seq/Contamination_Genomes/Alcaligenes.fa, ref_Novosphingobium=/scratch/gregg_thomas/Murinae-seq/Contamination_Genomes/Novosphingobium.fa, ref_Flavobacterium=/scratch/gregg_thomas/Murinae-seq/Contamination_Genomes/Flavobacterium.fa, ref_Ochrobactrum=/scratch/gregg_thomas/Murinae-seq/Contamination_Genomes/Ochrobactrum.fa, ref_Saccharomyces=/scratch/gregg_thomas/Murinae-seq/Contamination_Genomes/Saccharomyces.fa, ref_Scerevisiae=/scratch/gregg_thomas/Murinae-seq/Contamination_Genomes/Scerevisiae.fa, ref_UniVec=/scratch/gregg_thomas/Murinae-seq/Contamination_Genomes/UniVec.fa, ref_Drosophila_melanogaster=/scratch/gregg_thomas/Murinae-seq/Contamination_Genomes/Drosophila_melanogaster.fa, ref_Stenotrophomonas=/scratch/gregg_thomas/Murinae-seq/Contamination_Genomes/Stenotrophomonas.fa, ref_Pseudonocardia=/scratch/gregg_thomas/Murinae-seq/Contamination_Genomes/Pseudonocardia.fa, ref_Staphylococcus=/scratch/gregg_thomas/Murinae-seq/Contamination_Genomes/Staphylococcus.fa, ref_Malassezia=/scratch/gregg_thomas/Murinae-seq/Contamination_Genomes/Malassezia.fa, ref_Leifsonia=/scratch/gregg_thomas/Murinae-seq/Contamination_Genomes/Leifsonia.fa, ref_Achromobacter=/scratch/gregg_thomas/Murinae-seq/Contamination_Genomes/Achromobacter.fa, ref_Herbaspirillum=/scratch/gregg_thomas/Murinae-seq/Contamination_Genomes/Herbaspirillum.fa, ref_Mesorhizobium=/scratch/gregg_thomas/Murinae-seq/Contamination_Genomes/Mesorhizobium.fa, ref_Pedobacter=/scratch/gregg_thomas/Murinae-seq/Contamination_Genomes/Pedobacter.fa, ref_Burkholderia=/scratch/gregg_thomas/Murinae-seq/Contamination_Genomes/Burkholderia.fa, ref_Moraxella=/scratch/gregg_thomas/Murinae-seq/Contamination_Genomes/Moraxella.fa, ref_Acinetobacter=/scratch/gregg_thomas/Murinae-seq/Contamination_Genomes/Acinetobacter.fa, ref_Brevundimonas=/scratch/gregg_thomas/Murinae-seq/Contamination_Genomes/Brevundimonas.fa, ref_Puccinia=/scratch/gregg_thomas/Murinae-seq/Contamination_Genomes/Puccinia.fa, ref_Rhodococcus=/scratch/gregg_thomas/Murinae-seq/Contamination_Genomes/Rhodococcus.fa, ref_Methylobacterium=/scratch/gregg_thomas/Murinae-seq/Contamination_Genomes/Methylobacterium.fa, ref_Aminobacter=/scratch/gregg_thomas/Murinae-seq/Contamination_Genomes/Aminobacter.fa, ref_Schizosaccharomyces=/scratch/gregg_thomas/Murinae-seq/Contamination_Genomes/Schizosaccharomyces.fa, ref_Legionella=/scratch/gregg_thomas/Murinae-seq/Contamination_Genomes/Legionella.fa, ref_Curvibacter=/scratch/gregg_thomas/Murinae-seq/Contamination_Genomes/Curvibacter.fa, ref_Mycoplasma=/scratch/gregg_thomas/Murinae-seq/Contamination_Genomes/Mycoplasma.fa, ref_Magnaporthe=/scratch/gregg_thomas/Murinae-seq/Contamination_Genomes/Magnaporthe.fa, ref_Caenorhabditis=/scratch/gregg_thomas/Murinae-seq/Contamination_Genomes/Caenorhabditis.fa, ref_Sphingomonas=/scratch/gregg_thomas/Murinae-seq/Contamination_Genomes/Sphingomonas.fa, ref_Pseudomonas=/scratch/gregg_thomas/Murinae-seq/Contamination_Genomes/Pseudomonas.fa, ref_Salmonella=/scratch/gregg_thomas/Murinae-seq/Contamination_Genomes/Salmonella.fa, ref_Helcococcus=/scratch/gregg_thomas/Murinae-seq/Contamination_Genomes/Helcococcus.fa, ref_Afipia=/scratch/gregg_thomas/Murinae-seq/Contamination_Genomes/Afipia.fa, ref_Agrobacterium=/scratch/gregg_thomas/Murinae-seq/Contamination_Genomes/Agrobacterium.fa, ref_Phyllobacterium=/scratch/gregg_thomas/Murinae-seq/Contamination_Genomes/Phyllobacterium.fa, ref_Penicillium=/scratch/gregg_thomas/Murinae-seq/Contamination_Genomes/Penicillium.fa, ref_Corynebacterium=/scratch/gregg_thomas/Murinae-seq/Contamination_Genomes/Corynebacterium.fa, ref_Ecoli=/scratch/gregg_thomas/Murinae-seq/Contamination_Genomes/Ecoli.fa, ref_Bradyrhizobium=/scratch/gregg_thomas/Murinae-seq/Contamination_Genomes/Bradyrhizobium.fa, ref_Aspergillus=/scratch/gregg_thomas/Murinae-seq/Contamination_Genomes/Aspergillus.fa, ref_Ralstonia=/scratch/gregg_thomas/Murinae-seq/Contamination_Genomes/Ralstonia.fa, ref_Haemophilus=/scratch/gregg_thomas/Murinae-seq/Contamination_Genomes/Haemophilus.fa, ref_Microbacterium=/scratch/gregg_thomas/Murinae-seq/Contamination_Genomes/Microbacterium.fa, ref_Acidaminococcus=/scratch/gregg_thomas/Murinae-seq/Contamination_Genomes/Acidaminococcus.fa]
Merged reference file /scratch/gregg_thomas/Murinae-seq/Contamination_Genomes/ref/genome/1/merged_ref_5759390567066404624.fa.gz already exists; skipping merge.
Ref merge time:     	0.237 seconds.
Executing align2.BBMap [ow=t, fastareadlen=500, minhits=1, minratio=0.56, maxindel=20, qtrim=rl, untrim=t, trimq=6, t=1, in1=/scratch/gregg_thomas/Murinae-seq/01-Fastp/Thamnomys-kempi/hiseq4000-paired-1/REC23_CKDL190143344-1a-D701-AK1546_H7275BBXX_L3_R1_.fastp.fastq.gz, in2=/scratch/gregg_thomas/Murinae-seq/01-Fastp/Thamnomys-kempi/hiseq4000-paired-1/REC23_CKDL190143344-1a-D701-AK1546_H7275BBXX_L3_R2_.fastp.fastq.gz, minid=0.95, outu1=/scratch/gregg_thomas/Murinae-seq/02-Decon/Thamnomys-kempi/hiseq4000-paired-1/REC23_CKDL190143344-1a-D701-AK1546_H7275BBXX_L3_R1_.fastp.decon.fastq.gz, outu2=/scratch/gregg_thomas/Murinae-seq/02-Decon/Thamnomys-kempi/hiseq4000-paired-1/REC23_CKDL190143344-1a-D701-AK1546_H7275BBXX_L3_R2_.fastp.decon.fastq.gz, ref=/scratch/gregg_thomas/Murinae-seq/Contamination_Genomes/ref/genome/1/merged_ref_5759390567066404624.fa.gz]
Version 38.73

Set MINIMUM_ALIGNMENT_SCORE_RATIO to 0.560
Set threads to 1
Retaining first best site only for ambiguous mappings.
NOTE:	Ignoring reference file because it already appears to have been processed.
NOTE:	If you wish to regenerate the index, please manually delete /scratch/gregg_thomas/Murinae-seq/Contamination_Genomes/ref/genome/1/summary.txt
Set genome to 1

Loaded Reference:	6.752 seconds.
Loading index for chunk 1-2, build 1
Generated Index:	40.573 seconds.
Analyzed Index:   	9.329 seconds.
Started output stream:	0.066 seconds.
Cleared Memory:    	5.583 seconds.
Processing reads in paired-ended mode.
Started read stream.
Started 1 mapping thread.
Detecting finished threads: 0

   ------------------   Results   ------------------   

Genome:                	1
Key Length:            	13
Max Indel:             	20
Minimum Score Ratio:  	0.56
Mapping Mode:         	normal
Reads Used:           	32737844	(4887423411 bases)

Mapping:          	3359.727 seconds.
Reads/sec:       	9744.20
kBases/sec:      	1454.71


Pairing data:   	pct pairs	num pairs 	pct bases	   num bases

mated pairs:     	  0.1062% 	    17385 	  0.0904% 	     4418348
bad pairs:       	  0.0001% 	       17 	  0.0000% 	        2208
insert size avg: 	  210.74


Read 1 data:      	pct reads	num reads 	pct bases	   num bases

mapped:          	  0.1070% 	    17520 	  0.0911% 	     2226210
unambiguous:     	  0.0684% 	    11194 	  0.0585% 	     1429355
ambiguous:       	  0.0386% 	     6326 	  0.0326% 	      796855
low-Q discards:  	  0.0000% 	        0 	  0.0000% 	           0

perfect best site:	  0.0003% 	       49 	  0.0002% 	        5723
semiperfect site:	  0.0004% 	       70 	  0.0003% 	        8122
rescued:         	  0.0213% 	     3494

Match Rate:      	      NA 	       NA 	 83.7476% 	     1868964
Error Rate:      	 52.4913% 	    17467 	 16.2256% 	      362101
Sub Rate:        	 52.4132% 	    17441 	 15.1214% 	      337458
Del Rate:        	  2.5424% 	      846 	  0.2443% 	        5453
Ins Rate:        	  6.5573% 	     2182 	  0.8599% 	       19190
N Rate:          	  0.1503% 	       50 	  0.0268% 	         598


Read 2 data:      	pct reads	num reads 	pct bases	   num bases

mapped:          	  0.1070% 	    17515 	  0.0907% 	     2217472
unambiguous:     	  0.0680% 	    11126 	  0.0580% 	     1418550
ambiguous:       	  0.0390% 	     6389 	  0.0327% 	      798922
low-Q discards:  	  0.0000% 	        0 	  0.0000% 	           0

perfect best site:	  0.0002% 	       36 	  0.0002% 	        3792
semiperfect site:	  0.0003% 	       49 	  0.0002% 	        5309
rescued:         	  0.0239% 	     3907

Match Rate:      	      NA 	       NA 	 83.6070% 	     1858906
Error Rate:      	 54.7817% 	    17477 	 16.3654% 	      363865
Sub Rate:        	 54.7441% 	    17465 	 15.2642% 	      339382
Del Rate:        	  2.6048% 	      831 	  0.2659% 	        5913
Ins Rate:        	  6.6013% 	     2106 	  0.8352% 	       18570
N Rate:          	  0.4545% 	      145 	  0.0276% 	         614

Total time:     	3422.152 seconds.
