INFO	2020-01-15 01:15:06	MarkDuplicates	

********** NOTE: Picard's command line syntax is changing.
**********
********** For more information, please see:
********** https://github.com/broadinstitute/picard/wiki/Command-Line-Syntax-Transition-For-Users-(Pre-Transition)
**********
********** The command line looks like this in the new syntax:
**********
**********    MarkDuplicates -I /scratch/gregg_thomas/Murinae-seq/03B-MappedMouse/Batomys-russatus/Batomys-russatus.sorted.bam -O /scratch/gregg_thomas/Murinae-seq/03B-MappedMouse/Batomys-russatus/Batomys-russatus.sorted.mkdup.bam -M /scratch/gregg_thomas/Murinae-seq/03B-MappedMouse/Batomys-russatus/Batomys-russatus-mkdup-metrics.txt
**********


01:15:07.702 INFO  NativeLibraryLoader - Loading libgkl_compression.so from jar:file:/home/gregg_thomas/bin/picard.jar!/com/intel/gkl/native/libgkl_compression.so
[Wed Jan 15 01:15:07 UTC 2020] MarkDuplicates INPUT=[/scratch/gregg_thomas/Murinae-seq/03B-MappedMouse/Batomys-russatus/Batomys-russatus.sorted.bam] OUTPUT=/scratch/gregg_thomas/Murinae-seq/03B-MappedMouse/Batomys-russatus/Batomys-russatus.sorted.mkdup.bam METRICS_FILE=/scratch/gregg_thomas/Murinae-seq/03B-MappedMouse/Batomys-russatus/Batomys-russatus-mkdup-metrics.txt    MAX_SEQUENCES_FOR_DISK_READ_ENDS_MAP=50000 MAX_FILE_HANDLES_FOR_READ_ENDS_MAP=8000 SORTING_COLLECTION_SIZE_RATIO=0.25 TAG_DUPLICATE_SET_MEMBERS=false REMOVE_SEQUENCING_DUPLICATES=false TAGGING_POLICY=DontTag CLEAR_DT=true DUPLEX_UMI=false ADD_PG_TAG_TO_READS=true REMOVE_DUPLICATES=false ASSUME_SORTED=false DUPLICATE_SCORING_STRATEGY=SUM_OF_BASE_QUALITIES PROGRAM_RECORD_ID=MarkDuplicates PROGRAM_GROUP_NAME=MarkDuplicates READ_NAME_REGEX=<optimized capture of last three ':' separated fields as numeric values> OPTICAL_DUPLICATE_PIXEL_DISTANCE=100 MAX_OPTICAL_DUPLICATE_SET_SIZE=300000 VERBOSITY=INFO QUIET=false VALIDATION_STRINGENCY=STRICT COMPRESSION_LEVEL=5 MAX_RECORDS_IN_RAM=500000 CREATE_INDEX=false CREATE_MD5_FILE=false GA4GH_CLIENT_SECRETS=client_secrets.json USE_JDK_DEFLATER=false USE_JDK_INFLATER=false
[Wed Jan 15 01:15:07 UTC 2020] Executing as gregg_thomas@ecae4883a231 on Linux 4.4.0-104-generic amd64; Java HotSpot(TM) 64-Bit Server VM 1.8.0_221-b11; Deflater: Intel; Inflater: Intel; Provider GCS is not available; Picard version: 2.20.6-SNAPSHOT
INFO	2020-01-15 01:15:08	MarkDuplicates	Start of doWork freeMemory: 2037673848; totalMemory: 2058354688; maxMemory: 28631367680
INFO	2020-01-15 01:15:08	MarkDuplicates	Reading input file and constructing read end information.
INFO	2020-01-15 01:15:08	MarkDuplicates	Will retain up to 103736839 data points before spilling to disk.
INFO	2020-01-15 01:16:14	MarkDuplicates	Read     1,000,000 records.  Elapsed time: 00:00:53s.  Time for last 1,000,000:   53s.  Last read position: chr1:86,529,384
INFO	2020-01-15 01:16:14	MarkDuplicates	Tracking 52250 as yet unmatched pairs. 2209 records in RAM.
INFO	2020-01-15 01:16:48	MarkDuplicates	Read     2,000,000 records.  Elapsed time: 00:01:27s.  Time for last 1,000,000:   34s.  Last read position: chr1:174,609,338
INFO	2020-01-15 01:16:48	MarkDuplicates	Tracking 104312 as yet unmatched pairs. 1938 records in RAM.
INFO	2020-01-15 01:17:25	MarkDuplicates	Read     3,000,000 records.  Elapsed time: 00:02:04s.  Time for last 1,000,000:   37s.  Last read position: chr2:50,371,469
INFO	2020-01-15 01:17:25	MarkDuplicates	Tracking 145613 as yet unmatched pairs. 8813 records in RAM.
INFO	2020-01-15 01:18:00	MarkDuplicates	Read     4,000,000 records.  Elapsed time: 00:02:39s.  Time for last 1,000,000:   35s.  Last read position: chr2:115,863,932
INFO	2020-01-15 01:18:00	MarkDuplicates	Tracking 179986 as yet unmatched pairs. 6437 records in RAM.
INFO	2020-01-15 01:18:44	MarkDuplicates	Read     5,000,000 records.  Elapsed time: 00:03:23s.  Time for last 1,000,000:   43s.  Last read position: chr2:165,785,011
INFO	2020-01-15 01:18:44	MarkDuplicates	Tracking 211926 as yet unmatched pairs. 2724 records in RAM.
INFO	2020-01-15 01:19:31	MarkDuplicates	Read     6,000,000 records.  Elapsed time: 00:04:10s.  Time for last 1,000,000:   47s.  Last read position: chr3:88,817,079
INFO	2020-01-15 01:19:31	MarkDuplicates	Tracking 253607 as yet unmatched pairs. 8119 records in RAM.
INFO	2020-01-15 01:20:44	MarkDuplicates	Read     7,000,000 records.  Elapsed time: 00:05:23s.  Time for last 1,000,000:   72s.  Last read position: chr3:157,069,226
INFO	2020-01-15 01:20:44	MarkDuplicates	Tracking 282014 as yet unmatched pairs. 389 records in RAM.
INFO	2020-01-15 01:20:57	MarkDuplicates	Read     8,000,000 records.  Elapsed time: 00:05:36s.  Time for last 1,000,000:   13s.  Last read position: chr4:98,112,903
INFO	2020-01-15 01:20:57	MarkDuplicates	Tracking 312658 as yet unmatched pairs. 12386 records in RAM.
INFO	2020-01-15 01:21:42	MarkDuplicates	Read     9,000,000 records.  Elapsed time: 00:06:21s.  Time for last 1,000,000:   45s.  Last read position: chr4:143,456,751
INFO	2020-01-15 01:21:42	MarkDuplicates	Tracking 335464 as yet unmatched pairs. 3163 records in RAM.
INFO	2020-01-15 01:22:02	MarkDuplicates	Read    10,000,000 records.  Elapsed time: 00:06:41s.  Time for last 1,000,000:   20s.  Last read position: chr5:67,284,118
INFO	2020-01-15 01:22:02	MarkDuplicates	Tracking 360050 as yet unmatched pairs. 20382 records in RAM.
INFO	2020-01-15 01:22:16	MarkDuplicates	Read    11,000,000 records.  Elapsed time: 00:06:55s.  Time for last 1,000,000:   14s.  Last read position: chr5:136,279,574
INFO	2020-01-15 01:22:16	MarkDuplicates	Tracking 383052 as yet unmatched pairs. 5604 records in RAM.
INFO	2020-01-15 01:23:05	MarkDuplicates	Read    12,000,000 records.  Elapsed time: 00:07:44s.  Time for last 1,000,000:   48s.  Last read position: chr6:52,231,504
INFO	2020-01-15 01:23:05	MarkDuplicates	Tracking 401719 as yet unmatched pairs. 22427 records in RAM.
INFO	2020-01-15 01:23:13	MarkDuplicates	Read    13,000,000 records.  Elapsed time: 00:07:52s.  Time for last 1,000,000:    7s.  Last read position: chr6:140,997,176
INFO	2020-01-15 01:23:13	MarkDuplicates	Tracking 417984 as yet unmatched pairs. 2604 records in RAM.
INFO	2020-01-15 01:23:26	MarkDuplicates	Read    14,000,000 records.  Elapsed time: 00:08:05s.  Time for last 1,000,000:   13s.  Last read position: chr7:51,887,846
INFO	2020-01-15 01:23:26	MarkDuplicates	Tracking 429237 as yet unmatched pairs. 27447 records in RAM.
INFO	2020-01-15 01:24:43	MarkDuplicates	Read    15,000,000 records.  Elapsed time: 00:09:22s.  Time for last 1,000,000:   76s.  Last read position: chr7:127,882,508
INFO	2020-01-15 01:24:43	MarkDuplicates	Tracking 439368 as yet unmatched pairs. 5943 records in RAM.
INFO	2020-01-15 01:25:02	MarkDuplicates	Read    16,000,000 records.  Elapsed time: 00:09:41s.  Time for last 1,000,000:   19s.  Last read position: chr8:79,028,423
INFO	2020-01-15 01:25:02	MarkDuplicates	Tracking 446614 as yet unmatched pairs. 19523 records in RAM.
INFO	2020-01-15 01:25:17	MarkDuplicates	Read    17,000,000 records.  Elapsed time: 00:09:56s.  Time for last 1,000,000:   15s.  Last read position: chr9:27,650,614
INFO	2020-01-15 01:25:17	MarkDuplicates	Tracking 450020 as yet unmatched pairs. 37881 records in RAM.
INFO	2020-01-15 01:25:38	MarkDuplicates	Read    18,000,000 records.  Elapsed time: 00:10:17s.  Time for last 1,000,000:   20s.  Last read position: chr9:97,696,756
INFO	2020-01-15 01:25:38	MarkDuplicates	Tracking 449428 as yet unmatched pairs. 13553 records in RAM.
INFO	2020-01-15 01:25:52	MarkDuplicates	Read    19,000,000 records.  Elapsed time: 00:10:31s.  Time for last 1,000,000:   14s.  Last read position: chr10:62,152,136
INFO	2020-01-15 01:25:52	MarkDuplicates	Tracking 443994 as yet unmatched pairs. 30334 records in RAM.
INFO	2020-01-15 01:26:08	MarkDuplicates	Read    20,000,000 records.  Elapsed time: 00:10:47s.  Time for last 1,000,000:   15s.  Last read position: chr11:5,779,630
INFO	2020-01-15 01:26:08	MarkDuplicates	Tracking 435556 as yet unmatched pairs. 61084 records in RAM.
INFO	2020-01-15 01:26:44	MarkDuplicates	Read    21,000,000 records.  Elapsed time: 00:11:23s.  Time for last 1,000,000:   36s.  Last read position: chr11:69,330,963
INFO	2020-01-15 01:26:44	MarkDuplicates	Tracking 425193 as yet unmatched pairs. 34264 records in RAM.
INFO	2020-01-15 01:26:54	MarkDuplicates	Read    22,000,000 records.  Elapsed time: 00:11:33s.  Time for last 1,000,000:   10s.  Last read position: chr11:99,318,043
INFO	2020-01-15 01:26:54	MarkDuplicates	Tracking 417304 as yet unmatched pairs. 15216 records in RAM.
INFO	2020-01-15 01:27:34	MarkDuplicates	Read    23,000,000 records.  Elapsed time: 00:12:13s.  Time for last 1,000,000:   40s.  Last read position: chr12:41,628,653
INFO	2020-01-15 01:27:34	MarkDuplicates	Tracking 403335 as yet unmatched pairs. 39061 records in RAM.
INFO	2020-01-15 01:27:54	MarkDuplicates	Read    24,000,000 records.  Elapsed time: 00:12:33s.  Time for last 1,000,000:   19s.  Last read position: chr13:14,187,665
INFO	2020-01-15 01:27:54	MarkDuplicates	Tracking 380485 as yet unmatched pairs. 47717 records in RAM.
INFO	2020-01-15 01:28:09	MarkDuplicates	Read    25,000,000 records.  Elapsed time: 00:12:48s.  Time for last 1,000,000:   15s.  Last read position: chr13:106,910,955
INFO	2020-01-15 01:28:09	MarkDuplicates	Tracking 354428 as yet unmatched pairs. 5366 records in RAM.
INFO	2020-01-15 01:29:37	MarkDuplicates	Read    26,000,000 records.  Elapsed time: 00:14:16s.  Time for last 1,000,000:   88s.  Last read position: chr14:70,490,213
INFO	2020-01-15 01:29:37	MarkDuplicates	Tracking 330893 as yet unmatched pairs. 18837 records in RAM.
INFO	2020-01-15 01:29:47	MarkDuplicates	Read    27,000,000 records.  Elapsed time: 00:14:26s.  Time for last 1,000,000:    9s.  Last read position: chr15:81,600,878
INFO	2020-01-15 01:29:47	MarkDuplicates	Tracking 293765 as yet unmatched pairs. 15890 records in RAM.
INFO	2020-01-15 01:29:56	MarkDuplicates	Read    28,000,000 records.  Elapsed time: 00:14:35s.  Time for last 1,000,000:    8s.  Last read position: chr16:36,214,219
INFO	2020-01-15 01:29:56	MarkDuplicates	Tracking 264363 as yet unmatched pairs. 28709 records in RAM.
INFO	2020-01-15 01:30:10	MarkDuplicates	Read    29,000,000 records.  Elapsed time: 00:14:49s.  Time for last 1,000,000:   13s.  Last read position: chr17:30,771,722
INFO	2020-01-15 01:30:10	MarkDuplicates	Tracking 226305 as yet unmatched pairs. 42050 records in RAM.
INFO	2020-01-15 01:30:21	MarkDuplicates	Read    30,000,000 records.  Elapsed time: 00:15:00s.  Time for last 1,000,000:   11s.  Last read position: chr18:6,784,496
INFO	2020-01-15 01:30:21	MarkDuplicates	Tracking 188213 as yet unmatched pairs. 47239 records in RAM.
INFO	2020-01-15 01:30:35	MarkDuplicates	Read    31,000,000 records.  Elapsed time: 00:15:14s.  Time for last 1,000,000:   14s.  Last read position: chr19:5,020,560
INFO	2020-01-15 01:30:35	MarkDuplicates	Tracking 143995 as yet unmatched pairs. 41991 records in RAM.
INFO	2020-01-15 01:31:03	MarkDuplicates	Read    32,000,000 records.  Elapsed time: 00:15:42s.  Time for last 1,000,000:   28s.  Last read position: chrM:7,253
INFO	2020-01-15 01:31:03	MarkDuplicates	Tracking 104649 as yet unmatched pairs. 1799 records in RAM.
INFO	2020-01-15 01:31:19	MarkDuplicates	Read    33,000,000 records.  Elapsed time: 00:15:58s.  Time for last 1,000,000:   15s.  Last read position: chrX:100,882,862
INFO	2020-01-15 01:31:19	MarkDuplicates	Tracking 52608 as yet unmatched pairs. 40358 records in RAM.
INFO	2020-01-15 01:31:26	MarkDuplicates	Read 33870493 records. 0 pairs never matched.
INFO	2020-01-15 01:32:21	MarkDuplicates	After buildSortedReadEndLists freeMemory: 10662997656; totalMemory: 15141437440; maxMemory: 28631367680
INFO	2020-01-15 01:32:21	MarkDuplicates	Will retain up to 894730240 duplicate indices before spilling to disk.
INFO	2020-01-15 01:32:25	MarkDuplicates	Traversing read pair information and detecting duplicates.
INFO	2020-01-15 01:34:39	MarkDuplicates	Traversing fragment information and detecting duplicates.
INFO	2020-01-15 01:34:42	MarkDuplicates	Sorting list of duplicate records.
INFO	2020-01-15 01:34:45	MarkDuplicates	After generateDuplicateIndexes freeMemory: 18676788536; totalMemory: 25974276096; maxMemory: 28631367680
INFO	2020-01-15 01:34:45	MarkDuplicates	Marking 13863648 records as duplicates.
INFO	2020-01-15 01:34:45	MarkDuplicates	Found 202188 optical duplicate clusters.
INFO	2020-01-15 01:34:45	MarkDuplicates	Reads are assumed to be ordered by: coordinate
INFO	2020-01-15 01:37:17	MarkDuplicates	Written    10,000,000 records.  Elapsed time: 00:02:31s.  Time for last 10,000,000:  151s.  Last read position: chr5:67,284,118
INFO	2020-01-15 01:41:25	MarkDuplicates	Written    20,000,000 records.  Elapsed time: 00:06:40s.  Time for last 10,000,000:  248s.  Last read position: chr11:5,779,630
INFO	2020-01-15 01:44:54	MarkDuplicates	Written    30,000,000 records.  Elapsed time: 00:10:09s.  Time for last 10,000,000:  209s.  Last read position: chr18:6,784,496
INFO	2020-01-15 01:46:03	MarkDuplicates	Writing complete. Closing input iterator.
INFO	2020-01-15 01:46:03	MarkDuplicates	Duplicate Index cleanup.
INFO	2020-01-15 01:46:03	MarkDuplicates	Getting Memory Stats.
INFO	2020-01-15 01:46:04	MarkDuplicates	Before output close freeMemory: 26307572728; totalMemory: 26510622720; maxMemory: 28631367680
INFO	2020-01-15 01:46:04	MarkDuplicates	Closed outputs. Getting more Memory Stats.
INFO	2020-01-15 01:46:05	MarkDuplicates	After output close freeMemory: 25915929592; totalMemory: 26118979584; maxMemory: 28631367680
[Wed Jan 15 01:46:05 UTC 2020] picard.sam.markduplicates.MarkDuplicates done. Elapsed time: 30.96 minutes.
Runtime.totalMemory()=26118979584
