INFO	2020-01-15 01:35:33	MarkDuplicates	

********** NOTE: Picard's command line syntax is changing.
**********
********** For more information, please see:
********** https://github.com/broadinstitute/picard/wiki/Command-Line-Syntax-Transition-For-Users-(Pre-Transition)
**********
********** The command line looks like this in the new syntax:
**********
**********    MarkDuplicates -I /scratch/gregg_thomas/Murinae-seq/03B-MappedMouse/Berylmys-mackenzii/Berylmys-mackenzii.sorted.bam -O /scratch/gregg_thomas/Murinae-seq/03B-MappedMouse/Berylmys-mackenzii/Berylmys-mackenzii.sorted.mkdup.bam -M /scratch/gregg_thomas/Murinae-seq/03B-MappedMouse/Berylmys-mackenzii/Berylmys-mackenzii-mkdup-metrics.txt
**********


01:35:34.183 INFO  NativeLibraryLoader - Loading libgkl_compression.so from jar:file:/home/gregg_thomas/bin/picard.jar!/com/intel/gkl/native/libgkl_compression.so
[Wed Jan 15 01:35:34 UTC 2020] MarkDuplicates INPUT=[/scratch/gregg_thomas/Murinae-seq/03B-MappedMouse/Berylmys-mackenzii/Berylmys-mackenzii.sorted.bam] OUTPUT=/scratch/gregg_thomas/Murinae-seq/03B-MappedMouse/Berylmys-mackenzii/Berylmys-mackenzii.sorted.mkdup.bam METRICS_FILE=/scratch/gregg_thomas/Murinae-seq/03B-MappedMouse/Berylmys-mackenzii/Berylmys-mackenzii-mkdup-metrics.txt    MAX_SEQUENCES_FOR_DISK_READ_ENDS_MAP=50000 MAX_FILE_HANDLES_FOR_READ_ENDS_MAP=8000 SORTING_COLLECTION_SIZE_RATIO=0.25 TAG_DUPLICATE_SET_MEMBERS=false REMOVE_SEQUENCING_DUPLICATES=false TAGGING_POLICY=DontTag CLEAR_DT=true DUPLEX_UMI=false ADD_PG_TAG_TO_READS=true REMOVE_DUPLICATES=false ASSUME_SORTED=false DUPLICATE_SCORING_STRATEGY=SUM_OF_BASE_QUALITIES PROGRAM_RECORD_ID=MarkDuplicates PROGRAM_GROUP_NAME=MarkDuplicates READ_NAME_REGEX=<optimized capture of last three ':' separated fields as numeric values> OPTICAL_DUPLICATE_PIXEL_DISTANCE=100 MAX_OPTICAL_DUPLICATE_SET_SIZE=300000 VERBOSITY=INFO QUIET=false VALIDATION_STRINGENCY=STRICT COMPRESSION_LEVEL=5 MAX_RECORDS_IN_RAM=500000 CREATE_INDEX=false CREATE_MD5_FILE=false GA4GH_CLIENT_SECRETS=client_secrets.json USE_JDK_DEFLATER=false USE_JDK_INFLATER=false
[Wed Jan 15 01:35:34 UTC 2020] Executing as gregg_thomas@ecae4883a231 on Linux 4.4.0-104-generic amd64; Java HotSpot(TM) 64-Bit Server VM 1.8.0_221-b11; Deflater: Intel; Inflater: Intel; Provider GCS is not available; Picard version: 2.20.6-SNAPSHOT
INFO	2020-01-15 01:35:35	MarkDuplicates	Start of doWork freeMemory: 2037674528; totalMemory: 2058354688; maxMemory: 28631367680
INFO	2020-01-15 01:35:35	MarkDuplicates	Reading input file and constructing read end information.
INFO	2020-01-15 01:35:35	MarkDuplicates	Will retain up to 103736839 data points before spilling to disk.
INFO	2020-01-15 01:36:03	MarkDuplicates	Read     1,000,000 records.  Elapsed time: 00:00:27s.  Time for last 1,000,000:   27s.  Last read position: chr1:75,208,565
INFO	2020-01-15 01:36:03	MarkDuplicates	Tracking 63963 as yet unmatched pairs. 2687 records in RAM.
INFO	2020-01-15 01:36:26	MarkDuplicates	Read     2,000,000 records.  Elapsed time: 00:00:50s.  Time for last 1,000,000:   23s.  Last read position: chr1:156,858,412
INFO	2020-01-15 01:36:26	MarkDuplicates	Tracking 125508 as yet unmatched pairs. 1720 records in RAM.
INFO	2020-01-15 01:36:51	MarkDuplicates	Read     3,000,000 records.  Elapsed time: 00:01:16s.  Time for last 1,000,000:   25s.  Last read position: chr2:31,794,467
INFO	2020-01-15 01:36:51	MarkDuplicates	Tracking 178467 as yet unmatched pairs. 11444 records in RAM.
INFO	2020-01-15 01:37:22	MarkDuplicates	Read     4,000,000 records.  Elapsed time: 00:01:46s.  Time for last 1,000,000:   30s.  Last read position: chr2:79,644,369
INFO	2020-01-15 01:37:22	MarkDuplicates	Tracking 214215 as yet unmatched pairs. 9441 records in RAM.
INFO	2020-01-15 01:37:37	MarkDuplicates	Read     5,000,000 records.  Elapsed time: 00:02:02s.  Time for last 1,000,000:   15s.  Last read position: chr2:136,552,458
INFO	2020-01-15 01:37:37	MarkDuplicates	Tracking 254432 as yet unmatched pairs. 5221 records in RAM.
INFO	2020-01-15 01:37:54	MarkDuplicates	Read     6,000,000 records.  Elapsed time: 00:02:18s.  Time for last 1,000,000:   16s.  Last read position: chr3:30,922,303
INFO	2020-01-15 01:37:54	MarkDuplicates	Tracking 301053 as yet unmatched pairs. 17820 records in RAM.
INFO	2020-01-15 01:38:57	MarkDuplicates	Read     7,000,000 records.  Elapsed time: 00:03:21s.  Time for last 1,000,000:   62s.  Last read position: chr3:98,161,274
INFO	2020-01-15 01:38:57	MarkDuplicates	Tracking 339159 as yet unmatched pairs. 9743 records in RAM.
INFO	2020-01-15 01:39:24	MarkDuplicates	Read     8,000,000 records.  Elapsed time: 00:03:49s.  Time for last 1,000,000:   27s.  Last read position: chr4:11,965,862
INFO	2020-01-15 01:39:24	MarkDuplicates	Tracking 373579 as yet unmatched pairs. 26748 records in RAM.
INFO	2020-01-15 01:40:03	MarkDuplicates	Read     9,000,000 records.  Elapsed time: 00:04:27s.  Time for last 1,000,000:   38s.  Last read position: chr4:98,000,357
INFO	2020-01-15 01:40:03	MarkDuplicates	Tracking 409499 as yet unmatched pairs. 14871 records in RAM.
INFO	2020-01-15 01:40:07	MarkDuplicates	Read    10,000,000 records.  Elapsed time: 00:04:32s.  Time for last 1,000,000:    4s.  Last read position: chr4:141,976,768
INFO	2020-01-15 01:40:07	MarkDuplicates	Tracking 435284 as yet unmatched pairs. 3925 records in RAM.
INFO	2020-01-15 01:40:20	MarkDuplicates	Read    11,000,000 records.  Elapsed time: 00:04:44s.  Time for last 1,000,000:   12s.  Last read position: chr5:48,283,456
INFO	2020-01-15 01:40:20	MarkDuplicates	Tracking 461537 as yet unmatched pairs. 28428 records in RAM.
INFO	2020-01-15 01:41:06	MarkDuplicates	Read    12,000,000 records.  Elapsed time: 00:05:30s.  Time for last 1,000,000:   45s.  Last read position: chr5:115,616,621
INFO	2020-01-15 01:41:06	MarkDuplicates	Tracking 494371 as yet unmatched pairs. 12846 records in RAM.
INFO	2020-01-15 01:41:26	MarkDuplicates	Read    13,000,000 records.  Elapsed time: 00:05:50s.  Time for last 1,000,000:   20s.  Last read position: chr6:21,974,141
INFO	2020-01-15 01:41:26	MarkDuplicates	Tracking 513152 as yet unmatched pairs. 36452 records in RAM.
INFO	2020-01-15 01:41:37	MarkDuplicates	Read    14,000,000 records.  Elapsed time: 00:06:01s.  Time for last 1,000,000:   11s.  Last read position: chr6:97,010,525
INFO	2020-01-15 01:41:37	MarkDuplicates	Tracking 531395 as yet unmatched pairs. 16871 records in RAM.
INFO	2020-01-15 01:43:04	MarkDuplicates	Read    15,000,000 records.  Elapsed time: 00:07:28s.  Time for last 1,000,000:   86s.  Last read position: chr7:25,092,406
INFO	2020-01-15 01:43:04	MarkDuplicates	Tracking 547984 as yet unmatched pairs. 42341 records in RAM.
INFO	2020-01-15 01:43:25	MarkDuplicates	Read    16,000,000 records.  Elapsed time: 00:07:50s.  Time for last 1,000,000:   21s.  Last read position: chr7:98,847,317
INFO	2020-01-15 01:43:25	MarkDuplicates	Tracking 560272 as yet unmatched pairs. 18108 records in RAM.
INFO	2020-01-15 01:43:43	MarkDuplicates	Read    17,000,000 records.  Elapsed time: 00:08:07s.  Time for last 1,000,000:   17s.  Last read position: chr8:21,964,106
INFO	2020-01-15 01:43:43	MarkDuplicates	Tracking 568902 as yet unmatched pairs. 41205 records in RAM.
INFO	2020-01-15 01:44:03	MarkDuplicates	Read    18,000,000 records.  Elapsed time: 00:08:27s.  Time for last 1,000,000:   19s.  Last read position: chr8:105,620,368
INFO	2020-01-15 01:44:03	MarkDuplicates	Tracking 575859 as yet unmatched pairs. 11538 records in RAM.
INFO	2020-01-15 01:44:17	MarkDuplicates	Read    19,000,000 records.  Elapsed time: 00:08:41s.  Time for last 1,000,000:   14s.  Last read position: chr9:55,282,414
INFO	2020-01-15 01:44:17	MarkDuplicates	Tracking 577467 as yet unmatched pairs. 34352 records in RAM.
INFO	2020-01-15 01:44:23	MarkDuplicates	Read    20,000,000 records.  Elapsed time: 00:08:47s.  Time for last 1,000,000:    5s.  Last read position: chr9:114,418,771
INFO	2020-01-15 01:44:23	MarkDuplicates	Tracking 575719 as yet unmatched pairs. 6508 records in RAM.
INFO	2020-01-15 01:44:43	MarkDuplicates	Read    21,000,000 records.  Elapsed time: 00:09:07s.  Time for last 1,000,000:   20s.  Last read position: chr10:79,895,240
INFO	2020-01-15 01:44:43	MarkDuplicates	Tracking 568267 as yet unmatched pairs. 28513 records in RAM.
INFO	2020-01-15 01:45:07	MarkDuplicates	Read    22,000,000 records.  Elapsed time: 00:09:32s.  Time for last 1,000,000:   24s.  Last read position: chr11:23,665,618
INFO	2020-01-15 01:45:07	MarkDuplicates	Tracking 557010 as yet unmatched pairs. 71762 records in RAM.
INFO	2020-01-15 01:45:24	MarkDuplicates	Read    23,000,000 records.  Elapsed time: 00:09:48s.  Time for last 1,000,000:   16s.  Last read position: chr11:72,382,419
INFO	2020-01-15 01:45:24	MarkDuplicates	Tracking 544833 as yet unmatched pairs. 41150 records in RAM.
INFO	2020-01-15 01:45:31	MarkDuplicates	Read    24,000,000 records.  Elapsed time: 00:09:55s.  Time for last 1,000,000:    7s.  Last read position: chr11:102,681,485
INFO	2020-01-15 01:45:31	MarkDuplicates	Tracking 533847 as yet unmatched pairs. 15732 records in RAM.
INFO	2020-01-15 01:45:52	MarkDuplicates	Read    25,000,000 records.  Elapsed time: 00:10:16s.  Time for last 1,000,000:   20s.  Last read position: chr12:64,786,492
INFO	2020-01-15 01:45:52	MarkDuplicates	Tracking 513793 as yet unmatched pairs. 34488 records in RAM.
INFO	2020-01-15 01:46:38	MarkDuplicates	Read    26,000,000 records.  Elapsed time: 00:11:03s.  Time for last 1,000,000:   46s.  Last read position: chr13:21,387,002
INFO	2020-01-15 01:46:38	MarkDuplicates	Tracking 489139 as yet unmatched pairs. 59300 records in RAM.
INFO	2020-01-15 01:46:47	MarkDuplicates	Read    27,000,000 records.  Elapsed time: 00:11:11s.  Time for last 1,000,000:    8s.  Last read position: chr13:101,148,939
INFO	2020-01-15 01:46:47	MarkDuplicates	Tracking 459758 as yet unmatched pairs. 10621 records in RAM.
INFO	2020-01-15 01:47:02	MarkDuplicates	Read    28,000,000 records.  Elapsed time: 00:11:26s.  Time for last 1,000,000:   14s.  Last read position: chr14:57,745,907
INFO	2020-01-15 01:47:02	MarkDuplicates	Tracking 432508 as yet unmatched pairs. 35548 records in RAM.
INFO	2020-01-15 01:47:23	MarkDuplicates	Read    29,000,000 records.  Elapsed time: 00:11:47s.  Time for last 1,000,000:   21s.  Last read position: chr15:50,660,579
INFO	2020-01-15 01:47:23	MarkDuplicates	Tracking 389045 as yet unmatched pairs. 35620 records in RAM.
INFO	2020-01-15 01:47:33	MarkDuplicates	Read    30,000,000 records.  Elapsed time: 00:11:57s.  Time for last 1,000,000:   10s.  Last read position: chr16:17,898,724
INFO	2020-01-15 01:47:33	MarkDuplicates	Tracking 352340 as yet unmatched pairs. 56377 records in RAM.
INFO	2020-01-15 01:47:46	MarkDuplicates	Read    31,000,000 records.  Elapsed time: 00:12:10s.  Time for last 1,000,000:   12s.  Last read position: chr17:4,491,073
INFO	2020-01-15 01:47:46	MarkDuplicates	Tracking 306828 as yet unmatched pairs. 72834 records in RAM.
INFO	2020-01-15 01:47:57	MarkDuplicates	Read    32,000,000 records.  Elapsed time: 00:12:22s.  Time for last 1,000,000:   11s.  Last read position: chr17:70,844,383
INFO	2020-01-15 01:47:57	MarkDuplicates	Tracking 261673 as yet unmatched pairs. 20539 records in RAM.
INFO	2020-01-15 01:48:10	MarkDuplicates	Read    33,000,000 records.  Elapsed time: 00:12:34s.  Time for last 1,000,000:   12s.  Last read position: chr18:50,128,197
INFO	2020-01-15 01:48:10	MarkDuplicates	Tracking 212789 as yet unmatched pairs. 30470 records in RAM.
INFO	2020-01-15 01:48:23	MarkDuplicates	Read    34,000,000 records.  Elapsed time: 00:12:47s.  Time for last 1,000,000:   12s.  Last read position: chr19:36,873,835
INFO	2020-01-15 01:48:23	MarkDuplicates	Tracking 159240 as yet unmatched pairs. 24911 records in RAM.
INFO	2020-01-15 01:48:55	MarkDuplicates	Read    35,000,000 records.  Elapsed time: 00:13:19s.  Time for last 1,000,000:   31s.  Last read position: chrX:53,020,329
INFO	2020-01-15 01:48:55	MarkDuplicates	Tracking 104721 as yet unmatched pairs. 89729 records in RAM.
INFO	2020-01-15 01:49:03	MarkDuplicates	Read    36,000,000 records.  Elapsed time: 00:13:27s.  Time for last 1,000,000:    8s.  Last read position: chrX:136,757,685
INFO	2020-01-15 01:49:03	MarkDuplicates	Tracking 44726 as yet unmatched pairs. 29320 records in RAM.
INFO	2020-01-15 01:49:09	MarkDuplicates	Read 36565843 records. 0 pairs never matched.
INFO	2020-01-15 01:49:47	MarkDuplicates	After buildSortedReadEndLists freeMemory: 10528975296; totalMemory: 15251013632; maxMemory: 28631367680
INFO	2020-01-15 01:49:47	MarkDuplicates	Will retain up to 894730240 duplicate indices before spilling to disk.
INFO	2020-01-15 01:49:51	MarkDuplicates	Traversing read pair information and detecting duplicates.
INFO	2020-01-15 01:52:07	MarkDuplicates	Traversing fragment information and detecting duplicates.
INFO	2020-01-15 01:52:10	MarkDuplicates	Sorting list of duplicate records.
INFO	2020-01-15 01:52:13	MarkDuplicates	After generateDuplicateIndexes freeMemory: 19701000408; totalMemory: 27002404864; maxMemory: 28631367680
INFO	2020-01-15 01:52:13	MarkDuplicates	Marking 13429898 records as duplicates.
INFO	2020-01-15 01:52:13	MarkDuplicates	Found 177915 optical duplicate clusters.
INFO	2020-01-15 01:52:13	MarkDuplicates	Reads are assumed to be ordered by: coordinate
INFO	2020-01-15 01:55:06	MarkDuplicates	Written    10,000,000 records.  Elapsed time: 00:02:53s.  Time for last 10,000,000:  173s.  Last read position: chr4:141,976,768
INFO	2020-01-15 01:57:45	MarkDuplicates	Written    20,000,000 records.  Elapsed time: 00:05:32s.  Time for last 10,000,000:  158s.  Last read position: chr9:114,418,771
INFO	2020-01-15 02:00:58	MarkDuplicates	Written    30,000,000 records.  Elapsed time: 00:08:44s.  Time for last 10,000,000:  192s.  Last read position: chr16:17,898,724
INFO	2020-01-15 02:03:08	MarkDuplicates	Writing complete. Closing input iterator.
INFO	2020-01-15 02:03:08	MarkDuplicates	Duplicate Index cleanup.
INFO	2020-01-15 02:03:08	MarkDuplicates	Getting Memory Stats.
INFO	2020-01-15 02:03:09	MarkDuplicates	Before output close freeMemory: 26492871856; totalMemory: 26696744960; maxMemory: 28631367680
INFO	2020-01-15 02:03:09	MarkDuplicates	Closed outputs. Getting more Memory Stats.
INFO	2020-01-15 02:03:10	MarkDuplicates	After output close freeMemory: 26813570344; totalMemory: 27017609216; maxMemory: 28631367680
[Wed Jan 15 02:03:10 UTC 2020] picard.sam.markduplicates.MarkDuplicates done. Elapsed time: 27.61 minutes.
Runtime.totalMemory()=27017609216
