INFO	2020-01-14 23:37:05	MarkDuplicates	

********** NOTE: Picard's command line syntax is changing.
**********
********** For more information, please see:
********** https://github.com/broadinstitute/picard/wiki/Command-Line-Syntax-Transition-For-Users-(Pre-Transition)
**********
********** The command line looks like this in the new syntax:
**********
**********    MarkDuplicates -I /scratch/gregg_thomas/Murinae-seq/03B-MappedMouse/Crunomys-sp./Crunomys-sp..sorted.bam -O /scratch/gregg_thomas/Murinae-seq/03B-MappedMouse/Crunomys-sp./Crunomys-sp..sorted.mkdup.bam -M /scratch/gregg_thomas/Murinae-seq/03B-MappedMouse/Crunomys-sp./Crunomys-sp.-mkdup-metrics.txt
**********


23:37:06.627 INFO  NativeLibraryLoader - Loading libgkl_compression.so from jar:file:/home/gregg_thomas/bin/picard.jar!/com/intel/gkl/native/libgkl_compression.so
[Tue Jan 14 23:37:06 UTC 2020] MarkDuplicates INPUT=[/scratch/gregg_thomas/Murinae-seq/03B-MappedMouse/Crunomys-sp./Crunomys-sp..sorted.bam] OUTPUT=/scratch/gregg_thomas/Murinae-seq/03B-MappedMouse/Crunomys-sp./Crunomys-sp..sorted.mkdup.bam METRICS_FILE=/scratch/gregg_thomas/Murinae-seq/03B-MappedMouse/Crunomys-sp./Crunomys-sp.-mkdup-metrics.txt    MAX_SEQUENCES_FOR_DISK_READ_ENDS_MAP=50000 MAX_FILE_HANDLES_FOR_READ_ENDS_MAP=8000 SORTING_COLLECTION_SIZE_RATIO=0.25 TAG_DUPLICATE_SET_MEMBERS=false REMOVE_SEQUENCING_DUPLICATES=false TAGGING_POLICY=DontTag CLEAR_DT=true DUPLEX_UMI=false ADD_PG_TAG_TO_READS=true REMOVE_DUPLICATES=false ASSUME_SORTED=false DUPLICATE_SCORING_STRATEGY=SUM_OF_BASE_QUALITIES PROGRAM_RECORD_ID=MarkDuplicates PROGRAM_GROUP_NAME=MarkDuplicates READ_NAME_REGEX=<optimized capture of last three ':' separated fields as numeric values> OPTICAL_DUPLICATE_PIXEL_DISTANCE=100 MAX_OPTICAL_DUPLICATE_SET_SIZE=300000 VERBOSITY=INFO QUIET=false VALIDATION_STRINGENCY=STRICT COMPRESSION_LEVEL=5 MAX_RECORDS_IN_RAM=500000 CREATE_INDEX=false CREATE_MD5_FILE=false GA4GH_CLIENT_SECRETS=client_secrets.json USE_JDK_DEFLATER=false USE_JDK_INFLATER=false
[Tue Jan 14 23:37:06 UTC 2020] Executing as gregg_thomas@ecae4883a231 on Linux 4.4.0-104-generic amd64; Java HotSpot(TM) 64-Bit Server VM 1.8.0_221-b11; Deflater: Intel; Inflater: Intel; Provider GCS is not available; Picard version: 2.20.6-SNAPSHOT
INFO	2020-01-14 23:37:07	MarkDuplicates	Start of doWork freeMemory: 2037674816; totalMemory: 2058354688; maxMemory: 28631367680
INFO	2020-01-14 23:37:07	MarkDuplicates	Reading input file and constructing read end information.
INFO	2020-01-14 23:37:07	MarkDuplicates	Will retain up to 103736839 data points before spilling to disk.
INFO	2020-01-14 23:37:49	MarkDuplicates	Read     1,000,000 records.  Elapsed time: 00:00:26s.  Time for last 1,000,000:   26s.  Last read position: chr1:86,754,268
INFO	2020-01-14 23:37:49	MarkDuplicates	Tracking 67764 as yet unmatched pairs. 2979 records in RAM.
INFO	2020-01-14 23:38:16	MarkDuplicates	Read     2,000,000 records.  Elapsed time: 00:00:54s.  Time for last 1,000,000:   27s.  Last read position: chr1:177,776,455
INFO	2020-01-14 23:38:16	MarkDuplicates	Tracking 130889 as yet unmatched pairs. 3411 records in RAM.
INFO	2020-01-14 23:38:41	MarkDuplicates	Read     3,000,000 records.  Elapsed time: 00:01:19s.  Time for last 1,000,000:   24s.  Last read position: chr2:53,051,224
INFO	2020-01-14 23:38:41	MarkDuplicates	Tracking 174491 as yet unmatched pairs. 9529 records in RAM.
INFO	2020-01-14 23:39:09	MarkDuplicates	Read     4,000,000 records.  Elapsed time: 00:01:47s.  Time for last 1,000,000:   28s.  Last read position: chr2:119,418,676
INFO	2020-01-14 23:39:09	MarkDuplicates	Tracking 216356 as yet unmatched pairs. 6271 records in RAM.
INFO	2020-01-14 23:39:23	MarkDuplicates	Read     5,000,000 records.  Elapsed time: 00:02:01s.  Time for last 1,000,000:   14s.  Last read position: chr2:170,108,936
INFO	2020-01-14 23:39:23	MarkDuplicates	Tracking 255980 as yet unmatched pairs. 1270 records in RAM.
INFO	2020-01-14 23:39:41	MarkDuplicates	Read     6,000,000 records.  Elapsed time: 00:02:19s.  Time for last 1,000,000:   17s.  Last read position: chr3:90,129,039
INFO	2020-01-14 23:39:41	MarkDuplicates	Tracking 306320 as yet unmatched pairs. 9557 records in RAM.
INFO	2020-01-14 23:40:33	MarkDuplicates	Read     7,000,000 records.  Elapsed time: 00:03:11s.  Time for last 1,000,000:   52s.  Last read position: chr4:11,209,393
INFO	2020-01-14 23:40:33	MarkDuplicates	Tracking 344491 as yet unmatched pairs. 24207 records in RAM.
INFO	2020-01-14 23:40:41	MarkDuplicates	Read     8,000,000 records.  Elapsed time: 00:03:19s.  Time for last 1,000,000:    7s.  Last read position: chr4:106,760,921
INFO	2020-01-14 23:40:41	MarkDuplicates	Tracking 381997 as yet unmatched pairs. 12003 records in RAM.
INFO	2020-01-14 23:41:30	MarkDuplicates	Read     9,000,000 records.  Elapsed time: 00:04:07s.  Time for last 1,000,000:   48s.  Last read position: chr4:151,471,677
INFO	2020-01-14 23:41:30	MarkDuplicates	Tracking 409507 as yet unmatched pairs. 1013 records in RAM.
INFO	2020-01-14 23:41:53	MarkDuplicates	Read    10,000,000 records.  Elapsed time: 00:04:30s.  Time for last 1,000,000:   23s.  Last read position: chr5:76,541,930
INFO	2020-01-14 23:41:53	MarkDuplicates	Tracking 439428 as yet unmatched pairs. 20353 records in RAM.
INFO	2020-01-14 23:42:02	MarkDuplicates	Read    11,000,000 records.  Elapsed time: 00:04:39s.  Time for last 1,000,000:    8s.  Last read position: chr5:139,802,215
INFO	2020-01-14 23:42:02	MarkDuplicates	Tracking 466757 as yet unmatched pairs. 4924 records in RAM.
INFO	2020-01-14 23:42:40	MarkDuplicates	Read    12,000,000 records.  Elapsed time: 00:05:17s.  Time for last 1,000,000:   37s.  Last read position: chr6:81,942,876
INFO	2020-01-14 23:42:40	MarkDuplicates	Tracking 491869 as yet unmatched pairs. 19814 records in RAM.
INFO	2020-01-14 23:42:56	MarkDuplicates	Read    13,000,000 records.  Elapsed time: 00:05:34s.  Time for last 1,000,000:   16s.  Last read position: chr7:13,177,693
INFO	2020-01-14 23:42:56	MarkDuplicates	Tracking 509101 as yet unmatched pairs. 43466 records in RAM.
INFO	2020-01-14 23:43:10	MarkDuplicates	Read    14,000,000 records.  Elapsed time: 00:05:48s.  Time for last 1,000,000:   13s.  Last read position: chr7:84,410,292
INFO	2020-01-14 23:43:10	MarkDuplicates	Tracking 520590 as yet unmatched pairs. 23390 records in RAM.
INFO	2020-01-14 23:44:03	MarkDuplicates	Read    15,000,000 records.  Elapsed time: 00:06:41s.  Time for last 1,000,000:   52s.  Last read position: chr8:3,507,137
INFO	2020-01-14 23:44:03	MarkDuplicates	Tracking 529435 as yet unmatched pairs. 43864 records in RAM.
INFO	2020-01-14 23:44:18	MarkDuplicates	Read    16,000,000 records.  Elapsed time: 00:06:56s.  Time for last 1,000,000:   15s.  Last read position: chr8:94,310,270
INFO	2020-01-14 23:44:18	MarkDuplicates	Tracking 537232 as yet unmatched pairs. 14660 records in RAM.
INFO	2020-01-14 23:44:47	MarkDuplicates	Read    17,000,000 records.  Elapsed time: 00:07:24s.  Time for last 1,000,000:   28s.  Last read position: chr9:47,852,954
INFO	2020-01-14 23:44:47	MarkDuplicates	Tracking 541585 as yet unmatched pairs. 33971 records in RAM.
INFO	2020-01-14 23:44:56	MarkDuplicates	Read    18,000,000 records.  Elapsed time: 00:07:34s.  Time for last 1,000,000:    9s.  Last read position: chr9:108,938,099
INFO	2020-01-14 23:44:56	MarkDuplicates	Tracking 541698 as yet unmatched pairs. 7667 records in RAM.
INFO	2020-01-14 23:45:25	MarkDuplicates	Read    19,000,000 records.  Elapsed time: 00:08:02s.  Time for last 1,000,000:   28s.  Last read position: chr10:79,861,667
INFO	2020-01-14 23:45:25	MarkDuplicates	Tracking 535836 as yet unmatched pairs. 26352 records in RAM.
INFO	2020-01-14 23:46:03	MarkDuplicates	Read    20,000,000 records.  Elapsed time: 00:08:41s.  Time for last 1,000,000:   38s.  Last read position: chr11:29,219,532
INFO	2020-01-14 23:46:03	MarkDuplicates	Tracking 525021 as yet unmatched pairs. 60807 records in RAM.
INFO	2020-01-14 23:46:23	MarkDuplicates	Read    21,000,000 records.  Elapsed time: 00:09:01s.  Time for last 1,000,000:   19s.  Last read position: chr11:75,598,296
INFO	2020-01-14 23:46:23	MarkDuplicates	Tracking 514124 as yet unmatched pairs. 33615 records in RAM.
INFO	2020-01-14 23:46:49	MarkDuplicates	Read    22,000,000 records.  Elapsed time: 00:09:27s.  Time for last 1,000,000:   25s.  Last read position: chr11:105,780,175
INFO	2020-01-14 23:46:49	MarkDuplicates	Tracking 505122 as yet unmatched pairs. 11294 records in RAM.
INFO	2020-01-14 23:47:19	MarkDuplicates	Read    23,000,000 records.  Elapsed time: 00:09:57s.  Time for last 1,000,000:   30s.  Last read position: chr12:72,473,802
INFO	2020-01-14 23:47:19	MarkDuplicates	Tracking 485027 as yet unmatched pairs. 27635 records in RAM.
INFO	2020-01-14 23:47:49	MarkDuplicates	Read    24,000,000 records.  Elapsed time: 00:10:26s.  Time for last 1,000,000:   29s.  Last read position: chr13:44,101,288
INFO	2020-01-14 23:47:49	MarkDuplicates	Tracking 458916 as yet unmatched pairs. 47788 records in RAM.
INFO	2020-01-14 23:48:00	MarkDuplicates	Read    25,000,000 records.  Elapsed time: 00:10:37s.  Time for last 1,000,000:   11s.  Last read position: chr13:112,686,428
INFO	2020-01-14 23:48:00	MarkDuplicates	Tracking 433196 as yet unmatched pairs. 4114 records in RAM.
INFO	2020-01-14 23:49:12	MarkDuplicates	Read    26,000,000 records.  Elapsed time: 00:11:49s.  Time for last 1,000,000:   71s.  Last read position: chr14:74,785,351
INFO	2020-01-14 23:49:12	MarkDuplicates	Tracking 401991 as yet unmatched pairs. 22969 records in RAM.
INFO	2020-01-14 23:49:47	MarkDuplicates	Read    27,000,000 records.  Elapsed time: 00:12:24s.  Time for last 1,000,000:   35s.  Last read position: chr15:82,617,155
INFO	2020-01-14 23:49:47	MarkDuplicates	Tracking 356673 as yet unmatched pairs. 17588 records in RAM.
INFO	2020-01-14 23:50:15	MarkDuplicates	Read    28,000,000 records.  Elapsed time: 00:12:53s.  Time for last 1,000,000:   28s.  Last read position: chr16:43,903,740
INFO	2020-01-14 23:50:15	MarkDuplicates	Tracking 314329 as yet unmatched pairs. 32703 records in RAM.
INFO	2020-01-14 23:50:50	MarkDuplicates	Read    29,000,000 records.  Elapsed time: 00:13:27s.  Time for last 1,000,000:   34s.  Last read position: chr17:33,658,388
INFO	2020-01-14 23:50:50	MarkDuplicates	Tracking 269153 as yet unmatched pairs. 48857 records in RAM.
INFO	2020-01-14 23:51:07	MarkDuplicates	Read    30,000,000 records.  Elapsed time: 00:13:44s.  Time for last 1,000,000:   17s.  Last read position: chr18:24,488,008
INFO	2020-01-14 23:51:07	MarkDuplicates	Tracking 214676 as yet unmatched pairs. 46688 records in RAM.
INFO	2020-01-14 23:51:26	MarkDuplicates	Read    31,000,000 records.  Elapsed time: 00:14:03s.  Time for last 1,000,000:   18s.  Last read position: chr19:8,977,483
INFO	2020-01-14 23:51:26	MarkDuplicates	Tracking 165353 as yet unmatched pairs. 46176 records in RAM.
INFO	2020-01-14 23:52:03	MarkDuplicates	Read    32,000,000 records.  Elapsed time: 00:14:40s.  Time for last 1,000,000:   37s.  Last read position: chrX:36,840,048
INFO	2020-01-14 23:52:03	MarkDuplicates	Tracking 105349 as yet unmatched pairs. 93084 records in RAM.
INFO	2020-01-14 23:52:11	MarkDuplicates	Read    33,000,000 records.  Elapsed time: 00:14:49s.  Time for last 1,000,000:    8s.  Last read position: chrX:142,084,633
INFO	2020-01-14 23:52:11	MarkDuplicates	Tracking 35485 as yet unmatched pairs. 22709 records in RAM.
INFO	2020-01-14 23:52:18	MarkDuplicates	Read 33325397 records. 0 pairs never matched.
INFO	2020-01-14 23:53:17	MarkDuplicates	After buildSortedReadEndLists freeMemory: 10794858792; totalMemory: 15187050496; maxMemory: 28631367680
INFO	2020-01-14 23:53:17	MarkDuplicates	Will retain up to 894730240 duplicate indices before spilling to disk.
INFO	2020-01-14 23:53:21	MarkDuplicates	Traversing read pair information and detecting duplicates.
INFO	2020-01-14 23:56:30	MarkDuplicates	Traversing fragment information and detecting duplicates.
INFO	2020-01-14 23:56:44	MarkDuplicates	Sorting list of duplicate records.
INFO	2020-01-14 23:56:47	MarkDuplicates	After generateDuplicateIndexes freeMemory: 18712375320; totalMemory: 26007830528; maxMemory: 28631367680
INFO	2020-01-14 23:56:47	MarkDuplicates	Marking 12798770 records as duplicates.
INFO	2020-01-14 23:56:47	MarkDuplicates	Found 249186 optical duplicate clusters.
INFO	2020-01-14 23:56:47	MarkDuplicates	Reads are assumed to be ordered by: coordinate
INFO	2020-01-15 00:03:25	MarkDuplicates	Written    10,000,000 records.  Elapsed time: 00:06:38s.  Time for last 10,000,000:  398s.  Last read position: chr5:76,541,930
INFO	2020-01-15 00:11:21	MarkDuplicates	Written    20,000,000 records.  Elapsed time: 00:14:34s.  Time for last 10,000,000:  475s.  Last read position: chr11:29,219,532
INFO	2020-01-15 00:16:31	MarkDuplicates	Written    30,000,000 records.  Elapsed time: 00:19:44s.  Time for last 10,000,000:  309s.  Last read position: chr18:24,488,008
INFO	2020-01-15 00:18:43	MarkDuplicates	Writing complete. Closing input iterator.
INFO	2020-01-15 00:18:43	MarkDuplicates	Duplicate Index cleanup.
INFO	2020-01-15 00:18:43	MarkDuplicates	Getting Memory Stats.
INFO	2020-01-15 00:18:43	MarkDuplicates	Before output close freeMemory: 25836303152; totalMemory: 26038763520; maxMemory: 28631367680
INFO	2020-01-15 00:18:43	MarkDuplicates	Closed outputs. Getting more Memory Stats.
INFO	2020-01-15 00:18:43	MarkDuplicates	After output close freeMemory: 25472971568; totalMemory: 25675431936; maxMemory: 28631367680
[Wed Jan 15 00:18:43 UTC 2020] picard.sam.markduplicates.MarkDuplicates done. Elapsed time: 41.62 minutes.
Runtime.totalMemory()=25675431936
