INFO	2020-01-15 02:21:36	MarkDuplicates	

********** NOTE: Picard's command line syntax is changing.
**********
********** For more information, please see:
********** https://github.com/broadinstitute/picard/wiki/Command-Line-Syntax-Transition-For-Users-(Pre-Transition)
**********
********** The command line looks like this in the new syntax:
**********
**********    MarkDuplicates -I /scratch/gregg_thomas/Murinae-seq/03B-MappedMouse/Leggadina-forresti/Leggadina-forresti.sorted.bam -O /scratch/gregg_thomas/Murinae-seq/03B-MappedMouse/Leggadina-forresti/Leggadina-forresti.sorted.mkdup.bam -M /scratch/gregg_thomas/Murinae-seq/03B-MappedMouse/Leggadina-forresti/Leggadina-forresti-mkdup-metrics.txt
**********


02:21:37.412 INFO  NativeLibraryLoader - Loading libgkl_compression.so from jar:file:/home/gregg_thomas/bin/picard.jar!/com/intel/gkl/native/libgkl_compression.so
[Wed Jan 15 02:21:37 UTC 2020] MarkDuplicates INPUT=[/scratch/gregg_thomas/Murinae-seq/03B-MappedMouse/Leggadina-forresti/Leggadina-forresti.sorted.bam] OUTPUT=/scratch/gregg_thomas/Murinae-seq/03B-MappedMouse/Leggadina-forresti/Leggadina-forresti.sorted.mkdup.bam METRICS_FILE=/scratch/gregg_thomas/Murinae-seq/03B-MappedMouse/Leggadina-forresti/Leggadina-forresti-mkdup-metrics.txt    MAX_SEQUENCES_FOR_DISK_READ_ENDS_MAP=50000 MAX_FILE_HANDLES_FOR_READ_ENDS_MAP=8000 SORTING_COLLECTION_SIZE_RATIO=0.25 TAG_DUPLICATE_SET_MEMBERS=false REMOVE_SEQUENCING_DUPLICATES=false TAGGING_POLICY=DontTag CLEAR_DT=true DUPLEX_UMI=false ADD_PG_TAG_TO_READS=true REMOVE_DUPLICATES=false ASSUME_SORTED=false DUPLICATE_SCORING_STRATEGY=SUM_OF_BASE_QUALITIES PROGRAM_RECORD_ID=MarkDuplicates PROGRAM_GROUP_NAME=MarkDuplicates READ_NAME_REGEX=<optimized capture of last three ':' separated fields as numeric values> OPTICAL_DUPLICATE_PIXEL_DISTANCE=100 MAX_OPTICAL_DUPLICATE_SET_SIZE=300000 VERBOSITY=INFO QUIET=false VALIDATION_STRINGENCY=STRICT COMPRESSION_LEVEL=5 MAX_RECORDS_IN_RAM=500000 CREATE_INDEX=false CREATE_MD5_FILE=false GA4GH_CLIENT_SECRETS=client_secrets.json USE_JDK_DEFLATER=false USE_JDK_INFLATER=false
[Wed Jan 15 02:21:37 UTC 2020] Executing as gregg_thomas@ecae4883a231 on Linux 4.4.0-104-generic amd64; Java HotSpot(TM) 64-Bit Server VM 1.8.0_221-b11; Deflater: Intel; Inflater: Intel; Provider GCS is not available; Picard version: 2.20.6-SNAPSHOT
INFO	2020-01-15 02:21:38	MarkDuplicates	Start of doWork freeMemory: 2037674424; totalMemory: 2058354688; maxMemory: 28631367680
INFO	2020-01-15 02:21:38	MarkDuplicates	Reading input file and constructing read end information.
INFO	2020-01-15 02:21:38	MarkDuplicates	Will retain up to 103736839 data points before spilling to disk.
INFO	2020-01-15 02:22:04	MarkDuplicates	Read     1,000,000 records.  Elapsed time: 00:00:20s.  Time for last 1,000,000:   20s.  Last read position: chr1:82,662,840
INFO	2020-01-15 02:22:04	MarkDuplicates	Tracking 64296 as yet unmatched pairs. 2433 records in RAM.
INFO	2020-01-15 02:22:25	MarkDuplicates	Read     2,000,000 records.  Elapsed time: 00:00:41s.  Time for last 1,000,000:   21s.  Last read position: chr1:155,933,327
INFO	2020-01-15 02:22:25	MarkDuplicates	Tracking 118175 as yet unmatched pairs. 1779 records in RAM.
INFO	2020-01-15 02:22:41	MarkDuplicates	Read     3,000,000 records.  Elapsed time: 00:00:57s.  Time for last 1,000,000:   15s.  Last read position: chr2:26,438,549
INFO	2020-01-15 02:22:41	MarkDuplicates	Tracking 168389 as yet unmatched pairs. 11665 records in RAM.
INFO	2020-01-15 02:23:05	MarkDuplicates	Read     4,000,000 records.  Elapsed time: 00:01:21s.  Time for last 1,000,000:   24s.  Last read position: chr2:76,713,729
INFO	2020-01-15 02:23:05	MarkDuplicates	Tracking 206075 as yet unmatched pairs. 9773 records in RAM.
INFO	2020-01-15 02:23:15	MarkDuplicates	Read     5,000,000 records.  Elapsed time: 00:01:31s.  Time for last 1,000,000:    9s.  Last read position: chr2:130,060,415
INFO	2020-01-15 02:23:15	MarkDuplicates	Tracking 241922 as yet unmatched pairs. 6129 records in RAM.
INFO	2020-01-15 02:23:25	MarkDuplicates	Read     6,000,000 records.  Elapsed time: 00:01:41s.  Time for last 1,000,000:   10s.  Last read position: chr2:180,471,974
INFO	2020-01-15 02:23:25	MarkDuplicates	Tracking 279491 as yet unmatched pairs. 395 records in RAM.
INFO	2020-01-15 02:24:00	MarkDuplicates	Read     7,000,000 records.  Elapsed time: 00:02:16s.  Time for last 1,000,000:   34s.  Last read position: chr3:90,151,097
INFO	2020-01-15 02:24:00	MarkDuplicates	Tracking 322702 as yet unmatched pairs. 10518 records in RAM.
INFO	2020-01-15 02:24:30	MarkDuplicates	Read     8,000,000 records.  Elapsed time: 00:02:46s.  Time for last 1,000,000:   29s.  Last read position: chr3:152,820,020
INFO	2020-01-15 02:24:30	MarkDuplicates	Tracking 356469 as yet unmatched pairs. 862 records in RAM.
INFO	2020-01-15 02:24:41	MarkDuplicates	Read     9,000,000 records.  Elapsed time: 00:02:57s.  Time for last 1,000,000:   11s.  Last read position: chr4:88,604,824
INFO	2020-01-15 02:24:41	MarkDuplicates	Tracking 393641 as yet unmatched pairs. 17289 records in RAM.
INFO	2020-01-15 02:25:17	MarkDuplicates	Read    10,000,000 records.  Elapsed time: 00:03:34s.  Time for last 1,000,000:   36s.  Last read position: chr4:134,802,855
INFO	2020-01-15 02:25:17	MarkDuplicates	Tracking 420679 as yet unmatched pairs. 6898 records in RAM.
INFO	2020-01-15 02:25:37	MarkDuplicates	Read    11,000,000 records.  Elapsed time: 00:03:53s.  Time for last 1,000,000:   19s.  Last read position: chr5:27,750,593
INFO	2020-01-15 02:25:37	MarkDuplicates	Tracking 444097 as yet unmatched pairs. 33908 records in RAM.
INFO	2020-01-15 02:25:45	MarkDuplicates	Read    12,000,000 records.  Elapsed time: 00:04:01s.  Time for last 1,000,000:    7s.  Last read position: chr5:106,452,840
INFO	2020-01-15 02:25:45	MarkDuplicates	Tracking 472059 as yet unmatched pairs. 19270 records in RAM.
INFO	2020-01-15 02:25:59	MarkDuplicates	Read    13,000,000 records.  Elapsed time: 00:04:15s.  Time for last 1,000,000:   14s.  Last read position: chr5:143,722,312
INFO	2020-01-15 02:25:59	MarkDuplicates	Tracking 494509 as yet unmatched pairs. 4289 records in RAM.
INFO	2020-01-15 02:26:32	MarkDuplicates	Read    14,000,000 records.  Elapsed time: 00:04:48s.  Time for last 1,000,000:   32s.  Last read position: chr6:72,561,017
INFO	2020-01-15 02:26:32	MarkDuplicates	Tracking 514950 as yet unmatched pairs. 24167 records in RAM.
INFO	2020-01-15 02:27:03	MarkDuplicates	Read    15,000,000 records.  Elapsed time: 00:05:19s.  Time for last 1,000,000:   31s.  Last read position: chr6:129,184,267
INFO	2020-01-15 02:27:03	MarkDuplicates	Tracking 530463 as yet unmatched pairs. 6640 records in RAM.
INFO	2020-01-15 02:27:32	MarkDuplicates	Read    16,000,000 records.  Elapsed time: 00:05:48s.  Time for last 1,000,000:   28s.  Last read position: chr7:34,238,592
INFO	2020-01-15 02:27:32	MarkDuplicates	Tracking 540988 as yet unmatched pairs. 37875 records in RAM.
INFO	2020-01-15 02:28:46	MarkDuplicates	Read    17,000,000 records.  Elapsed time: 00:07:02s.  Time for last 1,000,000:   74s.  Last read position: chr7:103,383,433
INFO	2020-01-15 02:28:46	MarkDuplicates	Tracking 553724 as yet unmatched pairs. 17564 records in RAM.
INFO	2020-01-15 02:28:51	MarkDuplicates	Read    18,000,000 records.  Elapsed time: 00:07:07s.  Time for last 1,000,000:    4s.  Last read position: chr7_GL456219_random:114,698
INFO	2020-01-15 02:28:51	MarkDuplicates	Tracking 559377 as yet unmatched pairs. 11 records in RAM.
INFO	2020-01-15 02:29:02	MarkDuplicates	Read    19,000,000 records.  Elapsed time: 00:07:18s.  Time for last 1,000,000:   11s.  Last read position: chr8:84,097,459
INFO	2020-01-15 02:29:02	MarkDuplicates	Tracking 566526 as yet unmatched pairs. 21919 records in RAM.
INFO	2020-01-15 02:29:23	MarkDuplicates	Read    20,000,000 records.  Elapsed time: 00:07:39s.  Time for last 1,000,000:   20s.  Last read position: chr9:15,338,141
INFO	2020-01-15 02:29:23	MarkDuplicates	Tracking 570122 as yet unmatched pairs. 52145 records in RAM.
INFO	2020-01-15 02:29:34	MarkDuplicates	Read    21,000,000 records.  Elapsed time: 00:07:50s.  Time for last 1,000,000:   11s.  Last read position: chr9:70,006,031
INFO	2020-01-15 02:29:34	MarkDuplicates	Tracking 569960 as yet unmatched pairs. 27495 records in RAM.
INFO	2020-01-15 02:29:42	MarkDuplicates	Read    22,000,000 records.  Elapsed time: 00:07:58s.  Time for last 1,000,000:    7s.  Last read position: chr9:121,490,101
INFO	2020-01-15 02:29:42	MarkDuplicates	Tracking 567616 as yet unmatched pairs. 2010 records in RAM.
INFO	2020-01-15 02:30:06	MarkDuplicates	Read    23,000,000 records.  Elapsed time: 00:08:22s.  Time for last 1,000,000:   23s.  Last read position: chr10:79,949,375
INFO	2020-01-15 02:30:06	MarkDuplicates	Tracking 561811 as yet unmatched pairs. 28160 records in RAM.
INFO	2020-01-15 02:30:24	MarkDuplicates	Read    24,000,000 records.  Elapsed time: 00:08:41s.  Time for last 1,000,000:   18s.  Last read position: chr11:6,214,473
INFO	2020-01-15 02:30:24	MarkDuplicates	Tracking 553428 as yet unmatched pairs. 81351 records in RAM.
INFO	2020-01-15 02:30:40	MarkDuplicates	Read    25,000,000 records.  Elapsed time: 00:08:56s.  Time for last 1,000,000:   15s.  Last read position: chr11:63,070,194
INFO	2020-01-15 02:30:40	MarkDuplicates	Tracking 542992 as yet unmatched pairs. 51131 records in RAM.
INFO	2020-01-15 02:30:54	MarkDuplicates	Read    26,000,000 records.  Elapsed time: 00:09:10s.  Time for last 1,000,000:   13s.  Last read position: chr11:88,843,777
INFO	2020-01-15 02:30:54	MarkDuplicates	Tracking 533456 as yet unmatched pairs. 29982 records in RAM.
INFO	2020-01-15 02:31:02	MarkDuplicates	Read    27,000,000 records.  Elapsed time: 00:09:18s.  Time for last 1,000,000:    7s.  Last read position: chr11:116,149,340
INFO	2020-01-15 02:31:02	MarkDuplicates	Tracking 522023 as yet unmatched pairs. 6049 records in RAM.
INFO	2020-01-15 02:31:29	MarkDuplicates	Read    28,000,000 records.  Elapsed time: 00:09:45s.  Time for last 1,000,000:   27s.  Last read position: chr12:76,406,154
INFO	2020-01-15 02:31:29	MarkDuplicates	Tracking 504017 as yet unmatched pairs. 27076 records in RAM.
INFO	2020-01-15 02:32:37	MarkDuplicates	Read    29,000,000 records.  Elapsed time: 00:10:53s.  Time for last 1,000,000:   67s.  Last read position: chr13:34,901,518
INFO	2020-01-15 02:32:37	MarkDuplicates	Tracking 481150 as yet unmatched pairs. 53299 records in RAM.
INFO	2020-01-15 02:33:04	MarkDuplicates	Read    30,000,000 records.  Elapsed time: 00:11:20s.  Time for last 1,000,000:   27s.  Last read position: chr14:7,904,804
INFO	2020-01-15 02:33:04	MarkDuplicates	Tracking 447254 as yet unmatched pairs. 65261 records in RAM.
INFO	2020-01-15 02:33:13	MarkDuplicates	Read    31,000,000 records.  Elapsed time: 00:11:29s.  Time for last 1,000,000:    8s.  Last read position: chr14:70,128,749
INFO	2020-01-15 02:33:13	MarkDuplicates	Tracking 419439 as yet unmatched pairs. 25313 records in RAM.
INFO	2020-01-15 02:33:48	MarkDuplicates	Read    32,000,000 records.  Elapsed time: 00:12:04s.  Time for last 1,000,000:   34s.  Last read position: chr15:76,103,906
INFO	2020-01-15 02:33:48	MarkDuplicates	Tracking 372022 as yet unmatched pairs. 28513 records in RAM.
INFO	2020-01-15 02:34:14	MarkDuplicates	Read    33,000,000 records.  Elapsed time: 00:12:30s.  Time for last 1,000,000:   26s.  Last read position: chr16:11,239,053
INFO	2020-01-15 02:34:14	MarkDuplicates	Tracking 344315 as yet unmatched pairs. 58603 records in RAM.
INFO	2020-01-15 02:34:32	MarkDuplicates	Read    34,000,000 records.  Elapsed time: 00:12:49s.  Time for last 1,000,000:   18s.  Last read position: chr16:91,616,554
INFO	2020-01-15 02:34:32	MarkDuplicates	Tracking 303275 as yet unmatched pairs. 7094 records in RAM.
INFO	2020-01-15 02:35:07	MarkDuplicates	Read    35,000,000 records.  Elapsed time: 00:13:23s.  Time for last 1,000,000:   34s.  Last read position: chr17:35,101,023
INFO	2020-01-15 02:35:07	MarkDuplicates	Tracking 271827 as yet unmatched pairs. 49116 records in RAM.
INFO	2020-01-15 02:35:53	MarkDuplicates	Read    36,000,000 records.  Elapsed time: 00:14:09s.  Time for last 1,000,000:   46s.  Last read position: chr18:11,051,328
INFO	2020-01-15 02:35:53	MarkDuplicates	Tracking 223068 as yet unmatched pairs. 61504 records in RAM.
INFO	2020-01-15 02:36:21	MarkDuplicates	Read    37,000,000 records.  Elapsed time: 00:14:37s.  Time for last 1,000,000:   27s.  Last read position: chr19:3,266,209
INFO	2020-01-15 02:36:21	MarkDuplicates	Tracking 167430 as yet unmatched pairs. 58139 records in RAM.
INFO	2020-01-15 02:36:30	MarkDuplicates	Read    38,000,000 records.  Elapsed time: 00:14:46s.  Time for last 1,000,000:    8s.  Last read position: chr19:45,776,849
INFO	2020-01-15 02:36:30	MarkDuplicates	Tracking 129003 as yet unmatched pairs. 17391 records in RAM.
INFO	2020-01-15 02:37:15	MarkDuplicates	Read    39,000,000 records.  Elapsed time: 00:15:32s.  Time for last 1,000,000:   45s.  Last read position: chrX:94,795,360
INFO	2020-01-15 02:37:15	MarkDuplicates	Tracking 60739 as yet unmatched pairs. 47915 records in RAM.
INFO	2020-01-15 02:37:35	MarkDuplicates	Read 39909303 records. 0 pairs never matched.
INFO	2020-01-15 02:38:48	MarkDuplicates	After buildSortedReadEndLists freeMemory: 10340333784; totalMemory: 15414591488; maxMemory: 28631367680
INFO	2020-01-15 02:38:48	MarkDuplicates	Will retain up to 894730240 duplicate indices before spilling to disk.
INFO	2020-01-15 02:38:51	MarkDuplicates	Traversing read pair information and detecting duplicates.
INFO	2020-01-15 02:40:35	MarkDuplicates	Traversing fragment information and detecting duplicates.
INFO	2020-01-15 02:40:45	MarkDuplicates	Sorting list of duplicate records.
INFO	2020-01-15 02:40:48	MarkDuplicates	After generateDuplicateIndexes freeMemory: 20043231320; totalMemory: 27336376320; maxMemory: 28631367680
INFO	2020-01-15 02:40:48	MarkDuplicates	Marking 8582195 records as duplicates.
INFO	2020-01-15 02:40:48	MarkDuplicates	Found 1601 optical duplicate clusters.
INFO	2020-01-15 02:40:48	MarkDuplicates	Reads are assumed to be ordered by: coordinate
INFO	2020-01-15 02:47:18	MarkDuplicates	Written    10,000,000 records.  Elapsed time: 00:06:29s.  Time for last 10,000,000:  389s.  Last read position: chr4:134,802,855
INFO	2020-01-15 02:52:25	MarkDuplicates	Written    20,000,000 records.  Elapsed time: 00:11:36s.  Time for last 10,000,000:  306s.  Last read position: chr9:15,338,141
INFO	2020-01-15 02:55:41	MarkDuplicates	Written    30,000,000 records.  Elapsed time: 00:14:52s.  Time for last 10,000,000:  196s.  Last read position: chr14:7,904,804
INFO	2020-01-15 02:59:17	MarkDuplicates	Written    40,000,000 records.  Elapsed time: 00:18:28s.  Time for last 10,000,000:  216s.  Last read position: */*
INFO	2020-01-15 02:59:41	MarkDuplicates	Writing complete. Closing input iterator.
INFO	2020-01-15 02:59:41	MarkDuplicates	Duplicate Index cleanup.
INFO	2020-01-15 02:59:41	MarkDuplicates	Getting Memory Stats.
INFO	2020-01-15 02:59:42	MarkDuplicates	Before output close freeMemory: 26783120800; totalMemory: 26986151936; maxMemory: 28631367680
INFO	2020-01-15 02:59:42	MarkDuplicates	Closed outputs. Getting more Memory Stats.
INFO	2020-01-15 02:59:42	MarkDuplicates	After output close freeMemory: 27124956576; totalMemory: 27327987712; maxMemory: 28631367680
[Wed Jan 15 02:59:42 UTC 2020] picard.sam.markduplicates.MarkDuplicates done. Elapsed time: 38.09 minutes.
Runtime.totalMemory()=27327987712
