INFO	2020-01-14 20:00:55	MarkDuplicates	

********** NOTE: Picard's command line syntax is changing.
**********
********** For more information, please see:
********** https://github.com/broadinstitute/picard/wiki/Command-Line-Syntax-Transition-For-Users-(Pre-Transition)
**********
********** The command line looks like this in the new syntax:
**********
**********    MarkDuplicates -I /scratch/gregg_thomas/Murinae-seq/03B-MappedMouse/Melomys-rufescens/Melomys-rufescens.sorted.bam -O /scratch/gregg_thomas/Murinae-seq/03B-MappedMouse/Melomys-rufescens/Melomys-rufescens.sorted.mkdup.bam -M /scratch/gregg_thomas/Murinae-seq/03B-MappedMouse/Melomys-rufescens/Melomys-rufescens-mkdup-metrics.txt
**********


20:00:56.838 INFO  NativeLibraryLoader - Loading libgkl_compression.so from jar:file:/home/gregg_thomas/bin/picard.jar!/com/intel/gkl/native/libgkl_compression.so
[Tue Jan 14 20:00:56 UTC 2020] MarkDuplicates INPUT=[/scratch/gregg_thomas/Murinae-seq/03B-MappedMouse/Melomys-rufescens/Melomys-rufescens.sorted.bam] OUTPUT=/scratch/gregg_thomas/Murinae-seq/03B-MappedMouse/Melomys-rufescens/Melomys-rufescens.sorted.mkdup.bam METRICS_FILE=/scratch/gregg_thomas/Murinae-seq/03B-MappedMouse/Melomys-rufescens/Melomys-rufescens-mkdup-metrics.txt    MAX_SEQUENCES_FOR_DISK_READ_ENDS_MAP=50000 MAX_FILE_HANDLES_FOR_READ_ENDS_MAP=8000 SORTING_COLLECTION_SIZE_RATIO=0.25 TAG_DUPLICATE_SET_MEMBERS=false REMOVE_SEQUENCING_DUPLICATES=false TAGGING_POLICY=DontTag CLEAR_DT=true DUPLEX_UMI=false ADD_PG_TAG_TO_READS=true REMOVE_DUPLICATES=false ASSUME_SORTED=false DUPLICATE_SCORING_STRATEGY=SUM_OF_BASE_QUALITIES PROGRAM_RECORD_ID=MarkDuplicates PROGRAM_GROUP_NAME=MarkDuplicates READ_NAME_REGEX=<optimized capture of last three ':' separated fields as numeric values> OPTICAL_DUPLICATE_PIXEL_DISTANCE=100 MAX_OPTICAL_DUPLICATE_SET_SIZE=300000 VERBOSITY=INFO QUIET=false VALIDATION_STRINGENCY=STRICT COMPRESSION_LEVEL=5 MAX_RECORDS_IN_RAM=500000 CREATE_INDEX=false CREATE_MD5_FILE=false GA4GH_CLIENT_SECRETS=client_secrets.json USE_JDK_DEFLATER=false USE_JDK_INFLATER=false
[Tue Jan 14 20:00:56 UTC 2020] Executing as gregg_thomas@ecae4883a231 on Linux 4.4.0-104-generic amd64; Java HotSpot(TM) 64-Bit Server VM 1.8.0_221-b11; Deflater: Intel; Inflater: Intel; Provider GCS is not available; Picard version: 2.20.6-SNAPSHOT
INFO	2020-01-14 20:00:57	MarkDuplicates	Start of doWork freeMemory: 2037674608; totalMemory: 2058354688; maxMemory: 28631367680
INFO	2020-01-14 20:00:57	MarkDuplicates	Reading input file and constructing read end information.
INFO	2020-01-14 20:00:57	MarkDuplicates	Will retain up to 103736839 data points before spilling to disk.
INFO	2020-01-14 20:01:52	MarkDuplicates	Read     1,000,000 records.  Elapsed time: 00:00:42s.  Time for last 1,000,000:   42s.  Last read position: chr1:71,478,320
INFO	2020-01-14 20:01:52	MarkDuplicates	Tracking 20921 as yet unmatched pairs. 877 records in RAM.
INFO	2020-01-14 20:02:21	MarkDuplicates	Read     2,000,000 records.  Elapsed time: 00:01:11s.  Time for last 1,000,000:   29s.  Last read position: chr1:150,103,684
INFO	2020-01-14 20:02:21	MarkDuplicates	Tracking 40442 as yet unmatched pairs. 1044 records in RAM.
INFO	2020-01-14 20:02:41	MarkDuplicates	Read     3,000,000 records.  Elapsed time: 00:01:32s.  Time for last 1,000,000:   20s.  Last read position: chr2:18,211,330
INFO	2020-01-14 20:02:41	MarkDuplicates	Tracking 56717 as yet unmatched pairs. 4801 records in RAM.
INFO	2020-01-14 20:03:24	MarkDuplicates	Read     4,000,000 records.  Elapsed time: 00:02:14s.  Time for last 1,000,000:   42s.  Last read position: chr2:65,748,824
INFO	2020-01-14 20:03:24	MarkDuplicates	Tracking 69893 as yet unmatched pairs. 4152 records in RAM.
INFO	2020-01-14 20:04:04	MarkDuplicates	Read     5,000,000 records.  Elapsed time: 00:02:54s.  Time for last 1,000,000:   39s.  Last read position: chr2:104,951,813
INFO	2020-01-14 20:04:04	MarkDuplicates	Tracking 81488 as yet unmatched pairs. 3308 records in RAM.
INFO	2020-01-14 20:04:36	MarkDuplicates	Read     6,000,000 records.  Elapsed time: 00:03:26s.  Time for last 1,000,000:   31s.  Last read position: chr2:151,666,237
INFO	2020-01-14 20:04:36	MarkDuplicates	Tracking 94574 as yet unmatched pairs. 1580 records in RAM.
INFO	2020-01-14 20:04:48	MarkDuplicates	Read     7,000,000 records.  Elapsed time: 00:03:38s.  Time for last 1,000,000:   12s.  Last read position: chr3:35,893,887
INFO	2020-01-14 20:04:48	MarkDuplicates	Tracking 109497 as yet unmatched pairs. 5701 records in RAM.
INFO	2020-01-14 20:06:04	MarkDuplicates	Read     8,000,000 records.  Elapsed time: 00:04:55s.  Time for last 1,000,000:   76s.  Last read position: chr3:101,378,500
INFO	2020-01-14 20:06:04	MarkDuplicates	Tracking 122956 as yet unmatched pairs. 3065 records in RAM.
INFO	2020-01-14 20:06:27	MarkDuplicates	Read     9,000,000 records.  Elapsed time: 00:05:18s.  Time for last 1,000,000:   22s.  Last read position: chr4:11,549,706
INFO	2020-01-14 20:06:27	MarkDuplicates	Tracking 134614 as yet unmatched pairs. 10568 records in RAM.
INFO	2020-01-14 20:06:36	MarkDuplicates	Read    10,000,000 records.  Elapsed time: 00:05:27s.  Time for last 1,000,000:    9s.  Last read position: chr4:91,781,562
INFO	2020-01-14 20:06:36	MarkDuplicates	Tracking 145283 as yet unmatched pairs. 5941 records in RAM.
INFO	2020-01-14 20:06:52	MarkDuplicates	Read    11,000,000 records.  Elapsed time: 00:05:42s.  Time for last 1,000,000:   15s.  Last read position: chr4:135,706,174
INFO	2020-01-14 20:06:52	MarkDuplicates	Tracking 154804 as yet unmatched pairs. 2108 records in RAM.
INFO	2020-01-14 20:07:01	MarkDuplicates	Read    12,000,000 records.  Elapsed time: 00:05:51s.  Time for last 1,000,000:    8s.  Last read position: chr5:31,307,036
INFO	2020-01-14 20:07:01	MarkDuplicates	Tracking 165213 as yet unmatched pairs. 11732 records in RAM.
INFO	2020-01-14 20:07:23	MarkDuplicates	Read    13,000,000 records.  Elapsed time: 00:06:13s.  Time for last 1,000,000:   22s.  Last read position: chr5:104,093,277
INFO	2020-01-14 20:07:23	MarkDuplicates	Tracking 172894 as yet unmatched pairs. 6660 records in RAM.
INFO	2020-01-14 20:07:48	MarkDuplicates	Read    14,000,000 records.  Elapsed time: 00:06:39s.  Time for last 1,000,000:   25s.  Last read position: chr5:147,110,594
INFO	2020-01-14 20:07:48	MarkDuplicates	Tracking 181109 as yet unmatched pairs. 693 records in RAM.
INFO	2020-01-14 20:08:40	MarkDuplicates	Read    15,000,000 records.  Elapsed time: 00:07:30s.  Time for last 1,000,000:   51s.  Last read position: chr6:71,399,221
INFO	2020-01-14 20:08:40	MarkDuplicates	Tracking 188625 as yet unmatched pairs. 8645 records in RAM.
INFO	2020-01-14 20:09:00	MarkDuplicates	Read    16,000,000 records.  Elapsed time: 00:07:50s.  Time for last 1,000,000:   19s.  Last read position: chr6:141,564,553
INFO	2020-01-14 20:09:00	MarkDuplicates	Tracking 193514 as yet unmatched pairs. 1158 records in RAM.
INFO	2020-01-14 20:09:21	MarkDuplicates	Read    17,000,000 records.  Elapsed time: 00:08:11s.  Time for last 1,000,000:   21s.  Last read position: chr7:45,896,567
INFO	2020-01-14 20:09:21	MarkDuplicates	Tracking 199672 as yet unmatched pairs. 12134 records in RAM.
INFO	2020-01-14 20:09:53	MarkDuplicates	Read    18,000,000 records.  Elapsed time: 00:08:44s.  Time for last 1,000,000:   32s.  Last read position: chr7:116,405,952
INFO	2020-01-14 20:09:53	MarkDuplicates	Tracking 203933 as yet unmatched pairs. 5393 records in RAM.
INFO	2020-01-14 20:09:59	MarkDuplicates	Read    19,000,000 records.  Elapsed time: 00:08:50s.  Time for last 1,000,000:    6s.  Last read position: chr8:31,118,542
INFO	2020-01-14 20:09:59	MarkDuplicates	Tracking 204678 as yet unmatched pairs. 13639 records in RAM.
INFO	2020-01-14 20:10:05	MarkDuplicates	Read    20,000,000 records.  Elapsed time: 00:08:56s.  Time for last 1,000,000:    5s.  Last read position: chr8:104,870,492
INFO	2020-01-14 20:10:05	MarkDuplicates	Tracking 207074 as yet unmatched pairs. 4424 records in RAM.
INFO	2020-01-14 20:10:17	MarkDuplicates	Read    21,000,000 records.  Elapsed time: 00:09:07s.  Time for last 1,000,000:   11s.  Last read position: chr9:51,232,939
INFO	2020-01-14 20:10:17	MarkDuplicates	Tracking 206612 as yet unmatched pairs. 14572 records in RAM.
INFO	2020-01-14 20:10:21	MarkDuplicates	Read    22,000,000 records.  Elapsed time: 00:09:12s.  Time for last 1,000,000:    4s.  Last read position: chr9:103,262,977
INFO	2020-01-14 20:10:21	MarkDuplicates	Tracking 205517 as yet unmatched pairs. 5022 records in RAM.
INFO	2020-01-14 20:10:27	MarkDuplicates	Read    23,000,000 records.  Elapsed time: 00:09:18s.  Time for last 1,000,000:    6s.  Last read position: chr10:45,589,554
INFO	2020-01-14 20:10:27	MarkDuplicates	Tracking 203138 as yet unmatched pairs. 16095 records in RAM.
INFO	2020-01-14 20:10:34	MarkDuplicates	Read    24,000,000 records.  Elapsed time: 00:09:25s.  Time for last 1,000,000:    7s.  Last read position: chr10:120,208,815
INFO	2020-01-14 20:10:34	MarkDuplicates	Tracking 199691 as yet unmatched pairs. 2791 records in RAM.
INFO	2020-01-14 20:10:53	MarkDuplicates	Read    25,000,000 records.  Elapsed time: 00:09:44s.  Time for last 1,000,000:   19s.  Last read position: chr11:50,385,065
INFO	2020-01-14 20:10:53	MarkDuplicates	Tracking 196567 as yet unmatched pairs. 22571 records in RAM.
INFO	2020-01-14 20:11:01	MarkDuplicates	Read    26,000,000 records.  Elapsed time: 00:09:51s.  Time for last 1,000,000:    7s.  Last read position: chr11:79,537,116
INFO	2020-01-14 20:11:01	MarkDuplicates	Tracking 192852 as yet unmatched pairs. 14252 records in RAM.
INFO	2020-01-14 20:11:07	MarkDuplicates	Read    27,000,000 records.  Elapsed time: 00:09:58s.  Time for last 1,000,000:    6s.  Last read position: chr11:105,673,494
INFO	2020-01-14 20:11:07	MarkDuplicates	Tracking 188415 as yet unmatched pairs. 4574 records in RAM.
INFO	2020-01-14 20:11:40	MarkDuplicates	Read    28,000,000 records.  Elapsed time: 00:10:31s.  Time for last 1,000,000:   33s.  Last read position: chr12:57,542,346
INFO	2020-01-14 20:11:40	MarkDuplicates	Tracking 183283 as yet unmatched pairs. 13350 records in RAM.
INFO	2020-01-14 20:11:49	MarkDuplicates	Read    29,000,000 records.  Elapsed time: 00:10:40s.  Time for last 1,000,000:    8s.  Last read position: chr13:8,856,736
INFO	2020-01-14 20:11:49	MarkDuplicates	Tracking 175879 as yet unmatched pairs. 26371 records in RAM.
INFO	2020-01-14 20:11:57	MarkDuplicates	Read    30,000,000 records.  Elapsed time: 00:10:47s.  Time for last 1,000,000:    7s.  Last read position: chr13:76,175,197
INFO	2020-01-14 20:11:57	MarkDuplicates	Tracking 164442 as yet unmatched pairs. 9702 records in RAM.
INFO	2020-01-14 20:12:05	MarkDuplicates	Read    31,000,000 records.  Elapsed time: 00:10:55s.  Time for last 1,000,000:    8s.  Last read position: chr14:34,544,418
INFO	2020-01-14 20:12:05	MarkDuplicates	Tracking 154348 as yet unmatched pairs. 16520 records in RAM.
INFO	2020-01-14 20:12:52	MarkDuplicates	Read    32,000,000 records.  Elapsed time: 00:11:43s.  Time for last 1,000,000:   47s.  Last read position: chr14:123,299,602
INFO	2020-01-14 20:12:52	MarkDuplicates	Tracking 143978 as yet unmatched pairs. 562 records in RAM.
INFO	2020-01-14 20:13:01	MarkDuplicates	Read    33,000,000 records.  Elapsed time: 00:11:52s.  Time for last 1,000,000:    8s.  Last read position: chr15:85,905,364
INFO	2020-01-14 20:13:01	MarkDuplicates	Tracking 130663 as yet unmatched pairs. 5304 records in RAM.
INFO	2020-01-14 20:13:09	MarkDuplicates	Read    34,000,000 records.  Elapsed time: 00:11:59s.  Time for last 1,000,000:    7s.  Last read position: chr16:36,911,882
INFO	2020-01-14 20:13:09	MarkDuplicates	Tracking 117115 as yet unmatched pairs. 12335 records in RAM.
INFO	2020-01-14 20:13:26	MarkDuplicates	Read    35,000,000 records.  Elapsed time: 00:12:16s.  Time for last 1,000,000:   17s.  Last read position: chr17:24,564,427
INFO	2020-01-14 20:13:26	MarkDuplicates	Tracking 102048 as yet unmatched pairs. 21960 records in RAM.
INFO	2020-01-14 20:13:31	MarkDuplicates	Read    36,000,000 records.  Elapsed time: 00:12:21s.  Time for last 1,000,000:    5s.  Last read position: chr17:74,359,226
INFO	2020-01-14 20:13:31	MarkDuplicates	Tracking 89142 as yet unmatched pairs. 6950 records in RAM.
INFO	2020-01-14 20:13:39	MarkDuplicates	Read    37,000,000 records.  Elapsed time: 00:12:29s.  Time for last 1,000,000:    7s.  Last read position: chr18:44,431,464
INFO	2020-01-14 20:13:39	MarkDuplicates	Tracking 70484 as yet unmatched pairs. 11427 records in RAM.
INFO	2020-01-14 20:14:05	MarkDuplicates	Read    38,000,000 records.  Elapsed time: 00:12:55s.  Time for last 1,000,000:   26s.  Last read position: chr19:26,817,621
INFO	2020-01-14 20:14:05	MarkDuplicates	Tracking 53133 as yet unmatched pairs. 12210 records in RAM.
INFO	2020-01-14 20:14:20	MarkDuplicates	Read    39,000,000 records.  Elapsed time: 00:13:11s.  Time for last 1,000,000:   15s.  Last read position: chrX:57,281,527
INFO	2020-01-14 20:14:20	MarkDuplicates	Tracking 31882 as yet unmatched pairs. 28891 records in RAM.
INFO	2020-01-14 20:14:25	MarkDuplicates	Read    40,000,000 records.  Elapsed time: 00:13:16s.  Time for last 1,000,000:    5s.  Last read position: chrX:164,428,596
INFO	2020-01-14 20:14:25	MarkDuplicates	Tracking 4539 as yet unmatched pairs. 1414 records in RAM.
INFO	2020-01-14 20:14:27	MarkDuplicates	Read 40162610 records. 0 pairs never matched.
INFO	2020-01-14 20:15:17	MarkDuplicates	After buildSortedReadEndLists freeMemory: 10549847616; totalMemory: 15519449088; maxMemory: 28631367680
INFO	2020-01-14 20:15:17	MarkDuplicates	Will retain up to 894730240 duplicate indices before spilling to disk.
INFO	2020-01-14 20:15:20	MarkDuplicates	Traversing read pair information and detecting duplicates.
INFO	2020-01-14 20:19:14	MarkDuplicates	Traversing fragment information and detecting duplicates.
INFO	2020-01-14 20:19:18	MarkDuplicates	Sorting list of duplicate records.
INFO	2020-01-14 20:19:21	MarkDuplicates	After generateDuplicateIndexes freeMemory: 19118476800; totalMemory: 26413105152; maxMemory: 28631367680
INFO	2020-01-14 20:19:21	MarkDuplicates	Marking 9427649 records as duplicates.
INFO	2020-01-14 20:19:21	MarkDuplicates	Found 11012 optical duplicate clusters.
INFO	2020-01-14 20:19:21	MarkDuplicates	Reads are assumed to be ordered by: coordinate
INFO	2020-01-14 20:22:20	MarkDuplicates	Written    10,000,000 records.  Elapsed time: 00:02:58s.  Time for last 10,000,000:  178s.  Last read position: chr4:91,781,562
INFO	2020-01-14 20:26:32	MarkDuplicates	Written    20,000,000 records.  Elapsed time: 00:07:10s.  Time for last 10,000,000:  251s.  Last read position: chr8:104,870,492
INFO	2020-01-14 20:30:21	MarkDuplicates	Written    30,000,000 records.  Elapsed time: 00:11:00s.  Time for last 10,000,000:  229s.  Last read position: chr13:76,175,197
INFO	2020-01-14 20:34:16	MarkDuplicates	Written    40,000,000 records.  Elapsed time: 00:14:55s.  Time for last 10,000,000:  234s.  Last read position: chrX:164,428,596
INFO	2020-01-14 20:35:13	MarkDuplicates	Writing complete. Closing input iterator.
INFO	2020-01-14 20:35:13	MarkDuplicates	Duplicate Index cleanup.
INFO	2020-01-14 20:35:13	MarkDuplicates	Getting Memory Stats.
INFO	2020-01-14 20:35:14	MarkDuplicates	Before output close freeMemory: 26367776304; totalMemory: 26567770112; maxMemory: 28631367680
INFO	2020-01-14 20:35:14	MarkDuplicates	Closed outputs. Getting more Memory Stats.
INFO	2020-01-14 20:35:15	MarkDuplicates	After output close freeMemory: 26753384088; totalMemory: 26953646080; maxMemory: 28631367680
[Tue Jan 14 20:35:15 UTC 2020] picard.sam.markduplicates.MarkDuplicates done. Elapsed time: 34.30 minutes.
Runtime.totalMemory()=26953646080
