INFO	2020-01-14 21:21:10	MarkDuplicates	

********** NOTE: Picard's command line syntax is changing.
**********
********** For more information, please see:
********** https://github.com/broadinstitute/picard/wiki/Command-Line-Syntax-Transition-For-Users-(Pre-Transition)
**********
********** The command line looks like this in the new syntax:
**********
**********    MarkDuplicates -I /scratch/gregg_thomas/Murinae-seq/03B-MappedMouse/Mus-molossinus/Mus-molossinus.sorted.bam -O /scratch/gregg_thomas/Murinae-seq/03B-MappedMouse/Mus-molossinus/Mus-molossinus.sorted.mkdup.bam -M /scratch/gregg_thomas/Murinae-seq/03B-MappedMouse/Mus-molossinus/Mus-molossinus-mkdup-metrics.txt
**********


21:21:11.323 INFO  NativeLibraryLoader - Loading libgkl_compression.so from jar:file:/home/gregg_thomas/bin/picard.jar!/com/intel/gkl/native/libgkl_compression.so
[Tue Jan 14 21:21:11 UTC 2020] MarkDuplicates INPUT=[/scratch/gregg_thomas/Murinae-seq/03B-MappedMouse/Mus-molossinus/Mus-molossinus.sorted.bam] OUTPUT=/scratch/gregg_thomas/Murinae-seq/03B-MappedMouse/Mus-molossinus/Mus-molossinus.sorted.mkdup.bam METRICS_FILE=/scratch/gregg_thomas/Murinae-seq/03B-MappedMouse/Mus-molossinus/Mus-molossinus-mkdup-metrics.txt    MAX_SEQUENCES_FOR_DISK_READ_ENDS_MAP=50000 MAX_FILE_HANDLES_FOR_READ_ENDS_MAP=8000 SORTING_COLLECTION_SIZE_RATIO=0.25 TAG_DUPLICATE_SET_MEMBERS=false REMOVE_SEQUENCING_DUPLICATES=false TAGGING_POLICY=DontTag CLEAR_DT=true DUPLEX_UMI=false ADD_PG_TAG_TO_READS=true REMOVE_DUPLICATES=false ASSUME_SORTED=false DUPLICATE_SCORING_STRATEGY=SUM_OF_BASE_QUALITIES PROGRAM_RECORD_ID=MarkDuplicates PROGRAM_GROUP_NAME=MarkDuplicates READ_NAME_REGEX=<optimized capture of last three ':' separated fields as numeric values> OPTICAL_DUPLICATE_PIXEL_DISTANCE=100 MAX_OPTICAL_DUPLICATE_SET_SIZE=300000 VERBOSITY=INFO QUIET=false VALIDATION_STRINGENCY=STRICT COMPRESSION_LEVEL=5 MAX_RECORDS_IN_RAM=500000 CREATE_INDEX=false CREATE_MD5_FILE=false GA4GH_CLIENT_SECRETS=client_secrets.json USE_JDK_DEFLATER=false USE_JDK_INFLATER=false
[Tue Jan 14 21:21:11 UTC 2020] Executing as gregg_thomas@ecae4883a231 on Linux 4.4.0-104-generic amd64; Java HotSpot(TM) 64-Bit Server VM 1.8.0_221-b11; Deflater: Intel; Inflater: Intel; Provider GCS is not available; Picard version: 2.20.6-SNAPSHOT
INFO	2020-01-14 21:21:12	MarkDuplicates	Start of doWork freeMemory: 2037674624; totalMemory: 2058354688; maxMemory: 28631367680
INFO	2020-01-14 21:21:12	MarkDuplicates	Reading input file and constructing read end information.
INFO	2020-01-14 21:21:12	MarkDuplicates	Will retain up to 103736839 data points before spilling to disk.
INFO	2020-01-14 21:22:12	MarkDuplicates	Read     1,000,000 records.  Elapsed time: 00:00:47s.  Time for last 1,000,000:   47s.  Last read position: chr1:91,107,286
INFO	2020-01-14 21:22:12	MarkDuplicates	Tracking 2486 as yet unmatched pairs. 77 records in RAM.
INFO	2020-01-14 21:22:59	MarkDuplicates	Read     2,000,000 records.  Elapsed time: 00:01:33s.  Time for last 1,000,000:   46s.  Last read position: chr1:191,610,222
INFO	2020-01-14 21:22:59	MarkDuplicates	Tracking 4645 as yet unmatched pairs. 11 records in RAM.
INFO	2020-01-14 21:23:28	MarkDuplicates	Read     3,000,000 records.  Elapsed time: 00:02:03s.  Time for last 1,000,000:   29s.  Last read position: chr2:71,849,375
INFO	2020-01-14 21:23:28	MarkDuplicates	Tracking 6537 as yet unmatched pairs. 359 records in RAM.
INFO	2020-01-14 21:24:03	MarkDuplicates	Read     4,000,000 records.  Elapsed time: 00:02:38s.  Time for last 1,000,000:   34s.  Last read position: chr2:130,171,717
INFO	2020-01-14 21:24:03	MarkDuplicates	Tracking 9253 as yet unmatched pairs. 213 records in RAM.
INFO	2020-01-14 21:24:34	MarkDuplicates	Read     5,000,000 records.  Elapsed time: 00:03:08s.  Time for last 1,000,000:   30s.  Last read position: chr3:9,689,301
INFO	2020-01-14 21:24:34	MarkDuplicates	Tracking 10782 as yet unmatched pairs. 601 records in RAM.
INFO	2020-01-14 21:25:01	MarkDuplicates	Read     6,000,000 records.  Elapsed time: 00:03:36s.  Time for last 1,000,000:   27s.  Last read position: chr3:106,114,991
INFO	2020-01-14 21:25:01	MarkDuplicates	Tracking 12695 as yet unmatched pairs. 255 records in RAM.
INFO	2020-01-14 21:25:24	MarkDuplicates	Read     7,000,000 records.  Elapsed time: 00:03:59s.  Time for last 1,000,000:   22s.  Last read position: chr4:55,012,568
INFO	2020-01-14 21:25:24	MarkDuplicates	Tracking 14191 as yet unmatched pairs. 1018 records in RAM.
INFO	2020-01-14 21:25:55	MarkDuplicates	Read     8,000,000 records.  Elapsed time: 00:04:30s.  Time for last 1,000,000:   31s.  Last read position: chr4:132,553,291
INFO	2020-01-14 21:25:55	MarkDuplicates	Tracking 16465 as yet unmatched pairs. 491 records in RAM.
INFO	2020-01-14 21:26:03	MarkDuplicates	Read     9,000,000 records.  Elapsed time: 00:04:38s.  Time for last 1,000,000:    8s.  Last read position: chr5:24,169,283
INFO	2020-01-14 21:26:03	MarkDuplicates	Tracking 17580 as yet unmatched pairs. 1521 records in RAM.
INFO	2020-01-14 21:26:15	MarkDuplicates	Read    10,000,000 records.  Elapsed time: 00:04:50s.  Time for last 1,000,000:   11s.  Last read position: chr5:113,279,512
INFO	2020-01-14 21:26:15	MarkDuplicates	Tracking 18560 as yet unmatched pairs. 658 records in RAM.
INFO	2020-01-14 21:26:38	MarkDuplicates	Read    11,000,000 records.  Elapsed time: 00:05:13s.  Time for last 1,000,000:   22s.  Last read position: chr6:25,748,861
INFO	2020-01-14 21:26:38	MarkDuplicates	Tracking 19350 as yet unmatched pairs. 1567 records in RAM.
INFO	2020-01-14 21:26:51	MarkDuplicates	Read    12,000,000 records.  Elapsed time: 00:05:26s.  Time for last 1,000,000:   13s.  Last read position: chr6:122,924,673
INFO	2020-01-14 21:26:51	MarkDuplicates	Tracking 19726 as yet unmatched pairs. 363 records in RAM.
INFO	2020-01-14 21:27:12	MarkDuplicates	Read    13,000,000 records.  Elapsed time: 00:05:47s.  Time for last 1,000,000:   20s.  Last read position: chr7:30,752,254
INFO	2020-01-14 21:27:12	MarkDuplicates	Tracking 20442 as yet unmatched pairs. 1767 records in RAM.
INFO	2020-01-14 21:28:02	MarkDuplicates	Read    14,000,000 records.  Elapsed time: 00:06:37s.  Time for last 1,000,000:   50s.  Last read position: chr7:118,154,097
INFO	2020-01-14 21:28:02	MarkDuplicates	Tracking 20684 as yet unmatched pairs. 488 records in RAM.
INFO	2020-01-14 21:28:31	MarkDuplicates	Read    15,000,000 records.  Elapsed time: 00:07:06s.  Time for last 1,000,000:   29s.  Last read position: chr8:40,826,694
INFO	2020-01-14 21:28:31	MarkDuplicates	Tracking 20895 as yet unmatched pairs. 1644 records in RAM.
INFO	2020-01-14 21:28:42	MarkDuplicates	Read    16,000,000 records.  Elapsed time: 00:07:17s.  Time for last 1,000,000:   10s.  Last read position: chr8:124,638,067
INFO	2020-01-14 21:28:42	MarkDuplicates	Tracking 20872 as yet unmatched pairs. 46 records in RAM.
INFO	2020-01-14 21:29:18	MarkDuplicates	Read    17,000,000 records.  Elapsed time: 00:07:53s.  Time for last 1,000,000:   36s.  Last read position: chr9:76,134,446
INFO	2020-01-14 21:29:18	MarkDuplicates	Tracking 21040 as yet unmatched pairs. 699 records in RAM.
INFO	2020-01-14 21:29:30	MarkDuplicates	Read    18,000,000 records.  Elapsed time: 00:08:05s.  Time for last 1,000,000:   11s.  Last read position: chr10:42,701,857
INFO	2020-01-14 21:29:30	MarkDuplicates	Tracking 20757 as yet unmatched pairs. 1444 records in RAM.
INFO	2020-01-14 21:29:40	MarkDuplicates	Read    19,000,000 records.  Elapsed time: 00:08:15s.  Time for last 1,000,000:   10s.  Last read position: chr11:3,135,479
INFO	2020-01-14 21:29:40	MarkDuplicates	Tracking 20488 as yet unmatched pairs. 2929 records in RAM.
INFO	2020-01-14 21:30:03	MarkDuplicates	Read    20,000,000 records.  Elapsed time: 00:08:38s.  Time for last 1,000,000:   22s.  Last read position: chr11:69,909,673
INFO	2020-01-14 21:30:03	MarkDuplicates	Tracking 20019 as yet unmatched pairs. 1618 records in RAM.
INFO	2020-01-14 21:30:28	MarkDuplicates	Read    21,000,000 records.  Elapsed time: 00:09:03s.  Time for last 1,000,000:   25s.  Last read position: chr11:103,616,544
INFO	2020-01-14 21:30:28	MarkDuplicates	Tracking 19563 as yet unmatched pairs. 583 records in RAM.
INFO	2020-01-14 21:30:50	MarkDuplicates	Read    22,000,000 records.  Elapsed time: 00:09:25s.  Time for last 1,000,000:   21s.  Last read position: chr12:80,173,038
INFO	2020-01-14 21:30:50	MarkDuplicates	Tracking 18946 as yet unmatched pairs. 885 records in RAM.
INFO	2020-01-14 21:31:33	MarkDuplicates	Read    23,000,000 records.  Elapsed time: 00:10:08s.  Time for last 1,000,000:   43s.  Last read position: chr13:57,450,618
INFO	2020-01-14 21:31:33	MarkDuplicates	Tracking 18056 as yet unmatched pairs. 1567 records in RAM.
INFO	2020-01-14 21:31:56	MarkDuplicates	Read    24,000,000 records.  Elapsed time: 00:10:31s.  Time for last 1,000,000:   22s.  Last read position: chr14:52,201,638
INFO	2020-01-14 21:31:56	MarkDuplicates	Tracking 16072 as yet unmatched pairs. 1344 records in RAM.
INFO	2020-01-14 21:32:03	MarkDuplicates	Read    25,000,000 records.  Elapsed time: 00:10:38s.  Time for last 1,000,000:    7s.  Last read position: chr15:74,841,288
INFO	2020-01-14 21:32:03	MarkDuplicates	Tracking 14404 as yet unmatched pairs. 1076 records in RAM.
INFO	2020-01-14 21:32:55	MarkDuplicates	Read    26,000,000 records.  Elapsed time: 00:11:30s.  Time for last 1,000,000:   52s.  Last read position: chr16:30,957,391
INFO	2020-01-14 21:32:55	MarkDuplicates	Tracking 12939 as yet unmatched pairs. 1499 records in RAM.
INFO	2020-01-14 21:33:11	MarkDuplicates	Read    27,000,000 records.  Elapsed time: 00:11:46s.  Time for last 1,000,000:   15s.  Last read position: chr17:25,380,637
INFO	2020-01-14 21:33:11	MarkDuplicates	Tracking 11293 as yet unmatched pairs. 2042 records in RAM.
INFO	2020-01-14 21:33:26	MarkDuplicates	Read    28,000,000 records.  Elapsed time: 00:12:01s.  Time for last 1,000,000:   15s.  Last read position: chr18:9,551,099
INFO	2020-01-14 21:33:26	MarkDuplicates	Tracking 9277 as yet unmatched pairs. 1848 records in RAM.
INFO	2020-01-14 21:33:57	MarkDuplicates	Read    29,000,000 records.  Elapsed time: 00:12:32s.  Time for last 1,000,000:   31s.  Last read position: chr19:11,309,789
INFO	2020-01-14 21:33:57	MarkDuplicates	Tracking 7191 as yet unmatched pairs. 1362 records in RAM.
INFO	2020-01-14 21:34:22	MarkDuplicates	Read    30,000,000 records.  Elapsed time: 00:12:57s.  Time for last 1,000,000:   25s.  Last read position: chrX:37,682,977
INFO	2020-01-14 21:34:22	MarkDuplicates	Tracking 3508 as yet unmatched pairs. 3042 records in RAM.
INFO	2020-01-14 21:34:30	MarkDuplicates	Read    31,000,000 records.  Elapsed time: 00:13:05s.  Time for last 1,000,000:    8s.  Last read position: chrX:149,636,155
INFO	2020-01-14 21:34:30	MarkDuplicates	Tracking 1362 as yet unmatched pairs. 879 records in RAM.
INFO	2020-01-14 21:34:34	MarkDuplicates	Read 31229189 records. 0 pairs never matched.
INFO	2020-01-14 21:35:18	MarkDuplicates	After buildSortedReadEndLists freeMemory: 10815433352; totalMemory: 15202254848; maxMemory: 28631367680
INFO	2020-01-14 21:35:18	MarkDuplicates	Will retain up to 894730240 duplicate indices before spilling to disk.
INFO	2020-01-14 21:35:29	MarkDuplicates	Traversing read pair information and detecting duplicates.
INFO	2020-01-14 21:37:07	MarkDuplicates	Traversing fragment information and detecting duplicates.
INFO	2020-01-14 21:37:52	MarkDuplicates	Sorting list of duplicate records.
INFO	2020-01-14 21:37:57	MarkDuplicates	After generateDuplicateIndexes freeMemory: 21045629992; totalMemory: 28329377792; maxMemory: 28631367680
INFO	2020-01-14 21:37:57	MarkDuplicates	Marking 4374523 records as duplicates.
INFO	2020-01-14 21:37:57	MarkDuplicates	Found 1311 optical duplicate clusters.
INFO	2020-01-14 21:37:57	MarkDuplicates	Reads are assumed to be ordered by: coordinate
INFO	2020-01-14 21:47:41	MarkDuplicates	Written    10,000,000 records.  Elapsed time: 00:09:44s.  Time for last 10,000,000:  584s.  Last read position: chr5:113,279,512
INFO	2020-01-14 21:55:57	MarkDuplicates	Written    20,000,000 records.  Elapsed time: 00:17:59s.  Time for last 10,000,000:  495s.  Last read position: chr11:69,909,673
INFO	2020-01-14 22:01:11	MarkDuplicates	Written    30,000,000 records.  Elapsed time: 00:23:14s.  Time for last 10,000,000:  314s.  Last read position: chrX:37,682,977
INFO	2020-01-14 22:01:47	MarkDuplicates	Writing complete. Closing input iterator.
INFO	2020-01-14 22:01:47	MarkDuplicates	Duplicate Index cleanup.
INFO	2020-01-14 22:01:47	MarkDuplicates	Getting Memory Stats.
INFO	2020-01-14 22:01:48	MarkDuplicates	Before output close freeMemory: 28112871656; totalMemory: 28307881984; maxMemory: 28631367680
INFO	2020-01-14 22:01:48	MarkDuplicates	Closed outputs. Getting more Memory Stats.
INFO	2020-01-14 22:01:49	MarkDuplicates	After output close freeMemory: 27621613800; totalMemory: 27816624128; maxMemory: 28631367680
[Tue Jan 14 22:01:49 UTC 2020] picard.sam.markduplicates.MarkDuplicates done. Elapsed time: 40.64 minutes.
Runtime.totalMemory()=27816624128
