INFO	2020-01-15 00:33:12	MarkDuplicates	

********** NOTE: Picard's command line syntax is changing.
**********
********** For more information, please see:
********** https://github.com/broadinstitute/picard/wiki/Command-Line-Syntax-Transition-For-Users-(Pre-Transition)
**********
********** The command line looks like this in the new syntax:
**********
**********    MarkDuplicates -I /scratch/gregg_thomas/Murinae-seq/03B-MappedMouse/Mus-pos_ctrl_B/Mus-pos_ctrl_B.sorted.bam -O /scratch/gregg_thomas/Murinae-seq/03B-MappedMouse/Mus-pos_ctrl_B/Mus-pos_ctrl_B.sorted.mkdup.bam -M /scratch/gregg_thomas/Murinae-seq/03B-MappedMouse/Mus-pos_ctrl_B/Mus-pos_ctrl_B-mkdup-metrics.txt
**********


00:33:13.573 INFO  NativeLibraryLoader - Loading libgkl_compression.so from jar:file:/home/gregg_thomas/bin/picard.jar!/com/intel/gkl/native/libgkl_compression.so
[Wed Jan 15 00:33:13 UTC 2020] MarkDuplicates INPUT=[/scratch/gregg_thomas/Murinae-seq/03B-MappedMouse/Mus-pos_ctrl_B/Mus-pos_ctrl_B.sorted.bam] OUTPUT=/scratch/gregg_thomas/Murinae-seq/03B-MappedMouse/Mus-pos_ctrl_B/Mus-pos_ctrl_B.sorted.mkdup.bam METRICS_FILE=/scratch/gregg_thomas/Murinae-seq/03B-MappedMouse/Mus-pos_ctrl_B/Mus-pos_ctrl_B-mkdup-metrics.txt    MAX_SEQUENCES_FOR_DISK_READ_ENDS_MAP=50000 MAX_FILE_HANDLES_FOR_READ_ENDS_MAP=8000 SORTING_COLLECTION_SIZE_RATIO=0.25 TAG_DUPLICATE_SET_MEMBERS=false REMOVE_SEQUENCING_DUPLICATES=false TAGGING_POLICY=DontTag CLEAR_DT=true DUPLEX_UMI=false ADD_PG_TAG_TO_READS=true REMOVE_DUPLICATES=false ASSUME_SORTED=false DUPLICATE_SCORING_STRATEGY=SUM_OF_BASE_QUALITIES PROGRAM_RECORD_ID=MarkDuplicates PROGRAM_GROUP_NAME=MarkDuplicates READ_NAME_REGEX=<optimized capture of last three ':' separated fields as numeric values> OPTICAL_DUPLICATE_PIXEL_DISTANCE=100 MAX_OPTICAL_DUPLICATE_SET_SIZE=300000 VERBOSITY=INFO QUIET=false VALIDATION_STRINGENCY=STRICT COMPRESSION_LEVEL=5 MAX_RECORDS_IN_RAM=500000 CREATE_INDEX=false CREATE_MD5_FILE=false GA4GH_CLIENT_SECRETS=client_secrets.json USE_JDK_DEFLATER=false USE_JDK_INFLATER=false
[Wed Jan 15 00:33:13 UTC 2020] Executing as gregg_thomas@ecae4883a231 on Linux 4.4.0-104-generic amd64; Java HotSpot(TM) 64-Bit Server VM 1.8.0_221-b11; Deflater: Intel; Inflater: Intel; Provider GCS is not available; Picard version: 2.20.6-SNAPSHOT
INFO	2020-01-15 00:33:14	MarkDuplicates	Start of doWork freeMemory: 2037674856; totalMemory: 2058354688; maxMemory: 28631367680
INFO	2020-01-15 00:33:14	MarkDuplicates	Reading input file and constructing read end information.
INFO	2020-01-15 00:33:14	MarkDuplicates	Will retain up to 103736839 data points before spilling to disk.
INFO	2020-01-15 00:34:02	MarkDuplicates	Read     1,000,000 records.  Elapsed time: 00:00:35s.  Time for last 1,000,000:   35s.  Last read position: chr5:29,637,685
INFO	2020-01-15 00:34:02	MarkDuplicates	Tracking 7159 as yet unmatched pairs. 486 records in RAM.
INFO	2020-01-15 00:34:13	MarkDuplicates	Read     2,000,000 records.  Elapsed time: 00:00:46s.  Time for last 1,000,000:   11s.  Last read position: chr10:127,176,768
INFO	2020-01-15 00:34:13	MarkDuplicates	Tracking 8620 as yet unmatched pairs. 61 records in RAM.
INFO	2020-01-15 00:34:28	MarkDuplicates	Read     3,000,000 records.  Elapsed time: 00:01:01s.  Time for last 1,000,000:   15s.  Last read position: chr18:37,757,261
INFO	2020-01-15 00:34:28	MarkDuplicates	Tracking 3377 as yet unmatched pairs. 522 records in RAM.
INFO	2020-01-15 00:34:32	MarkDuplicates	Read 3320238 records. 0 pairs never matched.
INFO	2020-01-15 00:35:00	MarkDuplicates	After buildSortedReadEndLists freeMemory: 4574599872; totalMemory: 5846859776; maxMemory: 28631367680
INFO	2020-01-15 00:35:00	MarkDuplicates	Will retain up to 894730240 duplicate indices before spilling to disk.
INFO	2020-01-15 00:35:18	MarkDuplicates	Traversing read pair information and detecting duplicates.
INFO	2020-01-15 00:35:42	MarkDuplicates	Traversing fragment information and detecting duplicates.
INFO	2020-01-15 00:35:53	MarkDuplicates	Sorting list of duplicate records.
INFO	2020-01-15 00:35:56	MarkDuplicates	After generateDuplicateIndexes freeMemory: 8612631656; totalMemory: 15807283200; maxMemory: 28631367680
INFO	2020-01-15 00:35:56	MarkDuplicates	Marking 1347262 records as duplicates.
INFO	2020-01-15 00:35:56	MarkDuplicates	Found 25117 optical duplicate clusters.
INFO	2020-01-15 00:35:56	MarkDuplicates	Reads are assumed to be ordered by: coordinate
INFO	2020-01-15 00:38:05	MarkDuplicates	Writing complete. Closing input iterator.
INFO	2020-01-15 00:38:05	MarkDuplicates	Duplicate Index cleanup.
INFO	2020-01-15 00:38:05	MarkDuplicates	Getting Memory Stats.
INFO	2020-01-15 00:38:06	MarkDuplicates	Before output close freeMemory: 16339854448; totalMemory: 16430661632; maxMemory: 28631367680
INFO	2020-01-15 00:38:06	MarkDuplicates	Closed outputs. Getting more Memory Stats.
INFO	2020-01-15 00:38:07	MarkDuplicates	After output close freeMemory: 16605702088; totalMemory: 16696475648; maxMemory: 28631367680
[Wed Jan 15 00:38:07 UTC 2020] picard.sam.markduplicates.MarkDuplicates done. Elapsed time: 4.90 minutes.
Runtime.totalMemory()=16696475648
