INFO	2020-01-14 20:37:00	MarkDuplicates	

********** NOTE: Picard's command line syntax is changing.
**********
********** For more information, please see:
********** https://github.com/broadinstitute/picard/wiki/Command-Line-Syntax-Transition-For-Users-(Pre-Transition)
**********
********** The command line looks like this in the new syntax:
**********
**********    MarkDuplicates -I /scratch/gregg_thomas/Murinae-seq/03B-MappedMouse/Niviventer-lepturus/Niviventer-lepturus.sorted.bam -O /scratch/gregg_thomas/Murinae-seq/03B-MappedMouse/Niviventer-lepturus/Niviventer-lepturus.sorted.mkdup.bam -M /scratch/gregg_thomas/Murinae-seq/03B-MappedMouse/Niviventer-lepturus/Niviventer-lepturus-mkdup-metrics.txt
**********


20:37:01.403 INFO  NativeLibraryLoader - Loading libgkl_compression.so from jar:file:/home/gregg_thomas/bin/picard.jar!/com/intel/gkl/native/libgkl_compression.so
[Tue Jan 14 20:37:01 UTC 2020] MarkDuplicates INPUT=[/scratch/gregg_thomas/Murinae-seq/03B-MappedMouse/Niviventer-lepturus/Niviventer-lepturus.sorted.bam] OUTPUT=/scratch/gregg_thomas/Murinae-seq/03B-MappedMouse/Niviventer-lepturus/Niviventer-lepturus.sorted.mkdup.bam METRICS_FILE=/scratch/gregg_thomas/Murinae-seq/03B-MappedMouse/Niviventer-lepturus/Niviventer-lepturus-mkdup-metrics.txt    MAX_SEQUENCES_FOR_DISK_READ_ENDS_MAP=50000 MAX_FILE_HANDLES_FOR_READ_ENDS_MAP=8000 SORTING_COLLECTION_SIZE_RATIO=0.25 TAG_DUPLICATE_SET_MEMBERS=false REMOVE_SEQUENCING_DUPLICATES=false TAGGING_POLICY=DontTag CLEAR_DT=true DUPLEX_UMI=false ADD_PG_TAG_TO_READS=true REMOVE_DUPLICATES=false ASSUME_SORTED=false DUPLICATE_SCORING_STRATEGY=SUM_OF_BASE_QUALITIES PROGRAM_RECORD_ID=MarkDuplicates PROGRAM_GROUP_NAME=MarkDuplicates READ_NAME_REGEX=<optimized capture of last three ':' separated fields as numeric values> OPTICAL_DUPLICATE_PIXEL_DISTANCE=100 MAX_OPTICAL_DUPLICATE_SET_SIZE=300000 VERBOSITY=INFO QUIET=false VALIDATION_STRINGENCY=STRICT COMPRESSION_LEVEL=5 MAX_RECORDS_IN_RAM=500000 CREATE_INDEX=false CREATE_MD5_FILE=false GA4GH_CLIENT_SECRETS=client_secrets.json USE_JDK_DEFLATER=false USE_JDK_INFLATER=false
[Tue Jan 14 20:37:01 UTC 2020] Executing as gregg_thomas@ecae4883a231 on Linux 4.4.0-104-generic amd64; Java HotSpot(TM) 64-Bit Server VM 1.8.0_221-b11; Deflater: Intel; Inflater: Intel; Provider GCS is not available; Picard version: 2.20.6-SNAPSHOT
INFO	2020-01-14 20:37:02	MarkDuplicates	Start of doWork freeMemory: 2037674608; totalMemory: 2058354688; maxMemory: 28631367680
INFO	2020-01-14 20:37:02	MarkDuplicates	Reading input file and constructing read end information.
INFO	2020-01-14 20:37:02	MarkDuplicates	Will retain up to 103736839 data points before spilling to disk.
INFO	2020-01-14 20:37:41	MarkDuplicates	Read     1,000,000 records.  Elapsed time: 00:00:27s.  Time for last 1,000,000:   27s.  Last read position: chr1:82,870,678
INFO	2020-01-14 20:37:41	MarkDuplicates	Tracking 19382 as yet unmatched pairs. 1004 records in RAM.
INFO	2020-01-14 20:38:09	MarkDuplicates	Read     2,000,000 records.  Elapsed time: 00:00:55s.  Time for last 1,000,000:   27s.  Last read position: chr1:171,415,721
INFO	2020-01-14 20:38:09	MarkDuplicates	Tracking 38733 as yet unmatched pairs. 400 records in RAM.
INFO	2020-01-14 20:38:22	MarkDuplicates	Read     3,000,000 records.  Elapsed time: 00:01:09s.  Time for last 1,000,000:   13s.  Last read position: chr2:39,070,908
INFO	2020-01-14 20:38:22	MarkDuplicates	Tracking 53464 as yet unmatched pairs. 3190 records in RAM.
INFO	2020-01-14 20:38:30	MarkDuplicates	Read     4,000,000 records.  Elapsed time: 00:01:17s.  Time for last 1,000,000:    7s.  Last read position: chr2:102,790,724
INFO	2020-01-14 20:38:30	MarkDuplicates	Tracking 65910 as yet unmatched pairs. 2511 records in RAM.
INFO	2020-01-14 20:38:51	MarkDuplicates	Read     5,000,000 records.  Elapsed time: 00:01:37s.  Time for last 1,000,000:   20s.  Last read position: chr2:153,757,911
INFO	2020-01-14 20:38:51	MarkDuplicates	Tracking 79361 as yet unmatched pairs. 1551 records in RAM.
INFO	2020-01-14 20:39:06	MarkDuplicates	Read     6,000,000 records.  Elapsed time: 00:01:52s.  Time for last 1,000,000:   14s.  Last read position: chr3:54,376,757
INFO	2020-01-14 20:39:06	MarkDuplicates	Tracking 93938 as yet unmatched pairs. 4854 records in RAM.
INFO	2020-01-14 20:39:11	MarkDuplicates	Read     7,000,000 records.  Elapsed time: 00:01:57s.  Time for last 1,000,000:    4s.  Last read position: chr3:116,512,442
INFO	2020-01-14 20:39:11	MarkDuplicates	Tracking 105734 as yet unmatched pairs. 2072 records in RAM.
INFO	2020-01-14 20:39:59	MarkDuplicates	Read     8,000,000 records.  Elapsed time: 00:02:46s.  Time for last 1,000,000:   48s.  Last read position: chr4:44,126,518
INFO	2020-01-14 20:39:59	MarkDuplicates	Tracking 118000 as yet unmatched pairs. 7497 records in RAM.
INFO	2020-01-14 20:40:46	MarkDuplicates	Read     9,000,000 records.  Elapsed time: 00:03:32s.  Time for last 1,000,000:   46s.  Last read position: chr4:120,453,286
INFO	2020-01-14 20:40:46	MarkDuplicates	Tracking 128505 as yet unmatched pairs. 3862 records in RAM.
INFO	2020-01-14 20:40:53	MarkDuplicates	Read    10,000,000 records.  Elapsed time: 00:03:39s.  Time for last 1,000,000:    6s.  Last read position: chr5:18,289,502
INFO	2020-01-14 20:40:53	MarkDuplicates	Tracking 137821 as yet unmatched pairs. 11614 records in RAM.
INFO	2020-01-14 20:41:06	MarkDuplicates	Read    11,000,000 records.  Elapsed time: 00:03:53s.  Time for last 1,000,000:   13s.  Last read position: chr5:97,087,660
INFO	2020-01-14 20:41:06	MarkDuplicates	Tracking 145730 as yet unmatched pairs. 6001 records in RAM.
INFO	2020-01-14 20:41:14	MarkDuplicates	Read    12,000,000 records.  Elapsed time: 00:04:01s.  Time for last 1,000,000:    8s.  Last read position: chr6:3,375,729
INFO	2020-01-14 20:41:14	MarkDuplicates	Tracking 154765 as yet unmatched pairs. 11398 records in RAM.
INFO	2020-01-14 20:41:23	MarkDuplicates	Read    13,000,000 records.  Elapsed time: 00:04:10s.  Time for last 1,000,000:    8s.  Last read position: chr6:87,999,845
INFO	2020-01-14 20:41:23	MarkDuplicates	Tracking 161842 as yet unmatched pairs. 5802 records in RAM.
INFO	2020-01-14 20:41:36	MarkDuplicates	Read    14,000,000 records.  Elapsed time: 00:04:23s.  Time for last 1,000,000:   13s.  Last read position: chr7:16,810,654
INFO	2020-01-14 20:41:36	MarkDuplicates	Tracking 167286 as yet unmatched pairs. 13870 records in RAM.
INFO	2020-01-14 20:42:18	MarkDuplicates	Read    15,000,000 records.  Elapsed time: 00:05:04s.  Time for last 1,000,000:   41s.  Last read position: chr7:89,279,964
INFO	2020-01-14 20:42:18	MarkDuplicates	Tracking 171700 as yet unmatched pairs. 6939 records in RAM.
INFO	2020-01-14 20:42:27	MarkDuplicates	Read    16,000,000 records.  Elapsed time: 00:05:14s.  Time for last 1,000,000:    9s.  Last read position: chr7:141,861,776
INFO	2020-01-14 20:42:27	MarkDuplicates	Tracking 174146 as yet unmatched pairs. 421 records in RAM.
INFO	2020-01-14 20:42:37	MarkDuplicates	Read    17,000,000 records.  Elapsed time: 00:05:23s.  Time for last 1,000,000:    9s.  Last read position: chr8:88,247,508
INFO	2020-01-14 20:42:37	MarkDuplicates	Tracking 176685 as yet unmatched pairs. 6003 records in RAM.
INFO	2020-01-14 20:42:47	MarkDuplicates	Read    18,000,000 records.  Elapsed time: 00:05:34s.  Time for last 1,000,000:   10s.  Last read position: chr9:42,622,129
INFO	2020-01-14 20:42:47	MarkDuplicates	Tracking 177352 as yet unmatched pairs. 12792 records in RAM.
INFO	2020-01-14 20:43:25	MarkDuplicates	Read    19,000,000 records.  Elapsed time: 00:06:11s.  Time for last 1,000,000:   37s.  Last read position: chr9:100,757,576
INFO	2020-01-14 20:43:25	MarkDuplicates	Tracking 177214 as yet unmatched pairs. 4345 records in RAM.
INFO	2020-01-14 20:43:33	MarkDuplicates	Read    20,000,000 records.  Elapsed time: 00:06:20s.  Time for last 1,000,000:    8s.  Last read position: chr10:62,274,530
INFO	2020-01-14 20:43:33	MarkDuplicates	Tracking 174824 as yet unmatched pairs. 11179 records in RAM.
INFO	2020-01-14 20:43:44	MarkDuplicates	Read    21,000,000 records.  Elapsed time: 00:06:30s.  Time for last 1,000,000:   10s.  Last read position: chr11:6,471,965
INFO	2020-01-14 20:43:44	MarkDuplicates	Tracking 172070 as yet unmatched pairs. 25155 records in RAM.
INFO	2020-01-14 20:44:00	MarkDuplicates	Read    22,000,000 records.  Elapsed time: 00:06:46s.  Time for last 1,000,000:   15s.  Last read position: chr11:67,206,551
INFO	2020-01-14 20:44:00	MarkDuplicates	Tracking 168959 as yet unmatched pairs. 15846 records in RAM.
INFO	2020-01-14 20:44:10	MarkDuplicates	Read    23,000,000 records.  Elapsed time: 00:06:57s.  Time for last 1,000,000:   10s.  Last read position: chr11:97,055,900
INFO	2020-01-14 20:44:10	MarkDuplicates	Tracking 165394 as yet unmatched pairs. 7524 records in RAM.
INFO	2020-01-14 20:44:27	MarkDuplicates	Read    24,000,000 records.  Elapsed time: 00:07:13s.  Time for last 1,000,000:   16s.  Last read position: chr12:27,340,574
INFO	2020-01-14 20:44:27	MarkDuplicates	Tracking 160790 as yet unmatched pairs. 16529 records in RAM.
INFO	2020-01-14 20:44:58	MarkDuplicates	Read    25,000,000 records.  Elapsed time: 00:07:45s.  Time for last 1,000,000:   31s.  Last read position: chr12:112,767,803
INFO	2020-01-14 20:44:58	MarkDuplicates	Tracking 152798 as yet unmatched pairs. 1268 records in RAM.
INFO	2020-01-14 20:45:05	MarkDuplicates	Read    26,000,000 records.  Elapsed time: 00:07:52s.  Time for last 1,000,000:    6s.  Last read position: chr13:91,262,248
INFO	2020-01-14 20:45:05	MarkDuplicates	Tracking 143290 as yet unmatched pairs. 5576 records in RAM.
INFO	2020-01-14 20:45:11	MarkDuplicates	Read    27,000,000 records.  Elapsed time: 00:07:57s.  Time for last 1,000,000:    5s.  Last read position: chr14:54,379,294
INFO	2020-01-14 20:45:11	MarkDuplicates	Tracking 134125 as yet unmatched pairs. 11626 records in RAM.
INFO	2020-01-14 20:45:16	MarkDuplicates	Read    28,000,000 records.  Elapsed time: 00:08:03s.  Time for last 1,000,000:    5s.  Last read position: chr15:43,492,156
INFO	2020-01-14 20:45:16	MarkDuplicates	Tracking 121419 as yet unmatched pairs. 13239 records in RAM.
INFO	2020-01-14 20:46:14	MarkDuplicates	Read    29,000,000 records.  Elapsed time: 00:09:01s.  Time for last 1,000,000:   57s.  Last read position: chr16:13,417,308
INFO	2020-01-14 20:46:14	MarkDuplicates	Tracking 109897 as yet unmatched pairs. 20624 records in RAM.
INFO	2020-01-14 20:46:19	MarkDuplicates	Read    30,000,000 records.  Elapsed time: 00:09:05s.  Time for last 1,000,000:    4s.  Last read position: chr16:96,122,200
INFO	2020-01-14 20:46:19	MarkDuplicates	Tracking 99671 as yet unmatched pairs. 6693 records in RAM.
INFO	2020-01-14 20:46:28	MarkDuplicates	Read    31,000,000 records.  Elapsed time: 00:09:14s.  Time for last 1,000,000:    8s.  Last read position: chr17:65,177,513
INFO	2020-01-14 20:46:28	MarkDuplicates	Tracking 79217 as yet unmatched pairs. 7294 records in RAM.
INFO	2020-01-14 20:46:39	MarkDuplicates	Read    32,000,000 records.  Elapsed time: 00:09:26s.  Time for last 1,000,000:   11s.  Last read position: chr18:53,212,685
INFO	2020-01-14 20:46:39	MarkDuplicates	Tracking 61848 as yet unmatched pairs. 8392 records in RAM.
INFO	2020-01-14 20:46:46	MarkDuplicates	Read    33,000,000 records.  Elapsed time: 00:09:32s.  Time for last 1,000,000:    6s.  Last read position: chr19:37,269,747
INFO	2020-01-14 20:46:46	MarkDuplicates	Tracking 45202 as yet unmatched pairs. 7649 records in RAM.
INFO	2020-01-14 20:46:55	MarkDuplicates	Read    34,000,000 records.  Elapsed time: 00:09:41s.  Time for last 1,000,000:    9s.  Last read position: chrX:103,394,753
INFO	2020-01-14 20:46:55	MarkDuplicates	Tracking 18423 as yet unmatched pairs. 16533 records in RAM.
INFO	2020-01-14 20:46:57	MarkDuplicates	Read 34434975 records. 0 pairs never matched.
INFO	2020-01-14 20:47:31	MarkDuplicates	After buildSortedReadEndLists freeMemory: 10880472224; totalMemory: 15190196224; maxMemory: 28631367680
INFO	2020-01-14 20:47:31	MarkDuplicates	Will retain up to 894730240 duplicate indices before spilling to disk.
INFO	2020-01-14 20:47:33	MarkDuplicates	Traversing read pair information and detecting duplicates.
INFO	2020-01-14 20:48:12	MarkDuplicates	Traversing fragment information and detecting duplicates.
INFO	2020-01-14 20:48:16	MarkDuplicates	Sorting list of duplicate records.
INFO	2020-01-14 20:48:19	MarkDuplicates	After generateDuplicateIndexes freeMemory: 18215287128; totalMemory: 25504514048; maxMemory: 28631367680
INFO	2020-01-14 20:48:19	MarkDuplicates	Marking 8207903 records as duplicates.
INFO	2020-01-14 20:48:19	MarkDuplicates	Found 7552 optical duplicate clusters.
INFO	2020-01-14 20:48:19	MarkDuplicates	Reads are assumed to be ordered by: coordinate
INFO	2020-01-14 20:50:40	MarkDuplicates	Written    10,000,000 records.  Elapsed time: 00:02:21s.  Time for last 10,000,000:  140s.  Last read position: chr5:18,289,502
INFO	2020-01-14 20:52:58	MarkDuplicates	Written    20,000,000 records.  Elapsed time: 00:04:38s.  Time for last 10,000,000:  137s.  Last read position: chr10:62,274,530
INFO	2020-01-14 20:55:09	MarkDuplicates	Written    30,000,000 records.  Elapsed time: 00:06:49s.  Time for last 10,000,000:  131s.  Last read position: chr16:96,122,200
INFO	2020-01-14 20:57:00	MarkDuplicates	Writing complete. Closing input iterator.
INFO	2020-01-14 20:57:00	MarkDuplicates	Duplicate Index cleanup.
INFO	2020-01-14 20:57:00	MarkDuplicates	Getting Memory Stats.
INFO	2020-01-14 20:57:00	MarkDuplicates	Before output close freeMemory: 25899812392; totalMemory: 26099056640; maxMemory: 28631367680
INFO	2020-01-14 20:57:00	MarkDuplicates	Closed outputs. Getting more Memory Stats.
INFO	2020-01-14 20:57:01	MarkDuplicates	After output close freeMemory: 25433720360; totalMemory: 25632964608; maxMemory: 28631367680
[Tue Jan 14 20:57:01 UTC 2020] picard.sam.markduplicates.MarkDuplicates done. Elapsed time: 20.01 minutes.
Runtime.totalMemory()=25632964608
