INFO	2020-01-15 00:45:50	MarkDuplicates	

********** NOTE: Picard's command line syntax is changing.
**********
********** For more information, please see:
********** https://github.com/broadinstitute/picard/wiki/Command-Line-Syntax-Transition-For-Users-(Pre-Transition)
**********
********** The command line looks like this in the new syntax:
**********
**********    MarkDuplicates -I /scratch/gregg_thomas/Murinae-seq/03B-MappedMouse/Niviventer-cremoriventer/Niviventer-cremoriventer.sorted.bam -O /scratch/gregg_thomas/Murinae-seq/03B-MappedMouse/Niviventer-cremoriventer/Niviventer-cremoriventer.sorted.mkdup.bam -M /scratch/gregg_thomas/Murinae-seq/03B-MappedMouse/Niviventer-cremoriventer/Niviventer-cremoriventer-mkdup-metrics.txt
**********


00:45:51.264 INFO  NativeLibraryLoader - Loading libgkl_compression.so from jar:file:/home/gregg_thomas/bin/picard.jar!/com/intel/gkl/native/libgkl_compression.so
[Wed Jan 15 00:45:51 UTC 2020] MarkDuplicates INPUT=[/scratch/gregg_thomas/Murinae-seq/03B-MappedMouse/Niviventer-cremoriventer/Niviventer-cremoriventer.sorted.bam] OUTPUT=/scratch/gregg_thomas/Murinae-seq/03B-MappedMouse/Niviventer-cremoriventer/Niviventer-cremoriventer.sorted.mkdup.bam METRICS_FILE=/scratch/gregg_thomas/Murinae-seq/03B-MappedMouse/Niviventer-cremoriventer/Niviventer-cremoriventer-mkdup-metrics.txt    MAX_SEQUENCES_FOR_DISK_READ_ENDS_MAP=50000 MAX_FILE_HANDLES_FOR_READ_ENDS_MAP=8000 SORTING_COLLECTION_SIZE_RATIO=0.25 TAG_DUPLICATE_SET_MEMBERS=false REMOVE_SEQUENCING_DUPLICATES=false TAGGING_POLICY=DontTag CLEAR_DT=true DUPLEX_UMI=false ADD_PG_TAG_TO_READS=true REMOVE_DUPLICATES=false ASSUME_SORTED=false DUPLICATE_SCORING_STRATEGY=SUM_OF_BASE_QUALITIES PROGRAM_RECORD_ID=MarkDuplicates PROGRAM_GROUP_NAME=MarkDuplicates READ_NAME_REGEX=<optimized capture of last three ':' separated fields as numeric values> OPTICAL_DUPLICATE_PIXEL_DISTANCE=100 MAX_OPTICAL_DUPLICATE_SET_SIZE=300000 VERBOSITY=INFO QUIET=false VALIDATION_STRINGENCY=STRICT COMPRESSION_LEVEL=5 MAX_RECORDS_IN_RAM=500000 CREATE_INDEX=false CREATE_MD5_FILE=false GA4GH_CLIENT_SECRETS=client_secrets.json USE_JDK_DEFLATER=false USE_JDK_INFLATER=false
[Wed Jan 15 00:45:51 UTC 2020] Executing as gregg_thomas@ecae4883a231 on Linux 4.4.0-104-generic amd64; Java HotSpot(TM) 64-Bit Server VM 1.8.0_221-b11; Deflater: Intel; Inflater: Intel; Provider GCS is not available; Picard version: 2.20.6-SNAPSHOT
INFO	2020-01-15 00:45:52	MarkDuplicates	Start of doWork freeMemory: 2037674128; totalMemory: 2058354688; maxMemory: 28631367680
INFO	2020-01-15 00:45:52	MarkDuplicates	Reading input file and constructing read end information.
INFO	2020-01-15 00:45:52	MarkDuplicates	Will retain up to 103736839 data points before spilling to disk.
INFO	2020-01-15 00:46:37	MarkDuplicates	Read     1,000,000 records.  Elapsed time: 00:00:32s.  Time for last 1,000,000:   32s.  Last read position: chr1:69,691,603
INFO	2020-01-15 00:46:37	MarkDuplicates	Tracking 64878 as yet unmatched pairs. 2974 records in RAM.
INFO	2020-01-15 00:47:05	MarkDuplicates	Read     2,000,000 records.  Elapsed time: 00:00:59s.  Time for last 1,000,000:   27s.  Last read position: chr1:135,766,413
INFO	2020-01-15 00:47:05	MarkDuplicates	Tracking 132046 as yet unmatched pairs. 2860 records in RAM.
INFO	2020-01-15 00:47:26	MarkDuplicates	Read     3,000,000 records.  Elapsed time: 00:01:21s.  Time for last 1,000,000:   21s.  Last read position: chr1:194,960,042
INFO	2020-01-15 00:47:26	MarkDuplicates	Tracking 187595 as yet unmatched pairs. 65 records in RAM.
INFO	2020-01-15 00:48:03	MarkDuplicates	Read     4,000,000 records.  Elapsed time: 00:01:58s.  Time for last 1,000,000:   37s.  Last read position: chr2:40,496,700
INFO	2020-01-15 00:48:03	MarkDuplicates	Tracking 228447 as yet unmatched pairs. 14202 records in RAM.
INFO	2020-01-15 00:48:19	MarkDuplicates	Read     5,000,000 records.  Elapsed time: 00:02:14s.  Time for last 1,000,000:   16s.  Last read position: chr2:90,381,209
INFO	2020-01-15 00:48:19	MarkDuplicates	Tracking 269980 as yet unmatched pairs. 11972 records in RAM.
INFO	2020-01-15 00:48:40	MarkDuplicates	Read     6,000,000 records.  Elapsed time: 00:02:35s.  Time for last 1,000,000:   20s.  Last read position: chr2:129,112,769
INFO	2020-01-15 00:48:40	MarkDuplicates	Tracking 309169 as yet unmatched pairs. 7680 records in RAM.
INFO	2020-01-15 00:49:29	MarkDuplicates	Read     7,000,000 records.  Elapsed time: 00:03:24s.  Time for last 1,000,000:   48s.  Last read position: chr2:167,608,462
INFO	2020-01-15 00:49:29	MarkDuplicates	Tracking 347835 as yet unmatched pairs. 3892 records in RAM.
INFO	2020-01-15 00:49:40	MarkDuplicates	Read     8,000,000 records.  Elapsed time: 00:03:35s.  Time for last 1,000,000:   11s.  Last read position: chr3:54,807,386
INFO	2020-01-15 00:49:40	MarkDuplicates	Tracking 388034 as yet unmatched pairs. 18120 records in RAM.
INFO	2020-01-15 00:50:09	MarkDuplicates	Read     9,000,000 records.  Elapsed time: 00:04:04s.  Time for last 1,000,000:   28s.  Last read position: chr3:95,729,220
INFO	2020-01-15 00:50:09	MarkDuplicates	Tracking 421533 as yet unmatched pairs. 12085 records in RAM.
INFO	2020-01-15 00:50:16	MarkDuplicates	Read    10,000,000 records.  Elapsed time: 00:04:10s.  Time for last 1,000,000:    6s.  Last read position: chr3:142,500,647
INFO	2020-01-15 00:50:16	MarkDuplicates	Tracking 453194 as yet unmatched pairs. 2994 records in RAM.
INFO	2020-01-15 00:50:25	MarkDuplicates	Read    11,000,000 records.  Elapsed time: 00:04:20s.  Time for last 1,000,000:    9s.  Last read position: chr4:52,460,163
INFO	2020-01-15 00:50:25	MarkDuplicates	Tracking 489735 as yet unmatched pairs. 28129 records in RAM.
INFO	2020-01-15 00:50:44	MarkDuplicates	Read    12,000,000 records.  Elapsed time: 00:04:39s.  Time for last 1,000,000:   18s.  Last read position: chr4:116,048,374
INFO	2020-01-15 00:50:44	MarkDuplicates	Tracking 524013 as yet unmatched pairs. 16224 records in RAM.
INFO	2020-01-15 00:50:51	MarkDuplicates	Read    13,000,000 records.  Elapsed time: 00:04:46s.  Time for last 1,000,000:    6s.  Last read position: chr4:139,832,826
INFO	2020-01-15 00:50:51	MarkDuplicates	Tracking 553073 as yet unmatched pairs. 6156 records in RAM.
INFO	2020-01-15 00:51:01	MarkDuplicates	Read    14,000,000 records.  Elapsed time: 00:04:56s.  Time for last 1,000,000:    9s.  Last read position: chr5:31,204,425
INFO	2020-01-15 00:51:01	MarkDuplicates	Tracking 582072 as yet unmatched pairs. 41774 records in RAM.
INFO	2020-01-15 00:51:44	MarkDuplicates	Read    15,000,000 records.  Elapsed time: 00:05:39s.  Time for last 1,000,000:   43s.  Last read position: chr5:97,091,333
INFO	2020-01-15 00:51:44	MarkDuplicates	Tracking 608873 as yet unmatched pairs. 26126 records in RAM.
INFO	2020-01-15 00:51:50	MarkDuplicates	Read    16,000,000 records.  Elapsed time: 00:05:45s.  Time for last 1,000,000:    5s.  Last read position: chr5:134,559,762
INFO	2020-01-15 00:51:50	MarkDuplicates	Tracking 641274 as yet unmatched pairs. 10203 records in RAM.
INFO	2020-01-15 00:52:04	MarkDuplicates	Read    17,000,000 records.  Elapsed time: 00:05:58s.  Time for last 1,000,000:   13s.  Last read position: chr6:32,190,972
INFO	2020-01-15 00:52:04	MarkDuplicates	Tracking 660739 as yet unmatched pairs. 44923 records in RAM.
INFO	2020-01-15 00:52:13	MarkDuplicates	Read    18,000,000 records.  Elapsed time: 00:06:08s.  Time for last 1,000,000:    9s.  Last read position: chr6:92,164,192
INFO	2020-01-15 00:52:13	MarkDuplicates	Tracking 680576 as yet unmatched pairs. 25737 records in RAM.
INFO	2020-01-15 00:52:19	MarkDuplicates	Read    19,000,000 records.  Elapsed time: 00:06:14s.  Time for last 1,000,000:    5s.  Last read position: chr6:148,247,349
INFO	2020-01-15 00:52:19	MarkDuplicates	Tracking 695680 as yet unmatched pairs. 1151 records in RAM.
INFO	2020-01-15 00:52:37	MarkDuplicates	Read    20,000,000 records.  Elapsed time: 00:06:31s.  Time for last 1,000,000:   17s.  Last read position: chr7:38,212,911
INFO	2020-01-15 00:52:37	MarkDuplicates	Tracking 706442 as yet unmatched pairs. 51412 records in RAM.
INFO	2020-01-15 00:52:58	MarkDuplicates	Read    21,000,000 records.  Elapsed time: 00:06:53s.  Time for last 1,000,000:   21s.  Last read position: chr7:98,708,097
INFO	2020-01-15 00:52:58	MarkDuplicates	Tracking 720434 as yet unmatched pairs. 26822 records in RAM.
INFO	2020-01-15 00:53:06	MarkDuplicates	Read    22,000,000 records.  Elapsed time: 00:07:00s.  Time for last 1,000,000:    7s.  Last read position: chr7:134,266,749
INFO	2020-01-15 00:53:06	MarkDuplicates	Tracking 727277 as yet unmatched pairs. 6981 records in RAM.
INFO	2020-01-15 00:53:29	MarkDuplicates	Read    23,000,000 records.  Elapsed time: 00:07:23s.  Time for last 1,000,000:   23s.  Last read position: chr8:60,676,054
INFO	2020-01-15 00:53:29	MarkDuplicates	Tracking 738382 as yet unmatched pairs. 43501 records in RAM.
INFO	2020-01-15 00:53:33	MarkDuplicates	Read    24,000,000 records.  Elapsed time: 00:07:28s.  Time for last 1,000,000:    4s.  Last read position: chr8:107,352,362
INFO	2020-01-15 00:53:33	MarkDuplicates	Tracking 743147 as yet unmatched pairs. 18565 records in RAM.
INFO	2020-01-15 00:53:46	MarkDuplicates	Read    25,000,000 records.  Elapsed time: 00:07:41s.  Time for last 1,000,000:   13s.  Last read position: chr9:43,698,021
INFO	2020-01-15 00:53:46	MarkDuplicates	Tracking 745635 as yet unmatched pairs. 53506 records in RAM.
INFO	2020-01-15 00:54:53	MarkDuplicates	Read    26,000,000 records.  Elapsed time: 00:08:48s.  Time for last 1,000,000:   66s.  Last read position: chr9:83,847,145
INFO	2020-01-15 00:54:53	MarkDuplicates	Tracking 743860 as yet unmatched pairs. 27292 records in RAM.
INFO	2020-01-15 00:55:10	MarkDuplicates	Read    27,000,000 records.  Elapsed time: 00:09:04s.  Time for last 1,000,000:   16s.  Last read position: chr10:8,780,510
INFO	2020-01-15 00:55:10	MarkDuplicates	Tracking 739199 as yet unmatched pairs. 78351 records in RAM.
INFO	2020-01-15 00:55:17	MarkDuplicates	Read    28,000,000 records.  Elapsed time: 00:09:11s.  Time for last 1,000,000:    6s.  Last read position: chr10:80,116,548
INFO	2020-01-15 00:55:17	MarkDuplicates	Tracking 731124 as yet unmatched pairs. 37904 records in RAM.
INFO	2020-01-15 00:55:40	MarkDuplicates	Read    29,000,000 records.  Elapsed time: 00:09:35s.  Time for last 1,000,000:   23s.  Last read position: chr11:3,895,431
INFO	2020-01-15 00:55:40	MarkDuplicates	Tracking 719290 as yet unmatched pairs. 111509 records in RAM.
INFO	2020-01-15 00:55:49	MarkDuplicates	Read    30,000,000 records.  Elapsed time: 00:09:44s.  Time for last 1,000,000:    8s.  Last read position: chr11:53,408,392
INFO	2020-01-15 00:55:49	MarkDuplicates	Tracking 711272 as yet unmatched pairs. 80519 records in RAM.
INFO	2020-01-15 00:55:56	MarkDuplicates	Read    31,000,000 records.  Elapsed time: 00:09:51s.  Time for last 1,000,000:    7s.  Last read position: chr11:76,398,576
INFO	2020-01-15 00:55:56	MarkDuplicates	Tracking 703331 as yet unmatched pairs. 59774 records in RAM.
INFO	2020-01-15 00:56:18	MarkDuplicates	Read    32,000,000 records.  Elapsed time: 00:10:13s.  Time for last 1,000,000:   21s.  Last read position: chr11:98,082,706
INFO	2020-01-15 00:56:18	MarkDuplicates	Tracking 692303 as yet unmatched pairs. 32334 records in RAM.
INFO	2020-01-15 00:56:25	MarkDuplicates	Read    33,000,000 records.  Elapsed time: 00:10:20s.  Time for last 1,000,000:    7s.  Last read position: chr11:116,624,007
INFO	2020-01-15 00:56:25	MarkDuplicates	Tracking 682303 as yet unmatched pairs. 8553 records in RAM.
INFO	2020-01-15 00:56:59	MarkDuplicates	Read    34,000,000 records.  Elapsed time: 00:10:53s.  Time for last 1,000,000:   33s.  Last read position: chr12:70,280,429
INFO	2020-01-15 00:56:59	MarkDuplicates	Tracking 658355 as yet unmatched pairs. 42158 records in RAM.
INFO	2020-01-15 00:57:17	MarkDuplicates	Read    35,000,000 records.  Elapsed time: 00:11:12s.  Time for last 1,000,000:   18s.  Last read position: chr13:9,686,662
INFO	2020-01-15 00:57:17	MarkDuplicates	Tracking 630927 as yet unmatched pairs. 78045 records in RAM.
INFO	2020-01-15 00:57:26	MarkDuplicates	Read    36,000,000 records.  Elapsed time: 00:11:20s.  Time for last 1,000,000:    8s.  Last read position: chr13:75,761,807
INFO	2020-01-15 00:57:26	MarkDuplicates	Tracking 603069 as yet unmatched pairs. 32265 records in RAM.
INFO	2020-01-15 00:58:12	MarkDuplicates	Read    37,000,000 records.  Elapsed time: 00:12:07s.  Time for last 1,000,000:   46s.  Last read position: chr14:30,625,920
INFO	2020-01-15 00:58:12	MarkDuplicates	Tracking 568230 as yet unmatched pairs. 74200 records in RAM.
INFO	2020-01-15 00:58:24	MarkDuplicates	Read    38,000,000 records.  Elapsed time: 00:12:19s.  Time for last 1,000,000:   12s.  Last read position: chr14:66,967,961
INFO	2020-01-15 00:58:24	MarkDuplicates	Tracking 543381 as yet unmatched pairs. 39245 records in RAM.
INFO	2020-01-15 00:58:39	MarkDuplicates	Read    39,000,000 records.  Elapsed time: 00:12:34s.  Time for last 1,000,000:   15s.  Last read position: chr15:53,345,348
INFO	2020-01-15 00:58:39	MarkDuplicates	Tracking 491581 as yet unmatched pairs. 49421 records in RAM.
INFO	2020-01-15 00:59:41	MarkDuplicates	Read    40,000,000 records.  Elapsed time: 00:13:36s.  Time for last 1,000,000:   62s.  Last read position: chr15:99,167,056
INFO	2020-01-15 00:59:41	MarkDuplicates	Tracking 459863 as yet unmatched pairs. 7547 records in RAM.
INFO	2020-01-15 00:59:56	MarkDuplicates	Read    41,000,000 records.  Elapsed time: 00:13:51s.  Time for last 1,000,000:   14s.  Last read position: chr16:35,953,508
INFO	2020-01-15 00:59:56	MarkDuplicates	Tracking 419892 as yet unmatched pairs. 52808 records in RAM.
INFO	2020-01-15 01:00:20	MarkDuplicates	Read    42,000,000 records.  Elapsed time: 00:14:15s.  Time for last 1,000,000:   23s.  Last read position: chr17:14,926,198
INFO	2020-01-15 01:00:20	MarkDuplicates	Tracking 367443 as yet unmatched pairs. 89597 records in RAM.
INFO	2020-01-15 01:00:30	MarkDuplicates	Read    43,000,000 records.  Elapsed time: 00:14:25s.  Time for last 1,000,000:   10s.  Last read position: chr17:39,847,062
INFO	2020-01-15 01:00:30	MarkDuplicates	Tracking 342442 as yet unmatched pairs. 60401 records in RAM.
INFO	2020-01-15 01:00:53	MarkDuplicates	Read    44,000,000 records.  Elapsed time: 00:14:48s.  Time for last 1,000,000:   22s.  Last read position: chr18:10,804,579
INFO	2020-01-15 01:00:53	MarkDuplicates	Tracking 279358 as yet unmatched pairs. 74938 records in RAM.
INFO	2020-01-15 01:01:07	MarkDuplicates	Read    45,000,000 records.  Elapsed time: 00:15:02s.  Time for last 1,000,000:   14s.  Last read position: chr18:68,692,141
INFO	2020-01-15 01:01:07	MarkDuplicates	Tracking 229742 as yet unmatched pairs. 20073 records in RAM.
INFO	2020-01-15 01:01:36	MarkDuplicates	Read    46,000,000 records.  Elapsed time: 00:15:31s.  Time for last 1,000,000:   28s.  Last read position: chr19:29,754,765
INFO	2020-01-15 01:01:36	MarkDuplicates	Tracking 184005 as yet unmatched pairs. 44615 records in RAM.
INFO	2020-01-15 01:02:13	MarkDuplicates	Read    47,000,000 records.  Elapsed time: 00:16:08s.  Time for last 1,000,000:   37s.  Last read position: chrX:47,930,135
INFO	2020-01-15 01:02:13	MarkDuplicates	Tracking 116266 as yet unmatched pairs. 98217 records in RAM.
INFO	2020-01-15 01:02:38	MarkDuplicates	Read    48,000,000 records.  Elapsed time: 00:16:32s.  Time for last 1,000,000:   24s.  Last read position: chrY:4,339,756
INFO	2020-01-15 01:02:38	MarkDuplicates	Tracking 16014 as yet unmatched pairs. 15864 records in RAM.
INFO	2020-01-15 01:02:38	MarkDuplicates	Read 48047580 records. 0 pairs never matched.
INFO	2020-01-15 01:03:43	MarkDuplicates	After buildSortedReadEndLists freeMemory: 10918035104; totalMemory: 16811294720; maxMemory: 28631367680
INFO	2020-01-15 01:03:43	MarkDuplicates	Will retain up to 894730240 duplicate indices before spilling to disk.
INFO	2020-01-15 01:03:46	MarkDuplicates	Traversing read pair information and detecting duplicates.
INFO	2020-01-15 01:05:15	MarkDuplicates	Traversing fragment information and detecting duplicates.
INFO	2020-01-15 01:05:19	MarkDuplicates	Sorting list of duplicate records.
INFO	2020-01-15 01:05:22	MarkDuplicates	After generateDuplicateIndexes freeMemory: 22073853728; totalMemory: 29336535040; maxMemory: 29336535040
INFO	2020-01-15 01:05:22	MarkDuplicates	Marking 17631337 records as duplicates.
INFO	2020-01-15 01:05:22	MarkDuplicates	Found 344024 optical duplicate clusters.
INFO	2020-01-15 01:05:22	MarkDuplicates	Reads are assumed to be ordered by: coordinate
INFO	2020-01-15 01:08:56	MarkDuplicates	Written    10,000,000 records.  Elapsed time: 00:03:34s.  Time for last 10,000,000:  214s.  Last read position: chr3:142,500,647
INFO	2020-01-15 01:14:01	MarkDuplicates	Written    20,000,000 records.  Elapsed time: 00:08:38s.  Time for last 10,000,000:  304s.  Last read position: chr7:38,212,911
INFO	2020-01-15 01:16:38	MarkDuplicates	Written    30,000,000 records.  Elapsed time: 00:11:15s.  Time for last 10,000,000:  157s.  Last read position: chr11:53,408,392
INFO	2020-01-15 01:19:47	MarkDuplicates	Written    40,000,000 records.  Elapsed time: 00:14:24s.  Time for last 10,000,000:  188s.  Last read position: chr15:99,167,056
INFO	2020-01-15 01:22:19	MarkDuplicates	Writing complete. Closing input iterator.
INFO	2020-01-15 01:22:19	MarkDuplicates	Duplicate Index cleanup.
INFO	2020-01-15 01:22:19	MarkDuplicates	Getting Memory Stats.
INFO	2020-01-15 01:22:20	MarkDuplicates	Before output close freeMemory: 28939855032; totalMemory: 29146742784; maxMemory: 29146742784
INFO	2020-01-15 01:22:20	MarkDuplicates	Closed outputs. Getting more Memory Stats.
INFO	2020-01-15 01:22:21	MarkDuplicates	After output close freeMemory: 29208290488; totalMemory: 29415178240; maxMemory: 29415178240
[Wed Jan 15 01:22:21 UTC 2020] picard.sam.markduplicates.MarkDuplicates done. Elapsed time: 36.50 minutes.
Runtime.totalMemory()=29415178240
