INFO	2020-01-15 03:08:27	MarkDuplicates	

********** NOTE: Picard's command line syntax is changing.
**********
********** For more information, please see:
********** https://github.com/broadinstitute/picard/wiki/Command-Line-Syntax-Transition-For-Users-(Pre-Transition)
**********
********** The command line looks like this in the new syntax:
**********
**********    MarkDuplicates -I /scratch/gregg_thomas/Murinae-seq/03B-MappedMouse/Notomys-amplus/Notomys-amplus.sorted.bam -O /scratch/gregg_thomas/Murinae-seq/03B-MappedMouse/Notomys-amplus/Notomys-amplus.sorted.mkdup.bam -M /scratch/gregg_thomas/Murinae-seq/03B-MappedMouse/Notomys-amplus/Notomys-amplus-mkdup-metrics.txt
**********


03:08:28.355 INFO  NativeLibraryLoader - Loading libgkl_compression.so from jar:file:/home/gregg_thomas/bin/picard.jar!/com/intel/gkl/native/libgkl_compression.so
[Wed Jan 15 03:08:28 UTC 2020] MarkDuplicates INPUT=[/scratch/gregg_thomas/Murinae-seq/03B-MappedMouse/Notomys-amplus/Notomys-amplus.sorted.bam] OUTPUT=/scratch/gregg_thomas/Murinae-seq/03B-MappedMouse/Notomys-amplus/Notomys-amplus.sorted.mkdup.bam METRICS_FILE=/scratch/gregg_thomas/Murinae-seq/03B-MappedMouse/Notomys-amplus/Notomys-amplus-mkdup-metrics.txt    MAX_SEQUENCES_FOR_DISK_READ_ENDS_MAP=50000 MAX_FILE_HANDLES_FOR_READ_ENDS_MAP=8000 SORTING_COLLECTION_SIZE_RATIO=0.25 TAG_DUPLICATE_SET_MEMBERS=false REMOVE_SEQUENCING_DUPLICATES=false TAGGING_POLICY=DontTag CLEAR_DT=true DUPLEX_UMI=false ADD_PG_TAG_TO_READS=true REMOVE_DUPLICATES=false ASSUME_SORTED=false DUPLICATE_SCORING_STRATEGY=SUM_OF_BASE_QUALITIES PROGRAM_RECORD_ID=MarkDuplicates PROGRAM_GROUP_NAME=MarkDuplicates READ_NAME_REGEX=<optimized capture of last three ':' separated fields as numeric values> OPTICAL_DUPLICATE_PIXEL_DISTANCE=100 MAX_OPTICAL_DUPLICATE_SET_SIZE=300000 VERBOSITY=INFO QUIET=false VALIDATION_STRINGENCY=STRICT COMPRESSION_LEVEL=5 MAX_RECORDS_IN_RAM=500000 CREATE_INDEX=false CREATE_MD5_FILE=false GA4GH_CLIENT_SECRETS=client_secrets.json USE_JDK_DEFLATER=false USE_JDK_INFLATER=false
[Wed Jan 15 03:08:28 UTC 2020] Executing as gregg_thomas@ecae4883a231 on Linux 4.4.0-104-generic amd64; Java HotSpot(TM) 64-Bit Server VM 1.8.0_221-b11; Deflater: Intel; Inflater: Intel; Provider GCS is not available; Picard version: 2.20.6-SNAPSHOT
INFO	2020-01-15 03:08:29	MarkDuplicates	Start of doWork freeMemory: 2037674800; totalMemory: 2058354688; maxMemory: 28631367680
INFO	2020-01-15 03:08:29	MarkDuplicates	Reading input file and constructing read end information.
INFO	2020-01-15 03:08:29	MarkDuplicates	Will retain up to 103736839 data points before spilling to disk.
INFO	2020-01-15 03:08:45	MarkDuplicates	Read     1,000,000 records.  Elapsed time: 00:00:16s.  Time for last 1,000,000:   16s.  Last read position: chr1:24,615,638
INFO	2020-01-15 03:08:45	MarkDuplicates	Tracking 21050 as yet unmatched pairs. 1335 records in RAM.
INFO	2020-01-15 03:09:18	MarkDuplicates	Read     2,000,000 records.  Elapsed time: 00:00:49s.  Time for last 1,000,000:   32s.  Last read position: chr1:47,927,136
INFO	2020-01-15 03:09:18	MarkDuplicates	Tracking 52789 as yet unmatched pairs. 14335 records in RAM.
INFO	2020-01-15 03:09:32	MarkDuplicates	Read     3,000,000 records.  Elapsed time: 00:01:03s.  Time for last 1,000,000:   13s.  Last read position: chr1:62,161,380
INFO	2020-01-15 03:09:32	MarkDuplicates	Tracking 55643 as yet unmatched pairs. 2868 records in RAM.
INFO	2020-01-15 03:10:10	MarkDuplicates	Read     4,000,000 records.  Elapsed time: 00:01:40s.  Time for last 1,000,000:   37s.  Last read position: chr1:81,900,656
INFO	2020-01-15 03:10:10	MarkDuplicates	Tracking 73279 as yet unmatched pairs. 3280 records in RAM.
INFO	2020-01-15 03:10:18	MarkDuplicates	Read     5,000,000 records.  Elapsed time: 00:01:49s.  Time for last 1,000,000:    8s.  Last read position: chr1:97,706,901
INFO	2020-01-15 03:10:18	MarkDuplicates	Tracking 112342 as yet unmatched pairs. 28454 records in RAM.
INFO	2020-01-15 03:10:31	MarkDuplicates	Read     6,000,000 records.  Elapsed time: 00:02:02s.  Time for last 1,000,000:   13s.  Last read position: chr1:113,736,135
INFO	2020-01-15 03:10:31	MarkDuplicates	Tracking 101657 as yet unmatched pairs. 3215 records in RAM.
INFO	2020-01-15 03:10:49	MarkDuplicates	Read     7,000,000 records.  Elapsed time: 00:02:20s.  Time for last 1,000,000:   18s.  Last read position: chr1:135,390,580
INFO	2020-01-15 03:10:49	MarkDuplicates	Tracking 121096 as yet unmatched pairs. 2859 records in RAM.
INFO	2020-01-15 03:11:48	MarkDuplicates	Read     8,000,000 records.  Elapsed time: 00:03:19s.  Time for last 1,000,000:   59s.  Last read position: chr1:155,845,731
INFO	2020-01-15 03:11:48	MarkDuplicates	Tracking 137042 as yet unmatched pairs. 2308 records in RAM.
INFO	2020-01-15 03:11:53	MarkDuplicates	Read     9,000,000 records.  Elapsed time: 00:03:24s.  Time for last 1,000,000:    4s.  Last read position: chr1:174,214,160
INFO	2020-01-15 03:11:53	MarkDuplicates	Tracking 153175 as yet unmatched pairs. 1387 records in RAM.
INFO	2020-01-15 03:12:49	MarkDuplicates	Read    10,000,000 records.  Elapsed time: 00:04:19s.  Time for last 1,000,000:   55s.  Last read position: chr1:193,242,086
INFO	2020-01-15 03:12:49	MarkDuplicates	Tracking 168207 as yet unmatched pairs. 130 records in RAM.
INFO	2020-01-15 03:13:07	MarkDuplicates	Read    11,000,000 records.  Elapsed time: 00:04:38s.  Time for last 1,000,000:   18s.  Last read position: chr2:18,889,114
INFO	2020-01-15 03:13:07	MarkDuplicates	Tracking 183526 as yet unmatched pairs. 13537 records in RAM.
INFO	2020-01-15 03:13:15	MarkDuplicates	Read    12,000,000 records.  Elapsed time: 00:04:45s.  Time for last 1,000,000:    7s.  Last read position: chr2:32,252,005
INFO	2020-01-15 03:13:15	MarkDuplicates	Tracking 199025 as yet unmatched pairs. 13232 records in RAM.
INFO	2020-01-15 03:13:30	MarkDuplicates	Read    13,000,000 records.  Elapsed time: 00:05:01s.  Time for last 1,000,000:   15s.  Last read position: chr2:48,927,168
INFO	2020-01-15 03:13:30	MarkDuplicates	Tracking 212474 as yet unmatched pairs. 12723 records in RAM.
INFO	2020-01-15 03:14:26	MarkDuplicates	Read    14,000,000 records.  Elapsed time: 00:05:57s.  Time for last 1,000,000:   55s.  Last read position: chr2:65,126,209
INFO	2020-01-15 03:14:26	MarkDuplicates	Tracking 224340 as yet unmatched pairs. 12130 records in RAM.
INFO	2020-01-15 03:14:36	MarkDuplicates	Read    15,000,000 records.  Elapsed time: 00:06:07s.  Time for last 1,000,000:   10s.  Last read position: chr2:75,668,047
INFO	2020-01-15 03:14:36	MarkDuplicates	Tracking 233491 as yet unmatched pairs. 11262 records in RAM.
INFO	2020-01-15 03:14:43	MarkDuplicates	Read    16,000,000 records.  Elapsed time: 00:06:13s.  Time for last 1,000,000:    6s.  Last read position: chr2:91,016,766
INFO	2020-01-15 03:14:43	MarkDuplicates	Tracking 244663 as yet unmatched pairs. 10204 records in RAM.
INFO	2020-01-15 03:15:33	MarkDuplicates	Read    17,000,000 records.  Elapsed time: 00:07:03s.  Time for last 1,000,000:   49s.  Last read position: chr2:110,041,218
INFO	2020-01-15 03:15:33	MarkDuplicates	Tracking 258781 as yet unmatched pairs. 9179 records in RAM.
INFO	2020-01-15 03:15:38	MarkDuplicates	Read    18,000,000 records.  Elapsed time: 00:07:08s.  Time for last 1,000,000:    5s.  Last read position: chr2:121,978,942
INFO	2020-01-15 03:15:38	MarkDuplicates	Tracking 269546 as yet unmatched pairs. 7442 records in RAM.
INFO	2020-01-15 03:15:42	MarkDuplicates	Read    19,000,000 records.  Elapsed time: 00:07:13s.  Time for last 1,000,000:    4s.  Last read position: chr2:133,870,062
INFO	2020-01-15 03:15:42	MarkDuplicates	Tracking 279552 as yet unmatched pairs. 5990 records in RAM.
INFO	2020-01-15 03:15:52	MarkDuplicates	Read    20,000,000 records.  Elapsed time: 00:07:23s.  Time for last 1,000,000:    9s.  Last read position: chr2:152,885,022
INFO	2020-01-15 03:15:52	MarkDuplicates	Tracking 292624 as yet unmatched pairs. 4313 records in RAM.
INFO	2020-01-15 03:16:09	MarkDuplicates	Read    21,000,000 records.  Elapsed time: 00:07:40s.  Time for last 1,000,000:   17s.  Last read position: chr2:166,715,246
INFO	2020-01-15 03:16:09	MarkDuplicates	Tracking 304338 as yet unmatched pairs. 2051 records in RAM.
INFO	2020-01-15 03:16:41	MarkDuplicates	Read    22,000,000 records.  Elapsed time: 00:08:12s.  Time for last 1,000,000:   31s.  Last read position: chr3:9,694,061
INFO	2020-01-15 03:16:41	MarkDuplicates	Tracking 319168 as yet unmatched pairs. 20365 records in RAM.
INFO	2020-01-15 03:17:06	MarkDuplicates	Read    23,000,000 records.  Elapsed time: 00:08:36s.  Time for last 1,000,000:   24s.  Last read position: chr3:34,068,168
INFO	2020-01-15 03:17:06	MarkDuplicates	Tracking 334666 as yet unmatched pairs. 18764 records in RAM.
INFO	2020-01-15 03:17:13	MarkDuplicates	Read    24,000,000 records.  Elapsed time: 00:08:44s.  Time for last 1,000,000:    7s.  Last read position: chr3:55,522,023
INFO	2020-01-15 03:17:13	MarkDuplicates	Tracking 346405 as yet unmatched pairs. 15764 records in RAM.
INFO	2020-01-15 03:17:24	MarkDuplicates	Read    25,000,000 records.  Elapsed time: 00:08:54s.  Time for last 1,000,000:   10s.  Last read position: chr3:78,376,704
INFO	2020-01-15 03:17:24	MarkDuplicates	Tracking 359293 as yet unmatched pairs. 13330 records in RAM.
INFO	2020-01-15 03:17:52	MarkDuplicates	Read    26,000,000 records.  Elapsed time: 00:09:23s.  Time for last 1,000,000:   28s.  Last read position: chr3:94,943,576
INFO	2020-01-15 03:17:52	MarkDuplicates	Tracking 370956 as yet unmatched pairs. 10944 records in RAM.
INFO	2020-01-15 03:18:14	MarkDuplicates	Read    27,000,000 records.  Elapsed time: 00:09:44s.  Time for last 1,000,000:   21s.  Last read position: chr3:107,663,185
INFO	2020-01-15 03:18:14	MarkDuplicates	Tracking 380162 as yet unmatched pairs. 8514 records in RAM.
INFO	2020-01-15 03:18:22	MarkDuplicates	Read    28,000,000 records.  Elapsed time: 00:09:53s.  Time for last 1,000,000:    8s.  Last read position: chr3:127,542,475
INFO	2020-01-15 03:18:22	MarkDuplicates	Tracking 391010 as yet unmatched pairs. 5107 records in RAM.
INFO	2020-01-15 03:19:26	MarkDuplicates	Read    29,000,000 records.  Elapsed time: 00:10:57s.  Time for last 1,000,000:   64s.  Last read position: chr3:146,979,973
INFO	2020-01-15 03:19:26	MarkDuplicates	Tracking 401869 as yet unmatched pairs. 2298 records in RAM.
INFO	2020-01-15 03:19:53	MarkDuplicates	Read    30,000,000 records.  Elapsed time: 00:11:24s.  Time for last 1,000,000:   26s.  Last read position: chr4:11,817,783
INFO	2020-01-15 03:19:53	MarkDuplicates	Tracking 412660 as yet unmatched pairs. 30520 records in RAM.
INFO	2020-01-15 03:20:20	MarkDuplicates	Read    31,000,000 records.  Elapsed time: 00:11:50s.  Time for last 1,000,000:   26s.  Last read position: chr4:33,617,700
INFO	2020-01-15 03:20:20	MarkDuplicates	Tracking 423207 as yet unmatched pairs. 27653 records in RAM.
INFO	2020-01-15 03:20:39	MarkDuplicates	Read    32,000,000 records.  Elapsed time: 00:12:09s.  Time for last 1,000,000:   18s.  Last read position: chr4:53,566,619
INFO	2020-01-15 03:20:39	MarkDuplicates	Tracking 434520 as yet unmatched pairs. 24328 records in RAM.
INFO	2020-01-15 03:20:50	MarkDuplicates	Read    33,000,000 records.  Elapsed time: 00:12:20s.  Time for last 1,000,000:   11s.  Last read position: chr4:75,167,460
INFO	2020-01-15 03:20:50	MarkDuplicates	Tracking 444121 as yet unmatched pairs. 20245 records in RAM.
INFO	2020-01-15 03:20:56	MarkDuplicates	Read    34,000,000 records.  Elapsed time: 00:12:27s.  Time for last 1,000,000:    6s.  Last read position: chr4:98,303,313
INFO	2020-01-15 03:20:56	MarkDuplicates	Tracking 454176 as yet unmatched pairs. 16359 records in RAM.
INFO	2020-01-15 03:21:11	MarkDuplicates	Read    35,000,000 records.  Elapsed time: 00:12:41s.  Time for last 1,000,000:   14s.  Last read position: chr4:111,431,011
INFO	2020-01-15 03:21:11	MarkDuplicates	Tracking 461409 as yet unmatched pairs. 13444 records in RAM.
INFO	2020-01-15 03:21:17	MarkDuplicates	Read    36,000,000 records.  Elapsed time: 00:12:47s.  Time for last 1,000,000:    5s.  Last read position: chr4:126,870,355
INFO	2020-01-15 03:21:17	MarkDuplicates	Tracking 470868 as yet unmatched pairs. 9419 records in RAM.
INFO	2020-01-15 03:21:21	MarkDuplicates	Read    37,000,000 records.  Elapsed time: 00:12:51s.  Time for last 1,000,000:    4s.  Last read position: chr4:138,670,078
INFO	2020-01-15 03:21:21	MarkDuplicates	Tracking 480200 as yet unmatched pairs. 5060 records in RAM.
INFO	2020-01-15 03:21:36	MarkDuplicates	Read    38,000,000 records.  Elapsed time: 00:13:07s.  Time for last 1,000,000:   15s.  Last read position: chr4:153,127,013
INFO	2020-01-15 03:21:36	MarkDuplicates	Tracking 488305 as yet unmatched pairs. 800 records in RAM.
INFO	2020-01-15 03:21:45	MarkDuplicates	Read    39,000,000 records.  Elapsed time: 00:13:16s.  Time for last 1,000,000:    8s.  Last read position: chr5:20,986,879
INFO	2020-01-15 03:21:45	MarkDuplicates	Tracking 496565 as yet unmatched pairs. 37356 records in RAM.
INFO	2020-01-15 03:21:50	MarkDuplicates	Read    40,000,000 records.  Elapsed time: 00:13:20s.  Time for last 1,000,000:    4s.  Last read position: chr5:33,868,745
INFO	2020-01-15 03:21:50	MarkDuplicates	Tracking 504156 as yet unmatched pairs. 33660 records in RAM.
INFO	2020-01-15 03:22:31	MarkDuplicates	Read    41,000,000 records.  Elapsed time: 00:14:01s.  Time for last 1,000,000:   40s.  Last read position: chr5:53,878,505
INFO	2020-01-15 03:22:31	MarkDuplicates	Tracking 511288 as yet unmatched pairs. 29287 records in RAM.
INFO	2020-01-15 03:22:37	MarkDuplicates	Read    42,000,000 records.  Elapsed time: 00:14:08s.  Time for last 1,000,000:    6s.  Last read position: chr5:76,996,627
INFO	2020-01-15 03:22:37	MarkDuplicates	Tracking 520123 as yet unmatched pairs. 24599 records in RAM.
INFO	2020-01-15 03:22:45	MarkDuplicates	Read    43,000,000 records.  Elapsed time: 00:14:16s.  Time for last 1,000,000:    7s.  Last read position: chr5:98,973,061
INFO	2020-01-15 03:22:45	MarkDuplicates	Tracking 527227 as yet unmatched pairs. 19618 records in RAM.
INFO	2020-01-15 03:22:50	MarkDuplicates	Read    44,000,000 records.  Elapsed time: 00:14:20s.  Time for last 1,000,000:    4s.  Last read position: chr5:113,406,279
INFO	2020-01-15 03:22:50	MarkDuplicates	Tracking 534363 as yet unmatched pairs. 15015 records in RAM.
INFO	2020-01-15 03:22:57	MarkDuplicates	Read    45,000,000 records.  Elapsed time: 00:14:28s.  Time for last 1,000,000:    7s.  Last read position: chr5:130,626,613
INFO	2020-01-15 03:22:57	MarkDuplicates	Tracking 543085 as yet unmatched pairs. 8188 records in RAM.
INFO	2020-01-15 03:23:03	MarkDuplicates	Read    46,000,000 records.  Elapsed time: 00:14:34s.  Time for last 1,000,000:    6s.  Last read position: chr5:149,193,782
INFO	2020-01-15 03:23:03	MarkDuplicates	Tracking 551545 as yet unmatched pairs. 1034 records in RAM.
INFO	2020-01-15 03:23:13	MarkDuplicates	Read    47,000,000 records.  Elapsed time: 00:14:43s.  Time for last 1,000,000:    9s.  Last read position: chr6:21,771,967
INFO	2020-01-15 03:23:13	MarkDuplicates	Tracking 558128 as yet unmatched pairs. 39872 records in RAM.
INFO	2020-01-15 03:23:32	MarkDuplicates	Read    48,000,000 records.  Elapsed time: 00:15:02s.  Time for last 1,000,000:   18s.  Last read position: chr6:39,648,865
INFO	2020-01-15 03:23:32	MarkDuplicates	Tracking 564292 as yet unmatched pairs. 34506 records in RAM.
INFO	2020-01-15 03:23:46	MarkDuplicates	Read    49,000,000 records.  Elapsed time: 00:15:16s.  Time for last 1,000,000:   14s.  Last read position: chr6:59,210,065
INFO	2020-01-15 03:23:46	MarkDuplicates	Tracking 569480 as yet unmatched pairs. 29482 records in RAM.
INFO	2020-01-15 03:23:54	MarkDuplicates	Read    50,000,000 records.  Elapsed time: 00:15:24s.  Time for last 1,000,000:    8s.  Last read position: chr6:84,081,662
INFO	2020-01-15 03:23:54	MarkDuplicates	Tracking 575397 as yet unmatched pairs. 22117 records in RAM.
INFO	2020-01-15 03:24:13	MarkDuplicates	Read    51,000,000 records.  Elapsed time: 00:15:44s.  Time for last 1,000,000:   19s.  Last read position: chr6:106,773,262
INFO	2020-01-15 03:24:13	MarkDuplicates	Tracking 580962 as yet unmatched pairs. 15445 records in RAM.
INFO	2020-01-15 03:24:19	MarkDuplicates	Read    52,000,000 records.  Elapsed time: 00:15:50s.  Time for last 1,000,000:    5s.  Last read position: chr6:125,130,405
INFO	2020-01-15 03:24:19	MarkDuplicates	Tracking 585607 as yet unmatched pairs. 8757 records in RAM.
INFO	2020-01-15 03:24:28	MarkDuplicates	Read    53,000,000 records.  Elapsed time: 00:15:58s.  Time for last 1,000,000:    8s.  Last read position: chr6:146,956,137
INFO	2020-01-15 03:24:28	MarkDuplicates	Tracking 590934 as yet unmatched pairs. 1356 records in RAM.
INFO	2020-01-15 03:24:56	MarkDuplicates	Read    54,000,000 records.  Elapsed time: 00:16:27s.  Time for last 1,000,000:   28s.  Last read position: chr7:25,092,412
INFO	2020-01-15 03:24:56	MarkDuplicates	Tracking 596587 as yet unmatched pairs. 45694 records in RAM.
INFO	2020-01-15 03:25:03	MarkDuplicates	Read    55,000,000 records.  Elapsed time: 00:16:34s.  Time for last 1,000,000:    6s.  Last read position: chr7:44,512,425
INFO	2020-01-15 03:25:03	MarkDuplicates	Tracking 600735 as yet unmatched pairs. 37715 records in RAM.
INFO	2020-01-15 03:25:12	MarkDuplicates	Read    56,000,000 records.  Elapsed time: 00:16:43s.  Time for last 1,000,000:    8s.  Last read position: chr7:67,628,315
INFO	2020-01-15 03:25:12	MarkDuplicates	Tracking 604359 as yet unmatched pairs. 30671 records in RAM.
INFO	2020-01-15 03:26:26	MarkDuplicates	Read    57,000,000 records.  Elapsed time: 00:17:56s.  Time for last 1,000,000:   73s.  Last read position: chr7:92,218,917
INFO	2020-01-15 03:26:26	MarkDuplicates	Tracking 608987 as yet unmatched pairs. 22448 records in RAM.
INFO	2020-01-15 03:26:35	MarkDuplicates	Read    58,000,000 records.  Elapsed time: 00:18:05s.  Time for last 1,000,000:    8s.  Last read position: chr7:110,359,754
INFO	2020-01-15 03:26:35	MarkDuplicates	Tracking 611813 as yet unmatched pairs. 14730 records in RAM.
INFO	2020-01-15 03:26:43	MarkDuplicates	Read    59,000,000 records.  Elapsed time: 00:18:13s.  Time for last 1,000,000:    7s.  Last read position: chr7:126,383,526
INFO	2020-01-15 03:26:43	MarkDuplicates	Tracking 614218 as yet unmatched pairs. 8211 records in RAM.
INFO	2020-01-15 03:27:13	MarkDuplicates	Read    60,000,000 records.  Elapsed time: 00:18:43s.  Time for last 1,000,000:   30s.  Last read position: chr7:143,524,218
INFO	2020-01-15 03:27:13	MarkDuplicates	Tracking 616386 as yet unmatched pairs. 950 records in RAM.
INFO	2020-01-15 03:27:25	MarkDuplicates	Read    61,000,000 records.  Elapsed time: 00:18:56s.  Time for last 1,000,000:   12s.  Last read position: chr8:25,983,926
INFO	2020-01-15 03:27:25	MarkDuplicates	Tracking 620652 as yet unmatched pairs. 47857 records in RAM.
INFO	2020-01-15 03:27:30	MarkDuplicates	Read    62,000,000 records.  Elapsed time: 00:19:01s.  Time for last 1,000,000:    4s.  Last read position: chr8:49,779,557
INFO	2020-01-15 03:27:30	MarkDuplicates	Tracking 621087 as yet unmatched pairs. 36833 records in RAM.
INFO	2020-01-15 03:27:42	MarkDuplicates	Read    63,000,000 records.  Elapsed time: 00:19:13s.  Time for last 1,000,000:   11s.  Last read position: chr8:75,089,901
INFO	2020-01-15 03:27:42	MarkDuplicates	Tracking 623203 as yet unmatched pairs. 27486 records in RAM.
INFO	2020-01-15 03:28:00	MarkDuplicates	Read    64,000,000 records.  Elapsed time: 00:19:31s.  Time for last 1,000,000:   18s.  Last read position: chr8:92,850,293
INFO	2020-01-15 03:28:00	MarkDuplicates	Tracking 624116 as yet unmatched pairs. 17846 records in RAM.
INFO	2020-01-15 03:28:24	MarkDuplicates	Read    65,000,000 records.  Elapsed time: 00:19:54s.  Time for last 1,000,000:   23s.  Last read position: chr8:111,337,812
INFO	2020-01-15 03:28:24	MarkDuplicates	Tracking 625293 as yet unmatched pairs. 8503 records in RAM.
INFO	2020-01-15 03:28:58	MarkDuplicates	Read    66,000,000 records.  Elapsed time: 00:20:29s.  Time for last 1,000,000:   34s.  Last read position: chr9:9,035,511
INFO	2020-01-15 03:28:58	MarkDuplicates	Tracking 626017 as yet unmatched pairs. 55944 records in RAM.
INFO	2020-01-15 03:29:06	MarkDuplicates	Read    67,000,000 records.  Elapsed time: 00:20:36s.  Time for last 1,000,000:    7s.  Last read position: chr9:35,203,388
INFO	2020-01-15 03:29:06	MarkDuplicates	Tracking 626466 as yet unmatched pairs. 45681 records in RAM.
INFO	2020-01-15 03:29:20	MarkDuplicates	Read    68,000,000 records.  Elapsed time: 00:20:51s.  Time for last 1,000,000:   14s.  Last read position: chr9:53,921,312
INFO	2020-01-15 03:29:20	MarkDuplicates	Tracking 626815 as yet unmatched pairs. 37305 records in RAM.
INFO	2020-01-15 03:29:45	MarkDuplicates	Read    69,000,000 records.  Elapsed time: 00:21:15s.  Time for last 1,000,000:   24s.  Last read position: chr9:67,852,497
INFO	2020-01-15 03:29:45	MarkDuplicates	Tracking 626873 as yet unmatched pairs. 29553 records in RAM.
INFO	2020-01-15 03:29:59	MarkDuplicates	Read    70,000,000 records.  Elapsed time: 00:21:30s.  Time for last 1,000,000:   14s.  Last read position: chr9:83,110,353
INFO	2020-01-15 03:29:59	MarkDuplicates	Tracking 626554 as yet unmatched pairs. 21520 records in RAM.
INFO	2020-01-15 03:30:22	MarkDuplicates	Read    71,000,000 records.  Elapsed time: 00:21:53s.  Time for last 1,000,000:   22s.  Last read position: chr9:102,195,370
INFO	2020-01-15 03:30:22	MarkDuplicates	Tracking 625848 as yet unmatched pairs. 12795 records in RAM.
INFO	2020-01-15 03:30:40	MarkDuplicates	Read    72,000,000 records.  Elapsed time: 00:22:11s.  Time for last 1,000,000:   18s.  Last read position: chr9:118,897,759
INFO	2020-01-15 03:30:40	MarkDuplicates	Tracking 624922 as yet unmatched pairs. 3246 records in RAM.
INFO	2020-01-15 03:31:09	MarkDuplicates	Read    73,000,000 records.  Elapsed time: 00:22:39s.  Time for last 1,000,000:   28s.  Last read position: chr10:19,001,600
INFO	2020-01-15 03:31:09	MarkDuplicates	Tracking 623537 as yet unmatched pairs. 61061 records in RAM.
INFO	2020-01-15 03:31:29	MarkDuplicates	Read    74,000,000 records.  Elapsed time: 00:23:00s.  Time for last 1,000,000:   20s.  Last read position: chr10:39,847,958
INFO	2020-01-15 03:31:29	MarkDuplicates	Tracking 622984 as yet unmatched pairs. 52201 records in RAM.
INFO	2020-01-15 03:31:45	MarkDuplicates	Read    75,000,000 records.  Elapsed time: 00:23:15s.  Time for last 1,000,000:   15s.  Last read position: chr10:61,428,499
INFO	2020-01-15 03:31:45	MarkDuplicates	Tracking 619909 as yet unmatched pairs. 40167 records in RAM.
INFO	2020-01-15 03:33:45	MarkDuplicates	Read    76,000,000 records.  Elapsed time: 00:25:15s.  Time for last 1,000,000:  120s.  Last read position: chr10:81,033,479
INFO	2020-01-15 03:33:45	MarkDuplicates	Tracking 617312 as yet unmatched pairs. 28339 records in RAM.
INFO	2020-01-15 03:33:49	MarkDuplicates	Read    77,000,000 records.  Elapsed time: 00:25:20s.  Time for last 1,000,000:    4s.  Last read position: chr10:98,592,485
INFO	2020-01-15 03:33:49	MarkDuplicates	Tracking 615174 as yet unmatched pairs. 18270 records in RAM.
INFO	2020-01-15 03:33:55	MarkDuplicates	Read    78,000,000 records.  Elapsed time: 00:25:26s.  Time for last 1,000,000:    5s.  Last read position: chr10:119,794,499
INFO	2020-01-15 03:33:55	MarkDuplicates	Tracking 612269 as yet unmatched pairs. 7170 records in RAM.
INFO	2020-01-15 03:34:26	MarkDuplicates	Read    79,000,000 records.  Elapsed time: 00:25:57s.  Time for last 1,000,000:   30s.  Last read position: chr11:8,397,149
INFO	2020-01-15 03:34:26	MarkDuplicates	Tracking 609651 as yet unmatched pairs. 79591 records in RAM.
INFO	2020-01-15 03:34:35	MarkDuplicates	Read    80,000,000 records.  Elapsed time: 00:26:06s.  Time for last 1,000,000:    9s.  Last read position: chr11:27,840,474
INFO	2020-01-15 03:34:35	MarkDuplicates	Tracking 606889 as yet unmatched pairs. 69603 records in RAM.
INFO	2020-01-15 03:34:52	MarkDuplicates	Read    81,000,000 records.  Elapsed time: 00:26:22s.  Time for last 1,000,000:   16s.  Last read position: chr11:45,747,040
INFO	2020-01-15 03:34:52	MarkDuplicates	Tracking 604258 as yet unmatched pairs. 60661 records in RAM.
INFO	2020-01-15 03:35:06	MarkDuplicates	Read    82,000,000 records.  Elapsed time: 00:26:37s.  Time for last 1,000,000:   14s.  Last read position: chr11:59,754,928
INFO	2020-01-15 03:35:06	MarkDuplicates	Tracking 601054 as yet unmatched pairs. 51593 records in RAM.
INFO	2020-01-15 03:35:13	MarkDuplicates	Read    83,000,000 records.  Elapsed time: 00:26:44s.  Time for last 1,000,000:    7s.  Last read position: chr11:72,194,527
INFO	2020-01-15 03:35:13	MarkDuplicates	Tracking 597905 as yet unmatched pairs. 43322 records in RAM.
INFO	2020-01-15 03:35:21	MarkDuplicates	Read    84,000,000 records.  Elapsed time: 00:26:52s.  Time for last 1,000,000:    8s.  Last read position: chr11:81,079,349
INFO	2020-01-15 03:35:21	MarkDuplicates	Tracking 594479 as yet unmatched pairs. 34918 records in RAM.
INFO	2020-01-15 03:35:57	MarkDuplicates	Read    85,000,000 records.  Elapsed time: 00:27:27s.  Time for last 1,000,000:   35s.  Last read position: chr11:94,081,302
INFO	2020-01-15 03:35:57	MarkDuplicates	Tracking 590735 as yet unmatched pairs. 25218 records in RAM.
INFO	2020-01-15 03:36:03	MarkDuplicates	Read    86,000,000 records.  Elapsed time: 00:27:34s.  Time for last 1,000,000:    6s.  Last read position: chr11:102,324,255
INFO	2020-01-15 03:36:03	MarkDuplicates	Tracking 586962 as yet unmatched pairs. 16518 records in RAM.
INFO	2020-01-15 03:36:13	MarkDuplicates	Read    87,000,000 records.  Elapsed time: 00:27:44s.  Time for last 1,000,000:    9s.  Last read position: chr11:114,785,758
INFO	2020-01-15 03:36:13	MarkDuplicates	Tracking 582354 as yet unmatched pairs. 6066 records in RAM.
INFO	2020-01-15 03:36:44	MarkDuplicates	Read    88,000,000 records.  Elapsed time: 00:28:15s.  Time for last 1,000,000:   31s.  Last read position: chr12:16,288,278
INFO	2020-01-15 03:36:44	MarkDuplicates	Tracking 576188 as yet unmatched pairs. 59744 records in RAM.
INFO	2020-01-15 03:37:08	MarkDuplicates	Read    89,000,000 records.  Elapsed time: 00:28:38s.  Time for last 1,000,000:   23s.  Last read position: chr12:45,247,264
INFO	2020-01-15 03:37:08	MarkDuplicates	Tracking 570254 as yet unmatched pairs. 46662 records in RAM.
INFO	2020-01-15 03:37:16	MarkDuplicates	Read    90,000,000 records.  Elapsed time: 00:28:47s.  Time for last 1,000,000:    8s.  Last read position: chr12:69,174,772
INFO	2020-01-15 03:37:16	MarkDuplicates	Tracking 564221 as yet unmatched pairs. 33672 records in RAM.
INFO	2020-01-15 03:38:00	MarkDuplicates	Read    91,000,000 records.  Elapsed time: 00:29:30s.  Time for last 1,000,000:   43s.  Last read position: chr12:83,674,342
INFO	2020-01-15 03:38:00	MarkDuplicates	Tracking 559145 as yet unmatched pairs. 22955 records in RAM.
INFO	2020-01-15 03:38:25	MarkDuplicates	Read    92,000,000 records.  Elapsed time: 00:29:56s.  Time for last 1,000,000:   25s.  Last read position: chr12:105,800,609
INFO	2020-01-15 03:38:25	MarkDuplicates	Tracking 551943 as yet unmatched pairs. 9214 records in RAM.
INFO	2020-01-15 03:38:58	MarkDuplicates	Read    93,000,000 records.  Elapsed time: 00:30:29s.  Time for last 1,000,000:   32s.  Last read position: chr13:11,647,681
INFO	2020-01-15 03:38:58	MarkDuplicates	Tracking 544596 as yet unmatched pairs. 69937 records in RAM.
INFO	2020-01-15 03:39:17	MarkDuplicates	Read    94,000,000 records.  Elapsed time: 00:30:48s.  Time for last 1,000,000:   18s.  Last read position: chr13:33,010,810
INFO	2020-01-15 03:39:17	MarkDuplicates	Tracking 538052 as yet unmatched pairs. 58047 records in RAM.
INFO	2020-01-15 03:39:39	MarkDuplicates	Read    95,000,000 records.  Elapsed time: 00:31:09s.  Time for last 1,000,000:   21s.  Last read position: chr13:58,084,085
INFO	2020-01-15 03:39:39	MarkDuplicates	Tracking 528720 as yet unmatched pairs. 42485 records in RAM.
INFO	2020-01-15 03:39:50	MarkDuplicates	Read    96,000,000 records.  Elapsed time: 00:31:20s.  Time for last 1,000,000:   11s.  Last read position: chr13:77,083,504
INFO	2020-01-15 03:39:50	MarkDuplicates	Tracking 521030 as yet unmatched pairs. 29981 records in RAM.
INFO	2020-01-15 03:39:55	MarkDuplicates	Read    97,000,000 records.  Elapsed time: 00:31:26s.  Time for last 1,000,000:    5s.  Last read position: chr13:98,843,388
INFO	2020-01-15 03:39:55	MarkDuplicates	Tracking 512359 as yet unmatched pairs. 15333 records in RAM.
INFO	2020-01-15 03:42:32	MarkDuplicates	Read    98,000,000 records.  Elapsed time: 00:34:03s.  Time for last 1,000,000:  156s.  Last read position: chr13:118,179,635
INFO	2020-01-15 03:42:32	MarkDuplicates	Tracking 503862 as yet unmatched pairs. 1494 records in RAM.
INFO	2020-01-15 03:43:23	MarkDuplicates	Read    99,000,000 records.  Elapsed time: 00:34:54s.  Time for last 1,000,000:   51s.  Last read position: chr14:27,095,890
INFO	2020-01-15 03:43:23	MarkDuplicates	Tracking 494703 as yet unmatched pairs. 61990 records in RAM.
INFO	2020-01-15 03:43:32	MarkDuplicates	Read   100,000,000 records.  Elapsed time: 00:35:02s.  Time for last 1,000,000:    8s.  Last read position: chr14:48,224,338
INFO	2020-01-15 03:43:32	MarkDuplicates	Tracking 486593 as yet unmatched pairs. 49517 records in RAM.
INFO	2020-01-15 03:43:52	MarkDuplicates	Read   101,000,000 records.  Elapsed time: 00:35:23s.  Time for last 1,000,000:   20s.  Last read position: chr14:62,528,470
INFO	2020-01-15 03:43:52	MarkDuplicates	Tracking 479038 as yet unmatched pairs. 38549 records in RAM.
INFO	2020-01-15 03:44:08	MarkDuplicates	Read   102,000,000 records.  Elapsed time: 00:35:39s.  Time for last 1,000,000:   15s.  Last read position: chr14:86,482,228
INFO	2020-01-15 03:44:08	MarkDuplicates	Tracking 468580 as yet unmatched pairs. 23185 records in RAM.
INFO	2020-01-15 03:44:21	MarkDuplicates	Read   103,000,000 records.  Elapsed time: 00:35:52s.  Time for last 1,000,000:   13s.  Last read position: chr14:122,465,247
INFO	2020-01-15 03:44:21	MarkDuplicates	Tracking 454205 as yet unmatched pairs. 1612 records in RAM.
INFO	2020-01-15 03:44:55	MarkDuplicates	Read   104,000,000 records.  Elapsed time: 00:36:26s.  Time for last 1,000,000:   34s.  Last read position: chr15:27,025,888
INFO	2020-01-15 03:44:55	MarkDuplicates	Tracking 442190 as yet unmatched pairs. 57916 records in RAM.
INFO	2020-01-15 03:45:14	MarkDuplicates	Read   105,000,000 records.  Elapsed time: 00:36:44s.  Time for last 1,000,000:   18s.  Last read position: chr15:49,456,682
INFO	2020-01-15 03:45:14	MarkDuplicates	Tracking 431013 as yet unmatched pairs. 41988 records in RAM.
INFO	2020-01-15 03:45:25	MarkDuplicates	Read   106,000,000 records.  Elapsed time: 00:36:56s.  Time for last 1,000,000:   11s.  Last read position: chr15:76,716,218
INFO	2020-01-15 03:45:25	MarkDuplicates	Tracking 418229 as yet unmatched pairs. 24690 records in RAM.
INFO	2020-01-15 03:49:17	MarkDuplicates	Read   107,000,000 records.  Elapsed time: 00:40:48s.  Time for last 1,000,000:  232s.  Last read position: chr15:96,343,890
INFO	2020-01-15 03:49:17	MarkDuplicates	Tracking 405991 as yet unmatched pairs. 8432 records in RAM.
INFO	2020-01-15 03:49:34	MarkDuplicates	Read   108,000,000 records.  Elapsed time: 00:41:05s.  Time for last 1,000,000:   16s.  Last read position: chr16:13,009,350
INFO	2020-01-15 03:49:34	MarkDuplicates	Tracking 392649 as yet unmatched pairs. 65659 records in RAM.
INFO	2020-01-15 03:49:43	MarkDuplicates	Read   109,000,000 records.  Elapsed time: 00:41:14s.  Time for last 1,000,000:    9s.  Last read position: chr16:28,923,412
INFO	2020-01-15 03:49:43	MarkDuplicates	Tracking 380774 as yet unmatched pairs. 50766 records in RAM.
INFO	2020-01-15 03:49:57	MarkDuplicates	Read   110,000,000 records.  Elapsed time: 00:41:28s.  Time for last 1,000,000:   14s.  Last read position: chr16:44,198,961
INFO	2020-01-15 03:49:57	MarkDuplicates	Tracking 370106 as yet unmatched pairs. 37101 records in RAM.
INFO	2020-01-15 03:50:02	MarkDuplicates	Read   111,000,000 records.  Elapsed time: 00:41:33s.  Time for last 1,000,000:    4s.  Last read position: chr16:68,632,250
INFO	2020-01-15 03:50:02	MarkDuplicates	Tracking 356919 as yet unmatched pairs. 20413 records in RAM.
INFO	2020-01-15 03:50:08	MarkDuplicates	Read   112,000,000 records.  Elapsed time: 00:41:39s.  Time for last 1,000,000:    6s.  Last read position: chr16:95,522,543
INFO	2020-01-15 03:50:08	MarkDuplicates	Tracking 342606 as yet unmatched pairs. 2661 records in RAM.
INFO	2020-01-15 03:50:39	MarkDuplicates	Read   113,000,000 records.  Elapsed time: 00:42:10s.  Time for last 1,000,000:   31s.  Last read position: chr17:21,818,864
INFO	2020-01-15 03:50:39	MarkDuplicates	Tracking 329624 as yet unmatched pairs. 67137 records in RAM.
INFO	2020-01-15 03:50:44	MarkDuplicates	Read   114,000,000 records.  Elapsed time: 00:42:15s.  Time for last 1,000,000:    4s.  Last read position: chr17:35,265,727
INFO	2020-01-15 03:50:44	MarkDuplicates	Tracking 315975 as yet unmatched pairs. 51262 records in RAM.
INFO	2020-01-15 03:50:49	MarkDuplicates	Read   115,000,000 records.  Elapsed time: 00:42:19s.  Time for last 1,000,000:    4s.  Last read position: chr17:55,728,033
INFO	2020-01-15 03:50:49	MarkDuplicates	Tracking 303100 as yet unmatched pairs. 35729 records in RAM.
INFO	2020-01-15 03:51:09	MarkDuplicates	Read   116,000,000 records.  Elapsed time: 00:42:39s.  Time for last 1,000,000:   20s.  Last read position: chr17:78,519,871
INFO	2020-01-15 03:51:09	MarkDuplicates	Tracking 285439 as yet unmatched pairs. 15262 records in RAM.
INFO	2020-01-15 03:51:25	MarkDuplicates	Read   117,000,000 records.  Elapsed time: 00:42:56s.  Time for last 1,000,000:   16s.  Last read position: chr18:6,711,282
INFO	2020-01-15 03:51:25	MarkDuplicates	Tracking 269777 as yet unmatched pairs. 71906 records in RAM.
INFO	2020-01-15 03:51:32	MarkDuplicates	Read   118,000,000 records.  Elapsed time: 00:43:02s.  Time for last 1,000,000:    6s.  Last read position: chr18:24,271,659
INFO	2020-01-15 03:51:32	MarkDuplicates	Tracking 255696 as yet unmatched pairs. 56131 records in RAM.
INFO	2020-01-15 03:51:52	MarkDuplicates	Read   119,000,000 records.  Elapsed time: 00:43:22s.  Time for last 1,000,000:   19s.  Last read position: chr18:39,688,041
INFO	2020-01-15 03:51:52	MarkDuplicates	Tracking 242455 as yet unmatched pairs. 41416 records in RAM.
INFO	2020-01-15 03:51:59	MarkDuplicates	Read   120,000,000 records.  Elapsed time: 00:43:30s.  Time for last 1,000,000:    7s.  Last read position: chr18:63,078,752
INFO	2020-01-15 03:51:59	MarkDuplicates	Tracking 225529 as yet unmatched pairs. 22610 records in RAM.
INFO	2020-01-15 03:52:04	MarkDuplicates	Read   121,000,000 records.  Elapsed time: 00:43:35s.  Time for last 1,000,000:    5s.  Last read position: chr18:82,719,274
INFO	2020-01-15 03:52:04	MarkDuplicates	Tracking 210108 as yet unmatched pairs. 5472 records in RAM.
INFO	2020-01-15 03:52:21	MarkDuplicates	Read   122,000,000 records.  Elapsed time: 00:43:52s.  Time for last 1,000,000:   16s.  Last read position: chr19:11,933,283
INFO	2020-01-15 03:52:21	MarkDuplicates	Tracking 195167 as yet unmatched pairs. 45838 records in RAM.
INFO	2020-01-15 03:52:28	MarkDuplicates	Read   123,000,000 records.  Elapsed time: 00:43:58s.  Time for last 1,000,000:    6s.  Last read position: chr19:32,257,731
INFO	2020-01-15 03:52:28	MarkDuplicates	Tracking 179305 as yet unmatched pairs. 28822 records in RAM.
INFO	2020-01-15 03:52:34	MarkDuplicates	Read   124,000,000 records.  Elapsed time: 00:44:04s.  Time for last 1,000,000:    5s.  Last read position: chr19:44,975,640
INFO	2020-01-15 03:52:34	MarkDuplicates	Tracking 166785 as yet unmatched pairs. 15194 records in RAM.
INFO	2020-01-15 03:53:07	MarkDuplicates	Read   125,000,000 records.  Elapsed time: 00:44:38s.  Time for last 1,000,000:   33s.  Last read position: chrX:8,032,044
INFO	2020-01-15 03:53:07	MarkDuplicates	Tracking 148867 as yet unmatched pairs. 129041 records in RAM.
INFO	2020-01-15 03:53:12	MarkDuplicates	Read   126,000,000 records.  Elapsed time: 00:44:42s.  Time for last 1,000,000:    4s.  Last read position: chrX:38,164,216
INFO	2020-01-15 03:53:12	MarkDuplicates	Tracking 130997 as yet unmatched pairs. 111006 records in RAM.
INFO	2020-01-15 03:53:16	MarkDuplicates	Read   127,000,000 records.  Elapsed time: 00:44:46s.  Time for last 1,000,000:    4s.  Last read position: chrX:59,997,376
INFO	2020-01-15 03:53:16	MarkDuplicates	Tracking 115072 as yet unmatched pairs. 94946 records in RAM.
INFO	2020-01-15 03:53:25	MarkDuplicates	Read   128,000,000 records.  Elapsed time: 00:44:55s.  Time for last 1,000,000:    8s.  Last read position: chrX:74,837,331
INFO	2020-01-15 03:53:25	MarkDuplicates	Tracking 102819 as yet unmatched pairs. 82557 records in RAM.
INFO	2020-01-15 03:53:29	MarkDuplicates	Read   129,000,000 records.  Elapsed time: 00:45:00s.  Time for last 1,000,000:    4s.  Last read position: chrX:95,973,896
INFO	2020-01-15 03:53:29	MarkDuplicates	Tracking 85782 as yet unmatched pairs. 65351 records in RAM.
INFO	2020-01-15 03:53:35	MarkDuplicates	Read   130,000,000 records.  Elapsed time: 00:45:05s.  Time for last 1,000,000:    5s.  Last read position: chrX:109,005,519
INFO	2020-01-15 03:53:35	MarkDuplicates	Tracking 71557 as yet unmatched pairs. 50983 records in RAM.
INFO	2020-01-15 03:54:44	MarkDuplicates	Read   131,000,000 records.  Elapsed time: 00:46:15s.  Time for last 1,000,000:   69s.  Last read position: chrX:135,566,892
INFO	2020-01-15 03:54:44	MarkDuplicates	Tracking 52370 as yet unmatched pairs. 31599 records in RAM.
INFO	2020-01-15 03:54:50	MarkDuplicates	Read   132,000,000 records.  Elapsed time: 00:46:21s.  Time for last 1,000,000:    5s.  Last read position: chrX:152,718,913
INFO	2020-01-15 03:54:50	MarkDuplicates	Tracking 37752 as yet unmatched pairs. 16828 records in RAM.
INFO	2020-01-15 03:54:55	MarkDuplicates	Read   133,000,000 records.  Elapsed time: 00:46:26s.  Time for last 1,000,000:    4s.  Last read position: chrX:169,339,705
INFO	2020-01-15 03:54:55	MarkDuplicates	Tracking 21762 as yet unmatched pairs. 711 records in RAM.
INFO	2020-01-15 03:55:11	MarkDuplicates	Read 133788491 records. 0 pairs never matched.
INFO	2020-01-15 03:56:30	MarkDuplicates	After buildSortedReadEndLists freeMemory: 15081324496; totalMemory: 20326645760; maxMemory: 28631367680
INFO	2020-01-15 03:56:30	MarkDuplicates	Will retain up to 894730240 duplicate indices before spilling to disk.
INFO	2020-01-15 03:56:33	MarkDuplicates	Traversing read pair information and detecting duplicates.
INFO	2020-01-15 03:57:57	MarkDuplicates	Traversing fragment information and detecting duplicates.
WARNING	2020-01-15 03:57:58	SortingCollection	There is not enough memory per file for buffering. Reading will be unbuffered.
INFO	2020-01-15 03:59:05	MarkDuplicates	Sorting list of duplicate records.
INFO	2020-01-15 03:59:12	MarkDuplicates	After generateDuplicateIndexes freeMemory: 24142004744; totalMemory: 31469862912; maxMemory: 31469862912
INFO	2020-01-15 03:59:12	MarkDuplicates	Marking 49677467 records as duplicates.
INFO	2020-01-15 03:59:12	MarkDuplicates	Found 518 optical duplicate clusters.
INFO	2020-01-15 03:59:12	MarkDuplicates	Reads are assumed to be ordered by: coordinate
INFO	2020-01-15 04:01:14	MarkDuplicates	Written    10,000,000 records.  Elapsed time: 00:02:02s.  Time for last 10,000,000:  122s.  Last read position: chr1:193,242,086
INFO	2020-01-15 04:03:28	MarkDuplicates	Written    20,000,000 records.  Elapsed time: 00:04:16s.  Time for last 10,000,000:  134s.  Last read position: chr2:152,885,022
INFO	2020-01-15 04:05:42	MarkDuplicates	Written    30,000,000 records.  Elapsed time: 00:06:30s.  Time for last 10,000,000:  133s.  Last read position: chr4:11,817,783
INFO	2020-01-15 04:07:48	MarkDuplicates	Written    40,000,000 records.  Elapsed time: 00:08:36s.  Time for last 10,000,000:  126s.  Last read position: chr5:33,868,745
INFO	2020-01-15 04:09:42	MarkDuplicates	Written    50,000,000 records.  Elapsed time: 00:10:30s.  Time for last 10,000,000:  114s.  Last read position: chr6:84,081,662
INFO	2020-01-15 04:11:47	MarkDuplicates	Written    60,000,000 records.  Elapsed time: 00:12:35s.  Time for last 10,000,000:  124s.  Last read position: chr7:143,524,218
INFO	2020-01-15 04:13:45	MarkDuplicates	Written    70,000,000 records.  Elapsed time: 00:14:33s.  Time for last 10,000,000:  117s.  Last read position: chr9:83,110,353
INFO	2020-01-15 04:15:53	MarkDuplicates	Written    80,000,000 records.  Elapsed time: 00:16:41s.  Time for last 10,000,000:  128s.  Last read position: chr11:27,840,474
INFO	2020-01-15 04:18:11	MarkDuplicates	Written    90,000,000 records.  Elapsed time: 00:18:59s.  Time for last 10,000,000:  138s.  Last read position: chr12:69,174,772
INFO	2020-01-15 04:20:30	MarkDuplicates	Written   100,000,000 records.  Elapsed time: 00:21:17s.  Time for last 10,000,000:  138s.  Last read position: chr14:48,224,338
INFO	2020-01-15 04:22:39	MarkDuplicates	Written   110,000,000 records.  Elapsed time: 00:23:27s.  Time for last 10,000,000:  129s.  Last read position: chr16:44,198,961
INFO	2020-01-15 04:24:39	MarkDuplicates	Written   120,000,000 records.  Elapsed time: 00:25:27s.  Time for last 10,000,000:  120s.  Last read position: chr18:63,078,752
INFO	2020-01-15 04:26:36	MarkDuplicates	Written   130,000,000 records.  Elapsed time: 00:27:23s.  Time for last 10,000,000:  116s.  Last read position: chrX:109,005,519
INFO	2020-01-15 04:27:49	MarkDuplicates	Writing complete. Closing input iterator.
INFO	2020-01-15 04:27:49	MarkDuplicates	Duplicate Index cleanup.
INFO	2020-01-15 04:27:49	MarkDuplicates	Getting Memory Stats.
INFO	2020-01-15 04:27:49	MarkDuplicates	Before output close freeMemory: 31137044344; totalMemory: 31339315200; maxMemory: 31339315200
INFO	2020-01-15 04:27:49	MarkDuplicates	Closed outputs. Getting more Memory Stats.
INFO	2020-01-15 04:27:49	MarkDuplicates	After output close freeMemory: 31208347512; totalMemory: 31410618368; maxMemory: 31410618368
[Wed Jan 15 04:27:49 UTC 2020] picard.sam.markduplicates.MarkDuplicates done. Elapsed time: 79.36 minutes.
Runtime.totalMemory()=31410618368
