INFO	2020-01-15 01:13:20	MarkDuplicates	

********** NOTE: Picard's command line syntax is changing.
**********
********** For more information, please see:
********** https://github.com/broadinstitute/picard/wiki/Command-Line-Syntax-Transition-For-Users-(Pre-Transition)
**********
********** The command line looks like this in the new syntax:
**********
**********    MarkDuplicates -I /scratch/gregg_thomas/Murinae-seq/03B-MappedMouse/Pelomys-minor/Pelomys-minor.sorted.bam -O /scratch/gregg_thomas/Murinae-seq/03B-MappedMouse/Pelomys-minor/Pelomys-minor.sorted.mkdup.bam -M /scratch/gregg_thomas/Murinae-seq/03B-MappedMouse/Pelomys-minor/Pelomys-minor-mkdup-metrics.txt
**********


01:13:21.548 INFO  NativeLibraryLoader - Loading libgkl_compression.so from jar:file:/home/gregg_thomas/bin/picard.jar!/com/intel/gkl/native/libgkl_compression.so
[Wed Jan 15 01:13:21 UTC 2020] MarkDuplicates INPUT=[/scratch/gregg_thomas/Murinae-seq/03B-MappedMouse/Pelomys-minor/Pelomys-minor.sorted.bam] OUTPUT=/scratch/gregg_thomas/Murinae-seq/03B-MappedMouse/Pelomys-minor/Pelomys-minor.sorted.mkdup.bam METRICS_FILE=/scratch/gregg_thomas/Murinae-seq/03B-MappedMouse/Pelomys-minor/Pelomys-minor-mkdup-metrics.txt    MAX_SEQUENCES_FOR_DISK_READ_ENDS_MAP=50000 MAX_FILE_HANDLES_FOR_READ_ENDS_MAP=8000 SORTING_COLLECTION_SIZE_RATIO=0.25 TAG_DUPLICATE_SET_MEMBERS=false REMOVE_SEQUENCING_DUPLICATES=false TAGGING_POLICY=DontTag CLEAR_DT=true DUPLEX_UMI=false ADD_PG_TAG_TO_READS=true REMOVE_DUPLICATES=false ASSUME_SORTED=false DUPLICATE_SCORING_STRATEGY=SUM_OF_BASE_QUALITIES PROGRAM_RECORD_ID=MarkDuplicates PROGRAM_GROUP_NAME=MarkDuplicates READ_NAME_REGEX=<optimized capture of last three ':' separated fields as numeric values> OPTICAL_DUPLICATE_PIXEL_DISTANCE=100 MAX_OPTICAL_DUPLICATE_SET_SIZE=300000 VERBOSITY=INFO QUIET=false VALIDATION_STRINGENCY=STRICT COMPRESSION_LEVEL=5 MAX_RECORDS_IN_RAM=500000 CREATE_INDEX=false CREATE_MD5_FILE=false GA4GH_CLIENT_SECRETS=client_secrets.json USE_JDK_DEFLATER=false USE_JDK_INFLATER=false
[Wed Jan 15 01:13:21 UTC 2020] Executing as gregg_thomas@ecae4883a231 on Linux 4.4.0-104-generic amd64; Java HotSpot(TM) 64-Bit Server VM 1.8.0_221-b11; Deflater: Intel; Inflater: Intel; Provider GCS is not available; Picard version: 2.20.6-SNAPSHOT
INFO	2020-01-15 01:13:22	MarkDuplicates	Start of doWork freeMemory: 2037674000; totalMemory: 2058354688; maxMemory: 28631367680
INFO	2020-01-15 01:13:22	MarkDuplicates	Reading input file and constructing read end information.
INFO	2020-01-15 01:13:22	MarkDuplicates	Will retain up to 103736839 data points before spilling to disk.
INFO	2020-01-15 01:14:09	MarkDuplicates	Read     1,000,000 records.  Elapsed time: 00:00:32s.  Time for last 1,000,000:   32s.  Last read position: chr1:66,442,456
INFO	2020-01-15 01:14:09	MarkDuplicates	Tracking 65984 as yet unmatched pairs. 3217 records in RAM.
INFO	2020-01-15 01:15:10	MarkDuplicates	Read     2,000,000 records.  Elapsed time: 00:01:33s.  Time for last 1,000,000:   60s.  Last read position: chr1:135,154,441
INFO	2020-01-15 01:15:10	MarkDuplicates	Tracking 130890 as yet unmatched pairs. 2978 records in RAM.
INFO	2020-01-15 01:16:18	MarkDuplicates	Read     3,000,000 records.  Elapsed time: 00:02:41s.  Time for last 1,000,000:   68s.  Last read position: chr1:190,153,409
INFO	2020-01-15 01:16:18	MarkDuplicates	Tracking 186619 as yet unmatched pairs. 374 records in RAM.
INFO	2020-01-15 01:17:05	MarkDuplicates	Read     4,000,000 records.  Elapsed time: 00:03:28s.  Time for last 1,000,000:   46s.  Last read position: chr2:37,432,369
INFO	2020-01-15 01:17:05	MarkDuplicates	Tracking 236562 as yet unmatched pairs. 15135 records in RAM.
INFO	2020-01-15 01:17:33	MarkDuplicates	Read     5,000,000 records.  Elapsed time: 00:03:57s.  Time for last 1,000,000:   28s.  Last read position: chr2:82,992,186
INFO	2020-01-15 01:17:33	MarkDuplicates	Tracking 274541 as yet unmatched pairs. 13000 records in RAM.
INFO	2020-01-15 01:18:03	MarkDuplicates	Read     6,000,000 records.  Elapsed time: 00:04:27s.  Time for last 1,000,000:   30s.  Last read position: chr2:126,800,762
INFO	2020-01-15 01:18:03	MarkDuplicates	Tracking 314988 as yet unmatched pairs. 9138 records in RAM.
INFO	2020-01-15 01:19:38	MarkDuplicates	Read     7,000,000 records.  Elapsed time: 00:06:02s.  Time for last 1,000,000:   94s.  Last read position: chr2:164,894,651
INFO	2020-01-15 01:19:38	MarkDuplicates	Tracking 357987 as yet unmatched pairs. 3453 records in RAM.
INFO	2020-01-15 01:20:17	MarkDuplicates	Read     8,000,000 records.  Elapsed time: 00:06:40s.  Time for last 1,000,000:   38s.  Last read position: chr3:56,029,914
INFO	2020-01-15 01:20:17	MarkDuplicates	Tracking 411010 as yet unmatched pairs. 17860 records in RAM.
INFO	2020-01-15 01:21:13	MarkDuplicates	Read     9,000,000 records.  Elapsed time: 00:07:37s.  Time for last 1,000,000:   56s.  Last read position: chr3:101,581,846
INFO	2020-01-15 01:21:13	MarkDuplicates	Tracking 448718 as yet unmatched pairs. 10657 records in RAM.
INFO	2020-01-15 01:22:00	MarkDuplicates	Read    10,000,000 records.  Elapsed time: 00:08:24s.  Time for last 1,000,000:   46s.  Last read position: chr4:3,593,423
INFO	2020-01-15 01:22:00	MarkDuplicates	Tracking 486728 as yet unmatched pairs. 37324 records in RAM.
INFO	2020-01-15 01:22:17	MarkDuplicates	Read    11,000,000 records.  Elapsed time: 00:08:40s.  Time for last 1,000,000:   16s.  Last read position: chr4:59,900,844
INFO	2020-01-15 01:22:17	MarkDuplicates	Tracking 522422 as yet unmatched pairs. 27108 records in RAM.
INFO	2020-01-15 01:23:05	MarkDuplicates	Read    12,000,000 records.  Elapsed time: 00:09:28s.  Time for last 1,000,000:   47s.  Last read position: chr4:119,477,755
INFO	2020-01-15 01:23:05	MarkDuplicates	Tracking 555773 as yet unmatched pairs. 15575 records in RAM.
INFO	2020-01-15 01:23:21	MarkDuplicates	Read    13,000,000 records.  Elapsed time: 00:09:45s.  Time for last 1,000,000:   16s.  Last read position: chr4:148,952,581
INFO	2020-01-15 01:23:21	MarkDuplicates	Tracking 585474 as yet unmatched pairs. 3736 records in RAM.
INFO	2020-01-15 01:23:40	MarkDuplicates	Read    14,000,000 records.  Elapsed time: 00:10:03s.  Time for last 1,000,000:   18s.  Last read position: chr5:38,540,262
INFO	2020-01-15 01:23:40	MarkDuplicates	Tracking 613317 as yet unmatched pairs. 39222 records in RAM.
INFO	2020-01-15 01:24:13	MarkDuplicates	Read    15,000,000 records.  Elapsed time: 00:10:37s.  Time for last 1,000,000:   33s.  Last read position: chr5:108,280,075
INFO	2020-01-15 01:24:13	MarkDuplicates	Tracking 644783 as yet unmatched pairs. 22442 records in RAM.
INFO	2020-01-15 01:24:27	MarkDuplicates	Read    16,000,000 records.  Elapsed time: 00:10:51s.  Time for last 1,000,000:   13s.  Last read position: chr5:143,472,959
INFO	2020-01-15 01:24:27	MarkDuplicates	Tracking 672907 as yet unmatched pairs. 4947 records in RAM.
INFO	2020-01-15 01:24:46	MarkDuplicates	Read    17,000,000 records.  Elapsed time: 00:11:10s.  Time for last 1,000,000:   19s.  Last read position: chr6:51,481,711
INFO	2020-01-15 01:24:46	MarkDuplicates	Tracking 696096 as yet unmatched pairs. 40424 records in RAM.
INFO	2020-01-15 01:25:05	MarkDuplicates	Read    18,000,000 records.  Elapsed time: 00:11:28s.  Time for last 1,000,000:   18s.  Last read position: chr6:118,173,321
INFO	2020-01-15 01:25:05	MarkDuplicates	Tracking 716585 as yet unmatched pairs. 17157 records in RAM.
INFO	2020-01-15 01:25:34	MarkDuplicates	Read    19,000,000 records.  Elapsed time: 00:11:57s.  Time for last 1,000,000:   29s.  Last read position: chr7:17,004,754
INFO	2020-01-15 01:25:34	MarkDuplicates	Tracking 734559 as yet unmatched pairs. 65740 records in RAM.
INFO	2020-01-15 01:25:40	MarkDuplicates	Read    20,000,000 records.  Elapsed time: 00:12:04s.  Time for last 1,000,000:    6s.  Last read position: chr7:56,132,392
INFO	2020-01-15 01:25:40	MarkDuplicates	Tracking 747300 as yet unmatched pairs. 47979 records in RAM.
INFO	2020-01-15 01:26:01	MarkDuplicates	Read    21,000,000 records.  Elapsed time: 00:12:24s.  Time for last 1,000,000:   20s.  Last read position: chr7:114,215,595
INFO	2020-01-15 01:26:01	MarkDuplicates	Tracking 760195 as yet unmatched pairs. 22503 records in RAM.
INFO	2020-01-15 01:26:50	MarkDuplicates	Read    22,000,000 records.  Elapsed time: 00:13:14s.  Time for last 1,000,000:   49s.  Last read position: chr8:12,873,858
INFO	2020-01-15 01:26:50	MarkDuplicates	Tracking 767019 as yet unmatched pairs. 64229 records in RAM.
INFO	2020-01-15 01:27:09	MarkDuplicates	Read    23,000,000 records.  Elapsed time: 00:13:32s.  Time for last 1,000,000:   18s.  Last read position: chr8:83,572,881
INFO	2020-01-15 01:27:09	MarkDuplicates	Tracking 776338 as yet unmatched pairs. 31043 records in RAM.
INFO	2020-01-15 01:27:18	MarkDuplicates	Read    24,000,000 records.  Elapsed time: 00:13:42s.  Time for last 1,000,000:    9s.  Last read position: chr8:129,253,164
INFO	2020-01-15 01:27:18	MarkDuplicates	Tracking 781873 as yet unmatched pairs. 289 records in RAM.
INFO	2020-01-15 01:27:50	MarkDuplicates	Read    25,000,000 records.  Elapsed time: 00:14:13s.  Time for last 1,000,000:   31s.  Last read position: chr9:59,809,236
INFO	2020-01-15 01:27:50	MarkDuplicates	Tracking 782204 as yet unmatched pairs. 47012 records in RAM.
INFO	2020-01-15 01:28:41	MarkDuplicates	Read    26,000,000 records.  Elapsed time: 00:15:04s.  Time for last 1,000,000:   51s.  Last read position: chr9:107,657,645
INFO	2020-01-15 01:28:41	MarkDuplicates	Tracking 780193 as yet unmatched pairs. 15246 records in RAM.
INFO	2020-01-15 01:29:13	MarkDuplicates	Read    27,000,000 records.  Elapsed time: 00:15:36s.  Time for last 1,000,000:   31s.  Last read position: chr10:43,533,306
INFO	2020-01-15 01:29:13	MarkDuplicates	Tracking 773441 as yet unmatched pairs. 63010 records in RAM.
INFO	2020-01-15 01:29:59	MarkDuplicates	Read    28,000,000 records.  Elapsed time: 00:16:23s.  Time for last 1,000,000:   46s.  Last read position: chr10:94,563,985
INFO	2020-01-15 01:30:00	MarkDuplicates	Tracking 763600 as yet unmatched pairs. 24562 records in RAM.
INFO	2020-01-15 01:30:53	MarkDuplicates	Read    29,000,000 records.  Elapsed time: 00:17:16s.  Time for last 1,000,000:   53s.  Last read position: chr11:23,885,142
INFO	2020-01-15 01:30:53	MarkDuplicates	Tracking 750956 as yet unmatched pairs. 106079 records in RAM.
INFO	2020-01-15 01:31:12	MarkDuplicates	Read    30,000,000 records.  Elapsed time: 00:17:35s.  Time for last 1,000,000:   18s.  Last read position: chr11:65,343,928
INFO	2020-01-15 01:31:12	MarkDuplicates	Tracking 739163 as yet unmatched pairs. 73913 records in RAM.
INFO	2020-01-15 01:31:23	MarkDuplicates	Read    31,000,000 records.  Elapsed time: 00:17:46s.  Time for last 1,000,000:   11s.  Last read position: chr11:84,338,228
INFO	2020-01-15 01:31:23	MarkDuplicates	Tracking 728837 as yet unmatched pairs. 50994 records in RAM.
INFO	2020-01-15 01:31:39	MarkDuplicates	Read    32,000,000 records.  Elapsed time: 00:18:02s.  Time for last 1,000,000:   15s.  Last read position: chr11:102,437,384
INFO	2020-01-15 01:31:39	MarkDuplicates	Tracking 718351 as yet unmatched pairs. 25442 records in RAM.
INFO	2020-01-15 01:32:06	MarkDuplicates	Read    33,000,000 records.  Elapsed time: 00:18:29s.  Time for last 1,000,000:   27s.  Last read position: chr12:19,199,095
INFO	2020-01-15 01:32:06	MarkDuplicates	Tracking 702946 as yet unmatched pairs. 75895 records in RAM.
INFO	2020-01-15 01:32:32	MarkDuplicates	Read    34,000,000 records.  Elapsed time: 00:18:55s.  Time for last 1,000,000:   25s.  Last read position: chr12:86,349,012
INFO	2020-01-15 01:32:32	MarkDuplicates	Tracking 680451 as yet unmatched pairs. 26034 records in RAM.
INFO	2020-01-15 01:32:58	MarkDuplicates	Read    35,000,000 records.  Elapsed time: 00:19:21s.  Time for last 1,000,000:   26s.  Last read position: chr13:33,196,412
INFO	2020-01-15 01:32:58	MarkDuplicates	Tracking 654498 as yet unmatched pairs. 82033 records in RAM.
INFO	2020-01-15 01:33:09	MarkDuplicates	Read    36,000,000 records.  Elapsed time: 00:19:32s.  Time for last 1,000,000:   11s.  Last read position: chr13:96,420,796
INFO	2020-01-15 01:33:09	MarkDuplicates	Tracking 614196 as yet unmatched pairs. 22399 records in RAM.
INFO	2020-01-15 01:33:41	MarkDuplicates	Read    37,000,000 records.  Elapsed time: 00:20:05s.  Time for last 1,000,000:   32s.  Last read position: chr14:48,472,561
INFO	2020-01-15 01:33:41	MarkDuplicates	Tracking 579936 as yet unmatched pairs. 57353 records in RAM.
INFO	2020-01-15 01:33:54	MarkDuplicates	Read    38,000,000 records.  Elapsed time: 00:20:18s.  Time for last 1,000,000:   12s.  Last read position: chr14:123,974,191
INFO	2020-01-15 01:33:54	MarkDuplicates	Tracking 539389 as yet unmatched pairs. 604 records in RAM.
INFO	2020-01-15 01:34:27	MarkDuplicates	Read    39,000,000 records.  Elapsed time: 00:20:51s.  Time for last 1,000,000:   33s.  Last read position: chr15:80,336,761
INFO	2020-01-15 01:34:27	MarkDuplicates	Tracking 495288 as yet unmatched pairs. 31318 records in RAM.
INFO	2020-01-15 01:36:15	MarkDuplicates	Read    40,000,000 records.  Elapsed time: 00:22:38s.  Time for last 1,000,000:  107s.  Last read position: chr16:18,624,297
INFO	2020-01-15 01:36:15	MarkDuplicates	Tracking 455528 as yet unmatched pairs. 77304 records in RAM.
INFO	2020-01-15 01:36:20	MarkDuplicates	Read    41,000,000 records.  Elapsed time: 00:22:44s.  Time for last 1,000,000:    5s.  Last read position: chr16:89,833,219
INFO	2020-01-15 01:36:20	MarkDuplicates	Tracking 401767 as yet unmatched pairs. 11999 records in RAM.
INFO	2020-01-15 01:36:42	MarkDuplicates	Read    42,000,000 records.  Elapsed time: 00:23:06s.  Time for last 1,000,000:   21s.  Last read position: chr17:34,117,198
INFO	2020-01-15 01:36:42	MarkDuplicates	Tracking 362306 as yet unmatched pairs. 72594 records in RAM.
INFO	2020-01-15 01:36:54	MarkDuplicates	Read    43,000,000 records.  Elapsed time: 00:23:17s.  Time for last 1,000,000:   11s.  Last read position: chr17:78,491,577
INFO	2020-01-15 01:36:54	MarkDuplicates	Tracking 315942 as yet unmatched pairs. 19889 records in RAM.
INFO	2020-01-15 01:37:17	MarkDuplicates	Read    44,000,000 records.  Elapsed time: 00:23:40s.  Time for last 1,000,000:   23s.  Last read position: chr18:43,998,825
INFO	2020-01-15 01:37:17	MarkDuplicates	Tracking 259454 as yet unmatched pairs. 43951 records in RAM.
INFO	2020-01-15 01:37:34	MarkDuplicates	Read    45,000,000 records.  Elapsed time: 00:23:57s.  Time for last 1,000,000:   16s.  Last read position: chr19:10,264,877
INFO	2020-01-15 01:37:34	MarkDuplicates	Tracking 207394 as yet unmatched pairs. 61843 records in RAM.
INFO	2020-01-15 01:37:53	MarkDuplicates	Read    46,000,000 records.  Elapsed time: 00:24:16s.  Time for last 1,000,000:   19s.  Last read position: chr19:61,326,519
INFO	2020-01-15 01:37:53	MarkDuplicates	Tracking 149056 as yet unmatched pairs. 72 records in RAM.
INFO	2020-01-15 01:38:18	MarkDuplicates	Read    47,000,000 records.  Elapsed time: 00:24:41s.  Time for last 1,000,000:   24s.  Last read position: chrX:115,537,750
INFO	2020-01-15 01:38:18	MarkDuplicates	Tracking 58451 as yet unmatched pairs. 45007 records in RAM.
INFO	2020-01-15 01:38:24	MarkDuplicates	Read 47581550 records. 0 pairs never matched.
INFO	2020-01-15 01:40:04	MarkDuplicates	After buildSortedReadEndLists freeMemory: 10936078760; totalMemory: 16802381824; maxMemory: 28631367680
INFO	2020-01-15 01:40:04	MarkDuplicates	Will retain up to 894730240 duplicate indices before spilling to disk.
INFO	2020-01-15 01:40:07	MarkDuplicates	Traversing read pair information and detecting duplicates.
INFO	2020-01-15 01:43:19	MarkDuplicates	Traversing fragment information and detecting duplicates.
INFO	2020-01-15 01:43:22	MarkDuplicates	Sorting list of duplicate records.
INFO	2020-01-15 01:43:24	MarkDuplicates	After generateDuplicateIndexes freeMemory: 20381960032; totalMemory: 27681882112; maxMemory: 28631367680
INFO	2020-01-15 01:43:24	MarkDuplicates	Marking 17456679 records as duplicates.
INFO	2020-01-15 01:43:24	MarkDuplicates	Found 266050 optical duplicate clusters.
INFO	2020-01-15 01:43:24	MarkDuplicates	Reads are assumed to be ordered by: coordinate
INFO	2020-01-15 01:47:01	MarkDuplicates	Written    10,000,000 records.  Elapsed time: 00:03:37s.  Time for last 10,000,000:  217s.  Last read position: chr4:3,593,423
INFO	2020-01-15 01:53:31	MarkDuplicates	Written    20,000,000 records.  Elapsed time: 00:10:07s.  Time for last 10,000,000:  390s.  Last read position: chr7:56,132,392
INFO	2020-01-15 01:56:30	MarkDuplicates	Written    30,000,000 records.  Elapsed time: 00:13:05s.  Time for last 10,000,000:  178s.  Last read position: chr11:65,343,928
INFO	2020-01-15 02:00:16	MarkDuplicates	Written    40,000,000 records.  Elapsed time: 00:16:52s.  Time for last 10,000,000:  226s.  Last read position: chr16:18,624,297
INFO	2020-01-15 02:03:37	MarkDuplicates	Writing complete. Closing input iterator.
INFO	2020-01-15 02:03:37	MarkDuplicates	Duplicate Index cleanup.
INFO	2020-01-15 02:03:37	MarkDuplicates	Getting Memory Stats.
INFO	2020-01-15 02:03:37	MarkDuplicates	Before output close freeMemory: 27243356704; totalMemory: 27449622528; maxMemory: 28631367680
INFO	2020-01-15 02:03:37	MarkDuplicates	Closed outputs. Getting more Memory Stats.
INFO	2020-01-15 02:03:38	MarkDuplicates	After output close freeMemory: 27541676576; totalMemory: 27747942400; maxMemory: 28631367680
[Wed Jan 15 02:03:38 UTC 2020] picard.sam.markduplicates.MarkDuplicates done. Elapsed time: 50.28 minutes.
Runtime.totalMemory()=27747942400
