INFO	2020-01-26 05:31:29	MarkDuplicates	

********** NOTE: Picard's command line syntax is changing.
**********
********** For more information, please see:
********** https://github.com/broadinstitute/picard/wiki/Command-Line-Syntax-Transition-For-Users-(Pre-Transition)
**********
********** The command line looks like this in the new syntax:
**********
**********    MarkDuplicates -I /scratch/gregg_thomas/Murinae-seq/03B-MappedMouse/Pseudomys-apodemoides/Pseudomys-apodemoides.sorted.bam -O /scratch/gregg_thomas/Murinae-seq/03B-MappedMouse/Pseudomys-apodemoides/Pseudomys-apodemoides.sorted.mkdup.bam -M /scratch/gregg_thomas/Murinae-seq/03B-MappedMouse/Pseudomys-apodemoides/Pseudomys-apodemoides-mkdup-metrics.txt
**********


05:31:30.197 INFO  NativeLibraryLoader - Loading libgkl_compression.so from jar:file:/home/gregg_thomas/bin/picard.jar!/com/intel/gkl/native/libgkl_compression.so
[Sun Jan 26 05:31:30 UTC 2020] MarkDuplicates INPUT=[/scratch/gregg_thomas/Murinae-seq/03B-MappedMouse/Pseudomys-apodemoides/Pseudomys-apodemoides.sorted.bam] OUTPUT=/scratch/gregg_thomas/Murinae-seq/03B-MappedMouse/Pseudomys-apodemoides/Pseudomys-apodemoides.sorted.mkdup.bam METRICS_FILE=/scratch/gregg_thomas/Murinae-seq/03B-MappedMouse/Pseudomys-apodemoides/Pseudomys-apodemoides-mkdup-metrics.txt    MAX_SEQUENCES_FOR_DISK_READ_ENDS_MAP=50000 MAX_FILE_HANDLES_FOR_READ_ENDS_MAP=8000 SORTING_COLLECTION_SIZE_RATIO=0.25 TAG_DUPLICATE_SET_MEMBERS=false REMOVE_SEQUENCING_DUPLICATES=false TAGGING_POLICY=DontTag CLEAR_DT=true DUPLEX_UMI=false ADD_PG_TAG_TO_READS=true REMOVE_DUPLICATES=false ASSUME_SORTED=false DUPLICATE_SCORING_STRATEGY=SUM_OF_BASE_QUALITIES PROGRAM_RECORD_ID=MarkDuplicates PROGRAM_GROUP_NAME=MarkDuplicates READ_NAME_REGEX=<optimized capture of last three ':' separated fields as numeric values> OPTICAL_DUPLICATE_PIXEL_DISTANCE=100 MAX_OPTICAL_DUPLICATE_SET_SIZE=300000 VERBOSITY=INFO QUIET=false VALIDATION_STRINGENCY=STRICT COMPRESSION_LEVEL=5 MAX_RECORDS_IN_RAM=500000 CREATE_INDEX=false CREATE_MD5_FILE=false GA4GH_CLIENT_SECRETS=client_secrets.json USE_JDK_DEFLATER=false USE_JDK_INFLATER=false
[Sun Jan 26 05:31:30 UTC 2020] Executing as gregg_thomas@ecae4883a231 on Linux 4.4.0-104-generic amd64; Java HotSpot(TM) 64-Bit Server VM 1.8.0_221-b11; Deflater: Intel; Inflater: Intel; Provider GCS is not available; Picard version: 2.20.6-SNAPSHOT
INFO	2020-01-26 05:31:30	MarkDuplicates	Start of doWork freeMemory: 2037676216; totalMemory: 2058354688; maxMemory: 28631367680
INFO	2020-01-26 05:31:30	MarkDuplicates	Reading input file and constructing read end information.
INFO	2020-01-26 05:31:30	MarkDuplicates	Will retain up to 103736839 data points before spilling to disk.
INFO	2020-01-26 05:31:58	MarkDuplicates	Read     1,000,000 records.  Elapsed time: 00:00:24s.  Time for last 1,000,000:   24s.  Last read position: chr1:71,597,779
INFO	2020-01-26 05:31:58	MarkDuplicates	Tracking 68497 as yet unmatched pairs. 3018 records in RAM.
INFO	2020-01-26 05:32:13	MarkDuplicates	Read     2,000,000 records.  Elapsed time: 00:00:39s.  Time for last 1,000,000:   15s.  Last read position: chr1:136,147,806
INFO	2020-01-26 05:32:13	MarkDuplicates	Tracking 127490 as yet unmatched pairs. 3102 records in RAM.
INFO	2020-01-26 05:32:40	MarkDuplicates	Read     3,000,000 records.  Elapsed time: 00:01:06s.  Time for last 1,000,000:   26s.  Last read position: chr2:4,565,901
INFO	2020-01-26 05:32:40	MarkDuplicates	Tracking 182826 as yet unmatched pairs. 14232 records in RAM.
INFO	2020-01-26 05:32:56	MarkDuplicates	Read     4,000,000 records.  Elapsed time: 00:01:23s.  Time for last 1,000,000:   16s.  Last read position: chr2:51,149,038
INFO	2020-01-26 05:32:56	MarkDuplicates	Tracking 227452 as yet unmatched pairs. 13286 records in RAM.
INFO	2020-01-26 05:33:03	MarkDuplicates	Read     5,000,000 records.  Elapsed time: 00:01:29s.  Time for last 1,000,000:    6s.  Last read position: chr2:102,795,581
INFO	2020-01-26 05:33:03	MarkDuplicates	Tracking 267630 as yet unmatched pairs. 10501 records in RAM.
INFO	2020-01-26 05:33:11	MarkDuplicates	Read     6,000,000 records.  Elapsed time: 00:01:37s.  Time for last 1,000,000:    7s.  Last read position: chr2:145,923,259
INFO	2020-01-26 05:33:11	MarkDuplicates	Tracking 305835 as yet unmatched pairs. 5931 records in RAM.
INFO	2020-01-26 05:33:22	MarkDuplicates	Read     7,000,000 records.  Elapsed time: 00:01:49s.  Time for last 1,000,000:   11s.  Last read position: chr3:13,776,824
INFO	2020-01-26 05:33:22	MarkDuplicates	Tracking 345988 as yet unmatched pairs. 20183 records in RAM.
INFO	2020-01-26 05:33:51	MarkDuplicates	Read     8,000,000 records.  Elapsed time: 00:02:17s.  Time for last 1,000,000:   28s.  Last read position: chr3:90,248,218
INFO	2020-01-26 05:33:51	MarkDuplicates	Tracking 392931 as yet unmatched pairs. 12185 records in RAM.
INFO	2020-01-26 05:33:55	MarkDuplicates	Read     9,000,000 records.  Elapsed time: 00:02:22s.  Time for last 1,000,000:    4s.  Last read position: chr3:142,543,940
INFO	2020-01-26 05:33:55	MarkDuplicates	Tracking 428326 as yet unmatched pairs. 2997 records in RAM.
INFO	2020-01-26 05:34:30	MarkDuplicates	Read    10,000,000 records.  Elapsed time: 00:02:56s.  Time for last 1,000,000:   34s.  Last read position: chr4:57,855,210
INFO	2020-01-26 05:34:30	MarkDuplicates	Tracking 468499 as yet unmatched pairs. 24889 records in RAM.
INFO	2020-01-26 05:34:40	MarkDuplicates	Read    11,000,000 records.  Elapsed time: 00:03:06s.  Time for last 1,000,000:   10s.  Last read position: chr4:120,877,779
INFO	2020-01-26 05:34:40	MarkDuplicates	Tracking 500531 as yet unmatched pairs. 13458 records in RAM.
INFO	2020-01-26 05:34:47	MarkDuplicates	Read    12,000,000 records.  Elapsed time: 00:03:13s.  Time for last 1,000,000:    6s.  Last read position: chr4:151,891,658
INFO	2020-01-26 05:34:47	MarkDuplicates	Tracking 526847 as yet unmatched pairs. 1603 records in RAM.
INFO	2020-01-26 05:35:00	MarkDuplicates	Read    13,000,000 records.  Elapsed time: 00:03:27s.  Time for last 1,000,000:   13s.  Last read position: chr5:37,378,184
INFO	2020-01-26 05:35:00	MarkDuplicates	Tracking 550100 as yet unmatched pairs. 37813 records in RAM.
INFO	2020-01-26 05:35:24	MarkDuplicates	Read    14,000,000 records.  Elapsed time: 00:03:50s.  Time for last 1,000,000:   23s.  Last read position: chr5:110,341,912
INFO	2020-01-26 05:35:24	MarkDuplicates	Tracking 578488 as yet unmatched pairs. 20929 records in RAM.
INFO	2020-01-26 05:35:31	MarkDuplicates	Read    15,000,000 records.  Elapsed time: 00:03:58s.  Time for last 1,000,000:    7s.  Last read position: chr5:143,316,709
INFO	2020-01-26 05:35:31	MarkDuplicates	Tracking 599453 as yet unmatched pairs. 4850 records in RAM.
INFO	2020-01-26 05:35:45	MarkDuplicates	Read    16,000,000 records.  Elapsed time: 00:04:12s.  Time for last 1,000,000:   14s.  Last read position: chr6:54,620,355
INFO	2020-01-26 05:35:45	MarkDuplicates	Tracking 620797 as yet unmatched pairs. 33928 records in RAM.
INFO	2020-01-26 05:36:31	MarkDuplicates	Read    17,000,000 records.  Elapsed time: 00:04:58s.  Time for last 1,000,000:   46s.  Last read position: chr6:120,766,542
INFO	2020-01-26 05:36:31	MarkDuplicates	Tracking 637608 as yet unmatched pairs. 11792 records in RAM.
INFO	2020-01-26 05:36:51	MarkDuplicates	Read    18,000,000 records.  Elapsed time: 00:05:17s.  Time for last 1,000,000:   19s.  Last read position: chr7:26,672,976
INFO	2020-01-26 05:36:51	MarkDuplicates	Tracking 653148 as yet unmatched pairs. 50238 records in RAM.
INFO	2020-01-26 05:36:57	MarkDuplicates	Read    19,000,000 records.  Elapsed time: 00:05:23s.  Time for last 1,000,000:    5s.  Last read position: chr7:80,616,851
INFO	2020-01-26 05:36:57	MarkDuplicates	Tracking 664045 as yet unmatched pairs. 30357 records in RAM.
INFO	2020-01-26 05:37:15	MarkDuplicates	Read    20,000,000 records.  Elapsed time: 00:05:41s.  Time for last 1,000,000:   18s.  Last read position: chr7:126,995,849
INFO	2020-01-26 05:37:15	MarkDuplicates	Tracking 670966 as yet unmatched pairs. 9602 records in RAM.
INFO	2020-01-26 05:37:43	MarkDuplicates	Read    21,000,000 records.  Elapsed time: 00:06:09s.  Time for last 1,000,000:   27s.  Last read position: chr8:36,277,499
INFO	2020-01-26 05:37:43	MarkDuplicates	Tracking 678264 as yet unmatched pairs. 46572 records in RAM.
INFO	2020-01-26 05:38:03	MarkDuplicates	Read    22,000,000 records.  Elapsed time: 00:06:30s.  Time for last 1,000,000:   20s.  Last read position: chr8:104,524,208
INFO	2020-01-26 05:38:03	MarkDuplicates	Tracking 684946 as yet unmatched pairs. 16592 records in RAM.
INFO	2020-01-26 05:38:48	MarkDuplicates	Read    23,000,000 records.  Elapsed time: 00:07:15s.  Time for last 1,000,000:   45s.  Last read position: chr9:35,204,533
INFO	2020-01-26 05:38:48	MarkDuplicates	Tracking 687527 as yet unmatched pairs. 53076 records in RAM.
INFO	2020-01-26 05:39:17	MarkDuplicates	Read    24,000,000 records.  Elapsed time: 00:07:43s.  Time for last 1,000,000:   28s.  Last read position: chr9:79,820,306
INFO	2020-01-26 05:39:17	MarkDuplicates	Tracking 686992 as yet unmatched pairs. 26825 records in RAM.
INFO	2020-01-26 05:40:02	MarkDuplicates	Read    25,000,000 records.  Elapsed time: 00:08:28s.  Time for last 1,000,000:   45s.  Last read position: chr10:8,355,060
INFO	2020-01-26 05:40:02	MarkDuplicates	Tracking 683724 as yet unmatched pairs. 74587 records in RAM.
INFO	2020-01-26 05:40:59	MarkDuplicates	Read    26,000,000 records.  Elapsed time: 00:09:25s.  Time for last 1,000,000:   57s.  Last read position: chr10:77,984,706
INFO	2020-01-26 05:40:59	MarkDuplicates	Tracking 677633 as yet unmatched pairs. 35810 records in RAM.
INFO	2020-01-26 05:41:33	MarkDuplicates	Read    27,000,000 records.  Elapsed time: 00:10:00s.  Time for last 1,000,000:   34s.  Last read position: chr10:128,396,972
INFO	2020-01-26 05:41:33	MarkDuplicates	Tracking 668399 as yet unmatched pairs. 2087 records in RAM.
INFO	2020-01-26 05:42:19	MarkDuplicates	Read    28,000,000 records.  Elapsed time: 00:10:46s.  Time for last 1,000,000:   46s.  Last read position: chr11:54,101,349
INFO	2020-01-26 05:42:19	MarkDuplicates	Tracking 658265 as yet unmatched pairs. 65757 records in RAM.
INFO	2020-01-26 05:43:58	MarkDuplicates	Read    29,000,000 records.  Elapsed time: 00:12:24s.  Time for last 1,000,000:   98s.  Last read position: chr11:78,287,676
INFO	2020-01-26 05:43:58	MarkDuplicates	Tracking 649672 as yet unmatched pairs. 44173 records in RAM.
INFO	2020-01-26 05:44:05	MarkDuplicates	Read    30,000,000 records.  Elapsed time: 00:12:31s.  Time for last 1,000,000:    7s.  Last read position: chr11:102,908,236
INFO	2020-01-26 05:44:05	MarkDuplicates	Tracking 638533 as yet unmatched pairs. 18921 records in RAM.
INFO	2020-01-26 05:44:26	MarkDuplicates	Read    31,000,000 records.  Elapsed time: 00:12:52s.  Time for last 1,000,000:   20s.  Last read position: chr12:32,778,168
INFO	2020-01-26 05:44:26	MarkDuplicates	Tracking 623618 as yet unmatched pairs. 57813 records in RAM.
INFO	2020-01-26 05:44:35	MarkDuplicates	Read    32,000,000 records.  Elapsed time: 00:13:01s.  Time for last 1,000,000:    8s.  Last read position: chr12:108,160,311
INFO	2020-01-26 05:44:35	MarkDuplicates	Tracking 598918 as yet unmatched pairs. 9687 records in RAM.
INFO	2020-01-26 05:45:13	MarkDuplicates	Read    33,000,000 records.  Elapsed time: 00:13:40s.  Time for last 1,000,000:   38s.  Last read position: chr13:56,772,908
INFO	2020-01-26 05:45:13	MarkDuplicates	Tracking 572802 as yet unmatched pairs. 49250 records in RAM.
INFO	2020-01-26 05:45:54	MarkDuplicates	Read    34,000,000 records.  Elapsed time: 00:14:20s.  Time for last 1,000,000:   40s.  Last read position: chr14:19,798,410
INFO	2020-01-26 05:45:54	MarkDuplicates	Tracking 537504 as yet unmatched pairs. 71759 records in RAM.
INFO	2020-01-26 05:48:11	MarkDuplicates	Read    35,000,000 records.  Elapsed time: 00:16:38s.  Time for last 1,000,000:  137s.  Last read position: chr14:65,033,933
INFO	2020-01-26 05:48:11	MarkDuplicates	Tracking 512846 as yet unmatched pairs. 35872 records in RAM.
INFO	2020-01-26 05:49:30	MarkDuplicates	Read    36,000,000 records.  Elapsed time: 00:17:57s.  Time for last 1,000,000:   79s.  Last read position: chr15:44,677,648
INFO	2020-01-26 05:49:30	MarkDuplicates	Tracking 467226 as yet unmatched pairs. 52551 records in RAM.
INFO	2020-01-26 05:49:42	MarkDuplicates	Read    37,000,000 records.  Elapsed time: 00:18:08s.  Time for last 1,000,000:   11s.  Last read position: chr15:98,864,414
INFO	2020-01-26 05:49:42	MarkDuplicates	Tracking 432839 as yet unmatched pairs. 7560 records in RAM.
INFO	2020-01-26 05:51:00	MarkDuplicates	Read    38,000,000 records.  Elapsed time: 00:19:26s.  Time for last 1,000,000:   78s.  Last read position: chr16:37,882,018
INFO	2020-01-26 05:51:00	MarkDuplicates	Tracking 397717 as yet unmatched pairs. 43460 records in RAM.
INFO	2020-01-26 05:52:04	MarkDuplicates	Read    39,000,000 records.  Elapsed time: 00:20:30s.  Time for last 1,000,000:   63s.  Last read position: chr17:23,580,949
INFO	2020-01-26 05:52:04	MarkDuplicates	Tracking 348457 as yet unmatched pairs. 75818 records in RAM.
INFO	2020-01-26 05:52:31	MarkDuplicates	Read    40,000,000 records.  Elapsed time: 00:20:58s.  Time for last 1,000,000:   27s.  Last read position: chr17:56,417,347
INFO	2020-01-26 05:52:31	MarkDuplicates	Tracking 315195 as yet unmatched pairs. 36932 records in RAM.
INFO	2020-01-26 05:53:42	MarkDuplicates	Read    41,000,000 records.  Elapsed time: 00:22:09s.  Time for last 1,000,000:   71s.  Last read position: chr18:34,827,474
INFO	2020-01-26 05:53:42	MarkDuplicates	Tracking 252815 as yet unmatched pairs. 52503 records in RAM.
INFO	2020-01-26 05:55:03	MarkDuplicates	Read    42,000,000 records.  Elapsed time: 00:23:30s.  Time for last 1,000,000:   80s.  Last read position: chr19:4,731,225
INFO	2020-01-26 05:55:03	MarkDuplicates	Tracking 202346 as yet unmatched pairs. 64143 records in RAM.
INFO	2020-01-26 05:55:27	MarkDuplicates	Read    43,000,000 records.  Elapsed time: 00:23:54s.  Time for last 1,000,000:   24s.  Last read position: chr19:45,936,492
INFO	2020-01-26 05:55:27	MarkDuplicates	Tracking 159104 as yet unmatched pairs. 18061 records in RAM.
INFO	2020-01-26 05:56:34	MarkDuplicates	Read    44,000,000 records.  Elapsed time: 00:25:01s.  Time for last 1,000,000:   66s.  Last read position: chrX:75,801,577
INFO	2020-01-26 05:56:34	MarkDuplicates	Tracking 88819 as yet unmatched pairs. 78048 records in RAM.
INFO	2020-01-26 05:59:29	MarkDuplicates	Read 44980688 records. 0 pairs never matched.
INFO	2020-01-26 06:00:37	MarkDuplicates	After buildSortedReadEndLists freeMemory: 11862023736; totalMemory: 17466130432; maxMemory: 28631367680
INFO	2020-01-26 06:00:37	MarkDuplicates	Will retain up to 894730240 duplicate indices before spilling to disk.
INFO	2020-01-26 06:00:39	MarkDuplicates	Traversing read pair information and detecting duplicates.
INFO	2020-01-26 06:03:26	MarkDuplicates	Traversing fragment information and detecting duplicates.
INFO	2020-01-26 06:03:31	MarkDuplicates	Sorting list of duplicate records.
INFO	2020-01-26 06:03:34	MarkDuplicates	After generateDuplicateIndexes freeMemory: 21177396056; totalMemory: 28467789824; maxMemory: 28631367680
INFO	2020-01-26 06:03:34	MarkDuplicates	Marking 9163154 records as duplicates.
INFO	2020-01-26 06:03:34	MarkDuplicates	Found 1870 optical duplicate clusters.
INFO	2020-01-26 06:03:34	MarkDuplicates	Reads are assumed to be ordered by: coordinate
INFO	2020-01-26 06:08:44	MarkDuplicates	Written    10,000,000 records.  Elapsed time: 00:05:10s.  Time for last 10,000,000:  310s.  Last read position: chr4:57,855,210
INFO	2020-01-26 06:14:12	MarkDuplicates	Written    20,000,000 records.  Elapsed time: 00:10:37s.  Time for last 10,000,000:  327s.  Last read position: chr7:126,995,849
INFO	2020-01-26 06:19:21	MarkDuplicates	Written    30,000,000 records.  Elapsed time: 00:15:47s.  Time for last 10,000,000:  309s.  Last read position: chr11:102,908,236
INFO	2020-01-26 06:22:22	MarkDuplicates	Written    40,000,000 records.  Elapsed time: 00:18:47s.  Time for last 10,000,000:  180s.  Last read position: chr17:56,417,347
INFO	2020-01-26 06:23:58	MarkDuplicates	Writing complete. Closing input iterator.
INFO	2020-01-26 06:23:58	MarkDuplicates	Duplicate Index cleanup.
INFO	2020-01-26 06:23:58	MarkDuplicates	Getting Memory Stats.
INFO	2020-01-26 06:23:59	MarkDuplicates	Before output close freeMemory: 28359696184; totalMemory: 28560064512; maxMemory: 28631367680
INFO	2020-01-26 06:23:59	MarkDuplicates	Closed outputs. Getting more Memory Stats.
INFO	2020-01-26 06:23:59	MarkDuplicates	After output close freeMemory: 27952324408; totalMemory: 28152692736; maxMemory: 28631367680
[Sun Jan 26 06:23:59 UTC 2020] picard.sam.markduplicates.MarkDuplicates done. Elapsed time: 52.49 minutes.
Runtime.totalMemory()=28152692736
