INFO	2020-01-26 05:42:33	MarkDuplicates	

********** NOTE: Picard's command line syntax is changing.
**********
********** For more information, please see:
********** https://github.com/broadinstitute/picard/wiki/Command-Line-Syntax-Transition-For-Users-(Pre-Transition)
**********
********** The command line looks like this in the new syntax:
**********
**********    MarkDuplicates -I /scratch/gregg_thomas/Murinae-seq/03B-MappedMouse/Pseudomys-fumeus/Pseudomys-fumeus.sorted.bam -O /scratch/gregg_thomas/Murinae-seq/03B-MappedMouse/Pseudomys-fumeus/Pseudomys-fumeus.sorted.mkdup.bam -M /scratch/gregg_thomas/Murinae-seq/03B-MappedMouse/Pseudomys-fumeus/Pseudomys-fumeus-mkdup-metrics.txt
**********


05:42:34.247 INFO  NativeLibraryLoader - Loading libgkl_compression.so from jar:file:/home/gregg_thomas/bin/picard.jar!/com/intel/gkl/native/libgkl_compression.so
[Sun Jan 26 05:42:34 UTC 2020] MarkDuplicates INPUT=[/scratch/gregg_thomas/Murinae-seq/03B-MappedMouse/Pseudomys-fumeus/Pseudomys-fumeus.sorted.bam] OUTPUT=/scratch/gregg_thomas/Murinae-seq/03B-MappedMouse/Pseudomys-fumeus/Pseudomys-fumeus.sorted.mkdup.bam METRICS_FILE=/scratch/gregg_thomas/Murinae-seq/03B-MappedMouse/Pseudomys-fumeus/Pseudomys-fumeus-mkdup-metrics.txt    MAX_SEQUENCES_FOR_DISK_READ_ENDS_MAP=50000 MAX_FILE_HANDLES_FOR_READ_ENDS_MAP=8000 SORTING_COLLECTION_SIZE_RATIO=0.25 TAG_DUPLICATE_SET_MEMBERS=false REMOVE_SEQUENCING_DUPLICATES=false TAGGING_POLICY=DontTag CLEAR_DT=true DUPLEX_UMI=false ADD_PG_TAG_TO_READS=true REMOVE_DUPLICATES=false ASSUME_SORTED=false DUPLICATE_SCORING_STRATEGY=SUM_OF_BASE_QUALITIES PROGRAM_RECORD_ID=MarkDuplicates PROGRAM_GROUP_NAME=MarkDuplicates READ_NAME_REGEX=<optimized capture of last three ':' separated fields as numeric values> OPTICAL_DUPLICATE_PIXEL_DISTANCE=100 MAX_OPTICAL_DUPLICATE_SET_SIZE=300000 VERBOSITY=INFO QUIET=false VALIDATION_STRINGENCY=STRICT COMPRESSION_LEVEL=5 MAX_RECORDS_IN_RAM=500000 CREATE_INDEX=false CREATE_MD5_FILE=false GA4GH_CLIENT_SECRETS=client_secrets.json USE_JDK_DEFLATER=false USE_JDK_INFLATER=false
[Sun Jan 26 05:42:34 UTC 2020] Executing as gregg_thomas@ecae4883a231 on Linux 4.4.0-104-generic amd64; Java HotSpot(TM) 64-Bit Server VM 1.8.0_221-b11; Deflater: Intel; Inflater: Intel; Provider GCS is not available; Picard version: 2.20.6-SNAPSHOT
INFO	2020-01-26 05:42:35	MarkDuplicates	Start of doWork freeMemory: 2037676320; totalMemory: 2058354688; maxMemory: 28631367680
INFO	2020-01-26 05:42:35	MarkDuplicates	Reading input file and constructing read end information.
INFO	2020-01-26 05:42:35	MarkDuplicates	Will retain up to 103736839 data points before spilling to disk.
INFO	2020-01-26 05:43:37	MarkDuplicates	Read     1,000,000 records.  Elapsed time: 00:00:49s.  Time for last 1,000,000:   49s.  Last read position: chr1:58,376,151
INFO	2020-01-26 05:43:37	MarkDuplicates	Tracking 70800 as yet unmatched pairs. 3465 records in RAM.
INFO	2020-01-26 05:44:16	MarkDuplicates	Read     2,000,000 records.  Elapsed time: 00:01:28s.  Time for last 1,000,000:   38s.  Last read position: chr1:96,184,336
INFO	2020-01-26 05:44:16	MarkDuplicates	Tracking 118950 as yet unmatched pairs. 4453 records in RAM.
INFO	2020-01-26 05:44:47	MarkDuplicates	Read     3,000,000 records.  Elapsed time: 00:01:58s.  Time for last 1,000,000:   30s.  Last read position: chr1:153,875,395
INFO	2020-01-26 05:44:47	MarkDuplicates	Tracking 180267 as yet unmatched pairs. 3138 records in RAM.
INFO	2020-01-26 05:45:41	MarkDuplicates	Read     4,000,000 records.  Elapsed time: 00:02:52s.  Time for last 1,000,000:   54s.  Last read position: chr1:195,141,169
INFO	2020-01-26 05:45:41	MarkDuplicates	Tracking 230941 as yet unmatched pairs. 146 records in RAM.
INFO	2020-01-26 05:46:28	MarkDuplicates	Read     5,000,000 records.  Elapsed time: 00:03:39s.  Time for last 1,000,000:   47s.  Last read position: chr2:32,749,255
INFO	2020-01-26 05:46:28	MarkDuplicates	Tracking 273394 as yet unmatched pairs. 17785 records in RAM.
INFO	2020-01-26 05:46:56	MarkDuplicates	Read     6,000,000 records.  Elapsed time: 00:04:08s.  Time for last 1,000,000:   28s.  Last read position: chr2:72,936,701
INFO	2020-01-26 05:46:56	MarkDuplicates	Tracking 314534 as yet unmatched pairs. 15718 records in RAM.
INFO	2020-01-26 05:47:40	MarkDuplicates	Read     7,000,000 records.  Elapsed time: 00:04:52s.  Time for last 1,000,000:   43s.  Last read position: chr2:112,262,298
INFO	2020-01-26 05:47:40	MarkDuplicates	Tracking 351220 as yet unmatched pairs. 12248 records in RAM.
INFO	2020-01-26 05:48:23	MarkDuplicates	Read     8,000,000 records.  Elapsed time: 00:05:34s.  Time for last 1,000,000:   42s.  Last read position: chr2:137,084,865
INFO	2020-01-26 05:48:23	MarkDuplicates	Tracking 383143 as yet unmatched pairs. 8690 records in RAM.
INFO	2020-01-26 05:48:30	MarkDuplicates	Read     9,000,000 records.  Elapsed time: 00:05:42s.  Time for last 1,000,000:    7s.  Last read position: chr2:167,611,656
INFO	2020-01-26 05:48:30	MarkDuplicates	Tracking 419161 as yet unmatched pairs. 3001 records in RAM.
INFO	2020-01-26 05:49:31	MarkDuplicates	Read    10,000,000 records.  Elapsed time: 00:06:43s.  Time for last 1,000,000:   61s.  Last read position: chr3:41,734,278
INFO	2020-01-26 05:49:31	MarkDuplicates	Tracking 464636 as yet unmatched pairs. 22954 records in RAM.
INFO	2020-01-26 05:49:50	MarkDuplicates	Read    11,000,000 records.  Elapsed time: 00:07:02s.  Time for last 1,000,000:   19s.  Last read position: chr3:93,692,359
INFO	2020-01-26 05:49:50	MarkDuplicates	Tracking 504729 as yet unmatched pairs. 14730 records in RAM.
INFO	2020-01-26 05:50:01	MarkDuplicates	Read    12,000,000 records.  Elapsed time: 00:07:13s.  Time for last 1,000,000:   10s.  Last read position: chr3:126,962,388
INFO	2020-01-26 05:50:01	MarkDuplicates	Tracking 535232 as yet unmatched pairs. 7130 records in RAM.
INFO	2020-01-26 05:50:59	MarkDuplicates	Read    13,000,000 records.  Elapsed time: 00:08:11s.  Time for last 1,000,000:   57s.  Last read position: chr4:32,968,002
INFO	2020-01-26 05:50:59	MarkDuplicates	Tracking 577266 as yet unmatched pairs. 38778 records in RAM.
INFO	2020-01-26 05:51:17	MarkDuplicates	Read    14,000,000 records.  Elapsed time: 00:08:28s.  Time for last 1,000,000:   17s.  Last read position: chr4:84,448,134
INFO	2020-01-26 05:51:17	MarkDuplicates	Tracking 611715 as yet unmatched pairs. 28071 records in RAM.
INFO	2020-01-26 05:51:39	MarkDuplicates	Read    15,000,000 records.  Elapsed time: 00:08:51s.  Time for last 1,000,000:   22s.  Last read position: chr4:122,951,828
INFO	2020-01-26 05:51:39	MarkDuplicates	Tracking 639339 as yet unmatched pairs. 17136 records in RAM.
INFO	2020-01-26 05:51:45	MarkDuplicates	Read    16,000,000 records.  Elapsed time: 00:08:57s.  Time for last 1,000,000:    6s.  Last read position: chr4:144,160,291
INFO	2020-01-26 05:51:45	MarkDuplicates	Tracking 665540 as yet unmatched pairs. 6142 records in RAM.
INFO	2020-01-26 05:52:35	MarkDuplicates	Read    17,000,000 records.  Elapsed time: 00:09:46s.  Time for last 1,000,000:   49s.  Last read position: chr5:25,320,208
INFO	2020-01-26 05:52:35	MarkDuplicates	Tracking 688752 as yet unmatched pairs. 51968 records in RAM.
INFO	2020-01-26 05:52:42	MarkDuplicates	Read    18,000,000 records.  Elapsed time: 00:09:54s.  Time for last 1,000,000:    7s.  Last read position: chr5:71,014,744
INFO	2020-01-26 05:52:42	MarkDuplicates	Tracking 714359 as yet unmatched pairs. 38380 records in RAM.
INFO	2020-01-26 05:52:50	MarkDuplicates	Read    19,000,000 records.  Elapsed time: 00:10:02s.  Time for last 1,000,000:    7s.  Last read position: chr5:113,759,714
INFO	2020-01-26 05:52:50	MarkDuplicates	Tracking 739240 as yet unmatched pairs. 23656 records in RAM.
INFO	2020-01-26 05:53:07	MarkDuplicates	Read    20,000,000 records.  Elapsed time: 00:10:19s.  Time for last 1,000,000:   17s.  Last read position: chr5:142,453,542
INFO	2020-01-26 05:53:07	MarkDuplicates	Tracking 762119 as yet unmatched pairs. 6870 records in RAM.
INFO	2020-01-26 05:53:25	MarkDuplicates	Read    21,000,000 records.  Elapsed time: 00:10:37s.  Time for last 1,000,000:   18s.  Last read position: chr6:38,502,252
INFO	2020-01-26 05:53:25	MarkDuplicates	Tracking 783127 as yet unmatched pairs. 48184 records in RAM.
INFO	2020-01-26 05:53:32	MarkDuplicates	Read    22,000,000 records.  Elapsed time: 00:10:44s.  Time for last 1,000,000:    6s.  Last read position: chr6:87,958,232
INFO	2020-01-26 05:53:32	MarkDuplicates	Tracking 799644 as yet unmatched pairs. 29089 records in RAM.
INFO	2020-01-26 05:53:52	MarkDuplicates	Read    23,000,000 records.  Elapsed time: 00:11:04s.  Time for last 1,000,000:   20s.  Last read position: chr6:128,983,474
INFO	2020-01-26 05:53:52	MarkDuplicates	Tracking 814657 as yet unmatched pairs. 10559 records in RAM.
INFO	2020-01-26 05:54:09	MarkDuplicates	Read    24,000,000 records.  Elapsed time: 00:11:21s.  Time for last 1,000,000:   16s.  Last read position: chr7:25,722,927
INFO	2020-01-26 05:54:09	MarkDuplicates	Tracking 828658 as yet unmatched pairs. 64717 records in RAM.
INFO	2020-01-26 05:54:20	MarkDuplicates	Read    25,000,000 records.  Elapsed time: 00:11:32s.  Time for last 1,000,000:   10s.  Last read position: chr7:61,273,226
INFO	2020-01-26 05:54:20	MarkDuplicates	Tracking 839796 as yet unmatched pairs. 47536 records in RAM.
INFO	2020-01-26 05:55:07	MarkDuplicates	Read    26,000,000 records.  Elapsed time: 00:12:19s.  Time for last 1,000,000:   47s.  Last read position: chr7:107,547,536
INFO	2020-01-26 05:55:07	MarkDuplicates	Tracking 849584 as yet unmatched pairs. 25020 records in RAM.
INFO	2020-01-26 05:55:16	MarkDuplicates	Read    27,000,000 records.  Elapsed time: 00:12:27s.  Time for last 1,000,000:    8s.  Last read position: chr7:137,206,107
INFO	2020-01-26 05:55:16	MarkDuplicates	Tracking 855914 as yet unmatched pairs. 5237 records in RAM.
INFO	2020-01-26 05:55:30	MarkDuplicates	Read    28,000,000 records.  Elapsed time: 00:12:42s.  Time for last 1,000,000:   14s.  Last read position: chr8:40,380,738
INFO	2020-01-26 05:55:30	MarkDuplicates	Tracking 862240 as yet unmatched pairs. 57754 records in RAM.
INFO	2020-01-26 05:55:39	MarkDuplicates	Read    29,000,000 records.  Elapsed time: 00:12:51s.  Time for last 1,000,000:    9s.  Last read position: chr8:88,246,545
INFO	2020-01-26 05:55:39	MarkDuplicates	Tracking 868469 as yet unmatched pairs. 29550 records in RAM.
INFO	2020-01-26 05:55:45	MarkDuplicates	Read    30,000,000 records.  Elapsed time: 00:12:57s.  Time for last 1,000,000:    6s.  Last read position: chr8:125,492,179
INFO	2020-01-26 05:55:45	MarkDuplicates	Tracking 871797 as yet unmatched pairs. 2691 records in RAM.
INFO	2020-01-26 05:56:05	MarkDuplicates	Read    31,000,000 records.  Elapsed time: 00:13:17s.  Time for last 1,000,000:   19s.  Last read position: chr9:48,846,977
INFO	2020-01-26 05:56:05	MarkDuplicates	Tracking 873048 as yet unmatched pairs. 59051 records in RAM.
INFO	2020-01-26 05:56:29	MarkDuplicates	Read    32,000,000 records.  Elapsed time: 00:13:40s.  Time for last 1,000,000:   23s.  Last read position: chr9:82,846,315
INFO	2020-01-26 05:56:29	MarkDuplicates	Tracking 872484 as yet unmatched pairs. 32549 records in RAM.
INFO	2020-01-26 05:56:35	MarkDuplicates	Read    33,000,000 records.  Elapsed time: 00:13:47s.  Time for last 1,000,000:    6s.  Last read position: chr9:119,264,827
INFO	2020-01-26 05:56:35	MarkDuplicates	Tracking 869396 as yet unmatched pairs. 4852 records in RAM.
INFO	2020-01-26 05:56:52	MarkDuplicates	Read    34,000,000 records.  Elapsed time: 00:14:03s.  Time for last 1,000,000:   16s.  Last read position: chr10:50,637,836
INFO	2020-01-26 05:56:52	MarkDuplicates	Tracking 863737 as yet unmatched pairs. 67765 records in RAM.
INFO	2020-01-26 05:57:09	MarkDuplicates	Read    35,000,000 records.  Elapsed time: 00:14:21s.  Time for last 1,000,000:   17s.  Last read position: chr10:86,833,935
INFO	2020-01-26 05:57:09	MarkDuplicates	Tracking 856131 as yet unmatched pairs. 35867 records in RAM.
INFO	2020-01-26 05:57:35	MarkDuplicates	Read    36,000,000 records.  Elapsed time: 00:14:47s.  Time for last 1,000,000:   26s.  Last read position: chr11:4,910,577
INFO	2020-01-26 05:57:35	MarkDuplicates	Tracking 845056 as yet unmatched pairs. 119103 records in RAM.
INFO	2020-01-26 05:57:48	MarkDuplicates	Read    37,000,000 records.  Elapsed time: 00:15:00s.  Time for last 1,000,000:   12s.  Last read position: chr11:50,873,354
INFO	2020-01-26 05:57:48	MarkDuplicates	Tracking 835143 as yet unmatched pairs. 87126 records in RAM.
INFO	2020-01-26 05:58:35	MarkDuplicates	Read    38,000,000 records.  Elapsed time: 00:15:46s.  Time for last 1,000,000:   46s.  Last read position: chr11:70,542,758
INFO	2020-01-26 05:58:35	MarkDuplicates	Tracking 827062 as yet unmatched pairs. 66125 records in RAM.
INFO	2020-01-26 05:58:44	MarkDuplicates	Read    39,000,000 records.  Elapsed time: 00:15:56s.  Time for last 1,000,000:    9s.  Last read position: chr11:87,979,698
INFO	2020-01-26 05:58:44	MarkDuplicates	Tracking 817349 as yet unmatched pairs. 43328 records in RAM.
INFO	2020-01-26 05:58:53	MarkDuplicates	Read    40,000,000 records.  Elapsed time: 00:16:05s.  Time for last 1,000,000:    8s.  Last read position: chr11:105,922,802
INFO	2020-01-26 05:58:53	MarkDuplicates	Tracking 807272 as yet unmatched pairs. 19965 records in RAM.
INFO	2020-01-26 05:59:13	MarkDuplicates	Read    41,000,000 records.  Elapsed time: 00:16:24s.  Time for last 1,000,000:   19s.  Last read position: chr12:24,655,315
INFO	2020-01-26 05:59:13	MarkDuplicates	Tracking 791832 as yet unmatched pairs. 79556 records in RAM.
INFO	2020-01-26 05:59:18	MarkDuplicates	Read    42,000,000 records.  Elapsed time: 00:16:30s.  Time for last 1,000,000:    5s.  Last read position: chr12:83,674,622
INFO	2020-01-26 05:59:18	MarkDuplicates	Tracking 769493 as yet unmatched pairs. 34287 records in RAM.
INFO	2020-01-26 05:59:37	MarkDuplicates	Read    43,000,000 records.  Elapsed time: 00:16:49s.  Time for last 1,000,000:   18s.  Last read position: chr13:13,728,458
INFO	2020-01-26 05:59:37	MarkDuplicates	Tracking 746765 as yet unmatched pairs. 96945 records in RAM.
INFO	2020-01-26 06:00:01	MarkDuplicates	Read    44,000,000 records.  Elapsed time: 00:17:12s.  Time for last 1,000,000:   23s.  Last read position: chr13:66,994,056
INFO	2020-01-26 06:00:01	MarkDuplicates	Tracking 718573 as yet unmatched pairs. 50454 records in RAM.
INFO	2020-01-26 06:00:21	MarkDuplicates	Read    45,000,000 records.  Elapsed time: 00:17:33s.  Time for last 1,000,000:   20s.  Last read position: chr14:9,529,847
INFO	2020-01-26 06:00:21	MarkDuplicates	Tracking 685922 as yet unmatched pairs. 99616 records in RAM.
INFO	2020-01-26 06:00:30	MarkDuplicates	Read    46,000,000 records.  Elapsed time: 00:17:42s.  Time for last 1,000,000:    8s.  Last read position: chr14:53,622,110
INFO	2020-01-26 06:00:30	MarkDuplicates	Tracking 660387 as yet unmatched pairs. 60981 records in RAM.
INFO	2020-01-26 06:00:45	MarkDuplicates	Read    47,000,000 records.  Elapsed time: 00:17:57s.  Time for last 1,000,000:   14s.  Last read position: chr14:110,750,012
INFO	2020-01-26 06:00:45	MarkDuplicates	Tracking 625351 as yet unmatched pairs. 11711 records in RAM.
INFO	2020-01-26 06:01:04	MarkDuplicates	Read    48,000,000 records.  Elapsed time: 00:18:16s.  Time for last 1,000,000:   19s.  Last read position: chr15:60,920,234
INFO	2020-01-26 06:01:04	MarkDuplicates	Tracking 580468 as yet unmatched pairs. 53730 records in RAM.
INFO	2020-01-26 06:01:13	MarkDuplicates	Read    49,000,000 records.  Elapsed time: 00:18:24s.  Time for last 1,000,000:    8s.  Last read position: chr15:93,441,632
INFO	2020-01-26 06:01:13	MarkDuplicates	Tracking 553077 as yet unmatched pairs. 17292 records in RAM.
INFO	2020-01-26 06:01:46	MarkDuplicates	Read    50,000,000 records.  Elapsed time: 00:18:57s.  Time for last 1,000,000:   33s.  Last read position: chr16:21,195,056
INFO	2020-01-26 06:01:46	MarkDuplicates	Tracking 517495 as yet unmatched pairs. 76141 records in RAM.
INFO	2020-01-26 06:01:52	MarkDuplicates	Read    51,000,000 records.  Elapsed time: 00:19:03s.  Time for last 1,000,000:    5s.  Last read position: chr16:76,290,480
INFO	2020-01-26 06:01:52	MarkDuplicates	Tracking 476271 as yet unmatched pairs. 24079 records in RAM.
INFO	2020-01-26 06:02:25	MarkDuplicates	Read    52,000,000 records.  Elapsed time: 00:19:36s.  Time for last 1,000,000:   33s.  Last read position: chr17:25,243,636
INFO	2020-01-26 06:02:25	MarkDuplicates	Tracking 435891 as yet unmatched pairs. 92345 records in RAM.
INFO	2020-01-26 06:03:20	MarkDuplicates	Read    53,000,000 records.  Elapsed time: 00:20:32s.  Time for last 1,000,000:   55s.  Last read position: chr17:47,463,894
INFO	2020-01-26 06:03:20	MarkDuplicates	Tracking 408137 as yet unmatched pairs. 60314 records in RAM.
INFO	2020-01-26 06:03:42	MarkDuplicates	Read    54,000,000 records.  Elapsed time: 00:20:54s.  Time for last 1,000,000:   21s.  Last read position: chr18:5,593,423
INFO	2020-01-26 06:03:42	MarkDuplicates	Tracking 354138 as yet unmatched pairs. 106667 records in RAM.
INFO	2020-01-26 06:03:50	MarkDuplicates	Read    55,000,000 records.  Elapsed time: 00:21:02s.  Time for last 1,000,000:    8s.  Last read position: chr18:42,740,993
INFO	2020-01-26 06:03:50	MarkDuplicates	Tracking 307025 as yet unmatched pairs. 54868 records in RAM.
INFO	2020-01-26 06:04:03	MarkDuplicates	Read    56,000,000 records.  Elapsed time: 00:21:15s.  Time for last 1,000,000:   12s.  Last read position: chr19:5,142,506
INFO	2020-01-26 06:04:03	MarkDuplicates	Tracking 252664 as yet unmatched pairs. 78961 records in RAM.
INFO	2020-01-26 06:04:15	MarkDuplicates	Read    57,000,000 records.  Elapsed time: 00:21:27s.  Time for last 1,000,000:   12s.  Last read position: chr19:40,243,409
INFO	2020-01-26 06:04:15	MarkDuplicates	Tracking 208754 as yet unmatched pairs. 32173 records in RAM.
INFO	2020-01-26 06:04:35	MarkDuplicates	Read    58,000,000 records.  Elapsed time: 00:21:47s.  Time for last 1,000,000:   19s.  Last read position: chrX:50,719,031
INFO	2020-01-26 06:04:35	MarkDuplicates	Tracking 139011 as yet unmatched pairs. 125600 records in RAM.
INFO	2020-01-26 06:04:40	MarkDuplicates	Read    59,000,000 records.  Elapsed time: 00:21:51s.  Time for last 1,000,000:    4s.  Last read position: chrX:134,464,377
INFO	2020-01-26 06:04:40	MarkDuplicates	Tracking 56116 as yet unmatched pairs. 42361 records in RAM.
INFO	2020-01-26 06:04:55	MarkDuplicates	Read 59746295 records. 0 pairs never matched.
INFO	2020-01-26 06:06:01	MarkDuplicates	After buildSortedReadEndLists freeMemory: 11169782808; totalMemory: 18291359744; maxMemory: 28631367680
INFO	2020-01-26 06:06:01	MarkDuplicates	Will retain up to 894730240 duplicate indices before spilling to disk.
INFO	2020-01-26 06:06:05	MarkDuplicates	Traversing read pair information and detecting duplicates.
INFO	2020-01-26 06:08:48	MarkDuplicates	Traversing fragment information and detecting duplicates.
INFO	2020-01-26 06:08:54	MarkDuplicates	Sorting list of duplicate records.
INFO	2020-01-26 06:08:57	MarkDuplicates	After generateDuplicateIndexes freeMemory: 21448555336; totalMemory: 28742516736; maxMemory: 28742516736
INFO	2020-01-26 06:08:57	MarkDuplicates	Marking 10835041 records as duplicates.
INFO	2020-01-26 06:08:57	MarkDuplicates	Found 2633 optical duplicate clusters.
INFO	2020-01-26 06:08:57	MarkDuplicates	Reads are assumed to be ordered by: coordinate
INFO	2020-01-26 06:12:18	MarkDuplicates	Written    10,000,000 records.  Elapsed time: 00:03:21s.  Time for last 10,000,000:  201s.  Last read position: chr3:41,734,278
INFO	2020-01-26 06:15:57	MarkDuplicates	Written    20,000,000 records.  Elapsed time: 00:06:59s.  Time for last 10,000,000:  218s.  Last read position: chr5:142,453,542
INFO	2020-01-26 06:18:14	MarkDuplicates	Written    30,000,000 records.  Elapsed time: 00:09:17s.  Time for last 10,000,000:  137s.  Last read position: chr8:125,492,179
INFO	2020-01-26 06:20:20	MarkDuplicates	Written    40,000,000 records.  Elapsed time: 00:11:23s.  Time for last 10,000,000:  125s.  Last read position: chr11:105,922,802
INFO	2020-01-26 06:22:32	MarkDuplicates	Written    50,000,000 records.  Elapsed time: 00:13:35s.  Time for last 10,000,000:  132s.  Last read position: chr16:21,195,056
INFO	2020-01-26 06:24:41	MarkDuplicates	Written    60,000,000 records.  Elapsed time: 00:15:44s.  Time for last 10,000,000:  128s.  Last read position: */*
INFO	2020-01-26 06:24:59	MarkDuplicates	Writing complete. Closing input iterator.
INFO	2020-01-26 06:24:59	MarkDuplicates	Duplicate Index cleanup.
INFO	2020-01-26 06:24:59	MarkDuplicates	Getting Memory Stats.
INFO	2020-01-26 06:24:59	MarkDuplicates	Before output close freeMemory: 28834744520; totalMemory: 29038739456; maxMemory: 29038739456
INFO	2020-01-26 06:24:59	MarkDuplicates	Closed outputs. Getting more Memory Stats.
INFO	2020-01-26 06:24:59	MarkDuplicates	After output close freeMemory: 29131491528; totalMemory: 29335486464; maxMemory: 29335486464
[Sun Jan 26 06:24:59 UTC 2020] picard.sam.markduplicates.MarkDuplicates done. Elapsed time: 42.43 minutes.
Runtime.totalMemory()=29335486464
