INFO	2020-01-26 05:28:32	MarkDuplicates	

********** NOTE: Picard's command line syntax is changing.
**********
********** For more information, please see:
********** https://github.com/broadinstitute/picard/wiki/Command-Line-Syntax-Transition-For-Users-(Pre-Transition)
**********
********** The command line looks like this in the new syntax:
**********
**********    MarkDuplicates -I /scratch/gregg_thomas/Murinae-seq/03B-MappedMouse/Pseudomys-bolami/Pseudomys-bolami.sorted.bam -O /scratch/gregg_thomas/Murinae-seq/03B-MappedMouse/Pseudomys-bolami/Pseudomys-bolami.sorted.mkdup.bam -M /scratch/gregg_thomas/Murinae-seq/03B-MappedMouse/Pseudomys-bolami/Pseudomys-bolami-mkdup-metrics.txt
**********


05:28:32.567 INFO  NativeLibraryLoader - Loading libgkl_compression.so from jar:file:/home/gregg_thomas/bin/picard.jar!/com/intel/gkl/native/libgkl_compression.so
[Sun Jan 26 05:28:32 UTC 2020] MarkDuplicates INPUT=[/scratch/gregg_thomas/Murinae-seq/03B-MappedMouse/Pseudomys-bolami/Pseudomys-bolami.sorted.bam] OUTPUT=/scratch/gregg_thomas/Murinae-seq/03B-MappedMouse/Pseudomys-bolami/Pseudomys-bolami.sorted.mkdup.bam METRICS_FILE=/scratch/gregg_thomas/Murinae-seq/03B-MappedMouse/Pseudomys-bolami/Pseudomys-bolami-mkdup-metrics.txt    MAX_SEQUENCES_FOR_DISK_READ_ENDS_MAP=50000 MAX_FILE_HANDLES_FOR_READ_ENDS_MAP=8000 SORTING_COLLECTION_SIZE_RATIO=0.25 TAG_DUPLICATE_SET_MEMBERS=false REMOVE_SEQUENCING_DUPLICATES=false TAGGING_POLICY=DontTag CLEAR_DT=true DUPLEX_UMI=false ADD_PG_TAG_TO_READS=true REMOVE_DUPLICATES=false ASSUME_SORTED=false DUPLICATE_SCORING_STRATEGY=SUM_OF_BASE_QUALITIES PROGRAM_RECORD_ID=MarkDuplicates PROGRAM_GROUP_NAME=MarkDuplicates READ_NAME_REGEX=<optimized capture of last three ':' separated fields as numeric values> OPTICAL_DUPLICATE_PIXEL_DISTANCE=100 MAX_OPTICAL_DUPLICATE_SET_SIZE=300000 VERBOSITY=INFO QUIET=false VALIDATION_STRINGENCY=STRICT COMPRESSION_LEVEL=5 MAX_RECORDS_IN_RAM=500000 CREATE_INDEX=false CREATE_MD5_FILE=false GA4GH_CLIENT_SECRETS=client_secrets.json USE_JDK_DEFLATER=false USE_JDK_INFLATER=false
[Sun Jan 26 05:28:32 UTC 2020] Executing as gregg_thomas@ecae4883a231 on Linux 4.4.0-104-generic amd64; Java HotSpot(TM) 64-Bit Server VM 1.8.0_221-b11; Deflater: Intel; Inflater: Intel; Provider GCS is not available; Picard version: 2.20.6-SNAPSHOT
INFO	2020-01-26 05:28:33	MarkDuplicates	Start of doWork freeMemory: 2037676464; totalMemory: 2058354688; maxMemory: 28631367680
INFO	2020-01-26 05:28:33	MarkDuplicates	Reading input file and constructing read end information.
INFO	2020-01-26 05:28:33	MarkDuplicates	Will retain up to 103736839 data points before spilling to disk.
INFO	2020-01-26 05:28:44	MarkDuplicates	Read     1,000,000 records.  Elapsed time: 00:00:11s.  Time for last 1,000,000:   11s.  Last read position: chr1:106,713,150
INFO	2020-01-26 05:28:44	MarkDuplicates	Tracking 62027 as yet unmatched pairs. 2180 records in RAM.
INFO	2020-01-26 05:28:57	MarkDuplicates	Read     2,000,000 records.  Elapsed time: 00:00:23s.  Time for last 1,000,000:   12s.  Last read position: chr2:18,284,821
INFO	2020-01-26 05:28:57	MarkDuplicates	Tracking 120602 as yet unmatched pairs. 9456 records in RAM.
INFO	2020-01-26 05:29:04	MarkDuplicates	Read     3,000,000 records.  Elapsed time: 00:00:30s.  Time for last 1,000,000:    6s.  Last read position: chr2:78,918,834
INFO	2020-01-26 05:29:04	MarkDuplicates	Tracking 157918 as yet unmatched pairs. 7865 records in RAM.
INFO	2020-01-26 05:29:15	MarkDuplicates	Read     4,000,000 records.  Elapsed time: 00:00:41s.  Time for last 1,000,000:   11s.  Last read position: chr2:150,583,531
INFO	2020-01-26 05:29:15	MarkDuplicates	Tracking 198249 as yet unmatched pairs. 4202 records in RAM.
INFO	2020-01-26 05:29:23	MarkDuplicates	Read     5,000,000 records.  Elapsed time: 00:00:50s.  Time for last 1,000,000:    8s.  Last read position: chr3:57,456,722
INFO	2020-01-26 05:29:23	MarkDuplicates	Tracking 236085 as yet unmatched pairs. 10298 records in RAM.
INFO	2020-01-26 05:29:37	MarkDuplicates	Read     6,000,000 records.  Elapsed time: 00:01:03s.  Time for last 1,000,000:   13s.  Last read position: chr3:142,718,245
INFO	2020-01-26 05:29:37	MarkDuplicates	Tracking 271816 as yet unmatched pairs. 1689 records in RAM.
INFO	2020-01-26 05:29:45	MarkDuplicates	Read     7,000,000 records.  Elapsed time: 00:01:11s.  Time for last 1,000,000:    8s.  Last read position: chr4:99,912,614
INFO	2020-01-26 05:29:45	MarkDuplicates	Tracking 307983 as yet unmatched pairs. 12202 records in RAM.
INFO	2020-01-26 05:30:11	MarkDuplicates	Read     8,000,000 records.  Elapsed time: 00:01:38s.  Time for last 1,000,000:   26s.  Last read position: chr4:155,590,969
INFO	2020-01-26 05:30:11	MarkDuplicates	Tracking 334192 as yet unmatched pairs. 324 records in RAM.
INFO	2020-01-26 05:30:24	MarkDuplicates	Read     9,000,000 records.  Elapsed time: 00:01:51s.  Time for last 1,000,000:   13s.  Last read position: chr5:100,454,383
INFO	2020-01-26 05:30:24	MarkDuplicates	Tracking 359367 as yet unmatched pairs. 14816 records in RAM.
INFO	2020-01-26 05:30:41	MarkDuplicates	Read    10,000,000 records.  Elapsed time: 00:02:07s.  Time for last 1,000,000:   16s.  Last read position: chr6:28,424,552
INFO	2020-01-26 05:30:41	MarkDuplicates	Tracking 383620 as yet unmatched pairs. 25581 records in RAM.
INFO	2020-01-26 05:30:49	MarkDuplicates	Read    11,000,000 records.  Elapsed time: 00:02:15s.  Time for last 1,000,000:    8s.  Last read position: chr6:125,309,157
INFO	2020-01-26 05:30:49	MarkDuplicates	Tracking 401879 as yet unmatched pairs. 5877 records in RAM.
INFO	2020-01-26 05:31:01	MarkDuplicates	Read    12,000,000 records.  Elapsed time: 00:02:27s.  Time for last 1,000,000:   12s.  Last read position: chr7:67,225,915
INFO	2020-01-26 05:31:01	MarkDuplicates	Tracking 415119 as yet unmatched pairs. 23104 records in RAM.
INFO	2020-01-26 05:31:07	MarkDuplicates	Read    13,000,000 records.  Elapsed time: 00:02:34s.  Time for last 1,000,000:    6s.  Last read position: chr7:144,471,003
INFO	2020-01-26 05:31:07	MarkDuplicates	Tracking 422818 as yet unmatched pairs. 283 records in RAM.
INFO	2020-01-26 05:31:29	MarkDuplicates	Read    14,000,000 records.  Elapsed time: 00:02:55s.  Time for last 1,000,000:   21s.  Last read position: chr8:107,376,022
INFO	2020-01-26 05:31:29	MarkDuplicates	Tracking 429018 as yet unmatched pairs. 7877 records in RAM.
INFO	2020-01-26 05:31:43	MarkDuplicates	Read    15,000,000 records.  Elapsed time: 00:03:10s.  Time for last 1,000,000:   14s.  Last read position: chr9:71,723,473
INFO	2020-01-26 05:31:43	MarkDuplicates	Tracking 430508 as yet unmatched pairs. 20112 records in RAM.
INFO	2020-01-26 05:32:01	MarkDuplicates	Read    16,000,000 records.  Elapsed time: 00:03:28s.  Time for last 1,000,000:   17s.  Last read position: chr10:42,583,986
INFO	2020-01-26 05:32:01	MarkDuplicates	Tracking 426295 as yet unmatched pairs. 34882 records in RAM.
INFO	2020-01-26 05:32:57	MarkDuplicates	Read    17,000,000 records.  Elapsed time: 00:04:24s.  Time for last 1,000,000:   55s.  Last read position: chr11:5,098,995
INFO	2020-01-26 05:32:57	MarkDuplicates	Tracking 417480 as yet unmatched pairs. 62650 records in RAM.
INFO	2020-01-26 05:33:04	MarkDuplicates	Read    18,000,000 records.  Elapsed time: 00:04:31s.  Time for last 1,000,000:    6s.  Last read position: chr11:72,189,520
INFO	2020-01-26 05:33:04	MarkDuplicates	Tracking 407781 as yet unmatched pairs. 34705 records in RAM.
INFO	2020-01-26 05:33:11	MarkDuplicates	Read    19,000,000 records.  Elapsed time: 00:04:37s.  Time for last 1,000,000:    6s.  Last read position: chr11:106,216,887
INFO	2020-01-26 05:33:11	MarkDuplicates	Tracking 396910 as yet unmatched pairs. 9951 records in RAM.
INFO	2020-01-26 05:33:42	MarkDuplicates	Read    20,000,000 records.  Elapsed time: 00:05:08s.  Time for last 1,000,000:   30s.  Last read position: chr12:84,785,699
INFO	2020-01-26 05:33:42	MarkDuplicates	Tracking 377515 as yet unmatched pairs. 15109 records in RAM.
INFO	2020-01-26 05:33:56	MarkDuplicates	Read    21,000,000 records.  Elapsed time: 00:05:22s.  Time for last 1,000,000:   14s.  Last read position: chr13:74,700,641
INFO	2020-01-26 05:33:56	MarkDuplicates	Tracking 350677 as yet unmatched pairs. 20688 records in RAM.
INFO	2020-01-26 05:34:21	MarkDuplicates	Read    22,000,000 records.  Elapsed time: 00:05:48s.  Time for last 1,000,000:   25s.  Last read position: chr14:61,191,706
INFO	2020-01-26 05:34:21	MarkDuplicates	Tracking 321329 as yet unmatched pairs. 22894 records in RAM.
INFO	2020-01-26 05:34:54	MarkDuplicates	Read    23,000,000 records.  Elapsed time: 00:06:20s.  Time for last 1,000,000:   32s.  Last read position: chr15:80,090,561
INFO	2020-01-26 05:34:54	MarkDuplicates	Tracking 280937 as yet unmatched pairs. 17210 records in RAM.
INFO	2020-01-26 05:35:20	MarkDuplicates	Read    24,000,000 records.  Elapsed time: 00:06:46s.  Time for last 1,000,000:   26s.  Last read position: chr16:51,775,067
INFO	2020-01-26 05:35:20	MarkDuplicates	Tracking 243360 as yet unmatched pairs. 19716 records in RAM.
INFO	2020-01-26 05:35:42	MarkDuplicates	Read    25,000,000 records.  Elapsed time: 00:07:09s.  Time for last 1,000,000:   22s.  Last read position: chr17:46,976,016
INFO	2020-01-26 05:35:42	MarkDuplicates	Tracking 203377 as yet unmatched pairs. 29136 records in RAM.
INFO	2020-01-26 05:36:23	MarkDuplicates	Read    26,000,000 records.  Elapsed time: 00:07:49s.  Time for last 1,000,000:   40s.  Last read position: chr18:54,891,871
INFO	2020-01-26 05:36:23	MarkDuplicates	Tracking 149022 as yet unmatched pairs. 19946 records in RAM.
INFO	2020-01-26 05:36:37	MarkDuplicates	Read    27,000,000 records.  Elapsed time: 00:08:03s.  Time for last 1,000,000:   13s.  Last read position: chr19:47,104,646
INFO	2020-01-26 05:36:37	MarkDuplicates	Tracking 100979 as yet unmatched pairs. 8881 records in RAM.
INFO	2020-01-26 05:37:13	MarkDuplicates	Read    28,000,000 records.  Elapsed time: 00:08:39s.  Time for last 1,000,000:   36s.  Last read position: chrX:153,372,008
INFO	2020-01-26 05:37:13	MarkDuplicates	Tracking 23248 as yet unmatched pairs. 10004 records in RAM.
INFO	2020-01-26 05:37:21	MarkDuplicates	Read 28542897 records. 0 pairs never matched.
INFO	2020-01-26 05:38:18	MarkDuplicates	After buildSortedReadEndLists freeMemory: 10211883304; totalMemory: 14110687232; maxMemory: 28631367680
INFO	2020-01-26 05:38:18	MarkDuplicates	Will retain up to 894730240 duplicate indices before spilling to disk.
INFO	2020-01-26 05:38:21	MarkDuplicates	Traversing read pair information and detecting duplicates.
INFO	2020-01-26 05:43:58	MarkDuplicates	Traversing fragment information and detecting duplicates.
INFO	2020-01-26 05:44:03	MarkDuplicates	Sorting list of duplicate records.
INFO	2020-01-26 05:44:04	MarkDuplicates	After generateDuplicateIndexes freeMemory: 18840006264; totalMemory: 26130513920; maxMemory: 28631367680
INFO	2020-01-26 05:44:04	MarkDuplicates	Marking 6626902 records as duplicates.
INFO	2020-01-26 05:44:04	MarkDuplicates	Found 269 optical duplicate clusters.
INFO	2020-01-26 05:44:04	MarkDuplicates	Reads are assumed to be ordered by: coordinate
INFO	2020-01-26 05:50:45	MarkDuplicates	Written    10,000,000 records.  Elapsed time: 00:06:40s.  Time for last 10,000,000:  400s.  Last read position: chr6:28,424,552
INFO	2020-01-26 06:01:26	MarkDuplicates	Written    20,000,000 records.  Elapsed time: 00:17:21s.  Time for last 10,000,000:  640s.  Last read position: chr12:84,785,699
INFO	2020-01-26 06:06:40	MarkDuplicates	Writing complete. Closing input iterator.
INFO	2020-01-26 06:06:40	MarkDuplicates	Duplicate Index cleanup.
INFO	2020-01-26 06:06:40	MarkDuplicates	Getting Memory Stats.
INFO	2020-01-26 06:06:40	MarkDuplicates	Before output close freeMemory: 25931974760; totalMemory: 26131562496; maxMemory: 28631367680
INFO	2020-01-26 06:06:40	MarkDuplicates	Closed outputs. Getting more Memory Stats.
INFO	2020-01-26 06:06:41	MarkDuplicates	After output close freeMemory: 25526700136; totalMemory: 25726287872; maxMemory: 28631367680
[Sun Jan 26 06:06:41 UTC 2020] picard.sam.markduplicates.MarkDuplicates done. Elapsed time: 38.14 minutes.
Runtime.totalMemory()=25726287872
