INFO	2020-01-14 21:12:03	MarkDuplicates	

********** NOTE: Picard's command line syntax is changing.
**********
********** For more information, please see:
********** https://github.com/broadinstitute/picard/wiki/Command-Line-Syntax-Transition-For-Users-(Pre-Transition)
**********
********** The command line looks like this in the new syntax:
**********
**********    MarkDuplicates -I /scratch/gregg_thomas/Murinae-seq/03B-MappedMouse/Rattus-hoffmanni/Rattus-hoffmanni.sorted.bam -O /scratch/gregg_thomas/Murinae-seq/03B-MappedMouse/Rattus-hoffmanni/Rattus-hoffmanni.sorted.mkdup.bam -M /scratch/gregg_thomas/Murinae-seq/03B-MappedMouse/Rattus-hoffmanni/Rattus-hoffmanni-mkdup-metrics.txt
**********


21:12:05.076 INFO  NativeLibraryLoader - Loading libgkl_compression.so from jar:file:/home/gregg_thomas/bin/picard.jar!/com/intel/gkl/native/libgkl_compression.so
[Tue Jan 14 21:12:05 UTC 2020] MarkDuplicates INPUT=[/scratch/gregg_thomas/Murinae-seq/03B-MappedMouse/Rattus-hoffmanni/Rattus-hoffmanni.sorted.bam] OUTPUT=/scratch/gregg_thomas/Murinae-seq/03B-MappedMouse/Rattus-hoffmanni/Rattus-hoffmanni.sorted.mkdup.bam METRICS_FILE=/scratch/gregg_thomas/Murinae-seq/03B-MappedMouse/Rattus-hoffmanni/Rattus-hoffmanni-mkdup-metrics.txt    MAX_SEQUENCES_FOR_DISK_READ_ENDS_MAP=50000 MAX_FILE_HANDLES_FOR_READ_ENDS_MAP=8000 SORTING_COLLECTION_SIZE_RATIO=0.25 TAG_DUPLICATE_SET_MEMBERS=false REMOVE_SEQUENCING_DUPLICATES=false TAGGING_POLICY=DontTag CLEAR_DT=true DUPLEX_UMI=false ADD_PG_TAG_TO_READS=true REMOVE_DUPLICATES=false ASSUME_SORTED=false DUPLICATE_SCORING_STRATEGY=SUM_OF_BASE_QUALITIES PROGRAM_RECORD_ID=MarkDuplicates PROGRAM_GROUP_NAME=MarkDuplicates READ_NAME_REGEX=<optimized capture of last three ':' separated fields as numeric values> OPTICAL_DUPLICATE_PIXEL_DISTANCE=100 MAX_OPTICAL_DUPLICATE_SET_SIZE=300000 VERBOSITY=INFO QUIET=false VALIDATION_STRINGENCY=STRICT COMPRESSION_LEVEL=5 MAX_RECORDS_IN_RAM=500000 CREATE_INDEX=false CREATE_MD5_FILE=false GA4GH_CLIENT_SECRETS=client_secrets.json USE_JDK_DEFLATER=false USE_JDK_INFLATER=false
[Tue Jan 14 21:12:05 UTC 2020] Executing as gregg_thomas@ecae4883a231 on Linux 4.4.0-104-generic amd64; Java HotSpot(TM) 64-Bit Server VM 1.8.0_221-b11; Deflater: Intel; Inflater: Intel; Provider GCS is not available; Picard version: 2.20.6-SNAPSHOT
INFO	2020-01-14 21:12:05	MarkDuplicates	Start of doWork freeMemory: 2037674704; totalMemory: 2058354688; maxMemory: 28631367680
INFO	2020-01-14 21:12:05	MarkDuplicates	Reading input file and constructing read end information.
INFO	2020-01-14 21:12:05	MarkDuplicates	Will retain up to 103736839 data points before spilling to disk.
INFO	2020-01-14 21:12:56	MarkDuplicates	Read     1,000,000 records.  Elapsed time: 00:00:37s.  Time for last 1,000,000:   37s.  Last read position: chr1:43,570,073
INFO	2020-01-14 21:12:56	MarkDuplicates	Tracking 49616 as yet unmatched pairs. 3058 records in RAM.
INFO	2020-01-14 21:13:29	MarkDuplicates	Read     2,000,000 records.  Elapsed time: 00:01:09s.  Time for last 1,000,000:   32s.  Last read position: chr1:66,653,383
INFO	2020-01-14 21:13:29	MarkDuplicates	Tracking 88146 as yet unmatched pairs. 3836 records in RAM.
INFO	2020-01-14 21:13:42	MarkDuplicates	Read     3,000,000 records.  Elapsed time: 00:01:23s.  Time for last 1,000,000:   13s.  Last read position: chr1:90,775,774
INFO	2020-01-14 21:13:42	MarkDuplicates	Tracking 121471 as yet unmatched pairs. 4822 records in RAM.
INFO	2020-01-14 21:14:37	MarkDuplicates	Read     4,000,000 records.  Elapsed time: 00:02:18s.  Time for last 1,000,000:   55s.  Last read position: chr1:132,607,061
INFO	2020-01-14 21:14:37	MarkDuplicates	Tracking 171263 as yet unmatched pairs. 4304 records in RAM.
INFO	2020-01-14 21:14:53	MarkDuplicates	Read     5,000,000 records.  Elapsed time: 00:02:34s.  Time for last 1,000,000:   16s.  Last read position: chr1:159,918,928
INFO	2020-01-14 21:14:53	MarkDuplicates	Tracking 207606 as yet unmatched pairs. 3073 records in RAM.
INFO	2020-01-14 21:15:04	MarkDuplicates	Read     6,000,000 records.  Elapsed time: 00:02:44s.  Time for last 1,000,000:   10s.  Last read position: chr1:182,753,720
INFO	2020-01-14 21:15:04	MarkDuplicates	Tracking 242292 as yet unmatched pairs. 1176 records in RAM.
INFO	2020-01-14 21:16:22	MarkDuplicates	Read     7,000,000 records.  Elapsed time: 00:04:02s.  Time for last 1,000,000:   78s.  Last read position: chr2:23,233,812
INFO	2020-01-14 21:16:22	MarkDuplicates	Tracking 283987 as yet unmatched pairs. 20644 records in RAM.
INFO	2020-01-14 21:16:27	MarkDuplicates	Read     8,000,000 records.  Elapsed time: 00:04:08s.  Time for last 1,000,000:    5s.  Last read position: chr2:33,071,138
INFO	2020-01-14 21:16:27	MarkDuplicates	Tracking 303392 as yet unmatched pairs. 20149 records in RAM.
INFO	2020-01-14 21:16:42	MarkDuplicates	Read     9,000,000 records.  Elapsed time: 00:04:22s.  Time for last 1,000,000:   14s.  Last read position: chr2:60,275,050
INFO	2020-01-14 21:16:42	MarkDuplicates	Tracking 336027 as yet unmatched pairs. 18596 records in RAM.
INFO	2020-01-14 21:17:15	MarkDuplicates	Read    10,000,000 records.  Elapsed time: 00:04:56s.  Time for last 1,000,000:   33s.  Last read position: chr2:76,746,027
INFO	2020-01-14 21:17:15	MarkDuplicates	Tracking 358054 as yet unmatched pairs. 17483 records in RAM.
INFO	2020-01-14 21:17:21	MarkDuplicates	Read    11,000,000 records.  Elapsed time: 00:05:02s.  Time for last 1,000,000:    6s.  Last read position: chr2:103,302,954
INFO	2020-01-14 21:17:21	MarkDuplicates	Tracking 383018 as yet unmatched pairs. 15377 records in RAM.
INFO	2020-01-14 21:17:27	MarkDuplicates	Read    12,000,000 records.  Elapsed time: 00:05:08s.  Time for last 1,000,000:    5s.  Last read position: chr2:121,184,909
INFO	2020-01-14 21:17:27	MarkDuplicates	Tracking 409086 as yet unmatched pairs. 12760 records in RAM.
INFO	2020-01-14 21:18:08	MarkDuplicates	Read    13,000,000 records.  Elapsed time: 00:05:48s.  Time for last 1,000,000:   40s.  Last read position: chr2:133,561,933
INFO	2020-01-14 21:18:08	MarkDuplicates	Tracking 431793 as yet unmatched pairs. 10232 records in RAM.
INFO	2020-01-14 21:18:13	MarkDuplicates	Read    14,000,000 records.  Elapsed time: 00:05:54s.  Time for last 1,000,000:    5s.  Last read position: chr2:155,189,345
INFO	2020-01-14 21:18:13	MarkDuplicates	Tracking 460311 as yet unmatched pairs. 7199 records in RAM.
INFO	2020-01-14 21:18:18	MarkDuplicates	Read    15,000,000 records.  Elapsed time: 00:05:59s.  Time for last 1,000,000:    5s.  Last read position: chr2:168,661,920
INFO	2020-01-14 21:18:18	MarkDuplicates	Tracking 481753 as yet unmatched pairs. 3368 records in RAM.
INFO	2020-01-14 21:19:47	MarkDuplicates	Read    16,000,000 records.  Elapsed time: 00:07:28s.  Time for last 1,000,000:   88s.  Last read position: chr3:28,663,884
INFO	2020-01-14 21:19:47	MarkDuplicates	Tracking 517262 as yet unmatched pairs. 28452 records in RAM.
INFO	2020-01-14 21:19:57	MarkDuplicates	Read    17,000,000 records.  Elapsed time: 00:07:37s.  Time for last 1,000,000:    9s.  Last read position: chr3:60,877,572
INFO	2020-01-14 21:19:57	MarkDuplicates	Tracking 551043 as yet unmatched pairs. 29073 records in RAM.
INFO	2020-01-14 21:20:09	MarkDuplicates	Read    18,000,000 records.  Elapsed time: 00:07:50s.  Time for last 1,000,000:   12s.  Last read position: chr3:89,416,260
INFO	2020-01-14 21:20:09	MarkDuplicates	Tracking 574339 as yet unmatched pairs. 18289 records in RAM.
INFO	2020-01-14 21:20:24	MarkDuplicates	Read    19,000,000 records.  Elapsed time: 00:08:05s.  Time for last 1,000,000:   15s.  Last read position: chr3:102,771,930
INFO	2020-01-14 21:20:24	MarkDuplicates	Tracking 591905 as yet unmatched pairs. 14896 records in RAM.
INFO	2020-01-14 21:20:30	MarkDuplicates	Read    20,000,000 records.  Elapsed time: 00:08:10s.  Time for last 1,000,000:    5s.  Last read position: chr3:122,549,321
INFO	2020-01-14 21:20:30	MarkDuplicates	Tracking 611963 as yet unmatched pairs. 9257 records in RAM.
INFO	2020-01-14 21:20:44	MarkDuplicates	Read    21,000,000 records.  Elapsed time: 00:08:24s.  Time for last 1,000,000:   13s.  Last read position: chr3:158,161,203
INFO	2020-01-14 21:20:44	MarkDuplicates	Tracking 640581 as yet unmatched pairs. 559 records in RAM.
INFO	2020-01-14 21:21:05	MarkDuplicates	Read    22,000,000 records.  Elapsed time: 00:08:45s.  Time for last 1,000,000:   21s.  Last read position: chr4:41,012,074
INFO	2020-01-14 21:21:05	MarkDuplicates	Tracking 669933 as yet unmatched pairs. 43175 records in RAM.
INFO	2020-01-14 21:21:11	MarkDuplicates	Read    23,000,000 records.  Elapsed time: 00:08:52s.  Time for last 1,000,000:    6s.  Last read position: chr4:59,857,392
INFO	2020-01-14 21:21:11	MarkDuplicates	Tracking 688461 as yet unmatched pairs. 36847 records in RAM.
INFO	2020-01-14 21:21:24	MarkDuplicates	Read    24,000,000 records.  Elapsed time: 00:09:05s.  Time for last 1,000,000:   13s.  Last read position: chr4:99,831,471
INFO	2020-01-14 21:21:24	MarkDuplicates	Tracking 714560 as yet unmatched pairs. 29242 records in RAM.
INFO	2020-01-14 21:21:49	MarkDuplicates	Read    25,000,000 records.  Elapsed time: 00:09:30s.  Time for last 1,000,000:   24s.  Last read position: chr4:118,153,190
INFO	2020-01-14 21:21:49	MarkDuplicates	Tracking 733162 as yet unmatched pairs. 21945 records in RAM.
INFO	2020-01-14 21:22:08	MarkDuplicates	Read    26,000,000 records.  Elapsed time: 00:09:49s.  Time for last 1,000,000:   19s.  Last read position: chr4:131,838,091
INFO	2020-01-14 21:22:08	MarkDuplicates	Tracking 753004 as yet unmatched pairs. 14024 records in RAM.
INFO	2020-01-14 21:22:16	MarkDuplicates	Read    27,000,000 records.  Elapsed time: 00:09:57s.  Time for last 1,000,000:    7s.  Last read position: chr4:145,096,180
INFO	2020-01-14 21:22:16	MarkDuplicates	Tracking 769359 as yet unmatched pairs. 5849 records in RAM.
INFO	2020-01-14 21:23:43	MarkDuplicates	Read    28,000,000 records.  Elapsed time: 00:11:23s.  Time for last 1,000,000:   86s.  Last read position: chr5:9,437,832
INFO	2020-01-14 21:23:43	MarkDuplicates	Tracking 783592 as yet unmatched pairs. 71806 records in RAM.
INFO	2020-01-14 21:23:48	MarkDuplicates	Read    29,000,000 records.  Elapsed time: 00:11:29s.  Time for last 1,000,000:    5s.  Last read position: chr5:32,491,245
INFO	2020-01-14 21:23:48	MarkDuplicates	Tracking 805146 as yet unmatched pairs. 61326 records in RAM.
INFO	2020-01-14 21:23:56	MarkDuplicates	Read    30,000,000 records.  Elapsed time: 00:11:36s.  Time for last 1,000,000:    7s.  Last read position: chr5:65,449,805
INFO	2020-01-14 21:23:56	MarkDuplicates	Tracking 820582 as yet unmatched pairs. 49567 records in RAM.
INFO	2020-01-14 21:24:39	MarkDuplicates	Read    31,000,000 records.  Elapsed time: 00:12:19s.  Time for last 1,000,000:   43s.  Last read position: chr5:93,636,493
INFO	2020-01-14 21:24:39	MarkDuplicates	Tracking 835872 as yet unmatched pairs. 37096 records in RAM.
INFO	2020-01-14 21:24:48	MarkDuplicates	Read    32,000,000 records.  Elapsed time: 00:12:28s.  Time for last 1,000,000:    8s.  Last read position: chr5:113,847,477
INFO	2020-01-14 21:24:48	MarkDuplicates	Tracking 861652 as yet unmatched pairs. 27260 records in RAM.
INFO	2020-01-14 21:25:01	MarkDuplicates	Read    33,000,000 records.  Elapsed time: 00:12:42s.  Time for last 1,000,000:   13s.  Last read position: chr5:130,010,781
INFO	2020-01-14 21:25:01	MarkDuplicates	Tracking 876963 as yet unmatched pairs. 16373 records in RAM.
INFO	2020-01-14 21:25:50	MarkDuplicates	Read    34,000,000 records.  Elapsed time: 00:13:31s.  Time for last 1,000,000:   48s.  Last read position: chr5:145,123,588
INFO	2020-01-14 21:25:50	MarkDuplicates	Tracking 891121 as yet unmatched pairs. 5763 records in RAM.
INFO	2020-01-14 21:26:05	MarkDuplicates	Read    35,000,000 records.  Elapsed time: 00:13:45s.  Time for last 1,000,000:   14s.  Last read position: chr6:29,474,618
INFO	2020-01-14 21:26:05	MarkDuplicates	Tracking 907432 as yet unmatched pairs. 62558 records in RAM.
INFO	2020-01-14 21:26:13	MarkDuplicates	Read    36,000,000 records.  Elapsed time: 00:13:53s.  Time for last 1,000,000:    8s.  Last read position: chr6:52,089,052
INFO	2020-01-14 21:26:13	MarkDuplicates	Tracking 920395 as yet unmatched pairs. 51130 records in RAM.
INFO	2020-01-14 21:26:50	MarkDuplicates	Read    37,000,000 records.  Elapsed time: 00:14:31s.  Time for last 1,000,000:   37s.  Last read position: chr6:85,844,065
INFO	2020-01-14 21:26:50	MarkDuplicates	Tracking 934127 as yet unmatched pairs. 39386 records in RAM.
INFO	2020-01-14 21:27:15	MarkDuplicates	Read    38,000,000 records.  Elapsed time: 00:14:55s.  Time for last 1,000,000:   24s.  Last read position: chr6:114,225,790
INFO	2020-01-14 21:27:15	MarkDuplicates	Tracking 941885 as yet unmatched pairs. 22729 records in RAM.
INFO	2020-01-14 21:27:39	MarkDuplicates	Read    39,000,000 records.  Elapsed time: 00:15:19s.  Time for last 1,000,000:   23s.  Last read position: chr6:134,513,185
INFO	2020-01-14 21:27:39	MarkDuplicates	Tracking 951434 as yet unmatched pairs. 10105 records in RAM.
INFO	2020-01-14 21:29:05	MarkDuplicates	Read    40,000,000 records.  Elapsed time: 00:16:45s.  Time for last 1,000,000:   86s.  Last read position: chr7:12,495,163
INFO	2020-01-14 21:29:05	MarkDuplicates	Tracking 964800 as yet unmatched pairs. 85430 records in RAM.
INFO	2020-01-14 21:29:28	MarkDuplicates	Read    41,000,000 records.  Elapsed time: 00:17:08s.  Time for last 1,000,000:   23s.  Last read position: chr7:28,560,116
INFO	2020-01-14 21:29:28	MarkDuplicates	Tracking 971427 as yet unmatched pairs. 76757 records in RAM.
INFO	2020-01-14 21:29:40	MarkDuplicates	Read    42,000,000 records.  Elapsed time: 00:17:21s.  Time for last 1,000,000:   12s.  Last read position: chr7:45,628,678
INFO	2020-01-14 21:29:40	MarkDuplicates	Tracking 979287 as yet unmatched pairs. 66278 records in RAM.
INFO	2020-01-14 21:31:14	MarkDuplicates	Read    43,000,000 records.  Elapsed time: 00:18:55s.  Time for last 1,000,000:   94s.  Last read position: chr7:80,366,965
INFO	2020-01-14 21:31:14	MarkDuplicates	Tracking 988279 as yet unmatched pairs. 50186 records in RAM.
INFO	2020-01-14 21:31:29	MarkDuplicates	Read    44,000,000 records.  Elapsed time: 00:19:10s.  Time for last 1,000,000:   14s.  Last read position: chr7:103,418,706
INFO	2020-01-14 21:31:29	MarkDuplicates	Tracking 996029 as yet unmatched pairs. 34262 records in RAM.
INFO	2020-01-14 21:32:06	MarkDuplicates	Read    45,000,000 records.  Elapsed time: 00:19:46s.  Time for last 1,000,000:   36s.  Last read position: chr7:122,568,264
INFO	2020-01-14 21:32:06	MarkDuplicates	Tracking 1002003 as yet unmatched pairs. 20362 records in RAM.
INFO	2020-01-14 21:32:49	MarkDuplicates	Read    46,000,000 records.  Elapsed time: 00:20:29s.  Time for last 1,000,000:   43s.  Last read position: chr7:138,870,533
INFO	2020-01-14 21:32:49	MarkDuplicates	Tracking 1005964 as yet unmatched pairs. 7388 records in RAM.
INFO	2020-01-14 21:33:22	MarkDuplicates	Read    47,000,000 records.  Elapsed time: 00:21:02s.  Time for last 1,000,000:   33s.  Last read position: chr8:17,534,816
INFO	2020-01-14 21:33:22	MarkDuplicates	Tracking 1010970 as yet unmatched pairs. 80102 records in RAM.
INFO	2020-01-14 21:33:41	MarkDuplicates	Read    48,000,000 records.  Elapsed time: 00:21:21s.  Time for last 1,000,000:   19s.  Last read position: chr8:60,676,658
INFO	2020-01-14 21:33:41	MarkDuplicates	Tracking 1016490 as yet unmatched pairs. 57878 records in RAM.
INFO	2020-01-14 21:34:22	MarkDuplicates	Read    49,000,000 records.  Elapsed time: 00:22:03s.  Time for last 1,000,000:   41s.  Last read position: chr8:84,773,453
INFO	2020-01-14 21:34:22	MarkDuplicates	Tracking 1020428 as yet unmatched pairs. 41485 records in RAM.
INFO	2020-01-14 21:34:43	MarkDuplicates	Read    50,000,000 records.  Elapsed time: 00:22:24s.  Time for last 1,000,000:   21s.  Last read position: chr8:105,989,395
INFO	2020-01-14 21:34:43	MarkDuplicates	Tracking 1022799 as yet unmatched pairs. 25971 records in RAM.
INFO	2020-01-14 21:35:13	MarkDuplicates	Read    51,000,000 records.  Elapsed time: 00:22:53s.  Time for last 1,000,000:   29s.  Last read position: chr8:127,610,293
INFO	2020-01-14 21:35:13	MarkDuplicates	Tracking 1023394 as yet unmatched pairs. 1911 records in RAM.
INFO	2020-01-14 21:36:03	MarkDuplicates	Read    52,000,000 records.  Elapsed time: 00:23:44s.  Time for last 1,000,000:   50s.  Last read position: chr9:35,551,283
INFO	2020-01-14 21:36:03	MarkDuplicates	Tracking 1022995 as yet unmatched pairs. 79576 records in RAM.
INFO	2020-01-14 21:36:20	MarkDuplicates	Read    53,000,000 records.  Elapsed time: 00:24:00s.  Time for last 1,000,000:   16s.  Last read position: chr9:56,223,580
INFO	2020-01-14 21:36:20	MarkDuplicates	Tracking 1022131 as yet unmatched pairs. 62985 records in RAM.
INFO	2020-01-14 21:36:41	MarkDuplicates	Read    54,000,000 records.  Elapsed time: 00:24:22s.  Time for last 1,000,000:   21s.  Last read position: chr9:72,331,236
INFO	2020-01-14 21:36:41	MarkDuplicates	Tracking 1021431 as yet unmatched pairs. 46930 records in RAM.
INFO	2020-01-14 21:37:15	MarkDuplicates	Read    55,000,000 records.  Elapsed time: 00:24:56s.  Time for last 1,000,000:   34s.  Last read position: chr9:101,984,179
INFO	2020-01-14 21:37:15	MarkDuplicates	Tracking 1019444 as yet unmatched pairs. 24501 records in RAM.
INFO	2020-01-14 21:37:31	MarkDuplicates	Read    56,000,000 records.  Elapsed time: 00:25:11s.  Time for last 1,000,000:   15s.  Last read position: chr9:119,349,098
INFO	2020-01-14 21:37:31	MarkDuplicates	Tracking 1017633 as yet unmatched pairs. 7064 records in RAM.
INFO	2020-01-14 21:38:07	MarkDuplicates	Read    57,000,000 records.  Elapsed time: 00:25:47s.  Time for last 1,000,000:   35s.  Last read position: chr10:25,502,429
INFO	2020-01-14 21:38:07	MarkDuplicates	Tracking 1013081 as yet unmatched pairs. 96730 records in RAM.
INFO	2020-01-14 21:38:39	MarkDuplicates	Read    58,000,000 records.  Elapsed time: 00:26:20s.  Time for last 1,000,000:   32s.  Last read position: chr10:63,308,151
INFO	2020-01-14 21:38:39	MarkDuplicates	Tracking 1004580 as yet unmatched pairs. 65392 records in RAM.
INFO	2020-01-14 21:39:01	MarkDuplicates	Read    59,000,000 records.  Elapsed time: 00:26:41s.  Time for last 1,000,000:   21s.  Last read position: chr10:84,674,598
INFO	2020-01-14 21:39:01	MarkDuplicates	Tracking 999575 as yet unmatched pairs. 44234 records in RAM.
INFO	2020-01-14 21:39:19	MarkDuplicates	Read    60,000,000 records.  Elapsed time: 00:27:00s.  Time for last 1,000,000:   18s.  Last read position: chr10:123,059,195
INFO	2020-01-14 21:39:19	MarkDuplicates	Tracking 991059 as yet unmatched pairs. 12629 records in RAM.
INFO	2020-01-14 21:41:54	MarkDuplicates	Read    61,000,000 records.  Elapsed time: 00:29:34s.  Time for last 1,000,000:  154s.  Last read position: chr11:16,858,928
INFO	2020-01-14 21:41:54	MarkDuplicates	Tracking 983582 as yet unmatched pairs. 140741 records in RAM.
INFO	2020-01-14 21:42:16	MarkDuplicates	Read    62,000,000 records.  Elapsed time: 00:29:57s.  Time for last 1,000,000:   22s.  Last read position: chr11:42,626,602
INFO	2020-01-14 21:42:16	MarkDuplicates	Tracking 976685 as yet unmatched pairs. 118450 records in RAM.
INFO	2020-01-14 21:42:34	MarkDuplicates	Read    63,000,000 records.  Elapsed time: 00:30:14s.  Time for last 1,000,000:   17s.  Last read position: chr11:59,186,433
INFO	2020-01-14 21:42:34	MarkDuplicates	Tracking 969081 as yet unmatched pairs. 98347 records in RAM.
INFO	2020-01-14 21:42:48	MarkDuplicates	Read    64,000,000 records.  Elapsed time: 00:30:29s.  Time for last 1,000,000:   14s.  Last read position: chr11:69,916,804
INFO	2020-01-14 21:42:48	MarkDuplicates	Tracking 964336 as yet unmatched pairs. 86152 records in RAM.
INFO	2020-01-14 21:42:56	MarkDuplicates	Read    65,000,000 records.  Elapsed time: 00:30:36s.  Time for last 1,000,000:    7s.  Last read position: chr11:78,268,241
INFO	2020-01-14 21:42:56	MarkDuplicates	Tracking 959609 as yet unmatched pairs. 73187 records in RAM.
INFO	2020-01-14 21:43:02	MarkDuplicates	Read    66,000,000 records.  Elapsed time: 00:30:43s.  Time for last 1,000,000:    6s.  Last read position: chr11:90,674,725
INFO	2020-01-14 21:43:02	MarkDuplicates	Tracking 951353 as yet unmatched pairs. 53453 records in RAM.
INFO	2020-01-14 21:43:25	MarkDuplicates	Read    67,000,000 records.  Elapsed time: 00:31:05s.  Time for last 1,000,000:   22s.  Last read position: chr11:100,095,718
INFO	2020-01-14 21:43:25	MarkDuplicates	Tracking 945120 as yet unmatched pairs. 38677 records in RAM.
INFO	2020-01-14 21:43:34	MarkDuplicates	Read    68,000,000 records.  Elapsed time: 00:31:15s.  Time for last 1,000,000:    9s.  Last read position: chr11:108,071,221
INFO	2020-01-14 21:43:34	MarkDuplicates	Tracking 939318 as yet unmatched pairs. 24322 records in RAM.
INFO	2020-01-14 21:43:43	MarkDuplicates	Read    69,000,000 records.  Elapsed time: 00:31:24s.  Time for last 1,000,000:    9s.  Last read position: chr11:121,858,524
INFO	2020-01-14 21:43:43	MarkDuplicates	Tracking 928403 as yet unmatched pairs. 1101 records in RAM.
INFO	2020-01-14 21:44:17	MarkDuplicates	Read    70,000,000 records.  Elapsed time: 00:31:58s.  Time for last 1,000,000:   33s.  Last read position: chr12:50,605,430
INFO	2020-01-14 21:44:17	MarkDuplicates	Tracking 909403 as yet unmatched pairs. 74872 records in RAM.
INFO	2020-01-14 21:44:24	MarkDuplicates	Read    71,000,000 records.  Elapsed time: 00:32:04s.  Time for last 1,000,000:    6s.  Last read position: chr12:80,414,505
INFO	2020-01-14 21:44:24	MarkDuplicates	Tracking 893778 as yet unmatched pairs. 43445 records in RAM.
INFO	2020-01-14 21:44:29	MarkDuplicates	Read    72,000,000 records.  Elapsed time: 00:32:10s.  Time for last 1,000,000:    5s.  Last read position: chr12:109,546,374
INFO	2020-01-14 21:44:29	MarkDuplicates	Tracking 877634 as yet unmatched pairs. 13829 records in RAM.
INFO	2020-01-14 21:45:31	MarkDuplicates	Read    73,000,000 records.  Elapsed time: 00:33:12s.  Time for last 1,000,000:   62s.  Last read position: chr13:20,091,670
INFO	2020-01-14 21:45:31	MarkDuplicates	Tracking 860396 as yet unmatched pairs. 98687 records in RAM.
INFO	2020-01-14 21:45:39	MarkDuplicates	Read    74,000,000 records.  Elapsed time: 00:33:20s.  Time for last 1,000,000:    8s.  Last read position: chr13:54,551,014
INFO	2020-01-14 21:45:39	MarkDuplicates	Tracking 840841 as yet unmatched pairs. 66637 records in RAM.
INFO	2020-01-14 21:45:46	MarkDuplicates	Read    75,000,000 records.  Elapsed time: 00:33:27s.  Time for last 1,000,000:    6s.  Last read position: chr13:85,964,107
INFO	2020-01-14 21:45:46	MarkDuplicates	Tracking 823130 as yet unmatched pairs. 36587 records in RAM.
INFO	2020-01-14 21:46:36	MarkDuplicates	Read    76,000,000 records.  Elapsed time: 00:34:17s.  Time for last 1,000,000:   50s.  Last read position: chr14:8,558,025
INFO	2020-01-14 21:46:36	MarkDuplicates	Tracking 798444 as yet unmatched pairs. 119481 records in RAM.
INFO	2020-01-14 21:46:46	MarkDuplicates	Read    77,000,000 records.  Elapsed time: 00:34:27s.  Time for last 1,000,000:   10s.  Last read position: chr14:34,374,796
INFO	2020-01-14 21:46:46	MarkDuplicates	Tracking 780257 as yet unmatched pairs. 92773 records in RAM.
INFO	2020-01-14 21:46:58	MarkDuplicates	Read    78,000,000 records.  Elapsed time: 00:34:38s.  Time for last 1,000,000:   11s.  Last read position: chr14:53,649,690
INFO	2020-01-14 21:46:58	MarkDuplicates	Tracking 766714 as yet unmatched pairs. 72240 records in RAM.
INFO	2020-01-14 21:47:14	MarkDuplicates	Read    79,000,000 records.  Elapsed time: 00:34:55s.  Time for last 1,000,000:   16s.  Last read position: chr14:65,032,199
INFO	2020-01-14 21:47:14	MarkDuplicates	Tracking 753829 as yet unmatched pairs. 53859 records in RAM.
INFO	2020-01-14 21:47:22	MarkDuplicates	Read    80,000,000 records.  Elapsed time: 00:35:02s.  Time for last 1,000,000:    7s.  Last read position: chr14:121,973,668
INFO	2020-01-14 21:47:22	MarkDuplicates	Tracking 718761 as yet unmatched pairs. 3408 records in RAM.
INFO	2020-01-14 21:48:37	MarkDuplicates	Read    81,000,000 records.  Elapsed time: 00:36:18s.  Time for last 1,000,000:   75s.  Last read position: chr15:43,492,347
INFO	2020-01-14 21:48:37	MarkDuplicates	Tracking 688236 as yet unmatched pairs. 73135 records in RAM.
INFO	2020-01-14 21:51:35	MarkDuplicates	Read    82,000,000 records.  Elapsed time: 00:39:16s.  Time for last 1,000,000:  178s.  Last read position: chr15:77,795,954
INFO	2020-01-14 21:51:35	MarkDuplicates	Tracking 665956 as yet unmatched pairs. 43193 records in RAM.
INFO	2020-01-14 21:51:55	MarkDuplicates	Read    83,000,000 records.  Elapsed time: 00:39:36s.  Time for last 1,000,000:   19s.  Last read position: chr15:96,370,398
INFO	2020-01-14 21:51:55	MarkDuplicates	Tracking 644502 as yet unmatched pairs. 15445 records in RAM.
INFO	2020-01-14 21:53:06	MarkDuplicates	Read    84,000,000 records.  Elapsed time: 00:40:46s.  Time for last 1,000,000:   70s.  Last read position: chr16:10,284,426
INFO	2020-01-14 21:53:06	MarkDuplicates	Tracking 625340 as yet unmatched pairs. 121748 records in RAM.
INFO	2020-01-14 21:53:45	MarkDuplicates	Read    85,000,000 records.  Elapsed time: 00:41:26s.  Time for last 1,000,000:   39s.  Last read position: chr16:29,228,330
INFO	2020-01-14 21:53:45	MarkDuplicates	Tracking 594847 as yet unmatched pairs. 83132 records in RAM.
INFO	2020-01-14 21:54:11	MarkDuplicates	Read    86,000,000 records.  Elapsed time: 00:41:52s.  Time for last 1,000,000:   25s.  Last read position: chr16:56,029,637
INFO	2020-01-14 21:54:11	MarkDuplicates	Tracking 565443 as yet unmatched pairs. 46882 records in RAM.
INFO	2020-01-14 21:54:28	MarkDuplicates	Read    87,000,000 records.  Elapsed time: 00:42:09s.  Time for last 1,000,000:   17s.  Last read position: chr16:97,803,763
INFO	2020-01-14 21:54:28	MarkDuplicates	Tracking 529003 as yet unmatched pairs. 2339 records in RAM.
INFO	2020-01-14 21:55:37	MarkDuplicates	Read    88,000,000 records.  Elapsed time: 00:43:17s.  Time for last 1,000,000:   68s.  Last read position: chr17:24,101,608
INFO	2020-01-14 21:55:37	MarkDuplicates	Tracking 500238 as yet unmatched pairs. 112888 records in RAM.
INFO	2020-01-14 21:55:47	MarkDuplicates	Read    89,000,000 records.  Elapsed time: 00:43:28s.  Time for last 1,000,000:   10s.  Last read position: chr17:34,120,486
INFO	2020-01-14 21:55:47	MarkDuplicates	Tracking 484375 as yet unmatched pairs. 94184 records in RAM.
INFO	2020-01-14 21:56:26	MarkDuplicates	Read    90,000,000 records.  Elapsed time: 00:44:07s.  Time for last 1,000,000:   39s.  Last read position: chr17:47,141,194
INFO	2020-01-14 21:56:26	MarkDuplicates	Tracking 461674 as yet unmatched pairs. 68495 records in RAM.
INFO	2020-01-14 21:56:43	MarkDuplicates	Read    91,000,000 records.  Elapsed time: 00:44:24s.  Time for last 1,000,000:   17s.  Last read position: chr17:78,303,052
INFO	2020-01-14 21:56:43	MarkDuplicates	Tracking 424041 as yet unmatched pairs. 25708 records in RAM.
INFO	2020-01-14 21:57:07	MarkDuplicates	Read    92,000,000 records.  Elapsed time: 00:44:47s.  Time for last 1,000,000:   23s.  Last read position: chr18:22,769,891
INFO	2020-01-14 21:57:07	MarkDuplicates	Tracking 375889 as yet unmatched pairs. 90902 records in RAM.
INFO	2020-01-14 21:57:20	MarkDuplicates	Read    93,000,000 records.  Elapsed time: 00:45:00s.  Time for last 1,000,000:   13s.  Last read position: chr18:39,414,350
INFO	2020-01-14 21:57:20	MarkDuplicates	Tracking 353968 as yet unmatched pairs. 66214 records in RAM.
INFO	2020-01-14 21:57:31	MarkDuplicates	Read    94,000,000 records.  Elapsed time: 00:45:11s.  Time for last 1,000,000:   10s.  Last read position: chr18:73,639,592
INFO	2020-01-14 21:57:31	MarkDuplicates	Tracking 314566 as yet unmatched pairs. 22675 records in RAM.
INFO	2020-01-14 21:57:48	MarkDuplicates	Read    95,000,000 records.  Elapsed time: 00:45:29s.  Time for last 1,000,000:   17s.  Last read position: chr19:6,989,775
INFO	2020-01-14 21:57:48	MarkDuplicates	Tracking 286586 as yet unmatched pairs. 88897 records in RAM.
INFO	2020-01-14 21:57:57	MarkDuplicates	Read    96,000,000 records.  Elapsed time: 00:45:38s.  Time for last 1,000,000:    9s.  Last read position: chr19:32,388,432
INFO	2020-01-14 21:57:57	MarkDuplicates	Tracking 254251 as yet unmatched pairs. 54196 records in RAM.
INFO	2020-01-14 21:58:18	MarkDuplicates	Read    97,000,000 records.  Elapsed time: 00:45:58s.  Time for last 1,000,000:   20s.  Last read position: chr19:53,677,358
INFO	2020-01-14 21:58:18	MarkDuplicates	Tracking 217284 as yet unmatched pairs. 15081 records in RAM.
INFO	2020-01-14 21:58:49	MarkDuplicates	Read    98,000,000 records.  Elapsed time: 00:46:30s.  Time for last 1,000,000:   31s.  Last read position: chrX:42,234,656
INFO	2020-01-14 21:58:49	MarkDuplicates	Tracking 169057 as yet unmatched pairs. 149814 records in RAM.
INFO	2020-01-14 21:58:58	MarkDuplicates	Read    99,000,000 records.  Elapsed time: 00:46:38s.  Time for last 1,000,000:    8s.  Last read position: chrX:92,176,152
INFO	2020-01-14 21:58:58	MarkDuplicates	Tracking 113649 as yet unmatched pairs. 94105 records in RAM.
INFO	2020-01-14 21:59:13	MarkDuplicates	Read   100,000,000 records.  Elapsed time: 00:46:54s.  Time for last 1,000,000:   15s.  Last read position: chrX:139,210,728
INFO	2020-01-14 21:59:13	MarkDuplicates	Tracking 61548 as yet unmatched pairs. 41692 records in RAM.
INFO	2020-01-14 21:59:26	MarkDuplicates	Read 100950667 records. 0 pairs never matched.
INFO	2020-01-14 22:02:17	MarkDuplicates	After buildSortedReadEndLists freeMemory: 10430438536; totalMemory: 21794127872; maxMemory: 28631367680
INFO	2020-01-14 22:02:17	MarkDuplicates	Will retain up to 894730240 duplicate indices before spilling to disk.
INFO	2020-01-14 22:02:25	MarkDuplicates	Traversing read pair information and detecting duplicates.
INFO	2020-01-14 22:07:59	MarkDuplicates	Traversing fragment information and detecting duplicates.
INFO	2020-01-14 22:08:26	MarkDuplicates	Sorting list of duplicate records.
INFO	2020-01-14 22:08:37	MarkDuplicates	After generateDuplicateIndexes freeMemory: 24233599768; totalMemory: 31551651840; maxMemory: 31551651840
INFO	2020-01-14 22:08:37	MarkDuplicates	Marking 33107203 records as duplicates.
INFO	2020-01-14 22:08:37	MarkDuplicates	Found 254199 optical duplicate clusters.
INFO	2020-01-14 22:08:37	MarkDuplicates	Reads are assumed to be ordered by: coordinate
INFO	2020-01-14 22:14:35	MarkDuplicates	Written    10,000,000 records.  Elapsed time: 00:05:57s.  Time for last 10,000,000:  357s.  Last read position: chr2:76,746,027
INFO	2020-01-14 22:17:16	MarkDuplicates	Written    20,000,000 records.  Elapsed time: 00:08:38s.  Time for last 10,000,000:  160s.  Last read position: chr3:122,549,321
INFO	2020-01-14 22:20:27	MarkDuplicates	Written    30,000,000 records.  Elapsed time: 00:11:49s.  Time for last 10,000,000:  191s.  Last read position: chr5:65,449,805
INFO	2020-01-14 22:24:19	MarkDuplicates	Written    40,000,000 records.  Elapsed time: 00:15:41s.  Time for last 10,000,000:  232s.  Last read position: chr7:12,495,163
INFO	2020-01-14 22:28:09	MarkDuplicates	Written    50,000,000 records.  Elapsed time: 00:19:31s.  Time for last 10,000,000:  229s.  Last read position: chr8:105,989,395
INFO	2020-01-14 22:31:12	MarkDuplicates	Written    60,000,000 records.  Elapsed time: 00:22:34s.  Time for last 10,000,000:  182s.  Last read position: chr10:123,059,195
INFO	2020-01-14 22:35:09	MarkDuplicates	Written    70,000,000 records.  Elapsed time: 00:26:31s.  Time for last 10,000,000:  237s.  Last read position: chr12:50,605,430
INFO	2020-01-14 22:40:00	MarkDuplicates	Written    80,000,000 records.  Elapsed time: 00:31:23s.  Time for last 10,000,000:  291s.  Last read position: chr14:121,973,668
INFO	2020-01-14 22:44:29	MarkDuplicates	Written    90,000,000 records.  Elapsed time: 00:35:51s.  Time for last 10,000,000:  268s.  Last read position: chr17:47,141,194
INFO	2020-01-14 22:49:24	MarkDuplicates	Written   100,000,000 records.  Elapsed time: 00:40:46s.  Time for last 10,000,000:  295s.  Last read position: chrX:139,210,728
INFO	2020-01-14 22:50:41	MarkDuplicates	Writing complete. Closing input iterator.
INFO	2020-01-14 22:50:41	MarkDuplicates	Duplicate Index cleanup.
INFO	2020-01-14 22:50:41	MarkDuplicates	Getting Memory Stats.
INFO	2020-01-14 22:50:42	MarkDuplicates	Before output close freeMemory: 31064602544; totalMemory: 31262244864; maxMemory: 31262244864
INFO	2020-01-14 22:50:42	MarkDuplicates	Closed outputs. Getting more Memory Stats.
INFO	2020-01-14 22:50:43	MarkDuplicates	After output close freeMemory: 30910986160; totalMemory: 31108628480; maxMemory: 31108628480
[Tue Jan 14 22:50:43 UTC 2020] picard.sam.markduplicates.MarkDuplicates done. Elapsed time: 98.64 minutes.
Runtime.totalMemory()=31108628480
