INFO	2020-01-15 03:13:06	MarkDuplicates	

********** NOTE: Picard's command line syntax is changing.
**********
********** For more information, please see:
********** https://github.com/broadinstitute/picard/wiki/Command-Line-Syntax-Transition-For-Users-(Pre-Transition)
**********
********** The command line looks like this in the new syntax:
**********
**********    MarkDuplicates -I /scratch/gregg_thomas/Murinae-seq/03B-MappedMouse/Rattus-colletti/Rattus-colletti.sorted.bam -O /scratch/gregg_thomas/Murinae-seq/03B-MappedMouse/Rattus-colletti/Rattus-colletti.sorted.mkdup.bam -M /scratch/gregg_thomas/Murinae-seq/03B-MappedMouse/Rattus-colletti/Rattus-colletti-mkdup-metrics.txt
**********


03:13:07.491 INFO  NativeLibraryLoader - Loading libgkl_compression.so from jar:file:/home/gregg_thomas/bin/picard.jar!/com/intel/gkl/native/libgkl_compression.so
[Wed Jan 15 03:13:07 UTC 2020] MarkDuplicates INPUT=[/scratch/gregg_thomas/Murinae-seq/03B-MappedMouse/Rattus-colletti/Rattus-colletti.sorted.bam] OUTPUT=/scratch/gregg_thomas/Murinae-seq/03B-MappedMouse/Rattus-colletti/Rattus-colletti.sorted.mkdup.bam METRICS_FILE=/scratch/gregg_thomas/Murinae-seq/03B-MappedMouse/Rattus-colletti/Rattus-colletti-mkdup-metrics.txt    MAX_SEQUENCES_FOR_DISK_READ_ENDS_MAP=50000 MAX_FILE_HANDLES_FOR_READ_ENDS_MAP=8000 SORTING_COLLECTION_SIZE_RATIO=0.25 TAG_DUPLICATE_SET_MEMBERS=false REMOVE_SEQUENCING_DUPLICATES=false TAGGING_POLICY=DontTag CLEAR_DT=true DUPLEX_UMI=false ADD_PG_TAG_TO_READS=true REMOVE_DUPLICATES=false ASSUME_SORTED=false DUPLICATE_SCORING_STRATEGY=SUM_OF_BASE_QUALITIES PROGRAM_RECORD_ID=MarkDuplicates PROGRAM_GROUP_NAME=MarkDuplicates READ_NAME_REGEX=<optimized capture of last three ':' separated fields as numeric values> OPTICAL_DUPLICATE_PIXEL_DISTANCE=100 MAX_OPTICAL_DUPLICATE_SET_SIZE=300000 VERBOSITY=INFO QUIET=false VALIDATION_STRINGENCY=STRICT COMPRESSION_LEVEL=5 MAX_RECORDS_IN_RAM=500000 CREATE_INDEX=false CREATE_MD5_FILE=false GA4GH_CLIENT_SECRETS=client_secrets.json USE_JDK_DEFLATER=false USE_JDK_INFLATER=false
[Wed Jan 15 03:13:07 UTC 2020] Executing as gregg_thomas@ecae4883a231 on Linux 4.4.0-104-generic amd64; Java HotSpot(TM) 64-Bit Server VM 1.8.0_221-b11; Deflater: Intel; Inflater: Intel; Provider GCS is not available; Picard version: 2.20.6-SNAPSHOT
INFO	2020-01-15 03:13:08	MarkDuplicates	Start of doWork freeMemory: 2037675184; totalMemory: 2058354688; maxMemory: 28631367680
INFO	2020-01-15 03:13:08	MarkDuplicates	Reading input file and constructing read end information.
INFO	2020-01-15 03:13:08	MarkDuplicates	Will retain up to 103736839 data points before spilling to disk.
INFO	2020-01-15 03:14:02	MarkDuplicates	Read     1,000,000 records.  Elapsed time: 00:00:40s.  Time for last 1,000,000:   40s.  Last read position: chr1:76,067,888
INFO	2020-01-15 03:14:02	MarkDuplicates	Tracking 53063 as yet unmatched pairs. 2321 records in RAM.
INFO	2020-01-15 03:14:14	MarkDuplicates	Read     2,000,000 records.  Elapsed time: 00:00:52s.  Time for last 1,000,000:   11s.  Last read position: chr1:155,278,994
INFO	2020-01-15 03:14:14	MarkDuplicates	Tracking 106009 as yet unmatched pairs. 2421 records in RAM.
INFO	2020-01-15 03:14:29	MarkDuplicates	Read     3,000,000 records.  Elapsed time: 00:01:07s.  Time for last 1,000,000:   15s.  Last read position: chr2:25,644,743
INFO	2020-01-15 03:14:29	MarkDuplicates	Tracking 150035 as yet unmatched pairs. 10651 records in RAM.
INFO	2020-01-15 03:15:22	MarkDuplicates	Read     4,000,000 records.  Elapsed time: 00:02:00s.  Time for last 1,000,000:   53s.  Last read position: chr2:73,818,138
INFO	2020-01-15 03:15:22	MarkDuplicates	Tracking 183410 as yet unmatched pairs. 9241 records in RAM.
INFO	2020-01-15 03:15:27	MarkDuplicates	Read     5,000,000 records.  Elapsed time: 00:02:06s.  Time for last 1,000,000:    5s.  Last read position: chr2:125,116,654
INFO	2020-01-15 03:15:27	MarkDuplicates	Tracking 215817 as yet unmatched pairs. 6203 records in RAM.
INFO	2020-01-15 03:15:39	MarkDuplicates	Read     6,000,000 records.  Elapsed time: 00:02:17s.  Time for last 1,000,000:   11s.  Last read position: chr2:167,948,953
INFO	2020-01-15 03:15:39	MarkDuplicates	Tracking 246375 as yet unmatched pairs. 1717 records in RAM.
INFO	2020-01-15 03:16:30	MarkDuplicates	Read     7,000,000 records.  Elapsed time: 00:03:08s.  Time for last 1,000,000:   50s.  Last read position: chr3:82,380,124
INFO	2020-01-15 03:16:30	MarkDuplicates	Tracking 289411 as yet unmatched pairs. 11182 records in RAM.
INFO	2020-01-15 03:17:11	MarkDuplicates	Read     8,000,000 records.  Elapsed time: 00:03:49s.  Time for last 1,000,000:   41s.  Last read position: chr3:126,684,669
INFO	2020-01-15 03:17:11	MarkDuplicates	Tracking 313585 as yet unmatched pairs. 4587 records in RAM.
INFO	2020-01-15 03:17:30	MarkDuplicates	Read     9,000,000 records.  Elapsed time: 00:04:08s.  Time for last 1,000,000:   19s.  Last read position: chr4:53,553,483
INFO	2020-01-15 03:17:30	MarkDuplicates	Tracking 347416 as yet unmatched pairs. 19047 records in RAM.
INFO	2020-01-15 03:18:23	MarkDuplicates	Read    10,000,000 records.  Elapsed time: 00:05:01s.  Time for last 1,000,000:   52s.  Last read position: chr4:123,190,775
INFO	2020-01-15 03:18:23	MarkDuplicates	Tracking 374789 as yet unmatched pairs. 9302 records in RAM.
INFO	2020-01-15 03:19:04	MarkDuplicates	Read    11,000,000 records.  Elapsed time: 00:05:42s.  Time for last 1,000,000:   40s.  Last read position: chr5:3,363,016
INFO	2020-01-15 03:19:04	MarkDuplicates	Tracking 396924 as yet unmatched pairs. 33862 records in RAM.
INFO	2020-01-15 03:19:22	MarkDuplicates	Read    12,000,000 records.  Elapsed time: 00:06:01s.  Time for last 1,000,000:   18s.  Last read position: chr5:75,027,185
INFO	2020-01-15 03:19:22	MarkDuplicates	Tracking 419877 as yet unmatched pairs. 21295 records in RAM.
INFO	2020-01-15 03:19:48	MarkDuplicates	Read    13,000,000 records.  Elapsed time: 00:06:27s.  Time for last 1,000,000:   26s.  Last read position: chr5:129,794,546
INFO	2020-01-15 03:19:48	MarkDuplicates	Tracking 442056 as yet unmatched pairs. 8191 records in RAM.
INFO	2020-01-15 03:21:15	MarkDuplicates	Read    14,000,000 records.  Elapsed time: 00:07:53s.  Time for last 1,000,000:   86s.  Last read position: chr6:40,122,764
INFO	2020-01-15 03:21:15	MarkDuplicates	Tracking 460990 as yet unmatched pairs. 28190 records in RAM.
INFO	2020-01-15 03:21:23	MarkDuplicates	Read    15,000,000 records.  Elapsed time: 00:08:01s.  Time for last 1,000,000:    8s.  Last read position: chr6:115,804,081
INFO	2020-01-15 03:21:23	MarkDuplicates	Tracking 476086 as yet unmatched pairs. 11327 records in RAM.
INFO	2020-01-15 03:21:36	MarkDuplicates	Read    16,000,000 records.  Elapsed time: 00:08:14s.  Time for last 1,000,000:   13s.  Last read position: chr7:24,981,572
INFO	2020-01-15 03:21:36	MarkDuplicates	Tracking 488424 as yet unmatched pairs. 40349 records in RAM.
INFO	2020-01-15 03:23:05	MarkDuplicates	Read    17,000,000 records.  Elapsed time: 00:09:44s.  Time for last 1,000,000:   89s.  Last read position: chr7:80,502,587
INFO	2020-01-15 03:23:05	MarkDuplicates	Tracking 497733 as yet unmatched pairs. 24397 records in RAM.
INFO	2020-01-15 03:23:20	MarkDuplicates	Read    18,000,000 records.  Elapsed time: 00:09:59s.  Time for last 1,000,000:   14s.  Last read position: chr7:128,703,593
INFO	2020-01-15 03:23:20	MarkDuplicates	Tracking 504902 as yet unmatched pairs. 7095 records in RAM.
INFO	2020-01-15 03:23:48	MarkDuplicates	Read    19,000,000 records.  Elapsed time: 00:10:26s.  Time for last 1,000,000:   27s.  Last read position: chr8:64,056,246
INFO	2020-01-15 03:23:48	MarkDuplicates	Tracking 511921 as yet unmatched pairs. 27868 records in RAM.
INFO	2020-01-15 03:24:11	MarkDuplicates	Read    20,000,000 records.  Elapsed time: 00:10:49s.  Time for last 1,000,000:   23s.  Last read position: chr8:114,424,252
INFO	2020-01-15 03:24:11	MarkDuplicates	Tracking 515279 as yet unmatched pairs. 8019 records in RAM.
INFO	2020-01-15 03:24:51	MarkDuplicates	Read    21,000,000 records.  Elapsed time: 00:11:29s.  Time for last 1,000,000:   39s.  Last read position: chr9:55,185,628
INFO	2020-01-15 03:24:51	MarkDuplicates	Tracking 516154 as yet unmatched pairs. 31907 records in RAM.
INFO	2020-01-15 03:25:08	MarkDuplicates	Read    22,000,000 records.  Elapsed time: 00:11:46s.  Time for last 1,000,000:   16s.  Last read position: chr9:108,833,176
INFO	2020-01-15 03:25:08	MarkDuplicates	Tracking 514061 as yet unmatched pairs. 8255 records in RAM.
INFO	2020-01-15 03:25:46	MarkDuplicates	Read    23,000,000 records.  Elapsed time: 00:12:24s.  Time for last 1,000,000:   37s.  Last read position: chr10:63,273,491
INFO	2020-01-15 03:25:46	MarkDuplicates	Tracking 508259 as yet unmatched pairs. 33915 records in RAM.
INFO	2020-01-15 03:25:53	MarkDuplicates	Read    24,000,000 records.  Elapsed time: 00:12:31s.  Time for last 1,000,000:    7s.  Last read position: chr10:128,798,860
INFO	2020-01-15 03:25:53	MarkDuplicates	Tracking 499798 as yet unmatched pairs. 1005 records in RAM.
INFO	2020-01-15 03:26:12	MarkDuplicates	Read    25,000,000 records.  Elapsed time: 00:12:50s.  Time for last 1,000,000:   19s.  Last read position: chr11:59,080,622
INFO	2020-01-15 03:26:12	MarkDuplicates	Tracking 490883 as yet unmatched pairs. 46979 records in RAM.
INFO	2020-01-15 03:27:08	MarkDuplicates	Read    26,000,000 records.  Elapsed time: 00:13:47s.  Time for last 1,000,000:   56s.  Last read position: chr11:84,293,888
INFO	2020-01-15 03:27:08	MarkDuplicates	Tracking 484986 as yet unmatched pairs. 30747 records in RAM.
INFO	2020-01-15 03:27:15	MarkDuplicates	Read    27,000,000 records.  Elapsed time: 00:13:54s.  Time for last 1,000,000:    6s.  Last read position: chr11:110,089,817
INFO	2020-01-15 03:27:15	MarkDuplicates	Tracking 475427 as yet unmatched pairs. 9430 records in RAM.
INFO	2020-01-15 03:27:33	MarkDuplicates	Read    28,000,000 records.  Elapsed time: 00:14:12s.  Time for last 1,000,000:   18s.  Last read position: chr12:69,722,109
INFO	2020-01-15 03:27:33	MarkDuplicates	Tracking 456957 as yet unmatched pairs. 30578 records in RAM.
INFO	2020-01-15 03:27:58	MarkDuplicates	Read    29,000,000 records.  Elapsed time: 00:14:36s.  Time for last 1,000,000:   24s.  Last read position: chr13:17,772,794
INFO	2020-01-15 03:27:58	MarkDuplicates	Tracking 435723 as yet unmatched pairs. 52651 records in RAM.
INFO	2020-01-15 03:28:05	MarkDuplicates	Read    30,000,000 records.  Elapsed time: 00:14:43s.  Time for last 1,000,000:    7s.  Last read position: chr13:99,954,610
INFO	2020-01-15 03:28:05	MarkDuplicates	Tracking 409940 as yet unmatched pairs. 10483 records in RAM.
INFO	2020-01-15 03:28:28	MarkDuplicates	Read    31,000,000 records.  Elapsed time: 00:15:06s.  Time for last 1,000,000:   22s.  Last read position: chr14:53,443,310
INFO	2020-01-15 03:28:28	MarkDuplicates	Tracking 386839 as yet unmatched pairs. 37758 records in RAM.
INFO	2020-01-15 03:29:04	MarkDuplicates	Read    32,000,000 records.  Elapsed time: 00:15:43s.  Time for last 1,000,000:   36s.  Last read position: chr15:28,715,961
INFO	2020-01-15 03:29:04	MarkDuplicates	Tracking 351684 as yet unmatched pairs. 46813 records in RAM.
INFO	2020-01-15 03:29:12	MarkDuplicates	Read    33,000,000 records.  Elapsed time: 00:15:50s.  Time for last 1,000,000:    7s.  Last read position: chr15:96,404,899
INFO	2020-01-15 03:29:12	MarkDuplicates	Tracking 322608 as yet unmatched pairs. 8280 records in RAM.
INFO	2020-01-15 03:29:31	MarkDuplicates	Read    34,000,000 records.  Elapsed time: 00:16:09s.  Time for last 1,000,000:   18s.  Last read position: chr16:37,631,760
INFO	2020-01-15 03:29:31	MarkDuplicates	Tracking 292060 as yet unmatched pairs. 34129 records in RAM.
INFO	2020-01-15 03:30:03	MarkDuplicates	Read    35,000,000 records.  Elapsed time: 00:16:41s.  Time for last 1,000,000:   32s.  Last read position: chr17:25,750,337
INFO	2020-01-15 03:30:03	MarkDuplicates	Tracking 251979 as yet unmatched pairs. 55435 records in RAM.
INFO	2020-01-15 03:30:44	MarkDuplicates	Read    36,000,000 records.  Elapsed time: 00:17:22s.  Time for last 1,000,000:   41s.  Last read position: chr17:70,820,484
INFO	2020-01-15 03:30:44	MarkDuplicates	Tracking 219673 as yet unmatched pairs. 18251 records in RAM.
INFO	2020-01-15 03:31:40	MarkDuplicates	Read    37,000,000 records.  Elapsed time: 00:18:18s.  Time for last 1,000,000:   55s.  Last read position: chr18:52,372,996
INFO	2020-01-15 03:31:40	MarkDuplicates	Tracking 171661 as yet unmatched pairs. 26745 records in RAM.
INFO	2020-01-15 03:31:59	MarkDuplicates	Read    38,000,000 records.  Elapsed time: 00:18:37s.  Time for last 1,000,000:   18s.  Last read position: chr19:24,136,716
INFO	2020-01-15 03:31:59	MarkDuplicates	Tracking 130402 as yet unmatched pairs. 33744 records in RAM.
INFO	2020-01-15 03:33:14	MarkDuplicates	Read    39,000,000 records.  Elapsed time: 00:19:52s.  Time for last 1,000,000:   75s.  Last read position: chrX:61,785,854
INFO	2020-01-15 03:33:14	MarkDuplicates	Tracking 72172 as yet unmatched pairs. 64817 records in RAM.
INFO	2020-01-15 03:33:22	MarkDuplicates	Read 39843436 records. 0 pairs never matched.
INFO	2020-01-15 03:33:55	MarkDuplicates	After buildSortedReadEndLists freeMemory: 11591035392; totalMemory: 16614162432; maxMemory: 28631367680
INFO	2020-01-15 03:33:55	MarkDuplicates	Will retain up to 894730240 duplicate indices before spilling to disk.
INFO	2020-01-15 03:34:02	MarkDuplicates	Traversing read pair information and detecting duplicates.
INFO	2020-01-15 03:37:20	MarkDuplicates	Traversing fragment information and detecting duplicates.
INFO	2020-01-15 03:37:27	MarkDuplicates	Sorting list of duplicate records.
INFO	2020-01-15 03:37:30	MarkDuplicates	After generateDuplicateIndexes freeMemory: 20467265792; totalMemory: 27754758144; maxMemory: 28631367680
INFO	2020-01-15 03:37:30	MarkDuplicates	Marking 8324783 records as duplicates.
INFO	2020-01-15 03:37:30	MarkDuplicates	Found 1161 optical duplicate clusters.
INFO	2020-01-15 03:37:30	MarkDuplicates	Reads are assumed to be ordered by: coordinate
INFO	2020-01-15 03:40:37	MarkDuplicates	Written    10,000,000 records.  Elapsed time: 00:03:06s.  Time for last 10,000,000:  186s.  Last read position: chr4:123,190,775
INFO	2020-01-15 03:44:51	MarkDuplicates	Written    20,000,000 records.  Elapsed time: 00:07:20s.  Time for last 10,000,000:  254s.  Last read position: chr8:114,424,252
INFO	2020-01-15 03:49:05	MarkDuplicates	Written    30,000,000 records.  Elapsed time: 00:11:34s.  Time for last 10,000,000:  253s.  Last read position: chr13:99,954,610
INFO	2020-01-15 03:52:05	MarkDuplicates	Written    40,000,000 records.  Elapsed time: 00:14:34s.  Time for last 10,000,000:  179s.  Last read position: */*
INFO	2020-01-15 03:52:30	MarkDuplicates	Writing complete. Closing input iterator.
INFO	2020-01-15 03:52:30	MarkDuplicates	Duplicate Index cleanup.
INFO	2020-01-15 03:52:30	MarkDuplicates	Getting Memory Stats.
INFO	2020-01-15 03:52:31	MarkDuplicates	Before output close freeMemory: 27175430240; totalMemory: 27374125056; maxMemory: 28631367680
INFO	2020-01-15 03:52:31	MarkDuplicates	Closed outputs. Getting more Memory Stats.
INFO	2020-01-15 03:52:31	MarkDuplicates	After output close freeMemory: 27591405176; totalMemory: 27790409728; maxMemory: 28631367680
[Wed Jan 15 03:52:31 UTC 2020] picard.sam.markduplicates.MarkDuplicates done. Elapsed time: 39.41 minutes.
Runtime.totalMemory()=27790409728
