INFO	2020-01-14 22:44:35	MarkDuplicates	

********** NOTE: Picard's command line syntax is changing.
**********
********** For more information, please see:
********** https://github.com/broadinstitute/picard/wiki/Command-Line-Syntax-Transition-For-Users-(Pre-Transition)
**********
********** The command line looks like this in the new syntax:
**********
**********    MarkDuplicates -I /scratch/gregg_thomas/Murinae-seq/03B-MappedMouse/Thamnomys-sp./Thamnomys-sp..sorted.bam -O /scratch/gregg_thomas/Murinae-seq/03B-MappedMouse/Thamnomys-sp./Thamnomys-sp..sorted.mkdup.bam -M /scratch/gregg_thomas/Murinae-seq/03B-MappedMouse/Thamnomys-sp./Thamnomys-sp.-mkdup-metrics.txt
**********


22:44:36.604 INFO  NativeLibraryLoader - Loading libgkl_compression.so from jar:file:/home/gregg_thomas/bin/picard.jar!/com/intel/gkl/native/libgkl_compression.so
[Tue Jan 14 22:44:36 UTC 2020] MarkDuplicates INPUT=[/scratch/gregg_thomas/Murinae-seq/03B-MappedMouse/Thamnomys-sp./Thamnomys-sp..sorted.bam] OUTPUT=/scratch/gregg_thomas/Murinae-seq/03B-MappedMouse/Thamnomys-sp./Thamnomys-sp..sorted.mkdup.bam METRICS_FILE=/scratch/gregg_thomas/Murinae-seq/03B-MappedMouse/Thamnomys-sp./Thamnomys-sp.-mkdup-metrics.txt    MAX_SEQUENCES_FOR_DISK_READ_ENDS_MAP=50000 MAX_FILE_HANDLES_FOR_READ_ENDS_MAP=8000 SORTING_COLLECTION_SIZE_RATIO=0.25 TAG_DUPLICATE_SET_MEMBERS=false REMOVE_SEQUENCING_DUPLICATES=false TAGGING_POLICY=DontTag CLEAR_DT=true DUPLEX_UMI=false ADD_PG_TAG_TO_READS=true REMOVE_DUPLICATES=false ASSUME_SORTED=false DUPLICATE_SCORING_STRATEGY=SUM_OF_BASE_QUALITIES PROGRAM_RECORD_ID=MarkDuplicates PROGRAM_GROUP_NAME=MarkDuplicates READ_NAME_REGEX=<optimized capture of last three ':' separated fields as numeric values> OPTICAL_DUPLICATE_PIXEL_DISTANCE=100 MAX_OPTICAL_DUPLICATE_SET_SIZE=300000 VERBOSITY=INFO QUIET=false VALIDATION_STRINGENCY=STRICT COMPRESSION_LEVEL=5 MAX_RECORDS_IN_RAM=500000 CREATE_INDEX=false CREATE_MD5_FILE=false GA4GH_CLIENT_SECRETS=client_secrets.json USE_JDK_DEFLATER=false USE_JDK_INFLATER=false
[Tue Jan 14 22:44:36 UTC 2020] Executing as gregg_thomas@ecae4883a231 on Linux 4.4.0-104-generic amd64; Java HotSpot(TM) 64-Bit Server VM 1.8.0_221-b11; Deflater: Intel; Inflater: Intel; Provider GCS is not available; Picard version: 2.20.6-SNAPSHOT
INFO	2020-01-14 22:44:37	MarkDuplicates	Start of doWork freeMemory: 2037674824; totalMemory: 2058354688; maxMemory: 28631367680
INFO	2020-01-14 22:44:37	MarkDuplicates	Reading input file and constructing read end information.
INFO	2020-01-14 22:44:37	MarkDuplicates	Will retain up to 103736839 data points before spilling to disk.
INFO	2020-01-14 22:45:19	MarkDuplicates	Read     1,000,000 records.  Elapsed time: 00:00:36s.  Time for last 1,000,000:   36s.  Last read position: chr1:74,471,386
INFO	2020-01-14 22:45:19	MarkDuplicates	Tracking 54532 as yet unmatched pairs. 2987 records in RAM.
INFO	2020-01-14 22:45:48	MarkDuplicates	Read     2,000,000 records.  Elapsed time: 00:01:05s.  Time for last 1,000,000:   28s.  Last read position: chr1:151,350,997
INFO	2020-01-14 22:45:48	MarkDuplicates	Tracking 106628 as yet unmatched pairs. 2113 records in RAM.
INFO	2020-01-14 22:46:13	MarkDuplicates	Read     3,000,000 records.  Elapsed time: 00:01:30s.  Time for last 1,000,000:   24s.  Last read position: chr2:18,847,404
INFO	2020-01-14 22:46:13	MarkDuplicates	Tracking 154043 as yet unmatched pairs. 12237 records in RAM.
INFO	2020-01-14 22:46:52	MarkDuplicates	Read     4,000,000 records.  Elapsed time: 00:02:09s.  Time for last 1,000,000:   38s.  Last read position: chr2:66,024,100
INFO	2020-01-14 22:46:52	MarkDuplicates	Tracking 186508 as yet unmatched pairs. 10718 records in RAM.
INFO	2020-01-14 22:47:21	MarkDuplicates	Read     5,000,000 records.  Elapsed time: 00:02:38s.  Time for last 1,000,000:   29s.  Last read position: chr2:114,197,392
INFO	2020-01-14 22:47:21	MarkDuplicates	Tracking 217191 as yet unmatched pairs. 7581 records in RAM.
INFO	2020-01-14 22:47:38	MarkDuplicates	Read     6,000,000 records.  Elapsed time: 00:02:55s.  Time for last 1,000,000:   17s.  Last read position: chr2:154,361,338
INFO	2020-01-14 22:47:38	MarkDuplicates	Tracking 250316 as yet unmatched pairs. 4422 records in RAM.
INFO	2020-01-14 22:49:04	MarkDuplicates	Read     7,000,000 records.  Elapsed time: 00:04:21s.  Time for last 1,000,000:   86s.  Last read position: chr3:37,026,078
INFO	2020-01-14 22:49:04	MarkDuplicates	Tracking 288071 as yet unmatched pairs. 15471 records in RAM.
INFO	2020-01-14 22:49:15	MarkDuplicates	Read     8,000,000 records.  Elapsed time: 00:04:32s.  Time for last 1,000,000:   10s.  Last read position: chr3:98,382,453
INFO	2020-01-14 22:49:15	MarkDuplicates	Tracking 324313 as yet unmatched pairs. 8832 records in RAM.
INFO	2020-01-14 22:50:04	MarkDuplicates	Read     9,000,000 records.  Elapsed time: 00:05:21s.  Time for last 1,000,000:   49s.  Last read position: chr4:8,867,587
INFO	2020-01-14 22:50:04	MarkDuplicates	Tracking 356599 as yet unmatched pairs. 27109 records in RAM.
INFO	2020-01-14 22:50:09	MarkDuplicates	Read    10,000,000 records.  Elapsed time: 00:05:26s.  Time for last 1,000,000:    5s.  Last read position: chr4:81,378,142
INFO	2020-01-14 22:50:09	MarkDuplicates	Tracking 387792 as yet unmatched pairs. 19031 records in RAM.
INFO	2020-01-14 22:50:15	MarkDuplicates	Read    11,000,000 records.  Elapsed time: 00:05:32s.  Time for last 1,000,000:    6s.  Last read position: chr4:128,773,048
INFO	2020-01-14 22:50:15	MarkDuplicates	Tracking 413532 as yet unmatched pairs. 10260 records in RAM.
INFO	2020-01-14 22:51:15	MarkDuplicates	Read    12,000,000 records.  Elapsed time: 00:06:32s.  Time for last 1,000,000:   59s.  Last read position: chr5:8,520,780
INFO	2020-01-14 22:51:15	MarkDuplicates	Tracking 434518 as yet unmatched pairs. 38172 records in RAM.
INFO	2020-01-14 22:51:23	MarkDuplicates	Read    13,000,000 records.  Elapsed time: 00:06:40s.  Time for last 1,000,000:    7s.  Last read position: chr5:74,482,081
INFO	2020-01-14 22:51:23	MarkDuplicates	Tracking 456748 as yet unmatched pairs. 23745 records in RAM.
INFO	2020-01-14 22:51:36	MarkDuplicates	Read    14,000,000 records.  Elapsed time: 00:06:53s.  Time for last 1,000,000:   12s.  Last read position: chr5:124,713,286
INFO	2020-01-14 22:51:36	MarkDuplicates	Tracking 479685 as yet unmatched pairs. 10612 records in RAM.
INFO	2020-01-14 22:52:34	MarkDuplicates	Read    15,000,000 records.  Elapsed time: 00:07:51s.  Time for last 1,000,000:   58s.  Last read position: chr6:32,150,049
INFO	2020-01-14 22:52:34	MarkDuplicates	Tracking 498176 as yet unmatched pairs. 32613 records in RAM.
INFO	2020-01-14 22:53:18	MarkDuplicates	Read    16,000,000 records.  Elapsed time: 00:08:35s.  Time for last 1,000,000:   43s.  Last read position: chr6:97,131,312
INFO	2020-01-14 22:53:18	MarkDuplicates	Tracking 513665 as yet unmatched pairs. 16362 records in RAM.
INFO	2020-01-14 22:53:53	MarkDuplicates	Read    17,000,000 records.  Elapsed time: 00:09:10s.  Time for last 1,000,000:   34s.  Last read position: chr7:6,962,207
INFO	2020-01-14 22:53:53	MarkDuplicates	Tracking 529443 as yet unmatched pairs. 47000 records in RAM.
INFO	2020-01-14 22:55:20	MarkDuplicates	Read    18,000,000 records.  Elapsed time: 00:10:37s.  Time for last 1,000,000:   86s.  Last read position: chr7:55,798,666
INFO	2020-01-14 22:55:20	MarkDuplicates	Tracking 540011 as yet unmatched pairs. 32560 records in RAM.
INFO	2020-01-14 22:55:38	MarkDuplicates	Read    19,000,000 records.  Elapsed time: 00:10:54s.  Time for last 1,000,000:   17s.  Last read position: chr7:119,718,151
INFO	2020-01-14 22:55:38	MarkDuplicates	Tracking 550689 as yet unmatched pairs. 12553 records in RAM.
INFO	2020-01-14 22:55:57	MarkDuplicates	Read    20,000,000 records.  Elapsed time: 00:11:14s.  Time for last 1,000,000:   19s.  Last read position: chr8:31,918,457
INFO	2020-01-14 22:55:57	MarkDuplicates	Tracking 556020 as yet unmatched pairs. 40188 records in RAM.
INFO	2020-01-14 22:56:15	MarkDuplicates	Read    21,000,000 records.  Elapsed time: 00:11:32s.  Time for last 1,000,000:   18s.  Last read position: chr8:104,507,728
INFO	2020-01-14 22:56:15	MarkDuplicates	Tracking 560945 as yet unmatched pairs. 15746 records in RAM.
INFO	2020-01-14 22:56:38	MarkDuplicates	Read    22,000,000 records.  Elapsed time: 00:11:55s.  Time for last 1,000,000:   22s.  Last read position: chr9:36,051,482
INFO	2020-01-14 22:56:38	MarkDuplicates	Tracking 564586 as yet unmatched pairs. 43547 records in RAM.
INFO	2020-01-14 22:56:57	MarkDuplicates	Read    23,000,000 records.  Elapsed time: 00:12:14s.  Time for last 1,000,000:   18s.  Last read position: chr9:86,487,207
INFO	2020-01-14 22:56:57	MarkDuplicates	Tracking 564861 as yet unmatched pairs. 20957 records in RAM.
INFO	2020-01-14 22:57:30	MarkDuplicates	Read    24,000,000 records.  Elapsed time: 00:12:47s.  Time for last 1,000,000:   32s.  Last read position: chr10:12,633,940
INFO	2020-01-14 22:57:30	MarkDuplicates	Tracking 561461 as yet unmatched pairs. 57691 records in RAM.
INFO	2020-01-14 22:57:36	MarkDuplicates	Read    25,000,000 records.  Elapsed time: 00:12:53s.  Time for last 1,000,000:    6s.  Last read position: chr10:82,378,744
INFO	2020-01-14 22:57:36	MarkDuplicates	Tracking 557282 as yet unmatched pairs. 25829 records in RAM.
INFO	2020-01-14 22:58:45	MarkDuplicates	Read    26,000,000 records.  Elapsed time: 00:14:02s.  Time for last 1,000,000:   69s.  Last read position: chr11:21,886,207
INFO	2020-01-14 22:58:45	MarkDuplicates	Tracking 546364 as yet unmatched pairs. 74733 records in RAM.
INFO	2020-01-14 22:58:55	MarkDuplicates	Read    27,000,000 records.  Elapsed time: 00:14:12s.  Time for last 1,000,000:    9s.  Last read position: chr11:67,092,458
INFO	2020-01-14 22:58:55	MarkDuplicates	Tracking 537694 as yet unmatched pairs. 50128 records in RAM.
INFO	2020-01-14 22:59:09	MarkDuplicates	Read    28,000,000 records.  Elapsed time: 00:14:26s.  Time for last 1,000,000:   14s.  Last read position: chr11:87,803,394
INFO	2020-01-14 22:59:09	MarkDuplicates	Tracking 528408 as yet unmatched pairs. 30475 records in RAM.
INFO	2020-01-14 23:00:28	MarkDuplicates	Read    29,000,000 records.  Elapsed time: 00:15:45s.  Time for last 1,000,000:   78s.  Last read position: chr11:110,269,405
INFO	2020-01-14 23:00:28	MarkDuplicates	Tracking 523878 as yet unmatched pairs. 14015 records in RAM.
INFO	2020-01-14 23:00:45	MarkDuplicates	Read    30,000,000 records.  Elapsed time: 00:16:02s.  Time for last 1,000,000:   16s.  Last read position: chr12:57,466,551
INFO	2020-01-14 23:00:45	MarkDuplicates	Tracking 504454 as yet unmatched pairs. 38261 records in RAM.
INFO	2020-01-14 23:01:13	MarkDuplicates	Read    31,000,000 records.  Elapsed time: 00:16:30s.  Time for last 1,000,000:   28s.  Last read position: chr13:4,279,164
INFO	2020-01-14 23:01:13	MarkDuplicates	Tracking 482961 as yet unmatched pairs. 70003 records in RAM.
INFO	2020-01-14 23:01:41	MarkDuplicates	Read    32,000,000 records.  Elapsed time: 00:16:58s.  Time for last 1,000,000:   27s.  Last read position: chr13:73,915,455
INFO	2020-01-14 23:01:41	MarkDuplicates	Tracking 459183 as yet unmatched pairs. 30512 records in RAM.
INFO	2020-01-14 23:02:00	MarkDuplicates	Read    33,000,000 records.  Elapsed time: 00:17:17s.  Time for last 1,000,000:   19s.  Last read position: chr14:32,463,428
INFO	2020-01-14 23:02:00	MarkDuplicates	Tracking 429125 as yet unmatched pairs. 49768 records in RAM.
INFO	2020-01-14 23:02:20	MarkDuplicates	Read    34,000,000 records.  Elapsed time: 00:17:37s.  Time for last 1,000,000:   19s.  Last read position: chr14:116,501,123
INFO	2020-01-14 23:02:20	MarkDuplicates	Tracking 397583 as yet unmatched pairs. 5145 records in RAM.
INFO	2020-01-14 23:03:05	MarkDuplicates	Read    35,000,000 records.  Elapsed time: 00:18:22s.  Time for last 1,000,000:   45s.  Last read position: chr15:81,648,322
INFO	2020-01-14 23:03:05	MarkDuplicates	Tracking 360825 as yet unmatched pairs. 19614 records in RAM.
INFO	2020-01-14 23:03:35	MarkDuplicates	Read    36,000,000 records.  Elapsed time: 00:18:52s.  Time for last 1,000,000:   30s.  Last read position: chr16:26,676,918
INFO	2020-01-14 23:03:35	MarkDuplicates	Tracking 327331 as yet unmatched pairs. 49558 records in RAM.
INFO	2020-01-14 23:04:07	MarkDuplicates	Read    37,000,000 records.  Elapsed time: 00:19:24s.  Time for last 1,000,000:   32s.  Last read position: chr16:97,454,175
INFO	2020-01-14 23:04:07	MarkDuplicates	Tracking 287463 as yet unmatched pairs. 1006 records in RAM.
INFO	2020-01-14 23:04:53	MarkDuplicates	Read    38,000,000 records.  Elapsed time: 00:20:10s.  Time for last 1,000,000:   45s.  Last read position: chr17:35,380,602
INFO	2020-01-14 23:04:53	MarkDuplicates	Tracking 273864 as yet unmatched pairs. 61380 records in RAM.
INFO	2020-01-14 23:05:15	MarkDuplicates	Read    39,000,000 records.  Elapsed time: 00:20:32s.  Time for last 1,000,000:   21s.  Last read position: chr18:10,084,239
INFO	2020-01-14 23:05:15	MarkDuplicates	Tracking 213916 as yet unmatched pairs. 57861 records in RAM.
INFO	2020-01-14 23:05:42	MarkDuplicates	Read    40,000,000 records.  Elapsed time: 00:20:59s.  Time for last 1,000,000:   27s.  Last read position: chr18:73,675,174
INFO	2020-01-14 23:05:42	MarkDuplicates	Tracking 171720 as yet unmatched pairs. 11096 records in RAM.
INFO	2020-01-14 23:06:03	MarkDuplicates	Read    41,000,000 records.  Elapsed time: 00:21:20s.  Time for last 1,000,000:   20s.  Last read position: chr19:39,186,435
INFO	2020-01-14 23:06:03	MarkDuplicates	Tracking 130308 as yet unmatched pairs. 19442 records in RAM.
INFO	2020-01-14 23:06:30	MarkDuplicates	Read    42,000,000 records.  Elapsed time: 00:21:47s.  Time for last 1,000,000:   27s.  Last read position: chrX:85,202,601
INFO	2020-01-14 23:06:30	MarkDuplicates	Tracking 65174 as yet unmatched pairs. 56068 records in RAM.
INFO	2020-01-14 23:07:33	MarkDuplicates	Read 42702125 records. 0 pairs never matched.
INFO	2020-01-14 23:08:17	MarkDuplicates	After buildSortedReadEndLists freeMemory: 12035297792; totalMemory: 17437818880; maxMemory: 28631367680
INFO	2020-01-14 23:08:17	MarkDuplicates	Will retain up to 894730240 duplicate indices before spilling to disk.
INFO	2020-01-14 23:08:23	MarkDuplicates	Traversing read pair information and detecting duplicates.
INFO	2020-01-14 23:10:54	MarkDuplicates	Traversing fragment information and detecting duplicates.
INFO	2020-01-14 23:10:57	MarkDuplicates	Sorting list of duplicate records.
INFO	2020-01-14 23:10:59	MarkDuplicates	After generateDuplicateIndexes freeMemory: 20363099720; totalMemory: 27658813440; maxMemory: 28631367680
INFO	2020-01-14 23:10:59	MarkDuplicates	Marking 16549142 records as duplicates.
INFO	2020-01-14 23:10:59	MarkDuplicates	Found 331824 optical duplicate clusters.
INFO	2020-01-14 23:10:59	MarkDuplicates	Reads are assumed to be ordered by: coordinate
INFO	2020-01-14 23:14:18	MarkDuplicates	Written    10,000,000 records.  Elapsed time: 00:03:19s.  Time for last 10,000,000:  199s.  Last read position: chr4:81,378,142
INFO	2020-01-14 23:18:19	MarkDuplicates	Written    20,000,000 records.  Elapsed time: 00:07:19s.  Time for last 10,000,000:  240s.  Last read position: chr8:31,918,457
INFO	2020-01-14 23:22:47	MarkDuplicates	Written    30,000,000 records.  Elapsed time: 00:11:48s.  Time for last 10,000,000:  268s.  Last read position: chr12:57,466,551
INFO	2020-01-14 23:27:01	MarkDuplicates	Written    40,000,000 records.  Elapsed time: 00:16:02s.  Time for last 10,000,000:  253s.  Last read position: chr18:73,675,174
INFO	2020-01-14 23:28:04	MarkDuplicates	Writing complete. Closing input iterator.
INFO	2020-01-14 23:28:04	MarkDuplicates	Duplicate Index cleanup.
INFO	2020-01-14 23:28:04	MarkDuplicates	Getting Memory Stats.
INFO	2020-01-14 23:28:04	MarkDuplicates	Before output close freeMemory: 27224255216; totalMemory: 27428126720; maxMemory: 28631367680
INFO	2020-01-14 23:28:04	MarkDuplicates	Closed outputs. Getting more Memory Stats.
INFO	2020-01-14 23:28:05	MarkDuplicates	After output close freeMemory: 27533060848; totalMemory: 27736932352; maxMemory: 28631367680
[Tue Jan 14 23:28:05 UTC 2020] picard.sam.markduplicates.MarkDuplicates done. Elapsed time: 43.48 minutes.
Runtime.totalMemory()=27736932352
