INFO	2020-01-15 03:23:24	MarkDuplicates	

********** NOTE: Picard's command line syntax is changing.
**********
********** For more information, please see:
********** https://github.com/broadinstitute/picard/wiki/Command-Line-Syntax-Transition-For-Users-(Pre-Transition)
**********
********** The command line looks like this in the new syntax:
**********
**********    MarkDuplicates -I /scratch/gregg_thomas/Murinae-seq/03B-MappedMouse/Zyzomys-maini/Zyzomys-maini.sorted.bam -O /scratch/gregg_thomas/Murinae-seq/03B-MappedMouse/Zyzomys-maini/Zyzomys-maini.sorted.mkdup.bam -M /scratch/gregg_thomas/Murinae-seq/03B-MappedMouse/Zyzomys-maini/Zyzomys-maini-mkdup-metrics.txt
**********


03:23:25.468 INFO  NativeLibraryLoader - Loading libgkl_compression.so from jar:file:/home/gregg_thomas/bin/picard.jar!/com/intel/gkl/native/libgkl_compression.so
[Wed Jan 15 03:23:25 UTC 2020] MarkDuplicates INPUT=[/scratch/gregg_thomas/Murinae-seq/03B-MappedMouse/Zyzomys-maini/Zyzomys-maini.sorted.bam] OUTPUT=/scratch/gregg_thomas/Murinae-seq/03B-MappedMouse/Zyzomys-maini/Zyzomys-maini.sorted.mkdup.bam METRICS_FILE=/scratch/gregg_thomas/Murinae-seq/03B-MappedMouse/Zyzomys-maini/Zyzomys-maini-mkdup-metrics.txt    MAX_SEQUENCES_FOR_DISK_READ_ENDS_MAP=50000 MAX_FILE_HANDLES_FOR_READ_ENDS_MAP=8000 SORTING_COLLECTION_SIZE_RATIO=0.25 TAG_DUPLICATE_SET_MEMBERS=false REMOVE_SEQUENCING_DUPLICATES=false TAGGING_POLICY=DontTag CLEAR_DT=true DUPLEX_UMI=false ADD_PG_TAG_TO_READS=true REMOVE_DUPLICATES=false ASSUME_SORTED=false DUPLICATE_SCORING_STRATEGY=SUM_OF_BASE_QUALITIES PROGRAM_RECORD_ID=MarkDuplicates PROGRAM_GROUP_NAME=MarkDuplicates READ_NAME_REGEX=<optimized capture of last three ':' separated fields as numeric values> OPTICAL_DUPLICATE_PIXEL_DISTANCE=100 MAX_OPTICAL_DUPLICATE_SET_SIZE=300000 VERBOSITY=INFO QUIET=false VALIDATION_STRINGENCY=STRICT COMPRESSION_LEVEL=5 MAX_RECORDS_IN_RAM=500000 CREATE_INDEX=false CREATE_MD5_FILE=false GA4GH_CLIENT_SECRETS=client_secrets.json USE_JDK_DEFLATER=false USE_JDK_INFLATER=false
[Wed Jan 15 03:23:25 UTC 2020] Executing as gregg_thomas@ecae4883a231 on Linux 4.4.0-104-generic amd64; Java HotSpot(TM) 64-Bit Server VM 1.8.0_221-b11; Deflater: Intel; Inflater: Intel; Provider GCS is not available; Picard version: 2.20.6-SNAPSHOT
INFO	2020-01-15 03:23:26	MarkDuplicates	Start of doWork freeMemory: 2037674984; totalMemory: 2058354688; maxMemory: 28631367680
INFO	2020-01-15 03:23:26	MarkDuplicates	Reading input file and constructing read end information.
INFO	2020-01-15 03:23:26	MarkDuplicates	Will retain up to 103736839 data points before spilling to disk.
INFO	2020-01-15 03:23:50	MarkDuplicates	Read     1,000,000 records.  Elapsed time: 00:00:23s.  Time for last 1,000,000:   23s.  Last read position: chr1:62,216,713
INFO	2020-01-15 03:23:50	MarkDuplicates	Tracking 119773 as yet unmatched pairs. 2185 records in RAM.
INFO	2020-01-15 03:24:20	MarkDuplicates	Read     2,000,000 records.  Elapsed time: 00:00:54s.  Time for last 1,000,000:   30s.  Last read position: chr1:138,825,704
INFO	2020-01-15 03:24:20	MarkDuplicates	Tracking 172501 as yet unmatched pairs. 2129 records in RAM.
INFO	2020-01-15 03:24:37	MarkDuplicates	Read     3,000,000 records.  Elapsed time: 00:01:11s.  Time for last 1,000,000:   16s.  Last read position: chr2:19,689,782
INFO	2020-01-15 03:24:37	MarkDuplicates	Tracking 224453 as yet unmatched pairs. 26397 records in RAM.
INFO	2020-01-15 03:25:10	MarkDuplicates	Read     4,000,000 records.  Elapsed time: 00:01:43s.  Time for last 1,000,000:   32s.  Last read position: chr2:69,503,299
INFO	2020-01-15 03:25:10	MarkDuplicates	Tracking 258276 as yet unmatched pairs. 24963 records in RAM.
INFO	2020-01-15 03:25:20	MarkDuplicates	Read     5,000,000 records.  Elapsed time: 00:01:54s.  Time for last 1,000,000:   10s.  Last read position: chr2:121,373,652
INFO	2020-01-15 03:25:20	MarkDuplicates	Tracking 291848 as yet unmatched pairs. 21947 records in RAM.
INFO	2020-01-15 03:25:59	MarkDuplicates	Read     6,000,000 records.  Elapsed time: 00:02:33s.  Time for last 1,000,000:   38s.  Last read position: chr2:165,278,318
INFO	2020-01-15 03:25:59	MarkDuplicates	Tracking 315012 as yet unmatched pairs. 2433 records in RAM.
INFO	2020-01-15 03:26:33	MarkDuplicates	Read     7,000,000 records.  Elapsed time: 00:03:06s.  Time for last 1,000,000:   33s.  Last read position: chr3:84,220,518
INFO	2020-01-15 03:26:33	MarkDuplicates	Tracking 359738 as yet unmatched pairs. 10022 records in RAM.
INFO	2020-01-15 03:27:16	MarkDuplicates	Read     8,000,000 records.  Elapsed time: 00:03:50s.  Time for last 1,000,000:   43s.  Last read position: chr3:134,796,501
INFO	2020-01-15 03:27:16	MarkDuplicates	Tracking 388442 as yet unmatched pairs. 3014 records in RAM.
INFO	2020-01-15 03:27:25	MarkDuplicates	Read     9,000,000 records.  Elapsed time: 00:03:59s.  Time for last 1,000,000:    9s.  Last read position: chr4:63,544,407
INFO	2020-01-15 03:27:25	MarkDuplicates	Tracking 423983 as yet unmatched pairs. 18852 records in RAM.
INFO	2020-01-15 03:28:09	MarkDuplicates	Read    10,000,000 records.  Elapsed time: 00:04:43s.  Time for last 1,000,000:   43s.  Last read position: chr4:129,083,945
INFO	2020-01-15 03:28:09	MarkDuplicates	Tracking 462214 as yet unmatched pairs. 19881 records in RAM.
INFO	2020-01-15 03:28:31	MarkDuplicates	Read    11,000,000 records.  Elapsed time: 00:05:05s.  Time for last 1,000,000:   21s.  Last read position: chr4:154,156,443
INFO	2020-01-15 03:28:31	MarkDuplicates	Tracking 469576 as yet unmatched pairs. 770 records in RAM.
INFO	2020-01-15 03:28:41	MarkDuplicates	Read    12,000,000 records.  Elapsed time: 00:05:15s.  Time for last 1,000,000:   10s.  Last read position: chr5:72,619,145
INFO	2020-01-15 03:28:41	MarkDuplicates	Tracking 493060 as yet unmatched pairs. 23481 records in RAM.
INFO	2020-01-15 03:29:00	MarkDuplicates	Read    13,000,000 records.  Elapsed time: 00:05:34s.  Time for last 1,000,000:   18s.  Last read position: chr5:124,833,966
INFO	2020-01-15 03:29:00	MarkDuplicates	Tracking 517165 as yet unmatched pairs. 10408 records in RAM.
INFO	2020-01-15 03:29:33	MarkDuplicates	Read    14,000,000 records.  Elapsed time: 00:06:06s.  Time for last 1,000,000:   32s.  Last read position: chr6:37,958,555
INFO	2020-01-15 03:29:33	MarkDuplicates	Tracking 539002 as yet unmatched pairs. 28155 records in RAM.
INFO	2020-01-15 03:29:40	MarkDuplicates	Read    15,000,000 records.  Elapsed time: 00:06:13s.  Time for last 1,000,000:    6s.  Last read position: chr6:115,611,871
INFO	2020-01-15 03:29:40	MarkDuplicates	Tracking 554897 as yet unmatched pairs. 10786 records in RAM.
INFO	2020-01-15 03:30:09	MarkDuplicates	Read    16,000,000 records.  Elapsed time: 00:06:42s.  Time for last 1,000,000:   29s.  Last read position: chr7:25,472,010
INFO	2020-01-15 03:30:09	MarkDuplicates	Tracking 568169 as yet unmatched pairs. 39056 records in RAM.
INFO	2020-01-15 03:30:41	MarkDuplicates	Read    17,000,000 records.  Elapsed time: 00:07:15s.  Time for last 1,000,000:   32s.  Last read position: chr7:80,904,405
INFO	2020-01-15 03:30:41	MarkDuplicates	Tracking 576985 as yet unmatched pairs. 22888 records in RAM.
INFO	2020-01-15 03:31:01	MarkDuplicates	Read    18,000,000 records.  Elapsed time: 00:07:35s.  Time for last 1,000,000:   20s.  Last read position: chr7:131,103,651
INFO	2020-01-15 03:31:01	MarkDuplicates	Tracking 582954 as yet unmatched pairs. 5046 records in RAM.
INFO	2020-01-15 03:31:44	MarkDuplicates	Read    19,000,000 records.  Elapsed time: 00:08:18s.  Time for last 1,000,000:   42s.  Last read position: chr8:55,080,134
INFO	2020-01-15 03:31:44	MarkDuplicates	Tracking 588892 as yet unmatched pairs. 98018 records in RAM.
INFO	2020-01-15 03:32:07	MarkDuplicates	Read    20,000,000 records.  Elapsed time: 00:08:40s.  Time for last 1,000,000:   22s.  Last read position: chr8:75,030,752
INFO	2020-01-15 03:32:07	MarkDuplicates	Tracking 549934 as yet unmatched pairs. 50191 records in RAM.
INFO	2020-01-15 03:32:15	MarkDuplicates	Read    21,000,000 records.  Elapsed time: 00:08:48s.  Time for last 1,000,000:    8s.  Last read position: chr8:105,426,811
INFO	2020-01-15 03:32:15	MarkDuplicates	Tracking 528784 as yet unmatched pairs. 11805 records in RAM.
INFO	2020-01-15 03:32:52	MarkDuplicates	Read    22,000,000 records.  Elapsed time: 00:09:25s.  Time for last 1,000,000:   37s.  Last read position: chr9:44,806,185
INFO	2020-01-15 03:32:52	MarkDuplicates	Tracking 530484 as yet unmatched pairs. 37816 records in RAM.
INFO	2020-01-15 03:33:20	MarkDuplicates	Read    23,000,000 records.  Elapsed time: 00:09:53s.  Time for last 1,000,000:   27s.  Last read position: chr9:105,835,818
INFO	2020-01-15 03:33:20	MarkDuplicates	Tracking 529518 as yet unmatched pairs. 11615 records in RAM.
INFO	2020-01-15 03:33:37	MarkDuplicates	Read    24,000,000 records.  Elapsed time: 00:10:11s.  Time for last 1,000,000:   17s.  Last read position: chr10:41,513,232
INFO	2020-01-15 03:33:37	MarkDuplicates	Tracking 525541 as yet unmatched pairs. 42891 records in RAM.
INFO	2020-01-15 03:33:43	MarkDuplicates	Read    25,000,000 records.  Elapsed time: 00:10:17s.  Time for last 1,000,000:    6s.  Last read position: chr10:112,177,853
INFO	2020-01-15 03:33:43	MarkDuplicates	Tracking 519140 as yet unmatched pairs. 10527 records in RAM.
INFO	2020-01-15 03:34:04	MarkDuplicates	Read    26,000,000 records.  Elapsed time: 00:10:37s.  Time for last 1,000,000:   20s.  Last read position: chr11:50,382,493
INFO	2020-01-15 03:34:04	MarkDuplicates	Tracking 510869 as yet unmatched pairs. 55304 records in RAM.
INFO	2020-01-15 03:34:08	MarkDuplicates	Read    27,000,000 records.  Elapsed time: 00:10:42s.  Time for last 1,000,000:    4s.  Last read position: chr11:77,785,585
INFO	2020-01-15 03:34:08	MarkDuplicates	Tracking 502712 as yet unmatched pairs. 35650 records in RAM.
INFO	2020-01-15 03:34:21	MarkDuplicates	Read    28,000,000 records.  Elapsed time: 00:10:55s.  Time for last 1,000,000:   13s.  Last read position: chr11:103,534,679
INFO	2020-01-15 03:34:21	MarkDuplicates	Tracking 493433 as yet unmatched pairs. 14801 records in RAM.
INFO	2020-01-15 03:35:47	MarkDuplicates	Read    29,000,000 records.  Elapsed time: 00:12:20s.  Time for last 1,000,000:   85s.  Last read position: chr12:52,516,587
INFO	2020-01-15 03:35:47	MarkDuplicates	Tracking 478576 as yet unmatched pairs. 37390 records in RAM.
INFO	2020-01-15 03:36:11	MarkDuplicates	Read    30,000,000 records.  Elapsed time: 00:12:45s.  Time for last 1,000,000:   24s.  Last read position: chr13:10,944,759
INFO	2020-01-15 03:36:11	MarkDuplicates	Tracking 456500 as yet unmatched pairs. 61076 records in RAM.
INFO	2020-01-15 03:36:18	MarkDuplicates	Read    31,000,000 records.  Elapsed time: 00:12:51s.  Time for last 1,000,000:    6s.  Last read position: chr13:91,493,080
INFO	2020-01-15 03:36:18	MarkDuplicates	Tracking 431036 as yet unmatched pairs. 19743 records in RAM.
INFO	2020-01-15 03:36:52	MarkDuplicates	Read    32,000,000 records.  Elapsed time: 00:13:25s.  Time for last 1,000,000:   33s.  Last read position: chr14:30,911,886
INFO	2020-01-15 03:36:52	MarkDuplicates	Tracking 411070 as yet unmatched pairs. 46014 records in RAM.
INFO	2020-01-15 03:37:11	MarkDuplicates	Read    33,000,000 records.  Elapsed time: 00:13:45s.  Time for last 1,000,000:   19s.  Last read position: chr14:121,466,184
INFO	2020-01-15 03:37:11	MarkDuplicates	Tracking 381259 as yet unmatched pairs. 2134 records in RAM.
INFO	2020-01-15 03:37:29	MarkDuplicates	Read    34,000,000 records.  Elapsed time: 00:14:03s.  Time for last 1,000,000:   17s.  Last read position: chr15:83,620,533
INFO	2020-01-15 03:37:29	MarkDuplicates	Tracking 347099 as yet unmatched pairs. 17360 records in RAM.
INFO	2020-01-15 03:38:07	MarkDuplicates	Read    35,000,000 records.  Elapsed time: 00:14:41s.  Time for last 1,000,000:   38s.  Last read position: chr16:31,787,995
INFO	2020-01-15 03:38:07	MarkDuplicates	Tracking 315501 as yet unmatched pairs. 37477 records in RAM.
INFO	2020-01-15 03:38:54	MarkDuplicates	Read    36,000,000 records.  Elapsed time: 00:15:28s.  Time for last 1,000,000:   47s.  Last read position: chr17:23,816,035
INFO	2020-01-15 03:38:54	MarkDuplicates	Tracking 275028 as yet unmatched pairs. 59880 records in RAM.
INFO	2020-01-15 03:39:11	MarkDuplicates	Read    37,000,000 records.  Elapsed time: 00:15:45s.  Time for last 1,000,000:   16s.  Last read position: chr17:55,953,586
INFO	2020-01-15 03:39:11	MarkDuplicates	Tracking 246180 as yet unmatched pairs. 26860 records in RAM.
INFO	2020-01-15 03:39:31	MarkDuplicates	Read    38,000,000 records.  Elapsed time: 00:16:05s.  Time for last 1,000,000:   20s.  Last read position: chr18:37,807,246
INFO	2020-01-15 03:39:31	MarkDuplicates	Tracking 199434 as yet unmatched pairs. 35785 records in RAM.
INFO	2020-01-15 03:39:54	MarkDuplicates	Read    39,000,000 records.  Elapsed time: 00:16:27s.  Time for last 1,000,000:   22s.  Last read position: chr19:11,914,333
INFO	2020-01-15 03:39:54	MarkDuplicates	Tracking 157810 as yet unmatched pairs. 39187 records in RAM.
INFO	2020-01-15 03:40:29	MarkDuplicates	Read    40,000,000 records.  Elapsed time: 00:17:02s.  Time for last 1,000,000:   35s.  Last read position: chrX:36,902,626
INFO	2020-01-15 03:40:29	MarkDuplicates	Tracking 104597 as yet unmatched pairs. 99325 records in RAM.
INFO	2020-01-15 03:40:56	MarkDuplicates	Read    41,000,000 records.  Elapsed time: 00:17:30s.  Time for last 1,000,000:   27s.  Last read position: chrX:95,022,463
INFO	2020-01-15 03:40:56	MarkDuplicates	Tracking 62206 as yet unmatched pairs. 56746 records in RAM.
INFO	2020-01-15 03:42:31	MarkDuplicates	Read    42,000,000 records.  Elapsed time: 00:19:04s.  Time for last 1,000,000:   94s.  Last read position: chrX:155,053,821
INFO	2020-01-15 03:42:31	MarkDuplicates	Tracking 18341 as yet unmatched pairs. 12751 records in RAM.
INFO	2020-01-15 03:42:33	MarkDuplicates	Read 42201118 records. 0 pairs never matched.
INFO	2020-01-15 03:43:16	MarkDuplicates	After buildSortedReadEndLists freeMemory: 11683205608; totalMemory: 17021534208; maxMemory: 28631367680
INFO	2020-01-15 03:43:16	MarkDuplicates	Will retain up to 894730240 duplicate indices before spilling to disk.
INFO	2020-01-15 03:43:19	MarkDuplicates	Traversing read pair information and detecting duplicates.
INFO	2020-01-15 03:45:34	MarkDuplicates	Traversing fragment information and detecting duplicates.
INFO	2020-01-15 03:45:38	MarkDuplicates	Sorting list of duplicate records.
INFO	2020-01-15 03:45:39	MarkDuplicates	After generateDuplicateIndexes freeMemory: 19291923080; totalMemory: 26581925888; maxMemory: 28631367680
INFO	2020-01-15 03:45:39	MarkDuplicates	Marking 8936494 records as duplicates.
INFO	2020-01-15 03:45:39	MarkDuplicates	Found 1214 optical duplicate clusters.
INFO	2020-01-15 03:45:39	MarkDuplicates	Reads are assumed to be ordered by: coordinate
INFO	2020-01-15 03:49:08	MarkDuplicates	Written    10,000,000 records.  Elapsed time: 00:03:28s.  Time for last 10,000,000:  208s.  Last read position: chr4:129,083,945
INFO	2020-01-15 03:52:14	MarkDuplicates	Written    20,000,000 records.  Elapsed time: 00:06:34s.  Time for last 10,000,000:  185s.  Last read position: chr8:75,030,752
INFO	2020-01-15 03:55:26	MarkDuplicates	Written    30,000,000 records.  Elapsed time: 00:09:46s.  Time for last 10,000,000:  192s.  Last read position: chr13:10,944,759
INFO	2020-01-15 03:59:18	MarkDuplicates	Written    40,000,000 records.  Elapsed time: 00:13:38s.  Time for last 10,000,000:  231s.  Last read position: chrX:36,902,626
INFO	2020-01-15 04:00:01	MarkDuplicates	Writing complete. Closing input iterator.
INFO	2020-01-15 04:00:01	MarkDuplicates	Duplicate Index cleanup.
INFO	2020-01-15 04:00:01	MarkDuplicates	Getting Memory Stats.
INFO	2020-01-15 04:00:03	MarkDuplicates	Before output close freeMemory: 26600954304; totalMemory: 26803175424; maxMemory: 28631367680
INFO	2020-01-15 04:00:03	MarkDuplicates	Closed outputs. Getting more Memory Stats.
INFO	2020-01-15 04:00:03	MarkDuplicates	After output close freeMemory: 26979490240; totalMemory: 27181711360; maxMemory: 28631367680
[Wed Jan 15 04:00:03 UTC 2020] picard.sam.markduplicates.MarkDuplicates done. Elapsed time: 36.64 minutes.
Runtime.totalMemory()=27181711360
