java -ea -Xmx10g -Xms10g -cp /home/gregg_thomas/bin/bbmap/current/ align2.BBSplitter ow=t fastareadlen=500 minhits=1 minratio=0.56 maxindel=20 qtrim=rl untrim=t trimq=6 -Xmx10g t=1 in1=/scratch/gregg_thomas/Murinae-seq/01-Fastp/Limnomys-sibuanus/hiseq4000-paired-1/SM089_CKDL190143343-1a-D707-AK1543_H7275BBXX_L2_R1_.fastp.fastq.gz in2=/scratch/gregg_thomas/Murinae-seq/01-Fastp/Limnomys-sibuanus/hiseq4000-paired-1/SM089_CKDL190143343-1a-D707-AK1543_H7275BBXX_L2_R2_.fastp.fastq.gz ref=/scratch/gregg_thomas/Murinae-seq/Contamination_Genomes/ path=/scratch/gregg_thomas/Murinae-seq/Contamination_Genomes/ minid=0.95 outu1=/scratch/gregg_thomas/Murinae-seq/02-Decon/Limnomys-sibuanus/hiseq4000-paired-1/SM089_CKDL190143343-1a-D707-AK1543_H7275BBXX_L2_R1_.fastp.decon.fastq.gz outu2=/scratch/gregg_thomas/Murinae-seq/02-Decon/Limnomys-sibuanus/hiseq4000-paired-1/SM089_CKDL190143343-1a-D707-AK1543_H7275BBXX_L2_R2_.fastp.decon.fastq.gz
Executing align2.BBSplitter [ow=t, fastareadlen=500, minhits=1, minratio=0.56, maxindel=20, qtrim=rl, untrim=t, trimq=6, -Xmx10g, t=1, in1=/scratch/gregg_thomas/Murinae-seq/01-Fastp/Limnomys-sibuanus/hiseq4000-paired-1/SM089_CKDL190143343-1a-D707-AK1543_H7275BBXX_L2_R1_.fastp.fastq.gz, in2=/scratch/gregg_thomas/Murinae-seq/01-Fastp/Limnomys-sibuanus/hiseq4000-paired-1/SM089_CKDL190143343-1a-D707-AK1543_H7275BBXX_L2_R2_.fastp.fastq.gz, ref=/scratch/gregg_thomas/Murinae-seq/Contamination_Genomes/, path=/scratch/gregg_thomas/Murinae-seq/Contamination_Genomes/, minid=0.95, outu1=/scratch/gregg_thomas/Murinae-seq/02-Decon/Limnomys-sibuanus/hiseq4000-paired-1/SM089_CKDL190143343-1a-D707-AK1543_H7275BBXX_L2_R1_.fastp.decon.fastq.gz, outu2=/scratch/gregg_thomas/Murinae-seq/02-Decon/Limnomys-sibuanus/hiseq4000-paired-1/SM089_CKDL190143343-1a-D707-AK1543_H7275BBXX_L2_R2_.fastp.decon.fastq.gz]

Converted arguments to [ow=t, fastareadlen=500, minhits=1, minratio=0.56, maxindel=20, qtrim=rl, untrim=t, trimq=6, t=1, in1=/scratch/gregg_thomas/Murinae-seq/01-Fastp/Limnomys-sibuanus/hiseq4000-paired-1/SM089_CKDL190143343-1a-D707-AK1543_H7275BBXX_L2_R1_.fastp.fastq.gz, in2=/scratch/gregg_thomas/Murinae-seq/01-Fastp/Limnomys-sibuanus/hiseq4000-paired-1/SM089_CKDL190143343-1a-D707-AK1543_H7275BBXX_L2_R2_.fastp.fastq.gz, path=/scratch/gregg_thomas/Murinae-seq/Contamination_Genomes/, minid=0.95, outu1=/scratch/gregg_thomas/Murinae-seq/02-Decon/Limnomys-sibuanus/hiseq4000-paired-1/SM089_CKDL190143343-1a-D707-AK1543_H7275BBXX_L2_R1_.fastp.decon.fastq.gz, outu2=/scratch/gregg_thomas/Murinae-seq/02-Decon/Limnomys-sibuanus/hiseq4000-paired-1/SM089_CKDL190143343-1a-D707-AK1543_H7275BBXX_L2_R2_.fastp.decon.fastq.gz, ref_Alcaligenes=/scratch/gregg_thomas/Murinae-seq/Contamination_Genomes/Alcaligenes.fa, ref_Novosphingobium=/scratch/gregg_thomas/Murinae-seq/Contamination_Genomes/Novosphingobium.fa, ref_Flavobacterium=/scratch/gregg_thomas/Murinae-seq/Contamination_Genomes/Flavobacterium.fa, ref_Ochrobactrum=/scratch/gregg_thomas/Murinae-seq/Contamination_Genomes/Ochrobactrum.fa, ref_Saccharomyces=/scratch/gregg_thomas/Murinae-seq/Contamination_Genomes/Saccharomyces.fa, ref_Scerevisiae=/scratch/gregg_thomas/Murinae-seq/Contamination_Genomes/Scerevisiae.fa, ref_UniVec=/scratch/gregg_thomas/Murinae-seq/Contamination_Genomes/UniVec.fa, ref_Drosophila_melanogaster=/scratch/gregg_thomas/Murinae-seq/Contamination_Genomes/Drosophila_melanogaster.fa, ref_Stenotrophomonas=/scratch/gregg_thomas/Murinae-seq/Contamination_Genomes/Stenotrophomonas.fa, ref_Pseudonocardia=/scratch/gregg_thomas/Murinae-seq/Contamination_Genomes/Pseudonocardia.fa, ref_Staphylococcus=/scratch/gregg_thomas/Murinae-seq/Contamination_Genomes/Staphylococcus.fa, ref_Malassezia=/scratch/gregg_thomas/Murinae-seq/Contamination_Genomes/Malassezia.fa, ref_Leifsonia=/scratch/gregg_thomas/Murinae-seq/Contamination_Genomes/Leifsonia.fa, ref_Achromobacter=/scratch/gregg_thomas/Murinae-seq/Contamination_Genomes/Achromobacter.fa, ref_Herbaspirillum=/scratch/gregg_thomas/Murinae-seq/Contamination_Genomes/Herbaspirillum.fa, ref_Mesorhizobium=/scratch/gregg_thomas/Murinae-seq/Contamination_Genomes/Mesorhizobium.fa, ref_Pedobacter=/scratch/gregg_thomas/Murinae-seq/Contamination_Genomes/Pedobacter.fa, ref_Burkholderia=/scratch/gregg_thomas/Murinae-seq/Contamination_Genomes/Burkholderia.fa, ref_Moraxella=/scratch/gregg_thomas/Murinae-seq/Contamination_Genomes/Moraxella.fa, ref_Acinetobacter=/scratch/gregg_thomas/Murinae-seq/Contamination_Genomes/Acinetobacter.fa, ref_Brevundimonas=/scratch/gregg_thomas/Murinae-seq/Contamination_Genomes/Brevundimonas.fa, ref_Puccinia=/scratch/gregg_thomas/Murinae-seq/Contamination_Genomes/Puccinia.fa, ref_Rhodococcus=/scratch/gregg_thomas/Murinae-seq/Contamination_Genomes/Rhodococcus.fa, ref_Methylobacterium=/scratch/gregg_thomas/Murinae-seq/Contamination_Genomes/Methylobacterium.fa, ref_Aminobacter=/scratch/gregg_thomas/Murinae-seq/Contamination_Genomes/Aminobacter.fa, ref_Schizosaccharomyces=/scratch/gregg_thomas/Murinae-seq/Contamination_Genomes/Schizosaccharomyces.fa, ref_Legionella=/scratch/gregg_thomas/Murinae-seq/Contamination_Genomes/Legionella.fa, ref_Curvibacter=/scratch/gregg_thomas/Murinae-seq/Contamination_Genomes/Curvibacter.fa, ref_Mycoplasma=/scratch/gregg_thomas/Murinae-seq/Contamination_Genomes/Mycoplasma.fa, ref_Magnaporthe=/scratch/gregg_thomas/Murinae-seq/Contamination_Genomes/Magnaporthe.fa, ref_Caenorhabditis=/scratch/gregg_thomas/Murinae-seq/Contamination_Genomes/Caenorhabditis.fa, ref_Sphingomonas=/scratch/gregg_thomas/Murinae-seq/Contamination_Genomes/Sphingomonas.fa, ref_Pseudomonas=/scratch/gregg_thomas/Murinae-seq/Contamination_Genomes/Pseudomonas.fa, ref_Salmonella=/scratch/gregg_thomas/Murinae-seq/Contamination_Genomes/Salmonella.fa, ref_Helcococcus=/scratch/gregg_thomas/Murinae-seq/Contamination_Genomes/Helcococcus.fa, ref_Afipia=/scratch/gregg_thomas/Murinae-seq/Contamination_Genomes/Afipia.fa, ref_Agrobacterium=/scratch/gregg_thomas/Murinae-seq/Contamination_Genomes/Agrobacterium.fa, ref_Phyllobacterium=/scratch/gregg_thomas/Murinae-seq/Contamination_Genomes/Phyllobacterium.fa, ref_Penicillium=/scratch/gregg_thomas/Murinae-seq/Contamination_Genomes/Penicillium.fa, ref_Corynebacterium=/scratch/gregg_thomas/Murinae-seq/Contamination_Genomes/Corynebacterium.fa, ref_Ecoli=/scratch/gregg_thomas/Murinae-seq/Contamination_Genomes/Ecoli.fa, ref_Bradyrhizobium=/scratch/gregg_thomas/Murinae-seq/Contamination_Genomes/Bradyrhizobium.fa, ref_Aspergillus=/scratch/gregg_thomas/Murinae-seq/Contamination_Genomes/Aspergillus.fa, ref_Ralstonia=/scratch/gregg_thomas/Murinae-seq/Contamination_Genomes/Ralstonia.fa, ref_Haemophilus=/scratch/gregg_thomas/Murinae-seq/Contamination_Genomes/Haemophilus.fa, ref_Microbacterium=/scratch/gregg_thomas/Murinae-seq/Contamination_Genomes/Microbacterium.fa, ref_Acidaminococcus=/scratch/gregg_thomas/Murinae-seq/Contamination_Genomes/Acidaminococcus.fa]
Merged reference file /scratch/gregg_thomas/Murinae-seq/Contamination_Genomes/ref/genome/1/merged_ref_5759390567066404624.fa.gz already exists; skipping merge.
Ref merge time:     	0.044 seconds.
Executing align2.BBMap [ow=t, fastareadlen=500, minhits=1, minratio=0.56, maxindel=20, qtrim=rl, untrim=t, trimq=6, t=1, in1=/scratch/gregg_thomas/Murinae-seq/01-Fastp/Limnomys-sibuanus/hiseq4000-paired-1/SM089_CKDL190143343-1a-D707-AK1543_H7275BBXX_L2_R1_.fastp.fastq.gz, in2=/scratch/gregg_thomas/Murinae-seq/01-Fastp/Limnomys-sibuanus/hiseq4000-paired-1/SM089_CKDL190143343-1a-D707-AK1543_H7275BBXX_L2_R2_.fastp.fastq.gz, minid=0.95, outu1=/scratch/gregg_thomas/Murinae-seq/02-Decon/Limnomys-sibuanus/hiseq4000-paired-1/SM089_CKDL190143343-1a-D707-AK1543_H7275BBXX_L2_R1_.fastp.decon.fastq.gz, outu2=/scratch/gregg_thomas/Murinae-seq/02-Decon/Limnomys-sibuanus/hiseq4000-paired-1/SM089_CKDL190143343-1a-D707-AK1543_H7275BBXX_L2_R2_.fastp.decon.fastq.gz, ref=/scratch/gregg_thomas/Murinae-seq/Contamination_Genomes/ref/genome/1/merged_ref_5759390567066404624.fa.gz]
Version 38.73

Set MINIMUM_ALIGNMENT_SCORE_RATIO to 0.560
Set threads to 1
Retaining first best site only for ambiguous mappings.
NOTE:	Ignoring reference file because it already appears to have been processed.
NOTE:	If you wish to regenerate the index, please manually delete /scratch/gregg_thomas/Murinae-seq/Contamination_Genomes/ref/genome/1/summary.txt
Set genome to 1

Loaded Reference:	4.267 seconds.
Loading index for chunk 1-2, build 1
Generated Index:	3.968 seconds.
Analyzed Index:   	6.419 seconds.
Started output stream:	0.082 seconds.
Cleared Memory:    	2.165 seconds.
Processing reads in paired-ended mode.
Started read stream.
Started 1 mapping thread.
Detecting finished threads: 0

   ------------------   Results   ------------------   

Genome:                	1
Key Length:            	13
Max Indel:             	20
Minimum Score Ratio:  	0.56
Mapping Mode:         	normal
Reads Used:           	32443936	(4832253928 bases)

Mapping:          	3732.370 seconds.
Reads/sec:       	8692.58
kBases/sec:      	1294.69


Pairing data:   	pct pairs	num pairs 	pct bases	   num bases

mated pairs:     	  0.1304% 	    21156 	  0.1122% 	     5422486
bad pairs:       	  0.0001% 	       23 	  0.0001% 	        3220
insert size avg: 	  213.43


Read 1 data:      	pct reads	num reads 	pct bases	   num bases

mapped:          	  0.1325% 	    21489 	  0.1141% 	     2756515
unambiguous:     	  0.0755% 	    12245 	  0.0637% 	     1538339
ambiguous:       	  0.0570% 	     9244 	  0.0504% 	     1218176
low-Q discards:  	  0.0000% 	        0 	  0.0000% 	           0

perfect best site:	  0.0007% 	      109 	  0.0005% 	       12319
semiperfect site:	  0.0009% 	      147 	  0.0007% 	       16554
rescued:         	  0.0291% 	     4719

Match Rate:      	      NA 	       NA 	 83.1334% 	     2301860
Error Rate:      	 47.0456% 	    21378 	 16.8334% 	      466095
Sub Rate:        	 46.9796% 	    21348 	 13.9182% 	      385377
Del Rate:        	  4.5334% 	     2060 	  0.4464% 	       12361
Ins Rate:        	 12.2026% 	     5545 	  2.4688% 	       68357
N Rate:          	  0.2157% 	       98 	  0.0333% 	         921


Read 2 data:      	pct reads	num reads 	pct bases	   num bases

mapped:          	  0.1327% 	    21520 	  0.1140% 	     2753659
unambiguous:     	  0.0752% 	    12205 	  0.0633% 	     1529066
ambiguous:       	  0.0574% 	     9315 	  0.0507% 	     1224593
low-Q discards:  	  0.0000% 	        0 	  0.0000% 	           0

perfect best site:	  0.0004% 	       66 	  0.0002% 	        5605
semiperfect site:	  0.0006% 	       96 	  0.0004% 	        9192
rescued:         	  0.0327% 	     5298

Match Rate:      	      NA 	       NA 	 83.1923% 	     2300519
Error Rate:      	 47.5704% 	    21449 	 16.7597% 	      463457
Sub Rate:        	 47.4816% 	    21409 	 13.9009% 	      384403
Del Rate:        	  4.6597% 	     2101 	  0.4211% 	       11645
Ins Rate:        	 12.2070% 	     5504 	  2.4377% 	       67409
N Rate:          	  0.2284% 	      103 	  0.0480% 	        1328

Total time:     	3749.329 seconds.
