java -ea -Xmx10g -Xms10g -cp /home/gregg_thomas/bin/bbmap/current/ align2.BBSplitter ow=t fastareadlen=500 minhits=1 minratio=0.56 maxindel=20 qtrim=rl untrim=t trimq=6 -Xmx10g t=1 in1=/scratch/gregg_thomas/Murinae-seq/01-Fastp/Melomys-rufescens/nextseq-paired-2/ABTC44798_S26_L004_R1_001.fastp.fastq.gz in2=/scratch/gregg_thomas/Murinae-seq/01-Fastp/Melomys-rufescens/nextseq-paired-2/ABTC44798_S26_L004_R2_001.fastp.fastq.gz ref=/scratch/gregg_thomas/Murinae-seq/Contamination_Genomes/ path=/scratch/gregg_thomas/Murinae-seq/Contamination_Genomes/ minid=0.95 outu1=/scratch/gregg_thomas/Murinae-seq/02-Decon/Melomys-rufescens/nextseq-paired-2/ABTC44798_S26_L004_R1_001.fastp.decon.fastq.gz outu2=/scratch/gregg_thomas/Murinae-seq/02-Decon/Melomys-rufescens/nextseq-paired-2/ABTC44798_S26_L004_R2_001.fastp.decon.fastq.gz
Executing align2.BBSplitter [ow=t, fastareadlen=500, minhits=1, minratio=0.56, maxindel=20, qtrim=rl, untrim=t, trimq=6, -Xmx10g, t=1, in1=/scratch/gregg_thomas/Murinae-seq/01-Fastp/Melomys-rufescens/nextseq-paired-2/ABTC44798_S26_L004_R1_001.fastp.fastq.gz, in2=/scratch/gregg_thomas/Murinae-seq/01-Fastp/Melomys-rufescens/nextseq-paired-2/ABTC44798_S26_L004_R2_001.fastp.fastq.gz, ref=/scratch/gregg_thomas/Murinae-seq/Contamination_Genomes/, path=/scratch/gregg_thomas/Murinae-seq/Contamination_Genomes/, minid=0.95, outu1=/scratch/gregg_thomas/Murinae-seq/02-Decon/Melomys-rufescens/nextseq-paired-2/ABTC44798_S26_L004_R1_001.fastp.decon.fastq.gz, outu2=/scratch/gregg_thomas/Murinae-seq/02-Decon/Melomys-rufescens/nextseq-paired-2/ABTC44798_S26_L004_R2_001.fastp.decon.fastq.gz]

Converted arguments to [ow=t, fastareadlen=500, minhits=1, minratio=0.56, maxindel=20, qtrim=rl, untrim=t, trimq=6, t=1, in1=/scratch/gregg_thomas/Murinae-seq/01-Fastp/Melomys-rufescens/nextseq-paired-2/ABTC44798_S26_L004_R1_001.fastp.fastq.gz, in2=/scratch/gregg_thomas/Murinae-seq/01-Fastp/Melomys-rufescens/nextseq-paired-2/ABTC44798_S26_L004_R2_001.fastp.fastq.gz, path=/scratch/gregg_thomas/Murinae-seq/Contamination_Genomes/, minid=0.95, outu1=/scratch/gregg_thomas/Murinae-seq/02-Decon/Melomys-rufescens/nextseq-paired-2/ABTC44798_S26_L004_R1_001.fastp.decon.fastq.gz, outu2=/scratch/gregg_thomas/Murinae-seq/02-Decon/Melomys-rufescens/nextseq-paired-2/ABTC44798_S26_L004_R2_001.fastp.decon.fastq.gz, ref_Alcaligenes=/scratch/gregg_thomas/Murinae-seq/Contamination_Genomes/Alcaligenes.fa, ref_Novosphingobium=/scratch/gregg_thomas/Murinae-seq/Contamination_Genomes/Novosphingobium.fa, ref_Flavobacterium=/scratch/gregg_thomas/Murinae-seq/Contamination_Genomes/Flavobacterium.fa, ref_Ochrobactrum=/scratch/gregg_thomas/Murinae-seq/Contamination_Genomes/Ochrobactrum.fa, ref_Saccharomyces=/scratch/gregg_thomas/Murinae-seq/Contamination_Genomes/Saccharomyces.fa, ref_Scerevisiae=/scratch/gregg_thomas/Murinae-seq/Contamination_Genomes/Scerevisiae.fa, ref_UniVec=/scratch/gregg_thomas/Murinae-seq/Contamination_Genomes/UniVec.fa, ref_Drosophila_melanogaster=/scratch/gregg_thomas/Murinae-seq/Contamination_Genomes/Drosophila_melanogaster.fa, ref_Stenotrophomonas=/scratch/gregg_thomas/Murinae-seq/Contamination_Genomes/Stenotrophomonas.fa, ref_Pseudonocardia=/scratch/gregg_thomas/Murinae-seq/Contamination_Genomes/Pseudonocardia.fa, ref_Staphylococcus=/scratch/gregg_thomas/Murinae-seq/Contamination_Genomes/Staphylococcus.fa, ref_Malassezia=/scratch/gregg_thomas/Murinae-seq/Contamination_Genomes/Malassezia.fa, ref_Leifsonia=/scratch/gregg_thomas/Murinae-seq/Contamination_Genomes/Leifsonia.fa, ref_Achromobacter=/scratch/gregg_thomas/Murinae-seq/Contamination_Genomes/Achromobacter.fa, ref_Herbaspirillum=/scratch/gregg_thomas/Murinae-seq/Contamination_Genomes/Herbaspirillum.fa, ref_Mesorhizobium=/scratch/gregg_thomas/Murinae-seq/Contamination_Genomes/Mesorhizobium.fa, ref_Pedobacter=/scratch/gregg_thomas/Murinae-seq/Contamination_Genomes/Pedobacter.fa, ref_Burkholderia=/scratch/gregg_thomas/Murinae-seq/Contamination_Genomes/Burkholderia.fa, ref_Moraxella=/scratch/gregg_thomas/Murinae-seq/Contamination_Genomes/Moraxella.fa, ref_Acinetobacter=/scratch/gregg_thomas/Murinae-seq/Contamination_Genomes/Acinetobacter.fa, ref_Brevundimonas=/scratch/gregg_thomas/Murinae-seq/Contamination_Genomes/Brevundimonas.fa, ref_Puccinia=/scratch/gregg_thomas/Murinae-seq/Contamination_Genomes/Puccinia.fa, ref_Rhodococcus=/scratch/gregg_thomas/Murinae-seq/Contamination_Genomes/Rhodococcus.fa, ref_Methylobacterium=/scratch/gregg_thomas/Murinae-seq/Contamination_Genomes/Methylobacterium.fa, ref_Aminobacter=/scratch/gregg_thomas/Murinae-seq/Contamination_Genomes/Aminobacter.fa, ref_Schizosaccharomyces=/scratch/gregg_thomas/Murinae-seq/Contamination_Genomes/Schizosaccharomyces.fa, ref_Legionella=/scratch/gregg_thomas/Murinae-seq/Contamination_Genomes/Legionella.fa, ref_Curvibacter=/scratch/gregg_thomas/Murinae-seq/Contamination_Genomes/Curvibacter.fa, ref_Mycoplasma=/scratch/gregg_thomas/Murinae-seq/Contamination_Genomes/Mycoplasma.fa, ref_Magnaporthe=/scratch/gregg_thomas/Murinae-seq/Contamination_Genomes/Magnaporthe.fa, ref_Caenorhabditis=/scratch/gregg_thomas/Murinae-seq/Contamination_Genomes/Caenorhabditis.fa, ref_Sphingomonas=/scratch/gregg_thomas/Murinae-seq/Contamination_Genomes/Sphingomonas.fa, ref_Pseudomonas=/scratch/gregg_thomas/Murinae-seq/Contamination_Genomes/Pseudomonas.fa, ref_Salmonella=/scratch/gregg_thomas/Murinae-seq/Contamination_Genomes/Salmonella.fa, ref_Helcococcus=/scratch/gregg_thomas/Murinae-seq/Contamination_Genomes/Helcococcus.fa, ref_Afipia=/scratch/gregg_thomas/Murinae-seq/Contamination_Genomes/Afipia.fa, ref_Agrobacterium=/scratch/gregg_thomas/Murinae-seq/Contamination_Genomes/Agrobacterium.fa, ref_Phyllobacterium=/scratch/gregg_thomas/Murinae-seq/Contamination_Genomes/Phyllobacterium.fa, ref_Penicillium=/scratch/gregg_thomas/Murinae-seq/Contamination_Genomes/Penicillium.fa, ref_Corynebacterium=/scratch/gregg_thomas/Murinae-seq/Contamination_Genomes/Corynebacterium.fa, ref_Ecoli=/scratch/gregg_thomas/Murinae-seq/Contamination_Genomes/Ecoli.fa, ref_Bradyrhizobium=/scratch/gregg_thomas/Murinae-seq/Contamination_Genomes/Bradyrhizobium.fa, ref_Aspergillus=/scratch/gregg_thomas/Murinae-seq/Contamination_Genomes/Aspergillus.fa, ref_Ralstonia=/scratch/gregg_thomas/Murinae-seq/Contamination_Genomes/Ralstonia.fa, ref_Haemophilus=/scratch/gregg_thomas/Murinae-seq/Contamination_Genomes/Haemophilus.fa, ref_Microbacterium=/scratch/gregg_thomas/Murinae-seq/Contamination_Genomes/Microbacterium.fa, ref_Acidaminococcus=/scratch/gregg_thomas/Murinae-seq/Contamination_Genomes/Acidaminococcus.fa]
Merged reference file /scratch/gregg_thomas/Murinae-seq/Contamination_Genomes/ref/genome/1/merged_ref_5759390567066404624.fa.gz already exists; skipping merge.
Ref merge time:     	0.256 seconds.
Executing align2.BBMap [ow=t, fastareadlen=500, minhits=1, minratio=0.56, maxindel=20, qtrim=rl, untrim=t, trimq=6, t=1, in1=/scratch/gregg_thomas/Murinae-seq/01-Fastp/Melomys-rufescens/nextseq-paired-2/ABTC44798_S26_L004_R1_001.fastp.fastq.gz, in2=/scratch/gregg_thomas/Murinae-seq/01-Fastp/Melomys-rufescens/nextseq-paired-2/ABTC44798_S26_L004_R2_001.fastp.fastq.gz, minid=0.95, outu1=/scratch/gregg_thomas/Murinae-seq/02-Decon/Melomys-rufescens/nextseq-paired-2/ABTC44798_S26_L004_R1_001.fastp.decon.fastq.gz, outu2=/scratch/gregg_thomas/Murinae-seq/02-Decon/Melomys-rufescens/nextseq-paired-2/ABTC44798_S26_L004_R2_001.fastp.decon.fastq.gz, ref=/scratch/gregg_thomas/Murinae-seq/Contamination_Genomes/ref/genome/1/merged_ref_5759390567066404624.fa.gz]
Version 38.73

Set MINIMUM_ALIGNMENT_SCORE_RATIO to 0.560
Set threads to 1
Retaining first best site only for ambiguous mappings.
NOTE:	Ignoring reference file because it already appears to have been processed.
NOTE:	If you wish to regenerate the index, please manually delete /scratch/gregg_thomas/Murinae-seq/Contamination_Genomes/ref/genome/1/summary.txt
Set genome to 1

Loaded Reference:	12.794 seconds.
Loading index for chunk 1-2, build 1
Generated Index:	13.654 seconds.
Analyzed Index:   	9.588 seconds.
Started output stream:	0.067 seconds.
Cleared Memory:    	10.049 seconds.
Processing reads in paired-ended mode.
Started read stream.
Started 1 mapping thread.
Detecting finished threads: 0

   ------------------   Results   ------------------   

Genome:                	1
Key Length:            	13
Max Indel:             	20
Minimum Score Ratio:  	0.56
Mapping Mode:         	normal
Reads Used:           	5649882	(426408246 bases)

Mapping:          	2116.008 seconds.
Reads/sec:       	2670.07
kBases/sec:      	201.52


Pairing data:   	pct pairs	num pairs 	pct bases	   num bases

mated pairs:     	  0.0665% 	     1879 	  0.0616% 	      262772
bad pairs:       	  0.0005% 	       13 	  0.0004% 	        1638
insert size avg: 	  179.95


Read 1 data:      	pct reads	num reads 	pct bases	   num bases

mapped:          	  0.0709% 	     2002 	  0.0659% 	      140424
unambiguous:     	  0.0459% 	     1297 	  0.0428% 	       91320
ambiguous:       	  0.0250% 	      705 	  0.0230% 	       49104
low-Q discards:  	  0.0000% 	        0 	  0.0000% 	           0

perfect best site:	  0.0011% 	       32 	  0.0011% 	        2252
semiperfect site:	  0.0016% 	       45 	  0.0013% 	        2801
rescued:         	  0.0210% 	      593

Match Rate:      	      NA 	       NA 	 85.7559% 	      120770
Error Rate:      	 36.6226% 	     1967 	 14.2278% 	       20037
Sub Rate:        	 36.6040% 	     1966 	 13.6860% 	       19274
Del Rate:        	  2.1597% 	      116 	  0.2883% 	         406
Ins Rate:        	  2.3459% 	      126 	  0.2535% 	         357
N Rate:          	  0.0745% 	        4 	  0.0163% 	          23


Read 2 data:      	pct reads	num reads 	pct bases	   num bases

mapped:          	  0.0710% 	     2006 	  0.0660% 	      140743
unambiguous:     	  0.0459% 	     1297 	  0.0428% 	       91242
ambiguous:       	  0.0251% 	      709 	  0.0232% 	       49501
low-Q discards:  	  0.0000% 	        0 	  0.0000% 	           0

perfect best site:	  0.0008% 	       22 	  0.0007% 	        1495
semiperfect site:	  0.0010% 	       27 	  0.0008% 	        1669
rescued:         	  0.0214% 	      604

Match Rate:      	      NA 	       NA 	 85.5818% 	      120827
Error Rate:      	 36.9460% 	     1984 	 14.3920% 	       20319
Sub Rate:        	 36.9460% 	     1984 	 13.8593% 	       19567
Del Rate:        	  2.4953% 	      134 	  0.3117% 	         440
Ins Rate:        	  2.0298% 	      109 	  0.2210% 	         312
N Rate:          	  0.0372% 	        2 	  0.0262% 	          37

Total time:     	2162.279 seconds.
