java -ea -Xmx10g -Xms10g -cp /home/gregg_thomas/bin/bbmap/current/ align2.BBSplitter ow=t fastareadlen=500 minhits=1 minratio=0.56 maxindel=20 qtrim=rl untrim=t trimq=6 -Xmx10g t=1 in1=/scratch/gregg_thomas/Murinae-seq/01-Fastp/Musseromys-anacuao/hiseq4000-paired-1/SM063_CKDL190143343-1a-D707-AK1681_H7275BBXX_L2_R1_.fastp.fastq.gz in2=/scratch/gregg_thomas/Murinae-seq/01-Fastp/Musseromys-anacuao/hiseq4000-paired-1/SM063_CKDL190143343-1a-D707-AK1681_H7275BBXX_L2_R2_.fastp.fastq.gz ref=/scratch/gregg_thomas/Murinae-seq/Contamination_Genomes/ path=/scratch/gregg_thomas/Murinae-seq/Contamination_Genomes/ minid=0.95 outu1=/scratch/gregg_thomas/Murinae-seq/02-Decon/Musseromys-anacuao/hiseq4000-paired-1/SM063_CKDL190143343-1a-D707-AK1681_H7275BBXX_L2_R1_.fastp.decon.fastq.gz outu2=/scratch/gregg_thomas/Murinae-seq/02-Decon/Musseromys-anacuao/hiseq4000-paired-1/SM063_CKDL190143343-1a-D707-AK1681_H7275BBXX_L2_R2_.fastp.decon.fastq.gz
Executing align2.BBSplitter [ow=t, fastareadlen=500, minhits=1, minratio=0.56, maxindel=20, qtrim=rl, untrim=t, trimq=6, -Xmx10g, t=1, in1=/scratch/gregg_thomas/Murinae-seq/01-Fastp/Musseromys-anacuao/hiseq4000-paired-1/SM063_CKDL190143343-1a-D707-AK1681_H7275BBXX_L2_R1_.fastp.fastq.gz, in2=/scratch/gregg_thomas/Murinae-seq/01-Fastp/Musseromys-anacuao/hiseq4000-paired-1/SM063_CKDL190143343-1a-D707-AK1681_H7275BBXX_L2_R2_.fastp.fastq.gz, ref=/scratch/gregg_thomas/Murinae-seq/Contamination_Genomes/, path=/scratch/gregg_thomas/Murinae-seq/Contamination_Genomes/, minid=0.95, outu1=/scratch/gregg_thomas/Murinae-seq/02-Decon/Musseromys-anacuao/hiseq4000-paired-1/SM063_CKDL190143343-1a-D707-AK1681_H7275BBXX_L2_R1_.fastp.decon.fastq.gz, outu2=/scratch/gregg_thomas/Murinae-seq/02-Decon/Musseromys-anacuao/hiseq4000-paired-1/SM063_CKDL190143343-1a-D707-AK1681_H7275BBXX_L2_R2_.fastp.decon.fastq.gz]

Converted arguments to [ow=t, fastareadlen=500, minhits=1, minratio=0.56, maxindel=20, qtrim=rl, untrim=t, trimq=6, t=1, in1=/scratch/gregg_thomas/Murinae-seq/01-Fastp/Musseromys-anacuao/hiseq4000-paired-1/SM063_CKDL190143343-1a-D707-AK1681_H7275BBXX_L2_R1_.fastp.fastq.gz, in2=/scratch/gregg_thomas/Murinae-seq/01-Fastp/Musseromys-anacuao/hiseq4000-paired-1/SM063_CKDL190143343-1a-D707-AK1681_H7275BBXX_L2_R2_.fastp.fastq.gz, path=/scratch/gregg_thomas/Murinae-seq/Contamination_Genomes/, minid=0.95, outu1=/scratch/gregg_thomas/Murinae-seq/02-Decon/Musseromys-anacuao/hiseq4000-paired-1/SM063_CKDL190143343-1a-D707-AK1681_H7275BBXX_L2_R1_.fastp.decon.fastq.gz, outu2=/scratch/gregg_thomas/Murinae-seq/02-Decon/Musseromys-anacuao/hiseq4000-paired-1/SM063_CKDL190143343-1a-D707-AK1681_H7275BBXX_L2_R2_.fastp.decon.fastq.gz, ref_Alcaligenes=/scratch/gregg_thomas/Murinae-seq/Contamination_Genomes/Alcaligenes.fa, ref_Novosphingobium=/scratch/gregg_thomas/Murinae-seq/Contamination_Genomes/Novosphingobium.fa, ref_Flavobacterium=/scratch/gregg_thomas/Murinae-seq/Contamination_Genomes/Flavobacterium.fa, ref_Ochrobactrum=/scratch/gregg_thomas/Murinae-seq/Contamination_Genomes/Ochrobactrum.fa, ref_Saccharomyces=/scratch/gregg_thomas/Murinae-seq/Contamination_Genomes/Saccharomyces.fa, ref_Scerevisiae=/scratch/gregg_thomas/Murinae-seq/Contamination_Genomes/Scerevisiae.fa, ref_UniVec=/scratch/gregg_thomas/Murinae-seq/Contamination_Genomes/UniVec.fa, ref_Drosophila_melanogaster=/scratch/gregg_thomas/Murinae-seq/Contamination_Genomes/Drosophila_melanogaster.fa, ref_Stenotrophomonas=/scratch/gregg_thomas/Murinae-seq/Contamination_Genomes/Stenotrophomonas.fa, ref_Pseudonocardia=/scratch/gregg_thomas/Murinae-seq/Contamination_Genomes/Pseudonocardia.fa, ref_Staphylococcus=/scratch/gregg_thomas/Murinae-seq/Contamination_Genomes/Staphylococcus.fa, ref_Malassezia=/scratch/gregg_thomas/Murinae-seq/Contamination_Genomes/Malassezia.fa, ref_Leifsonia=/scratch/gregg_thomas/Murinae-seq/Contamination_Genomes/Leifsonia.fa, ref_Achromobacter=/scratch/gregg_thomas/Murinae-seq/Contamination_Genomes/Achromobacter.fa, ref_Herbaspirillum=/scratch/gregg_thomas/Murinae-seq/Contamination_Genomes/Herbaspirillum.fa, ref_Mesorhizobium=/scratch/gregg_thomas/Murinae-seq/Contamination_Genomes/Mesorhizobium.fa, ref_Pedobacter=/scratch/gregg_thomas/Murinae-seq/Contamination_Genomes/Pedobacter.fa, ref_Burkholderia=/scratch/gregg_thomas/Murinae-seq/Contamination_Genomes/Burkholderia.fa, ref_Moraxella=/scratch/gregg_thomas/Murinae-seq/Contamination_Genomes/Moraxella.fa, ref_Acinetobacter=/scratch/gregg_thomas/Murinae-seq/Contamination_Genomes/Acinetobacter.fa, ref_Brevundimonas=/scratch/gregg_thomas/Murinae-seq/Contamination_Genomes/Brevundimonas.fa, ref_Puccinia=/scratch/gregg_thomas/Murinae-seq/Contamination_Genomes/Puccinia.fa, ref_Rhodococcus=/scratch/gregg_thomas/Murinae-seq/Contamination_Genomes/Rhodococcus.fa, ref_Methylobacterium=/scratch/gregg_thomas/Murinae-seq/Contamination_Genomes/Methylobacterium.fa, ref_Aminobacter=/scratch/gregg_thomas/Murinae-seq/Contamination_Genomes/Aminobacter.fa, ref_Schizosaccharomyces=/scratch/gregg_thomas/Murinae-seq/Contamination_Genomes/Schizosaccharomyces.fa, ref_Legionella=/scratch/gregg_thomas/Murinae-seq/Contamination_Genomes/Legionella.fa, ref_Curvibacter=/scratch/gregg_thomas/Murinae-seq/Contamination_Genomes/Curvibacter.fa, ref_Mycoplasma=/scratch/gregg_thomas/Murinae-seq/Contamination_Genomes/Mycoplasma.fa, ref_Magnaporthe=/scratch/gregg_thomas/Murinae-seq/Contamination_Genomes/Magnaporthe.fa, ref_Caenorhabditis=/scratch/gregg_thomas/Murinae-seq/Contamination_Genomes/Caenorhabditis.fa, ref_Sphingomonas=/scratch/gregg_thomas/Murinae-seq/Contamination_Genomes/Sphingomonas.fa, ref_Pseudomonas=/scratch/gregg_thomas/Murinae-seq/Contamination_Genomes/Pseudomonas.fa, ref_Salmonella=/scratch/gregg_thomas/Murinae-seq/Contamination_Genomes/Salmonella.fa, ref_Helcococcus=/scratch/gregg_thomas/Murinae-seq/Contamination_Genomes/Helcococcus.fa, ref_Afipia=/scratch/gregg_thomas/Murinae-seq/Contamination_Genomes/Afipia.fa, ref_Agrobacterium=/scratch/gregg_thomas/Murinae-seq/Contamination_Genomes/Agrobacterium.fa, ref_Phyllobacterium=/scratch/gregg_thomas/Murinae-seq/Contamination_Genomes/Phyllobacterium.fa, ref_Penicillium=/scratch/gregg_thomas/Murinae-seq/Contamination_Genomes/Penicillium.fa, ref_Corynebacterium=/scratch/gregg_thomas/Murinae-seq/Contamination_Genomes/Corynebacterium.fa, ref_Ecoli=/scratch/gregg_thomas/Murinae-seq/Contamination_Genomes/Ecoli.fa, ref_Bradyrhizobium=/scratch/gregg_thomas/Murinae-seq/Contamination_Genomes/Bradyrhizobium.fa, ref_Aspergillus=/scratch/gregg_thomas/Murinae-seq/Contamination_Genomes/Aspergillus.fa, ref_Ralstonia=/scratch/gregg_thomas/Murinae-seq/Contamination_Genomes/Ralstonia.fa, ref_Haemophilus=/scratch/gregg_thomas/Murinae-seq/Contamination_Genomes/Haemophilus.fa, ref_Microbacterium=/scratch/gregg_thomas/Murinae-seq/Contamination_Genomes/Microbacterium.fa, ref_Acidaminococcus=/scratch/gregg_thomas/Murinae-seq/Contamination_Genomes/Acidaminococcus.fa]
Merged reference file /scratch/gregg_thomas/Murinae-seq/Contamination_Genomes/ref/genome/1/merged_ref_5759390567066404624.fa.gz already exists; skipping merge.
Ref merge time:     	0.204 seconds.
Executing align2.BBMap [ow=t, fastareadlen=500, minhits=1, minratio=0.56, maxindel=20, qtrim=rl, untrim=t, trimq=6, t=1, in1=/scratch/gregg_thomas/Murinae-seq/01-Fastp/Musseromys-anacuao/hiseq4000-paired-1/SM063_CKDL190143343-1a-D707-AK1681_H7275BBXX_L2_R1_.fastp.fastq.gz, in2=/scratch/gregg_thomas/Murinae-seq/01-Fastp/Musseromys-anacuao/hiseq4000-paired-1/SM063_CKDL190143343-1a-D707-AK1681_H7275BBXX_L2_R2_.fastp.fastq.gz, minid=0.95, outu1=/scratch/gregg_thomas/Murinae-seq/02-Decon/Musseromys-anacuao/hiseq4000-paired-1/SM063_CKDL190143343-1a-D707-AK1681_H7275BBXX_L2_R1_.fastp.decon.fastq.gz, outu2=/scratch/gregg_thomas/Murinae-seq/02-Decon/Musseromys-anacuao/hiseq4000-paired-1/SM063_CKDL190143343-1a-D707-AK1681_H7275BBXX_L2_R2_.fastp.decon.fastq.gz, ref=/scratch/gregg_thomas/Murinae-seq/Contamination_Genomes/ref/genome/1/merged_ref_5759390567066404624.fa.gz]
Version 38.73

Set MINIMUM_ALIGNMENT_SCORE_RATIO to 0.560
Set threads to 1
Retaining first best site only for ambiguous mappings.
NOTE:	Ignoring reference file because it already appears to have been processed.
NOTE:	If you wish to regenerate the index, please manually delete /scratch/gregg_thomas/Murinae-seq/Contamination_Genomes/ref/genome/1/summary.txt
Set genome to 1

Loaded Reference:	16.531 seconds.
Loading index for chunk 1-2, build 1
Generated Index:	49.283 seconds.
Analyzed Index:   	9.014 seconds.
Started output stream:	0.087 seconds.
Cleared Memory:    	6.471 seconds.
Processing reads in paired-ended mode.
Started read stream.
Started 1 mapping thread.
Detecting finished threads: 0

   ------------------   Results   ------------------   

Genome:                	1
Key Length:            	13
Max Indel:             	20
Minimum Score Ratio:  	0.56
Mapping Mode:         	normal
Reads Used:           	31513488	(4716380895 bases)

Mapping:          	3352.414 seconds.
Reads/sec:       	9400.24
kBases/sec:      	1406.86


Pairing data:   	pct pairs	num pairs 	pct bases	   num bases

mated pairs:     	  0.0997% 	    15717 	  0.0917% 	     4322924
bad pairs:       	  0.0000% 	        6 	  0.0000% 	        1264
insert size avg: 	  256.04


Read 1 data:      	pct reads	num reads 	pct bases	   num bases

mapped:          	  0.1019% 	    16049 	  0.0937% 	     2209880
unambiguous:     	  0.0556% 	     8765 	  0.0504% 	     1187935
ambiguous:       	  0.0462% 	     7284 	  0.0433% 	     1021945
low-Q discards:  	  0.0000% 	        0 	  0.0000% 	           0

perfect best site:	  0.0003% 	       49 	  0.0002% 	        5866
semiperfect site:	  0.0004% 	       65 	  0.0003% 	        7712
rescued:         	  0.0160% 	     2519

Match Rate:      	      NA 	       NA 	 82.8697% 	     1836434
Error Rate:      	 39.7466% 	    16000 	 17.1140% 	      379255
Sub Rate:        	 39.7094% 	    15985 	 14.4078% 	      319285
Del Rate:        	  3.4778% 	     1400 	  0.2785% 	        6171
Ins Rate:        	 11.4520% 	     4610 	  2.4277% 	       53799
N Rate:          	  0.0745% 	       30 	  0.0163% 	         362


Read 2 data:      	pct reads	num reads 	pct bases	   num bases

mapped:          	  0.1020% 	    16073 	  0.0939% 	     2213346
unambiguous:     	  0.0557% 	     8773 	  0.0503% 	     1186990
ambiguous:       	  0.0463% 	     7300 	  0.0435% 	     1026356
low-Q discards:  	  0.0000% 	        0 	  0.0000% 	           0

perfect best site:	  0.0002% 	       30 	  0.0001% 	        3216
semiperfect site:	  0.0003% 	       40 	  0.0002% 	        4373
rescued:         	  0.0181% 	     2847

Match Rate:      	      NA 	       NA 	 82.9559% 	     1841028
Error Rate:      	 40.7550% 	    16042 	 17.0276% 	      377890
Sub Rate:        	 40.7373% 	    16035 	 14.4944% 	      321673
Del Rate:        	  4.0039% 	     1576 	  0.2676% 	        5938
Ins Rate:        	 11.6407% 	     4582 	  2.2656% 	       50279
N Rate:          	  0.0864% 	       34 	  0.0165% 	         366

Total time:     	3433.924 seconds.
