java -ea -Xmx10g -Xms10g -cp /home/gregg_thomas/bin/bbmap/current/ align2.BBSplitter ow=t fastareadlen=500 minhits=1 minratio=0.56 maxindel=20 qtrim=rl untrim=t trimq=6 -Xmx10g t=1 in1=/scratch/gregg_thomas/Murinae-seq/01-Fastp/Parahydromys-asper/hiseq4000-paired-1/SM058_CKDL190143344-1a-D704-AK1680_H7275BBXX_L3_R1_.fastp.fastq.gz in2=/scratch/gregg_thomas/Murinae-seq/01-Fastp/Parahydromys-asper/hiseq4000-paired-1/SM058_CKDL190143344-1a-D704-AK1680_H7275BBXX_L3_R2_.fastp.fastq.gz ref=/scratch/gregg_thomas/Murinae-seq/Contamination_Genomes/ path=/scratch/gregg_thomas/Murinae-seq/Contamination_Genomes/ minid=0.95 outu1=/scratch/gregg_thomas/Murinae-seq/02-Decon/Parahydromys-asper/hiseq4000-paired-1/SM058_CKDL190143344-1a-D704-AK1680_H7275BBXX_L3_R1_.fastp.decon.fastq.gz outu2=/scratch/gregg_thomas/Murinae-seq/02-Decon/Parahydromys-asper/hiseq4000-paired-1/SM058_CKDL190143344-1a-D704-AK1680_H7275BBXX_L3_R2_.fastp.decon.fastq.gz
Executing align2.BBSplitter [ow=t, fastareadlen=500, minhits=1, minratio=0.56, maxindel=20, qtrim=rl, untrim=t, trimq=6, -Xmx10g, t=1, in1=/scratch/gregg_thomas/Murinae-seq/01-Fastp/Parahydromys-asper/hiseq4000-paired-1/SM058_CKDL190143344-1a-D704-AK1680_H7275BBXX_L3_R1_.fastp.fastq.gz, in2=/scratch/gregg_thomas/Murinae-seq/01-Fastp/Parahydromys-asper/hiseq4000-paired-1/SM058_CKDL190143344-1a-D704-AK1680_H7275BBXX_L3_R2_.fastp.fastq.gz, ref=/scratch/gregg_thomas/Murinae-seq/Contamination_Genomes/, path=/scratch/gregg_thomas/Murinae-seq/Contamination_Genomes/, minid=0.95, outu1=/scratch/gregg_thomas/Murinae-seq/02-Decon/Parahydromys-asper/hiseq4000-paired-1/SM058_CKDL190143344-1a-D704-AK1680_H7275BBXX_L3_R1_.fastp.decon.fastq.gz, outu2=/scratch/gregg_thomas/Murinae-seq/02-Decon/Parahydromys-asper/hiseq4000-paired-1/SM058_CKDL190143344-1a-D704-AK1680_H7275BBXX_L3_R2_.fastp.decon.fastq.gz]

Converted arguments to [ow=t, fastareadlen=500, minhits=1, minratio=0.56, maxindel=20, qtrim=rl, untrim=t, trimq=6, t=1, in1=/scratch/gregg_thomas/Murinae-seq/01-Fastp/Parahydromys-asper/hiseq4000-paired-1/SM058_CKDL190143344-1a-D704-AK1680_H7275BBXX_L3_R1_.fastp.fastq.gz, in2=/scratch/gregg_thomas/Murinae-seq/01-Fastp/Parahydromys-asper/hiseq4000-paired-1/SM058_CKDL190143344-1a-D704-AK1680_H7275BBXX_L3_R2_.fastp.fastq.gz, path=/scratch/gregg_thomas/Murinae-seq/Contamination_Genomes/, minid=0.95, outu1=/scratch/gregg_thomas/Murinae-seq/02-Decon/Parahydromys-asper/hiseq4000-paired-1/SM058_CKDL190143344-1a-D704-AK1680_H7275BBXX_L3_R1_.fastp.decon.fastq.gz, outu2=/scratch/gregg_thomas/Murinae-seq/02-Decon/Parahydromys-asper/hiseq4000-paired-1/SM058_CKDL190143344-1a-D704-AK1680_H7275BBXX_L3_R2_.fastp.decon.fastq.gz, ref_Alcaligenes=/scratch/gregg_thomas/Murinae-seq/Contamination_Genomes/Alcaligenes.fa, ref_Novosphingobium=/scratch/gregg_thomas/Murinae-seq/Contamination_Genomes/Novosphingobium.fa, ref_Flavobacterium=/scratch/gregg_thomas/Murinae-seq/Contamination_Genomes/Flavobacterium.fa, ref_Ochrobactrum=/scratch/gregg_thomas/Murinae-seq/Contamination_Genomes/Ochrobactrum.fa, ref_Saccharomyces=/scratch/gregg_thomas/Murinae-seq/Contamination_Genomes/Saccharomyces.fa, ref_Scerevisiae=/scratch/gregg_thomas/Murinae-seq/Contamination_Genomes/Scerevisiae.fa, ref_UniVec=/scratch/gregg_thomas/Murinae-seq/Contamination_Genomes/UniVec.fa, ref_Drosophila_melanogaster=/scratch/gregg_thomas/Murinae-seq/Contamination_Genomes/Drosophila_melanogaster.fa, ref_Stenotrophomonas=/scratch/gregg_thomas/Murinae-seq/Contamination_Genomes/Stenotrophomonas.fa, ref_Pseudonocardia=/scratch/gregg_thomas/Murinae-seq/Contamination_Genomes/Pseudonocardia.fa, ref_Staphylococcus=/scratch/gregg_thomas/Murinae-seq/Contamination_Genomes/Staphylococcus.fa, ref_Malassezia=/scratch/gregg_thomas/Murinae-seq/Contamination_Genomes/Malassezia.fa, ref_Leifsonia=/scratch/gregg_thomas/Murinae-seq/Contamination_Genomes/Leifsonia.fa, ref_Achromobacter=/scratch/gregg_thomas/Murinae-seq/Contamination_Genomes/Achromobacter.fa, ref_Herbaspirillum=/scratch/gregg_thomas/Murinae-seq/Contamination_Genomes/Herbaspirillum.fa, ref_Mesorhizobium=/scratch/gregg_thomas/Murinae-seq/Contamination_Genomes/Mesorhizobium.fa, ref_Pedobacter=/scratch/gregg_thomas/Murinae-seq/Contamination_Genomes/Pedobacter.fa, ref_Burkholderia=/scratch/gregg_thomas/Murinae-seq/Contamination_Genomes/Burkholderia.fa, ref_Moraxella=/scratch/gregg_thomas/Murinae-seq/Contamination_Genomes/Moraxella.fa, ref_Acinetobacter=/scratch/gregg_thomas/Murinae-seq/Contamination_Genomes/Acinetobacter.fa, ref_Brevundimonas=/scratch/gregg_thomas/Murinae-seq/Contamination_Genomes/Brevundimonas.fa, ref_Puccinia=/scratch/gregg_thomas/Murinae-seq/Contamination_Genomes/Puccinia.fa, ref_Rhodococcus=/scratch/gregg_thomas/Murinae-seq/Contamination_Genomes/Rhodococcus.fa, ref_Methylobacterium=/scratch/gregg_thomas/Murinae-seq/Contamination_Genomes/Methylobacterium.fa, ref_Aminobacter=/scratch/gregg_thomas/Murinae-seq/Contamination_Genomes/Aminobacter.fa, ref_Schizosaccharomyces=/scratch/gregg_thomas/Murinae-seq/Contamination_Genomes/Schizosaccharomyces.fa, ref_Legionella=/scratch/gregg_thomas/Murinae-seq/Contamination_Genomes/Legionella.fa, ref_Curvibacter=/scratch/gregg_thomas/Murinae-seq/Contamination_Genomes/Curvibacter.fa, ref_Mycoplasma=/scratch/gregg_thomas/Murinae-seq/Contamination_Genomes/Mycoplasma.fa, ref_Magnaporthe=/scratch/gregg_thomas/Murinae-seq/Contamination_Genomes/Magnaporthe.fa, ref_Caenorhabditis=/scratch/gregg_thomas/Murinae-seq/Contamination_Genomes/Caenorhabditis.fa, ref_Sphingomonas=/scratch/gregg_thomas/Murinae-seq/Contamination_Genomes/Sphingomonas.fa, ref_Pseudomonas=/scratch/gregg_thomas/Murinae-seq/Contamination_Genomes/Pseudomonas.fa, ref_Salmonella=/scratch/gregg_thomas/Murinae-seq/Contamination_Genomes/Salmonella.fa, ref_Helcococcus=/scratch/gregg_thomas/Murinae-seq/Contamination_Genomes/Helcococcus.fa, ref_Afipia=/scratch/gregg_thomas/Murinae-seq/Contamination_Genomes/Afipia.fa, ref_Agrobacterium=/scratch/gregg_thomas/Murinae-seq/Contamination_Genomes/Agrobacterium.fa, ref_Phyllobacterium=/scratch/gregg_thomas/Murinae-seq/Contamination_Genomes/Phyllobacterium.fa, ref_Penicillium=/scratch/gregg_thomas/Murinae-seq/Contamination_Genomes/Penicillium.fa, ref_Corynebacterium=/scratch/gregg_thomas/Murinae-seq/Contamination_Genomes/Corynebacterium.fa, ref_Ecoli=/scratch/gregg_thomas/Murinae-seq/Contamination_Genomes/Ecoli.fa, ref_Bradyrhizobium=/scratch/gregg_thomas/Murinae-seq/Contamination_Genomes/Bradyrhizobium.fa, ref_Aspergillus=/scratch/gregg_thomas/Murinae-seq/Contamination_Genomes/Aspergillus.fa, ref_Ralstonia=/scratch/gregg_thomas/Murinae-seq/Contamination_Genomes/Ralstonia.fa, ref_Haemophilus=/scratch/gregg_thomas/Murinae-seq/Contamination_Genomes/Haemophilus.fa, ref_Microbacterium=/scratch/gregg_thomas/Murinae-seq/Contamination_Genomes/Microbacterium.fa, ref_Acidaminococcus=/scratch/gregg_thomas/Murinae-seq/Contamination_Genomes/Acidaminococcus.fa]
Merged reference file /scratch/gregg_thomas/Murinae-seq/Contamination_Genomes/ref/genome/1/merged_ref_5759390567066404624.fa.gz already exists; skipping merge.
Ref merge time:     	0.051 seconds.
Executing align2.BBMap [ow=t, fastareadlen=500, minhits=1, minratio=0.56, maxindel=20, qtrim=rl, untrim=t, trimq=6, t=1, in1=/scratch/gregg_thomas/Murinae-seq/01-Fastp/Parahydromys-asper/hiseq4000-paired-1/SM058_CKDL190143344-1a-D704-AK1680_H7275BBXX_L3_R1_.fastp.fastq.gz, in2=/scratch/gregg_thomas/Murinae-seq/01-Fastp/Parahydromys-asper/hiseq4000-paired-1/SM058_CKDL190143344-1a-D704-AK1680_H7275BBXX_L3_R2_.fastp.fastq.gz, minid=0.95, outu1=/scratch/gregg_thomas/Murinae-seq/02-Decon/Parahydromys-asper/hiseq4000-paired-1/SM058_CKDL190143344-1a-D704-AK1680_H7275BBXX_L3_R1_.fastp.decon.fastq.gz, outu2=/scratch/gregg_thomas/Murinae-seq/02-Decon/Parahydromys-asper/hiseq4000-paired-1/SM058_CKDL190143344-1a-D704-AK1680_H7275BBXX_L3_R2_.fastp.decon.fastq.gz, ref=/scratch/gregg_thomas/Murinae-seq/Contamination_Genomes/ref/genome/1/merged_ref_5759390567066404624.fa.gz]
Version 38.73

Set MINIMUM_ALIGNMENT_SCORE_RATIO to 0.560
Set threads to 1
Retaining first best site only for ambiguous mappings.
NOTE:	Ignoring reference file because it already appears to have been processed.
NOTE:	If you wish to regenerate the index, please manually delete /scratch/gregg_thomas/Murinae-seq/Contamination_Genomes/ref/genome/1/summary.txt
Set genome to 1

Loaded Reference:	5.382 seconds.
Loading index for chunk 1-2, build 1
Generated Index:	4.193 seconds.
Analyzed Index:   	6.426 seconds.
Started output stream:	0.029 seconds.
Cleared Memory:    	1.111 seconds.
Processing reads in paired-ended mode.
Started read stream.
Started 1 mapping thread.
Detecting finished threads: 0

   ------------------   Results   ------------------   

Genome:                	1
Key Length:            	13
Max Indel:             	20
Minimum Score Ratio:  	0.56
Mapping Mode:         	normal
Reads Used:           	35039168	(5192439401 bases)

Mapping:          	3530.497 seconds.
Reads/sec:       	9924.71
kBases/sec:      	1470.74


Pairing data:   	pct pairs	num pairs 	pct bases	   num bases

mated pairs:     	  0.0921% 	    16131 	  0.0766% 	     3979258
bad pairs:       	  0.0002% 	       31 	  0.0001% 	        5396
insert size avg: 	  178.05


Read 1 data:      	pct reads	num reads 	pct bases	   num bases

mapped:          	  0.0933% 	    16339 	  0.0776% 	     2013521
unambiguous:     	  0.0651% 	    11414 	  0.0539% 	     1399368
ambiguous:       	  0.0281% 	     4925 	  0.0237% 	      614153
low-Q discards:  	  0.0000% 	        0 	  0.0000% 	           0

perfect best site:	  0.0005% 	       92 	  0.0004% 	       10355
semiperfect site:	  0.0008% 	      143 	  0.0006% 	       16060
rescued:         	  0.0179% 	     3136

Match Rate:      	      NA 	       NA 	 83.2907% 	     1685788
Error Rate:      	 53.7461% 	    16234 	 16.5916% 	      335810
Sub Rate:        	 53.5243% 	    16167 	 14.5749% 	      294993
Del Rate:        	  6.0288% 	     1821 	  0.5168% 	       10460
Ins Rate:        	 11.1306% 	     3362 	  1.4999% 	       30357
N Rate:          	  0.4999% 	      151 	  0.1177% 	        2383


Read 2 data:      	pct reads	num reads 	pct bases	   num bases

mapped:          	  0.0930% 	    16286 	  0.0773% 	     2005710
unambiguous:     	  0.0649% 	    11375 	  0.0538% 	     1396139
ambiguous:       	  0.0280% 	     4911 	  0.0235% 	      609571
low-Q discards:  	  0.0000% 	        0 	  0.0000% 	           0

perfect best site:	  0.0004% 	       64 	  0.0002% 	        5624
semiperfect site:	  0.0006% 	      112 	  0.0004% 	       10885
rescued:         	  0.0179% 	     3136

Match Rate:      	      NA 	       NA 	 83.1875% 	     1677975
Error Rate:      	 54.2485% 	    16210 	 16.6827% 	      336507
Sub Rate:        	 54.1180% 	    16171 	 14.5395% 	      293276
Del Rate:        	  5.8331% 	     1743 	  0.5647% 	       11391
Ins Rate:        	 11.5157% 	     3441 	  1.5785% 	       31840
N Rate:          	  0.8166% 	      244 	  0.1298% 	        2619

Total time:     	3547.716 seconds.
