java -ea -Xmx10g -Xms10g -cp /home/gregg_thomas/bin/bbmap/current/ align2.BBSplitter ow=t fastareadlen=500 minhits=1 minratio=0.56 maxindel=20 qtrim=rl untrim=t trimq=6 -Xmx10g t=1 in1=/scratch/gregg_thomas/Murinae-seq/01-Fastp/Phloeomys-cumingii/hiseq4000-paired-1/SM069_CKDL190143343-1a-D709-AK1681_H7275BBXX_L2_R1_.fastp.fastq.gz in2=/scratch/gregg_thomas/Murinae-seq/01-Fastp/Phloeomys-cumingii/hiseq4000-paired-1/SM069_CKDL190143343-1a-D709-AK1681_H7275BBXX_L2_R2_.fastp.fastq.gz ref=/scratch/gregg_thomas/Murinae-seq/Contamination_Genomes/ path=/scratch/gregg_thomas/Murinae-seq/Contamination_Genomes/ minid=0.95 outu1=/scratch/gregg_thomas/Murinae-seq/02-Decon/Phloeomys-cumingii/hiseq4000-paired-1/SM069_CKDL190143343-1a-D709-AK1681_H7275BBXX_L2_R1_.fastp.decon.fastq.gz outu2=/scratch/gregg_thomas/Murinae-seq/02-Decon/Phloeomys-cumingii/hiseq4000-paired-1/SM069_CKDL190143343-1a-D709-AK1681_H7275BBXX_L2_R2_.fastp.decon.fastq.gz
Executing align2.BBSplitter [ow=t, fastareadlen=500, minhits=1, minratio=0.56, maxindel=20, qtrim=rl, untrim=t, trimq=6, -Xmx10g, t=1, in1=/scratch/gregg_thomas/Murinae-seq/01-Fastp/Phloeomys-cumingii/hiseq4000-paired-1/SM069_CKDL190143343-1a-D709-AK1681_H7275BBXX_L2_R1_.fastp.fastq.gz, in2=/scratch/gregg_thomas/Murinae-seq/01-Fastp/Phloeomys-cumingii/hiseq4000-paired-1/SM069_CKDL190143343-1a-D709-AK1681_H7275BBXX_L2_R2_.fastp.fastq.gz, ref=/scratch/gregg_thomas/Murinae-seq/Contamination_Genomes/, path=/scratch/gregg_thomas/Murinae-seq/Contamination_Genomes/, minid=0.95, outu1=/scratch/gregg_thomas/Murinae-seq/02-Decon/Phloeomys-cumingii/hiseq4000-paired-1/SM069_CKDL190143343-1a-D709-AK1681_H7275BBXX_L2_R1_.fastp.decon.fastq.gz, outu2=/scratch/gregg_thomas/Murinae-seq/02-Decon/Phloeomys-cumingii/hiseq4000-paired-1/SM069_CKDL190143343-1a-D709-AK1681_H7275BBXX_L2_R2_.fastp.decon.fastq.gz]

Converted arguments to [ow=t, fastareadlen=500, minhits=1, minratio=0.56, maxindel=20, qtrim=rl, untrim=t, trimq=6, t=1, in1=/scratch/gregg_thomas/Murinae-seq/01-Fastp/Phloeomys-cumingii/hiseq4000-paired-1/SM069_CKDL190143343-1a-D709-AK1681_H7275BBXX_L2_R1_.fastp.fastq.gz, in2=/scratch/gregg_thomas/Murinae-seq/01-Fastp/Phloeomys-cumingii/hiseq4000-paired-1/SM069_CKDL190143343-1a-D709-AK1681_H7275BBXX_L2_R2_.fastp.fastq.gz, path=/scratch/gregg_thomas/Murinae-seq/Contamination_Genomes/, minid=0.95, outu1=/scratch/gregg_thomas/Murinae-seq/02-Decon/Phloeomys-cumingii/hiseq4000-paired-1/SM069_CKDL190143343-1a-D709-AK1681_H7275BBXX_L2_R1_.fastp.decon.fastq.gz, outu2=/scratch/gregg_thomas/Murinae-seq/02-Decon/Phloeomys-cumingii/hiseq4000-paired-1/SM069_CKDL190143343-1a-D709-AK1681_H7275BBXX_L2_R2_.fastp.decon.fastq.gz, ref_Alcaligenes=/scratch/gregg_thomas/Murinae-seq/Contamination_Genomes/Alcaligenes.fa, ref_Novosphingobium=/scratch/gregg_thomas/Murinae-seq/Contamination_Genomes/Novosphingobium.fa, ref_Flavobacterium=/scratch/gregg_thomas/Murinae-seq/Contamination_Genomes/Flavobacterium.fa, ref_Ochrobactrum=/scratch/gregg_thomas/Murinae-seq/Contamination_Genomes/Ochrobactrum.fa, ref_Saccharomyces=/scratch/gregg_thomas/Murinae-seq/Contamination_Genomes/Saccharomyces.fa, ref_Scerevisiae=/scratch/gregg_thomas/Murinae-seq/Contamination_Genomes/Scerevisiae.fa, ref_UniVec=/scratch/gregg_thomas/Murinae-seq/Contamination_Genomes/UniVec.fa, ref_Drosophila_melanogaster=/scratch/gregg_thomas/Murinae-seq/Contamination_Genomes/Drosophila_melanogaster.fa, ref_Stenotrophomonas=/scratch/gregg_thomas/Murinae-seq/Contamination_Genomes/Stenotrophomonas.fa, ref_Pseudonocardia=/scratch/gregg_thomas/Murinae-seq/Contamination_Genomes/Pseudonocardia.fa, ref_Staphylococcus=/scratch/gregg_thomas/Murinae-seq/Contamination_Genomes/Staphylococcus.fa, ref_Malassezia=/scratch/gregg_thomas/Murinae-seq/Contamination_Genomes/Malassezia.fa, ref_Leifsonia=/scratch/gregg_thomas/Murinae-seq/Contamination_Genomes/Leifsonia.fa, ref_Achromobacter=/scratch/gregg_thomas/Murinae-seq/Contamination_Genomes/Achromobacter.fa, ref_Herbaspirillum=/scratch/gregg_thomas/Murinae-seq/Contamination_Genomes/Herbaspirillum.fa, ref_Mesorhizobium=/scratch/gregg_thomas/Murinae-seq/Contamination_Genomes/Mesorhizobium.fa, ref_Pedobacter=/scratch/gregg_thomas/Murinae-seq/Contamination_Genomes/Pedobacter.fa, ref_Burkholderia=/scratch/gregg_thomas/Murinae-seq/Contamination_Genomes/Burkholderia.fa, ref_Moraxella=/scratch/gregg_thomas/Murinae-seq/Contamination_Genomes/Moraxella.fa, ref_Acinetobacter=/scratch/gregg_thomas/Murinae-seq/Contamination_Genomes/Acinetobacter.fa, ref_Brevundimonas=/scratch/gregg_thomas/Murinae-seq/Contamination_Genomes/Brevundimonas.fa, ref_Puccinia=/scratch/gregg_thomas/Murinae-seq/Contamination_Genomes/Puccinia.fa, ref_Rhodococcus=/scratch/gregg_thomas/Murinae-seq/Contamination_Genomes/Rhodococcus.fa, ref_Methylobacterium=/scratch/gregg_thomas/Murinae-seq/Contamination_Genomes/Methylobacterium.fa, ref_Aminobacter=/scratch/gregg_thomas/Murinae-seq/Contamination_Genomes/Aminobacter.fa, ref_Schizosaccharomyces=/scratch/gregg_thomas/Murinae-seq/Contamination_Genomes/Schizosaccharomyces.fa, ref_Legionella=/scratch/gregg_thomas/Murinae-seq/Contamination_Genomes/Legionella.fa, ref_Curvibacter=/scratch/gregg_thomas/Murinae-seq/Contamination_Genomes/Curvibacter.fa, ref_Mycoplasma=/scratch/gregg_thomas/Murinae-seq/Contamination_Genomes/Mycoplasma.fa, ref_Magnaporthe=/scratch/gregg_thomas/Murinae-seq/Contamination_Genomes/Magnaporthe.fa, ref_Caenorhabditis=/scratch/gregg_thomas/Murinae-seq/Contamination_Genomes/Caenorhabditis.fa, ref_Sphingomonas=/scratch/gregg_thomas/Murinae-seq/Contamination_Genomes/Sphingomonas.fa, ref_Pseudomonas=/scratch/gregg_thomas/Murinae-seq/Contamination_Genomes/Pseudomonas.fa, ref_Salmonella=/scratch/gregg_thomas/Murinae-seq/Contamination_Genomes/Salmonella.fa, ref_Helcococcus=/scratch/gregg_thomas/Murinae-seq/Contamination_Genomes/Helcococcus.fa, ref_Afipia=/scratch/gregg_thomas/Murinae-seq/Contamination_Genomes/Afipia.fa, ref_Agrobacterium=/scratch/gregg_thomas/Murinae-seq/Contamination_Genomes/Agrobacterium.fa, ref_Phyllobacterium=/scratch/gregg_thomas/Murinae-seq/Contamination_Genomes/Phyllobacterium.fa, ref_Penicillium=/scratch/gregg_thomas/Murinae-seq/Contamination_Genomes/Penicillium.fa, ref_Corynebacterium=/scratch/gregg_thomas/Murinae-seq/Contamination_Genomes/Corynebacterium.fa, ref_Ecoli=/scratch/gregg_thomas/Murinae-seq/Contamination_Genomes/Ecoli.fa, ref_Bradyrhizobium=/scratch/gregg_thomas/Murinae-seq/Contamination_Genomes/Bradyrhizobium.fa, ref_Aspergillus=/scratch/gregg_thomas/Murinae-seq/Contamination_Genomes/Aspergillus.fa, ref_Ralstonia=/scratch/gregg_thomas/Murinae-seq/Contamination_Genomes/Ralstonia.fa, ref_Haemophilus=/scratch/gregg_thomas/Murinae-seq/Contamination_Genomes/Haemophilus.fa, ref_Microbacterium=/scratch/gregg_thomas/Murinae-seq/Contamination_Genomes/Microbacterium.fa, ref_Acidaminococcus=/scratch/gregg_thomas/Murinae-seq/Contamination_Genomes/Acidaminococcus.fa]
Merged reference file /scratch/gregg_thomas/Murinae-seq/Contamination_Genomes/ref/genome/1/merged_ref_5759390567066404624.fa.gz already exists; skipping merge.
Ref merge time:     	0.050 seconds.
Executing align2.BBMap [ow=t, fastareadlen=500, minhits=1, minratio=0.56, maxindel=20, qtrim=rl, untrim=t, trimq=6, t=1, in1=/scratch/gregg_thomas/Murinae-seq/01-Fastp/Phloeomys-cumingii/hiseq4000-paired-1/SM069_CKDL190143343-1a-D709-AK1681_H7275BBXX_L2_R1_.fastp.fastq.gz, in2=/scratch/gregg_thomas/Murinae-seq/01-Fastp/Phloeomys-cumingii/hiseq4000-paired-1/SM069_CKDL190143343-1a-D709-AK1681_H7275BBXX_L2_R2_.fastp.fastq.gz, minid=0.95, outu1=/scratch/gregg_thomas/Murinae-seq/02-Decon/Phloeomys-cumingii/hiseq4000-paired-1/SM069_CKDL190143343-1a-D709-AK1681_H7275BBXX_L2_R1_.fastp.decon.fastq.gz, outu2=/scratch/gregg_thomas/Murinae-seq/02-Decon/Phloeomys-cumingii/hiseq4000-paired-1/SM069_CKDL190143343-1a-D709-AK1681_H7275BBXX_L2_R2_.fastp.decon.fastq.gz, ref=/scratch/gregg_thomas/Murinae-seq/Contamination_Genomes/ref/genome/1/merged_ref_5759390567066404624.fa.gz]
Version 38.73

Set MINIMUM_ALIGNMENT_SCORE_RATIO to 0.560
Set threads to 1
Retaining first best site only for ambiguous mappings.
NOTE:	Ignoring reference file because it already appears to have been processed.
NOTE:	If you wish to regenerate the index, please manually delete /scratch/gregg_thomas/Murinae-seq/Contamination_Genomes/ref/genome/1/summary.txt
Set genome to 1

Loaded Reference:	5.293 seconds.
Loading index for chunk 1-2, build 1
Generated Index:	14.186 seconds.
Analyzed Index:   	7.063 seconds.
Started output stream:	0.043 seconds.
Cleared Memory:    	0.698 seconds.
Processing reads in paired-ended mode.
Started read stream.
Started 1 mapping thread.
Detecting finished threads: 0

   ------------------   Results   ------------------   

Genome:                	1
Key Length:            	13
Max Indel:             	20
Minimum Score Ratio:  	0.56
Mapping Mode:         	normal
Reads Used:           	33616120	(5021983064 bases)

Mapping:          	3175.201 seconds.
Reads/sec:       	10587.08
kBases/sec:      	1581.63


Pairing data:   	pct pairs	num pairs 	pct bases	   num bases

mated pairs:     	  0.0758% 	    12747 	  0.0658% 	     3302536
bad pairs:       	  0.0000% 	        8 	  0.0000% 	        1586
insert size avg: 	  215.93


Read 1 data:      	pct reads	num reads 	pct bases	   num bases

mapped:          	  0.0769% 	    12921 	  0.0667% 	     1675331
unambiguous:     	  0.0511% 	     8596 	  0.0450% 	     1129454
ambiguous:       	  0.0257% 	     4325 	  0.0217% 	      545877
low-Q discards:  	  0.0000% 	        0 	  0.0000% 	           0

perfect best site:	  0.0005% 	       78 	  0.0004% 	       10051
semiperfect site:	  0.0006% 	      109 	  0.0005% 	       13718
rescued:         	  0.0168% 	     2824

Match Rate:      	      NA 	       NA 	 84.2582% 	     1415441
Error Rate:      	 47.1074% 	    12841 	 15.6763% 	      263344
Sub Rate:        	 46.9863% 	    12808 	 14.2910% 	      240073
Del Rate:        	  3.6942% 	     1007 	  0.2711% 	        4555
Ins Rate:        	  6.8931% 	     1879 	  1.1141% 	       18716
N Rate:          	  0.3632% 	       99 	  0.0655% 	        1101


Read 2 data:      	pct reads	num reads 	pct bases	   num bases

mapped:          	  0.0766% 	    12875 	  0.0663% 	     1665232
unambiguous:     	  0.0511% 	     8595 	  0.0448% 	     1125446
ambiguous:       	  0.0255% 	     4280 	  0.0215% 	      539786
low-Q discards:  	  0.0000% 	        0 	  0.0000% 	           0

perfect best site:	  0.0002% 	       30 	  0.0002% 	        4124
semiperfect site:	  0.0004% 	       59 	  0.0003% 	        7530
rescued:         	  0.0158% 	     2652

Match Rate:      	      NA 	       NA 	 84.0227% 	     1403369
Error Rate:      	 46.8447% 	    12842 	 15.8996% 	      265559
Sub Rate:        	 46.7608% 	    12819 	 14.4985% 	      242158
Del Rate:        	  3.5566% 	      975 	  0.2990% 	        4994
Ins Rate:        	  7.0147% 	     1923 	  1.1021% 	       18407
N Rate:          	  0.3721% 	      102 	  0.0777% 	        1298

Total time:     	3202.553 seconds.
