java -ea -Xmx10g -Xms10g -cp /home/gregg_thomas/bin/bbmap/current/ align2.BBSplitter ow=t fastareadlen=500 minhits=1 minratio=0.56 maxindel=20 qtrim=rl untrim=t trimq=6 -Xmx10g t=1 in1=/scratch/gregg_thomas/Murinae-seq/01-Fastp/Praomys-jacksoni/hiseq4000-paired-1/REC31_CKDL190143344-1a-D710-AK1546_H7275BBXX_L3_R1_.fastp.fastq.gz in2=/scratch/gregg_thomas/Murinae-seq/01-Fastp/Praomys-jacksoni/hiseq4000-paired-1/REC31_CKDL190143344-1a-D710-AK1546_H7275BBXX_L3_R2_.fastp.fastq.gz ref=/scratch/gregg_thomas/Murinae-seq/Contamination_Genomes/ path=/scratch/gregg_thomas/Murinae-seq/Contamination_Genomes/ minid=0.95 outu1=/scratch/gregg_thomas/Murinae-seq/02-Decon/Praomys-jacksoni/hiseq4000-paired-1/REC31_CKDL190143344-1a-D710-AK1546_H7275BBXX_L3_R1_.fastp.decon.fastq.gz outu2=/scratch/gregg_thomas/Murinae-seq/02-Decon/Praomys-jacksoni/hiseq4000-paired-1/REC31_CKDL190143344-1a-D710-AK1546_H7275BBXX_L3_R2_.fastp.decon.fastq.gz
Executing align2.BBSplitter [ow=t, fastareadlen=500, minhits=1, minratio=0.56, maxindel=20, qtrim=rl, untrim=t, trimq=6, -Xmx10g, t=1, in1=/scratch/gregg_thomas/Murinae-seq/01-Fastp/Praomys-jacksoni/hiseq4000-paired-1/REC31_CKDL190143344-1a-D710-AK1546_H7275BBXX_L3_R1_.fastp.fastq.gz, in2=/scratch/gregg_thomas/Murinae-seq/01-Fastp/Praomys-jacksoni/hiseq4000-paired-1/REC31_CKDL190143344-1a-D710-AK1546_H7275BBXX_L3_R2_.fastp.fastq.gz, ref=/scratch/gregg_thomas/Murinae-seq/Contamination_Genomes/, path=/scratch/gregg_thomas/Murinae-seq/Contamination_Genomes/, minid=0.95, outu1=/scratch/gregg_thomas/Murinae-seq/02-Decon/Praomys-jacksoni/hiseq4000-paired-1/REC31_CKDL190143344-1a-D710-AK1546_H7275BBXX_L3_R1_.fastp.decon.fastq.gz, outu2=/scratch/gregg_thomas/Murinae-seq/02-Decon/Praomys-jacksoni/hiseq4000-paired-1/REC31_CKDL190143344-1a-D710-AK1546_H7275BBXX_L3_R2_.fastp.decon.fastq.gz]

Converted arguments to [ow=t, fastareadlen=500, minhits=1, minratio=0.56, maxindel=20, qtrim=rl, untrim=t, trimq=6, t=1, in1=/scratch/gregg_thomas/Murinae-seq/01-Fastp/Praomys-jacksoni/hiseq4000-paired-1/REC31_CKDL190143344-1a-D710-AK1546_H7275BBXX_L3_R1_.fastp.fastq.gz, in2=/scratch/gregg_thomas/Murinae-seq/01-Fastp/Praomys-jacksoni/hiseq4000-paired-1/REC31_CKDL190143344-1a-D710-AK1546_H7275BBXX_L3_R2_.fastp.fastq.gz, path=/scratch/gregg_thomas/Murinae-seq/Contamination_Genomes/, minid=0.95, outu1=/scratch/gregg_thomas/Murinae-seq/02-Decon/Praomys-jacksoni/hiseq4000-paired-1/REC31_CKDL190143344-1a-D710-AK1546_H7275BBXX_L3_R1_.fastp.decon.fastq.gz, outu2=/scratch/gregg_thomas/Murinae-seq/02-Decon/Praomys-jacksoni/hiseq4000-paired-1/REC31_CKDL190143344-1a-D710-AK1546_H7275BBXX_L3_R2_.fastp.decon.fastq.gz, ref_Alcaligenes=/scratch/gregg_thomas/Murinae-seq/Contamination_Genomes/Alcaligenes.fa, ref_Novosphingobium=/scratch/gregg_thomas/Murinae-seq/Contamination_Genomes/Novosphingobium.fa, ref_Flavobacterium=/scratch/gregg_thomas/Murinae-seq/Contamination_Genomes/Flavobacterium.fa, ref_Ochrobactrum=/scratch/gregg_thomas/Murinae-seq/Contamination_Genomes/Ochrobactrum.fa, ref_Saccharomyces=/scratch/gregg_thomas/Murinae-seq/Contamination_Genomes/Saccharomyces.fa, ref_Scerevisiae=/scratch/gregg_thomas/Murinae-seq/Contamination_Genomes/Scerevisiae.fa, ref_UniVec=/scratch/gregg_thomas/Murinae-seq/Contamination_Genomes/UniVec.fa, ref_Drosophila_melanogaster=/scratch/gregg_thomas/Murinae-seq/Contamination_Genomes/Drosophila_melanogaster.fa, ref_Stenotrophomonas=/scratch/gregg_thomas/Murinae-seq/Contamination_Genomes/Stenotrophomonas.fa, ref_Pseudonocardia=/scratch/gregg_thomas/Murinae-seq/Contamination_Genomes/Pseudonocardia.fa, ref_Staphylococcus=/scratch/gregg_thomas/Murinae-seq/Contamination_Genomes/Staphylococcus.fa, ref_Malassezia=/scratch/gregg_thomas/Murinae-seq/Contamination_Genomes/Malassezia.fa, ref_Leifsonia=/scratch/gregg_thomas/Murinae-seq/Contamination_Genomes/Leifsonia.fa, ref_Achromobacter=/scratch/gregg_thomas/Murinae-seq/Contamination_Genomes/Achromobacter.fa, ref_Herbaspirillum=/scratch/gregg_thomas/Murinae-seq/Contamination_Genomes/Herbaspirillum.fa, ref_Mesorhizobium=/scratch/gregg_thomas/Murinae-seq/Contamination_Genomes/Mesorhizobium.fa, ref_Pedobacter=/scratch/gregg_thomas/Murinae-seq/Contamination_Genomes/Pedobacter.fa, ref_Burkholderia=/scratch/gregg_thomas/Murinae-seq/Contamination_Genomes/Burkholderia.fa, ref_Moraxella=/scratch/gregg_thomas/Murinae-seq/Contamination_Genomes/Moraxella.fa, ref_Acinetobacter=/scratch/gregg_thomas/Murinae-seq/Contamination_Genomes/Acinetobacter.fa, ref_Brevundimonas=/scratch/gregg_thomas/Murinae-seq/Contamination_Genomes/Brevundimonas.fa, ref_Puccinia=/scratch/gregg_thomas/Murinae-seq/Contamination_Genomes/Puccinia.fa, ref_Rhodococcus=/scratch/gregg_thomas/Murinae-seq/Contamination_Genomes/Rhodococcus.fa, ref_Methylobacterium=/scratch/gregg_thomas/Murinae-seq/Contamination_Genomes/Methylobacterium.fa, ref_Aminobacter=/scratch/gregg_thomas/Murinae-seq/Contamination_Genomes/Aminobacter.fa, ref_Schizosaccharomyces=/scratch/gregg_thomas/Murinae-seq/Contamination_Genomes/Schizosaccharomyces.fa, ref_Legionella=/scratch/gregg_thomas/Murinae-seq/Contamination_Genomes/Legionella.fa, ref_Curvibacter=/scratch/gregg_thomas/Murinae-seq/Contamination_Genomes/Curvibacter.fa, ref_Mycoplasma=/scratch/gregg_thomas/Murinae-seq/Contamination_Genomes/Mycoplasma.fa, ref_Magnaporthe=/scratch/gregg_thomas/Murinae-seq/Contamination_Genomes/Magnaporthe.fa, ref_Caenorhabditis=/scratch/gregg_thomas/Murinae-seq/Contamination_Genomes/Caenorhabditis.fa, ref_Sphingomonas=/scratch/gregg_thomas/Murinae-seq/Contamination_Genomes/Sphingomonas.fa, ref_Pseudomonas=/scratch/gregg_thomas/Murinae-seq/Contamination_Genomes/Pseudomonas.fa, ref_Salmonella=/scratch/gregg_thomas/Murinae-seq/Contamination_Genomes/Salmonella.fa, ref_Helcococcus=/scratch/gregg_thomas/Murinae-seq/Contamination_Genomes/Helcococcus.fa, ref_Afipia=/scratch/gregg_thomas/Murinae-seq/Contamination_Genomes/Afipia.fa, ref_Agrobacterium=/scratch/gregg_thomas/Murinae-seq/Contamination_Genomes/Agrobacterium.fa, ref_Phyllobacterium=/scratch/gregg_thomas/Murinae-seq/Contamination_Genomes/Phyllobacterium.fa, ref_Penicillium=/scratch/gregg_thomas/Murinae-seq/Contamination_Genomes/Penicillium.fa, ref_Corynebacterium=/scratch/gregg_thomas/Murinae-seq/Contamination_Genomes/Corynebacterium.fa, ref_Ecoli=/scratch/gregg_thomas/Murinae-seq/Contamination_Genomes/Ecoli.fa, ref_Bradyrhizobium=/scratch/gregg_thomas/Murinae-seq/Contamination_Genomes/Bradyrhizobium.fa, ref_Aspergillus=/scratch/gregg_thomas/Murinae-seq/Contamination_Genomes/Aspergillus.fa, ref_Ralstonia=/scratch/gregg_thomas/Murinae-seq/Contamination_Genomes/Ralstonia.fa, ref_Haemophilus=/scratch/gregg_thomas/Murinae-seq/Contamination_Genomes/Haemophilus.fa, ref_Microbacterium=/scratch/gregg_thomas/Murinae-seq/Contamination_Genomes/Microbacterium.fa, ref_Acidaminococcus=/scratch/gregg_thomas/Murinae-seq/Contamination_Genomes/Acidaminococcus.fa]
Merged reference file /scratch/gregg_thomas/Murinae-seq/Contamination_Genomes/ref/genome/1/merged_ref_5759390567066404624.fa.gz already exists; skipping merge.
Ref merge time:     	0.189 seconds.
Executing align2.BBMap [ow=t, fastareadlen=500, minhits=1, minratio=0.56, maxindel=20, qtrim=rl, untrim=t, trimq=6, t=1, in1=/scratch/gregg_thomas/Murinae-seq/01-Fastp/Praomys-jacksoni/hiseq4000-paired-1/REC31_CKDL190143344-1a-D710-AK1546_H7275BBXX_L3_R1_.fastp.fastq.gz, in2=/scratch/gregg_thomas/Murinae-seq/01-Fastp/Praomys-jacksoni/hiseq4000-paired-1/REC31_CKDL190143344-1a-D710-AK1546_H7275BBXX_L3_R2_.fastp.fastq.gz, minid=0.95, outu1=/scratch/gregg_thomas/Murinae-seq/02-Decon/Praomys-jacksoni/hiseq4000-paired-1/REC31_CKDL190143344-1a-D710-AK1546_H7275BBXX_L3_R1_.fastp.decon.fastq.gz, outu2=/scratch/gregg_thomas/Murinae-seq/02-Decon/Praomys-jacksoni/hiseq4000-paired-1/REC31_CKDL190143344-1a-D710-AK1546_H7275BBXX_L3_R2_.fastp.decon.fastq.gz, ref=/scratch/gregg_thomas/Murinae-seq/Contamination_Genomes/ref/genome/1/merged_ref_5759390567066404624.fa.gz]
Version 38.73

Set MINIMUM_ALIGNMENT_SCORE_RATIO to 0.560
Set threads to 1
Retaining first best site only for ambiguous mappings.
NOTE:	Ignoring reference file because it already appears to have been processed.
NOTE:	If you wish to regenerate the index, please manually delete /scratch/gregg_thomas/Murinae-seq/Contamination_Genomes/ref/genome/1/summary.txt
Set genome to 1

Loaded Reference:	12.976 seconds.
Loading index for chunk 1-2, build 1
Generated Index:	11.661 seconds.
Analyzed Index:   	8.990 seconds.
Started output stream:	0.090 seconds.
Cleared Memory:    	17.591 seconds.
Processing reads in paired-ended mode.
Started read stream.
Started 1 mapping thread.
Detecting finished threads: 0

   ------------------   Results   ------------------   

Genome:                	1
Key Length:            	13
Max Indel:             	20
Minimum Score Ratio:  	0.56
Mapping Mode:         	normal
Reads Used:           	38018516	(5551626356 bases)

Mapping:          	4358.138 seconds.
Reads/sec:       	8723.57
kBases/sec:      	1273.85


Pairing data:   	pct pairs	num pairs 	pct bases	   num bases

mated pairs:     	  0.1353% 	    25729 	  0.1068% 	     5929440
bad pairs:       	  0.0001% 	       28 	  0.0001% 	        4548
insert size avg: 	  165.74


Read 1 data:      	pct reads	num reads 	pct bases	   num bases

mapped:          	  0.1369% 	    26027 	  0.1081% 	     3000886
unambiguous:     	  0.0909% 	    17280 	  0.0703% 	     1950049
ambiguous:       	  0.0460% 	     8747 	  0.0379% 	     1050837
low-Q discards:  	  0.0000% 	        0 	  0.0000% 	           0

perfect best site:	  0.0006% 	      115 	  0.0003% 	        9560
semiperfect site:	  0.0008% 	      150 	  0.0005% 	       13789
rescued:         	  0.0228% 	     4339

Match Rate:      	      NA 	       NA 	 83.3788% 	     2516375
Error Rate:      	 54.6523% 	    25909 	 16.5517% 	      499530
Sub Rate:        	 54.5152% 	    25844 	 14.1822% 	      428020
Del Rate:        	  6.3429% 	     3007 	  0.5671% 	       17116
Ins Rate:        	 14.7489% 	     6992 	  1.8023% 	       54394
N Rate:          	  0.3333% 	      158 	  0.0695% 	        2097


Read 2 data:      	pct reads	num reads 	pct bases	   num bases

mapped:          	  0.1368% 	    26008 	  0.1079% 	     2995387
unambiguous:     	  0.0903% 	    17172 	  0.0697% 	     1934465
ambiguous:       	  0.0465% 	     8836 	  0.0382% 	     1060922
low-Q discards:  	  0.0000% 	        0 	  0.0000% 	           0

perfect best site:	  0.0004% 	       80 	  0.0002% 	        5354
semiperfect site:	  0.0005% 	      103 	  0.0003% 	        8110
rescued:         	  0.0236% 	     4481

Match Rate:      	      NA 	       NA 	 83.2772% 	     2509536
Error Rate:      	 56.0662% 	    25925 	 16.6379% 	      501377
Sub Rate:        	 55.9343% 	    25864 	 14.3007% 	      430948
Del Rate:        	  6.8253% 	     3156 	  0.6001% 	       18085
Ins Rate:        	 14.9373% 	     6907 	  1.7370% 	       52344
N Rate:          	  0.6964% 	      322 	  0.0849% 	        2559

Total time:     	4409.584 seconds.
