java -ea -Xmx10g -Xms10g -cp /home/gregg_thomas/bin/bbmap/current/ align2.BBSplitter ow=t fastareadlen=500 minhits=1 minratio=0.56 maxindel=20 qtrim=rl untrim=t trimq=6 -Xmx10g t=1 in1=/scratch/gregg_thomas/Murinae-seq/01-Fastp/Pseudomys-apodemoides/seq-run-1/52931_AH7T2JBCX2_GACGATT_S14_L001_R1_001.fastp.fastq.gz in2=/scratch/gregg_thomas/Murinae-seq/01-Fastp/Pseudomys-apodemoides/seq-run-1/52931_AH7T2JBCX2_GACGATT_S14_L001_R2_001.fastp.fastq.gz ref=/scratch/gregg_thomas/Murinae-seq/Contamination_Genomes/ path=/scratch/gregg_thomas/Murinae-seq/Contamination_Genomes/ minid=0.95 outu1=/scratch/gregg_thomas/Murinae-seq/02-Decon/Pseudomys-apodemoides/seq-run-1/52931_AH7T2JBCX2_GACGATT_S14_L001_R1_001.fastp.decon.fastq.gz outu2=/scratch/gregg_thomas/Murinae-seq/02-Decon/Pseudomys-apodemoides/seq-run-1/52931_AH7T2JBCX2_GACGATT_S14_L001_R2_001.fastp.decon.fastq.gz
Executing align2.BBSplitter [ow=t, fastareadlen=500, minhits=1, minratio=0.56, maxindel=20, qtrim=rl, untrim=t, trimq=6, -Xmx10g, t=1, in1=/scratch/gregg_thomas/Murinae-seq/01-Fastp/Pseudomys-apodemoides/seq-run-1/52931_AH7T2JBCX2_GACGATT_S14_L001_R1_001.fastp.fastq.gz, in2=/scratch/gregg_thomas/Murinae-seq/01-Fastp/Pseudomys-apodemoides/seq-run-1/52931_AH7T2JBCX2_GACGATT_S14_L001_R2_001.fastp.fastq.gz, ref=/scratch/gregg_thomas/Murinae-seq/Contamination_Genomes/, path=/scratch/gregg_thomas/Murinae-seq/Contamination_Genomes/, minid=0.95, outu1=/scratch/gregg_thomas/Murinae-seq/02-Decon/Pseudomys-apodemoides/seq-run-1/52931_AH7T2JBCX2_GACGATT_S14_L001_R1_001.fastp.decon.fastq.gz, outu2=/scratch/gregg_thomas/Murinae-seq/02-Decon/Pseudomys-apodemoides/seq-run-1/52931_AH7T2JBCX2_GACGATT_S14_L001_R2_001.fastp.decon.fastq.gz]

Converted arguments to [ow=t, fastareadlen=500, minhits=1, minratio=0.56, maxindel=20, qtrim=rl, untrim=t, trimq=6, t=1, in1=/scratch/gregg_thomas/Murinae-seq/01-Fastp/Pseudomys-apodemoides/seq-run-1/52931_AH7T2JBCX2_GACGATT_S14_L001_R1_001.fastp.fastq.gz, in2=/scratch/gregg_thomas/Murinae-seq/01-Fastp/Pseudomys-apodemoides/seq-run-1/52931_AH7T2JBCX2_GACGATT_S14_L001_R2_001.fastp.fastq.gz, path=/scratch/gregg_thomas/Murinae-seq/Contamination_Genomes/, minid=0.95, outu1=/scratch/gregg_thomas/Murinae-seq/02-Decon/Pseudomys-apodemoides/seq-run-1/52931_AH7T2JBCX2_GACGATT_S14_L001_R1_001.fastp.decon.fastq.gz, outu2=/scratch/gregg_thomas/Murinae-seq/02-Decon/Pseudomys-apodemoides/seq-run-1/52931_AH7T2JBCX2_GACGATT_S14_L001_R2_001.fastp.decon.fastq.gz, ref_Alcaligenes=/scratch/gregg_thomas/Murinae-seq/Contamination_Genomes/Alcaligenes.fa, ref_Novosphingobium=/scratch/gregg_thomas/Murinae-seq/Contamination_Genomes/Novosphingobium.fa, ref_Flavobacterium=/scratch/gregg_thomas/Murinae-seq/Contamination_Genomes/Flavobacterium.fa, ref_Ochrobactrum=/scratch/gregg_thomas/Murinae-seq/Contamination_Genomes/Ochrobactrum.fa, ref_Saccharomyces=/scratch/gregg_thomas/Murinae-seq/Contamination_Genomes/Saccharomyces.fa, ref_Scerevisiae=/scratch/gregg_thomas/Murinae-seq/Contamination_Genomes/Scerevisiae.fa, ref_UniVec=/scratch/gregg_thomas/Murinae-seq/Contamination_Genomes/UniVec.fa, ref_Drosophila_melanogaster=/scratch/gregg_thomas/Murinae-seq/Contamination_Genomes/Drosophila_melanogaster.fa, ref_Stenotrophomonas=/scratch/gregg_thomas/Murinae-seq/Contamination_Genomes/Stenotrophomonas.fa, ref_Pseudonocardia=/scratch/gregg_thomas/Murinae-seq/Contamination_Genomes/Pseudonocardia.fa, ref_Staphylococcus=/scratch/gregg_thomas/Murinae-seq/Contamination_Genomes/Staphylococcus.fa, ref_Malassezia=/scratch/gregg_thomas/Murinae-seq/Contamination_Genomes/Malassezia.fa, ref_Leifsonia=/scratch/gregg_thomas/Murinae-seq/Contamination_Genomes/Leifsonia.fa, ref_Achromobacter=/scratch/gregg_thomas/Murinae-seq/Contamination_Genomes/Achromobacter.fa, ref_Herbaspirillum=/scratch/gregg_thomas/Murinae-seq/Contamination_Genomes/Herbaspirillum.fa, ref_Mesorhizobium=/scratch/gregg_thomas/Murinae-seq/Contamination_Genomes/Mesorhizobium.fa, ref_Pedobacter=/scratch/gregg_thomas/Murinae-seq/Contamination_Genomes/Pedobacter.fa, ref_Burkholderia=/scratch/gregg_thomas/Murinae-seq/Contamination_Genomes/Burkholderia.fa, ref_Moraxella=/scratch/gregg_thomas/Murinae-seq/Contamination_Genomes/Moraxella.fa, ref_Acinetobacter=/scratch/gregg_thomas/Murinae-seq/Contamination_Genomes/Acinetobacter.fa, ref_Brevundimonas=/scratch/gregg_thomas/Murinae-seq/Contamination_Genomes/Brevundimonas.fa, ref_Puccinia=/scratch/gregg_thomas/Murinae-seq/Contamination_Genomes/Puccinia.fa, ref_Rhodococcus=/scratch/gregg_thomas/Murinae-seq/Contamination_Genomes/Rhodococcus.fa, ref_Methylobacterium=/scratch/gregg_thomas/Murinae-seq/Contamination_Genomes/Methylobacterium.fa, ref_Aminobacter=/scratch/gregg_thomas/Murinae-seq/Contamination_Genomes/Aminobacter.fa, ref_Schizosaccharomyces=/scratch/gregg_thomas/Murinae-seq/Contamination_Genomes/Schizosaccharomyces.fa, ref_Legionella=/scratch/gregg_thomas/Murinae-seq/Contamination_Genomes/Legionella.fa, ref_Curvibacter=/scratch/gregg_thomas/Murinae-seq/Contamination_Genomes/Curvibacter.fa, ref_Mycoplasma=/scratch/gregg_thomas/Murinae-seq/Contamination_Genomes/Mycoplasma.fa, ref_Magnaporthe=/scratch/gregg_thomas/Murinae-seq/Contamination_Genomes/Magnaporthe.fa, ref_Caenorhabditis=/scratch/gregg_thomas/Murinae-seq/Contamination_Genomes/Caenorhabditis.fa, ref_Sphingomonas=/scratch/gregg_thomas/Murinae-seq/Contamination_Genomes/Sphingomonas.fa, ref_Pseudomonas=/scratch/gregg_thomas/Murinae-seq/Contamination_Genomes/Pseudomonas.fa, ref_Salmonella=/scratch/gregg_thomas/Murinae-seq/Contamination_Genomes/Salmonella.fa, ref_Helcococcus=/scratch/gregg_thomas/Murinae-seq/Contamination_Genomes/Helcococcus.fa, ref_Afipia=/scratch/gregg_thomas/Murinae-seq/Contamination_Genomes/Afipia.fa, ref_Agrobacterium=/scratch/gregg_thomas/Murinae-seq/Contamination_Genomes/Agrobacterium.fa, ref_Phyllobacterium=/scratch/gregg_thomas/Murinae-seq/Contamination_Genomes/Phyllobacterium.fa, ref_Penicillium=/scratch/gregg_thomas/Murinae-seq/Contamination_Genomes/Penicillium.fa, ref_Corynebacterium=/scratch/gregg_thomas/Murinae-seq/Contamination_Genomes/Corynebacterium.fa, ref_Ecoli=/scratch/gregg_thomas/Murinae-seq/Contamination_Genomes/Ecoli.fa, ref_Bradyrhizobium=/scratch/gregg_thomas/Murinae-seq/Contamination_Genomes/Bradyrhizobium.fa, ref_Aspergillus=/scratch/gregg_thomas/Murinae-seq/Contamination_Genomes/Aspergillus.fa, ref_Ralstonia=/scratch/gregg_thomas/Murinae-seq/Contamination_Genomes/Ralstonia.fa, ref_Haemophilus=/scratch/gregg_thomas/Murinae-seq/Contamination_Genomes/Haemophilus.fa, ref_Microbacterium=/scratch/gregg_thomas/Murinae-seq/Contamination_Genomes/Microbacterium.fa, ref_Acidaminococcus=/scratch/gregg_thomas/Murinae-seq/Contamination_Genomes/Acidaminococcus.fa]
Merged reference file /scratch/gregg_thomas/Murinae-seq/Contamination_Genomes/ref/genome/1/merged_ref_5759390567066404624.fa.gz already exists; skipping merge.
Ref merge time:     	1.358 seconds.
Executing align2.BBMap [ow=t, fastareadlen=500, minhits=1, minratio=0.56, maxindel=20, qtrim=rl, untrim=t, trimq=6, t=1, in1=/scratch/gregg_thomas/Murinae-seq/01-Fastp/Pseudomys-apodemoides/seq-run-1/52931_AH7T2JBCX2_GACGATT_S14_L001_R1_001.fastp.fastq.gz, in2=/scratch/gregg_thomas/Murinae-seq/01-Fastp/Pseudomys-apodemoides/seq-run-1/52931_AH7T2JBCX2_GACGATT_S14_L001_R2_001.fastp.fastq.gz, minid=0.95, outu1=/scratch/gregg_thomas/Murinae-seq/02-Decon/Pseudomys-apodemoides/seq-run-1/52931_AH7T2JBCX2_GACGATT_S14_L001_R1_001.fastp.decon.fastq.gz, outu2=/scratch/gregg_thomas/Murinae-seq/02-Decon/Pseudomys-apodemoides/seq-run-1/52931_AH7T2JBCX2_GACGATT_S14_L001_R2_001.fastp.decon.fastq.gz, ref=/scratch/gregg_thomas/Murinae-seq/Contamination_Genomes/ref/genome/1/merged_ref_5759390567066404624.fa.gz]
Version 38.73

Set MINIMUM_ALIGNMENT_SCORE_RATIO to 0.560
Set threads to 1
Retaining first best site only for ambiguous mappings.
NOTE:	Ignoring reference file because it already appears to have been processed.
NOTE:	If you wish to regenerate the index, please manually delete /scratch/gregg_thomas/Murinae-seq/Contamination_Genomes/ref/genome/1/summary.txt
Set genome to 1

Loaded Reference:	9.720 seconds.
Loading index for chunk 1-2, build 1
Generated Index:	6.285 seconds.
Analyzed Index:   	13.453 seconds.
Started output stream:	0.122 seconds.
Cleared Memory:    	4.288 seconds.
Processing reads in paired-ended mode.
Started read stream.
Started 1 mapping thread.
Detecting finished threads: 0

   ------------------   Results   ------------------   

Genome:                	1
Key Length:            	13
Max Indel:             	20
Minimum Score Ratio:  	0.56
Mapping Mode:         	normal
Reads Used:           	21928916	(2212102535 bases)

Mapping:          	2687.933 seconds.
Reads/sec:       	8158.28
kBases/sec:      	822.98


Pairing data:   	pct pairs	num pairs 	pct bases	   num bases

mated pairs:     	  2.2601% 	   247804 	  2.2391% 	    49530368
bad pairs:       	  0.0018% 	      199 	  0.0017% 	       37974
insert size avg: 	  334.43


Read 1 data:      	pct reads	num reads 	pct bases	   num bases

mapped:          	  2.2723% 	   249148 	  2.2508% 	    24895203
unambiguous:     	  0.1569% 	    17208 	  0.1416% 	     1566297
ambiguous:       	  2.1154% 	   231940 	  2.1092% 	    23328906
low-Q discards:  	  0.0000% 	        0 	  0.0000% 	           0

perfect best site:	  1.8914% 	   207384 	  1.8925% 	    20931475
semiperfect site:	  1.8938% 	   207649 	  1.8944% 	    20952834
rescued:         	  0.0782% 	     8569

Match Rate:      	      NA 	       NA 	 98.5256% 	    24549482
Error Rate:      	 15.3877% 	    41728 	  1.4651% 	      365054
Sub Rate:        	 15.2351% 	    41314 	  1.2507% 	      311624
Del Rate:        	  1.2999% 	     3525 	  0.0869% 	       21656
Ins Rate:        	  1.8523% 	     5023 	  0.1275% 	       31774
N Rate:          	  0.1519% 	      412 	  0.0093% 	        2323


Read 2 data:      	pct reads	num reads 	pct bases	   num bases

mapped:          	  2.2679% 	   248659 	  2.2464% 	    24846681
unambiguous:     	  0.1568% 	    17187 	  0.1415% 	     1564915
ambiguous:       	  2.1111% 	   231472 	  2.1049% 	    23281766
low-Q discards:  	  0.0000% 	        0 	  0.0000% 	           0

perfect best site:	  1.7360% 	   190338 	  1.7370% 	    19212781
semiperfect site:	  1.7384% 	   190609 	  1.7393% 	    19237918
rescued:         	  0.0885% 	     9708

Match Rate:      	      NA 	       NA 	 98.2618% 	    24437510
Error Rate:      	 21.4603% 	    58291 	  1.7264% 	      429348
Sub Rate:        	 21.3240% 	    57921 	  1.4985% 	      372669
Del Rate:        	  1.3640% 	     3705 	  0.0929% 	       23116
Ins Rate:        	  1.9954% 	     5420 	  0.1350% 	       33563
N Rate:          	  0.1690% 	      459 	  0.0118% 	        2939

Total time:     	2722.223 seconds.
