java -ea -Xmx10g -Xms10g -cp /home/gregg_thomas/bin/bbmap/current/ align2.BBSplitter ow=t fastareadlen=500 minhits=1 minratio=0.56 maxindel=20 qtrim=rl untrim=t trimq=6 -Xmx10g t=1 in1=/scratch/gregg_thomas/Murinae-seq/01-Fastp/Pseudomys-higginsi/seq-run-4/53925_HTVLWBCX2_ACTATCA_S13_L002_R1_001.fastp.fastq.gz in2=/scratch/gregg_thomas/Murinae-seq/01-Fastp/Pseudomys-higginsi/seq-run-4/53925_HTVLWBCX2_ACTATCA_S13_L002_R2_001.fastp.fastq.gz ref=/scratch/gregg_thomas/Murinae-seq/Contamination_Genomes/ path=/scratch/gregg_thomas/Murinae-seq/Contamination_Genomes/ minid=0.95 outu1=/scratch/gregg_thomas/Murinae-seq/02-Decon/Pseudomys-higginsi/seq-run-4/53925_HTVLWBCX2_ACTATCA_S13_L002_R1_001.fastp.decon.fastq.gz outu2=/scratch/gregg_thomas/Murinae-seq/02-Decon/Pseudomys-higginsi/seq-run-4/53925_HTVLWBCX2_ACTATCA_S13_L002_R2_001.fastp.decon.fastq.gz
Executing align2.BBSplitter [ow=t, fastareadlen=500, minhits=1, minratio=0.56, maxindel=20, qtrim=rl, untrim=t, trimq=6, -Xmx10g, t=1, in1=/scratch/gregg_thomas/Murinae-seq/01-Fastp/Pseudomys-higginsi/seq-run-4/53925_HTVLWBCX2_ACTATCA_S13_L002_R1_001.fastp.fastq.gz, in2=/scratch/gregg_thomas/Murinae-seq/01-Fastp/Pseudomys-higginsi/seq-run-4/53925_HTVLWBCX2_ACTATCA_S13_L002_R2_001.fastp.fastq.gz, ref=/scratch/gregg_thomas/Murinae-seq/Contamination_Genomes/, path=/scratch/gregg_thomas/Murinae-seq/Contamination_Genomes/, minid=0.95, outu1=/scratch/gregg_thomas/Murinae-seq/02-Decon/Pseudomys-higginsi/seq-run-4/53925_HTVLWBCX2_ACTATCA_S13_L002_R1_001.fastp.decon.fastq.gz, outu2=/scratch/gregg_thomas/Murinae-seq/02-Decon/Pseudomys-higginsi/seq-run-4/53925_HTVLWBCX2_ACTATCA_S13_L002_R2_001.fastp.decon.fastq.gz]

Converted arguments to [ow=t, fastareadlen=500, minhits=1, minratio=0.56, maxindel=20, qtrim=rl, untrim=t, trimq=6, t=1, in1=/scratch/gregg_thomas/Murinae-seq/01-Fastp/Pseudomys-higginsi/seq-run-4/53925_HTVLWBCX2_ACTATCA_S13_L002_R1_001.fastp.fastq.gz, in2=/scratch/gregg_thomas/Murinae-seq/01-Fastp/Pseudomys-higginsi/seq-run-4/53925_HTVLWBCX2_ACTATCA_S13_L002_R2_001.fastp.fastq.gz, path=/scratch/gregg_thomas/Murinae-seq/Contamination_Genomes/, minid=0.95, outu1=/scratch/gregg_thomas/Murinae-seq/02-Decon/Pseudomys-higginsi/seq-run-4/53925_HTVLWBCX2_ACTATCA_S13_L002_R1_001.fastp.decon.fastq.gz, outu2=/scratch/gregg_thomas/Murinae-seq/02-Decon/Pseudomys-higginsi/seq-run-4/53925_HTVLWBCX2_ACTATCA_S13_L002_R2_001.fastp.decon.fastq.gz, ref_Alcaligenes=/scratch/gregg_thomas/Murinae-seq/Contamination_Genomes/Alcaligenes.fa, ref_Novosphingobium=/scratch/gregg_thomas/Murinae-seq/Contamination_Genomes/Novosphingobium.fa, ref_Flavobacterium=/scratch/gregg_thomas/Murinae-seq/Contamination_Genomes/Flavobacterium.fa, ref_Ochrobactrum=/scratch/gregg_thomas/Murinae-seq/Contamination_Genomes/Ochrobactrum.fa, ref_Saccharomyces=/scratch/gregg_thomas/Murinae-seq/Contamination_Genomes/Saccharomyces.fa, ref_Scerevisiae=/scratch/gregg_thomas/Murinae-seq/Contamination_Genomes/Scerevisiae.fa, ref_UniVec=/scratch/gregg_thomas/Murinae-seq/Contamination_Genomes/UniVec.fa, ref_Drosophila_melanogaster=/scratch/gregg_thomas/Murinae-seq/Contamination_Genomes/Drosophila_melanogaster.fa, ref_Stenotrophomonas=/scratch/gregg_thomas/Murinae-seq/Contamination_Genomes/Stenotrophomonas.fa, ref_Pseudonocardia=/scratch/gregg_thomas/Murinae-seq/Contamination_Genomes/Pseudonocardia.fa, ref_Staphylococcus=/scratch/gregg_thomas/Murinae-seq/Contamination_Genomes/Staphylococcus.fa, ref_Malassezia=/scratch/gregg_thomas/Murinae-seq/Contamination_Genomes/Malassezia.fa, ref_Leifsonia=/scratch/gregg_thomas/Murinae-seq/Contamination_Genomes/Leifsonia.fa, ref_Achromobacter=/scratch/gregg_thomas/Murinae-seq/Contamination_Genomes/Achromobacter.fa, ref_Herbaspirillum=/scratch/gregg_thomas/Murinae-seq/Contamination_Genomes/Herbaspirillum.fa, ref_Mesorhizobium=/scratch/gregg_thomas/Murinae-seq/Contamination_Genomes/Mesorhizobium.fa, ref_Pedobacter=/scratch/gregg_thomas/Murinae-seq/Contamination_Genomes/Pedobacter.fa, ref_Burkholderia=/scratch/gregg_thomas/Murinae-seq/Contamination_Genomes/Burkholderia.fa, ref_Moraxella=/scratch/gregg_thomas/Murinae-seq/Contamination_Genomes/Moraxella.fa, ref_Acinetobacter=/scratch/gregg_thomas/Murinae-seq/Contamination_Genomes/Acinetobacter.fa, ref_Brevundimonas=/scratch/gregg_thomas/Murinae-seq/Contamination_Genomes/Brevundimonas.fa, ref_Puccinia=/scratch/gregg_thomas/Murinae-seq/Contamination_Genomes/Puccinia.fa, ref_Rhodococcus=/scratch/gregg_thomas/Murinae-seq/Contamination_Genomes/Rhodococcus.fa, ref_Methylobacterium=/scratch/gregg_thomas/Murinae-seq/Contamination_Genomes/Methylobacterium.fa, ref_Aminobacter=/scratch/gregg_thomas/Murinae-seq/Contamination_Genomes/Aminobacter.fa, ref_Schizosaccharomyces=/scratch/gregg_thomas/Murinae-seq/Contamination_Genomes/Schizosaccharomyces.fa, ref_Legionella=/scratch/gregg_thomas/Murinae-seq/Contamination_Genomes/Legionella.fa, ref_Curvibacter=/scratch/gregg_thomas/Murinae-seq/Contamination_Genomes/Curvibacter.fa, ref_Mycoplasma=/scratch/gregg_thomas/Murinae-seq/Contamination_Genomes/Mycoplasma.fa, ref_Magnaporthe=/scratch/gregg_thomas/Murinae-seq/Contamination_Genomes/Magnaporthe.fa, ref_Caenorhabditis=/scratch/gregg_thomas/Murinae-seq/Contamination_Genomes/Caenorhabditis.fa, ref_Sphingomonas=/scratch/gregg_thomas/Murinae-seq/Contamination_Genomes/Sphingomonas.fa, ref_Pseudomonas=/scratch/gregg_thomas/Murinae-seq/Contamination_Genomes/Pseudomonas.fa, ref_Salmonella=/scratch/gregg_thomas/Murinae-seq/Contamination_Genomes/Salmonella.fa, ref_Helcococcus=/scratch/gregg_thomas/Murinae-seq/Contamination_Genomes/Helcococcus.fa, ref_Afipia=/scratch/gregg_thomas/Murinae-seq/Contamination_Genomes/Afipia.fa, ref_Agrobacterium=/scratch/gregg_thomas/Murinae-seq/Contamination_Genomes/Agrobacterium.fa, ref_Phyllobacterium=/scratch/gregg_thomas/Murinae-seq/Contamination_Genomes/Phyllobacterium.fa, ref_Penicillium=/scratch/gregg_thomas/Murinae-seq/Contamination_Genomes/Penicillium.fa, ref_Corynebacterium=/scratch/gregg_thomas/Murinae-seq/Contamination_Genomes/Corynebacterium.fa, ref_Ecoli=/scratch/gregg_thomas/Murinae-seq/Contamination_Genomes/Ecoli.fa, ref_Bradyrhizobium=/scratch/gregg_thomas/Murinae-seq/Contamination_Genomes/Bradyrhizobium.fa, ref_Aspergillus=/scratch/gregg_thomas/Murinae-seq/Contamination_Genomes/Aspergillus.fa, ref_Ralstonia=/scratch/gregg_thomas/Murinae-seq/Contamination_Genomes/Ralstonia.fa, ref_Haemophilus=/scratch/gregg_thomas/Murinae-seq/Contamination_Genomes/Haemophilus.fa, ref_Microbacterium=/scratch/gregg_thomas/Murinae-seq/Contamination_Genomes/Microbacterium.fa, ref_Acidaminococcus=/scratch/gregg_thomas/Murinae-seq/Contamination_Genomes/Acidaminococcus.fa]
Merged reference file /scratch/gregg_thomas/Murinae-seq/Contamination_Genomes/ref/genome/1/merged_ref_5759390567066404624.fa.gz already exists; skipping merge.
Ref merge time:     	0.049 seconds.
Executing align2.BBMap [ow=t, fastareadlen=500, minhits=1, minratio=0.56, maxindel=20, qtrim=rl, untrim=t, trimq=6, t=1, in1=/scratch/gregg_thomas/Murinae-seq/01-Fastp/Pseudomys-higginsi/seq-run-4/53925_HTVLWBCX2_ACTATCA_S13_L002_R1_001.fastp.fastq.gz, in2=/scratch/gregg_thomas/Murinae-seq/01-Fastp/Pseudomys-higginsi/seq-run-4/53925_HTVLWBCX2_ACTATCA_S13_L002_R2_001.fastp.fastq.gz, minid=0.95, outu1=/scratch/gregg_thomas/Murinae-seq/02-Decon/Pseudomys-higginsi/seq-run-4/53925_HTVLWBCX2_ACTATCA_S13_L002_R1_001.fastp.decon.fastq.gz, outu2=/scratch/gregg_thomas/Murinae-seq/02-Decon/Pseudomys-higginsi/seq-run-4/53925_HTVLWBCX2_ACTATCA_S13_L002_R2_001.fastp.decon.fastq.gz, ref=/scratch/gregg_thomas/Murinae-seq/Contamination_Genomes/ref/genome/1/merged_ref_5759390567066404624.fa.gz]
Version 38.73

Set MINIMUM_ALIGNMENT_SCORE_RATIO to 0.560
Set threads to 1
Retaining first best site only for ambiguous mappings.
NOTE:	Ignoring reference file because it already appears to have been processed.
NOTE:	If you wish to regenerate the index, please manually delete /scratch/gregg_thomas/Murinae-seq/Contamination_Genomes/ref/genome/1/summary.txt
Set genome to 1

Loaded Reference:	4.210 seconds.
Loading index for chunk 1-2, build 1
Generated Index:	4.026 seconds.
Analyzed Index:   	8.241 seconds.
Started output stream:	0.060 seconds.
Cleared Memory:    	3.834 seconds.
Processing reads in paired-ended mode.
Started read stream.
Started 1 mapping thread.
Detecting finished threads: 0

   ------------------   Results   ------------------   

Genome:                	1
Key Length:            	13
Max Indel:             	20
Minimum Score Ratio:  	0.56
Mapping Mode:         	normal
Reads Used:           	7813858	(784365594 bases)

Mapping:          	1272.983 seconds.
Reads/sec:       	6138.23
kBases/sec:      	616.16


Pairing data:   	pct pairs	num pairs 	pct bases	   num bases

mated pairs:     	  2.4275% 	    94839 	  2.3808% 	    18674270
bad pairs:       	  0.0023% 	       89 	  0.0019% 	       15174
insert size avg: 	  329.85


Read 1 data:      	pct reads	num reads 	pct bases	   num bases

mapped:          	  2.4714% 	    96554 	  2.4235% 	     9506379
unambiguous:     	  0.2081% 	     8132 	  0.1665% 	      653095
ambiguous:       	  2.2632% 	    88422 	  2.2570% 	     8853284
low-Q discards:  	  0.0000% 	        0 	  0.0000% 	           0

perfect best site:	  1.9790% 	    77319 	  1.9881% 	     7798710
semiperfect site:	  1.9810% 	    77396 	  1.9898% 	     7805351
rescued:         	  0.0975% 	     3809

Match Rate:      	      NA 	       NA 	 98.3312% 	     9356702
Error Rate:      	 18.3744% 	    19197 	  1.6428% 	      156324
Sub Rate:        	 18.2710% 	    19089 	  1.3797% 	      131286
Del Rate:        	  1.7535% 	     1832 	  0.0958% 	        9120
Ins Rate:        	  2.7441% 	     2867 	  0.1673% 	       15918
N Rate:          	  0.2115% 	      221 	  0.0260% 	        2473


Read 2 data:      	pct reads	num reads 	pct bases	   num bases

mapped:          	  2.4349% 	    95131 	  2.3872% 	     9360256
unambiguous:     	  0.2055% 	     8027 	  0.1644% 	      644504
ambiguous:       	  2.2295% 	    87104 	  2.2228% 	     8715752
low-Q discards:  	  0.0002% 	        9 	  0.0001% 	         293

perfect best site:	  1.4049% 	    54888 	  1.4115% 	     5534538
semiperfect site:	  1.4078% 	    55001 	  1.4141% 	     5544751
rescued:         	  0.1518% 	     5929

Match Rate:      	      NA 	       NA 	 97.0397% 	     9092597
Error Rate:      	 38.7300% 	    39974 	  2.8829% 	      270127
Sub Rate:        	 38.6331% 	    39874 	  2.6060% 	      244184
Del Rate:        	  1.7760% 	     1833 	  0.1037% 	        9716
Ins Rate:        	  2.8669% 	     2959 	  0.1732% 	       16227
N Rate:          	  1.3622% 	     1406 	  0.0774% 	        7248

Total time:     	1293.457 seconds.
