java -ea -Xmx10g -Xms10g -cp /home/gregg_thomas/bin/bbmap/current/ align2.BBSplitter ow=t fastareadlen=500 minhits=1 minratio=0.56 maxindel=20 qtrim=rl untrim=t trimq=6 -Xmx10g t=1 in1=/scratch/gregg_thomas/Murinae-seq/01-Fastp/Uromys-caudimaculatus/hiseq4000-paired-1/SM078_CKDL190143344-1a-D707-AK1780_H7275BBXX_L3_R1_.fastp.fastq.gz in2=/scratch/gregg_thomas/Murinae-seq/01-Fastp/Uromys-caudimaculatus/hiseq4000-paired-1/SM078_CKDL190143344-1a-D707-AK1780_H7275BBXX_L3_R2_.fastp.fastq.gz ref=/scratch/gregg_thomas/Murinae-seq/Contamination_Genomes/ path=/scratch/gregg_thomas/Murinae-seq/Contamination_Genomes/ minid=0.95 outu1=/scratch/gregg_thomas/Murinae-seq/02-Decon/Uromys-caudimaculatus/hiseq4000-paired-1/SM078_CKDL190143344-1a-D707-AK1780_H7275BBXX_L3_R1_.fastp.decon.fastq.gz outu2=/scratch/gregg_thomas/Murinae-seq/02-Decon/Uromys-caudimaculatus/hiseq4000-paired-1/SM078_CKDL190143344-1a-D707-AK1780_H7275BBXX_L3_R2_.fastp.decon.fastq.gz
Executing align2.BBSplitter [ow=t, fastareadlen=500, minhits=1, minratio=0.56, maxindel=20, qtrim=rl, untrim=t, trimq=6, -Xmx10g, t=1, in1=/scratch/gregg_thomas/Murinae-seq/01-Fastp/Uromys-caudimaculatus/hiseq4000-paired-1/SM078_CKDL190143344-1a-D707-AK1780_H7275BBXX_L3_R1_.fastp.fastq.gz, in2=/scratch/gregg_thomas/Murinae-seq/01-Fastp/Uromys-caudimaculatus/hiseq4000-paired-1/SM078_CKDL190143344-1a-D707-AK1780_H7275BBXX_L3_R2_.fastp.fastq.gz, ref=/scratch/gregg_thomas/Murinae-seq/Contamination_Genomes/, path=/scratch/gregg_thomas/Murinae-seq/Contamination_Genomes/, minid=0.95, outu1=/scratch/gregg_thomas/Murinae-seq/02-Decon/Uromys-caudimaculatus/hiseq4000-paired-1/SM078_CKDL190143344-1a-D707-AK1780_H7275BBXX_L3_R1_.fastp.decon.fastq.gz, outu2=/scratch/gregg_thomas/Murinae-seq/02-Decon/Uromys-caudimaculatus/hiseq4000-paired-1/SM078_CKDL190143344-1a-D707-AK1780_H7275BBXX_L3_R2_.fastp.decon.fastq.gz]

Converted arguments to [ow=t, fastareadlen=500, minhits=1, minratio=0.56, maxindel=20, qtrim=rl, untrim=t, trimq=6, t=1, in1=/scratch/gregg_thomas/Murinae-seq/01-Fastp/Uromys-caudimaculatus/hiseq4000-paired-1/SM078_CKDL190143344-1a-D707-AK1780_H7275BBXX_L3_R1_.fastp.fastq.gz, in2=/scratch/gregg_thomas/Murinae-seq/01-Fastp/Uromys-caudimaculatus/hiseq4000-paired-1/SM078_CKDL190143344-1a-D707-AK1780_H7275BBXX_L3_R2_.fastp.fastq.gz, path=/scratch/gregg_thomas/Murinae-seq/Contamination_Genomes/, minid=0.95, outu1=/scratch/gregg_thomas/Murinae-seq/02-Decon/Uromys-caudimaculatus/hiseq4000-paired-1/SM078_CKDL190143344-1a-D707-AK1780_H7275BBXX_L3_R1_.fastp.decon.fastq.gz, outu2=/scratch/gregg_thomas/Murinae-seq/02-Decon/Uromys-caudimaculatus/hiseq4000-paired-1/SM078_CKDL190143344-1a-D707-AK1780_H7275BBXX_L3_R2_.fastp.decon.fastq.gz, ref_Alcaligenes=/scratch/gregg_thomas/Murinae-seq/Contamination_Genomes/Alcaligenes.fa, ref_Novosphingobium=/scratch/gregg_thomas/Murinae-seq/Contamination_Genomes/Novosphingobium.fa, ref_Flavobacterium=/scratch/gregg_thomas/Murinae-seq/Contamination_Genomes/Flavobacterium.fa, ref_Ochrobactrum=/scratch/gregg_thomas/Murinae-seq/Contamination_Genomes/Ochrobactrum.fa, ref_Saccharomyces=/scratch/gregg_thomas/Murinae-seq/Contamination_Genomes/Saccharomyces.fa, ref_Scerevisiae=/scratch/gregg_thomas/Murinae-seq/Contamination_Genomes/Scerevisiae.fa, ref_UniVec=/scratch/gregg_thomas/Murinae-seq/Contamination_Genomes/UniVec.fa, ref_Drosophila_melanogaster=/scratch/gregg_thomas/Murinae-seq/Contamination_Genomes/Drosophila_melanogaster.fa, ref_Stenotrophomonas=/scratch/gregg_thomas/Murinae-seq/Contamination_Genomes/Stenotrophomonas.fa, ref_Pseudonocardia=/scratch/gregg_thomas/Murinae-seq/Contamination_Genomes/Pseudonocardia.fa, ref_Staphylococcus=/scratch/gregg_thomas/Murinae-seq/Contamination_Genomes/Staphylococcus.fa, ref_Malassezia=/scratch/gregg_thomas/Murinae-seq/Contamination_Genomes/Malassezia.fa, ref_Leifsonia=/scratch/gregg_thomas/Murinae-seq/Contamination_Genomes/Leifsonia.fa, ref_Achromobacter=/scratch/gregg_thomas/Murinae-seq/Contamination_Genomes/Achromobacter.fa, ref_Herbaspirillum=/scratch/gregg_thomas/Murinae-seq/Contamination_Genomes/Herbaspirillum.fa, ref_Mesorhizobium=/scratch/gregg_thomas/Murinae-seq/Contamination_Genomes/Mesorhizobium.fa, ref_Pedobacter=/scratch/gregg_thomas/Murinae-seq/Contamination_Genomes/Pedobacter.fa, ref_Burkholderia=/scratch/gregg_thomas/Murinae-seq/Contamination_Genomes/Burkholderia.fa, ref_Moraxella=/scratch/gregg_thomas/Murinae-seq/Contamination_Genomes/Moraxella.fa, ref_Acinetobacter=/scratch/gregg_thomas/Murinae-seq/Contamination_Genomes/Acinetobacter.fa, ref_Brevundimonas=/scratch/gregg_thomas/Murinae-seq/Contamination_Genomes/Brevundimonas.fa, ref_Puccinia=/scratch/gregg_thomas/Murinae-seq/Contamination_Genomes/Puccinia.fa, ref_Rhodococcus=/scratch/gregg_thomas/Murinae-seq/Contamination_Genomes/Rhodococcus.fa, ref_Methylobacterium=/scratch/gregg_thomas/Murinae-seq/Contamination_Genomes/Methylobacterium.fa, ref_Aminobacter=/scratch/gregg_thomas/Murinae-seq/Contamination_Genomes/Aminobacter.fa, ref_Schizosaccharomyces=/scratch/gregg_thomas/Murinae-seq/Contamination_Genomes/Schizosaccharomyces.fa, ref_Legionella=/scratch/gregg_thomas/Murinae-seq/Contamination_Genomes/Legionella.fa, ref_Curvibacter=/scratch/gregg_thomas/Murinae-seq/Contamination_Genomes/Curvibacter.fa, ref_Mycoplasma=/scratch/gregg_thomas/Murinae-seq/Contamination_Genomes/Mycoplasma.fa, ref_Magnaporthe=/scratch/gregg_thomas/Murinae-seq/Contamination_Genomes/Magnaporthe.fa, ref_Caenorhabditis=/scratch/gregg_thomas/Murinae-seq/Contamination_Genomes/Caenorhabditis.fa, ref_Sphingomonas=/scratch/gregg_thomas/Murinae-seq/Contamination_Genomes/Sphingomonas.fa, ref_Pseudomonas=/scratch/gregg_thomas/Murinae-seq/Contamination_Genomes/Pseudomonas.fa, ref_Salmonella=/scratch/gregg_thomas/Murinae-seq/Contamination_Genomes/Salmonella.fa, ref_Helcococcus=/scratch/gregg_thomas/Murinae-seq/Contamination_Genomes/Helcococcus.fa, ref_Afipia=/scratch/gregg_thomas/Murinae-seq/Contamination_Genomes/Afipia.fa, ref_Agrobacterium=/scratch/gregg_thomas/Murinae-seq/Contamination_Genomes/Agrobacterium.fa, ref_Phyllobacterium=/scratch/gregg_thomas/Murinae-seq/Contamination_Genomes/Phyllobacterium.fa, ref_Penicillium=/scratch/gregg_thomas/Murinae-seq/Contamination_Genomes/Penicillium.fa, ref_Corynebacterium=/scratch/gregg_thomas/Murinae-seq/Contamination_Genomes/Corynebacterium.fa, ref_Ecoli=/scratch/gregg_thomas/Murinae-seq/Contamination_Genomes/Ecoli.fa, ref_Bradyrhizobium=/scratch/gregg_thomas/Murinae-seq/Contamination_Genomes/Bradyrhizobium.fa, ref_Aspergillus=/scratch/gregg_thomas/Murinae-seq/Contamination_Genomes/Aspergillus.fa, ref_Ralstonia=/scratch/gregg_thomas/Murinae-seq/Contamination_Genomes/Ralstonia.fa, ref_Haemophilus=/scratch/gregg_thomas/Murinae-seq/Contamination_Genomes/Haemophilus.fa, ref_Microbacterium=/scratch/gregg_thomas/Murinae-seq/Contamination_Genomes/Microbacterium.fa, ref_Acidaminococcus=/scratch/gregg_thomas/Murinae-seq/Contamination_Genomes/Acidaminococcus.fa]
Merged reference file /scratch/gregg_thomas/Murinae-seq/Contamination_Genomes/ref/genome/1/merged_ref_5759390567066404624.fa.gz already exists; skipping merge.
Ref merge time:     	0.184 seconds.
Executing align2.BBMap [ow=t, fastareadlen=500, minhits=1, minratio=0.56, maxindel=20, qtrim=rl, untrim=t, trimq=6, t=1, in1=/scratch/gregg_thomas/Murinae-seq/01-Fastp/Uromys-caudimaculatus/hiseq4000-paired-1/SM078_CKDL190143344-1a-D707-AK1780_H7275BBXX_L3_R1_.fastp.fastq.gz, in2=/scratch/gregg_thomas/Murinae-seq/01-Fastp/Uromys-caudimaculatus/hiseq4000-paired-1/SM078_CKDL190143344-1a-D707-AK1780_H7275BBXX_L3_R2_.fastp.fastq.gz, minid=0.95, outu1=/scratch/gregg_thomas/Murinae-seq/02-Decon/Uromys-caudimaculatus/hiseq4000-paired-1/SM078_CKDL190143344-1a-D707-AK1780_H7275BBXX_L3_R1_.fastp.decon.fastq.gz, outu2=/scratch/gregg_thomas/Murinae-seq/02-Decon/Uromys-caudimaculatus/hiseq4000-paired-1/SM078_CKDL190143344-1a-D707-AK1780_H7275BBXX_L3_R2_.fastp.decon.fastq.gz, ref=/scratch/gregg_thomas/Murinae-seq/Contamination_Genomes/ref/genome/1/merged_ref_5759390567066404624.fa.gz]
Version 38.73

Set MINIMUM_ALIGNMENT_SCORE_RATIO to 0.560
Set threads to 1
Retaining first best site only for ambiguous mappings.
NOTE:	Ignoring reference file because it already appears to have been processed.
NOTE:	If you wish to regenerate the index, please manually delete /scratch/gregg_thomas/Murinae-seq/Contamination_Genomes/ref/genome/1/summary.txt
Set genome to 1

Loaded Reference:	13.414 seconds.
Loading index for chunk 1-2, build 1
Generated Index:	44.262 seconds.
Analyzed Index:   	9.136 seconds.
Started output stream:	0.085 seconds.
Cleared Memory:    	7.245 seconds.
Processing reads in paired-ended mode.
Started read stream.
Started 1 mapping thread.
Detecting finished threads: 0

   ------------------   Results   ------------------   

Genome:                	1
Key Length:            	13
Max Indel:             	20
Minimum Score Ratio:  	0.56
Mapping Mode:         	normal
Reads Used:           	36719838	(5478286474 bases)

Mapping:          	4151.622 seconds.
Reads/sec:       	8844.70
kBases/sec:      	1319.55


Pairing data:   	pct pairs	num pairs 	pct bases	   num bases

mated pairs:     	  0.1183% 	    21712 	  0.1084% 	     5935898
bad pairs:       	  0.0001% 	       26 	  0.0001% 	        5562
insert size avg: 	  236.10


Read 1 data:      	pct reads	num reads 	pct bases	   num bases

mapped:          	  0.1198% 	    21995 	  0.1098% 	     3008200
unambiguous:     	  0.0620% 	    11380 	  0.0555% 	     1518970
ambiguous:       	  0.0578% 	    10615 	  0.0544% 	     1489230
low-Q discards:  	  0.0000% 	        0 	  0.0000% 	           0

perfect best site:	  0.0007% 	      127 	  0.0005% 	       14895
semiperfect site:	  0.0010% 	      177 	  0.0008% 	       21104
rescued:         	  0.0253% 	     4648

Match Rate:      	      NA 	       NA 	 82.6803% 	     2497860
Error Rate:      	 44.9443% 	    21860 	 17.2731% 	      521839
Sub Rate:        	 44.8476% 	    21813 	 14.2510% 	      430539
Del Rate:        	  4.0174% 	     1954 	  0.4272% 	       12905
Ins Rate:        	 12.6095% 	     6133 	  2.5949% 	       78395
N Rate:          	  0.2447% 	      119 	  0.0465% 	        1406


Read 2 data:      	pct reads	num reads 	pct bases	   num bases

mapped:          	  0.1198% 	    21995 	  0.1097% 	     3005144
unambiguous:     	  0.0609% 	    11183 	  0.0544% 	     1490795
ambiguous:       	  0.0589% 	    10812 	  0.0553% 	     1514349
low-Q discards:  	  0.0000% 	        0 	  0.0000% 	           0

perfect best site:	  0.0002% 	       42 	  0.0001% 	        3614
semiperfect site:	  0.0006% 	      106 	  0.0004% 	       10748
rescued:         	  0.0257% 	     4714

Match Rate:      	      NA 	       NA 	 82.6350% 	     2493622
Error Rate:      	 45.9888% 	    21944 	 17.2822% 	      521514
Sub Rate:        	 45.9489% 	    21925 	 14.2988% 	      431485
Del Rate:        	  4.3507% 	     2076 	  0.4139% 	       12490
Ins Rate:        	 13.1675% 	     6283 	  2.5695% 	       77539
N Rate:          	  0.6392% 	      305 	  0.0828% 	        2498

Total time:     	4225.928 seconds.
