java -ea -Xmx10g -Xms10g -cp /home/gregg_thomas/bin/bbmap/current/ align2.BBSplitter ow=t fastareadlen=500 minhits=1 minratio=0.56 maxindel=20 qtrim=rl untrim=t trimq=6 -Xmx10g t=1 in1=/scratch/gregg_thomas/Murinae-seq/01-Fastp/Zyzomys-palatalis/seq-run-1/52949_BH7T33BCX2_TGGCAAT_S12_L001_R1_001.fastp.fastq.gz in2=/scratch/gregg_thomas/Murinae-seq/01-Fastp/Zyzomys-palatalis/seq-run-1/52949_BH7T33BCX2_TGGCAAT_S12_L001_R2_001.fastp.fastq.gz ref=/scratch/gregg_thomas/Murinae-seq/Contamination_Genomes/ path=/scratch/gregg_thomas/Murinae-seq/Contamination_Genomes/ minid=0.95 outu1=/scratch/gregg_thomas/Murinae-seq/02-Decon/Zyzomys-palatalis/seq-run-1/52949_BH7T33BCX2_TGGCAAT_S12_L001_R1_001.fastp.decon.fastq.gz outu2=/scratch/gregg_thomas/Murinae-seq/02-Decon/Zyzomys-palatalis/seq-run-1/52949_BH7T33BCX2_TGGCAAT_S12_L001_R2_001.fastp.decon.fastq.gz
Executing align2.BBSplitter [ow=t, fastareadlen=500, minhits=1, minratio=0.56, maxindel=20, qtrim=rl, untrim=t, trimq=6, -Xmx10g, t=1, in1=/scratch/gregg_thomas/Murinae-seq/01-Fastp/Zyzomys-palatalis/seq-run-1/52949_BH7T33BCX2_TGGCAAT_S12_L001_R1_001.fastp.fastq.gz, in2=/scratch/gregg_thomas/Murinae-seq/01-Fastp/Zyzomys-palatalis/seq-run-1/52949_BH7T33BCX2_TGGCAAT_S12_L001_R2_001.fastp.fastq.gz, ref=/scratch/gregg_thomas/Murinae-seq/Contamination_Genomes/, path=/scratch/gregg_thomas/Murinae-seq/Contamination_Genomes/, minid=0.95, outu1=/scratch/gregg_thomas/Murinae-seq/02-Decon/Zyzomys-palatalis/seq-run-1/52949_BH7T33BCX2_TGGCAAT_S12_L001_R1_001.fastp.decon.fastq.gz, outu2=/scratch/gregg_thomas/Murinae-seq/02-Decon/Zyzomys-palatalis/seq-run-1/52949_BH7T33BCX2_TGGCAAT_S12_L001_R2_001.fastp.decon.fastq.gz]

Converted arguments to [ow=t, fastareadlen=500, minhits=1, minratio=0.56, maxindel=20, qtrim=rl, untrim=t, trimq=6, t=1, in1=/scratch/gregg_thomas/Murinae-seq/01-Fastp/Zyzomys-palatalis/seq-run-1/52949_BH7T33BCX2_TGGCAAT_S12_L001_R1_001.fastp.fastq.gz, in2=/scratch/gregg_thomas/Murinae-seq/01-Fastp/Zyzomys-palatalis/seq-run-1/52949_BH7T33BCX2_TGGCAAT_S12_L001_R2_001.fastp.fastq.gz, path=/scratch/gregg_thomas/Murinae-seq/Contamination_Genomes/, minid=0.95, outu1=/scratch/gregg_thomas/Murinae-seq/02-Decon/Zyzomys-palatalis/seq-run-1/52949_BH7T33BCX2_TGGCAAT_S12_L001_R1_001.fastp.decon.fastq.gz, outu2=/scratch/gregg_thomas/Murinae-seq/02-Decon/Zyzomys-palatalis/seq-run-1/52949_BH7T33BCX2_TGGCAAT_S12_L001_R2_001.fastp.decon.fastq.gz, ref_Alcaligenes=/scratch/gregg_thomas/Murinae-seq/Contamination_Genomes/Alcaligenes.fa, ref_Novosphingobium=/scratch/gregg_thomas/Murinae-seq/Contamination_Genomes/Novosphingobium.fa, ref_Flavobacterium=/scratch/gregg_thomas/Murinae-seq/Contamination_Genomes/Flavobacterium.fa, ref_Ochrobactrum=/scratch/gregg_thomas/Murinae-seq/Contamination_Genomes/Ochrobactrum.fa, ref_Saccharomyces=/scratch/gregg_thomas/Murinae-seq/Contamination_Genomes/Saccharomyces.fa, ref_Scerevisiae=/scratch/gregg_thomas/Murinae-seq/Contamination_Genomes/Scerevisiae.fa, ref_UniVec=/scratch/gregg_thomas/Murinae-seq/Contamination_Genomes/UniVec.fa, ref_Drosophila_melanogaster=/scratch/gregg_thomas/Murinae-seq/Contamination_Genomes/Drosophila_melanogaster.fa, ref_Stenotrophomonas=/scratch/gregg_thomas/Murinae-seq/Contamination_Genomes/Stenotrophomonas.fa, ref_Pseudonocardia=/scratch/gregg_thomas/Murinae-seq/Contamination_Genomes/Pseudonocardia.fa, ref_Staphylococcus=/scratch/gregg_thomas/Murinae-seq/Contamination_Genomes/Staphylococcus.fa, ref_Malassezia=/scratch/gregg_thomas/Murinae-seq/Contamination_Genomes/Malassezia.fa, ref_Leifsonia=/scratch/gregg_thomas/Murinae-seq/Contamination_Genomes/Leifsonia.fa, ref_Achromobacter=/scratch/gregg_thomas/Murinae-seq/Contamination_Genomes/Achromobacter.fa, ref_Herbaspirillum=/scratch/gregg_thomas/Murinae-seq/Contamination_Genomes/Herbaspirillum.fa, ref_Mesorhizobium=/scratch/gregg_thomas/Murinae-seq/Contamination_Genomes/Mesorhizobium.fa, ref_Pedobacter=/scratch/gregg_thomas/Murinae-seq/Contamination_Genomes/Pedobacter.fa, ref_Burkholderia=/scratch/gregg_thomas/Murinae-seq/Contamination_Genomes/Burkholderia.fa, ref_Moraxella=/scratch/gregg_thomas/Murinae-seq/Contamination_Genomes/Moraxella.fa, ref_Acinetobacter=/scratch/gregg_thomas/Murinae-seq/Contamination_Genomes/Acinetobacter.fa, ref_Brevundimonas=/scratch/gregg_thomas/Murinae-seq/Contamination_Genomes/Brevundimonas.fa, ref_Puccinia=/scratch/gregg_thomas/Murinae-seq/Contamination_Genomes/Puccinia.fa, ref_Rhodococcus=/scratch/gregg_thomas/Murinae-seq/Contamination_Genomes/Rhodococcus.fa, ref_Methylobacterium=/scratch/gregg_thomas/Murinae-seq/Contamination_Genomes/Methylobacterium.fa, ref_Aminobacter=/scratch/gregg_thomas/Murinae-seq/Contamination_Genomes/Aminobacter.fa, ref_Schizosaccharomyces=/scratch/gregg_thomas/Murinae-seq/Contamination_Genomes/Schizosaccharomyces.fa, ref_Legionella=/scratch/gregg_thomas/Murinae-seq/Contamination_Genomes/Legionella.fa, ref_Curvibacter=/scratch/gregg_thomas/Murinae-seq/Contamination_Genomes/Curvibacter.fa, ref_Mycoplasma=/scratch/gregg_thomas/Murinae-seq/Contamination_Genomes/Mycoplasma.fa, ref_Magnaporthe=/scratch/gregg_thomas/Murinae-seq/Contamination_Genomes/Magnaporthe.fa, ref_Caenorhabditis=/scratch/gregg_thomas/Murinae-seq/Contamination_Genomes/Caenorhabditis.fa, ref_Sphingomonas=/scratch/gregg_thomas/Murinae-seq/Contamination_Genomes/Sphingomonas.fa, ref_Pseudomonas=/scratch/gregg_thomas/Murinae-seq/Contamination_Genomes/Pseudomonas.fa, ref_Salmonella=/scratch/gregg_thomas/Murinae-seq/Contamination_Genomes/Salmonella.fa, ref_Helcococcus=/scratch/gregg_thomas/Murinae-seq/Contamination_Genomes/Helcococcus.fa, ref_Afipia=/scratch/gregg_thomas/Murinae-seq/Contamination_Genomes/Afipia.fa, ref_Agrobacterium=/scratch/gregg_thomas/Murinae-seq/Contamination_Genomes/Agrobacterium.fa, ref_Phyllobacterium=/scratch/gregg_thomas/Murinae-seq/Contamination_Genomes/Phyllobacterium.fa, ref_Penicillium=/scratch/gregg_thomas/Murinae-seq/Contamination_Genomes/Penicillium.fa, ref_Corynebacterium=/scratch/gregg_thomas/Murinae-seq/Contamination_Genomes/Corynebacterium.fa, ref_Ecoli=/scratch/gregg_thomas/Murinae-seq/Contamination_Genomes/Ecoli.fa, ref_Bradyrhizobium=/scratch/gregg_thomas/Murinae-seq/Contamination_Genomes/Bradyrhizobium.fa, ref_Aspergillus=/scratch/gregg_thomas/Murinae-seq/Contamination_Genomes/Aspergillus.fa, ref_Ralstonia=/scratch/gregg_thomas/Murinae-seq/Contamination_Genomes/Ralstonia.fa, ref_Haemophilus=/scratch/gregg_thomas/Murinae-seq/Contamination_Genomes/Haemophilus.fa, ref_Microbacterium=/scratch/gregg_thomas/Murinae-seq/Contamination_Genomes/Microbacterium.fa, ref_Acidaminococcus=/scratch/gregg_thomas/Murinae-seq/Contamination_Genomes/Acidaminococcus.fa]
Merged reference file /scratch/gregg_thomas/Murinae-seq/Contamination_Genomes/ref/genome/1/merged_ref_5759390567066404624.fa.gz already exists; skipping merge.
Ref merge time:     	0.226 seconds.
Executing align2.BBMap [ow=t, fastareadlen=500, minhits=1, minratio=0.56, maxindel=20, qtrim=rl, untrim=t, trimq=6, t=1, in1=/scratch/gregg_thomas/Murinae-seq/01-Fastp/Zyzomys-palatalis/seq-run-1/52949_BH7T33BCX2_TGGCAAT_S12_L001_R1_001.fastp.fastq.gz, in2=/scratch/gregg_thomas/Murinae-seq/01-Fastp/Zyzomys-palatalis/seq-run-1/52949_BH7T33BCX2_TGGCAAT_S12_L001_R2_001.fastp.fastq.gz, minid=0.95, outu1=/scratch/gregg_thomas/Murinae-seq/02-Decon/Zyzomys-palatalis/seq-run-1/52949_BH7T33BCX2_TGGCAAT_S12_L001_R1_001.fastp.decon.fastq.gz, outu2=/scratch/gregg_thomas/Murinae-seq/02-Decon/Zyzomys-palatalis/seq-run-1/52949_BH7T33BCX2_TGGCAAT_S12_L001_R2_001.fastp.decon.fastq.gz, ref=/scratch/gregg_thomas/Murinae-seq/Contamination_Genomes/ref/genome/1/merged_ref_5759390567066404624.fa.gz]
Version 38.73

Set MINIMUM_ALIGNMENT_SCORE_RATIO to 0.560
Set threads to 1
Retaining first best site only for ambiguous mappings.
NOTE:	Ignoring reference file because it already appears to have been processed.
NOTE:	If you wish to regenerate the index, please manually delete /scratch/gregg_thomas/Murinae-seq/Contamination_Genomes/ref/genome/1/summary.txt
Set genome to 1

Loaded Reference:	12.492 seconds.
Loading index for chunk 1-2, build 1
Generated Index:	41.559 seconds.
Analyzed Index:   	8.822 seconds.
Started output stream:	0.068 seconds.
Cleared Memory:    	14.054 seconds.
Processing reads in paired-ended mode.
Started read stream.
Started 1 mapping thread.
Detecting finished threads: 0

   ------------------   Results   ------------------   

Genome:                	1
Key Length:            	13
Max Indel:             	20
Minimum Score Ratio:  	0.56
Mapping Mode:         	normal
Reads Used:           	14820190	(1492537269 bases)

Mapping:          	1697.032 seconds.
Reads/sec:       	8733.01
kBases/sec:      	879.50


Pairing data:   	pct pairs	num pairs 	pct bases	   num bases

mated pairs:     	  1.7322% 	   128357 	  1.7141% 	    25583524
bad pairs:       	  0.0013% 	       96 	  0.0012% 	       18316
insert size avg: 	  331.64


Read 1 data:      	pct reads	num reads 	pct bases	   num bases

mapped:          	  1.7440% 	   129232 	  1.7256% 	    12877317
unambiguous:     	  0.1354% 	    10035 	  0.1201% 	      896499
ambiguous:       	  1.6086% 	   119197 	  1.6055% 	    11980818
low-Q discards:  	  0.0000% 	        0 	  0.0000% 	           0

perfect best site:	  1.3436% 	    99563 	  1.3464% 	    10047846
semiperfect site:	  1.3459% 	    99731 	  1.3485% 	    10063257
rescued:         	  0.0661% 	     4895

Match Rate:      	      NA 	       NA 	 98.2829% 	    12666382
Error Rate:      	 21.0835% 	    29644 	  1.7031% 	      219484
Sub Rate:        	 20.9782% 	    29496 	  1.4878% 	      191737
Del Rate:        	  1.3279% 	     1867 	  0.0804% 	       10364
Ins Rate:        	  1.9623% 	     2759 	  0.1349% 	       17383
N Rate:          	  0.1415% 	      199 	  0.0141% 	        1815


Read 2 data:      	pct reads	num reads 	pct bases	   num bases

mapped:          	  1.7374% 	   128745 	  1.7190% 	    12828825
unambiguous:     	  0.1353% 	    10024 	  0.1198% 	      893886
ambiguous:       	  1.6022% 	   118721 	  1.5993% 	    11934939
low-Q discards:  	  0.0000% 	        0 	  0.0000% 	           0

perfect best site:	  1.0882% 	    80633 	  1.0904% 	     8137203
semiperfect site:	  1.0903% 	    80795 	  1.0925% 	     8152907
rescued:         	  0.0822% 	     6088

Match Rate:      	      NA 	       NA 	 97.6881% 	    12541981
Error Rate:      	 34.1397% 	    48094 	  2.2967% 	      294873
Sub Rate:        	 34.0723% 	    47999 	  2.0780% 	      266786
Del Rate:        	  1.3253% 	     1867 	  0.0777% 	        9971
Ins Rate:        	  2.0820% 	     2933 	  0.1411% 	       18116
N Rate:          	  0.1476% 	      208 	  0.0151% 	        1942

Total time:     	1774.178 seconds.
