java -ea -Xmx10g -Xms10g -cp /home/gregg_thomas/bin/bbmap/current/ align2.BBSplitter ow=t fastareadlen=500 minhits=1 minratio=0.56 maxindel=20 qtrim=rl untrim=t trimq=6 -Xmx10g t=1 in1=/scratch/gregg_thomas/Murinae-seq/01-Fastp/Zyzomys-pedunculatus/seq-run-1/52948_BH7T33BCX2_TAGTTCC_S11_L001_R1_001.fastp.fastq.gz in2=/scratch/gregg_thomas/Murinae-seq/01-Fastp/Zyzomys-pedunculatus/seq-run-1/52948_BH7T33BCX2_TAGTTCC_S11_L001_R2_001.fastp.fastq.gz ref=/scratch/gregg_thomas/Murinae-seq/Contamination_Genomes/ path=/scratch/gregg_thomas/Murinae-seq/Contamination_Genomes/ minid=0.95 outu1=/scratch/gregg_thomas/Murinae-seq/02-Decon/Zyzomys-pedunculatus/seq-run-1/52948_BH7T33BCX2_TAGTTCC_S11_L001_R1_001.fastp.decon.fastq.gz outu2=/scratch/gregg_thomas/Murinae-seq/02-Decon/Zyzomys-pedunculatus/seq-run-1/52948_BH7T33BCX2_TAGTTCC_S11_L001_R2_001.fastp.decon.fastq.gz
Executing align2.BBSplitter [ow=t, fastareadlen=500, minhits=1, minratio=0.56, maxindel=20, qtrim=rl, untrim=t, trimq=6, -Xmx10g, t=1, in1=/scratch/gregg_thomas/Murinae-seq/01-Fastp/Zyzomys-pedunculatus/seq-run-1/52948_BH7T33BCX2_TAGTTCC_S11_L001_R1_001.fastp.fastq.gz, in2=/scratch/gregg_thomas/Murinae-seq/01-Fastp/Zyzomys-pedunculatus/seq-run-1/52948_BH7T33BCX2_TAGTTCC_S11_L001_R2_001.fastp.fastq.gz, ref=/scratch/gregg_thomas/Murinae-seq/Contamination_Genomes/, path=/scratch/gregg_thomas/Murinae-seq/Contamination_Genomes/, minid=0.95, outu1=/scratch/gregg_thomas/Murinae-seq/02-Decon/Zyzomys-pedunculatus/seq-run-1/52948_BH7T33BCX2_TAGTTCC_S11_L001_R1_001.fastp.decon.fastq.gz, outu2=/scratch/gregg_thomas/Murinae-seq/02-Decon/Zyzomys-pedunculatus/seq-run-1/52948_BH7T33BCX2_TAGTTCC_S11_L001_R2_001.fastp.decon.fastq.gz]

Converted arguments to [ow=t, fastareadlen=500, minhits=1, minratio=0.56, maxindel=20, qtrim=rl, untrim=t, trimq=6, t=1, in1=/scratch/gregg_thomas/Murinae-seq/01-Fastp/Zyzomys-pedunculatus/seq-run-1/52948_BH7T33BCX2_TAGTTCC_S11_L001_R1_001.fastp.fastq.gz, in2=/scratch/gregg_thomas/Murinae-seq/01-Fastp/Zyzomys-pedunculatus/seq-run-1/52948_BH7T33BCX2_TAGTTCC_S11_L001_R2_001.fastp.fastq.gz, path=/scratch/gregg_thomas/Murinae-seq/Contamination_Genomes/, minid=0.95, outu1=/scratch/gregg_thomas/Murinae-seq/02-Decon/Zyzomys-pedunculatus/seq-run-1/52948_BH7T33BCX2_TAGTTCC_S11_L001_R1_001.fastp.decon.fastq.gz, outu2=/scratch/gregg_thomas/Murinae-seq/02-Decon/Zyzomys-pedunculatus/seq-run-1/52948_BH7T33BCX2_TAGTTCC_S11_L001_R2_001.fastp.decon.fastq.gz, ref_Alcaligenes=/scratch/gregg_thomas/Murinae-seq/Contamination_Genomes/Alcaligenes.fa, ref_Novosphingobium=/scratch/gregg_thomas/Murinae-seq/Contamination_Genomes/Novosphingobium.fa, ref_Flavobacterium=/scratch/gregg_thomas/Murinae-seq/Contamination_Genomes/Flavobacterium.fa, ref_Ochrobactrum=/scratch/gregg_thomas/Murinae-seq/Contamination_Genomes/Ochrobactrum.fa, ref_Saccharomyces=/scratch/gregg_thomas/Murinae-seq/Contamination_Genomes/Saccharomyces.fa, ref_Scerevisiae=/scratch/gregg_thomas/Murinae-seq/Contamination_Genomes/Scerevisiae.fa, ref_UniVec=/scratch/gregg_thomas/Murinae-seq/Contamination_Genomes/UniVec.fa, ref_Drosophila_melanogaster=/scratch/gregg_thomas/Murinae-seq/Contamination_Genomes/Drosophila_melanogaster.fa, ref_Stenotrophomonas=/scratch/gregg_thomas/Murinae-seq/Contamination_Genomes/Stenotrophomonas.fa, ref_Pseudonocardia=/scratch/gregg_thomas/Murinae-seq/Contamination_Genomes/Pseudonocardia.fa, ref_Staphylococcus=/scratch/gregg_thomas/Murinae-seq/Contamination_Genomes/Staphylococcus.fa, ref_Malassezia=/scratch/gregg_thomas/Murinae-seq/Contamination_Genomes/Malassezia.fa, ref_Leifsonia=/scratch/gregg_thomas/Murinae-seq/Contamination_Genomes/Leifsonia.fa, ref_Achromobacter=/scratch/gregg_thomas/Murinae-seq/Contamination_Genomes/Achromobacter.fa, ref_Herbaspirillum=/scratch/gregg_thomas/Murinae-seq/Contamination_Genomes/Herbaspirillum.fa, ref_Mesorhizobium=/scratch/gregg_thomas/Murinae-seq/Contamination_Genomes/Mesorhizobium.fa, ref_Pedobacter=/scratch/gregg_thomas/Murinae-seq/Contamination_Genomes/Pedobacter.fa, ref_Burkholderia=/scratch/gregg_thomas/Murinae-seq/Contamination_Genomes/Burkholderia.fa, ref_Moraxella=/scratch/gregg_thomas/Murinae-seq/Contamination_Genomes/Moraxella.fa, ref_Acinetobacter=/scratch/gregg_thomas/Murinae-seq/Contamination_Genomes/Acinetobacter.fa, ref_Brevundimonas=/scratch/gregg_thomas/Murinae-seq/Contamination_Genomes/Brevundimonas.fa, ref_Puccinia=/scratch/gregg_thomas/Murinae-seq/Contamination_Genomes/Puccinia.fa, ref_Rhodococcus=/scratch/gregg_thomas/Murinae-seq/Contamination_Genomes/Rhodococcus.fa, ref_Methylobacterium=/scratch/gregg_thomas/Murinae-seq/Contamination_Genomes/Methylobacterium.fa, ref_Aminobacter=/scratch/gregg_thomas/Murinae-seq/Contamination_Genomes/Aminobacter.fa, ref_Schizosaccharomyces=/scratch/gregg_thomas/Murinae-seq/Contamination_Genomes/Schizosaccharomyces.fa, ref_Legionella=/scratch/gregg_thomas/Murinae-seq/Contamination_Genomes/Legionella.fa, ref_Curvibacter=/scratch/gregg_thomas/Murinae-seq/Contamination_Genomes/Curvibacter.fa, ref_Mycoplasma=/scratch/gregg_thomas/Murinae-seq/Contamination_Genomes/Mycoplasma.fa, ref_Magnaporthe=/scratch/gregg_thomas/Murinae-seq/Contamination_Genomes/Magnaporthe.fa, ref_Caenorhabditis=/scratch/gregg_thomas/Murinae-seq/Contamination_Genomes/Caenorhabditis.fa, ref_Sphingomonas=/scratch/gregg_thomas/Murinae-seq/Contamination_Genomes/Sphingomonas.fa, ref_Pseudomonas=/scratch/gregg_thomas/Murinae-seq/Contamination_Genomes/Pseudomonas.fa, ref_Salmonella=/scratch/gregg_thomas/Murinae-seq/Contamination_Genomes/Salmonella.fa, ref_Helcococcus=/scratch/gregg_thomas/Murinae-seq/Contamination_Genomes/Helcococcus.fa, ref_Afipia=/scratch/gregg_thomas/Murinae-seq/Contamination_Genomes/Afipia.fa, ref_Agrobacterium=/scratch/gregg_thomas/Murinae-seq/Contamination_Genomes/Agrobacterium.fa, ref_Phyllobacterium=/scratch/gregg_thomas/Murinae-seq/Contamination_Genomes/Phyllobacterium.fa, ref_Penicillium=/scratch/gregg_thomas/Murinae-seq/Contamination_Genomes/Penicillium.fa, ref_Corynebacterium=/scratch/gregg_thomas/Murinae-seq/Contamination_Genomes/Corynebacterium.fa, ref_Ecoli=/scratch/gregg_thomas/Murinae-seq/Contamination_Genomes/Ecoli.fa, ref_Bradyrhizobium=/scratch/gregg_thomas/Murinae-seq/Contamination_Genomes/Bradyrhizobium.fa, ref_Aspergillus=/scratch/gregg_thomas/Murinae-seq/Contamination_Genomes/Aspergillus.fa, ref_Ralstonia=/scratch/gregg_thomas/Murinae-seq/Contamination_Genomes/Ralstonia.fa, ref_Haemophilus=/scratch/gregg_thomas/Murinae-seq/Contamination_Genomes/Haemophilus.fa, ref_Microbacterium=/scratch/gregg_thomas/Murinae-seq/Contamination_Genomes/Microbacterium.fa, ref_Acidaminococcus=/scratch/gregg_thomas/Murinae-seq/Contamination_Genomes/Acidaminococcus.fa]
Merged reference file /scratch/gregg_thomas/Murinae-seq/Contamination_Genomes/ref/genome/1/merged_ref_5759390567066404624.fa.gz already exists; skipping merge.
Ref merge time:     	0.232 seconds.
Executing align2.BBMap [ow=t, fastareadlen=500, minhits=1, minratio=0.56, maxindel=20, qtrim=rl, untrim=t, trimq=6, t=1, in1=/scratch/gregg_thomas/Murinae-seq/01-Fastp/Zyzomys-pedunculatus/seq-run-1/52948_BH7T33BCX2_TAGTTCC_S11_L001_R1_001.fastp.fastq.gz, in2=/scratch/gregg_thomas/Murinae-seq/01-Fastp/Zyzomys-pedunculatus/seq-run-1/52948_BH7T33BCX2_TAGTTCC_S11_L001_R2_001.fastp.fastq.gz, minid=0.95, outu1=/scratch/gregg_thomas/Murinae-seq/02-Decon/Zyzomys-pedunculatus/seq-run-1/52948_BH7T33BCX2_TAGTTCC_S11_L001_R1_001.fastp.decon.fastq.gz, outu2=/scratch/gregg_thomas/Murinae-seq/02-Decon/Zyzomys-pedunculatus/seq-run-1/52948_BH7T33BCX2_TAGTTCC_S11_L001_R2_001.fastp.decon.fastq.gz, ref=/scratch/gregg_thomas/Murinae-seq/Contamination_Genomes/ref/genome/1/merged_ref_5759390567066404624.fa.gz]
Version 38.73

Set MINIMUM_ALIGNMENT_SCORE_RATIO to 0.560
Set threads to 1
Retaining first best site only for ambiguous mappings.
NOTE:	Ignoring reference file because it already appears to have been processed.
NOTE:	If you wish to regenerate the index, please manually delete /scratch/gregg_thomas/Murinae-seq/Contamination_Genomes/ref/genome/1/summary.txt
Set genome to 1

Loaded Reference:	4.932 seconds.
Loading index for chunk 1-2, build 1
Generated Index:	3.988 seconds.
Analyzed Index:   	10.062 seconds.
Started output stream:	0.118 seconds.
Cleared Memory:    	5.904 seconds.
Processing reads in paired-ended mode.
Started read stream.
Started 1 mapping thread.
Detecting finished threads: 0

   ------------------   Results   ------------------   

Genome:                	1
Key Length:            	13
Max Indel:             	20
Minimum Score Ratio:  	0.56
Mapping Mode:         	normal
Reads Used:           	33496536	(3370408094 bases)

Mapping:          	3809.588 seconds.
Reads/sec:       	8792.69
kBases/sec:      	884.72


Pairing data:   	pct pairs	num pairs 	pct bases	   num bases

mated pairs:     	  2.3935% 	   400869 	  2.3728% 	    79971760
bad pairs:       	  0.0019% 	      316 	  0.0018% 	       60062
insert size avg: 	  334.83


Read 1 data:      	pct reads	num reads 	pct bases	   num bases

mapped:          	  2.4119% 	   403955 	  2.3909% 	    40290428
unambiguous:     	  0.1396% 	    23384 	  0.1204% 	     2028858
ambiguous:       	  2.2723% 	   380571 	  2.2705% 	    38261570
low-Q discards:  	  0.0000% 	        0 	  0.0000% 	           0

perfect best site:	  1.9208% 	   321696 	  1.9265% 	    32464975
semiperfect site:	  1.9233% 	   322127 	  1.9287% 	    32502514
rescued:         	  0.0723% 	    12108

Match Rate:      	      NA 	       NA 	 98.5057% 	    39715489
Error Rate:      	 18.9726% 	    82198 	  1.4811% 	      597129
Sub Rate:        	 18.8699% 	    81753 	  1.2573% 	      506899
Del Rate:        	  1.2148% 	     5263 	  0.0683% 	       27521
Ins Rate:        	  1.9966% 	     8650 	  0.1555% 	       62709
N Rate:          	  0.1350% 	      585 	  0.0132% 	        5331


Read 2 data:      	pct reads	num reads 	pct bases	   num bases

mapped:          	  2.3998% 	   401924 	  2.3786% 	    40085717
unambiguous:     	  0.1379% 	    23103 	  0.1190% 	     2005588
ambiguous:       	  2.2619% 	   378821 	  2.2596% 	    38080129
low-Q discards:  	  0.0000% 	        0 	  0.0000% 	           0

perfect best site:	  1.5833% 	   265182 	  1.5879% 	    26759865
semiperfect site:	  1.5865% 	   265706 	  1.5908% 	    26809493
rescued:         	  0.0944% 	    15808

Match Rate:      	      NA 	       NA 	 97.9372% 	    39287042
Error Rate:      	 31.5134% 	   136684 	  2.0481% 	      821597
Sub Rate:        	 31.4269% 	   136309 	  1.8200% 	      730104
Del Rate:        	  1.2420% 	     5387 	  0.0718% 	       28819
Ins Rate:        	  2.0218% 	     8769 	  0.1562% 	       62674
N Rate:          	  0.1457% 	      632 	  0.0147% 	        5897

Total time:     	3834.719 seconds.
