[W::fai_get_val] Reference chrGL456233.1:159647-159773 not found in file, returning empty sequence
[faidx] Failed to fetch sequence in chrGL456233.1:159647-159773
[W::fai_get_val] Reference chrGL456233.1:216736-216917 not found in file, returning empty sequence
[faidx] Failed to fetch sequence in chrGL456233.1:216736-216917
[W::fai_get_val] Reference chrGL456233.1:258247-258423 not found in file, returning empty sequence
[faidx] Failed to fetch sequence in chrGL456233.1:258247-258423
[W::fai_get_val] Reference chrGL456233.1:272714-272993 not found in file, returning empty sequence
[faidx] Failed to fetch sequence in chrGL456233.1:272714-272993
[W::fai_get_val] Reference chrGL456233.1:285396-285515 not found in file, returning empty sequence
[faidx] Failed to fetch sequence in chrGL456233.1:285396-285515
[W::fai_get_val] Reference chrGL456233.1:326114-326350 not found in file, returning empty sequence
[faidx] Failed to fetch sequence in chrGL456233.1:326114-326350
[W::fai_get_val] Reference chrGL456233.1:332450-332588 not found in file, returning empty sequence
[faidx] Failed to fetch sequence in chrGL456233.1:332450-332588
[W::fai_get_val] Reference chrGL456233.1:333195-334183 not found in file, returning empty sequence
[faidx] Failed to fetch sequence in chrGL456233.1:333195-334183
[W::fai_get_val] Reference chrGL456233.1:216737-216917 not found in file, returning empty sequence
[faidx] Failed to fetch sequence in chrGL456233.1:216737-216917
[W::fai_get_val] Reference chrGL456233.1:258247-258423 not found in file, returning empty sequence
[faidx] Failed to fetch sequence in chrGL456233.1:258247-258423
[W::fai_get_val] Reference chrGL456233.1:272714-272993 not found in file, returning empty sequence
[faidx] Failed to fetch sequence in chrGL456233.1:272714-272993
[W::fai_get_val] Reference chrGL456233.1:285396-285515 not found in file, returning empty sequence
[faidx] Failed to fetch sequence in chrGL456233.1:285396-285515
[W::fai_get_val] Reference chrGL456233.1:326114-326350 not found in file, returning empty sequence
[faidx] Failed to fetch sequence in chrGL456233.1:326114-326350
[W::fai_get_val] Reference chrGL456233.1:332450-332588 not found in file, returning empty sequence
[faidx] Failed to fetch sequence in chrGL456233.1:332450-332588
[W::fai_get_val] Reference chrGL456233.1:333195-333323 not found in file, returning empty sequence
[faidx] Failed to fetch sequence in chrGL456233.1:333195-333323
[W::fai_get_val] Reference chrGL456233.1:159647-334183 not found in file, returning empty sequence
[faidx] Failed to fetch sequence in chrGL456233.1:159647-334183
[W::fai_get_val] Reference chrGL456233.1:39025-39148 not found in file, returning empty sequence
[faidx] Failed to fetch sequence in chrGL456233.1:39025-39148
[W::fai_get_val] Reference chrGL456233.1:32430-32584 not found in file, returning empty sequence
[faidx] Failed to fetch sequence in chrGL456233.1:32430-32584
[W::fai_get_val] Reference chrGL456233.1:30588-30645 not found in file, returning empty sequence
[faidx] Failed to fetch sequence in chrGL456233.1:30588-30645
[W::fai_get_val] Reference chrGL456233.1:28976-29113 not found in file, returning empty sequence
[faidx] Failed to fetch sequence in chrGL456233.1:28976-29113
[W::fai_get_val] Reference chrGL456233.1:24872-24962 not found in file, returning empty sequence
[faidx] Failed to fetch sequence in chrGL456233.1:24872-24962
[W::fai_get_val] Reference chrGL456233.1:21628-21695 not found in file, returning empty sequence
[faidx] Failed to fetch sequence in chrGL456233.1:21628-21695
[W::fai_get_val] Reference chrGL456233.1:14075-14167 not found in file, returning empty sequence
[faidx] Failed to fetch sequence in chrGL456233.1:14075-14167
[W::fai_get_val] Reference chrGL456233.1:10738-12544 not found in file, returning empty sequence
[faidx] Failed to fetch sequence in chrGL456233.1:10738-12544
[W::fai_get_val] Reference chrGL456233.1:32430-32575 not found in file, returning empty sequence
[faidx] Failed to fetch sequence in chrGL456233.1:32430-32575
[W::fai_get_val] Reference chrGL456233.1:30588-30645 not found in file, returning empty sequence
[faidx] Failed to fetch sequence in chrGL456233.1:30588-30645
[W::fai_get_val] Reference chrGL456233.1:28976-29113 not found in file, returning empty sequence
[faidx] Failed to fetch sequence in chrGL456233.1:28976-29113
[W::fai_get_val] Reference chrGL456233.1:24872-24962 not found in file, returning empty sequence
[faidx] Failed to fetch sequence in chrGL456233.1:24872-24962
[W::fai_get_val] Reference chrGL456233.1:21628-21695 not found in file, returning empty sequence
[faidx] Failed to fetch sequence in chrGL456233.1:21628-21695
[W::fai_get_val] Reference chrGL456233.1:14075-14167 not found in file, returning empty sequence
[faidx] Failed to fetch sequence in chrGL456233.1:14075-14167
[W::fai_get_val] Reference chrGL456233.1:12479-12544 not found in file, returning empty sequence
[faidx] Failed to fetch sequence in chrGL456233.1:12479-12544
[W::fai_get_val] Reference chrGL456233.1:10738-39148 not found in file, returning empty sequence
[faidx] Failed to fetch sequence in chrGL456233.1:10738-39148
# Rodent exomes -- get mouse CDS
# PYTHON VERSION: 3.6.6
# Script call:    get_selected_seqs.py
# Runtime:        04/23/2020 17:40:04
# ----------------
# Mouse reference FASTA: ../Reference-genomes/mm10/mm10.fa
# Mouse GTF file:        ../Reference-genomes/mm10/Mus_musculus.GRCm38.99.gtf.gz
# Transcripts file:      ../02-Annotation-data/selected-transcripts.txt
# Sequence output dir:   ../02-Annotation-data/transcript-seq/
# Log file:              get_selected_seqs.log
# ----------------
# 04.23.2020 | 17:40:04 Reading mouse transcripts...
# Transcripts read:        14432
# Avg. transcript length:  54012.91941518847
# ----------------
# 04.23.2020 | 17:40:05 Reading mouse CDS and exons...
# Exons read:              158430
# Avg. exon length:        312.3610995392287
# CDS fragments read:      145071
# Avg. CDS fragment length:166.35435062831303
# ----------------
# Transcripts with start codons:    505
# Transcripts without start codons: 13927
# 04.23.2020 | 17:40:20 Retrieving mouse exon, CDS, and transcript seqs...
Read 0 / 14432 transcripts
Read 500 / 14432 transcripts
Read 1000 / 14432 transcripts
Read 1500 / 14432 transcripts
Read 2000 / 14432 transcripts
Read 2500 / 14432 transcripts
Read 3000 / 14432 transcripts
Read 3500 / 14432 transcripts
Read 4000 / 14432 transcripts
Read 4500 / 14432 transcripts
Read 5000 / 14432 transcripts
Read 5500 / 14432 transcripts
Read 6000 / 14432 transcripts
Read 6500 / 14432 transcripts
Read 7000 / 14432 transcripts
Read 7500 / 14432 transcripts
Read 8000 / 14432 transcripts
Read 8500 / 14432 transcripts
Read 9000 / 14432 transcripts
Read 9500 / 14432 transcripts
Read 10000 / 14432 transcripts
Read 10500 / 14432 transcripts
Read 11000 / 14432 transcripts
Read 11500 / 14432 transcripts
Read 12000 / 14432 transcripts
Read 12500 / 14432 transcripts
Read 13000 / 14432 transcripts
Read 13500 / 14432 transcripts
Read 14000 / 14432 transcripts
