java -ea -Xmx30g -Xms30g -cp /home/gt156213e/anaconda3/envs/biotools/opt/bbmap-38.79-0/current/ jgi.Dedupe -Xmx30g t=1 in=/mnt/beegfs/gt156213e/murinae-seq/01-Assembly-data/02-Decon/Apomys-lubangensis/nextseq-single-2/JAE169_S24_L003_R1_001.fastp.decon.fastq.gz ordered=t overwrite=true minidentity=100 out=/mnt/beegfs/gt156213e/murinae-seq/01-Assembly-data/03-Dedup/Apomys-lubangensis/nextseq-single-2/JAE169_S24_L003_R1_001.fastp.decon.dedup.fastq.gz
Executing jgi.Dedupe [-Xmx30g, t=1, in=/mnt/beegfs/gt156213e/murinae-seq/01-Assembly-data/02-Decon/Apomys-lubangensis/nextseq-single-2/JAE169_S24_L003_R1_001.fastp.decon.fastq.gz, ordered=t, overwrite=true, minidentity=100, out=/mnt/beegfs/gt156213e/murinae-seq/01-Assembly-data/03-Dedup/Apomys-lubangensis/nextseq-single-2/JAE169_S24_L003_R1_001.fastp.decon.dedup.fastq.gz]
Version 38.79

Set threads to 1
Initial:
Memory: max=30870m, total=30870m, free=30225m, used=645m

Found 10749 duplicates.
Finished exact matches.    Time: 2.300 seconds.
Memory: max=30870m, total=30870m, free=25877m, used=4993m

Found 1685 contained sequences.
Finished containment.      Time: 3.716 seconds.
Memory: max=30870m, total=30870m, free=28430m, used=2440m

Removed 1685 invalid entries.
Finished invalid removal.  Time: 0.140 seconds.
Memory: max=30870m, total=30870m, free=28430m, used=2440m

Input:                  	412498 reads 		31154515 bases.
Duplicates:             	10749 reads (2.61%) 	812362 bases (2.61%)     	0 collisions.
Containments:           	1685 reads (0.41%) 	124832 bases (0.40%)    	292754 collisions.
Result:                 	400064 reads (96.99%) 	30217321 bases (96.99%)

Sorted output.             Time: 0.300 seconds.
Memory: max=30870m, total=30870m, free=28430m, used=2440m

Printed output.            Time: 2.216 seconds.
Memory: max=30870m, total=30870m, free=28177m, used=2693m

Time:                         	8.694 seconds.
Reads Processed:        412k 	47.45k reads/sec
Bases Processed:      31154k 	3.58m bases/sec
