java -ea -Xmx30g -Xms30g -cp /home/gt156213e/anaconda3/envs/biotools/opt/bbmap-38.79-0/current/ jgi.Dedupe -Xmx30g t=1 in1=/mnt/beegfs/gt156213e/murinae-seq/01-Assembly-data/02-Decon/Batomys-salomonseni/nextseq-paired-1/JAE3320_S2_R1_001.fastp.decon.fastq.gz,/mnt/beegfs/gt156213e/murinae-seq/01-Assembly-data/02-Decon/Batomys-salomonseni/nextseq-paired-1/JAE3320_S2_R2_001.fastp.decon.fastq.gz ordered=t overwrite=true minidentity=100 out=/mnt/beegfs/gt156213e/murinae-seq/01-Assembly-data/03-Reformat/Batomys-salomonseni/nextseq-paired-1/JAE3320_S2_001.fastp.decon.fastq.gz
Executing jgi.Dedupe [-Xmx30g, t=1, in1=/mnt/beegfs/gt156213e/murinae-seq/01-Assembly-data/02-Decon/Batomys-salomonseni/nextseq-paired-1/JAE3320_S2_R1_001.fastp.decon.fastq.gz,/mnt/beegfs/gt156213e/murinae-seq/01-Assembly-data/02-Decon/Batomys-salomonseni/nextseq-paired-1/JAE3320_S2_R2_001.fastp.decon.fastq.gz, ordered=t, overwrite=true, minidentity=100, out=/mnt/beegfs/gt156213e/murinae-seq/01-Assembly-data/03-Reformat/Batomys-salomonseni/nextseq-paired-1/JAE3320_S2_001.fastp.decon.fastq.gz]
Version 38.79

Set threads to 1
Initial:
Memory: max=30870m, total=30870m, free=30225m, used=645m

Found 4493365 duplicates.
Finished exact matches.    Time: 47.110 seconds.
Memory: max=30870m, total=30870m, free=19916m, used=10954m

Found 5642 contained sequences.
Finished containment.      Time: 120.577 seconds.
Memory: max=30870m, total=30870m, free=18818m, used=12052m

Removed 5642 invalid entries.
Finished invalid removal.  Time: 3.057 seconds.
Memory: max=30870m, total=30870m, free=18818m, used=12052m

Input:                  	16221296 reads 		1215951875 bases.
Duplicates:             	4493365 reads (27.70%) 	336817976 bases (27.70%)     	0 collisions.
Containments:           	5642 reads (0.03%) 	284690 bases (0.02%)    	222588608 collisions.
Result:                 	11722289 reads (72.26%) 	878849209 bases (72.28%)

Sorted output.             Time: 8.779 seconds.
Memory: max=30870m, total=30870m, free=18818m, used=12052m

Printed output.            Time: 68.982 seconds.
Memory: max=30870m, total=30870m, free=15440m, used=15430m

Time:                         	248.535 seconds.
Reads Processed:      16221k 	65.27k reads/sec
Bases Processed:       1215m 	4.89m bases/sec
