java -ea -Xmx30g -Xms30g -cp /home/gt156213e/anaconda3/envs/biotools/opt/bbmap-38.79-0/current/ jgi.Dedupe -Xmx30g t=1 in1=/mnt/beegfs/gt156213e/murinae-seq/01-Assembly-data/02-Decon/Batomys-salomonseni/nextseq-paired-2/JAE3320_S12_L002_R1_001.fastp.decon.fastq.gz,/mnt/beegfs/gt156213e/murinae-seq/01-Assembly-data/02-Decon/Batomys-salomonseni/nextseq-paired-2/JAE3320_S12_L002_R2_001.fastp.decon.fastq.gz ordered=t overwrite=true minidentity=100 out=/mnt/beegfs/gt156213e/murinae-seq/01-Assembly-data/03-Reformat/Batomys-salomonseni/nextseq-paired-2/JAE3320_S12_L002_001.fastp.decon.fastq.gz
Executing jgi.Dedupe [-Xmx30g, t=1, in1=/mnt/beegfs/gt156213e/murinae-seq/01-Assembly-data/02-Decon/Batomys-salomonseni/nextseq-paired-2/JAE3320_S12_L002_R1_001.fastp.decon.fastq.gz,/mnt/beegfs/gt156213e/murinae-seq/01-Assembly-data/02-Decon/Batomys-salomonseni/nextseq-paired-2/JAE3320_S12_L002_R2_001.fastp.decon.fastq.gz, ordered=t, overwrite=true, minidentity=100, out=/mnt/beegfs/gt156213e/murinae-seq/01-Assembly-data/03-Reformat/Batomys-salomonseni/nextseq-paired-2/JAE3320_S12_L002_001.fastp.decon.fastq.gz]
Version 38.79

Set threads to 1
Initial:
Memory: max=30870m, total=30870m, free=30064m, used=806m

Found 735074 duplicates.
Finished exact matches.    Time: 14.737 seconds.
Memory: max=30870m, total=30870m, free=22817m, used=8053m

Found 123617 contained sequences.
Finished containment.      Time: 50.929 seconds.
Memory: max=30870m, total=30870m, free=26253m, used=4617m

Removed 123617 invalid entries.
Finished invalid removal.  Time: 0.764 seconds.
Memory: max=30870m, total=30870m, free=26253m, used=4617m

Input:                  	5482852 reads 		413951940 bases.
Duplicates:             	735074 reads (13.41%) 	55532358 bases (13.42%)     	0 collisions.
Containments:           	123617 reads (2.25%) 	9128958 bases (2.21%)    	29916940 collisions.
Result:                 	4624161 reads (84.34%) 	349290624 bases (84.38%)

Sorted output.             Time: 2.418 seconds.
Memory: max=30870m, total=30870m, free=26088m, used=4782m

Printed output.            Time: 25.539 seconds.
Memory: max=30870m, total=30870m, free=24582m, used=6288m

Time:                         	94.418 seconds.
Reads Processed:       5482k 	58.07k reads/sec
Bases Processed:        413m 	4.38m bases/sec
