java -ea -Xmx30g -Xms30g -cp /home/gt156213e/anaconda3/envs/biotools/opt/bbmap-38.79-0/current/ jgi.Dedupe -Xmx30g t=1 in=/mnt/beegfs/gt156213e/murinae-seq/01-Assembly-data/02-Decon/Batomys-salomonseni/nextseq-single-1/JAE3320_S25_L003_R1_001.fastp.decon.fastq.gz ordered=t overwrite=true minidentity=100 out=/mnt/beegfs/gt156213e/murinae-seq/01-Assembly-data/03-Dedup/Batomys-salomonseni/nextseq-single-1/JAE3320_S25_L003_R1_001.fastp.decon.dedup.fastq.gz
Executing jgi.Dedupe [-Xmx30g, t=1, in=/mnt/beegfs/gt156213e/murinae-seq/01-Assembly-data/02-Decon/Batomys-salomonseni/nextseq-single-1/JAE3320_S25_L003_R1_001.fastp.decon.fastq.gz, ordered=t, overwrite=true, minidentity=100, out=/mnt/beegfs/gt156213e/murinae-seq/01-Assembly-data/03-Dedup/Batomys-salomonseni/nextseq-single-1/JAE3320_S25_L003_R1_001.fastp.decon.dedup.fastq.gz]
Version 38.79

Set threads to 1
Initial:
Memory: max=30870m, total=30870m, free=30225m, used=645m

Found 16486 duplicates.
Finished exact matches.    Time: 2.040 seconds.
Memory: max=30870m, total=30870m, free=25877m, used=4993m

Found 2003 contained sequences.
Finished containment.      Time: 6.136 seconds.
Memory: max=30870m, total=30870m, free=28366m, used=2504m

Removed 2003 invalid entries.
Finished invalid removal.  Time: 0.812 seconds.
Memory: max=30870m, total=30870m, free=28366m, used=2504m

Input:                  	504084 reads 		38072707 bases.
Duplicates:             	16486 reads (3.27%) 	1245820 bases (3.27%)     	0 collisions.
Containments:           	2003 reads (0.40%) 	148419 bases (0.39%)    	339417 collisions.
Result:                 	485595 reads (96.33%) 	36678468 bases (96.34%)

Sorted output.             Time: 1.523 seconds.
Memory: max=30870m, total=30870m, free=28366m, used=2504m

Printed output.            Time: 3.867 seconds.
Memory: max=30870m, total=30870m, free=28032m, used=2838m

Time:                         	14.405 seconds.
Reads Processed:        504k 	34.99k reads/sec
Bases Processed:      38072k 	2.64m bases/sec
