java -ea -Xmx30g -Xms30g -cp /home/gt156213e/anaconda3/envs/biotools/opt/bbmap-38.79-0/current/ jgi.Dedupe -Xmx30g t=1 in=/mnt/beegfs/gt156213e/murinae-seq/01-Assembly-data/02-Decon/Batomys-salomonseni/nextseq-single-2/JAE3320_S25_L003_R1_001.fastp.decon.fastq.gz ordered=t overwrite=true minidentity=100 out=/mnt/beegfs/gt156213e/murinae-seq/01-Assembly-data/03-Dedup/Batomys-salomonseni/nextseq-single-2/JAE3320_S25_L003_R1_001.fastp.decon.dedup.fastq.gz
Executing jgi.Dedupe [-Xmx30g, t=1, in=/mnt/beegfs/gt156213e/murinae-seq/01-Assembly-data/02-Decon/Batomys-salomonseni/nextseq-single-2/JAE3320_S25_L003_R1_001.fastp.decon.fastq.gz, ordered=t, overwrite=true, minidentity=100, out=/mnt/beegfs/gt156213e/murinae-seq/01-Assembly-data/03-Dedup/Batomys-salomonseni/nextseq-single-2/JAE3320_S25_L003_R1_001.fastp.decon.dedup.fastq.gz]
Version 38.79

Set threads to 1
Initial:
Memory: max=30870m, total=30870m, free=30064m, used=806m

Found 14441 duplicates.
Finished exact matches.    Time: 2.108 seconds.
Memory: max=30870m, total=30870m, free=25877m, used=4993m

Found 1573 contained sequences.
Finished containment.      Time: 7.479 seconds.
Memory: max=30870m, total=30870m, free=28402m, used=2468m

Removed 1573 invalid entries.
Finished invalid removal.  Time: 0.616 seconds.
Memory: max=30870m, total=30870m, free=28402m, used=2468m

Input:                  	452817 reads 		34200434 bases.
Duplicates:             	14441 reads (3.19%) 	1091440 bases (3.19%)     	0 collisions.
Containments:           	1573 reads (0.35%) 	116486 bases (0.34%)    	307146 collisions.
Result:                 	436803 reads (96.46%) 	32992508 bases (96.47%)

Sorted output.             Time: 0.799 seconds.
Memory: max=30870m, total=30870m, free=28402m, used=2468m

Printed output.            Time: 2.898 seconds.
Memory: max=30870m, total=30870m, free=28069m, used=2801m

Time:                         	13.922 seconds.
Reads Processed:        452k 	32.52k reads/sec
Bases Processed:      34200k 	2.46m bases/sec
