java -ea -Xmx30g -Xms30g -cp /home/gt156213e/anaconda3/envs/biotools/opt/bbmap-38.79-0/current/ jgi.Dedupe -Xmx30g t=1 in=/mnt/beegfs/gt156213e/murinae-seq/01-Assembly-data/02-Decon/Batomys-salomonseni/nextseq-single-1/JAE3320_S25_L004_R1_001.fastp.decon.fastq.gz ordered=t overwrite=true minidentity=100 out=/mnt/beegfs/gt156213e/murinae-seq/01-Assembly-data/03-Dedup/Batomys-salomonseni/nextseq-single-1/JAE3320_S25_L004_R1_001.fastp.decon.dedup.fastq.gz
Executing jgi.Dedupe [-Xmx30g, t=1, in=/mnt/beegfs/gt156213e/murinae-seq/01-Assembly-data/02-Decon/Batomys-salomonseni/nextseq-single-1/JAE3320_S25_L004_R1_001.fastp.decon.fastq.gz, ordered=t, overwrite=true, minidentity=100, out=/mnt/beegfs/gt156213e/murinae-seq/01-Assembly-data/03-Dedup/Batomys-salomonseni/nextseq-single-1/JAE3320_S25_L004_R1_001.fastp.decon.dedup.fastq.gz]
Version 38.79

Set threads to 1
Initial:
Memory: max=30870m, total=30870m, free=30064m, used=806m

Found 16667 duplicates.
Finished exact matches.    Time: 2.917 seconds.
Memory: max=30870m, total=30870m, free=25877m, used=4993m

Found 1965 contained sequences.
Finished containment.      Time: 8.494 seconds.
Memory: max=30870m, total=30870m, free=28371m, used=2499m

Removed 1965 invalid entries.
Finished invalid removal.  Time: 0.356 seconds.
Memory: max=30870m, total=30870m, free=28371m, used=2499m

Input:                  	497812 reads 		37601134 bases.
Duplicates:             	16667 reads (3.35%) 	1259662 bases (3.35%)     	0 collisions.
Containments:           	1965 reads (0.39%) 	145500 bases (0.39%)    	358076 collisions.
Result:                 	479180 reads (96.26%) 	36195972 bases (96.26%)

Sorted output.             Time: 0.673 seconds.
Memory: max=30870m, total=30870m, free=28371m, used=2499m

Printed output.            Time: 2.696 seconds.
Memory: max=30870m, total=30870m, free=28117m, used=2753m

Time:                         	15.161 seconds.
Reads Processed:        497k 	32.83k reads/sec
Bases Processed:      37601k 	2.48m bases/sec
