java -ea -Xmx30g -Xms30g -cp /home/gt156213e/anaconda3/envs/biotools/opt/bbmap-38.79-0/current/ jgi.Dedupe -Xmx30g t=1 in1=/mnt/beegfs/gt156213e/murinae-seq/01-Assembly-data/02-Decon/Batomys-salomonseni/miseq-paired/JAE3320_S2_L001_R1_001.fastp.decon.fastq.gz,/mnt/beegfs/gt156213e/murinae-seq/01-Assembly-data/02-Decon/Batomys-salomonseni/miseq-paired/JAE3320_S2_L001_R2_001.fastp.decon.fastq.gz ordered=t overwrite=true minidentity=100 out=/mnt/beegfs/gt156213e/murinae-seq/01-Assembly-data/03-Reformat/Batomys-salomonseni/miseq-paired/JAE3320_S2_L001_001.fastp.decon.fastq.gz
Executing jgi.Dedupe [-Xmx30g, t=1, in1=/mnt/beegfs/gt156213e/murinae-seq/01-Assembly-data/02-Decon/Batomys-salomonseni/miseq-paired/JAE3320_S2_L001_R1_001.fastp.decon.fastq.gz,/mnt/beegfs/gt156213e/murinae-seq/01-Assembly-data/02-Decon/Batomys-salomonseni/miseq-paired/JAE3320_S2_L001_R2_001.fastp.decon.fastq.gz, ordered=t, overwrite=true, minidentity=100, out=/mnt/beegfs/gt156213e/murinae-seq/01-Assembly-data/03-Reformat/Batomys-salomonseni/miseq-paired/JAE3320_S2_L001_001.fastp.decon.fastq.gz]
Version 38.79

Set threads to 1
Initial:
Memory: max=30870m, total=30870m, free=30386m, used=484m

Found 25581 duplicates.
Finished exact matches.    Time: 2.524 seconds.
Memory: max=30870m, total=30870m, free=25393m, used=5477m

Found 140 contained sequences.
Finished containment.      Time: 5.237 seconds.
Memory: max=30870m, total=30870m, free=27827m, used=3043m

Removed 140 invalid entries.
Finished invalid removal.  Time: 0.154 seconds.
Memory: max=30870m, total=30870m, free=27827m, used=3043m

Input:                  	911328 reads 		71067500 bases.
Duplicates:             	25581 reads (2.81%) 	1992770 bases (2.80%)     	0 collisions.
Containments:           	140 reads (0.02%) 	6851 bases (0.01%)    	3089673 collisions.
Result:                 	885607 reads (97.18%) 	69067879 bases (97.19%)

Sorted output.             Time: 0.651 seconds.
Memory: max=30870m, total=30870m, free=27827m, used=3043m

Printed output.            Time: 8.124 seconds.
Memory: max=30870m, total=30870m, free=27492m, used=3378m

Time:                         	16.738 seconds.
Reads Processed:        911k 	54.45k reads/sec
Bases Processed:      71067k 	4.25m bases/sec
