java -ea -Xmx30g -Xms30g -cp /home/gt156213e/anaconda3/envs/biotools/opt/bbmap-38.79-0/current/ jgi.Dedupe -Xmx30g t=1 in=/mnt/beegfs/gt156213e/murinae-seq/01-Assembly-data/02-Decon/Bulimus-bagobus/nextseq-single-2/JAE1712_S26_L001_R1_001.fastp.decon.fastq.gz ordered=t overwrite=true minidentity=100 out=/mnt/beegfs/gt156213e/murinae-seq/01-Assembly-data/03-Dedup/Bulimus-bagobus/nextseq-single-2/JAE1712_S26_L001_R1_001.fastp.decon.dedup.fastq.gz
Executing jgi.Dedupe [-Xmx30g, t=1, in=/mnt/beegfs/gt156213e/murinae-seq/01-Assembly-data/02-Decon/Bulimus-bagobus/nextseq-single-2/JAE1712_S26_L001_R1_001.fastp.decon.fastq.gz, ordered=t, overwrite=true, minidentity=100, out=/mnt/beegfs/gt156213e/murinae-seq/01-Assembly-data/03-Dedup/Bulimus-bagobus/nextseq-single-2/JAE1712_S26_L001_R1_001.fastp.decon.dedup.fastq.gz]
Version 38.79

Set threads to 1
Initial:
Memory: max=30870m, total=30870m, free=30225m, used=645m

Found 10689 duplicates.
Finished exact matches.    Time: 1.582 seconds.
Memory: max=30870m, total=30870m, free=25877m, used=4993m

Found 1396 contained sequences.
Finished containment.      Time: 6.255 seconds.
Memory: max=30870m, total=30870m, free=28514m, used=2356m

Removed 1396 invalid entries.
Finished invalid removal.  Time: 0.224 seconds.
Memory: max=30870m, total=30870m, free=28514m, used=2356m

Input:                  	408548 reads 		30859433 bases.
Duplicates:             	10689 reads (2.62%) 	807739 bases (2.62%)     	0 collisions.
Containments:           	1396 reads (0.34%) 	103382 bases (0.34%)    	247214 collisions.
Result:                 	396463 reads (97.04%) 	29948312 bases (97.05%)

Sorted output.             Time: 0.992 seconds.
Memory: max=30870m, total=30870m, free=28514m, used=2356m

Printed output.            Time: 2.761 seconds.
Memory: max=30870m, total=30870m, free=28261m, used=2609m

Time:                         	11.838 seconds.
Reads Processed:        408k 	34.51k reads/sec
Bases Processed:      30859k 	2.61m bases/sec
