java -ea -Xmx30g -Xms30g -cp /home/gt156213e/anaconda3/envs/biotools/opt/bbmap-38.79-0/current/ jgi.Dedupe -Xmx30g t=1 in1=/mnt/beegfs/gt156213e/murinae-seq/01-Assembly-data/02-Decon/Bulimus-bagobus/nextseq-paired-2/JAE1712_S23_L002_R1_001.fastp.decon.fastq.gz,/mnt/beegfs/gt156213e/murinae-seq/01-Assembly-data/02-Decon/Bulimus-bagobus/nextseq-paired-2/JAE1712_S23_L002_R2_001.fastp.decon.fastq.gz ordered=t overwrite=true minidentity=100 out=/mnt/beegfs/gt156213e/murinae-seq/01-Assembly-data/03-Reformat/Bulimus-bagobus/nextseq-paired-2/JAE1712_S23_L002_001.fastp.decon.fastq.gz
Executing jgi.Dedupe [-Xmx30g, t=1, in1=/mnt/beegfs/gt156213e/murinae-seq/01-Assembly-data/02-Decon/Bulimus-bagobus/nextseq-paired-2/JAE1712_S23_L002_R1_001.fastp.decon.fastq.gz,/mnt/beegfs/gt156213e/murinae-seq/01-Assembly-data/02-Decon/Bulimus-bagobus/nextseq-paired-2/JAE1712_S23_L002_R2_001.fastp.decon.fastq.gz, ordered=t, overwrite=true, minidentity=100, out=/mnt/beegfs/gt156213e/murinae-seq/01-Assembly-data/03-Reformat/Bulimus-bagobus/nextseq-paired-2/JAE1712_S23_L002_001.fastp.decon.fastq.gz]
Version 38.79

Set threads to 1
Initial:
Memory: max=30870m, total=30870m, free=30064m, used=806m

Found 585501 duplicates.
Finished exact matches.    Time: 14.189 seconds.
Memory: max=30870m, total=30870m, free=23139m, used=7731m

Found 112997 contained sequences.
Finished containment.      Time: 43.066 seconds.
Memory: max=30870m, total=30870m, free=26064m, used=4806m

Removed 112997 invalid entries.
Finished invalid removal.  Time: 0.894 seconds.
Memory: max=30870m, total=30870m, free=26064m, used=4806m

Input:                  	5072320 reads 		383005142 bases.
Duplicates:             	585501 reads (11.54%) 	44240687 bases (11.55%)     	0 collisions.
Containments:           	112997 reads (2.23%) 	8351425 bases (2.18%)    	27734136 collisions.
Result:                 	4373822 reads (86.23%) 	330413030 bases (86.27%)

Sorted output.             Time: 2.878 seconds.
Memory: max=30870m, total=30870m, free=25982m, used=4888m

Printed output.            Time: 23.404 seconds.
Memory: max=30870m, total=30870m, free=24361m, used=6509m

Time:                         	84.477 seconds.
Reads Processed:       5072k 	60.04k reads/sec
Bases Processed:        383m 	4.53m bases/sec
