java -ea -Xmx30g -Xms30g -cp /home/gt156213e/anaconda3/envs/biotools/opt/bbmap-38.79-0/current/ jgi.Dedupe -Xmx30g t=1 in1=/mnt/beegfs/gt156213e/murinae-seq/01-Assembly-data/02-Decon/Chrotomys-mindorensis/nextseq-paired-2/JAE520_S34_L003_R1_001.fastp.decon.fastq.gz,/mnt/beegfs/gt156213e/murinae-seq/01-Assembly-data/02-Decon/Chrotomys-mindorensis/nextseq-paired-2/JAE520_S34_L003_R2_001.fastp.decon.fastq.gz ordered=t overwrite=true minidentity=100 out=/mnt/beegfs/gt156213e/murinae-seq/01-Assembly-data/03-Reformat/Chrotomys-mindorensis/nextseq-paired-2/JAE520_S34_L003_001.fastp.decon.fastq.gz
Executing jgi.Dedupe [-Xmx30g, t=1, in1=/mnt/beegfs/gt156213e/murinae-seq/01-Assembly-data/02-Decon/Chrotomys-mindorensis/nextseq-paired-2/JAE520_S34_L003_R1_001.fastp.decon.fastq.gz,/mnt/beegfs/gt156213e/murinae-seq/01-Assembly-data/02-Decon/Chrotomys-mindorensis/nextseq-paired-2/JAE520_S34_L003_R2_001.fastp.decon.fastq.gz, ordered=t, overwrite=true, minidentity=100, out=/mnt/beegfs/gt156213e/murinae-seq/01-Assembly-data/03-Reformat/Chrotomys-mindorensis/nextseq-paired-2/JAE520_S34_L003_001.fastp.decon.fastq.gz]
Version 38.79

Set threads to 1
Initial:
Memory: max=30870m, total=30870m, free=30225m, used=645m

Found 829236 duplicates.
Finished exact matches.    Time: 18.153 seconds.
Memory: max=30870m, total=30870m, free=24594m, used=6276m

Found 162956 contained sequences.
Finished containment.      Time: 42.458 seconds.
Memory: max=30870m, total=30870m, free=23883m, used=6987m

Removed 162956 invalid entries.
Finished invalid removal.  Time: 1.080 seconds.
Memory: max=30870m, total=30870m, free=23883m, used=6987m

Input:                  	6489788 reads 		489851005 bases.
Duplicates:             	829236 reads (12.78%) 	62623669 bases (12.78%)     	0 collisions.
Containments:           	162956 reads (2.51%) 	12002168 bases (2.45%)    	34800933 collisions.
Result:                 	5497596 reads (84.71%) 	415225168 bases (84.77%)

Sorted output.             Time: 4.550 seconds.
Memory: max=30870m, total=30870m, free=23641m, used=7229m

Printed output.            Time: 36.724 seconds.
Memory: max=30870m, total=30870m, free=22101m, used=8769m

Time:                         	102.989 seconds.
Reads Processed:       6489k 	63.01k reads/sec
Bases Processed:        489m 	4.76m bases/sec
