java -ea -Xmx30g -Xms30g -cp /home/gt156213e/anaconda3/envs/biotools/opt/bbmap-38.79-0/current/ jgi.Dedupe -Xmx30g t=1 in=/mnt/beegfs/gt156213e/murinae-seq/01-Assembly-data/02-Decon/Colomys-goslingi/nextseq-single-2/TCD4175_S35_L001_R1_001.fastp.decon.fastq.gz ordered=t overwrite=true minidentity=100 out=/mnt/beegfs/gt156213e/murinae-seq/01-Assembly-data/03-Dedup/Colomys-goslingi/nextseq-single-2/TCD4175_S35_L001_R1_001.fastp.decon.dedup.fastq.gz
Executing jgi.Dedupe [-Xmx30g, t=1, in=/mnt/beegfs/gt156213e/murinae-seq/01-Assembly-data/02-Decon/Colomys-goslingi/nextseq-single-2/TCD4175_S35_L001_R1_001.fastp.decon.fastq.gz, ordered=t, overwrite=true, minidentity=100, out=/mnt/beegfs/gt156213e/murinae-seq/01-Assembly-data/03-Dedup/Colomys-goslingi/nextseq-single-2/TCD4175_S35_L001_R1_001.fastp.decon.dedup.fastq.gz]
Version 38.79

Set threads to 1
Initial:
Memory: max=30870m, total=30870m, free=30225m, used=645m

Found 20256 duplicates.
Finished exact matches.    Time: 5.464 seconds.
Memory: max=30870m, total=30870m, free=25716m, used=5154m

Found 5019 contained sequences.
Finished containment.      Time: 7.850 seconds.
Memory: max=30870m, total=30870m, free=28207m, used=2663m

Removed 5019 invalid entries.
Finished invalid removal.  Time: 0.262 seconds.
Memory: max=30870m, total=30870m, free=28207m, used=2663m

Input:                  	607971 reads 		45856788 bases.
Duplicates:             	20256 reads (3.33%) 	1530387 bases (3.34%)     	0 collisions.
Containments:           	5019 reads (0.83%) 	360859 bases (0.79%)    	715695 collisions.
Result:                 	582696 reads (95.84%) 	43965542 bases (95.88%)

Sorted output.             Time: 0.563 seconds.
Memory: max=30870m, total=30870m, free=28207m, used=2663m

Printed output.            Time: 4.815 seconds.
Memory: max=30870m, total=30870m, free=27954m, used=2916m

Time:                         	18.993 seconds.
Reads Processed:        607k 	32.01k reads/sec
Bases Processed:      45856k 	2.41m bases/sec
