java -ea -Xmx30g -Xms30g -cp /home/gt156213e/anaconda3/envs/biotools/opt/bbmap-38.79-0/current/ jgi.Dedupe -Xmx30g t=1 in=/mnt/beegfs/gt156213e/murinae-seq/01-Assembly-data/02-Decon/Hybomys-univittatus/nextseq-single-1/TCD4026_S33_L001_R1_001.fastp.decon.fastq.gz ordered=t overwrite=true minidentity=100 out=/mnt/beegfs/gt156213e/murinae-seq/01-Assembly-data/03-Dedup/Hybomys-univittatus/nextseq-single-1/TCD4026_S33_L001_R1_001.fastp.decon.dedup.fastq.gz
Executing jgi.Dedupe [-Xmx30g, t=1, in=/mnt/beegfs/gt156213e/murinae-seq/01-Assembly-data/02-Decon/Hybomys-univittatus/nextseq-single-1/TCD4026_S33_L001_R1_001.fastp.decon.fastq.gz, ordered=t, overwrite=true, minidentity=100, out=/mnt/beegfs/gt156213e/murinae-seq/01-Assembly-data/03-Dedup/Hybomys-univittatus/nextseq-single-1/TCD4026_S33_L001_R1_001.fastp.decon.dedup.fastq.gz]
Version 38.79

Set threads to 1
Initial:
Memory: max=30870m, total=30870m, free=30225m, used=645m

Found 20698 duplicates.
Finished exact matches.    Time: 2.504 seconds.
Memory: max=30870m, total=30870m, free=26038m, used=4832m

Found 1912 contained sequences.
Finished containment.      Time: 4.652 seconds.
Memory: max=30870m, total=30870m, free=28421m, used=2449m

Removed 1912 invalid entries.
Finished invalid removal.  Time: 0.123 seconds.
Memory: max=30870m, total=30870m, free=28421m, used=2449m

Input:                  	437167 reads 		33022573 bases.
Duplicates:             	20698 reads (4.73%) 	1564705 bases (4.74%)     	0 collisions.
Containments:           	1912 reads (0.44%) 	141099 bases (0.43%)    	318890 collisions.
Result:                 	414557 reads (94.83%) 	31316769 bases (94.83%)

Sorted output.             Time: 0.251 seconds.
Memory: max=30870m, total=30870m, free=28421m, used=2449m

Printed output.            Time: 2.362 seconds.
Memory: max=30870m, total=30870m, free=28167m, used=2703m

Time:                         	9.917 seconds.
Reads Processed:        437k 	44.08k reads/sec
Bases Processed:      33022k 	3.33m bases/sec
