java -ea -Xmx30g -Xms30g -cp /home/gt156213e/anaconda3/envs/biotools/opt/bbmap-38.79-0/current/ jgi.Dedupe -Xmx30g t=1 in=/mnt/beegfs/gt156213e/murinae-seq/01-Assembly-data/02-Decon/Hybomys-univittatus/nextseq-single-1/TCD4026_S33_L003_R1_001.fastp.decon.fastq.gz ordered=t overwrite=true minidentity=100 out=/mnt/beegfs/gt156213e/murinae-seq/01-Assembly-data/03-Dedup/Hybomys-univittatus/nextseq-single-1/TCD4026_S33_L003_R1_001.fastp.decon.dedup.fastq.gz
Executing jgi.Dedupe [-Xmx30g, t=1, in=/mnt/beegfs/gt156213e/murinae-seq/01-Assembly-data/02-Decon/Hybomys-univittatus/nextseq-single-1/TCD4026_S33_L003_R1_001.fastp.decon.fastq.gz, ordered=t, overwrite=true, minidentity=100, out=/mnt/beegfs/gt156213e/murinae-seq/01-Assembly-data/03-Dedup/Hybomys-univittatus/nextseq-single-1/TCD4026_S33_L003_R1_001.fastp.decon.dedup.fastq.gz]
Version 38.79

Set threads to 1
Initial:
Memory: max=30870m, total=30870m, free=30064m, used=806m

Found 22249 duplicates.
Finished exact matches.    Time: 1.742 seconds.
Memory: max=30870m, total=30870m, free=25877m, used=4993m

Found 1932 contained sequences.
Finished containment.      Time: 2.893 seconds.
Memory: max=30870m, total=30870m, free=28409m, used=2461m

Removed 1932 invalid entries.
Finished invalid removal.  Time: 0.147 seconds.
Memory: max=30870m, total=30870m, free=28409m, used=2461m

Input:                  	454162 reads 		34305713 bases.
Duplicates:             	22249 reads (4.90%) 	1681746 bases (4.90%)     	0 collisions.
Containments:           	1932 reads (0.43%) 	142515 bases (0.42%)    	337506 collisions.
Result:                 	429981 reads (94.68%) 	32481452 bases (94.68%)

Sorted output.             Time: 0.263 seconds.
Memory: max=30870m, total=30870m, free=28409m, used=2461m

Printed output.            Time: 2.503 seconds.
Memory: max=30870m, total=30870m, free=28155m, used=2715m

Time:                         	7.572 seconds.
Reads Processed:        454k 	59.98k reads/sec
Bases Processed:      34305k 	4.53m bases/sec
