java -ea -Xmx30g -Xms30g -cp /home/gt156213e/anaconda3/envs/biotools/opt/bbmap-38.79-0/current/ jgi.Dedupe -Xmx30g t=1 in=/mnt/beegfs/gt156213e/murinae-seq/01-Assembly-data/02-Decon/Hyorhinomys-stuempkei/nextseq-single-2/JAE4661_S32_L002_R1_001.fastp.decon.fastq.gz ordered=t overwrite=true minidentity=100 out=/mnt/beegfs/gt156213e/murinae-seq/01-Assembly-data/03-Dedup/Hyorhinomys-stuempkei/nextseq-single-2/JAE4661_S32_L002_R1_001.fastp.decon.dedup.fastq.gz
Executing jgi.Dedupe [-Xmx30g, t=1, in=/mnt/beegfs/gt156213e/murinae-seq/01-Assembly-data/02-Decon/Hyorhinomys-stuempkei/nextseq-single-2/JAE4661_S32_L002_R1_001.fastp.decon.fastq.gz, ordered=t, overwrite=true, minidentity=100, out=/mnt/beegfs/gt156213e/murinae-seq/01-Assembly-data/03-Dedup/Hyorhinomys-stuempkei/nextseq-single-2/JAE4661_S32_L002_R1_001.fastp.decon.dedup.fastq.gz]
Version 38.79

Set threads to 1
Initial:
Memory: max=30870m, total=30870m, free=30064m, used=806m

Found 8615 duplicates.
Finished exact matches.    Time: 2.768 seconds.
Memory: max=30870m, total=30870m, free=25877m, used=4993m

Found 990 contained sequences.
Finished containment.      Time: 3.065 seconds.
Memory: max=30870m, total=30870m, free=28549m, used=2321m

Removed 990 invalid entries.
Finished invalid removal.  Time: 0.295 seconds.
Memory: max=30870m, total=30870m, free=28549m, used=2321m

Input:                  	361424 reads 		27297740 bases.
Duplicates:             	8615 reads (2.38%) 	650994 bases (2.38%)     	0 collisions.
Containments:           	990 reads (0.27%) 	73299 bases (0.27%)    	218320 collisions.
Result:                 	351819 reads (97.34%) 	26573447 bases (97.35%)

Sorted output.             Time: 0.391 seconds.
Memory: max=30870m, total=30870m, free=28549m, used=2321m

Printed output.            Time: 1.999 seconds.
Memory: max=30870m, total=30870m, free=28216m, used=2654m

Time:                         	8.547 seconds.
Reads Processed:        361k 	42.29k reads/sec
Bases Processed:      27297k 	3.19m bases/sec
