java -ea -Xmx30g -Xms30g -cp /home/gt156213e/anaconda3/envs/biotools/opt/bbmap-38.79-0/current/ jgi.Dedupe -Xmx30g t=1 in1=/mnt/beegfs/gt156213e/murinae-seq/01-Assembly-data/02-Decon/Phloeomys-pallidus/nextseq-paired-2/JEC43_S36_L001_R1_001.fastp.decon.fastq.gz,/mnt/beegfs/gt156213e/murinae-seq/01-Assembly-data/02-Decon/Phloeomys-pallidus/nextseq-paired-2/JEC43_S36_L001_R2_001.fastp.decon.fastq.gz ordered=t overwrite=true minidentity=100 out=/mnt/beegfs/gt156213e/murinae-seq/01-Assembly-data/03-Reformat/Phloeomys-pallidus/nextseq-paired-2/JEC43_S36_L001_001.fastp.decon.fastq.gz
Executing jgi.Dedupe [-Xmx30g, t=1, in1=/mnt/beegfs/gt156213e/murinae-seq/01-Assembly-data/02-Decon/Phloeomys-pallidus/nextseq-paired-2/JEC43_S36_L001_R1_001.fastp.decon.fastq.gz,/mnt/beegfs/gt156213e/murinae-seq/01-Assembly-data/02-Decon/Phloeomys-pallidus/nextseq-paired-2/JEC43_S36_L001_R2_001.fastp.decon.fastq.gz, ordered=t, overwrite=true, minidentity=100, out=/mnt/beegfs/gt156213e/murinae-seq/01-Assembly-data/03-Reformat/Phloeomys-pallidus/nextseq-paired-2/JEC43_S36_L001_001.fastp.decon.fastq.gz]
Version 38.79

Set threads to 1
Initial:
Memory: max=30870m, total=30870m, free=30225m, used=645m

Found 958881 duplicates.
Finished exact matches.    Time: 13.012 seconds.
Memory: max=30870m, total=30870m, free=22817m, used=8053m

Found 120026 contained sequences.
Finished containment.      Time: 42.316 seconds.
Memory: max=30870m, total=30870m, free=26312m, used=4558m

Removed 120026 invalid entries.
Finished invalid removal.  Time: 0.869 seconds.
Memory: max=30870m, total=30870m, free=26312m, used=4558m

Input:                  	5635154 reads 		425473412 bases.
Duplicates:             	958881 reads (17.02%) 	72448291 bases (17.03%)     	0 collisions.
Containments:           	120026 reads (2.13%) 	8859308 bases (2.08%)    	20894463 collisions.
Result:                 	4556247 reads (80.85%) 	344165813 bases (80.89%)

Sorted output.             Time: 3.590 seconds.
Memory: max=30870m, total=30870m, free=26147m, used=4723m

Printed output.            Time: 26.592 seconds.
Memory: max=30870m, total=30870m, free=24641m, used=6229m

Time:                         	86.409 seconds.
Reads Processed:       5635k 	65.21k reads/sec
Bases Processed:        425m 	4.92m bases/sec
