java -ea -Xmx30g -Xms30g -cp /home/gt156213e/anaconda3/envs/biotools/opt/bbmap-38.79-0/current/ jgi.Dedupe -Xmx30g t=1 in1=/mnt/beegfs/gt156213e/murinae-seq/01-Assembly-data/02-Decon/Phloeomys-pallidus/nextseq-paired-2/JEC43_S36_L002_R1_001.fastp.decon.fastq.gz,/mnt/beegfs/gt156213e/murinae-seq/01-Assembly-data/02-Decon/Phloeomys-pallidus/nextseq-paired-2/JEC43_S36_L002_R2_001.fastp.decon.fastq.gz ordered=t overwrite=true minidentity=100 out=/mnt/beegfs/gt156213e/murinae-seq/01-Assembly-data/03-Reformat/Phloeomys-pallidus/nextseq-paired-2/JEC43_S36_L002_001.fastp.decon.fastq.gz
Executing jgi.Dedupe [-Xmx30g, t=1, in1=/mnt/beegfs/gt156213e/murinae-seq/01-Assembly-data/02-Decon/Phloeomys-pallidus/nextseq-paired-2/JEC43_S36_L002_R1_001.fastp.decon.fastq.gz,/mnt/beegfs/gt156213e/murinae-seq/01-Assembly-data/02-Decon/Phloeomys-pallidus/nextseq-paired-2/JEC43_S36_L002_R2_001.fastp.decon.fastq.gz, ordered=t, overwrite=true, minidentity=100, out=/mnt/beegfs/gt156213e/murinae-seq/01-Assembly-data/03-Reformat/Phloeomys-pallidus/nextseq-paired-2/JEC43_S36_L002_001.fastp.decon.fastq.gz]
Version 38.79

Set threads to 1
Initial:
Memory: max=30870m, total=30870m, free=30225m, used=645m

Found 919334 duplicates.
Finished exact matches.    Time: 12.167 seconds.
Memory: max=30870m, total=30870m, free=22817m, used=8053m

Found 114596 contained sequences.
Finished containment.      Time: 42.068 seconds.
Memory: max=30870m, total=30870m, free=26411m, used=4459m

Removed 114596 invalid entries.
Finished invalid removal.  Time: 0.860 seconds.
Memory: max=30870m, total=30870m, free=26411m, used=4459m

Input:                  	5464400 reads 		412574591 bases.
Duplicates:             	919334 reads (16.82%) 	69459303 bases (16.84%)     	0 collisions.
Containments:           	114596 reads (2.10%) 	8455477 bases (2.05%)    	19894659 collisions.
Result:                 	4430470 reads (81.08%) 	334659811 bases (81.11%)

Sorted output.             Time: 2.491 seconds.
Memory: max=30870m, total=30870m, free=26247m, used=4623m

Printed output.            Time: 25.812 seconds.
Memory: max=30870m, total=30870m, free=24823m, used=6047m

Time:                         	83.430 seconds.
Reads Processed:       5464k 	65.50k reads/sec
Bases Processed:        412m 	4.95m bases/sec
