java -ea -Xmx30g -Xms30g -cp /home/gt156213e/anaconda3/envs/biotools/opt/bbmap-38.79-0/current/ jgi.Dedupe -Xmx30g t=1 in=/mnt/beegfs/gt156213e/murinae-seq/01-Assembly-data/02-Decon/Phloeomys-pallidus/nextseq-single-2/JEC43_S28_L002_R1_001.fastp.decon.fastq.gz ordered=t overwrite=true minidentity=100 out=/mnt/beegfs/gt156213e/murinae-seq/01-Assembly-data/03-Dedup/Phloeomys-pallidus/nextseq-single-2/JEC43_S28_L002_R1_001.fastp.decon.dedup.fastq.gz
Executing jgi.Dedupe [-Xmx30g, t=1, in=/mnt/beegfs/gt156213e/murinae-seq/01-Assembly-data/02-Decon/Phloeomys-pallidus/nextseq-single-2/JEC43_S28_L002_R1_001.fastp.decon.fastq.gz, ordered=t, overwrite=true, minidentity=100, out=/mnt/beegfs/gt156213e/murinae-seq/01-Assembly-data/03-Dedup/Phloeomys-pallidus/nextseq-single-2/JEC43_S28_L002_R1_001.fastp.decon.dedup.fastq.gz]
Version 38.79

Set threads to 1
Initial:
Memory: max=30870m, total=30870m, free=30064m, used=806m

Found 17930 duplicates.
Finished exact matches.    Time: 1.791 seconds.
Memory: max=30870m, total=30870m, free=25877m, used=4993m

Found 2545 contained sequences.
Finished containment.      Time: 3.877 seconds.
Memory: max=30870m, total=30870m, free=28415m, used=2455m

Removed 2545 invalid entries.
Finished invalid removal.  Time: 0.349 seconds.
Memory: max=30870m, total=30870m, free=28415m, used=2455m

Input:                  	440674 reads 		33279771 bases.
Duplicates:             	17930 reads (4.07%) 	1354793 bases (4.07%)     	0 collisions.
Containments:           	2545 reads (0.58%) 	188276 bases (0.57%)    	363269 collisions.
Result:                 	420199 reads (95.35%) 	31736702 bases (95.36%)

Sorted output.             Time: 0.579 seconds.
Memory: max=30870m, total=30870m, free=28415m, used=2455m

Printed output.            Time: 4.125 seconds.
Memory: max=30870m, total=30870m, free=28161m, used=2709m

Time:                         	10.755 seconds.
Reads Processed:        440k 	40.97k reads/sec
Bases Processed:      33279k 	3.09m bases/sec
