java -ea -Xmx30g -Xms30g -cp /home/gt156213e/anaconda3/envs/biotools/opt/bbmap-38.79-0/current/ jgi.Dedupe -Xmx30g t=1 in=/mnt/beegfs/gt156213e/murinae-seq/01-Assembly-data/02-Decon/Phloeomys-pallidus/nextseq-single-2/JEC43_S28_L001_R1_001.fastp.decon.fastq.gz ordered=t overwrite=true minidentity=100 out=/mnt/beegfs/gt156213e/murinae-seq/01-Assembly-data/03-Dedup/Phloeomys-pallidus/nextseq-single-2/JEC43_S28_L001_R1_001.fastp.decon.dedup.fastq.gz
Executing jgi.Dedupe [-Xmx30g, t=1, in=/mnt/beegfs/gt156213e/murinae-seq/01-Assembly-data/02-Decon/Phloeomys-pallidus/nextseq-single-2/JEC43_S28_L001_R1_001.fastp.decon.fastq.gz, ordered=t, overwrite=true, minidentity=100, out=/mnt/beegfs/gt156213e/murinae-seq/01-Assembly-data/03-Dedup/Phloeomys-pallidus/nextseq-single-2/JEC43_S28_L001_R1_001.fastp.decon.dedup.fastq.gz]
Version 38.79

Set threads to 1
Initial:
Memory: max=30870m, total=30870m, free=30225m, used=645m

Found 17852 duplicates.
Finished exact matches.    Time: 1.790 seconds.
Memory: max=30870m, total=30870m, free=26038m, used=4832m

Found 2526 contained sequences.
Finished containment.      Time: 4.002 seconds.
Memory: max=30870m, total=30870m, free=28413m, used=2457m

Removed 2526 invalid entries.
Finished invalid removal.  Time: 0.127 seconds.
Memory: max=30870m, total=30870m, free=28413m, used=2457m

Input:                  	442251 reads 		33398118 bases.
Duplicates:             	17852 reads (4.04%) 	1348918 bases (4.04%)     	0 collisions.
Containments:           	2526 reads (0.57%) 	186916 bases (0.56%)    	373002 collisions.
Result:                 	421873 reads (95.39%) 	31862284 bases (95.40%)

Sorted output.             Time: 0.252 seconds.
Memory: max=30870m, total=30870m, free=28413m, used=2457m

Printed output.            Time: 3.401 seconds.
Memory: max=30870m, total=30870m, free=28079m, used=2791m

Time:                         	9.598 seconds.
Reads Processed:        442k 	46.08k reads/sec
Bases Processed:      33398k 	3.48m bases/sec
