java -ea -Xmx30g -Xms30g -cp /home/gt156213e/anaconda3/envs/biotools/opt/bbmap-38.79-0/current/ jgi.Dedupe -Xmx30g t=1 in=/mnt/beegfs/gt156213e/murinae-seq/01-Assembly-data/02-Decon/Phloeomys-pallidus/nextseq-single-2/JEC43_S28_L003_R1_001.fastp.decon.fastq.gz ordered=t overwrite=true minidentity=100 out=/mnt/beegfs/gt156213e/murinae-seq/01-Assembly-data/03-Dedup/Phloeomys-pallidus/nextseq-single-2/JEC43_S28_L003_R1_001.fastp.decon.dedup.fastq.gz
Executing jgi.Dedupe [-Xmx30g, t=1, in=/mnt/beegfs/gt156213e/murinae-seq/01-Assembly-data/02-Decon/Phloeomys-pallidus/nextseq-single-2/JEC43_S28_L003_R1_001.fastp.decon.fastq.gz, ordered=t, overwrite=true, minidentity=100, out=/mnt/beegfs/gt156213e/murinae-seq/01-Assembly-data/03-Dedup/Phloeomys-pallidus/nextseq-single-2/JEC43_S28_L003_R1_001.fastp.decon.dedup.fastq.gz]
Version 38.79

Set threads to 1
Initial:
Memory: max=30870m, total=30870m, free=30225m, used=645m

Found 18962 duplicates.
Finished exact matches.    Time: 1.702 seconds.
Memory: max=30870m, total=30870m, free=25877m, used=4993m

Found 2644 contained sequences.
Finished containment.      Time: 5.606 seconds.
Memory: max=30870m, total=30870m, free=28484m, used=2386m

Removed 2644 invalid entries.
Finished invalid removal.  Time: 0.131 seconds.
Memory: max=30870m, total=30870m, free=28484m, used=2386m

Input:                  	455753 reads 		34415695 bases.
Duplicates:             	18962 reads (4.16%) 	1431808 bases (4.16%)     	0 collisions.
Containments:           	2644 reads (0.58%) 	195741 bases (0.57%)    	381203 collisions.
Result:                 	434147 reads (95.26%) 	32788146 bases (95.27%)

Sorted output.             Time: 0.317 seconds.
Memory: max=30870m, total=30870m, free=28484m, used=2386m

Printed output.            Time: 2.439 seconds.
Memory: max=30870m, total=30870m, free=28232m, used=2638m

Time:                         	10.252 seconds.
Reads Processed:        455k 	44.46k reads/sec
Bases Processed:      34415k 	3.36m bases/sec
