java -ea -Xmx30g -Xms30g -cp /home/gt156213e/anaconda3/envs/biotools/opt/bbmap-38.79-0/current/ jgi.Dedupe -Xmx30g t=1 in=/mnt/beegfs/gt156213e/murinae-seq/01-Assembly-data/02-Decon/Phloeomys-pallidus/nextseq-single-1/JEC43_S28_L002_R1_001.fastp.decon.fastq.gz ordered=t overwrite=true minidentity=100 out=/mnt/beegfs/gt156213e/murinae-seq/01-Assembly-data/03-Dedup/Phloeomys-pallidus/nextseq-single-1/JEC43_S28_L002_R1_001.fastp.decon.dedup.fastq.gz
Executing jgi.Dedupe [-Xmx30g, t=1, in=/mnt/beegfs/gt156213e/murinae-seq/01-Assembly-data/02-Decon/Phloeomys-pallidus/nextseq-single-1/JEC43_S28_L002_R1_001.fastp.decon.fastq.gz, ordered=t, overwrite=true, minidentity=100, out=/mnt/beegfs/gt156213e/murinae-seq/01-Assembly-data/03-Dedup/Phloeomys-pallidus/nextseq-single-1/JEC43_S28_L002_R1_001.fastp.decon.dedup.fastq.gz]
Version 38.79

Set threads to 1
Initial:
Memory: max=30870m, total=30870m, free=30386m, used=484m

Found 20052 duplicates.
Finished exact matches.    Time: 1.676 seconds.
Memory: max=30870m, total=30870m, free=25877m, used=4993m

Found 2799 contained sequences.
Finished containment.      Time: 3.500 seconds.
Memory: max=30870m, total=30870m, free=28388m, used=2482m

Removed 2799 invalid entries.
Finished invalid removal.  Time: 0.141 seconds.
Memory: max=30870m, total=30870m, free=28388m, used=2482m

Input:                  	479055 reads 		36180178 bases.
Duplicates:             	20052 reads (4.19%) 	1515026 bases (4.19%)     	0 collisions.
Containments:           	2799 reads (0.58%) 	207198 bases (0.57%)    	414686 collisions.
Result:                 	456204 reads (95.23%) 	34457954 bases (95.24%)

Sorted output.             Time: 0.352 seconds.
Memory: max=30870m, total=30870m, free=28388m, used=2482m

Printed output.            Time: 3.328 seconds.
Memory: max=30870m, total=30870m, free=28054m, used=2816m

Time:                         	9.020 seconds.
Reads Processed:        479k 	53.11k reads/sec
Bases Processed:      36180k 	4.01m bases/sec
