java -ea -Xmx30g -Xms30g -cp /home/gt156213e/anaconda3/envs/biotools/opt/bbmap-38.79-0/current/ jgi.Dedupe -Xmx30g t=1 in=/mnt/beegfs/gt156213e/murinae-seq/01-Assembly-data/02-Decon/Rhynchomys-isarogensis/nextseq-single-1/JAE2195_S29_L002_R1_001.fastp.decon.fastq.gz ordered=t overwrite=true minidentity=100 out=/mnt/beegfs/gt156213e/murinae-seq/01-Assembly-data/03-Dedup/Rhynchomys-isarogensis/nextseq-single-1/JAE2195_S29_L002_R1_001.fastp.decon.dedup.fastq.gz
Executing jgi.Dedupe [-Xmx30g, t=1, in=/mnt/beegfs/gt156213e/murinae-seq/01-Assembly-data/02-Decon/Rhynchomys-isarogensis/nextseq-single-1/JAE2195_S29_L002_R1_001.fastp.decon.fastq.gz, ordered=t, overwrite=true, minidentity=100, out=/mnt/beegfs/gt156213e/murinae-seq/01-Assembly-data/03-Dedup/Rhynchomys-isarogensis/nextseq-single-1/JAE2195_S29_L002_R1_001.fastp.decon.dedup.fastq.gz]
Version 38.79

Set threads to 1
Initial:
Memory: max=30870m, total=30870m, free=30547m, used=323m

Found 23373 duplicates.
Finished exact matches.    Time: 2.590 seconds.
Memory: max=30870m, total=30870m, free=25877m, used=4993m

Found 1997 contained sequences.
Finished containment.      Time: 3.703 seconds.
Memory: max=30870m, total=30870m, free=28385m, used=2485m

Removed 1997 invalid entries.
Finished invalid removal.  Time: 0.122 seconds.
Memory: max=30870m, total=30870m, free=28385m, used=2485m

Input:                  	485765 reads 		36684651 bases.
Duplicates:             	23373 reads (4.81%) 	1764368 bases (4.81%)     	0 collisions.
Containments:           	1997 reads (0.41%) 	147583 bases (0.40%)    	544627 collisions.
Result:                 	460395 reads (94.78%) 	34772700 bases (94.79%)

Sorted output.             Time: 0.305 seconds.
Memory: max=30870m, total=30870m, free=28385m, used=2485m

Printed output.            Time: 2.384 seconds.
Memory: max=30870m, total=30870m, free=28052m, used=2818m

Time:                         	9.126 seconds.
Reads Processed:        485k 	53.23k reads/sec
Bases Processed:      36684k 	4.02m bases/sec
