java -ea -Xmx30g -Xms30g -cp /home/gt156213e/anaconda3/envs/biotools/opt/bbmap-38.79-0/current/ jgi.Dedupe -Xmx30g t=1 in=/mnt/beegfs/gt156213e/murinae-seq/01-Assembly-data/02-Decon/Sundamys-meulleri/nextseq-single-2/JAE1283_S30_L004_R1_001.fastp.decon.fastq.gz ordered=t overwrite=true minidentity=100 out=/mnt/beegfs/gt156213e/murinae-seq/01-Assembly-data/03-Dedup/Sundamys-meulleri/nextseq-single-2/JAE1283_S30_L004_R1_001.fastp.decon.dedup.fastq.gz
Executing jgi.Dedupe [-Xmx30g, t=1, in=/mnt/beegfs/gt156213e/murinae-seq/01-Assembly-data/02-Decon/Sundamys-meulleri/nextseq-single-2/JAE1283_S30_L004_R1_001.fastp.decon.fastq.gz, ordered=t, overwrite=true, minidentity=100, out=/mnt/beegfs/gt156213e/murinae-seq/01-Assembly-data/03-Dedup/Sundamys-meulleri/nextseq-single-2/JAE1283_S30_L004_R1_001.fastp.decon.dedup.fastq.gz]
Version 38.79

Set threads to 1
Initial:
Memory: max=30870m, total=30870m, free=30225m, used=645m

Found 10208 duplicates.
Finished exact matches.    Time: 1.338 seconds.
Memory: max=30870m, total=30870m, free=25877m, used=4993m

Found 1625 contained sequences.
Finished containment.      Time: 2.182 seconds.
Memory: max=30870m, total=30870m, free=28469m, used=2401m

Removed 1625 invalid entries.
Finished invalid removal.  Time: 0.114 seconds.
Memory: max=30870m, total=30870m, free=28469m, used=2401m

Input:                  	361492 reads 		27304533 bases.
Duplicates:             	10208 reads (2.82%) 	771571 bases (2.83%)     	0 collisions.
Containments:           	1625 reads (0.45%) 	120406 bases (0.44%)    	434345 collisions.
Result:                 	349659 reads (96.73%) 	26412556 bases (96.73%)

Sorted output.             Time: 0.203 seconds.
Memory: max=30870m, total=30870m, free=28469m, used=2401m

Printed output.            Time: 1.958 seconds.
Memory: max=30870m, total=30870m, free=28135m, used=2735m

Time:                         	5.816 seconds.
Reads Processed:        361k 	62.16k reads/sec
Bases Processed:      27304k 	4.70m bases/sec
