java -ea -Xmx30g -Xms30g -cp /home/gt156213e/anaconda3/envs/biotools/opt/bbmap-38.79-0/current/ jgi.Dedupe -Xmx30g t=1 in1=/mnt/beegfs/gt156213e/murinae-seq/01-Assembly-data/02-Decon/Sundamys-meulleri/miseq-paired/JAE1283_S7_L001_R1_001.fastp.decon.fastq.gz,/mnt/beegfs/gt156213e/murinae-seq/01-Assembly-data/02-Decon/Sundamys-meulleri/miseq-paired/JAE1283_S7_L001_R2_001.fastp.decon.fastq.gz ordered=t overwrite=true minidentity=100 out=/mnt/beegfs/gt156213e/murinae-seq/01-Assembly-data/03-Reformat/Sundamys-meulleri/miseq-paired/JAE1283_S7_L001_001.fastp.decon.fastq.gz
Executing jgi.Dedupe [-Xmx30g, t=1, in1=/mnt/beegfs/gt156213e/murinae-seq/01-Assembly-data/02-Decon/Sundamys-meulleri/miseq-paired/JAE1283_S7_L001_R1_001.fastp.decon.fastq.gz,/mnt/beegfs/gt156213e/murinae-seq/01-Assembly-data/02-Decon/Sundamys-meulleri/miseq-paired/JAE1283_S7_L001_R2_001.fastp.decon.fastq.gz, ordered=t, overwrite=true, minidentity=100, out=/mnt/beegfs/gt156213e/murinae-seq/01-Assembly-data/03-Reformat/Sundamys-meulleri/miseq-paired/JAE1283_S7_L001_001.fastp.decon.fastq.gz]
Version 38.79

Set threads to 1
Initial:
Memory: max=30870m, total=30870m, free=30225m, used=645m

Found 12464 duplicates.
Finished exact matches.    Time: 2.787 seconds.
Memory: max=30870m, total=30870m, free=25716m, used=5154m

Found 68 contained sequences.
Finished containment.      Time: 3.887 seconds.
Memory: max=30870m, total=30870m, free=28224m, used=2646m

Removed 68 invalid entries.
Finished invalid removal.  Time: 0.124 seconds.
Memory: max=30870m, total=30870m, free=28224m, used=2646m

Input:                  	586552 reads 		45740660 bases.
Duplicates:             	12464 reads (2.12%) 	971340 bases (2.12%)     	0 collisions.
Containments:           	68 reads (0.01%) 	2976 bases (0.01%)    	2409078 collisions.
Result:                 	574020 reads (97.86%) 	44766344 bases (97.87%)

Sorted output.             Time: 0.453 seconds.
Memory: max=30870m, total=30870m, free=28224m, used=2646m

Printed output.            Time: 3.266 seconds.
Memory: max=30870m, total=30870m, free=27890m, used=2980m

Time:                         	10.561 seconds.
Reads Processed:        586k 	55.54k reads/sec
Bases Processed:      45740k 	4.33m bases/sec
