java -ea -Xmx30g -Xms30g -cp /home/gt156213e/anaconda3/envs/biotools/opt/bbmap-38.79-0/current/ jgi.Dedupe -Xmx30g t=1 in=/mnt/beegfs/gt156213e/murinae-seq/01-Assembly-data/02-Decon/Taeromys-punicans/nextseq-single-2/JLP25862_S31_L004_R1_001.fastp.decon.fastq.gz ordered=t overwrite=true minidentity=100 out=/mnt/beegfs/gt156213e/murinae-seq/01-Assembly-data/03-Dedup/Taeromys-punicans/nextseq-single-2/JLP25862_S31_L004_R1_001.fastp.decon.dedup.fastq.gz
Executing jgi.Dedupe [-Xmx30g, t=1, in=/mnt/beegfs/gt156213e/murinae-seq/01-Assembly-data/02-Decon/Taeromys-punicans/nextseq-single-2/JLP25862_S31_L004_R1_001.fastp.decon.fastq.gz, ordered=t, overwrite=true, minidentity=100, out=/mnt/beegfs/gt156213e/murinae-seq/01-Assembly-data/03-Dedup/Taeromys-punicans/nextseq-single-2/JLP25862_S31_L004_R1_001.fastp.decon.dedup.fastq.gz]
Version 38.79

Set threads to 1
Initial:
Memory: max=30870m, total=30870m, free=30225m, used=645m

Found 10851 duplicates.
Finished exact matches.    Time: 2.037 seconds.
Memory: max=30870m, total=30870m, free=25877m, used=4993m

Found 1554 contained sequences.
Finished containment.      Time: 2.688 seconds.
Memory: max=30870m, total=30870m, free=28430m, used=2440m

Removed 1554 invalid entries.
Finished invalid removal.  Time: 0.130 seconds.
Memory: max=30870m, total=30870m, free=28430m, used=2440m

Input:                  	412872 reads 		31182786 bases.
Duplicates:             	10851 reads (2.63%) 	819872 bases (2.63%)     	0 collisions.
Containments:           	1554 reads (0.38%) 	114972 bases (0.37%)    	331504 collisions.
Result:                 	400467 reads (97.00%) 	30247942 bases (97.00%)

Sorted output.             Time: 0.255 seconds.
Memory: max=30870m, total=30870m, free=28430m, used=2440m

Printed output.            Time: 3.079 seconds.
Memory: max=30870m, total=30870m, free=28177m, used=2693m

Time:                         	8.211 seconds.
Reads Processed:        412k 	50.28k reads/sec
Bases Processed:      31182k 	3.80m bases/sec
