java -ea -Xmx30g -Xms30g -cp /home/gregg_thomas/bin/bbmap/current/ jgi.Dedupe -Xmx30g t=1 in=/scratch/gregg_thomas/Murinae-seq/03A-Merged/Apomys-lubangensis/nextseq-paired-2/JAE169_S1_L001_001.fastp.decon.merged.fastq.gz ordered=t overwrite=true minidentity=100 out=/scratch/gregg_thomas/Murinae-seq/04A-Dedup/Apomys-lubangensis/nextseq-paired-2/JAE169_S1_L001_001.fastp.decon.merged.dedup.fastq.gz
Executing jgi.Dedupe [-Xmx30g, t=1, in=/scratch/gregg_thomas/Murinae-seq/03A-Merged/Apomys-lubangensis/nextseq-paired-2/JAE169_S1_L001_001.fastp.decon.merged.fastq.gz, ordered=t, overwrite=true, minidentity=100, out=/scratch/gregg_thomas/Murinae-seq/04A-Dedup/Apomys-lubangensis/nextseq-paired-2/JAE169_S1_L001_001.fastp.decon.merged.dedup.fastq.gz]
Version 38.73

Set threads to 1
Initial:
Memory: max=30870m, total=30870m, free=30547m, used=323m

Found 73696 duplicates.
Finished exact matches.    Time: 5.046 seconds.
Memory: max=30870m, total=30870m, free=23924m, used=6946m

Found 137567 contained sequences.
Finished containment.      Time: 4.193 seconds.
Memory: max=30870m, total=30870m, free=23386m, used=7484m

Removed 137567 invalid entries.
Finished invalid removal.  Time: 0.224 seconds.
Memory: max=30870m, total=30870m, free=23386m, used=7484m

Input:                  	482088 reads 		75710498 bases.
Duplicates:             	73696 reads (15.29%) 	11615636 bases (15.34%)     	0 collisions.
Containments:           	137567 reads (28.54%) 	20494405 bases (27.07%)    	918418 collisions.
Result:                 	270825 reads (56.18%) 	43600457 bases (57.59%)

Sorted output.             Time: 0.171 seconds.
Memory: max=30870m, total=30870m, free=23386m, used=7484m

Printed output.            Time: 2.404 seconds.
Memory: max=30870m, total=30870m, free=23146m, used=7724m

Time:                         	12.094 seconds.
Reads Processed:        482k 	39.86k reads/sec
Bases Processed:      75710k 	6.26m bases/sec
