java -ea -Xmx30g -Xms30g -cp /home/gregg_thomas/bin/bbmap/current/ jgi.Dedupe -Xmx30g t=1 in=/scratch/gregg_thomas/Murinae-seq/03A-Merged/Apomys-lubangensis/nextseq-single-1/JAE169_S24_L001_R1_001.fastp.decon.fastq.gz ordered=t overwrite=true minidentity=100 out=/scratch/gregg_thomas/Murinae-seq/04A-Dedup/Apomys-lubangensis/nextseq-single-1/JAE169_S24_L001_R1_001.fastp.decon.dedup.fastq.gz
Executing jgi.Dedupe [-Xmx30g, t=1, in=/scratch/gregg_thomas/Murinae-seq/03A-Merged/Apomys-lubangensis/nextseq-single-1/JAE169_S24_L001_R1_001.fastp.decon.fastq.gz, ordered=t, overwrite=true, minidentity=100, out=/scratch/gregg_thomas/Murinae-seq/04A-Dedup/Apomys-lubangensis/nextseq-single-1/JAE169_S24_L001_R1_001.fastp.decon.dedup.fastq.gz]
Version 38.73

Set threads to 1
Initial:
Memory: max=30870m, total=30870m, free=30386m, used=484m

Found 11280 duplicates.
Finished exact matches.    Time: 3.550 seconds.
Memory: max=30870m, total=30870m, free=23116m, used=7754m

Found 1854 contained sequences.
Finished containment.      Time: 2.378 seconds.
Memory: max=30870m, total=30870m, free=30282m, used=588m

Removed 1854 invalid entries.
Finished invalid removal.  Time: 0.089 seconds.
Memory: max=30870m, total=30870m, free=30282m, used=588m

Input:                  	438271 reads 		33103700 bases.
Duplicates:             	11280 reads (2.57%) 	852452 bases (2.58%)     	0 collisions.
Containments:           	1854 reads (0.42%) 	137574 bases (0.42%)    	355224 collisions.
Result:                 	425137 reads (97.00%) 	32113674 bases (97.01%)

Sorted output.             Time: 0.176 seconds.
Memory: max=30870m, total=30870m, free=30282m, used=588m

Printed output.            Time: 1.871 seconds.
Memory: max=30870m, total=30870m, free=30037m, used=833m

Time:                         	8.083 seconds.
Reads Processed:        438k 	54.22k reads/sec
Bases Processed:      33103k 	4.10m bases/sec
