java -ea -Xmx30g -Xms30g -cp /home/gregg_thomas/bin/bbmap/current/ jgi.Dedupe -Xmx30g t=1 in1=/scratch/gregg_thomas/Murinae-seq/03A-Merged/Archboldomys-luzonensis/miseq-paired/EAR1826_S35_L001_R1_001.fastp.decon.unmerged.fastq.gz in2=/scratch/gregg_thomas/Murinae-seq/03A-Merged/Archboldomys-luzonensis/miseq-paired/EAR1826_S35_L001_R2_001.fastp.decon.unmerged.fastq.gz ordered=t overwrite=true minidentity=100 out=/scratch/gregg_thomas/Murinae-seq/04A-intermediate/Archboldomys-luzonensis/miseq-paired/EAR1826_S35_L001_001.fastp.decon.unmerged.fastq.gz
Executing jgi.Dedupe [-Xmx30g, t=1, in1=/scratch/gregg_thomas/Murinae-seq/03A-Merged/Archboldomys-luzonensis/miseq-paired/EAR1826_S35_L001_R1_001.fastp.decon.unmerged.fastq.gz, in2=/scratch/gregg_thomas/Murinae-seq/03A-Merged/Archboldomys-luzonensis/miseq-paired/EAR1826_S35_L001_R2_001.fastp.decon.unmerged.fastq.gz, ordered=t, overwrite=true, minidentity=100, out=/scratch/gregg_thomas/Murinae-seq/04A-intermediate/Archboldomys-luzonensis/miseq-paired/EAR1826_S35_L001_001.fastp.decon.unmerged.fastq.gz]
Version 38.73

Set threads to 1
Initial:
Memory: max=30870m, total=30870m, free=30386m, used=484m

Set absorbContainment to false because it is not currently supported for paired reads.
Found 4260 duplicates.
Finished exact matches.    Time: 5.824 seconds.
Memory: max=30870m, total=30870m, free=28776m, used=2094m

Input:                  	567856 reads 		44283894 bases.
Duplicates:             	4260 reads (0.75%) 	332272 bases (0.75%)     	5889 collisions.
Result:                 	563596 reads (99.25%) 	43951622 bases (99.25%)

Sorted output.             Time: 0.707 seconds.
Memory: max=30870m, total=30870m, free=28776m, used=2094m

Printed output.            Time: 6.346 seconds.
Memory: max=30870m, total=30870m, free=28454m, used=2416m

Time:                         	12.897 seconds.
Reads Processed:        567k 	44.03k reads/sec
Bases Processed:      44283k 	3.43m bases/sec

