java -ea -Xmx30g -Xms30g -cp /home/gregg_thomas/bin/bbmap/current/ jgi.Dedupe -Xmx30g t=1 in=/scratch/gregg_thomas/Murinae-seq/03A-Merged/Batomys-salomonseni/nextseq-single-1/JAE3320_S25_L004_R1_001.fastp.decon.fastq.gz ordered=t overwrite=true minidentity=100 out=/scratch/gregg_thomas/Murinae-seq/04A-Dedup/Batomys-salomonseni/nextseq-single-1/JAE3320_S25_L004_R1_001.fastp.decon.dedup.fastq.gz
Executing jgi.Dedupe [-Xmx30g, t=1, in=/scratch/gregg_thomas/Murinae-seq/03A-Merged/Batomys-salomonseni/nextseq-single-1/JAE3320_S25_L004_R1_001.fastp.decon.fastq.gz, ordered=t, overwrite=true, minidentity=100, out=/scratch/gregg_thomas/Murinae-seq/04A-Dedup/Batomys-salomonseni/nextseq-single-1/JAE3320_S25_L004_R1_001.fastp.decon.dedup.fastq.gz]
Version 38.73

Set threads to 1
Initial:
Memory: max=30870m, total=30870m, free=30386m, used=484m

Found 16666 duplicates.
Finished exact matches.    Time: 2.337 seconds.
Memory: max=30870m, total=30870m, free=23339m, used=7531m

Found 1965 contained sequences.
Finished containment.      Time: 2.742 seconds.
Memory: max=30870m, total=30870m, free=22815m, used=8055m

Removed 1965 invalid entries.
Finished invalid removal.  Time: 0.097 seconds.
Memory: max=30870m, total=30870m, free=22815m, used=8055m

Input:                  	497784 reads 		37599019 bases.
Duplicates:             	16666 reads (3.35%) 	1259586 bases (3.35%)     	0 collisions.
Containments:           	1965 reads (0.39%) 	145500 bases (0.39%)    	357956 collisions.
Result:                 	479153 reads (96.26%) 	36193933 bases (96.26%)

Sorted output.             Time: 0.666 seconds.
Memory: max=30870m, total=30870m, free=22815m, used=8055m

Printed output.            Time: 4.907 seconds.
Memory: max=30870m, total=30870m, free=30363m, used=507m

Time:                         	10.768 seconds.
Reads Processed:        497k 	46.23k reads/sec
Bases Processed:      37599k 	3.49m bases/sec
