java -ea -Xmx30g -Xms30g -cp /home/gregg_thomas/bin/bbmap/current/ jgi.Dedupe -Xmx30g t=1 in=/scratch/gregg_thomas/Murinae-seq/03A-Merged/Batomys-salomonseni/nextseq-paired-2/JAE3320_S12_L004_001.fastp.decon.merged.fastq.gz ordered=t overwrite=true minidentity=100 out=/scratch/gregg_thomas/Murinae-seq/04A-Dedup/Batomys-salomonseni/nextseq-paired-2/JAE3320_S12_L004_001.fastp.decon.merged.dedup.fastq.gz
Executing jgi.Dedupe [-Xmx30g, t=1, in=/scratch/gregg_thomas/Murinae-seq/03A-Merged/Batomys-salomonseni/nextseq-paired-2/JAE3320_S12_L004_001.fastp.decon.merged.fastq.gz, ordered=t, overwrite=true, minidentity=100, out=/scratch/gregg_thomas/Murinae-seq/04A-Dedup/Batomys-salomonseni/nextseq-paired-2/JAE3320_S12_L004_001.fastp.decon.merged.dedup.fastq.gz]
Version 38.73

Set threads to 1
Initial:
Memory: max=30870m, total=30870m, free=30386m, used=484m

Found 152230 duplicates.
Finished exact matches.    Time: 6.322 seconds.
Memory: max=30870m, total=30870m, free=22799m, used=8071m

Found 210198 contained sequences.
Finished containment.      Time: 9.697 seconds.
Memory: max=30870m, total=30870m, free=29892m, used=978m

Removed 210198 invalid entries.
Finished invalid removal.  Time: 0.301 seconds.
Memory: max=30870m, total=30870m, free=29892m, used=978m

Input:                  	736185 reads 		114657116 bases.
Duplicates:             	152230 reads (20.68%) 	23823491 bases (20.78%)     	0 collisions.
Containments:           	210198 reads (28.55%) 	30960610 bases (27.00%)    	1274833 collisions.
Result:                 	373757 reads (50.77%) 	59873015 bases (52.22%)

Sorted output.             Time: 0.314 seconds.
Memory: max=30870m, total=30870m, free=29892m, used=978m

Printed output.            Time: 3.246 seconds.
Memory: max=30870m, total=30870m, free=29512m, used=1358m

Time:                         	19.913 seconds.
Reads Processed:        736k 	36.97k reads/sec
Bases Processed:        114m 	5.76m bases/sec
