java -ea -Xmx30g -Xms30g -cp /home/gregg_thomas/bin/bbmap/current/ jgi.Dedupe -Xmx30g t=1 in1=/scratch/gregg_thomas/Murinae-seq/03A-Merged/Batomys-salomonseni/miseq-paired/JAE3320_S2_L001_R1_001.fastp.decon.unmerged.fastq.gz in2=/scratch/gregg_thomas/Murinae-seq/03A-Merged/Batomys-salomonseni/miseq-paired/JAE3320_S2_L001_R2_001.fastp.decon.unmerged.fastq.gz ordered=t overwrite=true minidentity=100 out=/scratch/gregg_thomas/Murinae-seq/04A-intermediate/Batomys-salomonseni/miseq-paired/JAE3320_S2_L001_001.fastp.decon.unmerged.fastq.gz
Executing jgi.Dedupe [-Xmx30g, t=1, in1=/scratch/gregg_thomas/Murinae-seq/03A-Merged/Batomys-salomonseni/miseq-paired/JAE3320_S2_L001_R1_001.fastp.decon.unmerged.fastq.gz, in2=/scratch/gregg_thomas/Murinae-seq/03A-Merged/Batomys-salomonseni/miseq-paired/JAE3320_S2_L001_R2_001.fastp.decon.unmerged.fastq.gz, ordered=t, overwrite=true, minidentity=100, out=/scratch/gregg_thomas/Murinae-seq/04A-intermediate/Batomys-salomonseni/miseq-paired/JAE3320_S2_L001_001.fastp.decon.unmerged.fastq.gz]
Version 38.73

Set threads to 1
Initial:
Memory: max=30870m, total=30870m, free=30386m, used=484m

Set absorbContainment to false because it is not currently supported for paired reads.
Found 10080 duplicates.
Finished exact matches.    Time: 15.282 seconds.
Memory: max=30870m, total=30870m, free=28454m, used=2416m

Input:                  	777368 reads 		60622744 bases.
Duplicates:             	10080 reads (1.30%) 	785982 bases (1.30%)     	5659 collisions.
Result:                 	767288 reads (98.70%) 	59836762 bases (98.70%)

Sorted output.             Time: 0.492 seconds.
Memory: max=30870m, total=30870m, free=28454m, used=2416m

Printed output.            Time: 7.540 seconds.
Memory: max=30870m, total=30870m, free=28131m, used=2739m

Time:                         	23.333 seconds.
Reads Processed:        777k 	33.32k reads/sec
Bases Processed:      60622k 	2.60m bases/sec
