java -ea -Xmx30g -Xms30g -cp /home/gregg_thomas/bin/bbmap/current/ jgi.Dedupe -Xmx30g t=1 in=/scratch/gregg_thomas/Murinae-seq/03A-Merged/Berylmys-mackenzii/hiseq4000-paired-2/SM011_CKDL190143345-1a-D701-AK1780_H7275BBXX_L4_.fastp.decon.merged.fastq.gz ordered=t overwrite=true minidentity=100 out=/scratch/gregg_thomas/Murinae-seq/04A-Dedup/Berylmys-mackenzii/hiseq4000-paired-2/SM011_CKDL190143345-1a-D701-AK1780_H7275BBXX_L4_.fastp.decon.merged.dedup.fastq.gz
Executing jgi.Dedupe [-Xmx30g, t=1, in=/scratch/gregg_thomas/Murinae-seq/03A-Merged/Berylmys-mackenzii/hiseq4000-paired-2/SM011_CKDL190143345-1a-D701-AK1780_H7275BBXX_L4_.fastp.decon.merged.fastq.gz, ordered=t, overwrite=true, minidentity=100, out=/scratch/gregg_thomas/Murinae-seq/04A-Dedup/Berylmys-mackenzii/hiseq4000-paired-2/SM011_CKDL190143345-1a-D701-AK1780_H7275BBXX_L4_.fastp.decon.merged.dedup.fastq.gz]
Version 38.73

Set threads to 1
Initial:
Memory: max=30870m, total=30870m, free=30547m, used=323m

Found 5328259 duplicates.
Finished exact matches.    Time: 237.460 seconds.
Memory: max=28633m, total=26396m, free=14846m, used=11550m

Found 5192296 contained sequences.
Finished containment.      Time: 600.200 seconds.
Memory: max=28633m, total=28633m, free=18669m, used=9964m

Removed 5192296 invalid entries.
Finished invalid removal.  Time: 4.938 seconds.
Memory: max=28633m, total=28633m, free=18546m, used=10087m

Input:                  	14017893 reads 		3049333596 bases.
Duplicates:             	5328259 reads (38.01%) 	1162234685 bases (38.11%)     	0 collisions.
Containments:           	5192296 reads (37.04%) 	1039423682 bases (34.09%)    	4845856516 collisions.
Result:                 	3497338 reads (24.95%) 	847675229 bases (27.80%)

Sorted output.             Time: 1.817 seconds.
Memory: max=28633m, total=28633m, free=18425m, used=10208mPrPrinted output.            Time: 60.694 seconds.
Memory: max=28633m, total=28633m, free=16098m, used=12535m

Time:                         	915.283 seconds.
Reads Processed:      14017k 	15.32k reads/sec
Bases Processed:       3049m 	3.33m bases/sec

