java -ea -Xmx30g -Xms30g -cp /home/gregg_thomas/bin/bbmap/current/ jgi.Dedupe -Xmx30g t=1 in1=/scratch/gregg_thomas/Murinae-seq/03A-Merged/Berylymys-bowersi/miseq-paired/ABTC116431_S17_L001_R1_001.fastp.decon.unmerged.fastq.gz in2=/scratch/gregg_thomas/Murinae-seq/03A-Merged/Berylymys-bowersi/miseq-paired/ABTC116431_S17_L001_R2_001.fastp.decon.unmerged.fastq.gz ordered=t overwrite=true minidentity=100 out=/scratch/gregg_thomas/Murinae-seq/04A-intermediate/Berylymys-bowersi/miseq-paired/ABTC116431_S17_L001_001.fastp.decon.unmerged.fastq.gz
Executing jgi.Dedupe [-Xmx30g, t=1, in1=/scratch/gregg_thomas/Murinae-seq/03A-Merged/Berylymys-bowersi/miseq-paired/ABTC116431_S17_L001_R1_001.fastp.decon.unmerged.fastq.gz, in2=/scratch/gregg_thomas/Murinae-seq/03A-Merged/Berylymys-bowersi/miseq-paired/ABTC116431_S17_L001_R2_001.fastp.decon.unmerged.fastq.gz, ordered=t, overwrite=true, minidentity=100, out=/scratch/gregg_thomas/Murinae-seq/04A-intermediate/Berylymys-bowersi/miseq-paired/ABTC116431_S17_L001_001.fastp.decon.unmerged.fastq.gz]
Version 38.73

Set threads to 1
Initial:
Memory: max=30870m, total=30870m, free=30386m, used=484m

Set absorbContainment to false because it is not currently supported for paired reads.
Found 16258 duplicates.
Finished exact matches.    Time: 15.674 seconds.
Memory: max=30870m, total=30870m, free=28454m, used=2416m

Input:                  	1052204 reads 		82020929 bases.
Duplicates:             	16258 reads (1.55%) 	1267393 bases (1.55%)     	11060 collisions.
Result:                 	1035946 reads (98.45%) 	80753536 bases (98.45%)

Sorted output.             Time: 1.264 seconds.
Memory: max=30870m, total=30870m, free=28454m, used=2416m

Printed output.            Time: 11.370 seconds.
Memory: max=30870m, total=30870m, free=27970m, used=2900m

Time:                         	28.328 seconds.
Reads Processed:       1052k 	37.14k reads/sec
Bases Processed:      82020k 	2.90m bases/sec
