java -ea -Xmx30g -Xms30g -cp /home/gregg_thomas/bin/bbmap/current/ jgi.Dedupe -Xmx30g t=1 in1=/scratch/gregg_thomas/Murinae-seq/03A-Merged/Bulimus-bagobus/nextseq-paired-1/JAE1712_S3_R1_001.fastp.decon.unmerged.fastq.gz in2=/scratch/gregg_thomas/Murinae-seq/03A-Merged/Bulimus-bagobus/nextseq-paired-1/JAE1712_S3_R2_001.fastp.decon.unmerged.fastq.gz ordered=t overwrite=true minidentity=100 out=/scratch/gregg_thomas/Murinae-seq/04A-intermediate/Bulimus-bagobus/nextseq-paired-1/JAE1712_S3_001.fastp.decon.unmerged.fastq.gz
Executing jgi.Dedupe [-Xmx30g, t=1, in1=/scratch/gregg_thomas/Murinae-seq/03A-Merged/Bulimus-bagobus/nextseq-paired-1/JAE1712_S3_R1_001.fastp.decon.unmerged.fastq.gz, in2=/scratch/gregg_thomas/Murinae-seq/03A-Merged/Bulimus-bagobus/nextseq-paired-1/JAE1712_S3_R2_001.fastp.decon.unmerged.fastq.gz, ordered=t, overwrite=true, minidentity=100, out=/scratch/gregg_thomas/Murinae-seq/04A-intermediate/Bulimus-bagobus/nextseq-paired-1/JAE1712_S3_001.fastp.decon.unmerged.fastq.gz]
Version 38.73

Set threads to 1
Initial:
Memory: max=30870m, total=30870m, free=30386m, used=484m

Set absorbContainment to false because it is not currently supported for paired reads.
Found 775308 duplicates.
Finished exact matches.    Time: 47.967 seconds.
Memory: max=30870m, total=30870m, free=24502m, used=6368m

Input:                  	9070464 reads 		679890884 bases.
Duplicates:             	775308 reads (8.55%) 	58120845 bases (8.55%)     	605243 collisions.
Result:                 	8295156 reads (91.45%) 	621770039 bases (91.45%)

Sorted output.             Time: 4.966 seconds.
Memory: max=30870m, total=30870m, free=24180m, used=6690m

Printed output.            Time: 32.928 seconds.
Memory: max=30870m, total=30870m, free=21512m, used=9358m

Time:                         	85.930 seconds.
Reads Processed:       9070k 	105.56k reads/sec
Bases Processed:        679m 	7.91m bases/sec
