java -ea -Xmx30g -Xms30g -cp /home/gregg_thomas/bin/bbmap/current/ jgi.Dedupe -Xmx30g t=1 in1=/scratch/gregg_thomas/Murinae-seq/03A-Merged/Bulimus-bagobus/nextseq-paired-2/JAE1712_S23_L004_R1_001.fastp.decon.unmerged.fastq.gz in2=/scratch/gregg_thomas/Murinae-seq/03A-Merged/Bulimus-bagobus/nextseq-paired-2/JAE1712_S23_L004_R2_001.fastp.decon.unmerged.fastq.gz ordered=t overwrite=true minidentity=100 out=/scratch/gregg_thomas/Murinae-seq/04A-intermediate/Bulimus-bagobus/nextseq-paired-2/JAE1712_S23_L004_001.fastp.decon.unmerged.fastq.gz
Executing jgi.Dedupe [-Xmx30g, t=1, in1=/scratch/gregg_thomas/Murinae-seq/03A-Merged/Bulimus-bagobus/nextseq-paired-2/JAE1712_S23_L004_R1_001.fastp.decon.unmerged.fastq.gz, in2=/scratch/gregg_thomas/Murinae-seq/03A-Merged/Bulimus-bagobus/nextseq-paired-2/JAE1712_S23_L004_R2_001.fastp.decon.unmerged.fastq.gz, ordered=t, overwrite=true, minidentity=100, out=/scratch/gregg_thomas/Murinae-seq/04A-intermediate/Bulimus-bagobus/nextseq-paired-2/JAE1712_S23_L004_001.fastp.decon.unmerged.fastq.gz]
Version 38.73

Set threads to 1
Initial:
Memory: max=30870m, total=30870m, free=30386m, used=484m

Set absorbContainment to false because it is not currently supported for paired reads.
Found 245358 duplicates.
Finished exact matches.    Time: 34.408 seconds.
Memory: max=30870m, total=30870m, free=25521m, used=5349m

Input:                  	4276318 reads 		322829447 bases.
Duplicates:             	245358 reads (5.74%) 	18531612 bases (5.74%)     	127254 collisions.
Result:                 	4030960 reads (94.26%) 	304297835 bases (94.26%)

Sorted output.             Time: 1.798 seconds.
Memory: max=30870m, total=30870m, free=25521m, used=5349m

Printed output.            Time: 19.929 seconds.
Memory: max=30870m, total=30870m, free=24393m, used=6477m

Time:                         	56.155 seconds.
Reads Processed:       4276k 	76.15k reads/sec
Bases Processed:        322m 	5.75m bases/sec
