java -ea -Xmx30g -Xms30g -cp /home/gregg_thomas/bin/bbmap/current/ jgi.Dedupe -Xmx30g t=1 in=/scratch/gregg_thomas/Murinae-seq/03A-Merged/Bulimus-bagobus/nextseq-single-1/JAE1712_S26_L001_R1_001.fastp.decon.fastq.gz ordered=t overwrite=true minidentity=100 out=/scratch/gregg_thomas/Murinae-seq/04A-Dedup/Bulimus-bagobus/nextseq-single-1/JAE1712_S26_L001_R1_001.fastp.decon.dedup.fastq.gz
Executing jgi.Dedupe [-Xmx30g, t=1, in=/scratch/gregg_thomas/Murinae-seq/03A-Merged/Bulimus-bagobus/nextseq-single-1/JAE1712_S26_L001_R1_001.fastp.decon.fastq.gz, ordered=t, overwrite=true, minidentity=100, out=/scratch/gregg_thomas/Murinae-seq/04A-Dedup/Bulimus-bagobus/nextseq-single-1/JAE1712_S26_L001_R1_001.fastp.decon.dedup.fastq.gz]
Version 38.73

Set threads to 1
Initial:
Memory: max=30870m, total=30870m, free=30386m, used=484m

Found 12076 duplicates.
Finished exact matches.    Time: 8.019 seconds.
Memory: max=30870m, total=30870m, free=24252m, used=6618m

Found 1641 contained sequences.
Finished containment.      Time: 2.317 seconds.
Memory: max=30870m, total=30870m, free=23764m, used=7106m

Removed 1641 invalid entries.
Finished invalid removal.  Time: 0.085 seconds.
Memory: max=30870m, total=30870m, free=23764m, used=7106m

Input:                  	446949 reads 		33762248 bases.
Duplicates:             	12076 reads (2.70%) 	912877 bases (2.70%)     	0 collisions.
Containments:           	1641 reads (0.37%) 	121545 bases (0.36%)    	287559 collisions.
Result:                 	433232 reads (96.93%) 	32727826 bases (96.94%)

Sorted output.             Time: 0.181 seconds.
Memory: max=30870m, total=30870m, free=23764m, used=7106m

Printed output.            Time: 1.956 seconds.
Memory: max=30870m, total=30870m, free=23603m, used=7267m

Time:                         	12.623 seconds.
Reads Processed:        446k 	35.41k reads/sec
Bases Processed:      33762k 	2.67m bases/sec
