java -ea -Xmx30g -Xms30g -cp /home/gregg_thomas/bin/bbmap/current/ jgi.Dedupe -Xmx30g t=1 in=/scratch/gregg_thomas/Murinae-seq/03A-Merged/Bunomys-chrysocomus/nextseq-paired-2/JAE4867_S30_L001_001.fastp.decon.merged.fastq.gz ordered=t overwrite=true minidentity=100 out=/scratch/gregg_thomas/Murinae-seq/04A-Dedup/Bunomys-chrysocomus/nextseq-paired-2/JAE4867_S30_L001_001.fastp.decon.merged.dedup.fastq.gz
Executing jgi.Dedupe [-Xmx30g, t=1, in=/scratch/gregg_thomas/Murinae-seq/03A-Merged/Bunomys-chrysocomus/nextseq-paired-2/JAE4867_S30_L001_001.fastp.decon.merged.fastq.gz, ordered=t, overwrite=true, minidentity=100, out=/scratch/gregg_thomas/Murinae-seq/04A-Dedup/Bunomys-chrysocomus/nextseq-paired-2/JAE4867_S30_L001_001.fastp.decon.merged.dedup.fastq.gz]
Version 38.73

Set threads to 1
Initial:
Memory: max=30870m, total=30870m, free=30386m, used=484m

Found 111063 duplicates.
Finished exact matches.    Time: 4.659 seconds.
Memory: max=30870m, total=30870m, free=25167m, used=5703m

Found 281695 contained sequences.
Finished containment.      Time: 3.826 seconds.
Memory: max=30870m, total=30870m, free=24814m, used=6056m

Removed 281695 invalid entries.
Finished invalid removal.  Time: 0.249 seconds.
Memory: max=30870m, total=30870m, free=24814m, used=6056m

Input:                  	833183 reads 		128875714 bases.
Duplicates:             	111063 reads (13.33%) 	17283970 bases (13.41%)     	0 collisions.
Containments:           	281695 reads (33.81%) 	41553966 bases (32.24%)    	1935481 collisions.
Result:                 	440425 reads (52.86%) 	70037778 bases (54.35%)

Sorted output.             Time: 0.185 seconds.
Memory: max=30870m, total=30870m, free=24762m, used=6108m

Printed output.            Time: 3.532 seconds.
Memory: max=30870m, total=30870m, free=24516m, used=6354m

Time:                         	12.471 seconds.
Reads Processed:        833k 	66.81k reads/sec
Bases Processed:        128m 	10.33m bases/sec
