java -ea -Xmx30g -Xms30g -cp /home/gregg_thomas/bin/bbmap/current/ jgi.Dedupe -Xmx30g t=1 in=/scratch/gregg_thomas/Murinae-seq/03A-Merged/Carpomys-melanurus/hiseq4000-paired-1/SM085_CKDL190143343-1a-DY0088-AK1543_H7275BBXX_L2_.fastp.decon.merged.fastq.gz ordered=t overwrite=true minidentity=100 out=/scratch/gregg_thomas/Murinae-seq/04A-Dedup/Carpomys-melanurus/hiseq4000-paired-1/SM085_CKDL190143343-1a-DY0088-AK1543_H7275BBXX_L2_.fastp.decon.merged.dedup.fastq.gz
Executing jgi.Dedupe [-Xmx30g, t=1, in=/scratch/gregg_thomas/Murinae-seq/03A-Merged/Carpomys-melanurus/hiseq4000-paired-1/SM085_CKDL190143343-1a-DY0088-AK1543_H7275BBXX_L2_.fastp.decon.merged.fastq.gz, ordered=t, overwrite=true, minidentity=100, out=/scratch/gregg_thomas/Murinae-seq/04A-Dedup/Carpomys-melanurus/hiseq4000-paired-1/SM085_CKDL190143343-1a-DY0088-AK1543_H7275BBXX_L2_.fastp.decon.merged.dedup.fastq.gz]
Version 38.73

Set threads to 1
Initial:
Memory: max=30870m, total=30870m, free=30386m, used=484m

Found 3273765 duplicates.
Finished exact matches.    Time: 164.548 seconds.
Memory: max=28633m, total=27920m, free=19216m, used=8704m
FFound 2093581 contained sequences.
Finished containment.      Time: 174.297 seconds.
Memory: max=28633m, total=27920m, free=18787m, used=9133m

Removed 2093581 invalid entries.
Finished invalid removal.  Time: 2.702 seconds.
Memory: max=28633m, total=27920m, free=18729m, used=9191m

Input:                  	7422816 reads 		2020314697 bases.
Duplicates:             	3273765 reads (44.10%) 	907633549 bases (44.93%)     	0 collisions.
Containments:           	2093581 reads (28.20%) 	506496077 bases (25.07%)    	174432855 collisions.
Result:                 	2055470 reads (27.69%) 	606185071 bases (30.00%)

Sorted output.             Time: 2.800 seconds.
Memory: max=28633m, total=27920m, free=18671m, used=9249m

Printed output.            Time: 58.218 seconds.
Memory: max=28712m, total=28712m, free=22791m, used=5921m

Time:                         	402.594 seconds.
Reads Processed:       7422k 	18.44k reads/sec
Bases Processed:       2020m 	5.02m bases/sec
