java -ea -Xmx30g -Xms30g -cp /home/gregg_thomas/bin/bbmap/current/ jgi.Dedupe -Xmx30g t=1 in1=/scratch/gregg_thomas/Murinae-seq/03A-Merged/Chiropodomys-gliroides/nextseq-paired-1/Z25153_S29_R1_001.fastp.decon.unmerged.fastq.gz in2=/scratch/gregg_thomas/Murinae-seq/03A-Merged/Chiropodomys-gliroides/nextseq-paired-1/Z25153_S29_R2_001.fastp.decon.unmerged.fastq.gz ordered=t overwrite=true minidentity=100 out=/scratch/gregg_thomas/Murinae-seq/04A-intermediate/Chiropodomys-gliroides/nextseq-paired-1/Z25153_S29_001.fastp.decon.unmerged.fastq.gz
Executing jgi.Dedupe [-Xmx30g, t=1, in1=/scratch/gregg_thomas/Murinae-seq/03A-Merged/Chiropodomys-gliroides/nextseq-paired-1/Z25153_S29_R1_001.fastp.decon.unmerged.fastq.gz, in2=/scratch/gregg_thomas/Murinae-seq/03A-Merged/Chiropodomys-gliroides/nextseq-paired-1/Z25153_S29_R2_001.fastp.decon.unmerged.fastq.gz, ordered=t, overwrite=true, minidentity=100, out=/scratch/gregg_thomas/Murinae-seq/04A-intermediate/Chiropodomys-gliroides/nextseq-paired-1/Z25153_S29_001.fastp.decon.unmerged.fastq.gz]
Version 38.73

Set threads to 1
Initial:
Memory: max=30870m, total=30870m, free=30386m, used=484m

Set absorbContainment to false because it is not currently supported for paired reads.
Found 524290 duplicates.
Finished exact matches.    Time: 57.289 seconds.
Memory: max=30870m, total=30870m, free=25375m, used=5495m

Input:                  	7960084 reads 		596343266 bases.
Duplicates:             	524290 reads (6.59%) 	39278738 bases (6.59%)     	420166 collisions.
Result:                 	7435794 reads (93.41%) 	557064528 bases (93.41%)

Sorted output.             Time: 2.732 seconds.
Memory: max=30870m, total=30870m, free=25053m, used=5817m

Printed output.            Time: 29.398 seconds.
Memory: max=30870m, total=30870m, free=22707m, used=8163m

Time:                         	89.437 seconds.
Reads Processed:       7960k 	89.00k reads/sec
Bases Processed:        596m 	6.67m bases/sec
