java -ea -Xmx30g -Xms30g -cp /home/gregg_thomas/bin/bbmap/current/ jgi.Dedupe -Xmx30g t=1 in=/scratch/gregg_thomas/Murinae-seq/03A-Merged/Chiropodomys-gliroides/nextseq-paired-2/Z25153_S22_L002_001.fastp.decon.merged.fastq.gz ordered=t overwrite=true minidentity=100 out=/scratch/gregg_thomas/Murinae-seq/04A-Dedup/Chiropodomys-gliroides/nextseq-paired-2/Z25153_S22_L002_001.fastp.decon.merged.dedup.fastq.gz
Executing jgi.Dedupe [-Xmx30g, t=1, in=/scratch/gregg_thomas/Murinae-seq/03A-Merged/Chiropodomys-gliroides/nextseq-paired-2/Z25153_S22_L002_001.fastp.decon.merged.fastq.gz, ordered=t, overwrite=true, minidentity=100, out=/scratch/gregg_thomas/Murinae-seq/04A-Dedup/Chiropodomys-gliroides/nextseq-paired-2/Z25153_S22_L002_001.fastp.decon.merged.dedup.fastq.gz]
Version 38.73

Set threads to 1
Initial:
Memory: max=30870m, total=30870m, free=30547m, used=323m

Found 50115 duplicates.
Finished exact matches.    Time: 17.325 seconds.
Memory: max=30870m, total=30870m, free=23349m, used=7521m

Found 112902 contained sequences.
Finished containment.      Time: 3.688 seconds.
Memory: max=30870m, total=30870m, free=22911m, used=7959m

Removed 112902 invalid entries.
Finished invalid removal.  Time: 0.243 seconds.
Memory: max=30870m, total=30870m, free=22911m, used=7959m

Input:                  	414714 reads 		64029565 bases.
Duplicates:             	50115 reads (12.08%) 	7773178 bases (12.14%)     	0 collisions.
Containments:           	112902 reads (27.22%) 	16637931 bases (25.98%)    	924148 collisions.
Result:                 	251697 reads (60.69%) 	39618456 bases (61.88%)

Sorted output.             Time: 0.507 seconds.
Memory: max=30870m, total=30870m, free=22911m, used=7959m

Printed output.            Time: 3.010 seconds.
Memory: max=30870m, total=30870m, free=30634m, used=236m

Time:                         	24.791 seconds.
Reads Processed:        414k 	16.73k reads/sec
Bases Processed:      64029k 	2.58m bases/sec
