java -ea -Xmx30g -Xms30g -cp /home/gregg_thomas/bin/bbmap/current/ jgi.Dedupe -Xmx30g t=1 in1=/scratch/gregg_thomas/Murinae-seq/03A-Merged/Chrotomys-mindorensis/nextseq-paired-2/JAE520_S34_L003_R1_001.fastp.decon.unmerged.fastq.gz in2=/scratch/gregg_thomas/Murinae-seq/03A-Merged/Chrotomys-mindorensis/nextseq-paired-2/JAE520_S34_L003_R2_001.fastp.decon.unmerged.fastq.gz ordered=t overwrite=true minidentity=100 out=/scratch/gregg_thomas/Murinae-seq/04A-intermediate/Chrotomys-mindorensis/nextseq-paired-2/JAE520_S34_L003_001.fastp.decon.unmerged.fastq.gz
Executing jgi.Dedupe [-Xmx30g, t=1, in1=/scratch/gregg_thomas/Murinae-seq/03A-Merged/Chrotomys-mindorensis/nextseq-paired-2/JAE520_S34_L003_R1_001.fastp.decon.unmerged.fastq.gz, in2=/scratch/gregg_thomas/Murinae-seq/03A-Merged/Chrotomys-mindorensis/nextseq-paired-2/JAE520_S34_L003_R2_001.fastp.decon.unmerged.fastq.gz, ordered=t, overwrite=true, minidentity=100, out=/scratch/gregg_thomas/Murinae-seq/04A-intermediate/Chrotomys-mindorensis/nextseq-paired-2/JAE520_S34_L003_001.fastp.decon.unmerged.fastq.gz]
Version 38.73

Set threads to 1
Initial:
Memory: max=30870m, total=30870m, free=30386m, used=484m

Set absorbContainment to false because it is not currently supported for paired reads.
Found 302254 duplicates.
Finished exact matches.    Time: 24.595 seconds.
Memory: max=30870m, total=30870m, free=25038m, used=5832m

Input:                  	5056470 reads 		381572861 bases.
Duplicates:             	302254 reads (5.98%) 	22822512 bases (5.98%)     	155763 collisions.
Result:                 	4754216 reads (94.02%) 	358750349 bases (94.02%)

Sorted output.             Time: 1.279 seconds.
Memory: max=30870m, total=30870m, free=24877m, used=5993m

Printed output.            Time: 22.103 seconds.
Memory: max=30870m, total=30870m, free=23427m, used=7443m

Time:                         	47.992 seconds.
Reads Processed:       5056k 	105.36k reads/sec
Bases Processed:        381m 	7.95m bases/sec
