java -ea -Xmx30g -Xms30g -cp /home/gregg_thomas/bin/bbmap/current/ jgi.Dedupe -Xmx30g t=1 in1=/scratch/gregg_thomas/Murinae-seq/03A-Merged/Chrotomys-mindorensis/nextseq-paired-2/JAE520_S34_L002_R1_001.fastp.decon.unmerged.fastq.gz in2=/scratch/gregg_thomas/Murinae-seq/03A-Merged/Chrotomys-mindorensis/nextseq-paired-2/JAE520_S34_L002_R2_001.fastp.decon.unmerged.fastq.gz ordered=t overwrite=true minidentity=100 out=/scratch/gregg_thomas/Murinae-seq/04A-intermediate/Chrotomys-mindorensis/nextseq-paired-2/JAE520_S34_L002_001.fastp.decon.unmerged.fastq.gz
Executing jgi.Dedupe [-Xmx30g, t=1, in1=/scratch/gregg_thomas/Murinae-seq/03A-Merged/Chrotomys-mindorensis/nextseq-paired-2/JAE520_S34_L002_R1_001.fastp.decon.unmerged.fastq.gz, in2=/scratch/gregg_thomas/Murinae-seq/03A-Merged/Chrotomys-mindorensis/nextseq-paired-2/JAE520_S34_L002_R2_001.fastp.decon.unmerged.fastq.gz, ordered=t, overwrite=true, minidentity=100, out=/scratch/gregg_thomas/Murinae-seq/04A-intermediate/Chrotomys-mindorensis/nextseq-paired-2/JAE520_S34_L002_001.fastp.decon.unmerged.fastq.gz]
Version 38.73

Set threads to 1
Initial:
Memory: max=30870m, total=30870m, free=30386m, used=484m

Set absorbContainment to false because it is not currently supported for paired reads.
Found 277196 duplicates.
Finished exact matches.    Time: 29.655 seconds.
Memory: max=30870m, total=30870m, free=25038m, used=5832m

Input:                  	4846372 reads 		365735104 bases.
Duplicates:             	277196 reads (5.72%) 	20932034 bases (5.72%)     	145647 collisions.
Result:                 	4569176 reads (94.28%) 	344803070 bases (94.28%)

Sorted output.             Time: 1.766 seconds.
Memory: max=30870m, total=30870m, free=25038m, used=5832m

Printed output.            Time: 33.664 seconds.
Memory: max=30870m, total=30870m, free=23749m, used=7121m

Time:                         	65.107 seconds.
Reads Processed:       4846k 	74.44k reads/sec
Bases Processed:        365m 	5.62m bases/sec
