java -ea -Xmx30g -Xms30g -cp /home/gregg_thomas/bin/bbmap/current/ jgi.Dedupe -Xmx30g t=1 in=/scratch/gregg_thomas/Murinae-seq/03A-Merged/Conilurus-penicillatus/seq-run-2/53920_HTVLWBCX2_GCTCGAA_S8_L001_001.fastp.decon.merged.fastq.gz ordered=t overwrite=true minidentity=100 out=/scratch/gregg_thomas/Murinae-seq/04A-Dedup/Conilurus-penicillatus/seq-run-2/53920_HTVLWBCX2_GCTCGAA_S8_L001_001.fastp.decon.merged.dedup.fastq.gz
Executing jgi.Dedupe [-Xmx30g, t=1, in=/scratch/gregg_thomas/Murinae-seq/03A-Merged/Conilurus-penicillatus/seq-run-2/53920_HTVLWBCX2_GCTCGAA_S8_L001_001.fastp.decon.merged.fastq.gz, ordered=t, overwrite=true, minidentity=100, out=/scratch/gregg_thomas/Murinae-seq/04A-Dedup/Conilurus-penicillatus/seq-run-2/53920_HTVLWBCX2_GCTCGAA_S8_L001_001.fastp.decon.merged.dedup.fastq.gz]
Version 38.73

Set threads to 1
Initial:
Memory: max=30870m, total=30870m, free=30386m, used=484m

Found 165353 duplicates.
Finished exact matches.    Time: 19.201 seconds.
Memory: max=30870m, total=30870m, free=24054m, used=6816m

Found 400234 contained sequences.
Finished containment.      Time: 26.547 seconds.
Memory: max=30870m, total=30870m, free=23632m, used=7238m

Removed 400234 invalid entries.
Finished invalid removal.  Time: 0.661 seconds.
Memory: max=30870m, total=30870m, free=23580m, used=7290m

Input:                  	1415348 reads 		255254244 bases.
Duplicates:             	165353 reads (11.68%) 	29342568 bases (11.50%)     	0 collisions.
Containments:           	400234 reads (28.28%) 	67634188 bases (26.50%)    	15375619 collisions.
Result:                 	849761 reads (60.04%) 	158277488 bases (62.01%)

Sorted output.             Time: 0.680 seconds.
Memory: max=30870m, total=30870m, free=23580m, used=7290m

Printed output.            Time: 10.640 seconds.
Memory: max=30870m, total=30870m, free=23053m, used=7817m

Time:                         	57.752 seconds.
Reads Processed:       1415k 	24.51k reads/sec
Bases Processed:        255m 	4.42m bases/sec
