java -ea -Xmx30g -Xms30g -cp /home/gregg_thomas/bin/bbmap/current/ jgi.Dedupe -Xmx30g t=1 in=/scratch/gregg_thomas/Murinae-seq/03A-Merged/Conilurus-penicillatus/seq-run-1/53920_HTVLKBCX2_GCTCGAA_S8_L002_001.fastp.decon.merged.fastq.gz ordered=t overwrite=true minidentity=100 out=/scratch/gregg_thomas/Murinae-seq/04A-Dedup/Conilurus-penicillatus/seq-run-1/53920_HTVLKBCX2_GCTCGAA_S8_L002_001.fastp.decon.merged.dedup.fastq.gz
Executing jgi.Dedupe [-Xmx30g, t=1, in=/scratch/gregg_thomas/Murinae-seq/03A-Merged/Conilurus-penicillatus/seq-run-1/53920_HTVLKBCX2_GCTCGAA_S8_L002_001.fastp.decon.merged.fastq.gz, ordered=t, overwrite=true, minidentity=100, out=/scratch/gregg_thomas/Murinae-seq/04A-Dedup/Conilurus-penicillatus/seq-run-1/53920_HTVLKBCX2_GCTCGAA_S8_L002_001.fastp.decon.merged.dedup.fastq.gz]
Version 38.73

Set threads to 1
Initial:
Memory: max=30870m, total=30870m, free=30386m, used=484m

Found 144622 duplicates.
Finished exact matches.    Time: 39.205 seconds.
Memory: max=30870m, total=30870m, free=22720m, used=8150m

Found 367239 contained sequences.
Finished containment.      Time: 36.885 seconds.
Memory: max=30870m, total=30870m, free=29197m, used=1673m

Removed 367239 invalid entries.
Finished invalid removal.  Time: 0.503 seconds.
Memory: max=30870m, total=30870m, free=29197m, used=1673m

Input:                  	1331561 reads 		240812041 bases.
Duplicates:             	144622 reads (10.86%) 	25721395 bases (10.68%)     	0 collisions.
Containments:           	367239 reads (27.58%) 	62069039 bases (25.77%)    	14115270 collisions.
Result:                 	819700 reads (61.56%) 	153021607 bases (63.54%)

Sorted output.             Time: 0.504 seconds.
Memory: max=30870m, total=30870m, free=29197m, used=1673m

Printed output.            Time: 14.223 seconds.
Memory: max=30870m, total=30870m, free=28688m, used=2182m

Time:                         	91.361 seconds.
Reads Processed:       1331k 	14.57k reads/sec
Bases Processed:        240m 	2.64m bases/sec
