java -ea -Xmx30g -Xms30g -cp /home/gregg_thomas/bin/bbmap/current/ jgi.Dedupe -Xmx30g t=1 in1=/scratch/gregg_thomas/Murinae-seq/03A-Merged/Conilurus-penicillatus/seq-run-1/53920_HTVLKBCX2_GCTCGAA_S8_L001_R1_001.fastp.decon.unmerged.fastq.gz in2=/scratch/gregg_thomas/Murinae-seq/03A-Merged/Conilurus-penicillatus/seq-run-1/53920_HTVLKBCX2_GCTCGAA_S8_L001_R2_001.fastp.decon.unmerged.fastq.gz ordered=t overwrite=true minidentity=100 out=/scratch/gregg_thomas/Murinae-seq/04A-intermediate/Conilurus-penicillatus/seq-run-1/53920_HTVLKBCX2_GCTCGAA_S8_L001_001.fastp.decon.unmerged.fastq.gz
Executing jgi.Dedupe [-Xmx30g, t=1, in1=/scratch/gregg_thomas/Murinae-seq/03A-Merged/Conilurus-penicillatus/seq-run-1/53920_HTVLKBCX2_GCTCGAA_S8_L001_R1_001.fastp.decon.unmerged.fastq.gz, in2=/scratch/gregg_thomas/Murinae-seq/03A-Merged/Conilurus-penicillatus/seq-run-1/53920_HTVLKBCX2_GCTCGAA_S8_L001_R2_001.fastp.decon.unmerged.fastq.gz, ordered=t, overwrite=true, minidentity=100, out=/scratch/gregg_thomas/Murinae-seq/04A-intermediate/Conilurus-penicillatus/seq-run-1/53920_HTVLKBCX2_GCTCGAA_S8_L001_001.fastp.decon.unmerged.fastq.gz]
Version 38.73

Set threads to 1
Initial:
Memory: max=30870m, total=30870m, free=30547m, used=323m

Set absorbContainment to false because it is not currently supported for paired reads.
Found 103592 duplicates.
Finished exact matches.    Time: 41.812 seconds.
Memory: max=30870m, total=30870m, free=25555m, used=5315m

Input:                  	4038774 reads 		406814619 bases.
Duplicates:             	103592 reads (2.56%) 	10440443 bases (2.57%)     	88787 collisions.
Result:                 	3935182 reads (97.44%) 	396374176 bases (97.43%)

Sorted output.             Time: 3.984 seconds.
Memory: max=30870m, total=30870m, free=25555m, used=5315m

Printed output.            Time: 60.585 seconds.
Memory: max=30870m, total=30870m, free=24071m, used=6799m

Time:                         	106.418 seconds.
Reads Processed:       4038k 	37.95k reads/sec
Bases Processed:        406m 	3.82m bases/sec
