java -ea -Xmx30g -Xms30g -cp /home/gregg_thomas/bin/bbmap/current/ jgi.Dedupe -Xmx30g t=1 in1=/scratch/gregg_thomas/Murinae-seq/03A-Merged/Conilurus-albipes/seq-run-2/53930_HTVLWBCX2_TGCGTCC_S18_L001_R1_001.fastp.decon.unmerged.fastq.gz in2=/scratch/gregg_thomas/Murinae-seq/03A-Merged/Conilurus-albipes/seq-run-2/53930_HTVLWBCX2_TGCGTCC_S18_L001_R2_001.fastp.decon.unmerged.fastq.gz ordered=t overwrite=true minidentity=100 out=/scratch/gregg_thomas/Murinae-seq/04A-intermediate/Conilurus-albipes/seq-run-2/53930_HTVLWBCX2_TGCGTCC_S18_L001_001.fastp.decon.unmerged.fastq.gz
Executing jgi.Dedupe [-Xmx30g, t=1, in1=/scratch/gregg_thomas/Murinae-seq/03A-Merged/Conilurus-albipes/seq-run-2/53930_HTVLWBCX2_TGCGTCC_S18_L001_R1_001.fastp.decon.unmerged.fastq.gz, in2=/scratch/gregg_thomas/Murinae-seq/03A-Merged/Conilurus-albipes/seq-run-2/53930_HTVLWBCX2_TGCGTCC_S18_L001_R2_001.fastp.decon.unmerged.fastq.gz, ordered=t, overwrite=true, minidentity=100, out=/scratch/gregg_thomas/Murinae-seq/04A-intermediate/Conilurus-albipes/seq-run-2/53930_HTVLWBCX2_TGCGTCC_S18_L001_001.fastp.decon.unmerged.fastq.gz]
Version 38.73

Set threads to 1
Initial:
Memory: max=30870m, total=30870m, free=30386m, used=484m

Set absorbContainment to false because it is not currently supported for paired reads.
Found 311286 duplicates.
Finished exact matches.    Time: 90.825 seconds.
Memory: max=30870m, total=30870m, free=23266m, used=7604m

Input:                  	6940312 reads 		646724978 bases.
Duplicates:             	311286 reads (4.49%) 	27731741 bases (4.29%)     	611687 collisions.
Result:                 	6629026 reads (95.51%) 	618993237 bases (95.71%)

Sorted output.             Time: 7.190 seconds.
Memory: max=30870m, total=30870m, free=23105m, used=7765m

Printed output.            Time: 70.336 seconds.
Memory: max=30870m, total=30870m, free=25235m, used=5635m

Time:                         	168.375 seconds.
Reads Processed:       6940k 	41.22k reads/sec
Bases Processed:        646m 	3.84m bases/sec
