java -ea -Xmx30g -Xms30g -cp /home/gregg_thomas/bin/bbmap/current/ jgi.Dedupe -Xmx30g t=1 in=/scratch/gregg_thomas/Murinae-seq/03A-Merged/Crunomys-celebensis/nextseq-single-1/Z21894_S42_L002_R1_001.fastp.decon.fastq.gz ordered=t overwrite=true minidentity=100 out=/scratch/gregg_thomas/Murinae-seq/04A-Dedup/Crunomys-celebensis/nextseq-single-1/Z21894_S42_L002_R1_001.fastp.decon.dedup.fastq.gz
Executing jgi.Dedupe [-Xmx30g, t=1, in=/scratch/gregg_thomas/Murinae-seq/03A-Merged/Crunomys-celebensis/nextseq-single-1/Z21894_S42_L002_R1_001.fastp.decon.fastq.gz, ordered=t, overwrite=true, minidentity=100, out=/scratch/gregg_thomas/Murinae-seq/04A-Dedup/Crunomys-celebensis/nextseq-single-1/Z21894_S42_L002_R1_001.fastp.decon.dedup.fastq.gz]
Version 38.73

Set threads to 1
Initial:
Memory: max=30870m, total=30870m, free=30386m, used=484m

Found 11049 duplicates.
Finished exact matches.    Time: 14.301 seconds.
Memory: max=30870m, total=30870m, free=23214m, used=7656m

Found 1751 contained sequences.
Finished containment.      Time: 9.975 seconds.
Memory: max=30870m, total=30870m, free=30140m, used=730m

Removed 1751 invalid entries.
Finished invalid removal.  Time: 0.132 seconds.
Memory: max=30870m, total=30870m, free=30140m, used=730m

Input:                  	462270 reads 		34918665 bases.
Duplicates:             	11049 reads (2.39%) 	835081 bases (2.39%)     	0 collisions.
Containments:           	1751 reads (0.38%) 	129758 bases (0.37%)    	383938 collisions.
Result:                 	449470 reads (97.23%) 	33953826 bases (97.24%)

Sorted output.             Time: 0.656 seconds.
Memory: max=30870m, total=30870m, free=30140m, used=730m

Printed output.            Time: 4.195 seconds.
Memory: max=30870m, total=30870m, free=29813m, used=1057m

Time:                         	29.407 seconds.
Reads Processed:        462k 	15.72k reads/sec
Bases Processed:      34918k 	1.19m bases/sec
