java -ea -Xmx30g -Xms30g -cp /home/gregg_thomas/bin/bbmap/current/ jgi.Dedupe -Xmx30g t=1 in=/scratch/gregg_thomas/Murinae-seq/03A-Merged/Crunomys-celebensis/nextseq-single-2/Z21894_S42_L001_R1_001.fastp.decon.fastq.gz ordered=t overwrite=true minidentity=100 out=/scratch/gregg_thomas/Murinae-seq/04A-Dedup/Crunomys-celebensis/nextseq-single-2/Z21894_S42_L001_R1_001.fastp.decon.dedup.fastq.gz
Executing jgi.Dedupe [-Xmx30g, t=1, in=/scratch/gregg_thomas/Murinae-seq/03A-Merged/Crunomys-celebensis/nextseq-single-2/Z21894_S42_L001_R1_001.fastp.decon.fastq.gz, ordered=t, overwrite=true, minidentity=100, out=/scratch/gregg_thomas/Murinae-seq/04A-Dedup/Crunomys-celebensis/nextseq-single-2/Z21894_S42_L001_R1_001.fastp.decon.dedup.fastq.gz]
Version 38.73

Set threads to 1
Initial:
Memory: max=30870m, total=30870m, free=30386m, used=484m

Found 10253 duplicates.
Finished exact matches.    Time: 11.274 seconds.
Memory: max=30870m, total=30870m, free=24963m, used=5907m

Found 1460 contained sequences.
Finished containment.      Time: 9.139 seconds.
Memory: max=30870m, total=30870m, free=24425m, used=6445m

Removed 1460 invalid entries.
Finished invalid removal.  Time: 0.094 seconds.
Memory: max=30870m, total=30870m, free=24425m, used=6445m

Input:                  	429102 reads 		32412206 bases.
Duplicates:             	10253 reads (2.39%) 	774879 bases (2.39%)     	0 collisions.
Containments:           	1460 reads (0.34%) 	108106 bases (0.33%)    	374267 collisions.
Result:                 	417389 reads (97.27%) 	31529221 bases (97.28%)

Sorted output.             Time: 0.699 seconds.
Memory: max=30870m, total=30870m, free=24425m, used=6445m

Printed output.            Time: 1.970 seconds.
Memory: max=30870m, total=30870m, free=24317m, used=6553m

Time:                         	23.198 seconds.
Reads Processed:        429k 	18.50k reads/sec
Bases Processed:      32412k 	1.40m bases/sec
