java -ea -Xmx30g -Xms30g -cp /home/gregg_thomas/bin/bbmap/current/ jgi.Dedupe -Xmx30g t=1 in1=/scratch/gregg_thomas/Murinae-seq/03A-Merged/Crunomys-sp./hiseq4000-paired-1/REC6_CKDL190143344-1a-D704-AK1544_H7275BBXX_L3_R1_.fastp.decon.unmerged.fastq.gz in2=/scratch/gregg_thomas/Murinae-seq/03A-Merged/Crunomys-sp./hiseq4000-paired-1/REC6_CKDL190143344-1a-D704-AK1544_H7275BBXX_L3_R2_.fastp.decon.unmerged.fastq.gz ordered=t overwrite=true minidentity=100 out=/scratch/gregg_thomas/Murinae-seq/04A-intermediate/Crunomys-sp./hiseq4000-paired-1/REC6_CKDL190143344-1a-D704-AK1544_H7275BBXX_L3_.fastp.decon.unmerged.fastq.gz
Executing jgi.Dedupe [-Xmx30g, t=1, in1=/scratch/gregg_thomas/Murinae-seq/03A-Merged/Crunomys-sp./hiseq4000-paired-1/REC6_CKDL190143344-1a-D704-AK1544_H7275BBXX_L3_R1_.fastp.decon.unmerged.fastq.gz, in2=/scratch/gregg_thomas/Murinae-seq/03A-Merged/Crunomys-sp./hiseq4000-paired-1/REC6_CKDL190143344-1a-D704-AK1544_H7275BBXX_L3_R2_.fastp.decon.unmerged.fastq.gz, ordered=t, overwrite=true, minidentity=100, out=/scratch/gregg_thomas/Murinae-seq/04A-intermediate/Crunomys-sp./hiseq4000-paired-1/REC6_CKDL190143344-1a-D704-AK1544_H7275BBXX_L3_.fastp.decon.unmerged.fastq.gz]
Version 38.73

Set threads to 1
Initial:
Memory: max=30870m, total=30870m, free=30547m, used=323m

Set absorbContainment to false because it is not currently supported for paired reads.
Found 2628852 duplicates.
Finished exact matches.    Time: 168.055 seconds.
Memory: max=30870m, total=30870m, free=19269m, used=11601m

Input:                  	13662122 reads 		2040014030 bases.
Duplicates:             	2628852 reads (19.24%) 	393171817 bases (19.27%)     	1397344 collisions.
Result:                 	11033270 reads (80.76%) 	1646842213 bases (80.73%)

Sorted output.             Time: 8.339 seconds.
Memory: max=30870m, total=30870m, free=18866m, used=12004m

Printed output.            Time: 142.901 seconds.
Memory: max=30870m, total=30870m, free=17401m, used=13469m

Time:                         	319.320 seconds.
Reads Processed:      13662k 	42.79k reads/sec
Bases Processed:       2040m 	6.39m bases/sec
