java -ea -Xmx30g -Xms30g -cp /home/gregg_thomas/bin/bbmap/current/ jgi.Dedupe -Xmx30g t=1 in=/scratch/gregg_thomas/Murinae-seq/03A-Merged/Crunomys-celebensis/nextseq-single-2/Z21894_S42_L003_R1_001.fastp.decon.fastq.gz ordered=t overwrite=true minidentity=100 out=/scratch/gregg_thomas/Murinae-seq/04A-Dedup/Crunomys-celebensis/nextseq-single-2/Z21894_S42_L003_R1_001.fastp.decon.dedup.fastq.gz
Executing jgi.Dedupe [-Xmx30g, t=1, in=/scratch/gregg_thomas/Murinae-seq/03A-Merged/Crunomys-celebensis/nextseq-single-2/Z21894_S42_L003_R1_001.fastp.decon.fastq.gz, ordered=t, overwrite=true, minidentity=100, out=/scratch/gregg_thomas/Murinae-seq/04A-Dedup/Crunomys-celebensis/nextseq-single-2/Z21894_S42_L003_R1_001.fastp.decon.dedup.fastq.gz]
Version 38.73

Set threads to 1
Initial:
Memory: max=30870m, total=30870m, free=30386m, used=484m

Found 11076 duplicates.
Finished exact matches.    Time: 9.830 seconds.
Memory: max=30870m, total=30870m, free=23358m, used=7512m

Found 1594 contained sequences.
Finished containment.      Time: 3.713 seconds.
Memory: max=30870m, total=30870m, free=22858m, used=8012m

Removed 1594 invalid entries.
Finished invalid removal.  Time: 0.090 seconds.
Memory: max=30870m, total=30870m, free=22858m, used=8012m

Input:                  	443556 reads 		33502851 bases.
Duplicates:             	11076 reads (2.50%) 	836885 bases (2.50%)     	0 collisions.
Containments:           	1594 reads (0.36%) 	118091 bases (0.35%)    	393586 collisions.
Result:                 	430886 reads (97.14%) 	32547875 bases (97.15%)

Sorted output.             Time: 0.151 seconds.
Memory: max=30870m, total=30870m, free=22858m, used=8012m

Printed output.            Time: 1.734 seconds.
Memory: max=30870m, total=30870m, free=22695m, used=8175m

Time:                         	15.539 seconds.
Reads Processed:        443k 	28.54k reads/sec
Bases Processed:      33502k 	2.16m bases/sec
