java -ea -Xmx30g -Xms30g -cp /home/gregg_thomas/bin/bbmap/current/ jgi.Dedupe -Xmx30g t=1 in=/scratch/gregg_thomas/Murinae-seq/03A-Merged/Echiothrix-centrosa/nextseq-single-1/Z27993_S43_L001_R1_001.fastp.decon.fastq.gz ordered=t overwrite=true minidentity=100 out=/scratch/gregg_thomas/Murinae-seq/04A-Dedup/Echiothrix-centrosa/nextseq-single-1/Z27993_S43_L001_R1_001.fastp.decon.dedup.fastq.gz
Executing jgi.Dedupe [-Xmx30g, t=1, in=/scratch/gregg_thomas/Murinae-seq/03A-Merged/Echiothrix-centrosa/nextseq-single-1/Z27993_S43_L001_R1_001.fastp.decon.fastq.gz, ordered=t, overwrite=true, minidentity=100, out=/scratch/gregg_thomas/Murinae-seq/04A-Dedup/Echiothrix-centrosa/nextseq-single-1/Z27993_S43_L001_R1_001.fastp.decon.dedup.fastq.gz]
Version 38.73

Set threads to 1
Initial:
Memory: max=30870m, total=30870m, free=30547m, used=323m

Found 89 duplicates.
Finished exact matches.    Time: 2.328 seconds.
Memory: max=30870m, total=30870m, free=24823m, used=6047m

Found 16 contained sequences.
Finished containment.      Time: 1.113 seconds.
Memory: max=30870m, total=30870m, free=24300m, used=6570m

Removed 16 invalid entries.
Finished invalid removal.  Time: 0.024 seconds.
Memory: max=30870m, total=30870m, free=24300m, used=6570m

Input:                  	14683 reads 		1101574 bases.
Duplicates:             	89 reads (0.61%) 	6675 bases (0.61%)     	0 collisions.
Containments:           	16 reads (0.11%) 	1046 bases (0.09%)    	447 collisions.
Result:                 	14578 reads (99.28%) 	1093853 bases (99.30%)

Sorted output.             Time: 0.034 seconds.
Memory: max=30870m, total=30870m, free=24300m, used=6570m

Printed output.            Time: 0.127 seconds.
Memory: max=30870m, total=30870m, free=24245m, used=6625m

Time:                         	3.653 seconds.
Reads Processed:       14683 	4.02k reads/sec
Bases Processed:       1101k 	0.30m bases/sec
