java -ea -Xmx30g -Xms30g -cp /home/gregg_thomas/bin/bbmap/current/ jgi.Dedupe -Xmx30g t=1 in=/scratch/gregg_thomas/Murinae-seq/03A-Merged/Gracillimus-radix/nextseq-single-2/Z08508_S44_L001_R1_001.fastp.decon.fastq.gz ordered=t overwrite=true minidentity=100 out=/scratch/gregg_thomas/Murinae-seq/04A-Dedup/Gracillimus-radix/nextseq-single-2/Z08508_S44_L001_R1_001.fastp.decon.dedup.fastq.gz
Executing jgi.Dedupe [-Xmx30g, t=1, in=/scratch/gregg_thomas/Murinae-seq/03A-Merged/Gracillimus-radix/nextseq-single-2/Z08508_S44_L001_R1_001.fastp.decon.fastq.gz, ordered=t, overwrite=true, minidentity=100, out=/scratch/gregg_thomas/Murinae-seq/04A-Dedup/Gracillimus-radix/nextseq-single-2/Z08508_S44_L001_R1_001.fastp.decon.dedup.fastq.gz]
Version 38.73

Set threads to 1
Initial:
Memory: max=30870m, total=30870m, free=30386m, used=484m

Found 15641 duplicates.
Finished exact matches.    Time: 3.443 seconds.
Memory: max=30870m, total=30870m, free=24102m, used=6768m

Found 2973 contained sequences.
Finished containment.      Time: 2.903 seconds.
Memory: max=30870m, total=30870m, free=23697m, used=7173m

Removed 2973 invalid entries.
Finished invalid removal.  Time: 0.119 seconds.
Memory: max=30870m, total=30870m, free=23697m, used=7173m

Input:                  	587815 reads 		44399258 bases.
Duplicates:             	15641 reads (2.66%) 	1182144 bases (2.66%)     	0 collisions.
Containments:           	2973 reads (0.51%) 	220289 bases (0.50%)    	667972 collisions.
Result:                 	569201 reads (96.83%) 	42996825 bases (96.84%)

Sorted output.             Time: 0.206 seconds.
Memory: max=30870m, total=30870m, free=23697m, used=7173m

Printed output.            Time: 2.361 seconds.
Memory: max=30870m, total=30870m, free=23537m, used=7333m

Time:                         	9.051 seconds.
Reads Processed:        587k 	64.94k reads/sec
Bases Processed:      44399k 	4.91m bases/sec
