java -ea -Xmx30g -Xms30g -cp /home/gregg_thomas/bin/bbmap/current/ jgi.Dedupe -Xmx30g t=1 in=/scratch/gregg_thomas/Murinae-seq/03A-Merged/Gracillimus-radix/nextseq-single-1/Z08508_S44_L001_R1_001.fastp.decon.fastq.gz ordered=t overwrite=true minidentity=100 out=/scratch/gregg_thomas/Murinae-seq/04A-Dedup/Gracillimus-radix/nextseq-single-1/Z08508_S44_L001_R1_001.fastp.decon.dedup.fastq.gz
Executing jgi.Dedupe [-Xmx30g, t=1, in=/scratch/gregg_thomas/Murinae-seq/03A-Merged/Gracillimus-radix/nextseq-single-1/Z08508_S44_L001_R1_001.fastp.decon.fastq.gz, ordered=t, overwrite=true, minidentity=100, out=/scratch/gregg_thomas/Murinae-seq/04A-Dedup/Gracillimus-radix/nextseq-single-1/Z08508_S44_L001_R1_001.fastp.decon.dedup.fastq.gz]
Version 38.73

Set threads to 1
Initial:
Memory: max=30870m, total=30870m, free=30386m, used=484m

Found 17799 duplicates.
Finished exact matches.    Time: 3.567 seconds.
Memory: max=30870m, total=30870m, free=23031m, used=7839m

Found 3503 contained sequences.
Finished containment.      Time: 3.776 seconds.
Memory: max=30870m, total=30870m, free=29970m, used=900m

Removed 3503 invalid entries.
Finished invalid removal.  Time: 0.111 seconds.
Memory: max=30870m, total=30870m, free=29970m, used=900m

Input:                  	644463 reads 		48680499 bases.
Duplicates:             	17799 reads (2.76%) 	1345246 bases (2.76%)     	0 collisions.
Containments:           	3503 reads (0.54%) 	259508 bases (0.53%)    	684319 collisions.
Result:                 	623161 reads (96.69%) 	47075745 bases (96.70%)

Sorted output.             Time: 0.292 seconds.
Memory: max=30870m, total=30870m, free=29970m, used=900m

Printed output.            Time: 6.741 seconds.
Memory: max=30870m, total=30870m, free=29755m, used=1115m

Time:                         	14.552 seconds.
Reads Processed:        644k 	44.29k reads/sec
Bases Processed:      48680k 	3.35m bases/sec
