java -ea -Xmx30g -Xms30g -cp /home/gregg_thomas/bin/bbmap/current/ jgi.Dedupe -Xmx30g t=1 in=/scratch/gregg_thomas/Murinae-seq/03A-Merged/Gracillimus-radix/miseq-paired/Z08508_S20_L001_001.fastp.decon.merged.fastq.gz ordered=t overwrite=true minidentity=100 out=/scratch/gregg_thomas/Murinae-seq/04A-Dedup/Gracillimus-radix/miseq-paired/Z08508_S20_L001_001.fastp.decon.merged.dedup.fastq.gz
Executing jgi.Dedupe [-Xmx30g, t=1, in=/scratch/gregg_thomas/Murinae-seq/03A-Merged/Gracillimus-radix/miseq-paired/Z08508_S20_L001_001.fastp.decon.merged.fastq.gz, ordered=t, overwrite=true, minidentity=100, out=/scratch/gregg_thomas/Murinae-seq/04A-Dedup/Gracillimus-radix/miseq-paired/Z08508_S20_L001_001.fastp.decon.merged.dedup.fastq.gz]
Version 38.73

Set threads to 1
Initial:
Memory: max=30870m, total=30870m, free=30386m, used=484m

Found 2131 duplicates.
Finished exact matches.    Time: 5.171 seconds.
Memory: max=30870m, total=30870m, free=23622m, used=7248m

Found 16407 contained sequences.
Finished containment.      Time: 1.251 seconds.
Memory: max=30870m, total=30870m, free=23165m, used=7705m

Removed 16407 invalid entries.
Finished invalid removal.  Time: 0.073 seconds.
Memory: max=30870m, total=30870m, free=23165m, used=7705m

Input:                  	86776 reads 		13074469 bases.
Duplicates:             	2131 reads (2.46%) 	323766 bases (2.48%)     	0 collisions.
Containments:           	16407 reads (18.91%) 	2433736 bases (18.61%)    	109817 collisions.
Result:                 	68238 reads (78.64%) 	10316967 bases (78.91%)

Sorted output.             Time: 0.060 seconds.
Memory: max=30870m, total=30870m, free=23165m, used=7705m

Printed output.            Time: 0.505 seconds.
Memory: max=30870m, total=30870m, free=23162m, used=7708m

Time:                         	7.096 seconds.
Reads Processed:       86776 	12.23k reads/sec
Bases Processed:      13074k 	1.84m bases/sec

