java -ea -Xmx30g -Xms30g -cp /home/gregg_thomas/bin/bbmap/current/ jgi.Dedupe -Xmx30g t=1 in=/scratch/gregg_thomas/Murinae-seq/03A-Merged/Grammomys-sp/nextseq-single-2/TCD4560_S39_L004_R1_001.fastp.decon.fastq.gz ordered=t overwrite=true minidentity=100 out=/scratch/gregg_thomas/Murinae-seq/04A-Dedup/Grammomys-sp/nextseq-single-2/TCD4560_S39_L004_R1_001.fastp.decon.dedup.fastq.gz
Executing jgi.Dedupe [-Xmx30g, t=1, in=/scratch/gregg_thomas/Murinae-seq/03A-Merged/Grammomys-sp/nextseq-single-2/TCD4560_S39_L004_R1_001.fastp.decon.fastq.gz, ordered=t, overwrite=true, minidentity=100, out=/scratch/gregg_thomas/Murinae-seq/04A-Dedup/Grammomys-sp/nextseq-single-2/TCD4560_S39_L004_R1_001.fastp.decon.dedup.fastq.gz]
Version 38.73

Set threads to 1
Initial:
Memory: max=30870m, total=30870m, free=30386m, used=484m

Found 18666 duplicates.
Finished exact matches.    Time: 18.109 seconds.
Memory: max=30870m, total=30870m, free=25068m, used=5802m

Found 3151 contained sequences.
Finished containment.      Time: 5.732 seconds.
Memory: max=30870m, total=30870m, free=24445m, used=6425m

Removed 3151 invalid entries.
Finished invalid removal.  Time: 0.134 seconds.
Memory: max=30870m, total=30870m, free=24445m, used=6425m

Input:                  	601973 reads 		45471026 bases.
Duplicates:             	18666 reads (3.10%) 	1410795 bases (3.10%)     	0 collisions.
Containments:           	3151 reads (0.52%) 	233488 bases (0.51%)    	598103 collisions.
Result:                 	580156 reads (96.38%) 	43826743 bases (96.38%)

Sorted output.             Time: 0.255 seconds.
Memory: max=30870m, total=30870m, free=24445m, used=6425m

Printed output.            Time: 6.371 seconds.
Memory: max=30870m, total=30870m, free=24284m, used=6586m

Time:                         	30.672 seconds.
Reads Processed:        601k 	19.63k reads/sec
Bases Processed:      45471k 	1.48m bases/sec
