java -ea -Xmx30g -Xms30g -cp /home/gregg_thomas/bin/bbmap/current/ jgi.Dedupe -Xmx30g t=1 in1=/scratch/gregg_thomas/Murinae-seq/03A-Merged/Grammomys-dryas/hiseq4000-paired-1/REC8_CKDL190143343-1a-D706-AK1544_H7275BBXX_L2_R1_.fastp.decon.unmerged.fastq.gz in2=/scratch/gregg_thomas/Murinae-seq/03A-Merged/Grammomys-dryas/hiseq4000-paired-1/REC8_CKDL190143343-1a-D706-AK1544_H7275BBXX_L2_R2_.fastp.decon.unmerged.fastq.gz ordered=t overwrite=true minidentity=100 out=/scratch/gregg_thomas/Murinae-seq/04A-intermediate/Grammomys-dryas/hiseq4000-paired-1/REC8_CKDL190143343-1a-D706-AK1544_H7275BBXX_L2_.fastp.decon.unmerged.fastq.gz
Executing jgi.Dedupe [-Xmx30g, t=1, in1=/scratch/gregg_thomas/Murinae-seq/03A-Merged/Grammomys-dryas/hiseq4000-paired-1/REC8_CKDL190143343-1a-D706-AK1544_H7275BBXX_L2_R1_.fastp.decon.unmerged.fastq.gz, in2=/scratch/gregg_thomas/Murinae-seq/03A-Merged/Grammomys-dryas/hiseq4000-paired-1/REC8_CKDL190143343-1a-D706-AK1544_H7275BBXX_L2_R2_.fastp.decon.unmerged.fastq.gz, ordered=t, overwrite=true, minidentity=100, out=/scratch/gregg_thomas/Murinae-seq/04A-intermediate/Grammomys-dryas/hiseq4000-paired-1/REC8_CKDL190143343-1a-D706-AK1544_H7275BBXX_L2_.fastp.decon.unmerged.fastq.gz]
Version 38.73

Set threads to 1
Initial:
Memory: max=30870m, total=30870m, free=30386m, used=484m

Set absorbContainment to false because it is not currently supported for paired reads.
Found 3239200 duplicates.
Finished exact matches.    Time: 304.970 seconds.
Memory: max=30870m, total=30870m, free=20261m, used=10609m

Input:                  	15532864 reads 		2323341331 bases.
Duplicates:             	3239200 reads (20.85%) 	484819390 bases (20.87%)     	1554540 collisions.
Result:                 	12293664 reads (79.15%) 	1838521941 bases (79.13%)

Sorted output.             Time: 11.941 seconds.
Memory: max=30870m, total=30870m, free=19858m, used=11012m
PPrinted output.            Time: 116.859 seconds.
Memory: max=30870m, total=30870m, free=14125m, used=16745m

Time:                         	433.794 seconds.
Reads Processed:      15532k 	35.81k reads/sec
Bases Processed:       2323m 	5.36m bases/sec
