java -ea -Xmx30g -Xms30g -cp /home/gregg_thomas/bin/bbmap/current/ jgi.Dedupe -Xmx30g t=1 in1=/scratch/gregg_thomas/Murinae-seq/03A-Merged/Haeromys-minahassae/nextseq-paired-2/JAE4996_S31_L001_R1_001.fastp.decon.unmerged.fastq.gz in2=/scratch/gregg_thomas/Murinae-seq/03A-Merged/Haeromys-minahassae/nextseq-paired-2/JAE4996_S31_L001_R2_001.fastp.decon.unmerged.fastq.gz ordered=t overwrite=true minidentity=100 out=/scratch/gregg_thomas/Murinae-seq/04A-intermediate/Haeromys-minahassae/nextseq-paired-2/JAE4996_S31_L001_001.fastp.decon.unmerged.fastq.gz
Executing jgi.Dedupe [-Xmx30g, t=1, in1=/scratch/gregg_thomas/Murinae-seq/03A-Merged/Haeromys-minahassae/nextseq-paired-2/JAE4996_S31_L001_R1_001.fastp.decon.unmerged.fastq.gz, in2=/scratch/gregg_thomas/Murinae-seq/03A-Merged/Haeromys-minahassae/nextseq-paired-2/JAE4996_S31_L001_R2_001.fastp.decon.unmerged.fastq.gz, ordered=t, overwrite=true, minidentity=100, out=/scratch/gregg_thomas/Murinae-seq/04A-intermediate/Haeromys-minahassae/nextseq-paired-2/JAE4996_S31_L001_001.fastp.decon.unmerged.fastq.gz]
Version 38.73

Set threads to 1
Initial:
Memory: max=30870m, total=30870m, free=30386m, used=484m

Set absorbContainment to false because it is not currently supported for paired reads.
Found 175216 duplicates.
Finished exact matches.    Time: 29.907 seconds.
Memory: max=30870m, total=30870m, free=26004m, used=4866m

Input:                  	3898300 reads 		294242642 bases.
Duplicates:             	175216 reads (4.49%) 	13232586 bases (4.50%)     	111860 collisions.
Result:                 	3723084 reads (95.51%) 	281010056 bases (95.50%)

Sorted output.             Time: 4.846 seconds.
Memory: max=30870m, total=30870m, free=26004m, used=4866m

Printed output.            Time: 19.786 seconds.
Memory: max=30870m, total=30870m, free=24843m, used=6027m

Time:                         	54.556 seconds.
Reads Processed:       3898k 	71.46k reads/sec
Bases Processed:        294m 	5.39m bases/sec
