java -ea -Xmx30g -Xms30g -cp /home/gregg_thomas/bin/bbmap/current/ jgi.Dedupe -Xmx30g t=1 in=/scratch/gregg_thomas/Murinae-seq/03A-Merged/Halmaheramys-bokimekot/hiseq4000-paired-2/REC22_CKDL190143345-1a-D710-AK1545_H7275BBXX_L4_.fastp.decon.merged.fastq.gz ordered=t overwrite=true minidentity=100 out=/scratch/gregg_thomas/Murinae-seq/04A-Dedup/Halmaheramys-bokimekot/hiseq4000-paired-2/REC22_CKDL190143345-1a-D710-AK1545_H7275BBXX_L4_.fastp.decon.merged.dedup.fastq.gz
Executing jgi.Dedupe [-Xmx30g, t=1, in=/scratch/gregg_thomas/Murinae-seq/03A-Merged/Halmaheramys-bokimekot/hiseq4000-paired-2/REC22_CKDL190143345-1a-D710-AK1545_H7275BBXX_L4_.fastp.decon.merged.fastq.gz, ordered=t, overwrite=true, minidentity=100, out=/scratch/gregg_thomas/Murinae-seq/04A-Dedup/Halmaheramys-bokimekot/hiseq4000-paired-2/REC22_CKDL190143345-1a-D710-AK1545_H7275BBXX_L4_.fastp.decon.merged.dedup.fastq.gz]
Version 38.73

Set threads to 1
Initial:
Memory: max=30870m, total=30870m, free=30386m, used=484m

Found 5509246 duplicates.
Finished exact matches.    Time: 212.324 seconds.
Memory: max=28633m, total=28633m, free=17722m, used=10911m

Found 5011500 contained sequences.
Finished containment.      Time: 295.215 seconds.
Memory: max=28633m, total=28633m, free=17213m, used=11420m

Removed 5011500 invalid entries.
Finished invalid removal.  Time: 8.279 seconds.
Memory: max=28633m, total=28633m, free=17106m, used=11527m

Input:                  	13732510 reads 		3133853434 bases.
Duplicates:             	5509246 reads (40.12%) 	1256475769 bases (40.09%)     	0 collisions.
Containments:           	5011500 reads (36.49%) 	1034997680 bases (33.03%)    	1446864825 collisions.
Result:                 	3211764 reads (23.39%) 	842379985 bases (26.88%)

Sorted output.             Time: 2.783 seconds.
Memory: max=28633m, total=28633m, free=17070m, used=11563m
PPrinted output.            Time: 60.668 seconds.
Memory: max=28633m, total=28633m, free=17694m, used=10939m

Time:                         	579.295 seconds.
Reads Processed:      13732k 	23.71k reads/sec
Bases Processed:       3133m 	5.41m bases/sec
