java -ea -Xmx30g -Xms30g -cp /home/gregg_thomas/bin/bbmap/current/ jgi.Dedupe -Xmx30g t=1 in1=/scratch/gregg_thomas/Murinae-seq/03A-Merged/Hybomys-univittatus/nextseq-paired-2/TCD4026_S2_L004_R1_001.fastp.decon.unmerged.fastq.gz in2=/scratch/gregg_thomas/Murinae-seq/03A-Merged/Hybomys-univittatus/nextseq-paired-2/TCD4026_S2_L004_R2_001.fastp.decon.unmerged.fastq.gz ordered=t overwrite=true minidentity=100 out=/scratch/gregg_thomas/Murinae-seq/04A-intermediate/Hybomys-univittatus/nextseq-paired-2/TCD4026_S2_L004_001.fastp.decon.unmerged.fastq.gz
Executing jgi.Dedupe [-Xmx30g, t=1, in1=/scratch/gregg_thomas/Murinae-seq/03A-Merged/Hybomys-univittatus/nextseq-paired-2/TCD4026_S2_L004_R1_001.fastp.decon.unmerged.fastq.gz, in2=/scratch/gregg_thomas/Murinae-seq/03A-Merged/Hybomys-univittatus/nextseq-paired-2/TCD4026_S2_L004_R2_001.fastp.decon.unmerged.fastq.gz, ordered=t, overwrite=true, minidentity=100, out=/scratch/gregg_thomas/Murinae-seq/04A-intermediate/Hybomys-univittatus/nextseq-paired-2/TCD4026_S2_L004_001.fastp.decon.unmerged.fastq.gz]
Version 38.73

Set threads to 1
Initial:
Memory: max=30870m, total=30870m, free=30386m, used=484m

Set absorbContainment to false because it is not currently supported for paired reads.
Found 406604 duplicates.
Finished exact matches.    Time: 48.589 seconds.
Memory: max=30870m, total=30870m, free=26038m, used=4832m

Input:                  	3982472 reads 		300574117 bases.
Duplicates:             	406604 reads (10.21%) 	30712317 bases (10.22%)     	134805 collisions.
Result:                 	3575868 reads (89.79%) 	269861800 bases (89.78%)

Sorted output.             Time: 5.508 seconds.
Memory: max=30870m, total=30870m, free=26038m, used=4832m

Printed output.            Time: 34.138 seconds.
Memory: max=30870m, total=30870m, free=24877m, used=5993m

Time:                         	88.259 seconds.
Reads Processed:       3982k 	45.12k reads/sec
Bases Processed:        300m 	3.41m bases/sec
