java -ea -Xmx30g -Xms30g -cp /home/gregg_thomas/bin/bbmap/current/ jgi.Dedupe -Xmx30g t=1 in=/scratch/gregg_thomas/Murinae-seq/03A-Merged/Hybomys-univittatus/nextseq-single-2/TCD4026_S33_L003_R1_001.fastp.decon.fastq.gz ordered=t overwrite=true minidentity=100 out=/scratch/gregg_thomas/Murinae-seq/04A-Dedup/Hybomys-univittatus/nextseq-single-2/TCD4026_S33_L003_R1_001.fastp.decon.dedup.fastq.gz
Executing jgi.Dedupe [-Xmx30g, t=1, in=/scratch/gregg_thomas/Murinae-seq/03A-Merged/Hybomys-univittatus/nextseq-single-2/TCD4026_S33_L003_R1_001.fastp.decon.fastq.gz, ordered=t, overwrite=true, minidentity=100, out=/scratch/gregg_thomas/Murinae-seq/04A-Dedup/Hybomys-univittatus/nextseq-single-2/TCD4026_S33_L003_R1_001.fastp.decon.dedup.fastq.gz]
Version 38.73

Set threads to 1
Initial:
Memory: max=30870m, total=30870m, free=30386m, used=484m

Found 18829 duplicates.
Finished exact matches.    Time: 4.453 seconds.
Memory: max=30870m, total=30870m, free=23494m, used=7376m

Found 1651 contained sequences.
Finished containment.      Time: 7.404 seconds.
Memory: max=30870m, total=30870m, free=22797m, used=8073m

Removed 1651 invalid entries.
Finished invalid removal.  Time: 0.085 seconds.
Memory: max=30870m, total=30870m, free=22797m, used=8073m

Input:                  	408332 reads 		30841662 bases.
Duplicates:             	18829 reads (4.61%) 	1423034 bases (4.61%)     	0 collisions.
Containments:           	1651 reads (0.40%) 	121312 bases (0.39%)    	266370 collisions.
Result:                 	387852 reads (94.98%) 	29297316 bases (94.99%)

Sorted output.             Time: 0.557 seconds.
Memory: max=30870m, total=30870m, free=22797m, used=8073m

Printed output.            Time: 3.269 seconds.
Memory: max=30870m, total=30870m, free=30442m, used=428m

Time:                         	15.802 seconds.
Reads Processed:        408k 	25.84k reads/sec
Bases Processed:      30841k 	1.95m bases/sec
