java -ea -Xmx30g -Xms30g -cp /home/gregg_thomas/bin/bbmap/current/ jgi.Dedupe -Xmx30g t=1 in=/scratch/gregg_thomas/Murinae-seq/03A-Merged/Hydromys-chrysogaster/nextseq-single-2/Z5248_S59_L004_R1_001.fastp.decon.fastq.gz ordered=t overwrite=true minidentity=100 out=/scratch/gregg_thomas/Murinae-seq/04A-Dedup/Hydromys-chrysogaster/nextseq-single-2/Z5248_S59_L004_R1_001.fastp.decon.dedup.fastq.gz
Executing jgi.Dedupe [-Xmx30g, t=1, in=/scratch/gregg_thomas/Murinae-seq/03A-Merged/Hydromys-chrysogaster/nextseq-single-2/Z5248_S59_L004_R1_001.fastp.decon.fastq.gz, ordered=t, overwrite=true, minidentity=100, out=/scratch/gregg_thomas/Murinae-seq/04A-Dedup/Hydromys-chrysogaster/nextseq-single-2/Z5248_S59_L004_R1_001.fastp.decon.dedup.fastq.gz]
Version 38.73

Set threads to 1
Initial:
Memory: max=30870m, total=30870m, free=30386m, used=484m

Found 108990 duplicates.
Finished exact matches.    Time: 7.484 seconds.
Memory: max=30870m, total=30870m, free=25366m, used=5504m

Found 2328 contained sequences.
Finished containment.      Time: 3.873 seconds.
Memory: max=30870m, total=30870m, free=24865m, used=6005m

Removed 2328 invalid entries.
Finished invalid removal.  Time: 0.100 seconds.
Memory: max=30870m, total=30870m, free=24865m, used=6005m

Input:                  	620543 reads 		46859559 bases.
Duplicates:             	108990 reads (17.56%) 	8236532 bases (17.58%)     	0 collisions.
Containments:           	2328 reads (0.38%) 	172420 bases (0.37%)    	1251397 collisions.
Result:                 	509225 reads (82.06%) 	38450607 bases (82.05%)

Sorted output.             Time: 0.184 seconds.
Memory: max=30870m, total=30870m, free=24865m, used=6005m

Printed output.            Time: 1.992 seconds.
Memory: max=30870m, total=30870m, free=24672m, used=6198m

Time:                         	13.650 seconds.
Reads Processed:        620k 	45.46k reads/sec
Bases Processed:      46859k 	3.43m bases/sec
