java -ea -Xmx30g -Xms30g -cp /home/gregg_thomas/bin/bbmap/current/ jgi.Dedupe -Xmx30g t=1 in=/scratch/gregg_thomas/Murinae-seq/03A-Merged/Hydromys-chrysogaster/nextseq-paired-1/Z5248_S33_001.fastp.decon.merged.fastq.gz ordered=t overwrite=true minidentity=100 out=/scratch/gregg_thomas/Murinae-seq/04A-Dedup/Hydromys-chrysogaster/nextseq-paired-1/Z5248_S33_001.fastp.decon.merged.dedup.fastq.gz
Executing jgi.Dedupe [-Xmx30g, t=1, in=/scratch/gregg_thomas/Murinae-seq/03A-Merged/Hydromys-chrysogaster/nextseq-paired-1/Z5248_S33_001.fastp.decon.merged.fastq.gz, ordered=t, overwrite=true, minidentity=100, out=/scratch/gregg_thomas/Murinae-seq/04A-Dedup/Hydromys-chrysogaster/nextseq-paired-1/Z5248_S33_001.fastp.decon.merged.dedup.fastq.gz]
Version 38.73

Set threads to 1
Initial:
Memory: max=30870m, total=30870m, free=30547m, used=323m

Found 5575974 duplicates.
Finished exact matches.    Time: 51.144 seconds.
Memory: max=29716m, total=29716m, free=23483m, used=6233m

Found 453472 contained sequences.
Finished containment.      Time: 24.250 seconds.
Memory: max=29716m, total=29716m, free=23110m, used=6606m

Removed 453472 invalid entries.
Finished invalid removal.  Time: 0.656 seconds.
Memory: max=29716m, total=29716m, free=23110m, used=6606m

Input:                  	7944276 reads 		1092368405 bases.
Duplicates:             	5575974 reads (70.19%) 	774783473 bases (70.93%)     	0 collisions.
Containments:           	453472 reads (5.71%) 	58169875 bases (5.33%)    	11132859 collisions.
Result:                 	1914830 reads (24.10%) 	259415057 bases (23.75%)

Sorted output.             Time: 1.133 seconds.
Memory: max=29716m, total=29716m, free=23034m, used=6682m

Printed output.            Time: 12.861 seconds.
Memory: max=29716m, total=29716m, free=22263m, used=7453m

Time:                         	90.064 seconds.
Reads Processed:       7944k 	88.21k reads/sec
Bases Processed:       1092m 	12.13m bases/sec
