java -ea -Xmx30g -Xms30g -cp /home/gregg_thomas/bin/bbmap/current/ jgi.Dedupe -Xmx30g t=1 in=/scratch/gregg_thomas/Murinae-seq/03A-Merged/Hydromys-chrysogaster/nextseq-single-2/Z5248_S59_L002_R1_001.fastp.decon.fastq.gz ordered=t overwrite=true minidentity=100 out=/scratch/gregg_thomas/Murinae-seq/04A-Dedup/Hydromys-chrysogaster/nextseq-single-2/Z5248_S59_L002_R1_001.fastp.decon.dedup.fastq.gz
Executing jgi.Dedupe [-Xmx30g, t=1, in=/scratch/gregg_thomas/Murinae-seq/03A-Merged/Hydromys-chrysogaster/nextseq-single-2/Z5248_S59_L002_R1_001.fastp.decon.fastq.gz, ordered=t, overwrite=true, minidentity=100, out=/scratch/gregg_thomas/Murinae-seq/04A-Dedup/Hydromys-chrysogaster/nextseq-single-2/Z5248_S59_L002_R1_001.fastp.decon.dedup.fastq.gz]
Version 38.73

Set threads to 1
Initial:
Memory: max=30870m, total=30870m, free=30386m, used=484m

Found 99938 duplicates.
Finished exact matches.    Time: 23.384 seconds.
Memory: max=30870m, total=30870m, free=24110m, used=6760m

Found 2103 contained sequences.
Finished containment.      Time: 8.060 seconds.
Memory: max=30870m, total=30870m, free=23773m, used=7097m

Removed 2103 invalid entries.
Finished invalid removal.  Time: 0.124 seconds.
Memory: max=30870m, total=30870m, free=23773m, used=7097m

Input:                  	591605 reads 		44676150 bases.
Duplicates:             	99938 reads (16.89%) 	7553125 bases (16.91%)     	0 collisions.
Containments:           	2103 reads (0.36%) 	155854 bases (0.35%)    	1169456 collisions.
Result:                 	489564 reads (82.75%) 	36967171 bases (82.74%)

Sorted output.             Time: 0.219 seconds.
Memory: max=30870m, total=30870m, free=23773m, used=7097m

Printed output.            Time: 1.989 seconds.
Memory: max=30870m, total=30870m, free=23481m, used=7389m

Time:                         	33.893 seconds.
Reads Processed:        591k 	17.46k reads/sec
Bases Processed:      44676k 	1.32m bases/sec
