java -ea -Xmx30g -Xms30g -cp /home/gregg_thomas/bin/bbmap/current/ jgi.Dedupe -Xmx30g t=1 in=/scratch/gregg_thomas/Murinae-seq/03A-Merged/Hylomyscus-vulcanorum/nextseq-single-1/TCD4382_S37_L001_R1_001.fastp.decon.fastq.gz ordered=t overwrite=true minidentity=100 out=/scratch/gregg_thomas/Murinae-seq/04A-Dedup/Hylomyscus-vulcanorum/nextseq-single-1/TCD4382_S37_L001_R1_001.fastp.decon.dedup.fastq.gz
Executing jgi.Dedupe [-Xmx30g, t=1, in=/scratch/gregg_thomas/Murinae-seq/03A-Merged/Hylomyscus-vulcanorum/nextseq-single-1/TCD4382_S37_L001_R1_001.fastp.decon.fastq.gz, ordered=t, overwrite=true, minidentity=100, out=/scratch/gregg_thomas/Murinae-seq/04A-Dedup/Hylomyscus-vulcanorum/nextseq-single-1/TCD4382_S37_L001_R1_001.fastp.decon.dedup.fastq.gz]
Version 38.73

Set threads to 1
Initial:
Memory: max=30870m, total=30870m, free=30386m, used=484m

Found 18169 duplicates.
Finished exact matches.    Time: 11.618 seconds.
Memory: max=30870m, total=30870m, free=24774m, used=6096m

Found 3161 contained sequences.
Finished containment.      Time: 3.774 seconds.
Memory: max=30870m, total=30870m, free=24232m, used=6638m

Removed 3161 invalid entries.
Finished invalid removal.  Time: 0.104 seconds.
Memory: max=30870m, total=30870m, free=24232m, used=6638m

Input:                  	642392 reads 		48525277 bases.
Duplicates:             	18169 reads (2.83%) 	1373311 bases (2.83%)     	0 collisions.
Containments:           	3161 reads (0.49%) 	234128 bases (0.48%)    	762631 collisions.
Result:                 	621062 reads (96.68%) 	46917838 bases (96.69%)

Sorted output.             Time: 0.724 seconds.
Memory: max=30870m, total=30870m, free=24232m, used=6638m

Printed output.            Time: 7.491 seconds.
Memory: max=30870m, total=30870m, free=23887m, used=6983m

Time:                         	23.819 seconds.
Reads Processed:        642k 	26.97k reads/sec
Bases Processed:      48525k 	2.04m bases/sec
