java -ea -Xmx30g -Xms30g -cp /home/gregg_thomas/bin/bbmap/current/ jgi.Dedupe -Xmx30g t=1 in=/scratch/gregg_thomas/Murinae-seq/03A-Merged/Hylomyscus-vulcanorum/nextseq-single-1/TCD4382_S37_L004_R1_001.fastp.decon.fastq.gz ordered=t overwrite=true minidentity=100 out=/scratch/gregg_thomas/Murinae-seq/04A-Dedup/Hylomyscus-vulcanorum/nextseq-single-1/TCD4382_S37_L004_R1_001.fastp.decon.dedup.fastq.gz
Executing jgi.Dedupe [-Xmx30g, t=1, in=/scratch/gregg_thomas/Murinae-seq/03A-Merged/Hylomyscus-vulcanorum/nextseq-single-1/TCD4382_S37_L004_R1_001.fastp.decon.fastq.gz, ordered=t, overwrite=true, minidentity=100, out=/scratch/gregg_thomas/Murinae-seq/04A-Dedup/Hylomyscus-vulcanorum/nextseq-single-1/TCD4382_S37_L004_R1_001.fastp.decon.dedup.fastq.gz]
Version 38.73

Set threads to 1
Initial:
Memory: max=30870m, total=30870m, free=30386m, used=484m

Found 19498 duplicates.
Finished exact matches.    Time: 4.336 seconds.
Memory: max=30870m, total=30870m, free=24614m, used=6256m

Found 3265 contained sequences.
Finished containment.      Time: 2.846 seconds.
Memory: max=30870m, total=30870m, free=24267m, used=6603m

Removed 3265 invalid entries.
Finished invalid removal.  Time: 0.131 seconds.
Memory: max=30870m, total=30870m, free=24267m, used=6603m

Input:                  	657168 reads 		49641648 bases.
Duplicates:             	19498 reads (2.97%) 	1473705 bases (2.97%)     	0 collisions.
Containments:           	3265 reads (0.50%) 	242052 bases (0.49%)    	791479 collisions.
Result:                 	634405 reads (96.54%) 	47925891 bases (96.54%)

Sorted output.             Time: 0.870 seconds.
Memory: max=30870m, total=30870m, free=24214m, used=6656m

Printed output.            Time: 3.079 seconds.
Memory: max=30870m, total=30870m, free=24003m, used=6867m

Time:                         	11.280 seconds.
Reads Processed:        657k 	58.26k reads/sec
Bases Processed:      49641k 	4.40m bases/sec
