java -ea -Xmx30g -Xms30g -cp /home/gregg_thomas/bin/bbmap/current/ jgi.Dedupe -Xmx30g t=1 in=/scratch/gregg_thomas/Murinae-seq/03A-Merged/Hyorhinomys-stuempkei/nextseq-single-1/JAE4661_S32_L003_R1_001.fastp.decon.fastq.gz ordered=t overwrite=true minidentity=100 out=/scratch/gregg_thomas/Murinae-seq/04A-Dedup/Hyorhinomys-stuempkei/nextseq-single-1/JAE4661_S32_L003_R1_001.fastp.decon.dedup.fastq.gz
Executing jgi.Dedupe [-Xmx30g, t=1, in=/scratch/gregg_thomas/Murinae-seq/03A-Merged/Hyorhinomys-stuempkei/nextseq-single-1/JAE4661_S32_L003_R1_001.fastp.decon.fastq.gz, ordered=t, overwrite=true, minidentity=100, out=/scratch/gregg_thomas/Murinae-seq/04A-Dedup/Hyorhinomys-stuempkei/nextseq-single-1/JAE4661_S32_L003_R1_001.fastp.decon.dedup.fastq.gz]
Version 38.73

Set threads to 1
Initial:
Memory: max=30870m, total=30870m, free=30386m, used=484m

Found 10947 duplicates.
Finished exact matches.    Time: 21.813 seconds.
Memory: max=30870m, total=30870m, free=23200m, used=7670m

Found 1296 contained sequences.
Finished containment.      Time: 7.642 seconds.
Memory: max=30870m, total=30870m, free=22741m, used=8129m

Removed 1296 invalid entries.
Finished invalid removal.  Time: 0.362 seconds.
Memory: max=30870m, total=30870m, free=22741m, used=8129m

Input:                  	416196 reads 		31436494 bases.
Duplicates:             	10947 reads (2.63%) 	827295 bases (2.63%)     	0 collisions.
Containments:           	1296 reads (0.31%) 	96107 bases (0.31%)    	288547 collisions.
Result:                 	403953 reads (97.06%) 	30513092 bases (97.06%)

Sorted output.             Time: 0.664 seconds.
Memory: max=30870m, total=30870m, free=22741m, used=8129m

Printed output.            Time: 3.892 seconds.
Memory: max=30870m, total=30870m, free=30586m, used=284m

Time:                         	34.390 seconds.
Reads Processed:        416k 	12.10k reads/sec
Bases Processed:      31436k 	0.91m bases/sec
