java -ea -Xmx30g -Xms30g -cp /home/gregg_thomas/bin/bbmap/current/ jgi.Dedupe -Xmx30g t=1 in1=/scratch/gregg_thomas/Murinae-seq/03A-Merged/Leggadina-forresti/seq-run-1/52918_AH7T2JBCX2_CTGCGAC_S1_L001_R1_001.fastp.decon.unmerged.fastq.gz in2=/scratch/gregg_thomas/Murinae-seq/03A-Merged/Leggadina-forresti/seq-run-1/52918_AH7T2JBCX2_CTGCGAC_S1_L001_R2_001.fastp.decon.unmerged.fastq.gz ordered=t overwrite=true minidentity=100 out=/scratch/gregg_thomas/Murinae-seq/04A-intermediate/Leggadina-forresti/seq-run-1/52918_AH7T2JBCX2_CTGCGAC_S1_L001_001.fastp.decon.unmerged.fastq.gz
Executing jgi.Dedupe [-Xmx30g, t=1, in1=/scratch/gregg_thomas/Murinae-seq/03A-Merged/Leggadina-forresti/seq-run-1/52918_AH7T2JBCX2_CTGCGAC_S1_L001_R1_001.fastp.decon.unmerged.fastq.gz, in2=/scratch/gregg_thomas/Murinae-seq/03A-Merged/Leggadina-forresti/seq-run-1/52918_AH7T2JBCX2_CTGCGAC_S1_L001_R2_001.fastp.decon.unmerged.fastq.gz, ordered=t, overwrite=true, minidentity=100, out=/scratch/gregg_thomas/Murinae-seq/04A-intermediate/Leggadina-forresti/seq-run-1/52918_AH7T2JBCX2_CTGCGAC_S1_L001_001.fastp.decon.unmerged.fastq.gz]
Version 38.73

Set threads to 1
Initial:
Memory: max=30870m, total=30870m, free=30386m, used=484m

Set absorbContainment to false because it is not currently supported for paired reads.
Found 713706 duplicates.
Finished exact matches.    Time: 85.928 seconds.
Memory: max=30870m, total=30870m, free=25723m, used=5147m

Input:                  	7396888 reads 		745999142 bases.
Duplicates:             	713706 reads (9.65%) 	71932594 bases (9.64%)     	285272 collisions.
Result:                 	6683182 reads (90.35%) 	674066548 bases (90.36%)

Sorted output.             Time: 2.511 seconds.
Memory: max=30870m, total=30870m, free=25482m, used=5388m

Printed output.            Time: 48.881 seconds.
Memory: max=30870m, total=30870m, free=23055m, used=7815m

Time:                         	137.341 seconds.
Reads Processed:       7396k 	53.86k reads/sec
Bases Processed:        745m 	5.43m bases/sec
