java -ea -Xmx30g -Xms30g -cp /home/gregg_thomas/bin/bbmap/current/ jgi.Dedupe -Xmx30g t=1 in=/scratch/gregg_thomas/Murinae-seq/03A-Merged/Malacomys-longipes/nextseq-paired-2/TCD4253_S4_L001_001.fastp.decon.merged.fastq.gz ordered=t overwrite=true minidentity=100 out=/scratch/gregg_thomas/Murinae-seq/04A-Dedup/Malacomys-longipes/nextseq-paired-2/TCD4253_S4_L001_001.fastp.decon.merged.dedup.fastq.gz
Executing jgi.Dedupe [-Xmx30g, t=1, in=/scratch/gregg_thomas/Murinae-seq/03A-Merged/Malacomys-longipes/nextseq-paired-2/TCD4253_S4_L001_001.fastp.decon.merged.fastq.gz, ordered=t, overwrite=true, minidentity=100, out=/scratch/gregg_thomas/Murinae-seq/04A-Dedup/Malacomys-longipes/nextseq-paired-2/TCD4253_S4_L001_001.fastp.decon.merged.dedup.fastq.gz]
Version 38.73

Set threads to 1
Initial:
Memory: max=30870m, total=30870m, free=30386m, used=484m

Found 162331 duplicates.
Finished exact matches.    Time: 11.448 seconds.
Memory: max=30870m, total=30870m, free=22847m, used=8023m

Found 228727 contained sequences.
Finished containment.      Time: 6.566 seconds.
Memory: max=30870m, total=30870m, free=29704m, used=1166m

Removed 228727 invalid entries.
Finished invalid removal.  Time: 0.500 seconds.
Memory: max=30870m, total=30870m, free=29704m, used=1166m

Input:                  	788664 reads 		122921611 bases.
Duplicates:             	162331 reads (20.58%) 	25511337 bases (20.75%)     	0 collisions.
Containments:           	228727 reads (29.00%) 	33734073 bases (27.44%)    	2277532 collisions.
Result:                 	397606 reads (50.42%) 	63676201 bases (51.80%)

Sorted output.             Time: 0.439 seconds.
Memory: max=30870m, total=30870m, free=29704m, used=1166m

Printed output.            Time: 7.682 seconds.
Memory: max=30870m, total=30870m, free=29457m, used=1413m

Time:                         	26.653 seconds.
Reads Processed:        788k 	29.59k reads/sec
Bases Processed:        122m 	4.61m bases/sec
