java -ea -Xmx30g -Xms30g -cp /home/gregg_thomas/bin/bbmap/current/ jgi.Dedupe -Xmx30g t=1 in=/scratch/gregg_thomas/Murinae-seq/03A-Merged/Margaretamys-parvus/nextseq-paired-2/Z21794_S15_L004_001.fastp.decon.merged.fastq.gz ordered=t overwrite=true minidentity=100 out=/scratch/gregg_thomas/Murinae-seq/04A-Dedup/Margaretamys-parvus/nextseq-paired-2/Z21794_S15_L004_001.fastp.decon.merged.dedup.fastq.gz
Executing jgi.Dedupe [-Xmx30g, t=1, in=/scratch/gregg_thomas/Murinae-seq/03A-Merged/Margaretamys-parvus/nextseq-paired-2/Z21794_S15_L004_001.fastp.decon.merged.fastq.gz, ordered=t, overwrite=true, minidentity=100, out=/scratch/gregg_thomas/Murinae-seq/04A-Dedup/Margaretamys-parvus/nextseq-paired-2/Z21794_S15_L004_001.fastp.decon.merged.dedup.fastq.gz]
Version 38.73

Set threads to 1
Initial:
Memory: max=30870m, total=30870m, free=30547m, used=323m

Found 39458 duplicates.
Finished exact matches.    Time: 20.689 seconds.
Memory: max=30870m, total=30870m, free=24341m, used=6529m

Found 87639 contained sequences.
Finished containment.      Time: 8.511 seconds.
Memory: max=30870m, total=30870m, free=23980m, used=6890m

Removed 87639 invalid entries.
Finished invalid removal.  Time: 0.203 seconds.
Memory: max=30870m, total=30870m, free=23980m, used=6890m

Input:                  	309995 reads 		52184794 bases.
Duplicates:             	39458 reads (12.73%) 	6639400 bases (12.72%)     	0 collisions.
Containments:           	87639 reads (28.27%) 	14014960 bases (26.86%)    	690040 collisions.
Result:                 	182898 reads (59.00%) 	31530434 bases (60.42%)

Sorted output.             Time: 0.368 seconds.
Memory: max=30870m, total=30870m, free=23980m, used=6890m

Printed output.            Time: 2.914 seconds.
Memory: max=30870m, total=30870m, free=23734m, used=7136m

Time:                         	32.744 seconds.
Reads Processed:        309k 	9.47k reads/sec
Bases Processed:      52184k 	1.59m bases/sec
