java -ea -Xmx30g -Xms30g -cp /home/gregg_thomas/bin/bbmap/current/ jgi.Dedupe -Xmx30g t=1 in=/scratch/gregg_thomas/Murinae-seq/03A-Merged/Margaretamys-parvus/hiseq4000-paired-1/SM062_CKDL190143344-1a-DY0088-AK1780_H7275BBXX_L3_.fastp.decon.merged.fastq.gz ordered=t overwrite=true minidentity=100 out=/scratch/gregg_thomas/Murinae-seq/04A-Dedup/Margaretamys-parvus/hiseq4000-paired-1/SM062_CKDL190143344-1a-DY0088-AK1780_H7275BBXX_L3_.fastp.decon.merged.dedup.fastq.gz
Executing jgi.Dedupe [-Xmx30g, t=1, in=/scratch/gregg_thomas/Murinae-seq/03A-Merged/Margaretamys-parvus/hiseq4000-paired-1/SM062_CKDL190143344-1a-DY0088-AK1780_H7275BBXX_L3_.fastp.decon.merged.fastq.gz, ordered=t, overwrite=true, minidentity=100, out=/scratch/gregg_thomas/Murinae-seq/04A-Dedup/Margaretamys-parvus/hiseq4000-paired-1/SM062_CKDL190143344-1a-DY0088-AK1780_H7275BBXX_L3_.fastp.decon.merged.dedup.fastq.gz]
Version 38.73

Set threads to 1
Initial:
Memory: max=30870m, total=30870m, free=30386m, used=484m

Found 5640624 duplicates.
Finished exact matches.    Time: 217.064 seconds.
Memory: max=28633m, total=28633m, free=17159m, used=11474m

Found 5365481 contained sequences.
Finished containment.      Time: 247.819 seconds.
Memory: max=28633m, total=28633m, free=16386m, used=12247m

Removed 5365481 invalid entries.
Finished invalid removal.  Time: 5.845 seconds.
Memory: max=28633m, total=28633m, free=16175m, used=12458m

Input:                  	14577918 reads 		3667724565 bases.
Duplicates:             	5640624 reads (38.69%) 	1430163506 bases (38.99%)     	0 collisions.
Containments:           	5365481 reads (36.81%) 	1239364521 bases (33.79%)    	1806673504 collisions.
Result:                 	3571813 reads (24.50%) 	998196538 bases (27.22%)

Sorted output.             Time: 4.541 seconds.
Memory: max=28633m, total=28633m, free=16175m, used=12458m

Printed output.            Time: 46.341 seconds.
Memory: max=28633m, total=28633m, free=16634m, used=11999m

Time:                         	521.631 seconds.
Reads Processed:      14577k 	27.95k reads/sec
Bases Processed:       3667m 	7.03m bases/sec
