java -ea -Xmx30g -Xms30g -cp /home/gregg_thomas/bin/bbmap/current/ jgi.Dedupe -Xmx30g t=1 in1=/scratch/gregg_thomas/Murinae-seq/03A-Merged/Mastacomys-fuscus/nextseq-paired-1/ABTC-07354_S31_R1_001.fastp.decon.unmerged.fastq.gz in2=/scratch/gregg_thomas/Murinae-seq/03A-Merged/Mastacomys-fuscus/nextseq-paired-1/ABTC-07354_S31_R2_001.fastp.decon.unmerged.fastq.gz ordered=t overwrite=true minidentity=100 out=/scratch/gregg_thomas/Murinae-seq/04A-intermediate/Mastacomys-fuscus/nextseq-paired-1/ABTC-07354_S31_001.fastp.decon.unmerged.fastq.gz
Executing jgi.Dedupe [-Xmx30g, t=1, in1=/scratch/gregg_thomas/Murinae-seq/03A-Merged/Mastacomys-fuscus/nextseq-paired-1/ABTC-07354_S31_R1_001.fastp.decon.unmerged.fastq.gz, in2=/scratch/gregg_thomas/Murinae-seq/03A-Merged/Mastacomys-fuscus/nextseq-paired-1/ABTC-07354_S31_R2_001.fastp.decon.unmerged.fastq.gz, ordered=t, overwrite=true, minidentity=100, out=/scratch/gregg_thomas/Murinae-seq/04A-intermediate/Mastacomys-fuscus/nextseq-paired-1/ABTC-07354_S31_001.fastp.decon.unmerged.fastq.gz]
Version 38.73

Set threads to 1
Initial:
Memory: max=30870m, total=30870m, free=30547m, used=323m

Set absorbContainment to false because it is not currently supported for paired reads.
Found 684166 duplicates.
Finished exact matches.    Time: 120.737 seconds.
Memory: max=30870m, total=30870m, free=23584m, used=7286m

Input:                  	9987188 reads 		748235634 bases.
Duplicates:             	684166 reads (6.85%) 	51255227 bases (6.85%)     	655040 collisions.
Result:                 	9303022 reads (93.15%) 	696980407 bases (93.15%)

Sorted output.             Time: 4.147 seconds.
Memory: max=30870m, total=30870m, free=23504m, used=7366m

Printed output.            Time: 37.353 seconds.
Memory: max=30870m, total=30870m, free=20755m, used=10115m

Time:                         	162.257 seconds.
Reads Processed:       9987k 	61.55k reads/sec
Bases Processed:        748m 	4.61m bases/sec
