java -ea -Xmx30g -Xms30g -cp /home/gregg_thomas/bin/bbmap/current/ jgi.Dedupe -Xmx30g t=1 in=/scratch/gregg_thomas/Murinae-seq/03A-Merged/Mastacomys-fuscus/nextseq-single-1/ABTC07354_S57_L003_R1_001.fastp.decon.fastq.gz ordered=t overwrite=true minidentity=100 out=/scratch/gregg_thomas/Murinae-seq/04A-Dedup/Mastacomys-fuscus/nextseq-single-1/ABTC07354_S57_L003_R1_001.fastp.decon.dedup.fastq.gz
Executing jgi.Dedupe [-Xmx30g, t=1, in=/scratch/gregg_thomas/Murinae-seq/03A-Merged/Mastacomys-fuscus/nextseq-single-1/ABTC07354_S57_L003_R1_001.fastp.decon.fastq.gz, ordered=t, overwrite=true, minidentity=100, out=/scratch/gregg_thomas/Murinae-seq/04A-Dedup/Mastacomys-fuscus/nextseq-single-1/ABTC07354_S57_L003_R1_001.fastp.decon.dedup.fastq.gz]
Version 38.73

Set threads to 1
Initial:
Memory: max=30870m, total=30870m, free=30386m, used=484m

Found 14747 duplicates.
Finished exact matches.    Time: 16.560 seconds.
Memory: max=30870m, total=30870m, free=25198m, used=5672m

Found 2555 contained sequences.
Finished containment.      Time: 5.622 seconds.
Memory: max=30870m, total=30870m, free=24823m, used=6047m

Removed 2555 invalid entries.
Finished invalid removal.  Time: 0.125 seconds.
Memory: max=30870m, total=30870m, free=24823m, used=6047m

Input:                  	543123 reads 		41023580 bases.
Duplicates:             	14747 reads (2.72%) 	1114594 bases (2.72%)     	0 collisions.
Containments:           	2555 reads (0.47%) 	189492 bases (0.46%)    	549437 collisions.
Result:                 	525821 reads (96.81%) 	39719494 bases (96.82%)

Sorted output.             Time: 0.187 seconds.
Memory: max=30870m, total=30870m, free=24823m, used=6047m

Printed output.            Time: 1.974 seconds.
Memory: max=30870m, total=30870m, free=24531m, used=6339m

Time:                         	24.503 seconds.
Reads Processed:        543k 	22.17k reads/sec
Bases Processed:      41023k 	1.67m bases/sec
