java -ea -Xmx30g -Xms30g -cp /home/gregg_thomas/bin/bbmap/current/ jgi.Dedupe -Xmx30g t=1 in=/scratch/gregg_thomas/Murinae-seq/03A-Merged/Maxomys-surifer/nextseq-paired-2/JAE3632_S32_L004_001.fastp.decon.merged.fastq.gz ordered=t overwrite=true minidentity=100 out=/scratch/gregg_thomas/Murinae-seq/04A-Dedup/Maxomys-surifer/nextseq-paired-2/JAE3632_S32_L004_001.fastp.decon.merged.dedup.fastq.gz
Executing jgi.Dedupe [-Xmx30g, t=1, in=/scratch/gregg_thomas/Murinae-seq/03A-Merged/Maxomys-surifer/nextseq-paired-2/JAE3632_S32_L004_001.fastp.decon.merged.fastq.gz, ordered=t, overwrite=true, minidentity=100, out=/scratch/gregg_thomas/Murinae-seq/04A-Dedup/Maxomys-surifer/nextseq-paired-2/JAE3632_S32_L004_001.fastp.decon.merged.dedup.fastq.gz]
Version 38.73

Set threads to 1
Initial:
Memory: max=30870m, total=30870m, free=30547m, used=323m

Found 86896 duplicates.
Finished exact matches.    Time: 17.910 seconds.
Memory: max=30870m, total=30870m, free=23147m, used=7723m

Found 163685 contained sequences.
Finished containment.      Time: 3.079 seconds.
Memory: max=30870m, total=30870m, free=22784m, used=8086m

Removed 163685 invalid entries.
Finished invalid removal.  Time: 0.580 seconds.
Memory: max=30870m, total=30870m, free=22784m, used=8086m

Input:                  	593087 reads 		92011286 bases.
Duplicates:             	86896 reads (14.65%) 	13595894 bases (14.78%)     	0 collisions.
Containments:           	163685 reads (27.60%) 	24074888 bases (26.17%)    	1094243 collisions.
Result:                 	342506 reads (57.75%) 	54340504 bases (59.06%)

Sorted output.             Time: 0.341 seconds.
Memory: max=30870m, total=30870m, free=22784m, used=8086m

Printed output.            Time: 3.623 seconds.
Memory: max=30870m, total=30870m, free=30374m, used=496m

Time:                         	25.549 seconds.
Reads Processed:        593k 	23.21k reads/sec
Bases Processed:      92011k 	3.60m bases/sec
