java -ea -Xmx30g -Xms30g -cp /home/gregg_thomas/bin/bbmap/current/ jgi.Dedupe -Xmx30g t=1 in=/scratch/gregg_thomas/Murinae-seq/03A-Merged/Maxomys-surifer/nextseq-single-1/JAE3632_S64_L004_R1_001.fastp.decon.fastq.gz ordered=t overwrite=true minidentity=100 out=/scratch/gregg_thomas/Murinae-seq/04A-Dedup/Maxomys-surifer/nextseq-single-1/JAE3632_S64_L004_R1_001.fastp.decon.dedup.fastq.gz
Executing jgi.Dedupe [-Xmx30g, t=1, in=/scratch/gregg_thomas/Murinae-seq/03A-Merged/Maxomys-surifer/nextseq-single-1/JAE3632_S64_L004_R1_001.fastp.decon.fastq.gz, ordered=t, overwrite=true, minidentity=100, out=/scratch/gregg_thomas/Murinae-seq/04A-Dedup/Maxomys-surifer/nextseq-single-1/JAE3632_S64_L004_R1_001.fastp.decon.dedup.fastq.gz]
Version 38.73

Set threads to 1
Initial:
Memory: max=30870m, total=30870m, free=30386m, used=484m

Found 13293 duplicates.
Finished exact matches.    Time: 5.505 seconds.
Memory: max=30870m, total=30870m, free=23945m, used=6925m

Found 1798 contained sequences.
Finished containment.      Time: 2.639 seconds.
Memory: max=30870m, total=30870m, free=23591m, used=7279m

Removed 1798 invalid entries.
Finished invalid removal.  Time: 0.108 seconds.
Memory: max=30870m, total=30870m, free=23591m, used=7279m

Input:                  	509568 reads 		38489600 bases.
Duplicates:             	13293 reads (2.61%) 	1004523 bases (2.61%)     	0 collisions.
Containments:           	1798 reads (0.35%) 	133211 bases (0.35%)    	400109 collisions.
Result:                 	494477 reads (97.04%) 	37351866 bases (97.04%)

Sorted output.             Time: 0.152 seconds.
Memory: max=30870m, total=30870m, free=23591m, used=7279m

Printed output.            Time: 5.095 seconds.
Memory: max=30870m, total=30870m, free=23431m, used=7439m

Time:                         	13.519 seconds.
Reads Processed:        509k 	37.69k reads/sec
Bases Processed:      38489k 	2.85m bases/sec
