java -ea -Xmx30g -Xms30g -cp /home/gregg_thomas/bin/bbmap/current/ jgi.Dedupe -Xmx30g t=1 in=/scratch/gregg_thomas/Murinae-seq/03A-Merged/Melasmothrix-naso/nextseq-single-1/Z21808_S48_L003_R1_001.fastp.decon.fastq.gz ordered=t overwrite=true minidentity=100 out=/scratch/gregg_thomas/Murinae-seq/04A-Dedup/Melasmothrix-naso/nextseq-single-1/Z21808_S48_L003_R1_001.fastp.decon.dedup.fastq.gz
Executing jgi.Dedupe [-Xmx30g, t=1, in=/scratch/gregg_thomas/Murinae-seq/03A-Merged/Melasmothrix-naso/nextseq-single-1/Z21808_S48_L003_R1_001.fastp.decon.fastq.gz, ordered=t, overwrite=true, minidentity=100, out=/scratch/gregg_thomas/Murinae-seq/04A-Dedup/Melasmothrix-naso/nextseq-single-1/Z21808_S48_L003_R1_001.fastp.decon.dedup.fastq.gz]
Version 38.73

Set threads to 1
Initial:
Memory: max=30870m, total=30870m, free=30386m, used=484m

Found 10997 duplicates.
Finished exact matches.    Time: 11.323 seconds.
Memory: max=30870m, total=30870m, free=23195m, used=7675m

Found 1841 contained sequences.
Finished containment.      Time: 2.630 seconds.
Memory: max=30870m, total=30870m, free=30230m, used=640m

Removed 1841 invalid entries.
Finished invalid removal.  Time: 0.103 seconds.
Memory: max=30870m, total=30870m, free=30230m, used=640m

Input:                  	454594 reads 		34335784 bases.
Duplicates:             	10997 reads (2.42%) 	831057 bases (2.42%)     	0 collisions.
Containments:           	1841 reads (0.40%) 	136589 bases (0.40%)    	379368 collisions.
Result:                 	441756 reads (97.18%) 	33368138 bases (97.18%)

Sorted output.             Time: 0.967 seconds.
Memory: max=30870m, total=30870m, free=30230m, used=640m

Printed output.            Time: 3.003 seconds.
Memory: max=30870m, total=30870m, free=29828m, used=1042m

Time:                         	18.048 seconds.
Reads Processed:        454k 	25.19k reads/sec
Bases Processed:      34335k 	1.90m bases/sec
