java -ea -Xmx30g -Xms30g -cp /home/gregg_thomas/bin/bbmap/current/ jgi.Dedupe -Xmx30g t=1 in=/scratch/gregg_thomas/Murinae-seq/03A-Merged/Melasmothrix-naso/nextseq-paired-2/Z21808_S16_L004_001.fastp.decon.merged.fastq.gz ordered=t overwrite=true minidentity=100 out=/scratch/gregg_thomas/Murinae-seq/04A-Dedup/Melasmothrix-naso/nextseq-paired-2/Z21808_S16_L004_001.fastp.decon.merged.dedup.fastq.gz
Executing jgi.Dedupe [-Xmx30g, t=1, in=/scratch/gregg_thomas/Murinae-seq/03A-Merged/Melasmothrix-naso/nextseq-paired-2/Z21808_S16_L004_001.fastp.decon.merged.fastq.gz, ordered=t, overwrite=true, minidentity=100, out=/scratch/gregg_thomas/Murinae-seq/04A-Dedup/Melasmothrix-naso/nextseq-paired-2/Z21808_S16_L004_001.fastp.decon.merged.dedup.fastq.gz]
Version 38.73

Set threads to 1
Initial:
Memory: max=30870m, total=30870m, free=30386m, used=484m

Found 60519 duplicates.
Finished exact matches.    Time: 10.268 seconds.
Memory: max=30870m, total=30870m, free=23109m, used=7761m

Found 158626 contained sequences.
Finished containment.      Time: 10.621 seconds.
Memory: max=30870m, total=30870m, free=30101m, used=769m

Removed 158626 invalid entries.
Finished invalid removal.  Time: 0.222 seconds.
Memory: max=30870m, total=30870m, free=30101m, used=769m

Input:                  	512071 reads 		82112682 bases.
Duplicates:             	60519 reads (11.82%) 	9706528 bases (11.82%)     	0 collisions.
Containments:           	158626 reads (30.98%) 	24188267 bases (29.46%)    	1135580 collisions.
Result:                 	292926 reads (57.20%) 	48217887 bases (58.72%)

Sorted output.             Time: 0.211 seconds.
Memory: max=30870m, total=30870m, free=30101m, used=769m

Printed output.            Time: 2.565 seconds.
Memory: max=30870m, total=30870m, free=29907m, used=963m

Time:                         	23.956 seconds.
Reads Processed:        512k 	21.38k reads/sec
Bases Processed:      82112k 	3.43m bases/sec
