java -ea -Xmx30g -Xms30g -cp /home/gregg_thomas/bin/bbmap/current/ jgi.Dedupe -Xmx30g t=1 in1=/scratch/gregg_thomas/Murinae-seq/03A-Merged/Melomys-rufescens/nextseq-paired-2/ABTC44798_S26_L002_R1_001.fastp.decon.unmerged.fastq.gz in2=/scratch/gregg_thomas/Murinae-seq/03A-Merged/Melomys-rufescens/nextseq-paired-2/ABTC44798_S26_L002_R2_001.fastp.decon.unmerged.fastq.gz ordered=t overwrite=true minidentity=100 out=/scratch/gregg_thomas/Murinae-seq/04A-intermediate/Melomys-rufescens/nextseq-paired-2/ABTC44798_S26_L002_001.fastp.decon.unmerged.fastq.gz
Executing jgi.Dedupe [-Xmx30g, t=1, in1=/scratch/gregg_thomas/Murinae-seq/03A-Merged/Melomys-rufescens/nextseq-paired-2/ABTC44798_S26_L002_R1_001.fastp.decon.unmerged.fastq.gz, in2=/scratch/gregg_thomas/Murinae-seq/03A-Merged/Melomys-rufescens/nextseq-paired-2/ABTC44798_S26_L002_R2_001.fastp.decon.unmerged.fastq.gz, ordered=t, overwrite=true, minidentity=100, out=/scratch/gregg_thomas/Murinae-seq/04A-intermediate/Melomys-rufescens/nextseq-paired-2/ABTC44798_S26_L002_001.fastp.decon.unmerged.fastq.gz]
Version 38.73

Set threads to 1
Initial:
Memory: max=30870m, total=30870m, free=30386m, used=484m

Set absorbContainment to false because it is not currently supported for paired reads.
Found 165766 duplicates.
Finished exact matches.    Time: 21.720 seconds.
Memory: max=30870m, total=30870m, free=26004m, used=4866m

Input:                  	3800180 reads 		286705718 bases.
Duplicates:             	165766 reads (4.36%) 	12512795 bases (4.36%)     	102419 collisions.
Result:                 	3634414 reads (95.64%) 	274192923 bases (95.64%)

Sorted output.             Time: 2.025 seconds.
Memory: max=30870m, total=30870m, free=26004m, used=4866m

Printed output.            Time: 17.338 seconds.
Memory: max=30870m, total=30870m, free=24843m, used=6027m

Time:                         	41.105 seconds.
Reads Processed:       3800k 	92.45k reads/sec
Bases Processed:        286m 	6.97m bases/sec
