java -ea -Xmx30g -Xms30g -cp /home/gregg_thomas/bin/bbmap/current/ jgi.Dedupe -Xmx30g t=1 in=/scratch/gregg_thomas/Murinae-seq/03A-Merged/Mus-pos_ctrl_C/hiseq4000-paired-1/M44_C11_CKDL190143344-1a-D711-AK1682_H7275BBXX_L3_.fastp.decon.merged.fastq.gz ordered=t overwrite=true minidentity=100 out=/scratch/gregg_thomas/Murinae-seq/04A-Dedup/Mus-pos_ctrl_C/hiseq4000-paired-1/M44_C11_CKDL190143344-1a-D711-AK1682_H7275BBXX_L3_.fastp.decon.merged.dedup.fastq.gz
Executing jgi.Dedupe [-Xmx30g, t=1, in=/scratch/gregg_thomas/Murinae-seq/03A-Merged/Mus-pos_ctrl_C/hiseq4000-paired-1/M44_C11_CKDL190143344-1a-D711-AK1682_H7275BBXX_L3_.fastp.decon.merged.fastq.gz, ordered=t, overwrite=true, minidentity=100, out=/scratch/gregg_thomas/Murinae-seq/04A-Dedup/Mus-pos_ctrl_C/hiseq4000-paired-1/M44_C11_CKDL190143344-1a-D711-AK1682_H7275BBXX_L3_.fastp.decon.merged.dedup.fastq.gz]
Version 38.73

Set threads to 1
Initial:
Memory: max=30870m, total=30870m, free=30386m, used=484m

Found 306038 duplicates.
Finished exact matches.    Time: 16.836 seconds.
Memory: max=30870m, total=30870m, free=25751m, used=5119m
FFound 125575 contained sequences.
Finished containment.      Time: 19.159 seconds.
Memory: max=30870m, total=30870m, free=25294m, used=5576m

Removed 125575 invalid entries.
Finished invalid removal.  Time: 0.308 seconds.
Memory: max=30870m, total=30870m, free=25294m, used=5576m

Input:                  	877617 reads 		209677176 bases.
Duplicates:             	306038 reads (34.87%) 	72665666 bases (34.66%)     	0 collisions.
Containments:           	125575 reads (14.31%) 	24818096 bases (11.84%)    	6013009 collisions.
Result:                 	446004 reads (50.82%) 	112193414 bases (53.51%)

Sorted output.             Time: 0.402 seconds.
Memory: max=30870m, total=30870m, free=25294m, used=5576m

Printed output.            Time: 6.322 seconds.
Memory: max=30870m, total=30870m, free=24924m, used=5946m

Time:                         	43.051 seconds.
Reads Processed:        877k 	20.39k reads/sec
Bases Processed:        209m 	4.87m bases/sec
