java -ea -Xmx30g -Xms30g -cp /home/gregg_thomas/bin/bbmap/current/ jgi.Dedupe -Xmx30g t=1 in1=/scratch/gregg_thomas/Murinae-seq/03A-Merged/Mus-pos_ctrl_A/hiseq4000-paired-2/M44_A12_CKDL190143345-1a-D712-AK1680_H7275BBXX_L4_R1_.fastp.decon.unmerged.fastq.gz in2=/scratch/gregg_thomas/Murinae-seq/03A-Merged/Mus-pos_ctrl_A/hiseq4000-paired-2/M44_A12_CKDL190143345-1a-D712-AK1680_H7275BBXX_L4_R2_.fastp.decon.unmerged.fastq.gz ordered=t overwrite=true minidentity=100 out=/scratch/gregg_thomas/Murinae-seq/04A-intermediate/Mus-pos_ctrl_A/hiseq4000-paired-2/M44_A12_CKDL190143345-1a-D712-AK1680_H7275BBXX_L4_.fastp.decon.unmerged.fastq.gz
Executing jgi.Dedupe [-Xmx30g, t=1, in1=/scratch/gregg_thomas/Murinae-seq/03A-Merged/Mus-pos_ctrl_A/hiseq4000-paired-2/M44_A12_CKDL190143345-1a-D712-AK1680_H7275BBXX_L4_R1_.fastp.decon.unmerged.fastq.gz, in2=/scratch/gregg_thomas/Murinae-seq/03A-Merged/Mus-pos_ctrl_A/hiseq4000-paired-2/M44_A12_CKDL190143345-1a-D712-AK1680_H7275BBXX_L4_R2_.fastp.decon.unmerged.fastq.gz, ordered=t, overwrite=true, minidentity=100, out=/scratch/gregg_thomas/Murinae-seq/04A-intermediate/Mus-pos_ctrl_A/hiseq4000-paired-2/M44_A12_CKDL190143345-1a-D712-AK1680_H7275BBXX_L4_.fastp.decon.unmerged.fastq.gz]
Version 38.73

Set threads to 1
Initial:
Memory: max=30870m, total=30870m, free=30386m, used=484m

Set absorbContainment to false because it is not currently supported for paired reads.
Found 146728 duplicates.
Finished exact matches.    Time: 6.402 seconds.
Memory: max=30870m, total=30870m, free=28454m, used=2416m

Input:                  	693010 reads 		103428186 bases.
Duplicates:             	146728 reads (21.17%) 	21906796 bases (21.18%)     	45484 collisions.
Result:                 	546282 reads (78.83%) 	81521390 bases (78.82%)

Sorted output.             Time: 0.298 seconds.
Memory: max=30870m, total=30870m, free=28454m, used=2416m

Printed output.            Time: 5.862 seconds.
Memory: max=30870m, total=30870m, free=28131m, used=2739m

Time:                         	12.589 seconds.
Reads Processed:        693k 	55.05k reads/sec
Bases Processed:        103m 	8.22m bases/sec
