java -ea -Xmx30g -Xms30g -cp /home/gregg_thomas/bin/bbmap/current/ jgi.Dedupe -Xmx30g t=1 in1=/scratch/gregg_thomas/Murinae-seq/03A-Merged/Mus-musculus-castaneus/hiseq2000-paired-2/lane1_CTCGAT_L001_R1_001.fastp.decon.unmerged.fastq.gz in2=/scratch/gregg_thomas/Murinae-seq/03A-Merged/Mus-musculus-castaneus/hiseq2000-paired-2/lane1_CTCGAT_L001_R2_001.fastp.decon.unmerged.fastq.gz ordered=t overwrite=true minidentity=100 out=/scratch/gregg_thomas/Murinae-seq/04A-intermediate/Mus-musculus-castaneus/hiseq2000-paired-2/lane1_CTCGAT_L001_001.fastp.decon.unmerged.fastq.gz
Executing jgi.Dedupe [-Xmx30g, t=1, in1=/scratch/gregg_thomas/Murinae-seq/03A-Merged/Mus-musculus-castaneus/hiseq2000-paired-2/lane1_CTCGAT_L001_R1_001.fastp.decon.unmerged.fastq.gz, in2=/scratch/gregg_thomas/Murinae-seq/03A-Merged/Mus-musculus-castaneus/hiseq2000-paired-2/lane1_CTCGAT_L001_R2_001.fastp.decon.unmerged.fastq.gz, ordered=t, overwrite=true, minidentity=100, out=/scratch/gregg_thomas/Murinae-seq/04A-intermediate/Mus-musculus-castaneus/hiseq2000-paired-2/lane1_CTCGAT_L001_001.fastp.decon.unmerged.fastq.gz]
Version 38.73

Set threads to 1
Initial:
Memory: max=30870m, total=30870m, free=30547m, used=323m

Set absorbContainment to false because it is not currently supported for paired reads.
Found 126438 duplicates.
Finished exact matches.    Time: 34.216 seconds.
Memory: max=30870m, total=30870m, free=26199m, used=4671m

Input:                  	3297878 reads 		332452794 bases.
Duplicates:             	126438 reads (3.83%) 	12737369 bases (3.83%)     	81990 collisions.
Result:                 	3171440 reads (96.17%) 	319715425 bases (96.17%)

Sorted output.             Time: 1.923 seconds.
Memory: max=30870m, total=30870m, free=26199m, used=4671m

Printed output.            Time: 23.467 seconds.
Memory: max=30870m, total=30870m, free=24910m, used=5960m

Time:                         	59.702 seconds.
Reads Processed:       3297k 	55.24k reads/sec
Bases Processed:        332m 	5.57m bases/sec
