java -ea -Xmx30g -Xms30g -cp /home/gregg_thomas/bin/bbmap/current/ jgi.Dedupe -Xmx30g t=1 in=/scratch/gregg_thomas/Murinae-seq/03A-Merged/Nesokia-indica/hiseq4000-paired-2/SM053_CKDL190143345-1a-D701-AK1682_H7275BBXX_L4_.fastp.decon.merged.fastq.gz ordered=t overwrite=true minidentity=100 out=/scratch/gregg_thomas/Murinae-seq/04A-Dedup/Nesokia-indica/hiseq4000-paired-2/SM053_CKDL190143345-1a-D701-AK1682_H7275BBXX_L4_.fastp.decon.merged.dedup.fastq.gz
Executing jgi.Dedupe [-Xmx30g, t=1, in=/scratch/gregg_thomas/Murinae-seq/03A-Merged/Nesokia-indica/hiseq4000-paired-2/SM053_CKDL190143345-1a-D701-AK1682_H7275BBXX_L4_.fastp.decon.merged.fastq.gz, ordered=t, overwrite=true, minidentity=100, out=/scratch/gregg_thomas/Murinae-seq/04A-Dedup/Nesokia-indica/hiseq4000-paired-2/SM053_CKDL190143345-1a-D701-AK1682_H7275BBXX_L4_.fastp.decon.merged.dedup.fastq.gz]
Version 38.73

Set threads to 1
Initial:
Memory: max=30870m, total=30870m, free=30386m, used=484m

Found 5560007 duplicates.
Finished exact matches.    Time: 217.222 seconds.
Memory: max=28633m, total=27918m, free=16998m, used=10920m

Found 5040373 contained sequences.
Finished containment.      Time: 541.571 seconds.
Memory: max=28633m, total=27918m, free=16415m, used=11503m

Removed 5040373 invalid entries.
Finished invalid removal.  Time: 4.994 seconds.
Memory: max=28633m, total=27918m, free=16307m, used=11611m

Input:                  	14292270 reads 		3062820652 bases.
Duplicates:             	5560007 reads (38.90%) 	1195803421 bases (39.04%)     	0 collisions.
Containments:           	5040373 reads (35.27%) 	975974610 bases (31.87%)    	4407200095 collisions.
Result:                 	3691890 reads (25.83%) 	891042621 bases (29.09%)

Sorted output.             Time: 3.861 seconds.
Memory: max=28633m, total=27918m, free=16185m, used=11733m
PPrinted output.            Time: 54.555 seconds.
Memory: max=28633m, total=28633m, free=17335m, used=11298m

Time:                         	822.229 seconds.
Reads Processed:      14292k 	17.38k reads/sec
Bases Processed:       3062m 	3.73m bases/sec
