java -ea -Xmx30g -Xms30g -cp /home/gregg_thomas/bin/bbmap/current/ jgi.Dedupe -Xmx30g t=1 in1=/scratch/gregg_thomas/Murinae-seq/03A-Merged/Niviventer-lepturus/nextseq-paired-2/JAE4746_S33_L002_R1_001.fastp.decon.unmerged.fastq.gz in2=/scratch/gregg_thomas/Murinae-seq/03A-Merged/Niviventer-lepturus/nextseq-paired-2/JAE4746_S33_L002_R2_001.fastp.decon.unmerged.fastq.gz ordered=t overwrite=true minidentity=100 out=/scratch/gregg_thomas/Murinae-seq/04A-intermediate/Niviventer-lepturus/nextseq-paired-2/JAE4746_S33_L002_001.fastp.decon.unmerged.fastq.gz
Executing jgi.Dedupe [-Xmx30g, t=1, in1=/scratch/gregg_thomas/Murinae-seq/03A-Merged/Niviventer-lepturus/nextseq-paired-2/JAE4746_S33_L002_R1_001.fastp.decon.unmerged.fastq.gz, in2=/scratch/gregg_thomas/Murinae-seq/03A-Merged/Niviventer-lepturus/nextseq-paired-2/JAE4746_S33_L002_R2_001.fastp.decon.unmerged.fastq.gz, ordered=t, overwrite=true, minidentity=100, out=/scratch/gregg_thomas/Murinae-seq/04A-intermediate/Niviventer-lepturus/nextseq-paired-2/JAE4746_S33_L002_001.fastp.decon.unmerged.fastq.gz]
Version 38.73

Set threads to 1
Initial:
Memory: max=30870m, total=30870m, free=30386m, used=484m

Set absorbContainment to false because it is not currently supported for paired reads.
Found 160460 duplicates.
Finished exact matches.    Time: 20.712 seconds.
Memory: max=30870m, total=30870m, free=26004m, used=4866m

Input:                  	3602860 reads 		271779000 bases.
Duplicates:             	160460 reads (4.45%) 	12113784 bases (4.46%)     	93245 collisions.
Result:                 	3442400 reads (95.55%) 	259665216 bases (95.54%)

Sorted output.             Time: 0.968 seconds.
Memory: max=30870m, total=30870m, free=26004m, used=4866m

Printed output.            Time: 16.080 seconds.
Memory: max=30870m, total=30870m, free=25038m, used=5832m

Time:                         	37.777 seconds.
Reads Processed:       3602k 	95.37k reads/sec
Bases Processed:        271m 	7.19m bases/sec
