java -ea -Xmx30g -Xms30g -cp /home/gregg_thomas/bin/bbmap/current/ jgi.Dedupe -Xmx30g t=1 in=/scratch/gregg_thomas/Murinae-seq/03A-Merged/Niviventer-lepturus/nextseq-single-1/JAE4746_S65_L002_R1_001.fastp.decon.fastq.gz ordered=t overwrite=true minidentity=100 out=/scratch/gregg_thomas/Murinae-seq/04A-Dedup/Niviventer-lepturus/nextseq-single-1/JAE4746_S65_L002_R1_001.fastp.decon.dedup.fastq.gz
Executing jgi.Dedupe [-Xmx30g, t=1, in=/scratch/gregg_thomas/Murinae-seq/03A-Merged/Niviventer-lepturus/nextseq-single-1/JAE4746_S65_L002_R1_001.fastp.decon.fastq.gz, ordered=t, overwrite=true, minidentity=100, out=/scratch/gregg_thomas/Murinae-seq/04A-Dedup/Niviventer-lepturus/nextseq-single-1/JAE4746_S65_L002_R1_001.fastp.decon.dedup.fastq.gz]
Version 38.73

Set threads to 1
Initial:
Memory: max=30870m, total=30870m, free=30386m, used=484m

Found 10887 duplicates.
Finished exact matches.    Time: 17.293 seconds.
Memory: max=30870m, total=30870m, free=23104m, used=7766m

Found 1657 contained sequences.
Finished containment.      Time: 7.846 seconds.
Memory: max=30870m, total=30870m, free=30251m, used=619m

Removed 1657 invalid entries.
Finished invalid removal.  Time: 0.100 seconds.
Memory: max=30870m, total=30870m, free=30251m, used=619m

Input:                  	447727 reads 		33812901 bases.
Duplicates:             	10887 reads (2.43%) 	822571 bases (2.43%)     	0 collisions.
Containments:           	1657 reads (0.37%) 	122735 bases (0.36%)    	334140 collisions.
Result:                 	435183 reads (97.20%) 	32867595 bases (97.20%)

Sorted output.             Time: 0.226 seconds.
Memory: max=30870m, total=30870m, free=30251m, used=619m

Printed output.            Time: 3.671 seconds.
Memory: max=30870m, total=30870m, free=30032m, used=838m

Time:                         	29.166 seconds.
Reads Processed:        447k 	15.35k reads/sec
Bases Processed:      33812k 	1.16m bases/sec
