java -ea -Xmx30g -Xms30g -cp /home/gregg_thomas/bin/bbmap/current/ jgi.Dedupe -Xmx30g t=1 in=/scratch/gregg_thomas/Murinae-seq/03A-Merged/Niviventer-lepturus/nextseq-paired-2/JAE4746_S33_L002_001.fastp.decon.merged.fastq.gz ordered=t overwrite=true minidentity=100 out=/scratch/gregg_thomas/Murinae-seq/04A-Dedup/Niviventer-lepturus/nextseq-paired-2/JAE4746_S33_L002_001.fastp.decon.merged.dedup.fastq.gz
Executing jgi.Dedupe [-Xmx30g, t=1, in=/scratch/gregg_thomas/Murinae-seq/03A-Merged/Niviventer-lepturus/nextseq-paired-2/JAE4746_S33_L002_001.fastp.decon.merged.fastq.gz, ordered=t, overwrite=true, minidentity=100, out=/scratch/gregg_thomas/Murinae-seq/04A-Dedup/Niviventer-lepturus/nextseq-paired-2/JAE4746_S33_L002_001.fastp.decon.merged.dedup.fastq.gz]
Version 38.73

Set threads to 1
Initial:
Memory: max=30870m, total=30870m, free=30386m, used=484m

Found 83381 duplicates.
Finished exact matches.    Time: 8.895 seconds.
Memory: max=30870m, total=30870m, free=23170m, used=7700m

Found 196999 contained sequences.
Finished containment.      Time: 3.169 seconds.
Memory: max=30870m, total=30870m, free=30013m, used=857m

Removed 196999 invalid entries.
Finished invalid removal.  Time: 0.204 seconds.
Memory: max=30870m, total=30870m, free=30013m, used=857m

Input:                  	647726 reads 		97203721 bases.
Duplicates:             	83381 reads (12.87%) 	12652816 bases (13.02%)     	0 collisions.
Containments:           	196999 reads (30.41%) 	28245996 bases (29.06%)    	1169284 collisions.
Result:                 	367346 reads (56.71%) 	56304909 bases (57.92%)

Sorted output.             Time: 0.202 seconds.
Memory: max=30870m, total=30870m, free=30013m, used=857m

Printed output.            Time: 2.553 seconds.
Memory: max=30870m, total=30870m, free=29709m, used=1161m

Time:                         	15.041 seconds.
Reads Processed:        647k 	43.06k reads/sec
Bases Processed:      97203k 	6.46m bases/sec
