java -ea -Xmx30g -Xms30g -cp /home/gregg_thomas/bin/bbmap/current/ jgi.Dedupe -Xmx30g t=1 in1=/scratch/gregg_thomas/Murinae-seq/03A-Merged/Niviventer-cremoriventer/hiseq4000-paired-1/SM055_CKDL190143344-1a-DY0088-AK1682_H7275BBXX_L3_R1_.fastp.decon.unmerged.fastq.gz in2=/scratch/gregg_thomas/Murinae-seq/03A-Merged/Niviventer-cremoriventer/hiseq4000-paired-1/SM055_CKDL190143344-1a-DY0088-AK1682_H7275BBXX_L3_R2_.fastp.decon.unmerged.fastq.gz ordered=t overwrite=true minidentity=100 out=/scratch/gregg_thomas/Murinae-seq/04A-intermediate/Niviventer-cremoriventer/hiseq4000-paired-1/SM055_CKDL190143344-1a-DY0088-AK1682_H7275BBXX_L3_.fastp.decon.unmerged.fastq.gz
Executing jgi.Dedupe [-Xmx30g, t=1, in1=/scratch/gregg_thomas/Murinae-seq/03A-Merged/Niviventer-cremoriventer/hiseq4000-paired-1/SM055_CKDL190143344-1a-DY0088-AK1682_H7275BBXX_L3_R1_.fastp.decon.unmerged.fastq.gz, in2=/scratch/gregg_thomas/Murinae-seq/03A-Merged/Niviventer-cremoriventer/hiseq4000-paired-1/SM055_CKDL190143344-1a-DY0088-AK1682_H7275BBXX_L3_R2_.fastp.decon.unmerged.fastq.gz, ordered=t, overwrite=true, minidentity=100, out=/scratch/gregg_thomas/Murinae-seq/04A-intermediate/Niviventer-cremoriventer/hiseq4000-paired-1/SM055_CKDL190143344-1a-DY0088-AK1682_H7275BBXX_L3_.fastp.decon.unmerged.fastq.gz]
Version 38.73

Set threads to 1
Initial:
Memory: max=30870m, total=30870m, free=30386m, used=484m

Set absorbContainment to false because it is not currently supported for paired reads.
Found 2093266 duplicates.
Finished exact matches.    Time: 186.438 seconds.
Memory: max=30870m, total=30870m, free=20001m, used=10869m

Input:                  	12739394 reads 		1896630528 bases.
Duplicates:             	2093266 reads (16.43%) 	312472720 bases (16.48%)     	1166972 collisions.
Result:                 	10646128 reads (83.57%) 	1584157808 bases (83.52%)

Sorted output.             Time: 10.066 seconds.
Memory: max=30870m, total=30870m, free=19599m, used=11271m

Printed output.            Time: 154.346 seconds.
Memory: max=30870m, total=30870m, free=18349m, used=12521m

Time:                         	350.877 seconds.
Reads Processed:      12739k 	36.31k reads/sec
Bases Processed:       1896m 	5.41m bases/sec
