java -ea -Xmx30g -Xms30g -cp /home/gregg_thomas/bin/bbmap/current/ jgi.Dedupe -Xmx30g t=1 in1=/scratch/gregg_thomas/Murinae-seq/03A-Merged/Notomys-macrotis/seq-run-1/53929_HTVLKBCX2_AGGTACC_S17_L002_R1_001.fastp.decon.unmerged.fastq.gz in2=/scratch/gregg_thomas/Murinae-seq/03A-Merged/Notomys-macrotis/seq-run-1/53929_HTVLKBCX2_AGGTACC_S17_L002_R2_001.fastp.decon.unmerged.fastq.gz ordered=t overwrite=true minidentity=100 out=/scratch/gregg_thomas/Murinae-seq/04A-intermediate/Notomys-macrotis/seq-run-1/53929_HTVLKBCX2_AGGTACC_S17_L002_001.fastp.decon.unmerged.fastq.gz
Executing jgi.Dedupe [-Xmx30g, t=1, in1=/scratch/gregg_thomas/Murinae-seq/03A-Merged/Notomys-macrotis/seq-run-1/53929_HTVLKBCX2_AGGTACC_S17_L002_R1_001.fastp.decon.unmerged.fastq.gz, in2=/scratch/gregg_thomas/Murinae-seq/03A-Merged/Notomys-macrotis/seq-run-1/53929_HTVLKBCX2_AGGTACC_S17_L002_R2_001.fastp.decon.unmerged.fastq.gz, ordered=t, overwrite=true, minidentity=100, out=/scratch/gregg_thomas/Murinae-seq/04A-intermediate/Notomys-macrotis/seq-run-1/53929_HTVLKBCX2_AGGTACC_S17_L002_001.fastp.decon.unmerged.fastq.gz]
Version 38.73

Set threads to 1
Initial:
Memory: max=30870m, total=30870m, free=30386m, used=484m

Set absorbContainment to false because it is not currently supported for paired reads.
Found 320054 duplicates.
Finished exact matches.    Time: 55.987 seconds.
Memory: max=30870m, total=30870m, free=25071m, used=5799m

Input:                  	4767336 reads 		393889870 bases.
Duplicates:             	320054 reads (6.71%) 	22650857 bases (5.75%)     	701460 collisions.
Result:                 	4447282 reads (93.29%) 	371239013 bases (94.25%)

Sorted output.             Time: 4.735 seconds.
Memory: max=30870m, total=30870m, free=25071m, used=5799m

Printed output.            Time: 41.339 seconds.
Memory: max=30870m, total=30870m, free=23588m, used=7282m

Time:                         	102.092 seconds.
Reads Processed:       4767k 	46.70k reads/sec
Bases Processed:        393m 	3.86m bases/sec
