java -ea -Xmx30g -Xms30g -cp /home/gregg_thomas/bin/bbmap/current/ jgi.Dedupe -Xmx30g t=1 in=/scratch/gregg_thomas/Murinae-seq/03A-Merged/Notomys-amplus/seq-run-2/53926_HTVLWBCX2_TTGGATC_S14_L002_001.fastp.decon.merged.fastq.gz ordered=t overwrite=true minidentity=100 out=/scratch/gregg_thomas/Murinae-seq/04A-Dedup/Notomys-amplus/seq-run-2/53926_HTVLWBCX2_TTGGATC_S14_L002_001.fastp.decon.merged.dedup.fastq.gz
Executing jgi.Dedupe [-Xmx30g, t=1, in=/scratch/gregg_thomas/Murinae-seq/03A-Merged/Notomys-amplus/seq-run-2/53926_HTVLWBCX2_TTGGATC_S14_L002_001.fastp.decon.merged.fastq.gz, ordered=t, overwrite=true, minidentity=100, out=/scratch/gregg_thomas/Murinae-seq/04A-Dedup/Notomys-amplus/seq-run-2/53926_HTVLWBCX2_TTGGATC_S14_L002_001.fastp.decon.merged.dedup.fastq.gz]
Version 38.73

Set threads to 1
Initial:
Memory: max=30870m, total=30870m, free=30386m, used=484m

Found 3694799 duplicates.
Finished exact matches.    Time: 161.912 seconds.
Memory: max=28633m, total=28633m, free=18773m, used=9860m

Found 3963954 contained sequences.
Finished containment.      Time: 407.681 seconds.
Memory: max=28633m, total=28633m, free=20152m, used=8481m

Removed 3963954 invalid entries.
Finished invalid removal.  Time: 2.733 seconds.
Memory: max=28633m, total=28633m, free=20003m, used=8630m

Input:                  	13832678 reads 		1342815940 bases.
Duplicates:             	3694799 reads (26.71%) 	349971183 bases (26.06%)     	0 collisions.
Containments:           	3963954 reads (28.66%) 	363533171 bases (27.07%)    	3060488889 collisions.
Result:                 	6173925 reads (44.63%) 	629311586 bases (46.87%)

Sorted output.             Time: 2.358 seconds.
Memory: max=28633m, total=28633m, free=19978m, used=8655m

Printed output.            Time: 35.670 seconds.
Memory: max=28633m, total=28633m, free=17834m, used=10799m

Time:                         	610.383 seconds.
Reads Processed:      13832k 	22.66k reads/sec
Bases Processed:       1342m 	2.20m bases/sec

