java -ea -Xmx30g -Xms30g -cp /home/gregg_thomas/bin/bbmap/current/ jgi.Dedupe -Xmx30g t=1 in1=/scratch/gregg_thomas/Murinae-seq/03A-Merged/Notomys-fuscus/seq-run-1/52924_AH7T2JBCX2_AGAAGAC_S7_L001_R1_001.fastp.decon.unmerged.fastq.gz in2=/scratch/gregg_thomas/Murinae-seq/03A-Merged/Notomys-fuscus/seq-run-1/52924_AH7T2JBCX2_AGAAGAC_S7_L001_R2_001.fastp.decon.unmerged.fastq.gz ordered=t overwrite=true minidentity=100 out=/scratch/gregg_thomas/Murinae-seq/04A-intermediate/Notomys-fuscus/seq-run-1/52924_AH7T2JBCX2_AGAAGAC_S7_L001_001.fastp.decon.unmerged.fastq.gz
Executing jgi.Dedupe [-Xmx30g, t=1, in1=/scratch/gregg_thomas/Murinae-seq/03A-Merged/Notomys-fuscus/seq-run-1/52924_AH7T2JBCX2_AGAAGAC_S7_L001_R1_001.fastp.decon.unmerged.fastq.gz, in2=/scratch/gregg_thomas/Murinae-seq/03A-Merged/Notomys-fuscus/seq-run-1/52924_AH7T2JBCX2_AGAAGAC_S7_L001_R2_001.fastp.decon.unmerged.fastq.gz, ordered=t, overwrite=true, minidentity=100, out=/scratch/gregg_thomas/Murinae-seq/04A-intermediate/Notomys-fuscus/seq-run-1/52924_AH7T2JBCX2_AGAAGAC_S7_L001_001.fastp.decon.unmerged.fastq.gz]
Version 38.73

Set threads to 1
Initial:
Memory: max=30870m, total=30870m, free=30386m, used=484m

Set absorbContainment to false because it is not currently supported for paired reads.
Found 532426 duplicates.
Finished exact matches.    Time: 42.013 seconds.
Memory: max=30870m, total=30870m, free=23300m, used=7570m

Input:                  	6783108 reads 		683669515 bases.
Duplicates:             	532426 reads (7.85%) 	53593681 bases (7.84%)     	226827 collisions.
Result:                 	6250682 reads (92.15%) 	630075834 bases (92.16%)

Sorted output.             Time: 1.523 seconds.
Memory: max=30870m, total=30870m, free=23139m, used=7731m

Printed output.            Time: 42.268 seconds.
Memory: max=30870m, total=30870m, free=25494m, used=5376m

Time:                         	85.824 seconds.
Reads Processed:       6783k 	79.03k reads/sec
Bases Processed:        683m 	7.97m bases/sec
