java -ea -Xmx30g -Xms30g -cp /home/gregg_thomas/bin/bbmap/current/ jgi.Dedupe -Xmx30g t=1 in1=/scratch/gregg_thomas/Murinae-seq/03A-Merged/Notomys-longicaudatus/seq-run-1/52956_BH7T33BCX2_GGTCAAG_S19_L001_R1_001.fastp.decon.unmerged.fastq.gz in2=/scratch/gregg_thomas/Murinae-seq/03A-Merged/Notomys-longicaudatus/seq-run-1/52956_BH7T33BCX2_GGTCAAG_S19_L001_R2_001.fastp.decon.unmerged.fastq.gz ordered=t overwrite=true minidentity=100 out=/scratch/gregg_thomas/Murinae-seq/04A-intermediate/Notomys-longicaudatus/seq-run-1/52956_BH7T33BCX2_GGTCAAG_S19_L001_001.fastp.decon.unmerged.fastq.gz
Executing jgi.Dedupe [-Xmx30g, t=1, in1=/scratch/gregg_thomas/Murinae-seq/03A-Merged/Notomys-longicaudatus/seq-run-1/52956_BH7T33BCX2_GGTCAAG_S19_L001_R1_001.fastp.decon.unmerged.fastq.gz, in2=/scratch/gregg_thomas/Murinae-seq/03A-Merged/Notomys-longicaudatus/seq-run-1/52956_BH7T33BCX2_GGTCAAG_S19_L001_R2_001.fastp.decon.unmerged.fastq.gz, ordered=t, overwrite=true, minidentity=100, out=/scratch/gregg_thomas/Murinae-seq/04A-intermediate/Notomys-longicaudatus/seq-run-1/52956_BH7T33BCX2_GGTCAAG_S19_L001_001.fastp.decon.unmerged.fastq.gz]
Version 38.73

Set threads to 1
Initial:
Memory: max=30870m, total=30870m, free=30386m, used=484m

Set absorbContainment to false because it is not currently supported for paired reads.
Found 1036878 duplicates.
Finished exact matches.    Time: 70.300 seconds.
Memory: max=30870m, total=30870m, free=22817m, used=8053m

Input:                  	7593648 reads 		702034669 bases.
Duplicates:             	1036878 reads (13.65%) 	91065481 bases (12.97%)     	1174654 collisions.
Result:                 	6556770 reads (86.35%) 	610969188 bases (87.03%)

Sorted output.             Time: 6.195 seconds.
Memory: max=30870m, total=30870m, free=26251m, used=4619m

Printed output.            Time: 59.837 seconds.
Memory: max=30870m, total=30870m, free=24099m, used=6771m

Time:                         	136.351 seconds.
Reads Processed:       7593k 	55.69k reads/sec
Bases Processed:        702m 	5.15m bases/sec
