java -ea -Xmx30g -Xms30g -cp /home/gregg_thomas/bin/bbmap/current/ jgi.Dedupe -Xmx30g t=1 in1=/scratch/gregg_thomas/Murinae-seq/03A-Merged/Paraleptomys-sp/hiseq4000-paired-1/SM065_CKDL190143344-1a-D706-AK1682_H7275BBXX_L3_R1_.fastp.decon.unmerged.fastq.gz in2=/scratch/gregg_thomas/Murinae-seq/03A-Merged/Paraleptomys-sp/hiseq4000-paired-1/SM065_CKDL190143344-1a-D706-AK1682_H7275BBXX_L3_R2_.fastp.decon.unmerged.fastq.gz ordered=t overwrite=true minidentity=100 out=/scratch/gregg_thomas/Murinae-seq/04A-intermediate/Paraleptomys-sp/hiseq4000-paired-1/SM065_CKDL190143344-1a-D706-AK1682_H7275BBXX_L3_.fastp.decon.unmerged.fastq.gz
Executing jgi.Dedupe [-Xmx30g, t=1, in1=/scratch/gregg_thomas/Murinae-seq/03A-Merged/Paraleptomys-sp/hiseq4000-paired-1/SM065_CKDL190143344-1a-D706-AK1682_H7275BBXX_L3_R1_.fastp.decon.unmerged.fastq.gz, in2=/scratch/gregg_thomas/Murinae-seq/03A-Merged/Paraleptomys-sp/hiseq4000-paired-1/SM065_CKDL190143344-1a-D706-AK1682_H7275BBXX_L3_R2_.fastp.decon.unmerged.fastq.gz, ordered=t, overwrite=true, minidentity=100, out=/scratch/gregg_thomas/Murinae-seq/04A-intermediate/Paraleptomys-sp/hiseq4000-paired-1/SM065_CKDL190143344-1a-D706-AK1682_H7275BBXX_L3_.fastp.decon.unmerged.fastq.gz]
Version 38.73

Set threads to 1
Initial:
Memory: max=30870m, total=30870m, free=30547m, used=323m

Set absorbContainment to false because it is not currently supported for paired reads.
Found 1941138 duplicates.
Finished exact matches.    Time: 183.841 seconds.
Memory: max=30870m, total=30870m, free=21571m, used=9299m

Input:                  	11295164 reads 		1683151591 bases.
Duplicates:             	1941138 reads (17.19%) 	289807245 bases (17.22%)     	959519 collisions.
Result:                 	9354026 reads (82.81%) 	1393344346 bases (82.78%)

Sorted output.             Time: 9.717 seconds.
Memory: max=30870m, total=30870m, free=21491m, used=9379m

Printed output.            Time: 115.944 seconds.
Memory: max=30870m, total=30870m, free=23168m, used=7702m

Time:                         	309.530 seconds.
Reads Processed:      11295k 	36.49k reads/sec
Bases Processed:       1683m 	5.44m bases/sec
