java -ea -Xmx30g -Xms30g -cp /home/gregg_thomas/bin/bbmap/current/ jgi.Dedupe -Xmx30g t=1 in1=/scratch/gregg_thomas/Murinae-seq/03A-Merged/Paruromys-dominator/miseq-paired/JAE4870_S40_L001_R1_001.fastp.decon.unmerged.fastq.gz in2=/scratch/gregg_thomas/Murinae-seq/03A-Merged/Paruromys-dominator/miseq-paired/JAE4870_S40_L001_R2_001.fastp.decon.unmerged.fastq.gz ordered=t overwrite=true minidentity=100 out=/scratch/gregg_thomas/Murinae-seq/04A-intermediate/Paruromys-dominator/miseq-paired/JAE4870_S40_L001_001.fastp.decon.unmerged.fastq.gz
Executing jgi.Dedupe [-Xmx30g, t=1, in1=/scratch/gregg_thomas/Murinae-seq/03A-Merged/Paruromys-dominator/miseq-paired/JAE4870_S40_L001_R1_001.fastp.decon.unmerged.fastq.gz, in2=/scratch/gregg_thomas/Murinae-seq/03A-Merged/Paruromys-dominator/miseq-paired/JAE4870_S40_L001_R2_001.fastp.decon.unmerged.fastq.gz, ordered=t, overwrite=true, minidentity=100, out=/scratch/gregg_thomas/Murinae-seq/04A-intermediate/Paruromys-dominator/miseq-paired/JAE4870_S40_L001_001.fastp.decon.unmerged.fastq.gz]
Version 38.73

Set threads to 1
Initial:
Memory: max=30870m, total=30870m, free=30386m, used=484m

Set absorbContainment to false because it is not currently supported for paired reads.
Found 3738 duplicates.
Finished exact matches.    Time: 7.704 seconds.
Memory: max=30870m, total=30870m, free=28937m, used=1933m

Input:                  	506128 reads 		39470540 bases.
Duplicates:             	3738 reads (0.74%) 	291550 bases (0.74%)     	5793 collisions.
Result:                 	502390 reads (99.26%) 	39178990 bases (99.26%)

Sorted output.             Time: 0.274 seconds.
Memory: max=30870m, total=30870m, free=28937m, used=1933m

Printed output.            Time: 6.567 seconds.
Memory: max=30870m, total=30870m, free=28776m, used=2094m

Time:                         	14.565 seconds.
Reads Processed:        506k 	34.75k reads/sec
Bases Processed:      39470k 	2.71m bases/sec

