java -ea -Xmx30g -Xms30g -cp /home/gregg_thomas/bin/bbmap/current/ jgi.Dedupe -Xmx30g t=1 in1=/scratch/gregg_thomas/Murinae-seq/03A-Merged/Paucidentomys-vermidax/nextseq-paired-2/Z21914_S17_L002_R1_001.fastp.decon.unmerged.fastq.gz in2=/scratch/gregg_thomas/Murinae-seq/03A-Merged/Paucidentomys-vermidax/nextseq-paired-2/Z21914_S17_L002_R2_001.fastp.decon.unmerged.fastq.gz ordered=t overwrite=true minidentity=100 out=/scratch/gregg_thomas/Murinae-seq/04A-intermediate/Paucidentomys-vermidax/nextseq-paired-2/Z21914_S17_L002_001.fastp.decon.unmerged.fastq.gz
Executing jgi.Dedupe [-Xmx30g, t=1, in1=/scratch/gregg_thomas/Murinae-seq/03A-Merged/Paucidentomys-vermidax/nextseq-paired-2/Z21914_S17_L002_R1_001.fastp.decon.unmerged.fastq.gz, in2=/scratch/gregg_thomas/Murinae-seq/03A-Merged/Paucidentomys-vermidax/nextseq-paired-2/Z21914_S17_L002_R2_001.fastp.decon.unmerged.fastq.gz, ordered=t, overwrite=true, minidentity=100, out=/scratch/gregg_thomas/Murinae-seq/04A-intermediate/Paucidentomys-vermidax/nextseq-paired-2/Z21914_S17_L002_001.fastp.decon.unmerged.fastq.gz]
Version 38.73

Set threads to 1
Initial:
Memory: max=30870m, total=30870m, free=30386m, used=484m

Set absorbContainment to false because it is not currently supported for paired reads.
Found 160782 duplicates.
Finished exact matches.    Time: 60.087 seconds.
Memory: max=30870m, total=30870m, free=25877m, used=4993m

Input:                  	3960226 reads 		298877439 bases.
Duplicates:             	160782 reads (4.06%) 	12137832 bases (4.06%)     	104800 collisions.
Result:                 	3799444 reads (95.94%) 	286739607 bases (95.94%)

Sorted output.             Time: 1.606 seconds.
Memory: max=30870m, total=30870m, free=25877m, used=4993m

Printed output.            Time: 36.590 seconds.
Memory: max=30870m, total=30870m, free=24749m, used=6121m

Time:                         	98.300 seconds.
Reads Processed:       3960k 	40.29k reads/sec
Bases Processed:        298m 	3.04m bases/sec
