java -ea -Xmx30g -Xms30g -cp /home/gregg_thomas/bin/bbmap/current/ jgi.Dedupe -Xmx30g t=1 in=/scratch/gregg_thomas/Murinae-seq/03A-Merged/Praomys-degraaffi/nextseq-single-1/TCD4312_S38_L002_R1_001.fastp.decon.fastq.gz ordered=t overwrite=true minidentity=100 out=/scratch/gregg_thomas/Murinae-seq/04A-Dedup/Praomys-degraaffi/nextseq-single-1/TCD4312_S38_L002_R1_001.fastp.decon.dedup.fastq.gz
Executing jgi.Dedupe [-Xmx30g, t=1, in=/scratch/gregg_thomas/Murinae-seq/03A-Merged/Praomys-degraaffi/nextseq-single-1/TCD4312_S38_L002_R1_001.fastp.decon.fastq.gz, ordered=t, overwrite=true, minidentity=100, out=/scratch/gregg_thomas/Murinae-seq/04A-Dedup/Praomys-degraaffi/nextseq-single-1/TCD4312_S38_L002_R1_001.fastp.decon.dedup.fastq.gz]
Version 38.73

Set threads to 1
Initial:
Memory: max=30870m, total=30870m, free=30386m, used=484m

Found 44893 duplicates.
Finished exact matches.    Time: 13.527 seconds.
Memory: max=30870m, total=30870m, free=24135m, used=6735m

Found 2483 contained sequences.
Finished containment.      Time: 2.458 seconds.
Memory: max=30870m, total=30870m, free=23729m, used=7141m

Removed 2483 invalid entries.
Finished invalid removal.  Time: 0.110 seconds.
Memory: max=30870m, total=30870m, free=23729m, used=7141m

Input:                  	588476 reads 		44457620 bases.
Duplicates:             	44893 reads (7.63%) 	3393773 bases (7.63%)     	0 collisions.
Containments:           	2483 reads (0.42%) 	184137 bases (0.41%)    	559382 collisions.
Result:                 	541100 reads (91.95%) 	40879710 bases (91.95%)

Sorted output.             Time: 0.164 seconds.
Memory: max=30870m, total=30870m, free=23729m, used=7141m

Printed output.            Time: 4.769 seconds.
Memory: max=30870m, total=30870m, free=23465m, used=7405m

Time:                         	21.059 seconds.
Reads Processed:        588k 	27.94k reads/sec
Bases Processed:      44457k 	2.11m bases/sec
