java -ea -Xmx30g -Xms30g -cp /home/gregg_thomas/bin/bbmap/current/ jgi.Dedupe -Xmx30g t=1 in=/scratch/gregg_thomas/Murinae-seq/03A-Merged/Praomys-degraaffi/nextseq-paired-2/TCD4312_S6_L002_001.fastp.decon.merged.fastq.gz ordered=t overwrite=true minidentity=100 out=/scratch/gregg_thomas/Murinae-seq/04A-Dedup/Praomys-degraaffi/nextseq-paired-2/TCD4312_S6_L002_001.fastp.decon.merged.dedup.fastq.gz
Executing jgi.Dedupe [-Xmx30g, t=1, in=/scratch/gregg_thomas/Murinae-seq/03A-Merged/Praomys-degraaffi/nextseq-paired-2/TCD4312_S6_L002_001.fastp.decon.merged.fastq.gz, ordered=t, overwrite=true, minidentity=100, out=/scratch/gregg_thomas/Murinae-seq/04A-Dedup/Praomys-degraaffi/nextseq-paired-2/TCD4312_S6_L002_001.fastp.decon.merged.dedup.fastq.gz]
Version 38.73

Set threads to 1
Initial:
Memory: max=30870m, total=30870m, free=30386m, used=484m

Found 340911 duplicates.
Finished exact matches.    Time: 26.786 seconds.
Memory: max=30870m, total=30870m, free=23227m, used=7643m

Found 95882 contained sequences.
Finished containment.      Time: 6.515 seconds.
Memory: max=30870m, total=30870m, free=30229m, used=641m

Removed 95882 invalid entries.
Finished invalid removal.  Time: 0.227 seconds.
Memory: max=30870m, total=30870m, free=30229m, used=641m

Input:                  	763524 reads 		117611105 bases.
Duplicates:             	340911 reads (44.65%) 	53821196 bases (45.76%)     	0 collisions.
Containments:           	95882 reads (12.56%) 	13605941 bases (11.57%)    	721719 collisions.
Result:                 	326731 reads (42.79%) 	50183968 bases (42.67%)

Sorted output.             Time: 0.230 seconds.
Memory: max=30870m, total=30870m, free=30229m, used=641m

Printed output.            Time: 3.739 seconds.
Memory: max=30870m, total=30870m, free=29950m, used=920m

Time:                         	37.545 seconds.
Reads Processed:        763k 	20.34k reads/sec
Bases Processed:        117m 	3.13m bases/sec
