java -ea -Xmx30g -Xms30g -cp /home/gregg_thomas/bin/bbmap/current/ jgi.Dedupe -Xmx30g t=1 in=/scratch/gregg_thomas/Murinae-seq/03A-Merged/Pseudomys-occidentalis/seq-run-2/52939_BH7T77BCX2_AGCCTTG_S2_L002_001.fastp.decon.merged.fastq.gz ordered=t overwrite=true minidentity=100 out=/scratch/gregg_thomas/Murinae-seq/04A-Dedup/Pseudomys-occidentalis/seq-run-2/52939_BH7T77BCX2_AGCCTTG_S2_L002_001.fastp.decon.merged.dedup.fastq.gz
Executing jgi.Dedupe [-Xmx30g, t=1, in=/scratch/gregg_thomas/Murinae-seq/03A-Merged/Pseudomys-occidentalis/seq-run-2/52939_BH7T77BCX2_AGCCTTG_S2_L002_001.fastp.decon.merged.fastq.gz, ordered=t, overwrite=true, minidentity=100, out=/scratch/gregg_thomas/Murinae-seq/04A-Dedup/Pseudomys-occidentalis/seq-run-2/52939_BH7T77BCX2_AGCCTTG_S2_L002_001.fastp.decon.merged.dedup.fastq.gz]
Version 38.73

Set threads to 1
Initial:
Memory: max=30870m, total=30870m, free=30547m, used=323m

Found 392783 duplicates.
Finished exact matches.    Time: 39.210 seconds.
Memory: max=30870m, total=30870m, free=23633m, used=7237m

Found 1161796 contained sequences.
Finished containment.      Time: 78.810 seconds.
Memory: max=30870m, total=30870m, free=22959m, used=7911m

Removed 1161796 invalid entries.
Finished invalid removal.  Time: 1.176 seconds.
Memory: max=30870m, total=30870m, free=22959m, used=7911m

Input:                  	3101648 reads 		560504151 bases.
Duplicates:             	392783 reads (12.66%) 	68907934 bases (12.29%)     	0 collisions.
Containments:           	1161796 reads (37.46%) 	196390712 bases (35.04%)    	93090323 collisions.
Result:                 	1547069 reads (49.88%) 	295205505 bases (52.67%)

Sorted output.             Time: 0.700 seconds.
Memory: max=30870m, total=30870m, free=22959m, used=7911m

Printed output.            Time: 22.173 seconds.
Memory: max=30870m, total=30870m, free=22019m, used=8851m

Time:                         	142.098 seconds.
Reads Processed:       3101k 	21.83k reads/sec
Bases Processed:        560m 	3.94m bases/sec
