java -ea -Xmx30g -Xms30g -cp /home/gregg_thomas/bin/bbmap/current/ jgi.Dedupe -Xmx30g t=1 in=/scratch/gregg_thomas/Murinae-seq/03A-Merged/Pseudomys-gracilicaudatus/seq-run-2/52934_AH7T7NBCX2_TTCAACC_S17_L002_001.fastp.decon.merged.fastq.gz ordered=t overwrite=true minidentity=100 out=/scratch/gregg_thomas/Murinae-seq/04A-Dedup/Pseudomys-gracilicaudatus/seq-run-2/52934_AH7T7NBCX2_TTCAACC_S17_L002_001.fastp.decon.merged.dedup.fastq.gz
Executing jgi.Dedupe [-Xmx30g, t=1, in=/scratch/gregg_thomas/Murinae-seq/03A-Merged/Pseudomys-gracilicaudatus/seq-run-2/52934_AH7T7NBCX2_TTCAACC_S17_L002_001.fastp.decon.merged.fastq.gz, ordered=t, overwrite=true, minidentity=100, out=/scratch/gregg_thomas/Murinae-seq/04A-Dedup/Pseudomys-gracilicaudatus/seq-run-2/52934_AH7T7NBCX2_TTCAACC_S17_L002_001.fastp.decon.merged.dedup.fastq.gz]
Version 38.73

Set threads to 1
Initial:
Memory: max=30870m, total=30870m, free=30547m, used=323m

Found 517532 duplicates.
Finished exact matches.    Time: 46.703 seconds.
Memory: max=30870m, total=30870m, free=23525m, used=7345m

Found 1234362 contained sequences.
Finished containment.      Time: 109.957 seconds.
Memory: max=30870m, total=30870m, free=23204m, used=7666m

Removed 1234362 invalid entries.
Finished invalid removal.  Time: 1.889 seconds.
Memory: max=30870m, total=30870m, free=23204m, used=7666m

Input:                  	3382514 reads 		602365973 bases.
Duplicates:             	517532 reads (15.30%) 	88409324 bases (14.68%)     	0 collisions.
Containments:           	1234362 reads (36.49%) 	204864041 bases (34.01%)    	151646033 collisions.
Result:                 	1630620 reads (48.21%) 	309092608 bases (51.31%)

Sorted output.             Time: 2.244 seconds.
Memory: max=30870m, total=30870m, free=23124m, used=7746m

Printed output.            Time: 21.636 seconds.
Memory: max=30870m, total=30870m, free=22131m, used=8739m

Time:                         	182.460 seconds.
Reads Processed:       3382k 	18.54k reads/sec
Bases Processed:        602m 	3.30m bases/sec
