java -ea -Xmx30g -Xms30g -cp /home/gregg_thomas/bin/bbmap/current/ jgi.Dedupe -Xmx30g t=1 in1=/scratch/gregg_thomas/Murinae-seq/03A-Merged/Pseudomys-gouldii/seq-run-2/52955_BH7T77BCX2_AGCAGGT_S18_L002_R1_001.fastp.decon.unmerged.fastq.gz in2=/scratch/gregg_thomas/Murinae-seq/03A-Merged/Pseudomys-gouldii/seq-run-2/52955_BH7T77BCX2_AGCAGGT_S18_L002_R2_001.fastp.decon.unmerged.fastq.gz ordered=t overwrite=true minidentity=100 out=/scratch/gregg_thomas/Murinae-seq/04A-intermediate/Pseudomys-gouldii/seq-run-2/52955_BH7T77BCX2_AGCAGGT_S18_L002_001.fastp.decon.unmerged.fastq.gz
Executing jgi.Dedupe [-Xmx30g, t=1, in1=/scratch/gregg_thomas/Murinae-seq/03A-Merged/Pseudomys-gouldii/seq-run-2/52955_BH7T77BCX2_AGCAGGT_S18_L002_R1_001.fastp.decon.unmerged.fastq.gz, in2=/scratch/gregg_thomas/Murinae-seq/03A-Merged/Pseudomys-gouldii/seq-run-2/52955_BH7T77BCX2_AGCAGGT_S18_L002_R2_001.fastp.decon.unmerged.fastq.gz, ordered=t, overwrite=true, minidentity=100, out=/scratch/gregg_thomas/Murinae-seq/04A-intermediate/Pseudomys-gouldii/seq-run-2/52955_BH7T77BCX2_AGCAGGT_S18_L002_001.fastp.decon.unmerged.fastq.gz]
Version 38.73

Set threads to 1
Initial:
Memory: max=30870m, total=30870m, free=30386m, used=484m

Set absorbContainment to false because it is not currently supported for paired reads.
Found 648744 duplicates.
Finished exact matches.    Time: 79.469 seconds.
Memory: max=30870m, total=30870m, free=23783m, used=7087m

Input:                  	6203606 reads 		569133681 bases.
Duplicates:             	648744 reads (10.46%) 	56401263 bases (9.91%)     	1005464 collisions.
Result:                 	5554862 reads (89.54%) 	512732418 bases (90.09%)

Sorted output.             Time: 4.563 seconds.
Memory: max=30870m, total=30870m, free=23622m, used=7248m

Printed output.            Time: 64.655 seconds.
Memory: max=30870m, total=30870m, free=27659m, used=3211m

Time:                         	148.736 seconds.
Reads Processed:       6203k 	41.71k reads/sec
Bases Processed:        569m 	3.83m bases/sec

