java -ea -Xmx30g -Xms30g -cp /home/gregg_thomas/bin/bbmap/current/ jgi.Dedupe -Xmx30g t=1 in1=/scratch/gregg_thomas/Murinae-seq/03A-Merged/Pseudomys-apodemoides/seq-run-1/52931_AH7T2JBCX2_GACGATT_S14_L001_R1_001.fastp.decon.unmerged.fastq.gz in2=/scratch/gregg_thomas/Murinae-seq/03A-Merged/Pseudomys-apodemoides/seq-run-1/52931_AH7T2JBCX2_GACGATT_S14_L001_R2_001.fastp.decon.unmerged.fastq.gz ordered=t overwrite=true minidentity=100 out=/scratch/gregg_thomas/Murinae-seq/04A-intermediate/Pseudomys-apodemoides/seq-run-1/52931_AH7T2JBCX2_GACGATT_S14_L001_001.fastp.decon.unmerged.fastq.gz
Executing jgi.Dedupe [-Xmx30g, t=1, in1=/scratch/gregg_thomas/Murinae-seq/03A-Merged/Pseudomys-apodemoides/seq-run-1/52931_AH7T2JBCX2_GACGATT_S14_L001_R1_001.fastp.decon.unmerged.fastq.gz, in2=/scratch/gregg_thomas/Murinae-seq/03A-Merged/Pseudomys-apodemoides/seq-run-1/52931_AH7T2JBCX2_GACGATT_S14_L001_R2_001.fastp.decon.unmerged.fastq.gz, ordered=t, overwrite=true, minidentity=100, out=/scratch/gregg_thomas/Murinae-seq/04A-intermediate/Pseudomys-apodemoides/seq-run-1/52931_AH7T2JBCX2_GACGATT_S14_L001_001.fastp.decon.unmerged.fastq.gz]
Version 38.73

Set threads to 1
Initial:
Memory: max=30870m, total=30870m, free=30386m, used=484m

Set absorbContainment to false because it is not currently supported for paired reads.
Found 699030 duplicates.
Finished exact matches.    Time: 65.567 seconds.
Memory: max=30870m, total=30870m, free=25482m, used=5388m

Input:                  	7684302 reads 		774994550 bases.
Duplicates:             	699030 reads (9.10%) 	70450244 bases (9.09%)     	265082 collisions.
Result:                 	6985272 reads (90.90%) 	704544306 bases (90.91%)

Sorted output.             Time: 2.651 seconds.
Memory: max=30870m, total=30870m, free=25401m, used=5469m

Printed output.            Time: 47.520 seconds.
Memory: max=30870m, total=30870m, free=22975m, used=7895m

Time:                         	115.762 seconds.
Reads Processed:       7684k 	66.38k reads/sec
Bases Processed:        774m 	6.69m bases/sec
