java -ea -Xmx30g -Xms30g -cp /home/gregg_thomas/bin/bbmap/current/ jgi.Dedupe -Xmx30g t=1 in=/scratch/gregg_thomas/Murinae-seq/03A-Merged/Pseudomys-novaehollandiae/seq-run-2/53927_HTVLWBCX2_CGACCTG_S15_L002_001.fastp.decon.merged.fastq.gz ordered=t overwrite=true minidentity=100 out=/scratch/gregg_thomas/Murinae-seq/04A-Dedup/Pseudomys-novaehollandiae/seq-run-2/53927_HTVLWBCX2_CGACCTG_S15_L002_001.fastp.decon.merged.dedup.fastq.gz
Executing jgi.Dedupe [-Xmx30g, t=1, in=/scratch/gregg_thomas/Murinae-seq/03A-Merged/Pseudomys-novaehollandiae/seq-run-2/53927_HTVLWBCX2_CGACCTG_S15_L002_001.fastp.decon.merged.fastq.gz, ordered=t, overwrite=true, minidentity=100, out=/scratch/gregg_thomas/Murinae-seq/04A-Dedup/Pseudomys-novaehollandiae/seq-run-2/53927_HTVLWBCX2_CGACCTG_S15_L002_001.fastp.decon.merged.dedup.fastq.gz]
Version 38.73

Set threads to 1
Initial:
Memory: max=30870m, total=30870m, free=30386m, used=484m

Found 2240599 duplicates.
Finished exact matches.    Time: 159.348 seconds.
Memory: max=28633m, total=26396m, free=17545m, used=8851m
FFound 4664300 contained sequences.
Finished containment.      Time: 370.902 seconds.
Memory: max=28633m, total=26396m, free=17073m, used=9323m

Removed 4664300 invalid entries.
Finished invalid removal.  Time: 5.101 seconds.
Memory: max=28633m, total=26396m, free=16957m, used=9439m

Input:                  	11147904 reads 		1225071277 bases.
Duplicates:             	2240599 reads (20.10%) 	230008902 bases (18.78%)     	0 collisions.
Containments:           	4664300 reads (41.84%) 	477829033 bases (39.00%)    	1754469739 collisions.
Result:                 	4243005 reads (38.06%) 	517233342 bases (42.22%)

Sorted output.             Time: 3.266 seconds.
Memory: max=28633m, total=26396m, free=16817m, used=9579m

Printed output.            Time: 42.096 seconds.
Memory: max=28633m, total=28633m, free=20152m, used=8481m

Time:                         	580.738 seconds.
Reads Processed:      11147k 	19.20k reads/sec
Bases Processed:       1225m 	2.11m bases/sec
c
