java -ea -Xmx30g -Xms30g -cp /home/gregg_thomas/bin/bbmap/current/ jgi.Dedupe -Xmx30g t=1 in=/scratch/gregg_thomas/Murinae-seq/03A-Merged/Pseudomys-australis/seq-run-2/52932_AH7T7NBCX2_TAGGCCG_S15_L001_001.fastp.decon.merged.fastq.gz ordered=t overwrite=true minidentity=100 out=/scratch/gregg_thomas/Murinae-seq/04A-Dedup/Pseudomys-australis/seq-run-2/52932_AH7T7NBCX2_TAGGCCG_S15_L001_001.fastp.decon.merged.dedup.fastq.gz
Executing jgi.Dedupe [-Xmx30g, t=1, in=/scratch/gregg_thomas/Murinae-seq/03A-Merged/Pseudomys-australis/seq-run-2/52932_AH7T7NBCX2_TAGGCCG_S15_L001_001.fastp.decon.merged.fastq.gz, ordered=t, overwrite=true, minidentity=100, out=/scratch/gregg_thomas/Murinae-seq/04A-Dedup/Pseudomys-australis/seq-run-2/52932_AH7T7NBCX2_TAGGCCG_S15_L001_001.fastp.decon.merged.dedup.fastq.gz]
Version 38.73

Set threads to 1
Initial:
Memory: max=30870m, total=30870m, free=30547m, used=323m

Found 684708 duplicates.
Finished exact matches.    Time: 45.452 seconds.
Memory: max=30870m, total=30870m, free=22563m, used=8307m

Found 1729925 contained sequences.
Finished containment.      Time: 93.658 seconds.
Memory: max=30870m, total=30870m, free=22154m, used=8716m

Removed 1729925 invalid entries.
Finished invalid removal.  Time: 1.547 seconds.
Memory: max=30870m, total=30870m, free=22154m, used=8716m

Input:                  	4419911 reads 		798212495 bases.
Duplicates:             	684708 reads (15.49%) 	118715191 bases (14.87%)     	0 collisions.
Containments:           	1729925 reads (39.14%) 	293137583 bases (36.72%)    	200239988 collisions.
Result:                 	2005278 reads (45.37%) 	386359721 bases (48.40%)

Sorted output.             Time: 1.118 seconds.
Memory: max=30870m, total=30870m, free=22073m, used=8797m

Printed output.            Time: 22.818 seconds.
Memory: max=30399m, total=30399m, free=28248m, used=2151m

Time:                         	164.615 seconds.
Reads Processed:       4419k 	26.85k reads/sec
Bases Processed:        798m 	4.85m bases/sec

