java -ea -Xmx30g -Xms30g -cp /home/gregg_thomas/bin/bbmap/current/ jgi.Dedupe -Xmx30g t=1 in=/scratch/gregg_thomas/Murinae-seq/03A-Merged/Pseudomys-auritus/seq-run-1/53928_HTVLKBCX2_TAATGCG_S16_L001_001.fastp.decon.merged.fastq.gz ordered=t overwrite=true minidentity=100 out=/scratch/gregg_thomas/Murinae-seq/04A-Dedup/Pseudomys-auritus/seq-run-1/53928_HTVLKBCX2_TAATGCG_S16_L001_001.fastp.decon.merged.dedup.fastq.gz
Executing jgi.Dedupe [-Xmx30g, t=1, in=/scratch/gregg_thomas/Murinae-seq/03A-Merged/Pseudomys-auritus/seq-run-1/53928_HTVLKBCX2_TAATGCG_S16_L001_001.fastp.decon.merged.fastq.gz, ordered=t, overwrite=true, minidentity=100, out=/scratch/gregg_thomas/Murinae-seq/04A-Dedup/Pseudomys-auritus/seq-run-1/53928_HTVLKBCX2_TAATGCG_S16_L001_001.fastp.decon.merged.dedup.fastq.gz]
Version 38.73

Set threads to 1
Initial:
Memory: max=30870m, total=30870m, free=30386m, used=484m

Found 166077 duplicates.
Finished exact matches.    Time: 10.514 seconds.
Memory: max=30870m, total=30870m, free=23218m, used=7652m

Found 100123 contained sequences.
Finished containment.      Time: 43.889 seconds.
Memory: max=30870m, total=30870m, free=22851m, used=8019m

Removed 100123 invalid entries.
Finished invalid removal.  Time: 0.311 seconds.
Memory: max=30870m, total=30870m, free=22851m, used=8019m

Input:                  	669875 reads 		63097596 bases.
Duplicates:             	166077 reads (24.79%) 	15588556 bases (24.71%)     	0 collisions.
Containments:           	100123 reads (14.95%) 	7897618 bases (12.52%)    	293756933 collisions.
Result:                 	403675 reads (60.26%) 	39611422 bases (62.78%)

Sorted output.             Time: 0.288 seconds.
Memory: max=30870m, total=30870m, free=22851m, used=8019m

Printed output.            Time: 3.230 seconds.
Memory: max=30870m, total=30870m, free=30592m, used=278m

Time:                         	58.267 seconds.
Reads Processed:        669k 	11.50k reads/sec
Bases Processed:      63097k 	1.08m bases/sec
