java -ea -Xmx30g -Xms30g -cp /home/gregg_thomas/bin/bbmap/current/ jgi.Dedupe -Xmx30g t=1 in=/scratch/gregg_thomas/Murinae-seq/03A-Merged/Pseudomys-gracilicaudatus/seq-run-1/52934_AH7T2JBCX2_TTCAACC_S17_L001_001.fastp.decon.merged.fastq.gz ordered=t overwrite=true minidentity=100 out=/scratch/gregg_thomas/Murinae-seq/04A-Dedup/Pseudomys-gracilicaudatus/seq-run-1/52934_AH7T2JBCX2_TTCAACC_S17_L001_001.fastp.decon.merged.dedup.fastq.gz
Executing jgi.Dedupe [-Xmx30g, t=1, in=/scratch/gregg_thomas/Murinae-seq/03A-Merged/Pseudomys-gracilicaudatus/seq-run-1/52934_AH7T2JBCX2_TTCAACC_S17_L001_001.fastp.decon.merged.fastq.gz, ordered=t, overwrite=true, minidentity=100, out=/scratch/gregg_thomas/Murinae-seq/04A-Dedup/Pseudomys-gracilicaudatus/seq-run-1/52934_AH7T2JBCX2_TTCAACC_S17_L001_001.fastp.decon.merged.dedup.fastq.gz]
Version 38.73

Set threads to 1
Initial:
Memory: max=30870m, total=30870m, free=30386m, used=484m

Found 1394357 duplicates.
Finished exact matches.    Time: 119.879 seconds.
Memory: max=30870m, total=30870m, free=21448m, used=9422m

Found 2274501 contained sequences.
Finished containment.      Time: 206.597 seconds.
Memory: max=28633m, total=26720m, free=21773m, used=4947m

Removed 2274501 invalid entries.
Finished invalid removal.  Time: 3.394 seconds.
Memory: max=28633m, total=26720m, free=21718m, used=5002m

Input:                  	6004871 reads 		1080955872 bases.
Duplicates:             	1394357 reads (23.22%) 	241695463 bases (22.36%)     	0 collisions.
Containments:           	2274501 reads (37.88%) 	385507095 bases (35.66%)    	512041487 collisions.
Result:                 	2336013 reads (38.90%) 	453753314 bases (41.98%)

Sorted output.             Time: 1.584 seconds.
Memory: max=28633m, total=26720m, free=21625m, used=5095m

Printed output.            Time: 32.014 seconds.
Memory: max=28633m, total=26720m, free=20263m, used=6457m

Time:                         	363.499 seconds.
Reads Processed:       6004k 	16.52k reads/sec
Bases Processed:       1080m 	2.97m bases/sec
