java -ea -Xmx30g -Xms30g -cp /home/gregg_thomas/bin/bbmap/current/ jgi.Dedupe -Xmx30g t=1 in1=/scratch/gregg_thomas/Murinae-seq/03A-Merged/Pseudomys-auritus/seq-run-2/53928_HTVLWBCX2_TAATGCG_S16_L002_R1_001.fastp.decon.unmerged.fastq.gz in2=/scratch/gregg_thomas/Murinae-seq/03A-Merged/Pseudomys-auritus/seq-run-2/53928_HTVLWBCX2_TAATGCG_S16_L002_R2_001.fastp.decon.unmerged.fastq.gz ordered=t overwrite=true minidentity=100 out=/scratch/gregg_thomas/Murinae-seq/04A-intermediate/Pseudomys-auritus/seq-run-2/53928_HTVLWBCX2_TAATGCG_S16_L002_001.fastp.decon.unmerged.fastq.gz
Executing jgi.Dedupe [-Xmx30g, t=1, in1=/scratch/gregg_thomas/Murinae-seq/03A-Merged/Pseudomys-auritus/seq-run-2/53928_HTVLWBCX2_TAATGCG_S16_L002_R1_001.fastp.decon.unmerged.fastq.gz, in2=/scratch/gregg_thomas/Murinae-seq/03A-Merged/Pseudomys-auritus/seq-run-2/53928_HTVLWBCX2_TAATGCG_S16_L002_R2_001.fastp.decon.unmerged.fastq.gz, ordered=t, overwrite=true, minidentity=100, out=/scratch/gregg_thomas/Murinae-seq/04A-intermediate/Pseudomys-auritus/seq-run-2/53928_HTVLWBCX2_TAATGCG_S16_L002_001.fastp.decon.unmerged.fastq.gz]
Version 38.73

Set threads to 1
Initial:
Memory: max=30870m, total=30870m, free=30547m, used=323m

Set absorbContainment to false because it is not currently supported for paired reads.
Found 50126 duplicates.
Finished exact matches.    Time: 8.466 seconds.
Memory: max=30870m, total=30870m, free=28454m, used=2416m

Input:                  	919892 reads 		81166338 bases.
Duplicates:             	50126 reads (5.45%) 	4202216 bases (5.18%)     	122497 collisions.
Result:                 	869766 reads (94.55%) 	76964122 bases (94.82%)

Sorted output.             Time: 0.364 seconds.
Memory: max=30870m, total=30870m, free=28454m, used=2416m

Printed output.            Time: 6.666 seconds.
Memory: max=30870m, total=30870m, free=28131m, used=2739m

Time:                         	15.517 seconds.
Reads Processed:        919k 	59.28k reads/sec
Bases Processed:      81166k 	5.23m bases/sec
