java -ea -Xmx30g -Xms30g -cp /home/gregg_thomas/bin/bbmap/current/ jgi.Dedupe -Xmx30g t=1 in=/scratch/gregg_thomas/Murinae-seq/03A-Merged/Rattus-xanthurus/hiseq4000-paired-1/REC17_CKDL190143344-1a-D705-AK1545_H7275BBXX_L3_.fastp.decon.merged.fastq.gz ordered=t overwrite=true minidentity=100 out=/scratch/gregg_thomas/Murinae-seq/04A-Dedup/Rattus-xanthurus/hiseq4000-paired-1/REC17_CKDL190143344-1a-D705-AK1545_H7275BBXX_L3_.fastp.decon.merged.dedup.fastq.gz
Executing jgi.Dedupe [-Xmx30g, t=1, in=/scratch/gregg_thomas/Murinae-seq/03A-Merged/Rattus-xanthurus/hiseq4000-paired-1/REC17_CKDL190143344-1a-D705-AK1545_H7275BBXX_L3_.fastp.decon.merged.fastq.gz, ordered=t, overwrite=true, minidentity=100, out=/scratch/gregg_thomas/Murinae-seq/04A-Dedup/Rattus-xanthurus/hiseq4000-paired-1/REC17_CKDL190143344-1a-D705-AK1545_H7275BBXX_L3_.fastp.decon.merged.dedup.fastq.gz]
Version 38.73

Set threads to 1
Initial:
Memory: max=30870m, total=30870m, free=30386m, used=484m

Found 4196174 duplicates.
Finished exact matches.    Time: 162.570 seconds.
Memory: max=28633m, total=28141m, free=18680m, used=9461m

Found 4361143 contained sequences.
Finished containment.      Time: 302.562 seconds.
Memory: max=28633m, total=28633m, free=18381m, used=10252m

Removed 4361143 invalid entries.
Finished invalid removal.  Time: 3.689 seconds.
Memory: max=28633m, total=28633m, free=18264m, used=10369m

Input:                  	11706847 reads 		2920615965 bases.
Duplicates:             	4196174 reads (35.84%) 	1050782700 bases (35.98%)     	0 collisions.
Containments:           	4361143 reads (37.25%) 	984809864 bases (33.72%)    	1482255267 collisions.
Result:                 	3149530 reads (26.90%) 	885023401 bases (30.30%)

Sorted output.             Time: 1.263 seconds.
Memory: max=28633m, total=28633m, free=18264m, used=10369m

Printed output.            Time: 69.127 seconds.
Memory: max=28633m, total=28633m, free=20045m, used=8588m

Time:                         	584.101 seconds.
Reads Processed:      11706k 	20.04k reads/sec
Bases Processed:       2920m 	5.00m bases/sec

