java -ea -Xmx30g -Xms30g -cp /home/gregg_thomas/bin/bbmap/current/ jgi.Dedupe -Xmx30g t=1 in1=/scratch/gregg_thomas/Murinae-seq/03A-Merged/Rattus-praetor/hiseq-paired/praetor-WGA_CAGTAC_L007_R1_001.fastp.decon.unmerged.fastq.gz in2=/scratch/gregg_thomas/Murinae-seq/03A-Merged/Rattus-praetor/hiseq-paired/praetor-WGA_CAGTAC_L007_R2_001.fastp.decon.unmerged.fastq.gz ordered=t overwrite=true minidentity=100 out=/scratch/gregg_thomas/Murinae-seq/04A-intermediate/Rattus-praetor/hiseq-paired/praetor-WGA_CAGTAC_L007_001.fastp.decon.unmerged.fastq.gz
Executing jgi.Dedupe [-Xmx30g, t=1, in1=/scratch/gregg_thomas/Murinae-seq/03A-Merged/Rattus-praetor/hiseq-paired/praetor-WGA_CAGTAC_L007_R1_001.fastp.decon.unmerged.fastq.gz, in2=/scratch/gregg_thomas/Murinae-seq/03A-Merged/Rattus-praetor/hiseq-paired/praetor-WGA_CAGTAC_L007_R2_001.fastp.decon.unmerged.fastq.gz, ordered=t, overwrite=true, minidentity=100, out=/scratch/gregg_thomas/Murinae-seq/04A-intermediate/Rattus-praetor/hiseq-paired/praetor-WGA_CAGTAC_L007_001.fastp.decon.unmerged.fastq.gz]
Version 38.73

Set threads to 1
Initial:
Memory: max=30870m, total=30870m, free=30386m, used=484m

Set absorbContainment to false because it is not currently supported for paired reads.
Found 85796 duplicates.
Finished exact matches.    Time: 18.614 seconds.
Memory: max=30870m, total=30870m, free=27487m, used=3383m

Input:                  	1824012 reads 		181870455 bases.
Duplicates:             	85796 reads (4.70%) 	8545341 bases (4.70%)     	43204 collisions.
Result:                 	1738216 reads (95.30%) 	173325114 bases (95.30%)

Sorted output.             Time: 0.598 seconds.
Memory: max=30870m, total=30870m, free=27487m, used=3383m

Printed output.            Time: 14.160 seconds.
Memory: max=30870m, total=30870m, free=26843m, used=4027m

Time:                         	33.390 seconds.
Reads Processed:       1824k 	54.63k reads/sec
Bases Processed:        181m 	5.45m bases/sec
