java -ea -Xmx30g -Xms30g -cp /home/gregg_thomas/bin/bbmap/current/ jgi.Dedupe -Xmx30g t=1 in=/scratch/gregg_thomas/Murinae-seq/03A-Merged/Rattus-lutreolus/hiseq-paired/lutreolusWGA_CAATAT_L008_001.fastp.decon.merged.fastq.gz ordered=t overwrite=true minidentity=100 out=/scratch/gregg_thomas/Murinae-seq/04A-Dedup/Rattus-lutreolus/hiseq-paired/lutreolusWGA_CAATAT_L008_001.fastp.decon.merged.dedup.fastq.gz
Executing jgi.Dedupe [-Xmx30g, t=1, in=/scratch/gregg_thomas/Murinae-seq/03A-Merged/Rattus-lutreolus/hiseq-paired/lutreolusWGA_CAATAT_L008_001.fastp.decon.merged.fastq.gz, ordered=t, overwrite=true, minidentity=100, out=/scratch/gregg_thomas/Murinae-seq/04A-Dedup/Rattus-lutreolus/hiseq-paired/lutreolusWGA_CAATAT_L008_001.fastp.decon.merged.dedup.fastq.gz]
Version 38.73

Set threads to 1
Initial:
Memory: max=30870m, total=30870m, free=30386m, used=484m

Found 297316 duplicates.
Finished exact matches.    Time: 45.846 seconds.
Memory: max=30870m, total=30870m, free=24654m, used=6216m

Found 674640 contained sequences.
Finished containment.      Time: 16.225 seconds.
Memory: max=30870m, total=30870m, free=24146m, used=6724m

Removed 674640 invalid entries.
Finished invalid removal.  Time: 0.783 seconds.
Memory: max=30870m, total=30870m, free=24065m, used=6805m

Input:                  	1951969 reads 		303774390 bases.
Duplicates:             	297316 reads (15.23%) 	40625066 bases (13.37%)     	0 collisions.
Containments:           	674640 reads (34.56%) 	94720162 bases (31.18%)    	10143225 collisions.
Result:                 	980013 reads (50.21%) 	168429162 bases (55.45%)

Sorted output.             Time: 0.812 seconds.
Memory: max=30870m, total=30870m, free=24065m, used=6805m

Printed output.            Time: 13.279 seconds.
Memory: max=30870m, total=30870m, free=23546m, used=7324m

Time:                         	76.987 seconds.
Reads Processed:       1951k 	25.35k reads/sec
Bases Processed:        303m 	3.95m bases/sec
