java -ea -Xmx30g -Xms30g -cp /home/gregg_thomas/bin/bbmap/current/ jgi.Dedupe -Xmx30g t=1 in1=/scratch/gregg_thomas/Murinae-seq/03A-Merged/Rattus-villosissimus/hiseq-paired/vilosissimus-WGA_AGATAG_L007_R1_001.fastp.decon.unmerged.fastq.gz in2=/scratch/gregg_thomas/Murinae-seq/03A-Merged/Rattus-villosissimus/hiseq-paired/vilosissimus-WGA_AGATAG_L007_R2_001.fastp.decon.unmerged.fastq.gz ordered=t overwrite=true minidentity=100 out=/scratch/gregg_thomas/Murinae-seq/04A-intermediate/Rattus-villosissimus/hiseq-paired/vilosissimus-WGA_AGATAG_L007_001.fastp.decon.unmerged.fastq.gz
Executing jgi.Dedupe [-Xmx30g, t=1, in1=/scratch/gregg_thomas/Murinae-seq/03A-Merged/Rattus-villosissimus/hiseq-paired/vilosissimus-WGA_AGATAG_L007_R1_001.fastp.decon.unmerged.fastq.gz, in2=/scratch/gregg_thomas/Murinae-seq/03A-Merged/Rattus-villosissimus/hiseq-paired/vilosissimus-WGA_AGATAG_L007_R2_001.fastp.decon.unmerged.fastq.gz, ordered=t, overwrite=true, minidentity=100, out=/scratch/gregg_thomas/Murinae-seq/04A-intermediate/Rattus-villosissimus/hiseq-paired/vilosissimus-WGA_AGATAG_L007_001.fastp.decon.unmerged.fastq.gz]
Version 38.73

Set threads to 1
Initial:
Memory: max=30870m, total=30870m, free=30386m, used=484m

Set absorbContainment to false because it is not currently supported for paired reads.
Found 90914 duplicates.
Finished exact matches.    Time: 19.431 seconds.
Memory: max=30870m, total=30870m, free=27648m, used=3222m

Input:                  	1939198 reads 		192894544 bases.
Duplicates:             	90914 reads (4.69%) 	9023561 bases (4.68%)     	50766 collisions.
Result:                 	1848284 reads (95.31%) 	183870983 bases (95.32%)

Sorted output.             Time: 0.954 seconds.
Memory: max=30870m, total=30870m, free=27648m, used=3222m

Printed output.            Time: 13.778 seconds.
Memory: max=30870m, total=30870m, free=26682m, used=4188m

Time:                         	34.181 seconds.
Reads Processed:       1939k 	56.73k reads/sec
Bases Processed:        192m 	5.64m bases/sec
