java -ea -Xmx30g -Xms30g -cp /home/gregg_thomas/bin/bbmap/current/ jgi.Dedupe -Xmx30g t=1 in1=/scratch/gregg_thomas/Murinae-seq/03A-Merged/Rattus-colletti/seq-run-2/52951_BH7T77BCX2_GCTAATC_S14_L001_R1_001.fastp.decon.unmerged.fastq.gz in2=/scratch/gregg_thomas/Murinae-seq/03A-Merged/Rattus-colletti/seq-run-2/52951_BH7T77BCX2_GCTAATC_S14_L001_R2_001.fastp.decon.unmerged.fastq.gz ordered=t overwrite=true minidentity=100 out=/scratch/gregg_thomas/Murinae-seq/04A-intermediate/Rattus-colletti/seq-run-2/52951_BH7T77BCX2_GCTAATC_S14_L001_001.fastp.decon.unmerged.fastq.gz
Executing jgi.Dedupe [-Xmx30g, t=1, in1=/scratch/gregg_thomas/Murinae-seq/03A-Merged/Rattus-colletti/seq-run-2/52951_BH7T77BCX2_GCTAATC_S14_L001_R1_001.fastp.decon.unmerged.fastq.gz, in2=/scratch/gregg_thomas/Murinae-seq/03A-Merged/Rattus-colletti/seq-run-2/52951_BH7T77BCX2_GCTAATC_S14_L001_R2_001.fastp.decon.unmerged.fastq.gz, ordered=t, overwrite=true, minidentity=100, out=/scratch/gregg_thomas/Murinae-seq/04A-intermediate/Rattus-colletti/seq-run-2/52951_BH7T77BCX2_GCTAATC_S14_L001_001.fastp.decon.unmerged.fastq.gz]
Version 38.73

Set threads to 1
Initial:
Memory: max=30870m, total=30870m, free=30386m, used=484m

Set absorbContainment to false because it is not currently supported for paired reads.
Found 189396 duplicates.
Finished exact matches.    Time: 32.448 seconds.
Memory: max=30870m, total=30870m, free=26004m, used=4866m

Input:                  	3774928 reads 		380423328 bases.
Duplicates:             	189396 reads (5.02%) 	19081488 bases (5.02%)     	87583 collisions.
Result:                 	3585532 reads (94.98%) 	361341840 bases (94.98%)

Sorted output.             Time: 2.103 seconds.
Memory: max=30870m, total=30870m, free=26004m, used=4866m

Printed output.            Time: 26.041 seconds.
Memory: max=30870m, total=30870m, free=24682m, used=6188m

Time:                         	60.615 seconds.
Reads Processed:       3774k 	62.28k reads/sec
Bases Processed:        380m 	6.28m bases/sec
