java -ea -Xmx30g -Xms30g -cp /home/gregg_thomas/bin/bbmap/current/ jgi.Dedupe -Xmx30g t=1 in=/scratch/gregg_thomas/Murinae-seq/03A-Merged/Rattus-exulans/hiseq2500-paired/lane2_TGACGT_001.fastp.decon.merged.fastq.gz ordered=t overwrite=true minidentity=100 out=/scratch/gregg_thomas/Murinae-seq/04A-Dedup/Rattus-exulans/hiseq2500-paired/lane2_TGACGT_001.fastp.decon.merged.dedup.fastq.gz
Executing jgi.Dedupe [-Xmx30g, t=1, in=/scratch/gregg_thomas/Murinae-seq/03A-Merged/Rattus-exulans/hiseq2500-paired/lane2_TGACGT_001.fastp.decon.merged.fastq.gz, ordered=t, overwrite=true, minidentity=100, out=/scratch/gregg_thomas/Murinae-seq/04A-Dedup/Rattus-exulans/hiseq2500-paired/lane2_TGACGT_001.fastp.decon.merged.dedup.fastq.gz]
Version 38.73

Set threads to 1
Initial:
Memory: max=30870m, total=30870m, free=30386m, used=484m

Found 2545296 duplicates.
Finished exact matches.    Time: 59.306 seconds.
Memory: max=30870m, total=30870m, free=23125m, used=7745m

Found 1491769 contained sequences.
Finished containment.      Time: 60.116 seconds.
Memory: max=30870m, total=30870m, free=22509m, used=8361m

Removed 1491769 invalid entries.
Finished invalid removal.  Time: 1.702 seconds.
Memory: max=30870m, total=30870m, free=22456m, used=8414m

Input:                  	5769072 reads 		920940755 bases.
Duplicates:             	2545296 reads (44.12%) 	376247194 bases (40.85%)     	0 collisions.
Containments:           	1491769 reads (25.86%) 	227521001 bases (24.71%)    	118629980 collisions.
Result:                 	1732007 reads (30.02%) 	317172560 bases (34.44%)

Sorted output.             Time: 1.130 seconds.
Memory: max=30870m, total=30870m, free=22456m, used=8414m

Printed output.            Time: 20.350 seconds.
Memory: max=30870m, total=30870m, free=21511m, used=9359m

Time:                         	142.627 seconds.
Reads Processed:       5769k 	40.45k reads/sec
Bases Processed:        920m 	6.46m bases/sec

     343m 	3.72m bases/sec
