java -ea -Xmx30g -Xms30g -cp /home/gregg_thomas/bin/bbmap/current/ jgi.Dedupe -Xmx30g t=1 in=/scratch/gregg_thomas/Murinae-seq/03A-Merged/Rhynchomys-isarogensis/nextseq-single-2/JAE2195_S29_L001_R1_001.fastp.decon.fastq.gz ordered=t overwrite=true minidentity=100 out=/scratch/gregg_thomas/Murinae-seq/04A-Dedup/Rhynchomys-isarogensis/nextseq-single-2/JAE2195_S29_L001_R1_001.fastp.decon.dedup.fastq.gz
Executing jgi.Dedupe [-Xmx30g, t=1, in=/scratch/gregg_thomas/Murinae-seq/03A-Merged/Rhynchomys-isarogensis/nextseq-single-2/JAE2195_S29_L001_R1_001.fastp.decon.fastq.gz, ordered=t, overwrite=true, minidentity=100, out=/scratch/gregg_thomas/Murinae-seq/04A-Dedup/Rhynchomys-isarogensis/nextseq-single-2/JAE2195_S29_L001_R1_001.fastp.decon.dedup.fastq.gz]
Version 38.73

Set threads to 1
Initial:
Memory: max=30870m, total=30870m, free=30547m, used=323m

Found 20630 duplicates.
Finished exact matches.    Time: 7.345 seconds.
Memory: max=30870m, total=30870m, free=23537m, used=7333m

Found 1623 contained sequences.
Finished containment.      Time: 2.550 seconds.
Memory: max=30870m, total=30870m, free=23070m, used=7800m

Removed 1623 invalid entries.
Finished invalid removal.  Time: 0.105 seconds.
Memory: max=30870m, total=30870m, free=23070m, used=7800m

Input:                  	445180 reads 		33614955 bases.
Duplicates:             	20630 reads (4.63%) 	1558866 bases (4.64%)     	0 collisions.
Containments:           	1623 reads (0.36%) 	119975 bases (0.36%)    	243237 collisions.
Result:                 	422927 reads (95.00%) 	31936114 bases (95.01%)

Sorted output.             Time: 0.215 seconds.
Memory: max=30870m, total=30870m, free=23070m, used=7800m

Printed output.            Time: 1.696 seconds.
Memory: max=30870m, total=30870m, free=22826m, used=8044m

Time:                         	11.971 seconds.
Reads Processed:        445k 	37.19k reads/sec
Bases Processed:      33614k 	2.81m bases/sec
