java -ea -Xmx30g -Xms30g -cp /home/gregg_thomas/bin/bbmap/current/ jgi.Dedupe -Xmx30g t=1 in1=/scratch/gregg_thomas/Murinae-seq/03A-Merged/Rhynchomys-isarogensis/nextseq-paired-2/JAE2195_S37_L004_R1_001.fastp.decon.unmerged.fastq.gz in2=/scratch/gregg_thomas/Murinae-seq/03A-Merged/Rhynchomys-isarogensis/nextseq-paired-2/JAE2195_S37_L004_R2_001.fastp.decon.unmerged.fastq.gz ordered=t overwrite=true minidentity=100 out=/scratch/gregg_thomas/Murinae-seq/04A-intermediate/Rhynchomys-isarogensis/nextseq-paired-2/JAE2195_S37_L004_001.fastp.decon.unmerged.fastq.gz
Executing jgi.Dedupe [-Xmx30g, t=1, in1=/scratch/gregg_thomas/Murinae-seq/03A-Merged/Rhynchomys-isarogensis/nextseq-paired-2/JAE2195_S37_L004_R1_001.fastp.decon.unmerged.fastq.gz, in2=/scratch/gregg_thomas/Murinae-seq/03A-Merged/Rhynchomys-isarogensis/nextseq-paired-2/JAE2195_S37_L004_R2_001.fastp.decon.unmerged.fastq.gz, ordered=t, overwrite=true, minidentity=100, out=/scratch/gregg_thomas/Murinae-seq/04A-intermediate/Rhynchomys-isarogensis/nextseq-paired-2/JAE2195_S37_L004_001.fastp.decon.unmerged.fastq.gz]
Version 38.73

Set threads to 1
Initial:
Memory: max=30870m, total=30870m, free=30386m, used=484m

Set absorbContainment to false because it is not currently supported for paired reads.
Found 283842 duplicates.
Finished exact matches.    Time: 36.985 seconds.
Memory: max=30870m, total=30870m, free=26038m, used=4832m

Input:                  	3503800 reads 		264255331 bases.
Duplicates:             	283842 reads (8.10%) 	21410585 bases (8.10%)     	86830 collisions.
Result:                 	3219958 reads (91.90%) 	242844746 bases (91.90%)

Sorted output.             Time: 0.910 seconds.
Memory: max=30870m, total=30870m, free=26038m, used=4832m

Printed output.            Time: 23.026 seconds.
Memory: max=30870m, total=30870m, free=25071m, used=5799m

Time:                         	60.940 seconds.
Reads Processed:       3503k 	57.50k reads/sec
Bases Processed:        264m 	4.34m bases/sec
