java -ea -Xmx30g -Xms30g -cp /home/gregg_thomas/bin/bbmap/current/ jgi.Dedupe -Xmx30g t=1 in=/scratch/gregg_thomas/Murinae-seq/03A-Merged/Sommeromys-macrorhinos/nextseq-single-2/Z21740_S50_L001_R1_001.fastp.decon.fastq.gz ordered=t overwrite=true minidentity=100 out=/scratch/gregg_thomas/Murinae-seq/04A-Dedup/Sommeromys-macrorhinos/nextseq-single-2/Z21740_S50_L001_R1_001.fastp.decon.dedup.fastq.gz
Executing jgi.Dedupe [-Xmx30g, t=1, in=/scratch/gregg_thomas/Murinae-seq/03A-Merged/Sommeromys-macrorhinos/nextseq-single-2/Z21740_S50_L001_R1_001.fastp.decon.fastq.gz, ordered=t, overwrite=true, minidentity=100, out=/scratch/gregg_thomas/Murinae-seq/04A-Dedup/Sommeromys-macrorhinos/nextseq-single-2/Z21740_S50_L001_R1_001.fastp.decon.dedup.fastq.gz]
Version 38.73

Set threads to 1
Initial:
Memory: max=30870m, total=30870m, free=30386m, used=484m

Found 8800 duplicates.
Finished exact matches.    Time: 4.342 seconds.
Memory: max=30870m, total=30870m, free=23119m, used=7751m

Found 1291 contained sequences.
Finished containment.      Time: 8.158 seconds.
Memory: max=30870m, total=30870m, free=30298m, used=572m

Removed 1291 invalid entries.
Finished invalid removal.  Time: 0.085 seconds.
Memory: max=30870m, total=30870m, free=30298m, used=572m

Input:                  	378417 reads 		28583958 bases.
Duplicates:             	8800 reads (2.33%) 	665159 bases (2.33%)     	0 collisions.
Containments:           	1291 reads (0.34%) 	95648 bases (0.33%)    	272901 collisions.
Result:                 	368326 reads (97.33%) 	27823151 bases (97.34%)

Sorted output.             Time: 0.651 seconds.
Memory: max=30870m, total=30870m, free=30298m, used=572m

Printed output.            Time: 3.963 seconds.
Memory: max=30870m, total=30870m, free=29986m, used=884m

Time:                         	17.265 seconds.
Reads Processed:        378k 	21.92k reads/sec
Bases Processed:      28583k 	1.66m bases/sec
