java -ea -Xmx30g -Xms30g -cp /home/gregg_thomas/bin/bbmap/current/ jgi.Dedupe -Xmx30g t=1 in=/scratch/gregg_thomas/Murinae-seq/03A-Merged/Sommeromys-macrorhinos/miseq-paired/Z21740_S25_L001_001.fastp.decon.merged.fastq.gz ordered=t overwrite=true minidentity=100 out=/scratch/gregg_thomas/Murinae-seq/04A-Dedup/Sommeromys-macrorhinos/miseq-paired/Z21740_S25_L001_001.fastp.decon.merged.dedup.fastq.gz
Executing jgi.Dedupe [-Xmx30g, t=1, in=/scratch/gregg_thomas/Murinae-seq/03A-Merged/Sommeromys-macrorhinos/miseq-paired/Z21740_S25_L001_001.fastp.decon.merged.fastq.gz, ordered=t, overwrite=true, minidentity=100, out=/scratch/gregg_thomas/Murinae-seq/04A-Dedup/Sommeromys-macrorhinos/miseq-paired/Z21740_S25_L001_001.fastp.decon.merged.dedup.fastq.gz]
Version 38.73

Set threads to 1
Initial:
Memory: max=30870m, total=30870m, free=30386m, used=484m

Found 867 duplicates.
Finished exact matches.    Time: 9.731 seconds.
Memory: max=30870m, total=30870m, free=24459m, used=6411m

Found 4976 contained sequences.
Finished containment.      Time: 4.150 seconds.
Memory: max=30870m, total=30870m, free=24008m, used=6862m

Removed 4976 invalid entries.
Finished invalid removal.  Time: 0.046 seconds.
Memory: max=30870m, total=30870m, free=24008m, used=6862m

Input:                  	43562 reads 		6010013 bases.
Duplicates:             	867 reads (1.99%) 	120075 bases (2.00%)     	0 collisions.
Containments:           	4976 reads (11.42%) 	689497 bases (11.47%)    	28766 collisions.
Result:                 	37719 reads (86.59%) 	5200441 bases (86.53%)

Sorted output.             Time: 0.082 seconds.
Memory: max=30870m, total=30870m, free=24008m, used=6862m

Printed output.            Time: 0.800 seconds.
Memory: max=30870m, total=30870m, free=23925m, used=6945m

Time:                         	14.921 seconds.
Reads Processed:       43562 	2.92k reads/sec
Bases Processed:       6010k 	0.40m bases/sec
