java -ea -Xmx30g -Xms30g -cp /home/gregg_thomas/bin/bbmap/current/ jgi.Dedupe -Xmx30g t=1 in1=/scratch/gregg_thomas/Murinae-seq/03A-Merged/Sundamys-meulleri/nextseq-paired-2/JAE1283_S38_L001_R1_001.fastp.decon.unmerged.fastq.gz in2=/scratch/gregg_thomas/Murinae-seq/03A-Merged/Sundamys-meulleri/nextseq-paired-2/JAE1283_S38_L001_R2_001.fastp.decon.unmerged.fastq.gz ordered=t overwrite=true minidentity=100 out=/scratch/gregg_thomas/Murinae-seq/04A-intermediate/Sundamys-meulleri/nextseq-paired-2/JAE1283_S38_L001_001.fastp.decon.unmerged.fastq.gz
Executing jgi.Dedupe [-Xmx30g, t=1, in1=/scratch/gregg_thomas/Murinae-seq/03A-Merged/Sundamys-meulleri/nextseq-paired-2/JAE1283_S38_L001_R1_001.fastp.decon.unmerged.fastq.gz, in2=/scratch/gregg_thomas/Murinae-seq/03A-Merged/Sundamys-meulleri/nextseq-paired-2/JAE1283_S38_L001_R2_001.fastp.decon.unmerged.fastq.gz, ordered=t, overwrite=true, minidentity=100, out=/scratch/gregg_thomas/Murinae-seq/04A-intermediate/Sundamys-meulleri/nextseq-paired-2/JAE1283_S38_L001_001.fastp.decon.unmerged.fastq.gz]
Version 38.73

Set threads to 1
Initial:
Memory: max=30870m, total=30870m, free=30547m, used=323m

Set absorbContainment to false because it is not currently supported for paired reads.
Found 200606 duplicates.
Finished exact matches.    Time: 32.458 seconds.
Memory: max=30870m, total=30870m, free=26004m, used=4866m

Input:                  	3857688 reads 		291197987 bases.
Duplicates:             	200606 reads (5.20%) 	15151719 bases (5.20%)     	152061 collisions.
Result:                 	3657082 reads (94.80%) 	276046268 bases (94.80%)

Sorted output.             Time: 1.712 seconds.
Memory: max=30870m, total=30870m, free=26004m, used=4866m

Printed output.            Time: 22.798 seconds.
Memory: max=30870m, total=30870m, free=24877m, used=5993m

Time:                         	56.989 seconds.
Reads Processed:       3857k 	67.69k reads/sec
Bases Processed:        291m 	5.11m bases/sec
