java -ea -Xmx30g -Xms30g -cp /home/gregg_thomas/bin/bbmap/current/ jgi.Dedupe -Xmx30g t=1 in=/scratch/gregg_thomas/Murinae-seq/03A-Merged/Sundamys-meulleri/nextseq-single-1/JAE1283_S30_L002_R1_001.fastp.decon.fastq.gz ordered=t overwrite=true minidentity=100 out=/scratch/gregg_thomas/Murinae-seq/04A-Dedup/Sundamys-meulleri/nextseq-single-1/JAE1283_S30_L002_R1_001.fastp.decon.dedup.fastq.gz
Executing jgi.Dedupe [-Xmx30g, t=1, in=/scratch/gregg_thomas/Murinae-seq/03A-Merged/Sundamys-meulleri/nextseq-single-1/JAE1283_S30_L002_R1_001.fastp.decon.fastq.gz, ordered=t, overwrite=true, minidentity=100, out=/scratch/gregg_thomas/Murinae-seq/04A-Dedup/Sundamys-meulleri/nextseq-single-1/JAE1283_S30_L002_R1_001.fastp.decon.dedup.fastq.gz]
Version 38.73

Set threads to 1
Initial:
Memory: max=30870m, total=30870m, free=30547m, used=323m

Found 10110 duplicates.
Finished exact matches.    Time: 2.226 seconds.
Memory: max=30870m, total=30870m, free=23022m, used=7848m

Found 1731 contained sequences.
Finished containment.      Time: 4.386 seconds.
Memory: max=30870m, total=30870m, free=30160m, used=710m

Removed 1731 invalid entries.
Finished invalid removal.  Time: 0.121 seconds.
Memory: max=30870m, total=30870m, free=30160m, used=710m

Input:                  	371872 reads 		28089600 bases.
Duplicates:             	10110 reads (2.72%) 	764139 bases (2.72%)     	0 collisions.
Containments:           	1731 reads (0.47%) 	128321 bases (0.46%)    	456673 collisions.
Result:                 	360031 reads (96.82%) 	27197140 bases (96.82%)

Sorted output.             Time: 0.156 seconds.
Memory: max=30870m, total=30870m, free=30160m, used=710m

Printed output.            Time: 3.961 seconds.
Memory: max=30870m, total=30870m, free=29906m, used=964m

Time:                         	10.867 seconds.
Reads Processed:        371k 	34.22k reads/sec
Bases Processed:      28089k 	2.58m bases/sec
