java -ea -Xmx30g -Xms30g -cp /home/gregg_thomas/bin/bbmap/current/ jgi.Dedupe -Xmx30g t=1 in=/scratch/gregg_thomas/Murinae-seq/03A-Merged/Sundamys-annandalei/hiseq4000-paired-2/REC18_CKDL190143345-1a-D706-AK1545_H7275BBXX_L4_.fastp.decon.merged.fastq.gz ordered=t overwrite=true minidentity=100 out=/scratch/gregg_thomas/Murinae-seq/04A-Dedup/Sundamys-annandalei/hiseq4000-paired-2/REC18_CKDL190143345-1a-D706-AK1545_H7275BBXX_L4_.fastp.decon.merged.dedup.fastq.gz
Executing jgi.Dedupe [-Xmx30g, t=1, in=/scratch/gregg_thomas/Murinae-seq/03A-Merged/Sundamys-annandalei/hiseq4000-paired-2/REC18_CKDL190143345-1a-D706-AK1545_H7275BBXX_L4_.fastp.decon.merged.fastq.gz, ordered=t, overwrite=true, minidentity=100, out=/scratch/gregg_thomas/Murinae-seq/04A-Dedup/Sundamys-annandalei/hiseq4000-paired-2/REC18_CKDL190143345-1a-D706-AK1545_H7275BBXX_L4_.fastp.decon.merged.dedup.fastq.gz]
Version 38.73

Set threads to 1
Initial:
Memory: max=30870m, total=30870m, free=30386m, used=484m

Found 5788331 duplicates.
Finished exact matches.    Time: 241.225 seconds.
Memory: max=28633m, total=27666m, free=15433m, used=12233m

Found 5348653 contained sequences.
Finished containment.      Time: 386.610 seconds.
Memory: max=28633m, total=28633m, free=17783m, used=10850m

Removed 5348653 invalid entries.
Finished invalid removal.  Time: 5.965 seconds.
Memory: max=28633m, total=28633m, free=17655m, used=10978m

Input:                  	14726635 reads 		3468493011 bases.
Duplicates:             	5788331 reads (39.31%) 	1365754070 bases (39.38%)     	0 collisions.
Containments:           	5348653 reads (36.32%) 	1143677071 bases (32.97%)    	2349333362 collisions.
Result:                 	3589651 reads (24.38%) 	959061870 bases (27.65%)

Sorted output.             Time: 1.920 seconds.
Memory: max=28633m, total=28633m, free=17655m, used=10978m

Printed output.            Time: 60.767 seconds.
Memory: max=28633m, total=28633m, free=15068m, used=13565m

Time:                         	696.510 seconds.
Reads Processed:      14726k 	21.14k reads/sec
Bases Processed:       3468m 	4.98m bases/sec
