java -ea -Xmx30g -Xms30g -cp /home/gregg_thomas/bin/bbmap/current/ jgi.Dedupe -Xmx30g t=1 in=/scratch/gregg_thomas/Murinae-seq/03A-Merged/Taeromys-callitrichus/hiseq4000-paired-2/REC19_CKDL190143345-1a-D707-AK1545_H7275BBXX_L4_.fastp.decon.merged.fastq.gz ordered=t overwrite=true minidentity=100 out=/scratch/gregg_thomas/Murinae-seq/04A-Dedup/Taeromys-callitrichus/hiseq4000-paired-2/REC19_CKDL190143345-1a-D707-AK1545_H7275BBXX_L4_.fastp.decon.merged.dedup.fastq.gz
Executing jgi.Dedupe [-Xmx30g, t=1, in=/scratch/gregg_thomas/Murinae-seq/03A-Merged/Taeromys-callitrichus/hiseq4000-paired-2/REC19_CKDL190143345-1a-D707-AK1545_H7275BBXX_L4_.fastp.decon.merged.fastq.gz, ordered=t, overwrite=true, minidentity=100, out=/scratch/gregg_thomas/Murinae-seq/04A-Dedup/Taeromys-callitrichus/hiseq4000-paired-2/REC19_CKDL190143345-1a-D707-AK1545_H7275BBXX_L4_.fastp.decon.merged.dedup.fastq.gz]
Version 38.73

Set threads to 1
Initial:
Memory: max=30870m, total=30870m, free=30386m, used=484m

Found 6041583 duplicates.
Finished exact matches.    Time: 253.589 seconds.
Memory: max=28633m, total=28633m, free=17587m, used=11046m

Found 6062510 contained sequences.
Finished containment.      Time: 571.518 seconds.
Memory: max=28633m, total=28633m, free=16805m, used=11828m

Removed 6062510 invalid entries.
Finished invalid removal.  Time: 6.417 seconds.
Memory: max=28633m, total=28633m, free=16662m, used=11971m

Input:                  	15379620 reads 		3376113780 bases.
Duplicates:             	6041583 reads (39.28%) 	1323136230 bases (39.19%)     	0 collisions.
Containments:           	6062510 reads (39.42%) 	1203651405 bases (35.65%)    	3262120689 collisions.
Result:                 	3275527 reads (21.30%) 	849326145 bases (25.16%)

Sorted output.             Time: 2.499 seconds.
Memory: max=28633m, total=28633m, free=16555m, used=12078m

Printed output.            Time: 60.171 seconds.
Memory: max=28633m, total=28633m, free=17723m, used=10910m

Time:                         	894.219 seconds.
Reads Processed:      15379k 	17.20k reads/sec
Bases Processed:       3376m 	3.78m bases/sec
