java -ea -Xmx30g -Xms30g -cp /home/gt156213e/anaconda3/envs/biotools/opt/bbmap-38.79-0/current/ jgi.Dedupe -Xmx30g t=1 in=/mnt/beegfs/gt156213e/murinae-seq/01-Assembly-data/03A-Merged/Taeromys-punicans/nextseq-single-1/JLP25862_S31_L002_R1_001.fastp.decon.fastq.gz ordered=t overwrite=true minidentity=100 out=/mnt/beegfs/gt156213e/murinae-seq/01-Assembly-data/04A-Dedup/Taeromys-punicans/nextseq-single-1/JLP25862_S31_L002_R1_001.fastp.decon.dedup.fastq.gz
Executing jgi.Dedupe [-Xmx30g, t=1, in=/mnt/beegfs/gt156213e/murinae-seq/01-Assembly-data/03A-Merged/Taeromys-punicans/nextseq-single-1/JLP25862_S31_L002_R1_001.fastp.decon.fastq.gz, ordered=t, overwrite=true, minidentity=100, out=/mnt/beegfs/gt156213e/murinae-seq/01-Assembly-data/04A-Dedup/Taeromys-punicans/nextseq-single-1/JLP25862_S31_L002_R1_001.fastp.decon.dedup.fastq.gz]
Version 38.79

Set threads to 1
Initial:
Memory: max=30870m, total=30870m, free=30386m, used=484m

Found 10681 duplicates.
Finished exact matches.    Time: 4.380 seconds.
Memory: max=30870m, total=30870m, free=27809m, used=3061m

Found 1651 contained sequences.
Finished containment.      Time: 4.150 seconds.
Memory: max=30870m, total=30870m, free=26038m, used=4832m

Removed 1651 invalid entries.
Finished invalid removal.  Time: 0.130 seconds.
Memory: max=30870m, total=30870m, free=26038m, used=4832m

Input:                  	425468 reads 		32135052 bases.
Duplicates:             	10681 reads (2.51%) 	807239 bases (2.51%)     	0 collisions.
Containments:           	1651 reads (0.39%) 	122347 bases (0.38%)    	324632 collisions.
Result:                 	413136 reads (97.10%) 	31205466 bases (97.11%)

Sorted output.             Time: 0.221 seconds.
Memory: max=30870m, total=30870m, free=26038m, used=4832m

Printed output.            Time: 3.329 seconds.
Memory: max=30870m, total=30870m, free=25877m, used=4993m

Time:                         	12.321 seconds.
Reads Processed:        425k 	34.53k reads/sec
Bases Processed:      32135k 	2.61m bases/sec
