java -ea -Xmx30g -Xms30g -cp /home/gregg_thomas/bin/bbmap/current/ jgi.Dedupe -Xmx30g t=1 in=/scratch/gregg_thomas/Murinae-seq/03A-Merged/Tateomys-macrocercus/nextseq-paired-2/Z21834_S19_L004_001.fastp.decon.merged.fastq.gz ordered=t overwrite=true minidentity=100 out=/scratch/gregg_thomas/Murinae-seq/04A-Dedup/Tateomys-macrocercus/nextseq-paired-2/Z21834_S19_L004_001.fastp.decon.merged.dedup.fastq.gz
Executing jgi.Dedupe [-Xmx30g, t=1, in=/scratch/gregg_thomas/Murinae-seq/03A-Merged/Tateomys-macrocercus/nextseq-paired-2/Z21834_S19_L004_001.fastp.decon.merged.fastq.gz, ordered=t, overwrite=true, minidentity=100, out=/scratch/gregg_thomas/Murinae-seq/04A-Dedup/Tateomys-macrocercus/nextseq-paired-2/Z21834_S19_L004_001.fastp.decon.merged.dedup.fastq.gz]
Version 38.73

Set threads to 1
Initial:
Memory: max=30870m, total=30870m, free=30547m, used=323m

Found 46856 duplicates.
Finished exact matches.    Time: 21.225 seconds.
Memory: max=30870m, total=30870m, free=23206m, used=7664m

Found 117685 contained sequences.
Finished containment.      Time: 10.280 seconds.
Memory: max=30870m, total=30870m, free=30237m, used=633m

Removed 117685 invalid entries.
Finished invalid removal.  Time: 0.182 seconds.
Memory: max=30870m, total=30870m, free=30237m, used=633m

Input:                  	400351 reads 		60573623 bases.
Duplicates:             	46856 reads (11.70%) 	7115034 bases (11.75%)     	0 collisions.
Containments:           	117685 reads (29.40%) 	17033404 bases (28.12%)    	671253 collisions.
Result:                 	235810 reads (58.90%) 	36425185 bases (60.13%)

Sorted output.             Time: 0.357 seconds.
Memory: max=30870m, total=30870m, free=30237m, used=633m

Printed output.            Time: 2.983 seconds.
Memory: max=30870m, total=30870m, free=29964m, used=906m

Time:                         	35.048 seconds.
Reads Processed:        400k 	11.42k reads/sec
Bases Processed:      60573k 	1.73m bases/sec
