java -ea -Xmx30g -Xms30g -cp /home/gregg_thomas/bin/bbmap/current/ jgi.Dedupe -Xmx30g t=1 in1=/scratch/gregg_thomas/Murinae-seq/03A-Merged/Waiomys-mamasae/nextseq-paired-2/Z20624_S21_L002_R1_001.fastp.decon.unmerged.fastq.gz in2=/scratch/gregg_thomas/Murinae-seq/03A-Merged/Waiomys-mamasae/nextseq-paired-2/Z20624_S21_L002_R2_001.fastp.decon.unmerged.fastq.gz ordered=t overwrite=true minidentity=100 out=/scratch/gregg_thomas/Murinae-seq/04A-intermediate/Waiomys-mamasae/nextseq-paired-2/Z20624_S21_L002_001.fastp.decon.unmerged.fastq.gz
Executing jgi.Dedupe [-Xmx30g, t=1, in1=/scratch/gregg_thomas/Murinae-seq/03A-Merged/Waiomys-mamasae/nextseq-paired-2/Z20624_S21_L002_R1_001.fastp.decon.unmerged.fastq.gz, in2=/scratch/gregg_thomas/Murinae-seq/03A-Merged/Waiomys-mamasae/nextseq-paired-2/Z20624_S21_L002_R2_001.fastp.decon.unmerged.fastq.gz, ordered=t, overwrite=true, minidentity=100, out=/scratch/gregg_thomas/Murinae-seq/04A-intermediate/Waiomys-mamasae/nextseq-paired-2/Z20624_S21_L002_001.fastp.decon.unmerged.fastq.gz]
Version 38.73

Set threads to 1
Initial:
Memory: max=30870m, total=30870m, free=30547m, used=323m

Set absorbContainment to false because it is not currently supported for paired reads.
Found 137638 duplicates.
Finished exact matches.    Time: 30.802 seconds.
Memory: max=30870m, total=30870m, free=26521m, used=4349m

Input:                  	3327272 reads 		250970871 bases.
Duplicates:             	137638 reads (4.14%) 	10387929 bases (4.14%)     	84253 collisions.
Result:                 	3189634 reads (95.86%) 	240582942 bases (95.86%)

Sorted output.             Time: 3.901 seconds.
Memory: max=30870m, total=30870m, free=26521m, used=4349m

Printed output.            Time: 15.893 seconds.
Memory: max=30870m, total=30870m, free=25393m, used=5477m

Time:                         	50.622 seconds.
Reads Processed:       3327k 	65.73k reads/sec
Bases Processed:        250m 	4.96m bases/sec
