java -ea -Xmx30g -Xms30g -cp /home/gregg_thomas/bin/bbmap/current/ jgi.Dedupe -Xmx30g t=1 in=/scratch/gregg_thomas/Murinae-seq/03A-Merged/Zelotomys-woosnami/hiseq4000-paired-2/SM081_CKDL190143345-1a-D710-AK1780_H7275BBXX_L4_.fastp.decon.merged.fastq.gz ordered=t overwrite=true minidentity=100 out=/scratch/gregg_thomas/Murinae-seq/04A-Dedup/Zelotomys-woosnami/hiseq4000-paired-2/SM081_CKDL190143345-1a-D710-AK1780_H7275BBXX_L4_.fastp.decon.merged.dedup.fastq.gz
Executing jgi.Dedupe [-Xmx30g, t=1, in=/scratch/gregg_thomas/Murinae-seq/03A-Merged/Zelotomys-woosnami/hiseq4000-paired-2/SM081_CKDL190143345-1a-D710-AK1780_H7275BBXX_L4_.fastp.decon.merged.fastq.gz, ordered=t, overwrite=true, minidentity=100, out=/scratch/gregg_thomas/Murinae-seq/04A-Dedup/Zelotomys-woosnami/hiseq4000-paired-2/SM081_CKDL190143345-1a-D710-AK1780_H7275BBXX_L4_.fastp.decon.merged.dedup.fastq.gz]
Version 38.73

Set threads to 1
Initial:
Memory: max=30870m, total=30870m, free=30547m, used=323m

Found 7315741 duplicates.
Finished exact matches.    Time: 264.229 seconds.
Memory: max=28633m, total=28633m, free=15157m, used=13476m

Found 6843608 contained sequences.
Finished containment.      Time: 471.518 seconds.
Memory: max=28633m, total=28633m, free=14567m, used=14066m

Removed 6843608 invalid entries.
Finished invalid removal.  Time: 6.853 seconds.
Memory: max=28633m, total=28633m, free=14388m, used=14245m

Input:                  	18138045 reads 		4210248703 bases.
Duplicates:             	7315741 reads (40.33%) 	1699440588 bases (40.36%)     	0 collisions.
Containments:           	6843608 reads (37.73%) 	1468280774 bases (34.87%)    	1267224898 collisions.
Result:                 	3978696 reads (21.94%) 	1042527341 bases (24.76%)

Sorted output.             Time: 4.174 seconds.
Memory: max=28633m, total=28633m, free=14352m, used=14281m

Printed output.            Time: 67.560 seconds.
Memory: max=28633m, total=28633m, free=15346m, used=13287m

Time:                         	827.531 seconds.
Reads Processed:      18138k 	21.92k reads/sec
Bases Processed:       4210m 	5.09m bases/sec
