java -ea -Xmx30g -Xms30g -cp /home/gregg_thomas/bin/bbmap/current/ jgi.Dedupe -Xmx30g t=1 in=/scratch/gregg_thomas/Murinae-seq/03A-Merged/Zyzomys-maini/seq-run-2/52947_BH7T77BCX2_CCAGCGG_S10_L001_001.fastp.decon.merged.fastq.gz ordered=t overwrite=true minidentity=100 out=/scratch/gregg_thomas/Murinae-seq/04A-Dedup/Zyzomys-maini/seq-run-2/52947_BH7T77BCX2_CCAGCGG_S10_L001_001.fastp.decon.merged.dedup.fastq.gz
Executing jgi.Dedupe [-Xmx30g, t=1, in=/scratch/gregg_thomas/Murinae-seq/03A-Merged/Zyzomys-maini/seq-run-2/52947_BH7T77BCX2_CCAGCGG_S10_L001_001.fastp.decon.merged.fastq.gz, ordered=t, overwrite=true, minidentity=100, out=/scratch/gregg_thomas/Murinae-seq/04A-Dedup/Zyzomys-maini/seq-run-2/52947_BH7T77BCX2_CCAGCGG_S10_L001_001.fastp.decon.merged.dedup.fastq.gz]
Version 38.73

Set threads to 1
Initial:
Memory: max=30870m, total=30870m, free=30386m, used=484m

Found 420174 duplicates.
Finished exact matches.    Time: 32.981 seconds.
Memory: max=30870m, total=30870m, free=23626m, used=7244m

Found 1239387 contained sequences.
Finished containment.      Time: 80.475 seconds.
Memory: max=30870m, total=30870m, free=23144m, used=7726m

Removed 1239387 invalid entries.
Finished invalid removal.  Time: 2.168 seconds.
Memory: max=30870m, total=30870m, free=23144m, used=7726m

Input:                  	3151997 reads 		576962867 bases.
Duplicates:             	420174 reads (13.33%) 	74944805 bases (12.99%)     	0 collisions.
Containments:           	1239387 reads (39.32%) 	214267013 bases (37.14%)    	94080415 collisions.
Result:                 	1492436 reads (47.35%) 	287751049 bases (49.87%)

Sorted output.             Time: 1.078 seconds.
Memory: max=30870m, total=30870m, free=23144m, used=7726m

Printed output.            Time: 20.162 seconds.
Memory: max=30870m, total=30870m, free=22268m, used=8602m

Time:                         	136.911 seconds.
Reads Processed:       3151k 	23.02k reads/sec
Bases Processed:        576m 	4.21m bases/sec
