java -ea -Xmx30g -Xms30g -cp /home/gregg_thomas/bin/bbmap/current/ jgi.Dedupe -Xmx30g t=1 in1=/scratch/gregg_thomas/Murinae-seq/03A-Merged/Zyzomys-maini/seq-run-2/52947_BH7T77BCX2_CCAGCGG_S10_L002_R1_001.fastp.decon.unmerged.fastq.gz in2=/scratch/gregg_thomas/Murinae-seq/03A-Merged/Zyzomys-maini/seq-run-2/52947_BH7T77BCX2_CCAGCGG_S10_L002_R2_001.fastp.decon.unmerged.fastq.gz ordered=t overwrite=true minidentity=100 out=/scratch/gregg_thomas/Murinae-seq/04A-intermediate/Zyzomys-maini/seq-run-2/52947_BH7T77BCX2_CCAGCGG_S10_L002_001.fastp.decon.unmerged.fastq.gz
Executing jgi.Dedupe [-Xmx30g, t=1, in1=/scratch/gregg_thomas/Murinae-seq/03A-Merged/Zyzomys-maini/seq-run-2/52947_BH7T77BCX2_CCAGCGG_S10_L002_R1_001.fastp.decon.unmerged.fastq.gz, in2=/scratch/gregg_thomas/Murinae-seq/03A-Merged/Zyzomys-maini/seq-run-2/52947_BH7T77BCX2_CCAGCGG_S10_L002_R2_001.fastp.decon.unmerged.fastq.gz, ordered=t, overwrite=true, minidentity=100, out=/scratch/gregg_thomas/Murinae-seq/04A-intermediate/Zyzomys-maini/seq-run-2/52947_BH7T77BCX2_CCAGCGG_S10_L002_001.fastp.decon.unmerged.fastq.gz]
Version 38.73

Set threads to 1
Initial:
Memory: max=30870m, total=30870m, free=30547m, used=323m

Set absorbContainment to false because it is not currently supported for paired reads.
Found 176912 duplicates.
Finished exact matches.    Time: 30.981 seconds.
Memory: max=30870m, total=30870m, free=26004m, used=4866m

Input:                  	3716264 reads 		374553915 bases.
Duplicates:             	176912 reads (4.76%) 	17824585 bases (4.76%)     	190281 collisions.
Result:                 	3539352 reads (95.24%) 	356729330 bases (95.24%)

Sorted output.             Time: 1.484 seconds.
Memory: max=30870m, total=30870m, free=26004m, used=4866m

Printed output.            Time: 28.153 seconds.
Memory: max=30870m, total=30870m, free=24715m, used=6155m

Time:                         	60.645 seconds.
Reads Processed:       3716k 	61.28k reads/sec
Bases Processed:        374m 	6.18m bases/sec
