Detecting adapter sequence for read1...
No adapter detected for read1

Detecting adapter sequence for read2...
No adapter detected for read2

Read1 before filtering:
total reads: 2498680
total bases: 188733341
Q20 bases: 180763416(95.7772%)
Q30 bases: 177326748(93.9562%)

Read2 before filtering:
total reads: 2498680
total bases: 188675041
Q20 bases: 174246375(92.3526%)
Q30 bases: 168956674(89.549%)

Read1 after filtering:
total reads: 2404572
total bases: 181475520
Q20 bases: 175045672(96.4569%)
Q30 bases: 171994155(94.7754%)

Read2 aftering filtering:
total reads: 2404572
total bases: 181492558
Q20 bases: 170636549(94.0185%)
Q30 bases: 165878584(91.3969%)

Filtering result:
reads passed filter: 4809144
reads failed due to low quality: 177042
reads failed due to too many N: 2056
reads failed due to too short: 7924
reads failed due to low complexity: 1194
reads with adapter trimmed: 11300
bases trimmed due to adapters: 294801

Duplication rate: 6.46269%

Insert size peak (evaluated by paired-end reads): 118

JSON report: /mnt/beegfs/gt156213e/murinae-seq/01-Assembly-data/01-Fastp/Apodemus-sylvaticus/nextseq-paired-2/SMG3823_S28_L001_R.fastp.json
HTML report: /mnt/beegfs/gt156213e/murinae-seq/01-Assembly-data/01-Fastp/Apodemus-sylvaticus/nextseq-paired-2/SMG3823_S28_L001_R.fastp.html

fastp -i /mnt/beegfs/gt156213e/murinae-seq/01-Assembly-data/00-RawReads/Apodemus-sylvaticus/nextseq-paired-2/SMG3823_S28_L001_R1_001.fastq.gz -I /mnt/beegfs/gt156213e/murinae-seq/01-Assembly-data/00-RawReads/Apodemus-sylvaticus/nextseq-paired-2/SMG3823_S28_L001_R2_001.fastq.gz --detect_adapter_for_pe --length_required 30 --low_complexity_filter --complexity_threshold 30 -o /mnt/beegfs/gt156213e/murinae-seq/01-Assembly-data/01-Fastp/Apodemus-sylvaticus/nextseq-paired-2/SMG3823_S28_L001_R1_001.fastp.fastq.gz -O /mnt/beegfs/gt156213e/murinae-seq/01-Assembly-data/01-Fastp/Apodemus-sylvaticus/nextseq-paired-2/SMG3823_S28_L001_R2_001.fastp.fastq.gz -h /mnt/beegfs/gt156213e/murinae-seq/01-Assembly-data/01-Fastp/Apodemus-sylvaticus/nextseq-paired-2/SMG3823_S28_L001_R.fastp.html -j /mnt/beegfs/gt156213e/murinae-seq/01-Assembly-data/01-Fastp/Apodemus-sylvaticus/nextseq-paired-2/SMG3823_S28_L001_R.fastp.json 
fastp v0.20.1, time used: 54 seconds
