Detecting adapter sequence for read1...
No adapter detected for read1

Read1 before filtering:
total reads: 425379
total bases: 32135286
Q20 bases: 30499843(94.9108%)
Q30 bases: 29785620(92.6882%)

Read1 after filtering:
total reads: 422072
total bases: 31881895
Q20 bases: 30360000(95.2265%)
Q30 bases: 29662066(93.0373%)

Filtering result:
reads passed filter: 422072
reads failed due to low quality: 3093
reads failed due to too many N: 36
reads failed due to too short: 153
reads failed due to low complexity: 25
reads with adapter trimmed: 0
bases trimmed due to adapters: 0

Duplication rate (may be overestimated since this is SE data): 2.26632%

JSON report: /scratch/gregg_thomas/Murinae-seq/01-Fastp/Apodemus-sylvaticus/nextseq-single-1/SMG3823_S60_L001_R1_001.fastp.fastp.json
HTML report: /scratch/gregg_thomas/Murinae-seq/01-Fastp/Apodemus-sylvaticus/nextseq-single-1/SMG3823_S60_L001_R1_001.fastp.fastp.html

fastp -i /scratch/gregg_thomas/Murinae-seq/00-RawReads/Apodemus-sylvaticus/nextseq-single-1/SMG3823_S60_L001_R1_001.fastq.gz --length_required 30 --low_complexity_filter --complexity_threshold 30 -o /scratch/gregg_thomas/Murinae-seq/01-Fastp/Apodemus-sylvaticus/nextseq-single-1/SMG3823_S60_L001_R1_001.fastp.fastq.gz -h /scratch/gregg_thomas/Murinae-seq/01-Fastp/Apodemus-sylvaticus/nextseq-single-1/SMG3823_S60_L001_R1_001.fastp.fastp.html -j /scratch/gregg_thomas/Murinae-seq/01-Fastp/Apodemus-sylvaticus/nextseq-single-1/SMG3823_S60_L001_R1_001.fastp.fastp.json 
fastp v0.20.0, time used: 13 seconds
