Detecting adapter sequence for read1...
No adapter detected for read1

Read1 before filtering:
total reads: 455631
total bases: 34422362
Q20 bases: 32733983(95.0951%)
Q30 bases: 31985895(92.9218%)

Read1 after filtering:
total reads: 452247
total bases: 34162380
Q20 bases: 32590555(95.399%)
Q30 bases: 31859785(93.2599%)

Filtering result:
reads passed filter: 452247
reads failed due to low quality: 3170
reads failed due to too many N: 7
reads failed due to too short: 159
reads failed due to low complexity: 48
reads with adapter trimmed: 0
bases trimmed due to adapters: 0

Duplication rate (may be overestimated since this is SE data): 3.14837%

JSON report: /mnt/beegfs/gt156213e/murinae-seq/01-Assembly-data/01-Fastp/Archboldomys-luzonensis/nextseq-single-1/EAR1826_S61_L003_R1_001.fastp.fastp.json
HTML report: /mnt/beegfs/gt156213e/murinae-seq/01-Assembly-data/01-Fastp/Archboldomys-luzonensis/nextseq-single-1/EAR1826_S61_L003_R1_001.fastp.fastp.html

fastp -i /mnt/beegfs/gt156213e/murinae-seq/01-Assembly-data/00-RawReads/Archboldomys-luzonensis/nextseq-single-1/EAR1826_S61_L003_R1_001.fastq.gz --length_required 30 --low_complexity_filter --complexity_threshold 30 -o /mnt/beegfs/gt156213e/murinae-seq/01-Assembly-data/01-Fastp/Archboldomys-luzonensis/nextseq-single-1/EAR1826_S61_L003_R1_001.fastp.fastq.gz -h /mnt/beegfs/gt156213e/murinae-seq/01-Assembly-data/01-Fastp/Archboldomys-luzonensis/nextseq-single-1/EAR1826_S61_L003_R1_001.fastp.fastp.html -j /mnt/beegfs/gt156213e/murinae-seq/01-Assembly-data/01-Fastp/Archboldomys-luzonensis/nextseq-single-1/EAR1826_S61_L003_R1_001.fastp.fastp.json 
fastp v0.20.1, time used: 10 seconds
