Detecting adapter sequence for read1...
No adapter detected for read1

Read1 before filtering:
total reads: 396911
total bases: 29984716
Q20 bases: 28784730(95.998%)
Q30 bases: 28238045(94.1748%)

Read1 after filtering:
total reads: 394466
total bases: 29796142
Q20 bases: 28682982(96.2641%)
Q30 bases: 28148422(94.47%)

Filtering result:
reads passed filter: 394466
reads failed due to low quality: 2355
reads failed due to too many N: 1
reads failed due to too short: 52
reads failed due to low complexity: 37
reads with adapter trimmed: 0
bases trimmed due to adapters: 0

Duplication rate (may be overestimated since this is SE data): 2.85477%

JSON report: /mnt/beegfs/gt156213e/murinae-seq/01-Assembly-data/01-Fastp/Archboldomys-luzonensis/nextseq-single-2/EAR1826_S61_L002_R1_001.fastp.fastp.json
HTML report: /mnt/beegfs/gt156213e/murinae-seq/01-Assembly-data/01-Fastp/Archboldomys-luzonensis/nextseq-single-2/EAR1826_S61_L002_R1_001.fastp.fastp.html

fastp -i /mnt/beegfs/gt156213e/murinae-seq/01-Assembly-data/00-RawReads/Archboldomys-luzonensis/nextseq-single-2/EAR1826_S61_L002_R1_001.fastq.gz --length_required 30 --low_complexity_filter --complexity_threshold 30 -o /mnt/beegfs/gt156213e/murinae-seq/01-Assembly-data/01-Fastp/Archboldomys-luzonensis/nextseq-single-2/EAR1826_S61_L002_R1_001.fastp.fastq.gz -h /mnt/beegfs/gt156213e/murinae-seq/01-Assembly-data/01-Fastp/Archboldomys-luzonensis/nextseq-single-2/EAR1826_S61_L002_R1_001.fastp.fastp.html -j /mnt/beegfs/gt156213e/murinae-seq/01-Assembly-data/01-Fastp/Archboldomys-luzonensis/nextseq-single-2/EAR1826_S61_L002_R1_001.fastp.fastp.json 
fastp v0.20.1, time used: 10 seconds
