Detecting adapter sequence for read1...
No adapter detected for read1

Detecting adapter sequence for read2...
No adapter detected for read2

Read1 before filtering:
total reads: 2981632
total bases: 225187643
Q20 bases: 216215110(96.0155%)
Q30 bases: 212396308(94.3197%)

Read2 before filtering:
total reads: 2981632
total bases: 225183568
Q20 bases: 209025545(92.8245%)
Q30 bases: 203014099(90.1549%)

Read1 after filtering:
total reads: 2864476
total bases: 216160987
Q20 bases: 209010540(96.6921%)
Q30 bases: 205625468(95.1261%)

Read2 aftering filtering:
total reads: 2864476
total bases: 216176560
Q20 bases: 204508544(94.6026%)
Q30 bases: 199194303(92.1443%)

Filtering result:
reads passed filter: 5728952
reads failed due to low quality: 221044
reads failed due to too many N: 1582
reads failed due to too short: 10076
reads failed due to low complexity: 1610
reads with adapter trimmed: 12952
bases trimmed due to adapters: 321752

Duplication rate: 7.9172%

Insert size peak (evaluated by paired-end reads): 119

JSON report: /scratch/gregg_thomas/Murinae-seq/01-Fastp/Bunomys-chrysocomus/nextseq-paired-2/JAE4867_S30_L004_R.fastp.json
HTML report: /scratch/gregg_thomas/Murinae-seq/01-Fastp/Bunomys-chrysocomus/nextseq-paired-2/JAE4867_S30_L004_R.fastp.html

fastp -i /scratch/gregg_thomas/Murinae-seq/00-RawReads/Bunomys-chrysocomus/nextseq-paired-2/JAE4867_S30_L004_R1_001.fastq.gz -I /scratch/gregg_thomas/Murinae-seq/00-RawReads/Bunomys-chrysocomus/nextseq-paired-2/JAE4867_S30_L004_R2_001.fastq.gz --detect_adapter_for_pe --length_required 30 --low_complexity_filter --complexity_threshold 30 -o /scratch/gregg_thomas/Murinae-seq/01-Fastp/Bunomys-chrysocomus/nextseq-paired-2/JAE4867_S30_L004_R1_001.fastp.fastq.gz -O /scratch/gregg_thomas/Murinae-seq/01-Fastp/Bunomys-chrysocomus/nextseq-paired-2/JAE4867_S30_L004_R2_001.fastp.fastq.gz -h /scratch/gregg_thomas/Murinae-seq/01-Fastp/Bunomys-chrysocomus/nextseq-paired-2/JAE4867_S30_L004_R.fastp.html -j /scratch/gregg_thomas/Murinae-seq/01-Fastp/Bunomys-chrysocomus/nextseq-paired-2/JAE4867_S30_L004_R.fastp.json 
fastp v0.20.0, time used: 28 seconds
