Detecting adapter sequence for read1...
No adapter detected for read1

Detecting adapter sequence for read2...
No adapter detected for read2

Read1 before filtering:
total reads: 2990880
total bases: 225889005
Q20 bases: 216931224(96.0344%)
Q30 bases: 213110754(94.3431%)

Read2 before filtering:
total reads: 2990880
total bases: 225878322
Q20 bases: 210964715(93.3975%)
Q30 bases: 205312516(90.8952%)

Read1 after filtering:
total reads: 2889448
total bases: 218045635
Q20 bases: 210841592(96.6961%)
Q30 bases: 207423865(95.1286%)

Read2 aftering filtering:
total reads: 2889448
total bases: 218057811
Q20 bases: 206953833(94.9078%)
Q30 bases: 201897226(92.5889%)

Filtering result:
reads passed filter: 5778896
reads failed due to low quality: 189538
reads failed due to too many N: 1032
reads failed due to too short: 10446
reads failed due to low complexity: 1848
reads with adapter trimmed: 13986
bases trimmed due to adapters: 362359

Duplication rate: 7.99867%

Insert size peak (evaluated by paired-end reads): 119

JSON report: /mnt/beegfs/gt156213e/murinae-seq/01-Assembly-data/01-Fastp/Bunomys-chrysocomus/nextseq-paired-2/JAE4867_S30_L003_R.fastp.json
HTML report: /mnt/beegfs/gt156213e/murinae-seq/01-Assembly-data/01-Fastp/Bunomys-chrysocomus/nextseq-paired-2/JAE4867_S30_L003_R.fastp.html

fastp -i /mnt/beegfs/gt156213e/murinae-seq/01-Assembly-data/00-RawReads/Bunomys-chrysocomus/nextseq-paired-2/JAE4867_S30_L003_R1_001.fastq.gz -I /mnt/beegfs/gt156213e/murinae-seq/01-Assembly-data/00-RawReads/Bunomys-chrysocomus/nextseq-paired-2/JAE4867_S30_L003_R2_001.fastq.gz --detect_adapter_for_pe --length_required 30 --low_complexity_filter --complexity_threshold 30 -o /mnt/beegfs/gt156213e/murinae-seq/01-Assembly-data/01-Fastp/Bunomys-chrysocomus/nextseq-paired-2/JAE4867_S30_L003_R1_001.fastp.fastq.gz -O /mnt/beegfs/gt156213e/murinae-seq/01-Assembly-data/01-Fastp/Bunomys-chrysocomus/nextseq-paired-2/JAE4867_S30_L003_R2_001.fastp.fastq.gz -h /mnt/beegfs/gt156213e/murinae-seq/01-Assembly-data/01-Fastp/Bunomys-chrysocomus/nextseq-paired-2/JAE4867_S30_L003_R.fastp.html -j /mnt/beegfs/gt156213e/murinae-seq/01-Assembly-data/01-Fastp/Bunomys-chrysocomus/nextseq-paired-2/JAE4867_S30_L003_R.fastp.json 
fastp v0.20.1, time used: 63 seconds
