Detecting adapter sequence for read1...
No adapter detected for read1

Read1 before filtering:
total reads: 504890
total bases: 38134859
Q20 bases: 36320332(95.2418%)
Q30 bases: 35525326(93.1571%)

Read1 after filtering:
total reads: 500623
total bases: 37808347
Q20 bases: 36145369(95.6016%)
Q30 bases: 35371759(93.5554%)

Filtering result:
reads passed filter: 500623
reads failed due to low quality: 4112
reads failed due to too many N: 34
reads failed due to too short: 61
reads failed due to low complexity: 60
reads with adapter trimmed: 0
bases trimmed due to adapters: 0

Duplication rate (may be overestimated since this is SE data): 2.80359%

JSON report: /mnt/beegfs/gt156213e/murinae-seq/01-Assembly-data/01-Fastp/Bunomys-chrysocomus/nextseq-single-1/JAE4867_S62_L002_R1_001.fastp.fastp.json
HTML report: /mnt/beegfs/gt156213e/murinae-seq/01-Assembly-data/01-Fastp/Bunomys-chrysocomus/nextseq-single-1/JAE4867_S62_L002_R1_001.fastp.fastp.html

fastp -i /mnt/beegfs/gt156213e/murinae-seq/01-Assembly-data/00-RawReads/Bunomys-chrysocomus/nextseq-single-1/JAE4867_S62_L002_R1_001.fastq.gz --length_required 30 --low_complexity_filter --complexity_threshold 30 -o /mnt/beegfs/gt156213e/murinae-seq/01-Assembly-data/01-Fastp/Bunomys-chrysocomus/nextseq-single-1/JAE4867_S62_L002_R1_001.fastp.fastq.gz -h /mnt/beegfs/gt156213e/murinae-seq/01-Assembly-data/01-Fastp/Bunomys-chrysocomus/nextseq-single-1/JAE4867_S62_L002_R1_001.fastp.fastp.html -j /mnt/beegfs/gt156213e/murinae-seq/01-Assembly-data/01-Fastp/Bunomys-chrysocomus/nextseq-single-1/JAE4867_S62_L002_R1_001.fastp.fastp.json 
fastp v0.20.1, time used: 10 seconds
