Detecting adapter sequence for read1...
No adapter detected for read1

Read1 before filtering:
total reads: 425572
total bases: 32147802
Q20 bases: 30522498(94.9443%)
Q30 bases: 29812362(92.7353%)

Read1 after filtering:
total reads: 422034
total bases: 31875862
Q20 bases: 30373828(95.2879%)
Q30 bases: 29681912(93.1172%)

Filtering result:
reads passed filter: 422034
reads failed due to low quality: 3369
reads failed due to too many N: 3
reads failed due to too short: 132
reads failed due to low complexity: 34
reads with adapter trimmed: 0
bases trimmed due to adapters: 0

Duplication rate (may be overestimated since this is SE data): 2.34371%

JSON report: /mnt/beegfs/gt156213e/murinae-seq/01-Assembly-data/01-Fastp/Chiropodomys-gliroides/nextseq-single-1/Z25153_S54_L003_R1_001.fastp.fastp.json
HTML report: /mnt/beegfs/gt156213e/murinae-seq/01-Assembly-data/01-Fastp/Chiropodomys-gliroides/nextseq-single-1/Z25153_S54_L003_R1_001.fastp.fastp.html

fastp -i /mnt/beegfs/gt156213e/murinae-seq/01-Assembly-data/00-RawReads/Chiropodomys-gliroides/nextseq-single-1/Z25153_S54_L003_R1_001.fastq.gz --length_required 30 --low_complexity_filter --complexity_threshold 30 -o /mnt/beegfs/gt156213e/murinae-seq/01-Assembly-data/01-Fastp/Chiropodomys-gliroides/nextseq-single-1/Z25153_S54_L003_R1_001.fastp.fastq.gz -h /mnt/beegfs/gt156213e/murinae-seq/01-Assembly-data/01-Fastp/Chiropodomys-gliroides/nextseq-single-1/Z25153_S54_L003_R1_001.fastp.fastp.html -j /mnt/beegfs/gt156213e/murinae-seq/01-Assembly-data/01-Fastp/Chiropodomys-gliroides/nextseq-single-1/Z25153_S54_L003_R1_001.fastp.fastp.json 
fastp v0.20.1, time used: 9 seconds
