Detecting adapter sequence for read1...
No adapter detected for read1

Detecting adapter sequence for read2...
No adapter detected for read2

Read1 before filtering:
total reads: 300984
total bases: 23476752
Q20 bases: 23322082(99.3412%)
Q30 bases: 22897774(97.5338%)

Read2 before filtering:
total reads: 300984
total bases: 23476752
Q20 bases: 23138530(98.5593%)
Q30 bases: 22514244(95.9002%)

Read1 after filtering:
total reads: 299770
total bases: 23370394
Q20 bases: 23223346(99.3708%)
Q30 bases: 22808094(97.594%)

Read2 aftering filtering:
total reads: 299770
total bases: 23370394
Q20 bases: 23079663(98.756%)
Q30 bases: 22479529(96.1881%)

Filtering result:
reads passed filter: 599540
reads failed due to low quality: 2268
reads failed due to too many N: 0
reads failed due to too short: 0
reads failed due to low complexity: 160
reads with adapter trimmed: 948
bases trimmed due to adapters: 23332

Duplication rate: 0.870801%

Insert size peak (evaluated by paired-end reads): 125

JSON report: /scratch/gregg_thomas/Murinae-seq/01-Fastp/Chiropodomys-gliroides/miseq-paired/Z25153_S29_L001_R.fastp.json
HTML report: /scratch/gregg_thomas/Murinae-seq/01-Fastp/Chiropodomys-gliroides/miseq-paired/Z25153_S29_L001_R.fastp.html

fastp -i /scratch/gregg_thomas/Murinae-seq/00-RawReads/Chiropodomys-gliroides/miseq-paired/Z25153_S29_L001_R1_001.fastq.gz -I /scratch/gregg_thomas/Murinae-seq/00-RawReads/Chiropodomys-gliroides/miseq-paired/Z25153_S29_L001_R2_001.fastq.gz --detect_adapter_for_pe --length_required 30 --low_complexity_filter --complexity_threshold 30 -o /scratch/gregg_thomas/Murinae-seq/01-Fastp/Chiropodomys-gliroides/miseq-paired/Z25153_S29_L001_R1_001.fastp.fastq.gz -O /scratch/gregg_thomas/Murinae-seq/01-Fastp/Chiropodomys-gliroides/miseq-paired/Z25153_S29_L001_R2_001.fastp.fastq.gz -h /scratch/gregg_thomas/Murinae-seq/01-Fastp/Chiropodomys-gliroides/miseq-paired/Z25153_S29_L001_R.fastp.html -j /scratch/gregg_thomas/Murinae-seq/01-Fastp/Chiropodomys-gliroides/miseq-paired/Z25153_S29_L001_R.fastp.json 
fastp v0.20.0, time used: 12 seconds
