Detecting adapter sequence for read1...
No adapter detected for read1

Read1 before filtering:
total reads: 421222
total bases: 31818134
Q20 bases: 30281354(95.1701%)
Q30 bases: 29598399(93.0237%)

Read1 after filtering:
total reads: 417764
total bases: 31552663
Q20 bases: 30138450(95.5179%)
Q30 bases: 29473400(93.4102%)

Filtering result:
reads passed filter: 417764
reads failed due to low quality: 3383
reads failed due to too many N: 7
reads failed due to too short: 31
reads failed due to low complexity: 37
reads with adapter trimmed: 0
bases trimmed due to adapters: 0

Duplication rate (may be overestimated since this is SE data): 2.34102%

JSON report: /mnt/beegfs/gt156213e/murinae-seq/01-Assembly-data/01-Fastp/Chiropodomys-gliroides/nextseq-single-1/Z25153_S54_L004_R1_001.fastp.fastp.json
HTML report: /mnt/beegfs/gt156213e/murinae-seq/01-Assembly-data/01-Fastp/Chiropodomys-gliroides/nextseq-single-1/Z25153_S54_L004_R1_001.fastp.fastp.html

fastp -i /mnt/beegfs/gt156213e/murinae-seq/01-Assembly-data/00-RawReads/Chiropodomys-gliroides/nextseq-single-1/Z25153_S54_L004_R1_001.fastq.gz --length_required 30 --low_complexity_filter --complexity_threshold 30 -o /mnt/beegfs/gt156213e/murinae-seq/01-Assembly-data/01-Fastp/Chiropodomys-gliroides/nextseq-single-1/Z25153_S54_L004_R1_001.fastp.fastq.gz -h /mnt/beegfs/gt156213e/murinae-seq/01-Assembly-data/01-Fastp/Chiropodomys-gliroides/nextseq-single-1/Z25153_S54_L004_R1_001.fastp.fastp.html -j /mnt/beegfs/gt156213e/murinae-seq/01-Assembly-data/01-Fastp/Chiropodomys-gliroides/nextseq-single-1/Z25153_S54_L004_R1_001.fastp.fastp.json 
fastp v0.20.1, time used: 10 seconds
