Detecting adapter sequence for read1...
No adapter detected for read1

Detecting adapter sequence for read2...
No adapter detected for read2

Read1 before filtering:
total reads: 3358399
total bases: 253678267
Q20 bases: 243354738(95.9305%)
Q30 bases: 238917418(94.1813%)

Read2 before filtering:
total reads: 3358399
total bases: 253662835
Q20 bases: 236259791(93.1393%)
Q30 bases: 229699420(90.553%)

Read1 after filtering:
total reads: 3246676
total bases: 245037111
Q20 bases: 236663650(96.5828%)
Q30 bases: 232689769(94.961%)

Read2 aftering filtering:
total reads: 3246676
total bases: 245050941
Q20 bases: 231823432(94.6021%)
Q30 bases: 225917724(92.1921%)

Filtering result:
reads passed filter: 6493352
reads failed due to low quality: 211098
reads failed due to too many N: 1256
reads failed due to too short: 8796
reads failed due to low complexity: 2296
reads with adapter trimmed: 14658
bases trimmed due to adapters: 388434

Duplication rate: 9.60561%

Insert size peak (evaluated by paired-end reads): 119

JSON report: /scratch/gregg_thomas/Murinae-seq/01-Fastp/Chrotomys-mindorensis/nextseq-paired-2/JAE520_S34_L003_R.fastp.json
HTML report: /scratch/gregg_thomas/Murinae-seq/01-Fastp/Chrotomys-mindorensis/nextseq-paired-2/JAE520_S34_L003_R.fastp.html

fastp -i /scratch/gregg_thomas/Murinae-seq/00-RawReads/Chrotomys-mindorensis/nextseq-paired-2/JAE520_S34_L003_R1_001.fastq.gz -I /scratch/gregg_thomas/Murinae-seq/00-RawReads/Chrotomys-mindorensis/nextseq-paired-2/JAE520_S34_L003_R2_001.fastq.gz --detect_adapter_for_pe --length_required 30 --low_complexity_filter --complexity_threshold 30 -o /scratch/gregg_thomas/Murinae-seq/01-Fastp/Chrotomys-mindorensis/nextseq-paired-2/JAE520_S34_L003_R1_001.fastp.fastq.gz -O /scratch/gregg_thomas/Murinae-seq/01-Fastp/Chrotomys-mindorensis/nextseq-paired-2/JAE520_S34_L003_R2_001.fastp.fastq.gz -h /scratch/gregg_thomas/Murinae-seq/01-Fastp/Chrotomys-mindorensis/nextseq-paired-2/JAE520_S34_L003_R.fastp.html -j /scratch/gregg_thomas/Murinae-seq/01-Fastp/Chrotomys-mindorensis/nextseq-paired-2/JAE520_S34_L003_R.fastp.json 
fastp v0.20.0, time used: 32 seconds
