Detecting adapter sequence for read1...
No adapter detected for read1

Detecting adapter sequence for read2...
No adapter detected for read2

Read1 before filtering:
total reads: 3218293
total bases: 243097179
Q20 bases: 233093437(95.8849%)
Q30 bases: 228867483(94.1465%)

Read2 before filtering:
total reads: 3218293
total bases: 243012569
Q20 bases: 224526805(92.3931%)
Q30 bases: 217913342(89.6716%)

Read1 after filtering:
total reads: 3088748
total bases: 233126783
Q20 bases: 225166758(96.5855%)
Q30 bases: 221442015(94.9878%)

Read2 aftering filtering:
total reads: 3088748
total bases: 233140460
Q20 bases: 219605724(94.1946%)
Q30 bases: 213729250(91.674%)

Filtering result:
reads passed filter: 6177496
reads failed due to low quality: 246502
reads failed due to too many N: 2756
reads failed due to too short: 7582
reads failed due to low complexity: 2250
reads with adapter trimmed: 12702
bases trimmed due to adapters: 328760

Duplication rate: 9.18012%

Insert size peak (evaluated by paired-end reads): 119

JSON report: /mnt/beegfs/gt156213e/murinae-seq/01-Assembly-data/01-Fastp/Chrotomys-mindorensis/nextseq-paired-2/JAE520_S34_L002_R.fastp.json
HTML report: /mnt/beegfs/gt156213e/murinae-seq/01-Assembly-data/01-Fastp/Chrotomys-mindorensis/nextseq-paired-2/JAE520_S34_L002_R.fastp.html

fastp -i /mnt/beegfs/gt156213e/murinae-seq/01-Assembly-data/00-RawReads/Chrotomys-mindorensis/nextseq-paired-2/JAE520_S34_L002_R1_001.fastq.gz -I /mnt/beegfs/gt156213e/murinae-seq/01-Assembly-data/00-RawReads/Chrotomys-mindorensis/nextseq-paired-2/JAE520_S34_L002_R2_001.fastq.gz --detect_adapter_for_pe --length_required 30 --low_complexity_filter --complexity_threshold 30 -o /mnt/beegfs/gt156213e/murinae-seq/01-Assembly-data/01-Fastp/Chrotomys-mindorensis/nextseq-paired-2/JAE520_S34_L002_R1_001.fastp.fastq.gz -O /mnt/beegfs/gt156213e/murinae-seq/01-Assembly-data/01-Fastp/Chrotomys-mindorensis/nextseq-paired-2/JAE520_S34_L002_R2_001.fastp.fastq.gz -h /mnt/beegfs/gt156213e/murinae-seq/01-Assembly-data/01-Fastp/Chrotomys-mindorensis/nextseq-paired-2/JAE520_S34_L002_R.fastp.html -j /mnt/beegfs/gt156213e/murinae-seq/01-Assembly-data/01-Fastp/Chrotomys-mindorensis/nextseq-paired-2/JAE520_S34_L002_R.fastp.json 
fastp v0.20.1, time used: 60 seconds
