Detecting adapter sequence for read1...
No adapter detected for read1

Detecting adapter sequence for read2...
No adapter detected for read2

Read1 before filtering:
total reads: 2876795
total bases: 217305888
Q20 bases: 208591984(95.99%)
Q30 bases: 204832790(94.2601%)

Read2 before filtering:
total reads: 2876795
total bases: 217306187
Q20 bases: 200761315(92.3864%)
Q30 bases: 194683905(89.5897%)

Read1 after filtering:
total reads: 2763578
total bases: 208615481
Q20 bases: 201591178(96.6329%)
Q30 bases: 198251222(95.0319%)

Read2 aftering filtering:
total reads: 2763578
total bases: 208632694
Q20 bases: 196402700(94.138%)
Q30 bases: 190985408(91.5415%)

Filtering result:
reads passed filter: 5527156
reads failed due to low quality: 213924
reads failed due to too many N: 1470
reads failed due to too short: 8914
reads failed due to low complexity: 2126
reads with adapter trimmed: 9296
bases trimmed due to adapters: 249558

Duplication rate: 7.60879%

Insert size peak (evaluated by paired-end reads): 0

JSON report: /mnt/beegfs/gt156213e/murinae-seq/01-Assembly-data/01-Fastp/Crunomys-celebensis/nextseq-paired-2/Z21894_S10_L004_R.fastp.json
HTML report: /mnt/beegfs/gt156213e/murinae-seq/01-Assembly-data/01-Fastp/Crunomys-celebensis/nextseq-paired-2/Z21894_S10_L004_R.fastp.html

fastp -i /mnt/beegfs/gt156213e/murinae-seq/01-Assembly-data/00-RawReads/Crunomys-celebensis/nextseq-paired-2/Z21894_S10_L004_R1_001.fastq.gz -I /mnt/beegfs/gt156213e/murinae-seq/01-Assembly-data/00-RawReads/Crunomys-celebensis/nextseq-paired-2/Z21894_S10_L004_R2_001.fastq.gz --detect_adapter_for_pe --length_required 30 --low_complexity_filter --complexity_threshold 30 -o /mnt/beegfs/gt156213e/murinae-seq/01-Assembly-data/01-Fastp/Crunomys-celebensis/nextseq-paired-2/Z21894_S10_L004_R1_001.fastp.fastq.gz -O /mnt/beegfs/gt156213e/murinae-seq/01-Assembly-data/01-Fastp/Crunomys-celebensis/nextseq-paired-2/Z21894_S10_L004_R2_001.fastp.fastq.gz -h /mnt/beegfs/gt156213e/murinae-seq/01-Assembly-data/01-Fastp/Crunomys-celebensis/nextseq-paired-2/Z21894_S10_L004_R.fastp.html -j /mnt/beegfs/gt156213e/murinae-seq/01-Assembly-data/01-Fastp/Crunomys-celebensis/nextseq-paired-2/Z21894_S10_L004_R.fastp.json 
fastp v0.20.1, time used: 59 seconds
