Detecting adapter sequence for read1...
No adapter detected for read1

Detecting adapter sequence for read2...
No adapter detected for read2

Read1 before filtering:
total reads: 366356
total bases: 28575768
Q20 bases: 28397144(99.3749%)
Q30 bases: 27897745(97.6273%)

Read2 before filtering:
total reads: 366356
total bases: 28575768
Q20 bases: 28236678(98.8134%)
Q30 bases: 27582777(96.5251%)

Read1 after filtering:
total reads: 365126
total bases: 28462789
Q20 bases: 28291768(99.3991%)
Q30 bases: 27801483(97.6766%)

Read2 aftering filtering:
total reads: 365126
total bases: 28462789
Q20 bases: 28172556(98.9803%)
Q30 bases: 27543664(96.7708%)

Filtering result:
reads passed filter: 730252
reads failed due to low quality: 2314
reads failed due to too many N: 0
reads failed due to too short: 0
reads failed due to low complexity: 146
reads with adapter trimmed: 1494
bases trimmed due to adapters: 34170

Duplication rate: 1.16292%

Insert size peak (evaluated by paired-end reads): 124

JSON report: /scratch/gregg_thomas/Murinae-seq/01-Fastp/Echiothrix-centrosa/miseq-paired/Z27993_S19_L001_R.fastp.json
HTML report: /scratch/gregg_thomas/Murinae-seq/01-Fastp/Echiothrix-centrosa/miseq-paired/Z27993_S19_L001_R.fastp.html

fastp -i /scratch/gregg_thomas/Murinae-seq/00-RawReads/Echiothrix-centrosa/miseq-paired/Z27993_S19_L001_R1_001.fastq.gz -I /scratch/gregg_thomas/Murinae-seq/00-RawReads/Echiothrix-centrosa/miseq-paired/Z27993_S19_L001_R2_001.fastq.gz --detect_adapter_for_pe --length_required 30 --low_complexity_filter --complexity_threshold 30 -o /scratch/gregg_thomas/Murinae-seq/01-Fastp/Echiothrix-centrosa/miseq-paired/Z27993_S19_L001_R1_001.fastp.fastq.gz -O /scratch/gregg_thomas/Murinae-seq/01-Fastp/Echiothrix-centrosa/miseq-paired/Z27993_S19_L001_R2_001.fastp.fastq.gz -h /scratch/gregg_thomas/Murinae-seq/01-Fastp/Echiothrix-centrosa/miseq-paired/Z27993_S19_L001_R.fastp.html -j /scratch/gregg_thomas/Murinae-seq/01-Fastp/Echiothrix-centrosa/miseq-paired/Z27993_S19_L001_R.fastp.json 
fastp v0.20.0, time used: 24 seconds
