Detecting adapter sequence for read1...
No adapter detected for read1

Read1 before filtering:
total reads: 665310
total bases: 50260373
Q20 bases: 47987452(95.4777%)
Q30 bases: 46961842(93.4371%)

Read1 after filtering:
total reads: 660268
total bases: 49873047
Q20 bases: 47780244(95.8037%)
Q30 bases: 46779773(93.7977%)

Filtering result:
reads passed filter: 660268
reads failed due to low quality: 4899
reads failed due to too many N: 16
reads failed due to too short: 67
reads failed due to low complexity: 60
reads with adapter trimmed: 0
bases trimmed due to adapters: 0

Duplication rate (may be overestimated since this is SE data): 2.97224%

JSON report: /mnt/beegfs/gt156213e/murinae-seq/01-Assembly-data/01-Fastp/Gracillimus-radix/nextseq-single-1/Z08508_S44_L004_R1_001.fastp.fastp.json
HTML report: /mnt/beegfs/gt156213e/murinae-seq/01-Assembly-data/01-Fastp/Gracillimus-radix/nextseq-single-1/Z08508_S44_L004_R1_001.fastp.fastp.html

fastp -i /mnt/beegfs/gt156213e/murinae-seq/01-Assembly-data/00-RawReads/Gracillimus-radix/nextseq-single-1/Z08508_S44_L004_R1_001.fastq.gz --length_required 30 --low_complexity_filter --complexity_threshold 30 -o /mnt/beegfs/gt156213e/murinae-seq/01-Assembly-data/01-Fastp/Gracillimus-radix/nextseq-single-1/Z08508_S44_L004_R1_001.fastp.fastq.gz -h /mnt/beegfs/gt156213e/murinae-seq/01-Assembly-data/01-Fastp/Gracillimus-radix/nextseq-single-1/Z08508_S44_L004_R1_001.fastp.fastp.html -j /mnt/beegfs/gt156213e/murinae-seq/01-Assembly-data/01-Fastp/Gracillimus-radix/nextseq-single-1/Z08508_S44_L004_R1_001.fastp.fastp.json 
fastp v0.20.1, time used: 11 seconds
