Detecting adapter sequence for read1...
No adapter detected for read1

Read1 before filtering:
total reads: 582487
total bases: 44006161
Q20 bases: 42285856(96.0908%)
Q30 bases: 41484011(94.2686%)

Read1 after filtering:
total reads: 579017
total bases: 43739757
Q20 bases: 42139651(96.3418%)
Q30 bases: 41355132(94.5482%)

Filtering result:
reads passed filter: 579017
reads failed due to low quality: 3214
reads failed due to too many N: 36
reads failed due to too short: 185
reads failed due to low complexity: 35
reads with adapter trimmed: 0
bases trimmed due to adapters: 0

Duplication rate (may be overestimated since this is SE data): 2.99438%

JSON report: /mnt/beegfs/gt156213e/murinae-seq/01-Assembly-data/01-Fastp/Grammomys-sp/nextseq-single-2/TCD4560_S39_L001_R1_001.fastp.fastp.json
HTML report: /mnt/beegfs/gt156213e/murinae-seq/01-Assembly-data/01-Fastp/Grammomys-sp/nextseq-single-2/TCD4560_S39_L001_R1_001.fastp.fastp.html

fastp -i /mnt/beegfs/gt156213e/murinae-seq/01-Assembly-data/00-RawReads/Grammomys-sp/nextseq-single-2/TCD4560_S39_L001_R1_001.fastq.gz --length_required 30 --low_complexity_filter --complexity_threshold 30 -o /mnt/beegfs/gt156213e/murinae-seq/01-Assembly-data/01-Fastp/Grammomys-sp/nextseq-single-2/TCD4560_S39_L001_R1_001.fastp.fastq.gz -h /mnt/beegfs/gt156213e/murinae-seq/01-Assembly-data/01-Fastp/Grammomys-sp/nextseq-single-2/TCD4560_S39_L001_R1_001.fastp.fastp.html -j /mnt/beegfs/gt156213e/murinae-seq/01-Assembly-data/01-Fastp/Grammomys-sp/nextseq-single-2/TCD4560_S39_L001_R1_001.fastp.fastp.json 
fastp v0.20.1, time used: 10 seconds
