Detecting adapter sequence for read1...
No adapter detected for read1

Detecting adapter sequence for read2...
No adapter detected for read2

Read1 before filtering:
total reads: 2364488
total bases: 178612032
Q20 bases: 171226584(95.8651%)
Q30 bases: 168054080(94.0889%)

Read2 before filtering:
total reads: 2364488
total bases: 178611287
Q20 bases: 163986627(91.812%)
Q30 bases: 158774487(88.8939%)

Read1 after filtering:
total reads: 2259846
total bases: 170576678
Q20 bases: 164769181(96.5954%)
Q30 bases: 161995062(94.9691%)

Read2 aftering filtering:
total reads: 2259846
total bases: 170588544
Q20 bases: 159995489(93.7903%)
Q30 bases: 155395272(91.0936%)

Filtering result:
reads passed filter: 4519692
reads failed due to low quality: 198594
reads failed due to too many N: 1278
reads failed due to too short: 7572
reads failed due to low complexity: 1840
reads with adapter trimmed: 8578
bases trimmed due to adapters: 231964

Duplication rate: 6.95549%

Insert size peak (evaluated by paired-end reads): 0

JSON report: /mnt/beegfs/gt156213e/murinae-seq/01-Assembly-data/01-Fastp/Haeromys-minahassae/nextseq-paired-2/JAE4996_S31_L004_R.fastp.json
HTML report: /mnt/beegfs/gt156213e/murinae-seq/01-Assembly-data/01-Fastp/Haeromys-minahassae/nextseq-paired-2/JAE4996_S31_L004_R.fastp.html

fastp -i /mnt/beegfs/gt156213e/murinae-seq/01-Assembly-data/00-RawReads/Haeromys-minahassae/nextseq-paired-2/JAE4996_S31_L004_R1_001.fastq.gz -I /mnt/beegfs/gt156213e/murinae-seq/01-Assembly-data/00-RawReads/Haeromys-minahassae/nextseq-paired-2/JAE4996_S31_L004_R2_001.fastq.gz --detect_adapter_for_pe --length_required 30 --low_complexity_filter --complexity_threshold 30 -o /mnt/beegfs/gt156213e/murinae-seq/01-Assembly-data/01-Fastp/Haeromys-minahassae/nextseq-paired-2/JAE4996_S31_L004_R1_001.fastp.fastq.gz -O /mnt/beegfs/gt156213e/murinae-seq/01-Assembly-data/01-Fastp/Haeromys-minahassae/nextseq-paired-2/JAE4996_S31_L004_R2_001.fastp.fastq.gz -h /mnt/beegfs/gt156213e/murinae-seq/01-Assembly-data/01-Fastp/Haeromys-minahassae/nextseq-paired-2/JAE4996_S31_L004_R.fastp.html -j /mnt/beegfs/gt156213e/murinae-seq/01-Assembly-data/01-Fastp/Haeromys-minahassae/nextseq-paired-2/JAE4996_S31_L004_R.fastp.json 
fastp v0.20.1, time used: 48 seconds
