Detecting adapter sequence for read1...
No adapter detected for read1

Read1 before filtering:
total reads: 366223
total bases: 27666417
Q20 bases: 26509143(95.817%)
Q30 bases: 25981937(93.9115%)

Read1 after filtering:
total reads: 363528
total bases: 27459327
Q20 bases: 26396420(96.1292%)
Q30 bases: 25882167(94.2564%)

Filtering result:
reads passed filter: 363528
reads failed due to low quality: 2512
reads failed due to too many N: 24
reads failed due to too short: 118
reads failed due to low complexity: 41
reads with adapter trimmed: 0
bases trimmed due to adapters: 0

Duplication rate (may be overestimated since this is SE data): 2.29606%

JSON report: /mnt/beegfs/gt156213e/murinae-seq/01-Assembly-data/01-Fastp/Haeromys-minahassae/nextseq-single-2/JAE4996_S63_L001_R1_001.fastp.fastp.json
HTML report: /mnt/beegfs/gt156213e/murinae-seq/01-Assembly-data/01-Fastp/Haeromys-minahassae/nextseq-single-2/JAE4996_S63_L001_R1_001.fastp.fastp.html

fastp -i /mnt/beegfs/gt156213e/murinae-seq/01-Assembly-data/00-RawReads/Haeromys-minahassae/nextseq-single-2/JAE4996_S63_L001_R1_001.fastq.gz --length_required 30 --low_complexity_filter --complexity_threshold 30 -o /mnt/beegfs/gt156213e/murinae-seq/01-Assembly-data/01-Fastp/Haeromys-minahassae/nextseq-single-2/JAE4996_S63_L001_R1_001.fastp.fastq.gz -h /mnt/beegfs/gt156213e/murinae-seq/01-Assembly-data/01-Fastp/Haeromys-minahassae/nextseq-single-2/JAE4996_S63_L001_R1_001.fastp.fastp.html -j /mnt/beegfs/gt156213e/murinae-seq/01-Assembly-data/01-Fastp/Haeromys-minahassae/nextseq-single-2/JAE4996_S63_L001_R1_001.fastp.fastp.json 
fastp v0.20.1, time used: 9 seconds
