Detecting adapter sequence for read1...
No adapter detected for read1

Detecting adapter sequence for read2...
No adapter detected for read2

Read1 before filtering:
total reads: 3876729
total bases: 292777555
Q20 bases: 280555247(95.8254%)
Q30 bases: 275470807(94.0888%)

Read2 before filtering:
total reads: 3876729
total bases: 292694969
Q20 bases: 271962540(92.9167%)
Q30 bases: 264267023(90.2875%)

Read1 after filtering:
total reads: 3726744
total bases: 281085790
Q20 bases: 271559557(96.6109%)
Q30 bases: 267062409(95.011%)

Read2 aftering filtering:
total reads: 3726744
total bases: 281115305
Q20 bases: 266205171(94.6961%)
Q30 bases: 259402270(92.2761%)

Filtering result:
reads passed filter: 7453488
reads failed due to low quality: 277058
reads failed due to too many N: 3292
reads failed due to too short: 17304
reads failed due to low complexity: 2316
reads with adapter trimmed: 34302
bases trimmed due to adapters: 707310

Duplication rate: 38.8121%

Insert size peak (evaluated by paired-end reads): 111

JSON report: /mnt/beegfs/gt156213e/murinae-seq/01-Assembly-data/01-Fastp/Hydromys-chrysogaster/nextseq-paired-2/Z5248_S27_L001_R.fastp.json
HTML report: /mnt/beegfs/gt156213e/murinae-seq/01-Assembly-data/01-Fastp/Hydromys-chrysogaster/nextseq-paired-2/Z5248_S27_L001_R.fastp.html

fastp -i /mnt/beegfs/gt156213e/murinae-seq/01-Assembly-data/00-RawReads/Hydromys-chrysogaster/nextseq-paired-2/Z5248_S27_L001_R1_001.fastq.gz -I /mnt/beegfs/gt156213e/murinae-seq/01-Assembly-data/00-RawReads/Hydromys-chrysogaster/nextseq-paired-2/Z5248_S27_L001_R2_001.fastq.gz --detect_adapter_for_pe --length_required 30 --low_complexity_filter --complexity_threshold 30 -o /mnt/beegfs/gt156213e/murinae-seq/01-Assembly-data/01-Fastp/Hydromys-chrysogaster/nextseq-paired-2/Z5248_S27_L001_R1_001.fastp.fastq.gz -O /mnt/beegfs/gt156213e/murinae-seq/01-Assembly-data/01-Fastp/Hydromys-chrysogaster/nextseq-paired-2/Z5248_S27_L001_R2_001.fastp.fastq.gz -h /mnt/beegfs/gt156213e/murinae-seq/01-Assembly-data/01-Fastp/Hydromys-chrysogaster/nextseq-paired-2/Z5248_S27_L001_R.fastp.html -j /mnt/beegfs/gt156213e/murinae-seq/01-Assembly-data/01-Fastp/Hydromys-chrysogaster/nextseq-paired-2/Z5248_S27_L001_R.fastp.json 
fastp v0.20.1, time used: 73 seconds
