Detecting adapter sequence for read1...
No adapter detected for read1

Read1 before filtering:
total reads: 647385
total bases: 48897230
Q20 bases: 46570068(95.2407%)
Q30 bases: 45567435(93.1902%)

Read1 after filtering:
total reads: 641508
total bases: 48444474
Q20 bases: 46327278(95.6296%)
Q30 bases: 45352854(93.6182%)

Filtering result:
reads passed filter: 641508
reads failed due to low quality: 5687
reads failed due to too many N: 49
reads failed due to too short: 88
reads failed due to low complexity: 53
reads with adapter trimmed: 0
bases trimmed due to adapters: 0

Duplication rate (may be overestimated since this is SE data): 17.3262%

JSON report: /mnt/beegfs/gt156213e/murinae-seq/01-Assembly-data/01-Fastp/Hydromys-chrysogaster/nextseq-single-1/Z5248_S59_L002_R1_001.fastp.fastp.json
HTML report: /mnt/beegfs/gt156213e/murinae-seq/01-Assembly-data/01-Fastp/Hydromys-chrysogaster/nextseq-single-1/Z5248_S59_L002_R1_001.fastp.fastp.html

fastp -i /mnt/beegfs/gt156213e/murinae-seq/01-Assembly-data/00-RawReads/Hydromys-chrysogaster/nextseq-single-1/Z5248_S59_L002_R1_001.fastq.gz --length_required 30 --low_complexity_filter --complexity_threshold 30 -o /mnt/beegfs/gt156213e/murinae-seq/01-Assembly-data/01-Fastp/Hydromys-chrysogaster/nextseq-single-1/Z5248_S59_L002_R1_001.fastp.fastq.gz -h /mnt/beegfs/gt156213e/murinae-seq/01-Assembly-data/01-Fastp/Hydromys-chrysogaster/nextseq-single-1/Z5248_S59_L002_R1_001.fastp.fastp.html -j /mnt/beegfs/gt156213e/murinae-seq/01-Assembly-data/01-Fastp/Hydromys-chrysogaster/nextseq-single-1/Z5248_S59_L002_R1_001.fastp.fastp.json 
fastp v0.20.1, time used: 12 seconds
