Detecting adapter sequence for read1...
No adapter detected for read1

Detecting adapter sequence for read2...
No adapter detected for read2

Read1 before filtering:
total reads: 11057132
total bases: 829284900
Q20 bases: 813910828(98.1461%)
Q30 bases: 806565318(97.2603%)

Read2 before filtering:
total reads: 11057132
total bases: 829284900
Q20 bases: 790105315(95.2755%)
Q30 bases: 777659204(93.7747%)

Read1 after filtering:
total reads: 10697481
total bases: 801745324
Q20 bases: 790324340(98.5755%)
Q30 bases: 783979347(97.7841%)

Read2 aftering filtering:
total reads: 10697481
total bases: 801762717
Q20 bases: 776858600(96.8938%)
Q30 bases: 766586516(95.6126%)

Filtering result:
reads passed filter: 21394962
reads failed due to low quality: 640410
reads failed due to too many N: 5230
reads failed due to too short: 65834
reads failed due to low complexity: 7828
reads with adapter trimmed: 45244
bases trimmed due to adapters: 1089365

Duplication rate: 21.6779%

Insert size peak (evaluated by paired-end reads): 119

JSON report: /scratch/gregg_thomas/Murinae-seq/01-Fastp/Hylomyscus-vulcanorum/nextseq-paired-1/TCD4382_S13_R.fastp.json
HTML report: /scratch/gregg_thomas/Murinae-seq/01-Fastp/Hylomyscus-vulcanorum/nextseq-paired-1/TCD4382_S13_R.fastp.html

fastp -i /scratch/gregg_thomas/Murinae-seq/00-RawReads/Hylomyscus-vulcanorum/nextseq-paired-1/TCD4382_S13_R1_001.fastq.gz -I /scratch/gregg_thomas/Murinae-seq/00-RawReads/Hylomyscus-vulcanorum/nextseq-paired-1/TCD4382_S13_R2_001.fastq.gz --detect_adapter_for_pe --length_required 30 --low_complexity_filter --complexity_threshold 30 -o /scratch/gregg_thomas/Murinae-seq/01-Fastp/Hylomyscus-vulcanorum/nextseq-paired-1/TCD4382_S13_R1_001.fastp.fastq.gz -O /scratch/gregg_thomas/Murinae-seq/01-Fastp/Hylomyscus-vulcanorum/nextseq-paired-1/TCD4382_S13_R2_001.fastp.fastq.gz -h /scratch/gregg_thomas/Murinae-seq/01-Fastp/Hylomyscus-vulcanorum/nextseq-paired-1/TCD4382_S13_R.fastp.html -j /scratch/gregg_thomas/Murinae-seq/01-Fastp/Hylomyscus-vulcanorum/nextseq-paired-1/TCD4382_S13_R.fastp.json 
fastp v0.20.0, time used: 79 seconds
