Detecting adapter sequence for read1...
No adapter detected for read1

Detecting adapter sequence for read2...
No adapter detected for read2

Read1 before filtering:
total reads: 618519
total bases: 48244482
Q20 bases: 47940240(99.3694%)
Q30 bases: 47097200(97.6219%)

Read2 before filtering:
total reads: 618519
total bases: 48244482
Q20 bases: 47681287(98.8326%)
Q30 bases: 46594229(96.5794%)

Read1 after filtering:
total reads: 616343
total bases: 48060369
Q20 bases: 47768669(99.3931%)
Q30 bases: 46939392(97.6676%)

Read2 aftering filtering:
total reads: 616343
total bases: 48060369
Q20 bases: 47582053(99.0048%)
Q30 bases: 46537768(96.8319%)

Filtering result:
reads passed filter: 1232686
reads failed due to low quality: 4004
reads failed due to too many N: 0
reads failed due to too short: 0
reads failed due to low complexity: 348
reads with adapter trimmed: 1314
bases trimmed due to adapters: 28770

Duplication rate: 1.51369%

Insert size peak (evaluated by paired-end reads): 125

JSON report: /mnt/beegfs/gt156213e/murinae-seq/01-Assembly-data/01-Fastp/Hylomyscus-vulcanorum/miseq-paired/TCD4382_S13_L001_R.fastp.json
HTML report: /mnt/beegfs/gt156213e/murinae-seq/01-Assembly-data/01-Fastp/Hylomyscus-vulcanorum/miseq-paired/TCD4382_S13_L001_R.fastp.html

fastp -i /mnt/beegfs/gt156213e/murinae-seq/01-Assembly-data/00-RawReads/Hylomyscus-vulcanorum/miseq-paired/TCD4382_S13_L001_R1_001.fastq.gz -I /mnt/beegfs/gt156213e/murinae-seq/01-Assembly-data/00-RawReads/Hylomyscus-vulcanorum/miseq-paired/TCD4382_S13_L001_R2_001.fastq.gz --detect_adapter_for_pe --length_required 30 --low_complexity_filter --complexity_threshold 30 -o /mnt/beegfs/gt156213e/murinae-seq/01-Assembly-data/01-Fastp/Hylomyscus-vulcanorum/miseq-paired/TCD4382_S13_L001_R1_001.fastp.fastq.gz -O /mnt/beegfs/gt156213e/murinae-seq/01-Assembly-data/01-Fastp/Hylomyscus-vulcanorum/miseq-paired/TCD4382_S13_L001_R2_001.fastp.fastq.gz -h /mnt/beegfs/gt156213e/murinae-seq/01-Assembly-data/01-Fastp/Hylomyscus-vulcanorum/miseq-paired/TCD4382_S13_L001_R.fastp.html -j /mnt/beegfs/gt156213e/murinae-seq/01-Assembly-data/01-Fastp/Hylomyscus-vulcanorum/miseq-paired/TCD4382_S13_L001_R.fastp.json 
fastp v0.20.1, time used: 20 seconds
