Detecting adapter sequence for read1...
No adapter detected for read1

Detecting adapter sequence for read2...
No adapter detected for read2

Read1 before filtering:
total reads: 3894373
total bases: 294182788
Q20 bases: 282316325(95.9663%)
Q30 bases: 277219574(94.2338%)

Read2 before filtering:
total reads: 3894373
total bases: 294083287
Q20 bases: 273226361(92.9078%)
Q30 bases: 265480646(90.274%)

Read1 after filtering:
total reads: 3752830
total bases: 283298635
Q20 bases: 273813428(96.6519%)
Q30 bases: 269304048(95.0601%)

Read2 aftering filtering:
total reads: 3752830
total bases: 283318948
Q20 bases: 267815375(94.5279%)
Q30 bases: 260873018(92.0775%)

Filtering result:
reads passed filter: 7505660
reads failed due to low quality: 265342
reads failed due to too many N: 3178
reads failed due to too short: 12578
reads failed due to low complexity: 1988
reads with adapter trimmed: 15216
bases trimmed due to adapters: 393725

Duplication rate: 8.69419%

Insert size peak (evaluated by paired-end reads): 118

JSON report: /mnt/beegfs/gt156213e/murinae-seq/01-Assembly-data/01-Fastp/Hylomyscus-vulcanorum/nextseq-paired-2/TCD4382_S5_L001_R.fastp.json
HTML report: /mnt/beegfs/gt156213e/murinae-seq/01-Assembly-data/01-Fastp/Hylomyscus-vulcanorum/nextseq-paired-2/TCD4382_S5_L001_R.fastp.html

fastp -i /mnt/beegfs/gt156213e/murinae-seq/01-Assembly-data/00-RawReads/Hylomyscus-vulcanorum/nextseq-paired-2/TCD4382_S5_L001_R1_001.fastq.gz -I /mnt/beegfs/gt156213e/murinae-seq/01-Assembly-data/00-RawReads/Hylomyscus-vulcanorum/nextseq-paired-2/TCD4382_S5_L001_R2_001.fastq.gz --detect_adapter_for_pe --length_required 30 --low_complexity_filter --complexity_threshold 30 -o /mnt/beegfs/gt156213e/murinae-seq/01-Assembly-data/01-Fastp/Hylomyscus-vulcanorum/nextseq-paired-2/TCD4382_S5_L001_R1_001.fastp.fastq.gz -O /mnt/beegfs/gt156213e/murinae-seq/01-Assembly-data/01-Fastp/Hylomyscus-vulcanorum/nextseq-paired-2/TCD4382_S5_L001_R2_001.fastp.fastq.gz -h /mnt/beegfs/gt156213e/murinae-seq/01-Assembly-data/01-Fastp/Hylomyscus-vulcanorum/nextseq-paired-2/TCD4382_S5_L001_R.fastp.html -j /mnt/beegfs/gt156213e/murinae-seq/01-Assembly-data/01-Fastp/Hylomyscus-vulcanorum/nextseq-paired-2/TCD4382_S5_L001_R.fastp.json 
fastp v0.20.1, time used: 64 seconds
