Detecting adapter sequence for read1...
No adapter detected for read1

Read1 before filtering:
total reads: 366758
total bases: 27704995
Q20 bases: 26531060(95.7627%)
Q30 bases: 26003368(93.858%)

Read1 after filtering:
total reads: 363672
total bases: 27468612
Q20 bases: 26405652(96.1303%)
Q30 bases: 25893582(94.2661%)

Filtering result:
reads passed filter: 363672
reads failed due to low quality: 2964
reads failed due to too many N: 18
reads failed due to too short: 85
reads failed due to low complexity: 19
reads with adapter trimmed: 0
bases trimmed due to adapters: 0

Duplication rate (may be overestimated since this is SE data): 2.41957%

JSON report: /scratch/gregg_thomas/Murinae-seq/01-Fastp/Hyorhinomys-stuempkei/nextseq-single-2/JAE4661_S32_L001_R1_001.fastp.fastp.json
HTML report: /scratch/gregg_thomas/Murinae-seq/01-Fastp/Hyorhinomys-stuempkei/nextseq-single-2/JAE4661_S32_L001_R1_001.fastp.fastp.html

fastp -i /scratch/gregg_thomas/Murinae-seq/00-RawReads/Hyorhinomys-stuempkei/nextseq-single-2/JAE4661_S32_L001_R1_001.fastq.gz --length_required 30 --low_complexity_filter --complexity_threshold 30 -o /scratch/gregg_thomas/Murinae-seq/01-Fastp/Hyorhinomys-stuempkei/nextseq-single-2/JAE4661_S32_L001_R1_001.fastp.fastq.gz -h /scratch/gregg_thomas/Murinae-seq/01-Fastp/Hyorhinomys-stuempkei/nextseq-single-2/JAE4661_S32_L001_R1_001.fastp.fastp.html -j /scratch/gregg_thomas/Murinae-seq/01-Fastp/Hyorhinomys-stuempkei/nextseq-single-2/JAE4661_S32_L001_R1_001.fastp.fastp.json 
fastp v0.20.0, time used: 15 seconds
