Detecting adapter sequence for read1...
No adapter detected for read1

Detecting adapter sequence for read2...
No adapter detected for read2

Read1 before filtering:
total reads: 336350
total bases: 26235300
Q20 bases: 26068056(99.3625%)
Q30 bases: 25610299(97.6177%)

Read2 before filtering:
total reads: 336350
total bases: 26235300
Q20 bases: 25887777(98.6754%)
Q30 bases: 25246289(96.2302%)

Read1 after filtering:
total reads: 335002
total bases: 26118918
Q20 bases: 25960157(99.3922%)
Q30 bases: 25512368(97.6777%)

Read2 aftering filtering:
total reads: 335002
total bases: 26118918
Q20 bases: 25823428(98.8687%)
Q30 bases: 25208941(96.516%)

Filtering result:
reads passed filter: 670004
reads failed due to low quality: 2492
reads failed due to too many N: 0
reads failed due to too short: 0
reads failed due to low complexity: 204
reads with adapter trimmed: 870
bases trimmed due to adapters: 22476

Duplication rate: 1.19057%

Insert size peak (evaluated by paired-end reads): 124

JSON report: /scratch/gregg_thomas/Murinae-seq/01-Fastp/Lemniscomys-striatus/miseq-paired/TCD4711_S16_L001_R.fastp.json
HTML report: /scratch/gregg_thomas/Murinae-seq/01-Fastp/Lemniscomys-striatus/miseq-paired/TCD4711_S16_L001_R.fastp.html

fastp -i /scratch/gregg_thomas/Murinae-seq/00-RawReads/Lemniscomys-striatus/miseq-paired/TCD4711_S16_L001_R1_001.fastq.gz -I /scratch/gregg_thomas/Murinae-seq/00-RawReads/Lemniscomys-striatus/miseq-paired/TCD4711_S16_L001_R2_001.fastq.gz --detect_adapter_for_pe --length_required 30 --low_complexity_filter --complexity_threshold 30 -o /scratch/gregg_thomas/Murinae-seq/01-Fastp/Lemniscomys-striatus/miseq-paired/TCD4711_S16_L001_R1_001.fastp.fastq.gz -O /scratch/gregg_thomas/Murinae-seq/01-Fastp/Lemniscomys-striatus/miseq-paired/TCD4711_S16_L001_R2_001.fastp.fastq.gz -h /scratch/gregg_thomas/Murinae-seq/01-Fastp/Lemniscomys-striatus/miseq-paired/TCD4711_S16_L001_R.fastp.html -j /scratch/gregg_thomas/Murinae-seq/01-Fastp/Lemniscomys-striatus/miseq-paired/TCD4711_S16_L001_R.fastp.json 
fastp v0.20.0, time used: 22 seconds
