Detecting adapter sequence for read1...
No adapter detected for read1

Detecting adapter sequence for read2...
No adapter detected for read2

Read1 before filtering:
total reads: 2780581
total bases: 210037068
Q20 bases: 201255826(95.8192%)
Q30 bases: 197526781(94.0438%)

Read2 before filtering:
total reads: 2780581
total bases: 209973288
Q20 bases: 194022134(92.4032%)
Q30 bases: 188223143(89.6415%)

Read1 after filtering:
total reads: 2676237
total bases: 201956782
Q20 bases: 194924779(96.5181%)
Q30 bases: 191620990(94.8822%)

Read2 aftering filtering:
total reads: 2676237
total bases: 201978035
Q20 bases: 189996682(94.068%)
Q30 bases: 184779322(91.4849%)

Filtering result:
reads passed filter: 5352474
reads failed due to low quality: 195862
reads failed due to too many N: 2226
reads failed due to too short: 8966
reads failed due to low complexity: 1634
reads with adapter trimmed: 14750
bases trimmed due to adapters: 390378

Duplication rate: 9.00823%

Insert size peak (evaluated by paired-end reads): 119

JSON report: /mnt/beegfs/gt156213e/murinae-seq/01-Assembly-data/01-Fastp/Lemniscomys-striatus/nextseq-paired-2/TCD4711_S8_L001_R.fastp.json
HTML report: /mnt/beegfs/gt156213e/murinae-seq/01-Assembly-data/01-Fastp/Lemniscomys-striatus/nextseq-paired-2/TCD4711_S8_L001_R.fastp.html

fastp -i /mnt/beegfs/gt156213e/murinae-seq/01-Assembly-data/00-RawReads/Lemniscomys-striatus/nextseq-paired-2/TCD4711_S8_L001_R1_001.fastq.gz -I /mnt/beegfs/gt156213e/murinae-seq/01-Assembly-data/00-RawReads/Lemniscomys-striatus/nextseq-paired-2/TCD4711_S8_L001_R2_001.fastq.gz --detect_adapter_for_pe --length_required 30 --low_complexity_filter --complexity_threshold 30 -o /mnt/beegfs/gt156213e/murinae-seq/01-Assembly-data/01-Fastp/Lemniscomys-striatus/nextseq-paired-2/TCD4711_S8_L001_R1_001.fastp.fastq.gz -O /mnt/beegfs/gt156213e/murinae-seq/01-Assembly-data/01-Fastp/Lemniscomys-striatus/nextseq-paired-2/TCD4711_S8_L001_R2_001.fastp.fastq.gz -h /mnt/beegfs/gt156213e/murinae-seq/01-Assembly-data/01-Fastp/Lemniscomys-striatus/nextseq-paired-2/TCD4711_S8_L001_R.fastp.html -j /mnt/beegfs/gt156213e/murinae-seq/01-Assembly-data/01-Fastp/Lemniscomys-striatus/nextseq-paired-2/TCD4711_S8_L001_R.fastp.json 
fastp v0.20.1, time used: 58 seconds
