Detecting adapter sequence for read1...
No adapter detected for read1

Detecting adapter sequence for read2...
No adapter detected for read2

Read1 before filtering:
total reads: 2814030
total bases: 212563362
Q20 bases: 204061006(96.0001%)
Q30 bases: 200430432(94.2921%)

Read2 before filtering:
total reads: 2814030
total bases: 212553446
Q20 bases: 197592470(92.9613%)
Q30 bases: 192045664(90.3517%)

Read1 after filtering:
total reads: 2717813
total bases: 205097260
Q20 bases: 198227670(96.6506%)
Q30 bases: 194986535(95.0703%)

Read2 aftering filtering:
total reads: 2717813
total bases: 205111446
Q20 bases: 193787161(94.479%)
Q30 bases: 188796975(92.046%)

Filtering result:
reads passed filter: 5435626
reads failed due to low quality: 180562
reads failed due to too many N: 918
reads failed due to too short: 9194
reads failed due to low complexity: 1760
reads with adapter trimmed: 14918
bases trimmed due to adapters: 393057

Duplication rate: 9.23081%

Insert size peak (evaluated by paired-end reads): 0

JSON report: /scratch/gregg_thomas/Murinae-seq/01-Fastp/Lemniscomys-striatus/nextseq-paired-2/TCD4711_S8_L003_R.fastp.json
HTML report: /scratch/gregg_thomas/Murinae-seq/01-Fastp/Lemniscomys-striatus/nextseq-paired-2/TCD4711_S8_L003_R.fastp.html

fastp -i /scratch/gregg_thomas/Murinae-seq/00-RawReads/Lemniscomys-striatus/nextseq-paired-2/TCD4711_S8_L003_R1_001.fastq.gz -I /scratch/gregg_thomas/Murinae-seq/00-RawReads/Lemniscomys-striatus/nextseq-paired-2/TCD4711_S8_L003_R2_001.fastq.gz --detect_adapter_for_pe --length_required 30 --low_complexity_filter --complexity_threshold 30 -o /scratch/gregg_thomas/Murinae-seq/01-Fastp/Lemniscomys-striatus/nextseq-paired-2/TCD4711_S8_L003_R1_001.fastp.fastq.gz -O /scratch/gregg_thomas/Murinae-seq/01-Fastp/Lemniscomys-striatus/nextseq-paired-2/TCD4711_S8_L003_R2_001.fastp.fastq.gz -h /scratch/gregg_thomas/Murinae-seq/01-Fastp/Lemniscomys-striatus/nextseq-paired-2/TCD4711_S8_L003_R.fastp.html -j /scratch/gregg_thomas/Murinae-seq/01-Fastp/Lemniscomys-striatus/nextseq-paired-2/TCD4711_S8_L003_R.fastp.json 
fastp v0.20.0, time used: 36 seconds
