Detecting adapter sequence for read1...
No adapter detected for read1

Detecting adapter sequence for read2...
No adapter detected for read2

Read1 before filtering:
total reads: 2719936
total bases: 205456424
Q20 bases: 197139255(95.9519%)
Q30 bases: 193643562(94.2504%)

Read2 before filtering:
total reads: 2719936
total bases: 205389876
Q20 bases: 189053730(92.0463%)
Q30 bases: 183377584(89.2827%)

Read1 after filtering:
total reads: 2601227
total bases: 196305592
Q20 bases: 189739814(96.6553%)
Q30 bases: 186680525(95.0969%)

Read2 aftering filtering:
total reads: 2601227
total bases: 196325100
Q20 bases: 184603857(94.0297%)
Q30 bases: 179593266(91.4775%)

Filtering result:
reads passed filter: 5202454
reads failed due to low quality: 225114
reads failed due to too many N: 2122
reads failed due to too short: 8558
reads failed due to low complexity: 1624
reads with adapter trimmed: 12882
bases trimmed due to adapters: 333234

Duplication rate: 8.78895%

Insert size peak (evaluated by paired-end reads): 0

JSON report: /mnt/beegfs/gt156213e/murinae-seq/01-Assembly-data/01-Fastp/Lemniscomys-striatus/nextseq-paired-2/TCD4711_S8_L002_R.fastp.json
HTML report: /mnt/beegfs/gt156213e/murinae-seq/01-Assembly-data/01-Fastp/Lemniscomys-striatus/nextseq-paired-2/TCD4711_S8_L002_R.fastp.html

fastp -i /mnt/beegfs/gt156213e/murinae-seq/01-Assembly-data/00-RawReads/Lemniscomys-striatus/nextseq-paired-2/TCD4711_S8_L002_R1_001.fastq.gz -I /mnt/beegfs/gt156213e/murinae-seq/01-Assembly-data/00-RawReads/Lemniscomys-striatus/nextseq-paired-2/TCD4711_S8_L002_R2_001.fastq.gz --detect_adapter_for_pe --length_required 30 --low_complexity_filter --complexity_threshold 30 -o /mnt/beegfs/gt156213e/murinae-seq/01-Assembly-data/01-Fastp/Lemniscomys-striatus/nextseq-paired-2/TCD4711_S8_L002_R1_001.fastp.fastq.gz -O /mnt/beegfs/gt156213e/murinae-seq/01-Assembly-data/01-Fastp/Lemniscomys-striatus/nextseq-paired-2/TCD4711_S8_L002_R2_001.fastp.fastq.gz -h /mnt/beegfs/gt156213e/murinae-seq/01-Assembly-data/01-Fastp/Lemniscomys-striatus/nextseq-paired-2/TCD4711_S8_L002_R.fastp.html -j /mnt/beegfs/gt156213e/murinae-seq/01-Assembly-data/01-Fastp/Lemniscomys-striatus/nextseq-paired-2/TCD4711_S8_L002_R.fastp.json 
fastp v0.20.1, time used: 53 seconds
