Detecting adapter sequence for read1...
No adapter detected for read1

Detecting adapter sequence for read2...
No adapter detected for read2

Read1 before filtering:
total reads: 7649725
total bases: 573729375
Q20 bases: 561448922(97.8595%)
Q30 bases: 555722396(96.8614%)

Read2 before filtering:
total reads: 7649725
total bases: 573729375
Q20 bases: 543266675(94.6904%)
Q30 bases: 533895168(93.057%)

Read1 after filtering:
total reads: 7378291
total bases: 552721182
Q20 bases: 543878543(98.4002%)
Q30 bases: 538967819(97.5117%)

Read2 aftering filtering:
total reads: 7378291
total bases: 552731591
Q20 bases: 533198279(96.466%)
Q30 bases: 525399180(95.055%)

Filtering result:
reads passed filter: 14756582
reads failed due to low quality: 491130
reads failed due to too many N: 3538
reads failed due to too short: 43482
reads failed due to low complexity: 4718
reads with adapter trimmed: 45668
bases trimmed due to adapters: 1279983

Duplication rate: 15.6334%

Insert size peak (evaluated by paired-end reads): 0

JSON report: /mnt/beegfs/gt156213e/murinae-seq/01-Assembly-data/01-Fastp/Leopoldomys-sabanus/nextseq-paired-1/Z25191_S21_R.fastp.json
HTML report: /mnt/beegfs/gt156213e/murinae-seq/01-Assembly-data/01-Fastp/Leopoldomys-sabanus/nextseq-paired-1/Z25191_S21_R.fastp.html

fastp -i /mnt/beegfs/gt156213e/murinae-seq/01-Assembly-data/00-RawReads/Leopoldomys-sabanus/nextseq-paired-1/Z25191_S21_R1_001.fastq.gz -I /mnt/beegfs/gt156213e/murinae-seq/01-Assembly-data/00-RawReads/Leopoldomys-sabanus/nextseq-paired-1/Z25191_S21_R2_001.fastq.gz --detect_adapter_for_pe --length_required 30 --low_complexity_filter --complexity_threshold 30 -o /mnt/beegfs/gt156213e/murinae-seq/01-Assembly-data/01-Fastp/Leopoldomys-sabanus/nextseq-paired-1/Z25191_S21_R1_001.fastp.fastq.gz -O /mnt/beegfs/gt156213e/murinae-seq/01-Assembly-data/01-Fastp/Leopoldomys-sabanus/nextseq-paired-1/Z25191_S21_R2_001.fastp.fastq.gz -h /mnt/beegfs/gt156213e/murinae-seq/01-Assembly-data/01-Fastp/Leopoldomys-sabanus/nextseq-paired-1/Z25191_S21_R.fastp.html -j /mnt/beegfs/gt156213e/murinae-seq/01-Assembly-data/01-Fastp/Leopoldomys-sabanus/nextseq-paired-1/Z25191_S21_R.fastp.json 
fastp v0.20.1, time used: 121 seconds
