Detecting adapter sequence for read1...
No adapter detected for read1

Detecting adapter sequence for read2...
No adapter detected for read2

Read1 before filtering:
total reads: 2943082
total bases: 222277211
Q20 bases: 212360468(95.5386%)
Q30 bases: 208189574(93.6621%)

Read2 before filtering:
total reads: 2943082
total bases: 222207386
Q20 bases: 205091030(92.2971%)
Q30 bases: 198835606(89.482%)

Read1 after filtering:
total reads: 2825441
total bases: 213156572
Q20 bases: 205393805(96.3582%)
Q30 bases: 201729977(94.6393%)

Read2 aftering filtering:
total reads: 2825441
total bases: 213175401
Q20 bases: 200575588(94.0895%)
Q30 bases: 194992508(91.4705%)

Filtering result:
reads passed filter: 5650882
reads failed due to low quality: 222668
reads failed due to too many N: 2238
reads failed due to too short: 9230
reads failed due to low complexity: 1146
reads with adapter trimmed: 16146
bases trimmed due to adapters: 469627

Duplication rate: 6.44078%

Insert size peak (evaluated by paired-end reads): 0

JSON report: /mnt/beegfs/gt156213e/murinae-seq/01-Assembly-data/01-Fastp/Leopoldomys-sabanus/nextseq-paired-2/Z25191_S14_L001_R.fastp.json
HTML report: /mnt/beegfs/gt156213e/murinae-seq/01-Assembly-data/01-Fastp/Leopoldomys-sabanus/nextseq-paired-2/Z25191_S14_L001_R.fastp.html

fastp -i /mnt/beegfs/gt156213e/murinae-seq/01-Assembly-data/00-RawReads/Leopoldomys-sabanus/nextseq-paired-2/Z25191_S14_L001_R1_001.fastq.gz -I /mnt/beegfs/gt156213e/murinae-seq/01-Assembly-data/00-RawReads/Leopoldomys-sabanus/nextseq-paired-2/Z25191_S14_L001_R2_001.fastq.gz --detect_adapter_for_pe --length_required 30 --low_complexity_filter --complexity_threshold 30 -o /mnt/beegfs/gt156213e/murinae-seq/01-Assembly-data/01-Fastp/Leopoldomys-sabanus/nextseq-paired-2/Z25191_S14_L001_R1_001.fastp.fastq.gz -O /mnt/beegfs/gt156213e/murinae-seq/01-Assembly-data/01-Fastp/Leopoldomys-sabanus/nextseq-paired-2/Z25191_S14_L001_R2_001.fastp.fastq.gz -h /mnt/beegfs/gt156213e/murinae-seq/01-Assembly-data/01-Fastp/Leopoldomys-sabanus/nextseq-paired-2/Z25191_S14_L001_R.fastp.html -j /mnt/beegfs/gt156213e/murinae-seq/01-Assembly-data/01-Fastp/Leopoldomys-sabanus/nextseq-paired-2/Z25191_S14_L001_R.fastp.json 
fastp v0.20.1, time used: 59 seconds
