Detecting adapter sequence for read1...
No adapter detected for read1

Detecting adapter sequence for read2...
No adapter detected for read2

Read1 before filtering:
total reads: 3598762
total bases: 271836973
Q20 bases: 260113067(95.6872%)
Q30 bases: 255104019(93.8445%)

Read2 before filtering:
total reads: 3598762
total bases: 271745318
Q20 bases: 251489634(92.5461%)
Q30 bases: 243984180(89.7841%)

Read1 after filtering:
total reads: 3463608
total bases: 261412849
Q20 bases: 251954257(96.3817%)
Q30 bases: 247496848(94.6766%)

Read2 aftering filtering:
total reads: 3463608
total bases: 261430588
Q20 bases: 246273563(94.2023%)
Q30 bases: 239540050(91.6266%)

Filtering result:
reads passed filter: 6927216
reads failed due to low quality: 253418
reads failed due to too many N: 2818
reads failed due to too short: 11036
reads failed due to low complexity: 3036
reads with adapter trimmed: 17368
bases trimmed due to adapters: 429465

Duplication rate: 7.2907%

Insert size peak (evaluated by paired-end reads): 119

JSON report: /scratch/gregg_thomas/Murinae-seq/01-Fastp/Lorentzimys-nouhuysi/nextseq-paired-2/ABTC46314_S24_L001_R.fastp.json
HTML report: /scratch/gregg_thomas/Murinae-seq/01-Fastp/Lorentzimys-nouhuysi/nextseq-paired-2/ABTC46314_S24_L001_R.fastp.html

fastp -i /scratch/gregg_thomas/Murinae-seq/00-RawReads/Lorentzimys-nouhuysi/nextseq-paired-2/ABTC46314_S24_L001_R1_001.fastq.gz -I /scratch/gregg_thomas/Murinae-seq/00-RawReads/Lorentzimys-nouhuysi/nextseq-paired-2/ABTC46314_S24_L001_R2_001.fastq.gz --detect_adapter_for_pe --length_required 30 --low_complexity_filter --complexity_threshold 30 -o /scratch/gregg_thomas/Murinae-seq/01-Fastp/Lorentzimys-nouhuysi/nextseq-paired-2/ABTC46314_S24_L001_R1_001.fastp.fastq.gz -O /scratch/gregg_thomas/Murinae-seq/01-Fastp/Lorentzimys-nouhuysi/nextseq-paired-2/ABTC46314_S24_L001_R2_001.fastp.fastq.gz -h /scratch/gregg_thomas/Murinae-seq/01-Fastp/Lorentzimys-nouhuysi/nextseq-paired-2/ABTC46314_S24_L001_R.fastp.html -j /scratch/gregg_thomas/Murinae-seq/01-Fastp/Lorentzimys-nouhuysi/nextseq-paired-2/ABTC46314_S24_L001_R.fastp.json 
fastp v0.20.0, time used: 32 seconds
