Detecting adapter sequence for read1...
No adapter detected for read1

Read1 before filtering:
total reads: 558808
total bases: 42212410
Q20 bases: 40441527(95.8048%)
Q30 bases: 39634996(93.8942%)

Read1 after filtering:
total reads: 554872
total bases: 41909697
Q20 bases: 40276590(96.1033%)
Q30 bases: 39488925(94.2238%)

Filtering result:
reads passed filter: 554872
reads failed due to low quality: 3679
reads failed due to too many N: 30
reads failed due to too short: 155
reads failed due to low complexity: 72
reads with adapter trimmed: 0
bases trimmed due to adapters: 0

Duplication rate (may be overestimated since this is SE data): 2.49244%

JSON report: /mnt/beegfs/gt156213e/murinae-seq/01-Assembly-data/01-Fastp/Lorentzimys-nouhuysi/nextseq-single-2/ABTC46314_S55_L001_R1_001.fastp.fastp.json
HTML report: /mnt/beegfs/gt156213e/murinae-seq/01-Assembly-data/01-Fastp/Lorentzimys-nouhuysi/nextseq-single-2/ABTC46314_S55_L001_R1_001.fastp.fastp.html

fastp -i /mnt/beegfs/gt156213e/murinae-seq/01-Assembly-data/00-RawReads/Lorentzimys-nouhuysi/nextseq-single-2/ABTC46314_S55_L001_R1_001.fastq.gz --length_required 30 --low_complexity_filter --complexity_threshold 30 -o /mnt/beegfs/gt156213e/murinae-seq/01-Assembly-data/01-Fastp/Lorentzimys-nouhuysi/nextseq-single-2/ABTC46314_S55_L001_R1_001.fastp.fastq.gz -h /mnt/beegfs/gt156213e/murinae-seq/01-Assembly-data/01-Fastp/Lorentzimys-nouhuysi/nextseq-single-2/ABTC46314_S55_L001_R1_001.fastp.fastp.html -j /mnt/beegfs/gt156213e/murinae-seq/01-Assembly-data/01-Fastp/Lorentzimys-nouhuysi/nextseq-single-2/ABTC46314_S55_L001_R1_001.fastp.fastp.json 
fastp v0.20.1, time used: 10 seconds
