Detecting adapter sequence for read1...
No adapter detected for read1

Read1 before filtering:
total reads: 625028
total bases: 47216354
Q20 bases: 44947809(95.1954%)
Q30 bases: 43931846(93.0437%)

Read1 after filtering:
total reads: 620297
total bases: 46853224
Q20 bases: 44751538(95.5143%)
Q30 bases: 43758804(93.3955%)

Filtering result:
reads passed filter: 620297
reads failed due to low quality: 4561
reads failed due to too many N: 14
reads failed due to too short: 69
reads failed due to low complexity: 87
reads with adapter trimmed: 0
bases trimmed due to adapters: 0

Duplication rate (may be overestimated since this is SE data): 2.74879%

JSON report: /mnt/beegfs/gt156213e/murinae-seq/01-Assembly-data/01-Fastp/Lorentzimys-nouhuysi/nextseq-single-1/ABTC46314_S55_L004_R1_001.fastp.fastp.json
HTML report: /mnt/beegfs/gt156213e/murinae-seq/01-Assembly-data/01-Fastp/Lorentzimys-nouhuysi/nextseq-single-1/ABTC46314_S55_L004_R1_001.fastp.fastp.html

fastp -i /mnt/beegfs/gt156213e/murinae-seq/01-Assembly-data/00-RawReads/Lorentzimys-nouhuysi/nextseq-single-1/ABTC46314_S55_L004_R1_001.fastq.gz --length_required 30 --low_complexity_filter --complexity_threshold 30 -o /mnt/beegfs/gt156213e/murinae-seq/01-Assembly-data/01-Fastp/Lorentzimys-nouhuysi/nextseq-single-1/ABTC46314_S55_L004_R1_001.fastp.fastq.gz -h /mnt/beegfs/gt156213e/murinae-seq/01-Assembly-data/01-Fastp/Lorentzimys-nouhuysi/nextseq-single-1/ABTC46314_S55_L004_R1_001.fastp.fastp.html -j /mnt/beegfs/gt156213e/murinae-seq/01-Assembly-data/01-Fastp/Lorentzimys-nouhuysi/nextseq-single-1/ABTC46314_S55_L004_R1_001.fastp.fastp.json 
fastp v0.20.1, time used: 11 seconds
