Detecting adapter sequence for read1...
No adapter detected for read1

Detecting adapter sequence for read2...
No adapter detected for read2

Read1 before filtering:
total reads: 3650387
total bases: 275731850
Q20 bases: 264331005(95.8652%)
Q30 bases: 259431116(94.0882%)

Read2 before filtering:
total reads: 3650387
total bases: 275716791
Q20 bases: 256771394(93.1287%)
Q30 bases: 249557201(90.5122%)

Read1 after filtering:
total reads: 3526582
total bases: 266157990
Q20 bases: 256879731(96.514%)
Q30 bases: 252482940(94.8621%)

Read2 aftering filtering:
total reads: 3526582
total bases: 266174337
Q20 bases: 251857453(94.6212%)
Q30 bases: 245377190(92.1866%)

Filtering result:
reads passed filter: 7053164
reads failed due to low quality: 232046
reads failed due to too many N: 1376
reads failed due to too short: 11240
reads failed due to low complexity: 2948
reads with adapter trimmed: 17802
bases trimmed due to adapters: 439935

Duplication rate: 7.51512%

Insert size peak (evaluated by paired-end reads): 119

JSON report: /scratch/gregg_thomas/Murinae-seq/01-Fastp/Lorentzimys-nouhuysi/nextseq-paired-2/ABTC46314_S24_L003_R.fastp.json
HTML report: /scratch/gregg_thomas/Murinae-seq/01-Fastp/Lorentzimys-nouhuysi/nextseq-paired-2/ABTC46314_S24_L003_R.fastp.html

fastp -i /scratch/gregg_thomas/Murinae-seq/00-RawReads/Lorentzimys-nouhuysi/nextseq-paired-2/ABTC46314_S24_L003_R1_001.fastq.gz -I /scratch/gregg_thomas/Murinae-seq/00-RawReads/Lorentzimys-nouhuysi/nextseq-paired-2/ABTC46314_S24_L003_R2_001.fastq.gz --detect_adapter_for_pe --length_required 30 --low_complexity_filter --complexity_threshold 30 -o /scratch/gregg_thomas/Murinae-seq/01-Fastp/Lorentzimys-nouhuysi/nextseq-paired-2/ABTC46314_S24_L003_R1_001.fastp.fastq.gz -O /scratch/gregg_thomas/Murinae-seq/01-Fastp/Lorentzimys-nouhuysi/nextseq-paired-2/ABTC46314_S24_L003_R2_001.fastp.fastq.gz -h /scratch/gregg_thomas/Murinae-seq/01-Fastp/Lorentzimys-nouhuysi/nextseq-paired-2/ABTC46314_S24_L003_R.fastp.html -j /scratch/gregg_thomas/Murinae-seq/01-Fastp/Lorentzimys-nouhuysi/nextseq-paired-2/ABTC46314_S24_L003_R.fastp.json 
fastp v0.20.0, time used: 29 seconds
