Detecting adapter sequence for read1...
No adapter detected for read1

Detecting adapter sequence for read2...
No adapter detected for read2

Read1 before filtering:
total reads: 3625954
total bases: 273887204
Q20 bases: 262516303(95.8483%)
Q30 bases: 257641051(94.0683%)

Read2 before filtering:
total reads: 3625954
total bases: 273882502
Q20 bases: 253736015(92.6441%)
Q30 bases: 246153321(89.8755%)

Read1 after filtering:
total reads: 3489122
total bases: 263330742
Q20 bases: 254140357(96.5099%)
Q30 bases: 249795326(94.8599%)

Read2 aftering filtering:
total reads: 3489122
total bases: 263350219
Q20 bases: 248402515(94.324%)
Q30 bases: 241643203(91.7574%)

Filtering result:
reads passed filter: 6978244
reads failed due to low quality: 259090
reads failed due to too many N: 1880
reads failed due to too short: 9638
reads failed due to low complexity: 3056
reads with adapter trimmed: 16722
bases trimmed due to adapters: 399404

Duplication rate: 7.45341%

Insert size peak (evaluated by paired-end reads): 118

JSON report: /scratch/gregg_thomas/Murinae-seq/01-Fastp/Lorentzimys-nouhuysi/nextseq-paired-2/ABTC46314_S24_L004_R.fastp.json
HTML report: /scratch/gregg_thomas/Murinae-seq/01-Fastp/Lorentzimys-nouhuysi/nextseq-paired-2/ABTC46314_S24_L004_R.fastp.html

fastp -i /scratch/gregg_thomas/Murinae-seq/00-RawReads/Lorentzimys-nouhuysi/nextseq-paired-2/ABTC46314_S24_L004_R1_001.fastq.gz -I /scratch/gregg_thomas/Murinae-seq/00-RawReads/Lorentzimys-nouhuysi/nextseq-paired-2/ABTC46314_S24_L004_R2_001.fastq.gz --detect_adapter_for_pe --length_required 30 --low_complexity_filter --complexity_threshold 30 -o /scratch/gregg_thomas/Murinae-seq/01-Fastp/Lorentzimys-nouhuysi/nextseq-paired-2/ABTC46314_S24_L004_R1_001.fastp.fastq.gz -O /scratch/gregg_thomas/Murinae-seq/01-Fastp/Lorentzimys-nouhuysi/nextseq-paired-2/ABTC46314_S24_L004_R2_001.fastp.fastq.gz -h /scratch/gregg_thomas/Murinae-seq/01-Fastp/Lorentzimys-nouhuysi/nextseq-paired-2/ABTC46314_S24_L004_R.fastp.html -j /scratch/gregg_thomas/Murinae-seq/01-Fastp/Lorentzimys-nouhuysi/nextseq-paired-2/ABTC46314_S24_L004_R.fastp.json 
fastp v0.20.0, time used: 42 seconds
