Detecting adapter sequence for read1...
No adapter detected for read1

Detecting adapter sequence for read2...
No adapter detected for read2

Read1 before filtering:
total reads: 3348218
total bases: 252929573
Q20 bases: 242723297(95.9648%)
Q30 bases: 238350243(94.2358%)

Read2 before filtering:
total reads: 3348218
total bases: 252846968
Q20 bases: 234399135(92.704%)
Q30 bases: 227621024(90.0232%)

Read1 after filtering:
total reads: 3222685
total bases: 243236070
Q20 bases: 235090560(96.6512%)
Q30 bases: 231217716(95.059%)

Read2 aftering filtering:
total reads: 3222685
total bases: 243251311
Q20 bases: 229535549(94.3615%)
Q30 bases: 223464000(91.8655%)

Filtering result:
reads passed filter: 6445370
reads failed due to low quality: 234072
reads failed due to too many N: 2654
reads failed due to too short: 11064
reads failed due to low complexity: 3276
reads with adapter trimmed: 17114
bases trimmed due to adapters: 434550

Duplication rate: 11.2162%

Insert size peak (evaluated by paired-end reads): 118

JSON report: /mnt/beegfs/gt156213e/murinae-seq/01-Assembly-data/01-Fastp/Malacomys-longipes/nextseq-paired-2/TCD4253_S4_L001_R.fastp.json
HTML report: /mnt/beegfs/gt156213e/murinae-seq/01-Assembly-data/01-Fastp/Malacomys-longipes/nextseq-paired-2/TCD4253_S4_L001_R.fastp.html

fastp -i /mnt/beegfs/gt156213e/murinae-seq/01-Assembly-data/00-RawReads/Malacomys-longipes/nextseq-paired-2/TCD4253_S4_L001_R1_001.fastq.gz -I /mnt/beegfs/gt156213e/murinae-seq/01-Assembly-data/00-RawReads/Malacomys-longipes/nextseq-paired-2/TCD4253_S4_L001_R2_001.fastq.gz --detect_adapter_for_pe --length_required 30 --low_complexity_filter --complexity_threshold 30 -o /mnt/beegfs/gt156213e/murinae-seq/01-Assembly-data/01-Fastp/Malacomys-longipes/nextseq-paired-2/TCD4253_S4_L001_R1_001.fastp.fastq.gz -O /mnt/beegfs/gt156213e/murinae-seq/01-Assembly-data/01-Fastp/Malacomys-longipes/nextseq-paired-2/TCD4253_S4_L001_R2_001.fastp.fastq.gz -h /mnt/beegfs/gt156213e/murinae-seq/01-Assembly-data/01-Fastp/Malacomys-longipes/nextseq-paired-2/TCD4253_S4_L001_R.fastp.html -j /mnt/beegfs/gt156213e/murinae-seq/01-Assembly-data/01-Fastp/Malacomys-longipes/nextseq-paired-2/TCD4253_S4_L001_R.fastp.json 
fastp v0.20.1, time used: 55 seconds
