Detecting adapter sequence for read1...
No adapter detected for read1

Detecting adapter sequence for read2...
No adapter detected for read2

Read1 before filtering:
total reads: 3256788
total bases: 246020196
Q20 bases: 236426429(96.1004%)
Q30 bases: 232370554(94.4518%)

Read2 before filtering:
total reads: 3256788
total bases: 245938843
Q20 bases: 227157325(92.3633%)
Q30 bases: 220552753(89.6779%)

Read1 after filtering:
total reads: 3116126
total bases: 235187539
Q20 bases: 227632006(96.7874%)
Q30 bases: 224078201(95.2764%)

Read2 aftering filtering:
total reads: 3116126
total bases: 235206811
Q20 bases: 221867162(94.3285%)
Q30 bases: 216058089(91.8588%)

Filtering result:
reads passed filter: 6232252
reads failed due to low quality: 265090
reads failed due to too many N: 2798
reads failed due to too short: 10294
reads failed due to low complexity: 3142
reads with adapter trimmed: 15464
bases trimmed due to adapters: 378465

Duplication rate: 10.9015%

Insert size peak (evaluated by paired-end reads): 118

JSON report: /mnt/beegfs/gt156213e/murinae-seq/01-Assembly-data/01-Fastp/Malacomys-longipes/nextseq-paired-2/TCD4253_S4_L002_R.fastp.json
HTML report: /mnt/beegfs/gt156213e/murinae-seq/01-Assembly-data/01-Fastp/Malacomys-longipes/nextseq-paired-2/TCD4253_S4_L002_R.fastp.html

fastp -i /mnt/beegfs/gt156213e/murinae-seq/01-Assembly-data/00-RawReads/Malacomys-longipes/nextseq-paired-2/TCD4253_S4_L002_R1_001.fastq.gz -I /mnt/beegfs/gt156213e/murinae-seq/01-Assembly-data/00-RawReads/Malacomys-longipes/nextseq-paired-2/TCD4253_S4_L002_R2_001.fastq.gz --detect_adapter_for_pe --length_required 30 --low_complexity_filter --complexity_threshold 30 -o /mnt/beegfs/gt156213e/murinae-seq/01-Assembly-data/01-Fastp/Malacomys-longipes/nextseq-paired-2/TCD4253_S4_L002_R1_001.fastp.fastq.gz -O /mnt/beegfs/gt156213e/murinae-seq/01-Assembly-data/01-Fastp/Malacomys-longipes/nextseq-paired-2/TCD4253_S4_L002_R2_001.fastp.fastq.gz -h /mnt/beegfs/gt156213e/murinae-seq/01-Assembly-data/01-Fastp/Malacomys-longipes/nextseq-paired-2/TCD4253_S4_L002_R.fastp.html -j /mnt/beegfs/gt156213e/murinae-seq/01-Assembly-data/01-Fastp/Malacomys-longipes/nextseq-paired-2/TCD4253_S4_L002_R.fastp.json 
fastp v0.20.1, time used: 56 seconds
