Detecting adapter sequence for read1...
No adapter detected for read1

Read1 before filtering:
total reads: 359604
total bases: 27165816
Q20 bases: 26053652(95.906%)
Q30 bases: 25538754(94.0106%)

Read1 after filtering:
total reads: 357320
total bases: 26990449
Q20 bases: 25957908(96.1744%)
Q30 bases: 25454070(94.3077%)

Filtering result:
reads passed filter: 357320
reads failed due to low quality: 2144
reads failed due to too many N: 17
reads failed due to too short: 100
reads failed due to low complexity: 23
reads with adapter trimmed: 0
bases trimmed due to adapters: 0

Duplication rate (may be overestimated since this is SE data): 2.196%

JSON report: /scratch/gregg_thomas/Murinae-seq/01-Fastp/Margaretamys-parvus/nextseq-single-2/Z21794_S47_L001_R1_001.fastp.fastp.json
HTML report: /scratch/gregg_thomas/Murinae-seq/01-Fastp/Margaretamys-parvus/nextseq-single-2/Z21794_S47_L001_R1_001.fastp.fastp.html

fastp -i /scratch/gregg_thomas/Murinae-seq/00-RawReads/Margaretamys-parvus/nextseq-single-2/Z21794_S47_L001_R1_001.fastq.gz --length_required 30 --low_complexity_filter --complexity_threshold 30 -o /scratch/gregg_thomas/Murinae-seq/01-Fastp/Margaretamys-parvus/nextseq-single-2/Z21794_S47_L001_R1_001.fastp.fastq.gz -h /scratch/gregg_thomas/Murinae-seq/01-Fastp/Margaretamys-parvus/nextseq-single-2/Z21794_S47_L001_R1_001.fastp.fastp.html -j /scratch/gregg_thomas/Murinae-seq/01-Fastp/Margaretamys-parvus/nextseq-single-2/Z21794_S47_L001_R1_001.fastp.fastp.json 
fastp v0.20.0, time used: 15 seconds
