Detecting adapter sequence for read1...
No adapter detected for read1

Detecting adapter sequence for read2...
No adapter detected for read2

Read1 before filtering:
total reads: 460672
total bases: 35932416
Q20 bases: 35697071(99.345%)
Q30 bases: 35049341(97.5424%)

Read2 before filtering:
total reads: 460672
total bases: 35932416
Q20 bases: 35457405(98.678%)
Q30 bases: 34565560(96.196%)

Read1 after filtering:
total reads: 458905
total bases: 35779208
Q20 bases: 35554764(99.3727%)
Q30 bases: 34919636(97.5976%)

Read2 aftering filtering:
total reads: 458905
total bases: 35779208
Q20 bases: 35373407(98.8658%)
Q30 bases: 34516942(96.4721%)

Filtering result:
reads passed filter: 917810
reads failed due to low quality: 3280
reads failed due to too many N: 0
reads failed due to too short: 0
reads failed due to low complexity: 254
reads with adapter trimmed: 1424
bases trimmed due to adapters: 30764

Duplication rate: 1.10893%

Insert size peak (evaluated by paired-end reads): 125

JSON report: /mnt/beegfs/gt156213e/murinae-seq/01-Assembly-data/01-Fastp/Mastacomys-fuscus/miseq-paired/ABTC-07354_S31_L001_R.fastp.json
HTML report: /mnt/beegfs/gt156213e/murinae-seq/01-Assembly-data/01-Fastp/Mastacomys-fuscus/miseq-paired/ABTC-07354_S31_L001_R.fastp.html

fastp -i /mnt/beegfs/gt156213e/murinae-seq/01-Assembly-data/00-RawReads/Mastacomys-fuscus/miseq-paired/ABTC-07354_S31_L001_R1_001.fastq.gz -I /mnt/beegfs/gt156213e/murinae-seq/01-Assembly-data/00-RawReads/Mastacomys-fuscus/miseq-paired/ABTC-07354_S31_L001_R2_001.fastq.gz --detect_adapter_for_pe --length_required 30 --low_complexity_filter --complexity_threshold 30 -o /mnt/beegfs/gt156213e/murinae-seq/01-Assembly-data/01-Fastp/Mastacomys-fuscus/miseq-paired/ABTC-07354_S31_L001_R1_001.fastp.fastq.gz -O /mnt/beegfs/gt156213e/murinae-seq/01-Assembly-data/01-Fastp/Mastacomys-fuscus/miseq-paired/ABTC-07354_S31_L001_R2_001.fastp.fastq.gz -h /mnt/beegfs/gt156213e/murinae-seq/01-Assembly-data/01-Fastp/Mastacomys-fuscus/miseq-paired/ABTC-07354_S31_L001_R.fastp.html -j /mnt/beegfs/gt156213e/murinae-seq/01-Assembly-data/01-Fastp/Mastacomys-fuscus/miseq-paired/ABTC-07354_S31_L001_R.fastp.json 
fastp v0.20.1, time used: 19 seconds
