Detecting adapter sequence for read1...
No adapter detected for read1

Detecting adapter sequence for read2...
No adapter detected for read2

Read1 before filtering:
total reads: 2958237
total bases: 223451997
Q20 bases: 214378232(95.9393%)
Q30 bases: 210470556(94.1905%)

Read2 before filtering:
total reads: 2958237
total bases: 223444593
Q20 bases: 206982945(92.6328%)
Q30 bases: 200841707(89.8843%)

Read1 after filtering:
total reads: 2844891
total bases: 214729850
Q20 bases: 207495933(96.6312%)
Q30 bases: 204045570(95.0243%)

Read2 aftering filtering:
total reads: 2844891
total bases: 214741389
Q20 bases: 202621179(94.3559%)
Q30 bases: 197165562(91.8154%)

Filtering result:
reads passed filter: 5689782
reads failed due to low quality: 215126
reads failed due to too many N: 1750
reads failed due to too short: 8628
reads failed due to low complexity: 1188
reads with adapter trimmed: 11496
bases trimmed due to adapters: 294612

Duplication rate: 7.63248%

Insert size peak (evaluated by paired-end reads): 118

JSON report: /mnt/beegfs/gt156213e/murinae-seq/01-Assembly-data/01-Fastp/Maxomys-surifer/nextseq-paired-2/JAE3632_S32_L004_R.fastp.json
HTML report: /mnt/beegfs/gt156213e/murinae-seq/01-Assembly-data/01-Fastp/Maxomys-surifer/nextseq-paired-2/JAE3632_S32_L004_R.fastp.html

fastp -i /mnt/beegfs/gt156213e/murinae-seq/01-Assembly-data/00-RawReads/Maxomys-surifer/nextseq-paired-2/JAE3632_S32_L004_R1_001.fastq.gz -I /mnt/beegfs/gt156213e/murinae-seq/01-Assembly-data/00-RawReads/Maxomys-surifer/nextseq-paired-2/JAE3632_S32_L004_R2_001.fastq.gz --detect_adapter_for_pe --length_required 30 --low_complexity_filter --complexity_threshold 30 -o /mnt/beegfs/gt156213e/murinae-seq/01-Assembly-data/01-Fastp/Maxomys-surifer/nextseq-paired-2/JAE3632_S32_L004_R1_001.fastp.fastq.gz -O /mnt/beegfs/gt156213e/murinae-seq/01-Assembly-data/01-Fastp/Maxomys-surifer/nextseq-paired-2/JAE3632_S32_L004_R2_001.fastp.fastq.gz -h /mnt/beegfs/gt156213e/murinae-seq/01-Assembly-data/01-Fastp/Maxomys-surifer/nextseq-paired-2/JAE3632_S32_L004_R.fastp.html -j /mnt/beegfs/gt156213e/murinae-seq/01-Assembly-data/01-Fastp/Maxomys-surifer/nextseq-paired-2/JAE3632_S32_L004_R.fastp.json 
fastp v0.20.1, time used: 54 seconds
