Detecting adapter sequence for read1...
No adapter detected for read1

Detecting adapter sequence for read2...
No adapter detected for read2

Read1 before filtering:
total reads: 2622588
total bases: 198087984
Q20 bases: 190257674(96.0471%)
Q30 bases: 186858363(94.331%)

Read2 before filtering:
total reads: 2622588
total bases: 198083851
Q20 bases: 184843731(93.3159%)
Q30 bases: 179779603(90.7593%)

Read1 after filtering:
total reads: 2539048
total bases: 191601106
Q20 bases: 185195146(96.6566%)
Q30 bases: 182134677(95.0593%)

Read2 aftering filtering:
total reads: 2539048
total bases: 191617185
Q20 bases: 181557279(94.75%)
Q30 bases: 176989697(92.3663%)

Filtering result:
reads passed filter: 5078096
reads failed due to low quality: 156574
reads failed due to too many N: 904
reads failed due to too short: 8592
reads failed due to low complexity: 1010
reads with adapter trimmed: 13250
bases trimmed due to adapters: 355063

Duplication rate: 6.62376%

Insert size peak (evaluated by paired-end reads): 0

JSON report: /mnt/beegfs/gt156213e/murinae-seq/01-Assembly-data/01-Fastp/Melasmothrix-naso/nextseq-paired-2/Z21808_S16_L003_R.fastp.json
HTML report: /mnt/beegfs/gt156213e/murinae-seq/01-Assembly-data/01-Fastp/Melasmothrix-naso/nextseq-paired-2/Z21808_S16_L003_R.fastp.html

fastp -i /mnt/beegfs/gt156213e/murinae-seq/01-Assembly-data/00-RawReads/Melasmothrix-naso/nextseq-paired-2/Z21808_S16_L003_R1_001.fastq.gz -I /mnt/beegfs/gt156213e/murinae-seq/01-Assembly-data/00-RawReads/Melasmothrix-naso/nextseq-paired-2/Z21808_S16_L003_R2_001.fastq.gz --detect_adapter_for_pe --length_required 30 --low_complexity_filter --complexity_threshold 30 -o /mnt/beegfs/gt156213e/murinae-seq/01-Assembly-data/01-Fastp/Melasmothrix-naso/nextseq-paired-2/Z21808_S16_L003_R1_001.fastp.fastq.gz -O /mnt/beegfs/gt156213e/murinae-seq/01-Assembly-data/01-Fastp/Melasmothrix-naso/nextseq-paired-2/Z21808_S16_L003_R2_001.fastp.fastq.gz -h /mnt/beegfs/gt156213e/murinae-seq/01-Assembly-data/01-Fastp/Melasmothrix-naso/nextseq-paired-2/Z21808_S16_L003_R.fastp.html -j /mnt/beegfs/gt156213e/murinae-seq/01-Assembly-data/01-Fastp/Melasmothrix-naso/nextseq-paired-2/Z21808_S16_L003_R.fastp.json 
fastp v0.20.1, time used: 54 seconds
