Detecting adapter sequence for read1...
No adapter detected for read1

Detecting adapter sequence for read2...
No adapter detected for read2

Read1 before filtering:
total reads: 2523962
total bases: 190640688
Q20 bases: 183028258(96.0069%)
Q30 bases: 179782622(94.3044%)

Read2 before filtering:
total reads: 2523962
total bases: 190574936
Q20 bases: 176432526(92.5791%)
Q30 bases: 171320287(89.8965%)

Read1 after filtering:
total reads: 2426070
total bases: 183083373
Q20 bases: 176985689(96.6694%)
Q30 bases: 174111486(95.0996%)

Read2 aftering filtering:
total reads: 2426070
total bases: 183098281
Q20 bases: 172755081(94.351%)
Q30 bases: 168203388(91.8651%)

Filtering result:
reads passed filter: 4852140
reads failed due to low quality: 185796
reads failed due to too many N: 2106
reads failed due to too short: 6942
reads failed due to low complexity: 940
reads with adapter trimmed: 11396
bases trimmed due to adapters: 304408

Duplication rate: 6.28581%

Insert size peak (evaluated by paired-end reads): 118

JSON report: /mnt/beegfs/gt156213e/murinae-seq/01-Assembly-data/01-Fastp/Melasmothrix-naso/nextseq-paired-2/Z21808_S16_L002_R.fastp.json
HTML report: /mnt/beegfs/gt156213e/murinae-seq/01-Assembly-data/01-Fastp/Melasmothrix-naso/nextseq-paired-2/Z21808_S16_L002_R.fastp.html

fastp -i /mnt/beegfs/gt156213e/murinae-seq/01-Assembly-data/00-RawReads/Melasmothrix-naso/nextseq-paired-2/Z21808_S16_L002_R1_001.fastq.gz -I /mnt/beegfs/gt156213e/murinae-seq/01-Assembly-data/00-RawReads/Melasmothrix-naso/nextseq-paired-2/Z21808_S16_L002_R2_001.fastq.gz --detect_adapter_for_pe --length_required 30 --low_complexity_filter --complexity_threshold 30 -o /mnt/beegfs/gt156213e/murinae-seq/01-Assembly-data/01-Fastp/Melasmothrix-naso/nextseq-paired-2/Z21808_S16_L002_R1_001.fastp.fastq.gz -O /mnt/beegfs/gt156213e/murinae-seq/01-Assembly-data/01-Fastp/Melasmothrix-naso/nextseq-paired-2/Z21808_S16_L002_R2_001.fastp.fastq.gz -h /mnt/beegfs/gt156213e/murinae-seq/01-Assembly-data/01-Fastp/Melasmothrix-naso/nextseq-paired-2/Z21808_S16_L002_R.fastp.html -j /mnt/beegfs/gt156213e/murinae-seq/01-Assembly-data/01-Fastp/Melasmothrix-naso/nextseq-paired-2/Z21808_S16_L002_R.fastp.json 
fastp v0.20.1, time used: 54 seconds
