Detecting adapter sequence for read1...
No adapter detected for read1

Detecting adapter sequence for read2...
No adapter detected for read2

Read1 before filtering:
total reads: 2565318
total bases: 193745268
Q20 bases: 185614082(95.8032%)
Q30 bases: 182232653(94.0579%)

Read2 before filtering:
total reads: 2565318
total bases: 193681090
Q20 bases: 178435453(92.1285%)
Q30 bases: 173095320(89.3713%)

Read1 after filtering:
total reads: 2451712
total bases: 184968005
Q20 bases: 178620033(96.5681%)
Q30 bases: 175654138(94.9646%)

Read2 aftering filtering:
total reads: 2451712
total bases: 184982787
Q20 bases: 174166376(94.1527%)
Q30 bases: 169459402(91.6082%)

Filtering result:
reads passed filter: 4903424
reads failed due to low quality: 215472
reads failed due to too many N: 2110
reads failed due to too short: 8678
reads failed due to low complexity: 952
reads with adapter trimmed: 14646
bases trimmed due to adapters: 364652

Duplication rate: 7.37513%

Insert size peak (evaluated by paired-end reads): 111

JSON report: /mnt/beegfs/gt156213e/murinae-seq/01-Assembly-data/01-Fastp/Niviventer-lepturus/nextseq-paired-2/JAE4746_S33_L002_R.fastp.json
HTML report: /mnt/beegfs/gt156213e/murinae-seq/01-Assembly-data/01-Fastp/Niviventer-lepturus/nextseq-paired-2/JAE4746_S33_L002_R.fastp.html

fastp -i /mnt/beegfs/gt156213e/murinae-seq/01-Assembly-data/00-RawReads/Niviventer-lepturus/nextseq-paired-2/JAE4746_S33_L002_R1_001.fastq.gz -I /mnt/beegfs/gt156213e/murinae-seq/01-Assembly-data/00-RawReads/Niviventer-lepturus/nextseq-paired-2/JAE4746_S33_L002_R2_001.fastq.gz --detect_adapter_for_pe --length_required 30 --low_complexity_filter --complexity_threshold 30 -o /mnt/beegfs/gt156213e/murinae-seq/01-Assembly-data/01-Fastp/Niviventer-lepturus/nextseq-paired-2/JAE4746_S33_L002_R1_001.fastp.fastq.gz -O /mnt/beegfs/gt156213e/murinae-seq/01-Assembly-data/01-Fastp/Niviventer-lepturus/nextseq-paired-2/JAE4746_S33_L002_R2_001.fastp.fastq.gz -h /mnt/beegfs/gt156213e/murinae-seq/01-Assembly-data/01-Fastp/Niviventer-lepturus/nextseq-paired-2/JAE4746_S33_L002_R.fastp.html -j /mnt/beegfs/gt156213e/murinae-seq/01-Assembly-data/01-Fastp/Niviventer-lepturus/nextseq-paired-2/JAE4746_S33_L002_R.fastp.json 
fastp v0.20.1, time used: 49 seconds
