Detecting adapter sequence for read1...
No adapter detected for read1

Detecting adapter sequence for read2...
No adapter detected for read2

Read1 before filtering:
total reads: 4170297
total bases: 312772275
Q20 bases: 306439215(97.9752%)
Q30 bases: 303350045(96.9875%)

Read2 before filtering:
total reads: 4170297
total bases: 312772275
Q20 bases: 295775780(94.5659%)
Q30 bases: 290522251(92.8862%)

Read1 after filtering:
total reads: 4025327
total bases: 301715075
Q20 bases: 296954318(98.4221%)
Q30 bases: 294288154(97.5384%)

Read2 aftering filtering:
total reads: 4025327
total bases: 301719613
Q20 bases: 290482114(96.2755%)
Q30 bases: 286067422(94.8123%)

Filtering result:
reads passed filter: 8050654
reads failed due to low quality: 261274
reads failed due to too many N: 1980
reads failed due to too short: 23946
reads failed due to low complexity: 2740
reads with adapter trimmed: 13724
bases trimmed due to adapters: 358453

Duplication rate: 14.171%

Insert size peak (evaluated by paired-end reads): 0

JSON report: /mnt/beegfs/gt156213e/murinae-seq/01-Assembly-data/01-Fastp/Paruromys-dominator/nextseq-paired-1/JAE4870_S40_R.fastp.json
HTML report: /mnt/beegfs/gt156213e/murinae-seq/01-Assembly-data/01-Fastp/Paruromys-dominator/nextseq-paired-1/JAE4870_S40_R.fastp.html

fastp -i /mnt/beegfs/gt156213e/murinae-seq/01-Assembly-data/00-RawReads/Paruromys-dominator/nextseq-paired-1/JAE4870_S40_R1_001.fastq.gz -I /mnt/beegfs/gt156213e/murinae-seq/01-Assembly-data/00-RawReads/Paruromys-dominator/nextseq-paired-1/JAE4870_S40_R2_001.fastq.gz --detect_adapter_for_pe --length_required 30 --low_complexity_filter --complexity_threshold 30 -o /mnt/beegfs/gt156213e/murinae-seq/01-Assembly-data/01-Fastp/Paruromys-dominator/nextseq-paired-1/JAE4870_S40_R1_001.fastp.fastq.gz -O /mnt/beegfs/gt156213e/murinae-seq/01-Assembly-data/01-Fastp/Paruromys-dominator/nextseq-paired-1/JAE4870_S40_R2_001.fastp.fastq.gz -h /mnt/beegfs/gt156213e/murinae-seq/01-Assembly-data/01-Fastp/Paruromys-dominator/nextseq-paired-1/JAE4870_S40_R.fastp.html -j /mnt/beegfs/gt156213e/murinae-seq/01-Assembly-data/01-Fastp/Paruromys-dominator/nextseq-paired-1/JAE4870_S40_R.fastp.json 
fastp v0.20.1, time used: 73 seconds
