Detecting adapter sequence for read1...
No adapter detected for read1

Detecting adapter sequence for read2...
No adapter detected for read2

Read1 before filtering:
total reads: 1767279
total bases: 133489910
Q20 bases: 127668112(95.6388%)
Q30 bases: 125144943(93.7486%)

Read2 before filtering:
total reads: 1767279
total bases: 133447843
Q20 bases: 122950707(92.1339%)
Q30 bases: 119108627(89.2548%)

Read1 after filtering:
total reads: 1700422
total bases: 128363470
Q20 bases: 123641015(96.321%)
Q30 bases: 121397765(94.5735%)

Read2 aftering filtering:
total reads: 1700422
total bases: 128373404
Q20 bases: 120396408(93.7861%)
Q30 bases: 116930945(91.0866%)

Filtering result:
reads passed filter: 3400844
reads failed due to low quality: 125988
reads failed due to too many N: 1426
reads failed due to too short: 5480
reads failed due to low complexity: 820
reads with adapter trimmed: 5640
bases trimmed due to adapters: 156706

Duplication rate: 5.94197%

Insert size peak (evaluated by paired-end reads): 0

JSON report: /mnt/beegfs/gt156213e/murinae-seq/01-Assembly-data/01-Fastp/Paruromys-dominator/nextseq-paired-2/JAE4870_S35_L001_R.fastp.json
HTML report: /mnt/beegfs/gt156213e/murinae-seq/01-Assembly-data/01-Fastp/Paruromys-dominator/nextseq-paired-2/JAE4870_S35_L001_R.fastp.html

fastp -i /mnt/beegfs/gt156213e/murinae-seq/01-Assembly-data/00-RawReads/Paruromys-dominator/nextseq-paired-2/JAE4870_S35_L001_R1_001.fastq.gz -I /mnt/beegfs/gt156213e/murinae-seq/01-Assembly-data/00-RawReads/Paruromys-dominator/nextseq-paired-2/JAE4870_S35_L001_R2_001.fastq.gz --detect_adapter_for_pe --length_required 30 --low_complexity_filter --complexity_threshold 30 -o /mnt/beegfs/gt156213e/murinae-seq/01-Assembly-data/01-Fastp/Paruromys-dominator/nextseq-paired-2/JAE4870_S35_L001_R1_001.fastp.fastq.gz -O /mnt/beegfs/gt156213e/murinae-seq/01-Assembly-data/01-Fastp/Paruromys-dominator/nextseq-paired-2/JAE4870_S35_L001_R2_001.fastp.fastq.gz -h /mnt/beegfs/gt156213e/murinae-seq/01-Assembly-data/01-Fastp/Paruromys-dominator/nextseq-paired-2/JAE4870_S35_L001_R.fastp.html -j /mnt/beegfs/gt156213e/murinae-seq/01-Assembly-data/01-Fastp/Paruromys-dominator/nextseq-paired-2/JAE4870_S35_L001_R.fastp.json 
fastp v0.20.1, time used: 40 seconds
