Detecting adapter sequence for read1...
No adapter detected for read1

Read1 before filtering:
total reads: 431674
total bases: 32609489
Q20 bases: 30822162(94.519%)
Q30 bases: 30078045(92.2371%)

Read1 after filtering:
total reads: 424915
total bases: 32094634
Q20 bases: 30554057(95.1999%)
Q30 bases: 29849593(93.0049%)

Filtering result:
reads passed filter: 424915
reads failed due to low quality: 6562
reads failed due to too many N: 30
reads failed due to too short: 151
reads failed due to low complexity: 16
reads with adapter trimmed: 0
bases trimmed due to adapters: 0

Duplication rate (may be overestimated since this is SE data): 2.16626%

JSON report: /scratch/gregg_thomas/Murinae-seq/01-Fastp/Paucidentomys-vermidax/nextseq-single-1/Z21914_S49_L001_R1_001.fastp.fastp.json
HTML report: /scratch/gregg_thomas/Murinae-seq/01-Fastp/Paucidentomys-vermidax/nextseq-single-1/Z21914_S49_L001_R1_001.fastp.fastp.html

fastp -i /scratch/gregg_thomas/Murinae-seq/00-RawReads/Paucidentomys-vermidax/nextseq-single-1/Z21914_S49_L001_R1_001.fastq.gz --length_required 30 --low_complexity_filter --complexity_threshold 30 -o /scratch/gregg_thomas/Murinae-seq/01-Fastp/Paucidentomys-vermidax/nextseq-single-1/Z21914_S49_L001_R1_001.fastp.fastq.gz -h /scratch/gregg_thomas/Murinae-seq/01-Fastp/Paucidentomys-vermidax/nextseq-single-1/Z21914_S49_L001_R1_001.fastp.fastp.html -j /scratch/gregg_thomas/Murinae-seq/01-Fastp/Paucidentomys-vermidax/nextseq-single-1/Z21914_S49_L001_R1_001.fastp.fastp.json 
fastp v0.20.0, time used: 16 seconds
