Detecting adapter sequence for read1...
No adapter detected for read1

Detecting adapter sequence for read2...
No adapter detected for read2

Read1 before filtering:
total reads: 2431923
total bases: 183687391
Q20 bases: 176154464(95.8991%)
Q30 bases: 172974912(94.1681%)

Read2 before filtering:
total reads: 2431923
total bases: 183628720
Q20 bases: 169053295(92.0626%)
Q30 bases: 163981791(89.3007%)

Read1 after filtering:
total reads: 2323233
total bases: 175324559
Q20 bases: 169537143(96.699%)
Q30 bases: 166788319(95.1312%)

Read2 aftering filtering:
total reads: 2323233
total bases: 175340171
Q20 bases: 165029597(94.1197%)
Q30 bases: 160572577(91.5777%)

Filtering result:
reads passed filter: 4646466
reads failed due to low quality: 207564
reads failed due to too many N: 1956
reads failed due to too short: 7420
reads failed due to low complexity: 440
reads with adapter trimmed: 9618
bases trimmed due to adapters: 281858

Duplication rate: 5.99296%

Insert size peak (evaluated by paired-end reads): 0

JSON report: /mnt/beegfs/gt156213e/murinae-seq/01-Assembly-data/01-Fastp/Paucidentomys-vermidax/nextseq-paired-2/Z21914_S17_L002_R.fastp.json
HTML report: /mnt/beegfs/gt156213e/murinae-seq/01-Assembly-data/01-Fastp/Paucidentomys-vermidax/nextseq-paired-2/Z21914_S17_L002_R.fastp.html

fastp -i /mnt/beegfs/gt156213e/murinae-seq/01-Assembly-data/00-RawReads/Paucidentomys-vermidax/nextseq-paired-2/Z21914_S17_L002_R1_001.fastq.gz -I /mnt/beegfs/gt156213e/murinae-seq/01-Assembly-data/00-RawReads/Paucidentomys-vermidax/nextseq-paired-2/Z21914_S17_L002_R2_001.fastq.gz --detect_adapter_for_pe --length_required 30 --low_complexity_filter --complexity_threshold 30 -o /mnt/beegfs/gt156213e/murinae-seq/01-Assembly-data/01-Fastp/Paucidentomys-vermidax/nextseq-paired-2/Z21914_S17_L002_R1_001.fastp.fastq.gz -O /mnt/beegfs/gt156213e/murinae-seq/01-Assembly-data/01-Fastp/Paucidentomys-vermidax/nextseq-paired-2/Z21914_S17_L002_R2_001.fastp.fastq.gz -h /mnt/beegfs/gt156213e/murinae-seq/01-Assembly-data/01-Fastp/Paucidentomys-vermidax/nextseq-paired-2/Z21914_S17_L002_R.fastp.html -j /mnt/beegfs/gt156213e/murinae-seq/01-Assembly-data/01-Fastp/Paucidentomys-vermidax/nextseq-paired-2/Z21914_S17_L002_R.fastp.json 
fastp v0.20.1, time used: 50 seconds
