Detecting adapter sequence for read1...
No adapter detected for read1

Read1 before filtering:
total reads: 392924
total bases: 29680435
Q20 bases: 28387627(95.6442%)
Q30 bases: 27830904(93.7685%)

Read1 after filtering:
total reads: 388081
total bases: 29310781
Q20 bases: 28197006(96.2001%)
Q30 bases: 27667971(94.3952%)

Filtering result:
reads passed filter: 388081
reads failed due to low quality: 4783
reads failed due to too many N: 0
reads failed due to too short: 45
reads failed due to low complexity: 15
reads with adapter trimmed: 0
bases trimmed due to adapters: 0

Duplication rate (may be overestimated since this is SE data): 2.11607%

JSON report: /scratch/gregg_thomas/Murinae-seq/01-Fastp/Paucidentomys-vermidax/nextseq-single-2/Z21914_S49_L002_R1_001.fastp.fastp.json
HTML report: /scratch/gregg_thomas/Murinae-seq/01-Fastp/Paucidentomys-vermidax/nextseq-single-2/Z21914_S49_L002_R1_001.fastp.fastp.html

fastp -i /scratch/gregg_thomas/Murinae-seq/00-RawReads/Paucidentomys-vermidax/nextseq-single-2/Z21914_S49_L002_R1_001.fastq.gz --length_required 30 --low_complexity_filter --complexity_threshold 30 -o /scratch/gregg_thomas/Murinae-seq/01-Fastp/Paucidentomys-vermidax/nextseq-single-2/Z21914_S49_L002_R1_001.fastp.fastq.gz -h /scratch/gregg_thomas/Murinae-seq/01-Fastp/Paucidentomys-vermidax/nextseq-single-2/Z21914_S49_L002_R1_001.fastp.fastp.html -j /scratch/gregg_thomas/Murinae-seq/01-Fastp/Paucidentomys-vermidax/nextseq-single-2/Z21914_S49_L002_R1_001.fastp.fastp.json 
fastp v0.20.0, time used: 7 seconds
