Detecting adapter sequence for read1...
No adapter detected for read1

Read1 before filtering:
total reads: 568976
total bases: 42985230
Q20 bases: 41386411(96.2805%)
Q30 bases: 40640638(94.5456%)

Read1 after filtering:
total reads: 565891
total bases: 42747954
Q20 bases: 41258766(96.5164%)
Q30 bases: 40527910(94.8067%)

Filtering result:
reads passed filter: 565891
reads failed due to low quality: 2973
reads failed due to too many N: 1
reads failed due to too short: 71
reads failed due to low complexity: 40
reads with adapter trimmed: 0
bases trimmed due to adapters: 0

Duplication rate (may be overestimated since this is SE data): 7.84261%

JSON report: /scratch/gregg_thomas/Murinae-seq/01-Fastp/Praomys-degraaffi/nextseq-single-2/TCD4312_S38_L004_R1_001.fastp.fastp.json
HTML report: /scratch/gregg_thomas/Murinae-seq/01-Fastp/Praomys-degraaffi/nextseq-single-2/TCD4312_S38_L004_R1_001.fastp.fastp.html

fastp -i /scratch/gregg_thomas/Murinae-seq/00-RawReads/Praomys-degraaffi/nextseq-single-2/TCD4312_S38_L004_R1_001.fastq.gz --length_required 30 --low_complexity_filter --complexity_threshold 30 -o /scratch/gregg_thomas/Murinae-seq/01-Fastp/Praomys-degraaffi/nextseq-single-2/TCD4312_S38_L004_R1_001.fastp.fastq.gz -h /scratch/gregg_thomas/Murinae-seq/01-Fastp/Praomys-degraaffi/nextseq-single-2/TCD4312_S38_L004_R1_001.fastp.fastp.html -j /scratch/gregg_thomas/Murinae-seq/01-Fastp/Praomys-degraaffi/nextseq-single-2/TCD4312_S38_L004_R1_001.fastp.fastp.json 
fastp v0.20.0, time used: 8 seconds
