Detecting adapter sequence for read1...
No adapter detected for read1

Detecting adapter sequence for read2...
No adapter detected for read2

Read1 before filtering:
total reads: 3517482
total bases: 265735379
Q20 bases: 255431287(96.1224%)
Q30 bases: 251011872(94.4593%)

Read2 before filtering:
total reads: 3517482
total bases: 265648362
Q20 bases: 245192007(92.2995%)
Q30 bases: 237991921(89.5891%)

Read1 after filtering:
total reads: 3371312
total bases: 254474824
Q20 bases: 246266879(96.7746%)
Q30 bases: 242378038(95.2464%)

Read2 aftering filtering:
total reads: 3371312
total bases: 254493554
Q20 bases: 239767520(94.2136%)
Q30 bases: 233402458(91.7125%)

Filtering result:
reads passed filter: 6742624
reads failed due to low quality: 275938
reads failed due to too many N: 2918
reads failed due to too short: 11576
reads failed due to low complexity: 1908
reads with adapter trimmed: 16660
bases trimmed due to adapters: 398914

Duplication rate: 23.7724%

Insert size peak (evaluated by paired-end reads): 118

JSON report: /scratch/gregg_thomas/Murinae-seq/01-Fastp/Praomys-degraaffi/nextseq-paired-2/TCD4312_S6_L002_R.fastp.json
HTML report: /scratch/gregg_thomas/Murinae-seq/01-Fastp/Praomys-degraaffi/nextseq-paired-2/TCD4312_S6_L002_R.fastp.html

fastp -i /scratch/gregg_thomas/Murinae-seq/00-RawReads/Praomys-degraaffi/nextseq-paired-2/TCD4312_S6_L002_R1_001.fastq.gz -I /scratch/gregg_thomas/Murinae-seq/00-RawReads/Praomys-degraaffi/nextseq-paired-2/TCD4312_S6_L002_R2_001.fastq.gz --detect_adapter_for_pe --length_required 30 --low_complexity_filter --complexity_threshold 30 -o /scratch/gregg_thomas/Murinae-seq/01-Fastp/Praomys-degraaffi/nextseq-paired-2/TCD4312_S6_L002_R1_001.fastp.fastq.gz -O /scratch/gregg_thomas/Murinae-seq/01-Fastp/Praomys-degraaffi/nextseq-paired-2/TCD4312_S6_L002_R2_001.fastp.fastq.gz -h /scratch/gregg_thomas/Murinae-seq/01-Fastp/Praomys-degraaffi/nextseq-paired-2/TCD4312_S6_L002_R.fastp.html -j /scratch/gregg_thomas/Murinae-seq/01-Fastp/Praomys-degraaffi/nextseq-paired-2/TCD4312_S6_L002_R.fastp.json 
fastp v0.20.0, time used: 42 seconds
