Detecting adapter sequence for read1...
No adapter detected for read1

Read1 before filtering:
total reads: 617344
total bases: 46642477
Q20 bases: 44565165(95.5463%)
Q30 bases: 43618970(93.5177%)

Read1 after filtering:
total reads: 613199
total bases: 46325245
Q20 bases: 44393387(95.8298%)
Q30 bases: 43468017(93.8322%)

Filtering result:
reads passed filter: 613199
reads failed due to low quality: 4016
reads failed due to too many N: 19
reads failed due to too short: 60
reads failed due to low complexity: 50
reads with adapter trimmed: 0
bases trimmed due to adapters: 0

Duplication rate (may be overestimated since this is SE data): 8.06156%

JSON report: /scratch/gregg_thomas/Murinae-seq/01-Fastp/Praomys-degraaffi/nextseq-single-1/TCD4312_S38_L004_R1_001.fastp.fastp.json
HTML report: /scratch/gregg_thomas/Murinae-seq/01-Fastp/Praomys-degraaffi/nextseq-single-1/TCD4312_S38_L004_R1_001.fastp.fastp.html

fastp -i /scratch/gregg_thomas/Murinae-seq/00-RawReads/Praomys-degraaffi/nextseq-single-1/TCD4312_S38_L004_R1_001.fastq.gz --length_required 30 --low_complexity_filter --complexity_threshold 30 -o /scratch/gregg_thomas/Murinae-seq/01-Fastp/Praomys-degraaffi/nextseq-single-1/TCD4312_S38_L004_R1_001.fastp.fastq.gz -h /scratch/gregg_thomas/Murinae-seq/01-Fastp/Praomys-degraaffi/nextseq-single-1/TCD4312_S38_L004_R1_001.fastp.fastp.html -j /scratch/gregg_thomas/Murinae-seq/01-Fastp/Praomys-degraaffi/nextseq-single-1/TCD4312_S38_L004_R1_001.fastp.fastp.json 
fastp v0.20.0, time used: 17 seconds
