Detecting adapter sequence for read1...
No adapter detected for read1

Detecting adapter sequence for read2...
No adapter detected for read2

Read1 before filtering:
total reads: 5444760
total bases: 549920760
Q20 bases: 538211683(97.8708%)
Q30 bases: 528826071(96.164%)

Read2 before filtering:
total reads: 5444760
total bases: 549920760
Q20 bases: 529792987(96.3399%)
Q30 bases: 516558602(93.9333%)

Read1 after filtering:
total reads: 5440920
total bases: 548853453
Q20 bases: 537283662(97.892%)
Q30 bases: 527974121(96.1958%)

Read2 aftering filtering:
total reads: 5440920
total bases: 548853453
Q20 bases: 528950446(96.3737%)
Q30 bases: 515821856(93.9817%)

Filtering result:
reads passed filter: 10881840
reads failed due to low quality: 1414
reads failed due to too many N: 2394
reads failed due to too short: 0
reads failed due to low complexity: 3872
reads with adapter trimmed: 71612
bases trimmed due to adapters: 1360032

Duplication rate: 12.8997%

Insert size peak (evaluated by paired-end reads): 170

JSON report: /mnt/beegfs/gt156213e/murinae-seq/01-Assembly-data/01-Fastp/Pseudomys-gracilicaudatus/seq-run-2/52934_AH7T7NBCX2_TTCAACC_S17_L002_R.fastp.json
HTML report: /mnt/beegfs/gt156213e/murinae-seq/01-Assembly-data/01-Fastp/Pseudomys-gracilicaudatus/seq-run-2/52934_AH7T7NBCX2_TTCAACC_S17_L002_R.fastp.html

fastp -i /mnt/beegfs/gt156213e/murinae-seq/01-Assembly-data/00-RawReads/Pseudomys-gracilicaudatus/seq-run-2/52934_AH7T7NBCX2_TTCAACC_S17_L002_R1_001.fastq.gz -I /mnt/beegfs/gt156213e/murinae-seq/01-Assembly-data/00-RawReads/Pseudomys-gracilicaudatus/seq-run-2/52934_AH7T7NBCX2_TTCAACC_S17_L002_R2_001.fastq.gz --detect_adapter_for_pe --length_required 30 --low_complexity_filter --complexity_threshold 30 -o /mnt/beegfs/gt156213e/murinae-seq/01-Assembly-data/01-Fastp/Pseudomys-gracilicaudatus/seq-run-2/52934_AH7T7NBCX2_TTCAACC_S17_L002_R1_001.fastp.fastq.gz -O /mnt/beegfs/gt156213e/murinae-seq/01-Assembly-data/01-Fastp/Pseudomys-gracilicaudatus/seq-run-2/52934_AH7T7NBCX2_TTCAACC_S17_L002_R2_001.fastp.fastq.gz -h /mnt/beegfs/gt156213e/murinae-seq/01-Assembly-data/01-Fastp/Pseudomys-gracilicaudatus/seq-run-2/52934_AH7T7NBCX2_TTCAACC_S17_L002_R.fastp.html -j /mnt/beegfs/gt156213e/murinae-seq/01-Assembly-data/01-Fastp/Pseudomys-gracilicaudatus/seq-run-2/52934_AH7T7NBCX2_TTCAACC_S17_L002_R.fastp.json 
fastp v0.20.1, time used: 124 seconds
