Detecting adapter sequence for read1...
No adapter detected for read1

Detecting adapter sequence for read2...
No adapter detected for read2

Read1 before filtering:
total reads: 4924559
total bases: 497380459
Q20 bases: 486517167(97.8159%)
Q30 bases: 477838731(96.0711%)

Read2 before filtering:
total reads: 4924559
total bases: 497380459
Q20 bases: 478587728(96.2217%)
Q30 bases: 466316890(93.7546%)

Read1 after filtering:
total reads: 4921464
total bases: 496435532
Q20 bases: 485708376(97.8392%)
Q30 bases: 477107421(96.1066%)

Read2 aftering filtering:
total reads: 4921464
total bases: 496435532
Q20 bases: 477871151(96.2605%)
Q30 bases: 465706822(93.8101%)

Filtering result:
reads passed filter: 9842928
reads failed due to low quality: 1282
reads failed due to too many N: 2106
reads failed due to too short: 0
reads failed due to low complexity: 2802
reads with adapter trimmed: 70466
bases trimmed due to adapters: 1264940

Duplication rate: 13.4099%

Insert size peak (evaluated by paired-end reads): 169

JSON report: /mnt/beegfs/gt156213e/murinae-seq/01-Assembly-data/01-Fastp/Pseudomys-albocinereus/seq-run-2/52930_AH7T7NBCX2_AACCTGC_S13_L002_R.fastp.json
HTML report: /mnt/beegfs/gt156213e/murinae-seq/01-Assembly-data/01-Fastp/Pseudomys-albocinereus/seq-run-2/52930_AH7T7NBCX2_AACCTGC_S13_L002_R.fastp.html

fastp -i /mnt/beegfs/gt156213e/murinae-seq/01-Assembly-data/00-RawReads/Pseudomys-albocinereus/seq-run-2/52930_AH7T7NBCX2_AACCTGC_S13_L002_R1_001.fastq.gz -I /mnt/beegfs/gt156213e/murinae-seq/01-Assembly-data/00-RawReads/Pseudomys-albocinereus/seq-run-2/52930_AH7T7NBCX2_AACCTGC_S13_L002_R2_001.fastq.gz --detect_adapter_for_pe --length_required 30 --low_complexity_filter --complexity_threshold 30 -o /mnt/beegfs/gt156213e/murinae-seq/01-Assembly-data/01-Fastp/Pseudomys-albocinereus/seq-run-2/52930_AH7T7NBCX2_AACCTGC_S13_L002_R1_001.fastp.fastq.gz -O /mnt/beegfs/gt156213e/murinae-seq/01-Assembly-data/01-Fastp/Pseudomys-albocinereus/seq-run-2/52930_AH7T7NBCX2_AACCTGC_S13_L002_R2_001.fastp.fastq.gz -h /mnt/beegfs/gt156213e/murinae-seq/01-Assembly-data/01-Fastp/Pseudomys-albocinereus/seq-run-2/52930_AH7T7NBCX2_AACCTGC_S13_L002_R.fastp.html -j /mnt/beegfs/gt156213e/murinae-seq/01-Assembly-data/01-Fastp/Pseudomys-albocinereus/seq-run-2/52930_AH7T7NBCX2_AACCTGC_S13_L002_R.fastp.json 
fastp v0.20.1, time used: 108 seconds
