Detecting adapter sequence for read1...
No adapter detected for read1

Read1 before filtering:
total reads: 428855
total bases: 32398231
Q20 bases: 30913281(95.4166%)
Q30 bases: 30239028(93.3354%)

Read1 after filtering:
total reads: 425807
total bases: 32164631
Q20 bases: 30787987(95.72%)
Q30 bases: 30128798(93.6706%)

Filtering result:
reads passed filter: 425807
reads failed due to low quality: 2976
reads failed due to too many N: 11
reads failed due to too short: 43
reads failed due to low complexity: 18
reads with adapter trimmed: 0
bases trimmed due to adapters: 0

Duplication rate (may be overestimated since this is SE data): 2.58207%

JSON report: /mnt/beegfs/gt156213e/murinae-seq/01-Assembly-data/01-Fastp/Sommeromys-macrorhinos/nextseq-single-1/Z21740_S50_L004_R1_001.fastp.fastp.json
HTML report: /mnt/beegfs/gt156213e/murinae-seq/01-Assembly-data/01-Fastp/Sommeromys-macrorhinos/nextseq-single-1/Z21740_S50_L004_R1_001.fastp.fastp.html

fastp -i /mnt/beegfs/gt156213e/murinae-seq/01-Assembly-data/00-RawReads/Sommeromys-macrorhinos/nextseq-single-1/Z21740_S50_L004_R1_001.fastq.gz --length_required 30 --low_complexity_filter --complexity_threshold 30 -o /mnt/beegfs/gt156213e/murinae-seq/01-Assembly-data/01-Fastp/Sommeromys-macrorhinos/nextseq-single-1/Z21740_S50_L004_R1_001.fastp.fastq.gz -h /mnt/beegfs/gt156213e/murinae-seq/01-Assembly-data/01-Fastp/Sommeromys-macrorhinos/nextseq-single-1/Z21740_S50_L004_R1_001.fastp.fastp.html -j /mnt/beegfs/gt156213e/murinae-seq/01-Assembly-data/01-Fastp/Sommeromys-macrorhinos/nextseq-single-1/Z21740_S50_L004_R1_001.fastp.fastp.json 
fastp v0.20.1, time used: 9 seconds
