Detecting adapter sequence for read1...
No adapter detected for read1

Read1 before filtering:
total reads: 411436
total bases: 31082988
Q20 bases: 29623730(95.3053%)
Q30 bases: 28973312(93.2128%)

Read1 after filtering:
total reads: 408289
total bases: 30841957
Q20 bases: 29494363(95.6306%)
Q30 bases: 28859571(93.5724%)

Filtering result:
reads passed filter: 408289
reads failed due to low quality: 3047
reads failed due to too many N: 22
reads failed due to too short: 52
reads failed due to low complexity: 26
reads with adapter trimmed: 0
bases trimmed due to adapters: 0

Duplication rate (may be overestimated since this is SE data): 2.34749%

JSON report: /scratch/gregg_thomas/Murinae-seq/01-Fastp/Sommeromys-macrorhinos/nextseq-single-1/Z21740_S50_L002_R1_001.fastp.fastp.json
HTML report: /scratch/gregg_thomas/Murinae-seq/01-Fastp/Sommeromys-macrorhinos/nextseq-single-1/Z21740_S50_L002_R1_001.fastp.fastp.html

fastp -i /scratch/gregg_thomas/Murinae-seq/00-RawReads/Sommeromys-macrorhinos/nextseq-single-1/Z21740_S50_L002_R1_001.fastq.gz --length_required 30 --low_complexity_filter --complexity_threshold 30 -o /scratch/gregg_thomas/Murinae-seq/01-Fastp/Sommeromys-macrorhinos/nextseq-single-1/Z21740_S50_L002_R1_001.fastp.fastq.gz -h /scratch/gregg_thomas/Murinae-seq/01-Fastp/Sommeromys-macrorhinos/nextseq-single-1/Z21740_S50_L002_R1_001.fastp.fastp.html -j /scratch/gregg_thomas/Murinae-seq/01-Fastp/Sommeromys-macrorhinos/nextseq-single-1/Z21740_S50_L002_R1_001.fastp.fastp.json 
fastp v0.20.0, time used: 13 seconds
