Detecting adapter sequence for read1...
No adapter detected for read1

Detecting adapter sequence for read2...
No adapter detected for read2

Read1 before filtering:
total reads: 2326045
total bases: 175695526
Q20 bases: 168539246(95.9269%)
Q30 bases: 165440714(94.1633%)

Read2 before filtering:
total reads: 2326045
total bases: 175689355
Q20 bases: 163091444(92.8294%)
Q30 bases: 158384234(90.1502%)

Read1 after filtering:
total reads: 2247440
total bases: 169618760
Q20 bases: 163808182(96.5743%)
Q30 bases: 161035657(94.9398%)

Read2 aftering filtering:
total reads: 2247440
total bases: 169630339
Q20 bases: 159988332(94.3159%)
Q30 bases: 155737149(91.8097%)

Filtering result:
reads passed filter: 4494880
reads failed due to low quality: 148026
reads failed due to too many N: 802
reads failed due to too short: 7234
reads failed due to low complexity: 1148
reads with adapter trimmed: 9592
bases trimmed due to adapters: 279547

Duplication rate: 7.93503%

Insert size peak (evaluated by paired-end reads): 0

JSON report: /mnt/beegfs/gt156213e/murinae-seq/01-Assembly-data/01-Fastp/Sundamys-meulleri/nextseq-paired-2/JAE1283_S38_L003_R.fastp.json
HTML report: /mnt/beegfs/gt156213e/murinae-seq/01-Assembly-data/01-Fastp/Sundamys-meulleri/nextseq-paired-2/JAE1283_S38_L003_R.fastp.html

fastp -i /mnt/beegfs/gt156213e/murinae-seq/01-Assembly-data/00-RawReads/Sundamys-meulleri/nextseq-paired-2/JAE1283_S38_L003_R1_001.fastq.gz -I /mnt/beegfs/gt156213e/murinae-seq/01-Assembly-data/00-RawReads/Sundamys-meulleri/nextseq-paired-2/JAE1283_S38_L003_R2_001.fastq.gz --detect_adapter_for_pe --length_required 30 --low_complexity_filter --complexity_threshold 30 -o /mnt/beegfs/gt156213e/murinae-seq/01-Assembly-data/01-Fastp/Sundamys-meulleri/nextseq-paired-2/JAE1283_S38_L003_R1_001.fastp.fastq.gz -O /mnt/beegfs/gt156213e/murinae-seq/01-Assembly-data/01-Fastp/Sundamys-meulleri/nextseq-paired-2/JAE1283_S38_L003_R2_001.fastp.fastq.gz -h /mnt/beegfs/gt156213e/murinae-seq/01-Assembly-data/01-Fastp/Sundamys-meulleri/nextseq-paired-2/JAE1283_S38_L003_R.fastp.html -j /mnt/beegfs/gt156213e/murinae-seq/01-Assembly-data/01-Fastp/Sundamys-meulleri/nextseq-paired-2/JAE1283_S38_L003_R.fastp.json 
fastp v0.20.1, time used: 43 seconds
