Detecting adapter sequence for read1...
No adapter detected for read1

Read1 before filtering:
total reads: 347758
total bases: 26269056
Q20 bases: 25172530(95.8258%)
Q30 bases: 24671659(93.9191%)

Read1 after filtering:
total reads: 345320
total bases: 26081951
Q20 bases: 25070416(96.1217%)
Q30 bases: 24581150(94.2458%)

Filtering result:
reads passed filter: 345320
reads failed due to low quality: 2291
reads failed due to too many N: 21
reads failed due to too short: 97
reads failed due to low complexity: 29
reads with adapter trimmed: 0
bases trimmed due to adapters: 0

Duplication rate (may be overestimated since this is SE data): 2.72804%

JSON report: /mnt/beegfs/gt156213e/murinae-seq/01-Assembly-data/01-Fastp/Sundamys-meulleri/nextseq-single-2/JAE1283_S30_L001_R1_001.fastp.fastp.json
HTML report: /mnt/beegfs/gt156213e/murinae-seq/01-Assembly-data/01-Fastp/Sundamys-meulleri/nextseq-single-2/JAE1283_S30_L001_R1_001.fastp.fastp.html

fastp -i /mnt/beegfs/gt156213e/murinae-seq/01-Assembly-data/00-RawReads/Sundamys-meulleri/nextseq-single-2/JAE1283_S30_L001_R1_001.fastq.gz --length_required 30 --low_complexity_filter --complexity_threshold 30 -o /mnt/beegfs/gt156213e/murinae-seq/01-Assembly-data/01-Fastp/Sundamys-meulleri/nextseq-single-2/JAE1283_S30_L001_R1_001.fastp.fastq.gz -h /mnt/beegfs/gt156213e/murinae-seq/01-Assembly-data/01-Fastp/Sundamys-meulleri/nextseq-single-2/JAE1283_S30_L001_R1_001.fastp.fastp.html -j /mnt/beegfs/gt156213e/murinae-seq/01-Assembly-data/01-Fastp/Sundamys-meulleri/nextseq-single-2/JAE1283_S30_L001_R1_001.fastp.fastp.json 
fastp v0.20.1, time used: 9 seconds
