Detecting adapter sequence for read1...
No adapter detected for read1

Detecting adapter sequence for read2...
No adapter detected for read2

Read1 before filtering:
total reads: 6688066
total bases: 501604950
Q20 bases: 491790464(98.0434%)
Q30 bases: 487055467(97.0994%)

Read2 before filtering:
total reads: 6688066
total bases: 501604950
Q20 bases: 476220761(94.9394%)
Q30 bases: 468278699(93.3561%)

Read1 after filtering:
total reads: 6469639
total bases: 484852609
Q20 bases: 477435293(98.4702%)
Q30 bases: 473302500(97.6178%)

Read2 aftering filtering:
total reads: 6469639
total bases: 484862412
Q20 bases: 468212169(96.566%)
Q30 bases: 461547212(95.1914%)

Filtering result:
reads passed filter: 12939278
reads failed due to low quality: 391184
reads failed due to too many N: 3056
reads failed due to too short: 37990
reads failed due to low complexity: 4624
reads with adapter trimmed: 28212
bases trimmed due to adapters: 710665

Duplication rate: 18.0028%

Insert size peak (evaluated by paired-end reads): 0

JSON report: /mnt/beegfs/gt156213e/murinae-seq/01-Assembly-data/01-Fastp/Taeromys-punicans/nextseq-paired-1/JLP25862_S8_R.fastp.json
HTML report: /mnt/beegfs/gt156213e/murinae-seq/01-Assembly-data/01-Fastp/Taeromys-punicans/nextseq-paired-1/JLP25862_S8_R.fastp.html

fastp -i /mnt/beegfs/gt156213e/murinae-seq/01-Assembly-data/00-RawReads/Taeromys-punicans/nextseq-paired-1/JLP25862_S8_R1_001.fastq.gz -I /mnt/beegfs/gt156213e/murinae-seq/01-Assembly-data/00-RawReads/Taeromys-punicans/nextseq-paired-1/JLP25862_S8_R2_001.fastq.gz --detect_adapter_for_pe --length_required 30 --low_complexity_filter --complexity_threshold 30 -o /mnt/beegfs/gt156213e/murinae-seq/01-Assembly-data/01-Fastp/Taeromys-punicans/nextseq-paired-1/JLP25862_S8_R1_001.fastp.fastq.gz -O /mnt/beegfs/gt156213e/murinae-seq/01-Assembly-data/01-Fastp/Taeromys-punicans/nextseq-paired-1/JLP25862_S8_R2_001.fastp.fastq.gz -h /mnt/beegfs/gt156213e/murinae-seq/01-Assembly-data/01-Fastp/Taeromys-punicans/nextseq-paired-1/JLP25862_S8_R.fastp.html -j /mnt/beegfs/gt156213e/murinae-seq/01-Assembly-data/01-Fastp/Taeromys-punicans/nextseq-paired-1/JLP25862_S8_R.fastp.json 
fastp v0.20.1, time used: 94 seconds
