Detecting adapter sequence for read1...
No adapter detected for read1

Read1 before filtering:
total reads: 435118
total bases: 32868626
Q20 bases: 31172245(94.8389%)
Q30 bases: 30438465(92.6064%)

Read1 after filtering:
total reads: 431440
total bases: 32586895
Q20 bases: 31017618(95.1843%)
Q30 bases: 30302132(92.9887%)

Filtering result:
reads passed filter: 431440
reads failed due to low quality: 3449
reads failed due to too many N: 24
reads failed due to too short: 169
reads failed due to low complexity: 36
reads with adapter trimmed: 0
bases trimmed due to adapters: 0

Duplication rate (may be overestimated since this is SE data): 2.57306%

JSON report: /mnt/beegfs/gt156213e/murinae-seq/01-Assembly-data/01-Fastp/Taeromys-punicans/nextseq-single-1/JLP25862_S31_L001_R1_001.fastp.fastp.json
HTML report: /mnt/beegfs/gt156213e/murinae-seq/01-Assembly-data/01-Fastp/Taeromys-punicans/nextseq-single-1/JLP25862_S31_L001_R1_001.fastp.fastp.html

fastp -i /mnt/beegfs/gt156213e/murinae-seq/01-Assembly-data/00-RawReads/Taeromys-punicans/nextseq-single-1/JLP25862_S31_L001_R1_001.fastq.gz --length_required 30 --low_complexity_filter --complexity_threshold 30 -o /mnt/beegfs/gt156213e/murinae-seq/01-Assembly-data/01-Fastp/Taeromys-punicans/nextseq-single-1/JLP25862_S31_L001_R1_001.fastp.fastq.gz -h /mnt/beegfs/gt156213e/murinae-seq/01-Assembly-data/01-Fastp/Taeromys-punicans/nextseq-single-1/JLP25862_S31_L001_R1_001.fastp.fastp.html -j /mnt/beegfs/gt156213e/murinae-seq/01-Assembly-data/01-Fastp/Taeromys-punicans/nextseq-single-1/JLP25862_S31_L001_R1_001.fastp.fastp.json 
fastp v0.20.1, time used: 10 seconds
