Detecting adapter sequence for read1...
No adapter detected for read1

Detecting adapter sequence for read2...
No adapter detected for read2

Read1 before filtering:
total reads: 3151152
total bases: 238033000
Q20 bases: 228428206(95.9649%)
Q30 bases: 224297397(94.2295%)

Read2 before filtering:
total reads: 3151152
total bases: 238031815
Q20 bases: 220263635(92.5354%)
Q30 bases: 213727171(89.7893%)

Read1 after filtering:
total reads: 3023568
total bases: 228226188
Q20 bases: 220635326(96.674%)
Q30 bases: 217002632(95.0823%)

Read2 aftering filtering:
total reads: 3023568
total bases: 228242927
Q20 bases: 215406741(94.3761%)
Q30 bases: 209637172(91.8483%)

Filtering result:
reads passed filter: 6047136
reads failed due to low quality: 242002
reads failed due to too many N: 1742
reads failed due to too short: 9734
reads failed due to low complexity: 1690
reads with adapter trimmed: 12182
bases trimmed due to adapters: 308671

Duplication rate: 7.83337%

Insert size peak (evaluated by paired-end reads): 119

JSON report: /scratch/gregg_thomas/Murinae-seq/01-Fastp/Tateomys-rhinogradoides/nextseq-paired-2/Z21785_S20_L004_R.fastp.json
HTML report: /scratch/gregg_thomas/Murinae-seq/01-Fastp/Tateomys-rhinogradoides/nextseq-paired-2/Z21785_S20_L004_R.fastp.html

fastp -i /scratch/gregg_thomas/Murinae-seq/00-RawReads/Tateomys-rhinogradoides/nextseq-paired-2/Z21785_S20_L004_R1_001.fastq.gz -I /scratch/gregg_thomas/Murinae-seq/00-RawReads/Tateomys-rhinogradoides/nextseq-paired-2/Z21785_S20_L004_R2_001.fastq.gz --detect_adapter_for_pe --length_required 30 --low_complexity_filter --complexity_threshold 30 -o /scratch/gregg_thomas/Murinae-seq/01-Fastp/Tateomys-rhinogradoides/nextseq-paired-2/Z21785_S20_L004_R1_001.fastp.fastq.gz -O /scratch/gregg_thomas/Murinae-seq/01-Fastp/Tateomys-rhinogradoides/nextseq-paired-2/Z21785_S20_L004_R2_001.fastp.fastq.gz -h /scratch/gregg_thomas/Murinae-seq/01-Fastp/Tateomys-rhinogradoides/nextseq-paired-2/Z21785_S20_L004_R.fastp.html -j /scratch/gregg_thomas/Murinae-seq/01-Fastp/Tateomys-rhinogradoides/nextseq-paired-2/Z21785_S20_L004_R.fastp.json 
fastp v0.20.0, time used: 37 seconds
