Detecting adapter sequence for read1...
No adapter detected for read1

Read1 before filtering:
total reads: 304825
total bases: 23026743
Q20 bases: 22102445(95.986%)
Q30 bases: 21681363(94.1573%)

Read1 after filtering:
total reads: 302880
total bases: 22877522
Q20 bases: 22022521(96.2627%)
Q30 bases: 21610894(94.4634%)

Filtering result:
reads passed filter: 302880
reads failed due to low quality: 1878
reads failed due to too many N: 1
reads failed due to too short: 45
reads failed due to low complexity: 21
reads with adapter trimmed: 0
bases trimmed due to adapters: 0

Duplication rate (may be overestimated since this is SE data): 2.12319%

JSON report: /mnt/beegfs/gt156213e/murinae-seq/01-Assembly-data/01-Fastp/Tateomys-macrocercus/nextseq-single-2/Z21834_S51_L002_R1_001.fastp.fastp.json
HTML report: /mnt/beegfs/gt156213e/murinae-seq/01-Assembly-data/01-Fastp/Tateomys-macrocercus/nextseq-single-2/Z21834_S51_L002_R1_001.fastp.fastp.html

fastp -i /mnt/beegfs/gt156213e/murinae-seq/01-Assembly-data/00-RawReads/Tateomys-macrocercus/nextseq-single-2/Z21834_S51_L002_R1_001.fastq.gz --length_required 30 --low_complexity_filter --complexity_threshold 30 -o /mnt/beegfs/gt156213e/murinae-seq/01-Assembly-data/01-Fastp/Tateomys-macrocercus/nextseq-single-2/Z21834_S51_L002_R1_001.fastp.fastq.gz -h /mnt/beegfs/gt156213e/murinae-seq/01-Assembly-data/01-Fastp/Tateomys-macrocercus/nextseq-single-2/Z21834_S51_L002_R1_001.fastp.fastp.html -j /mnt/beegfs/gt156213e/murinae-seq/01-Assembly-data/01-Fastp/Tateomys-macrocercus/nextseq-single-2/Z21834_S51_L002_R1_001.fastp.fastp.json 
fastp v0.20.1, time used: 9 seconds
