Detecting adapter sequence for read1...
No adapter detected for read1

Read1 before filtering:
total reads: 344861
total bases: 26051395
Q20 bases: 24819017(95.2694%)
Q30 bases: 24261700(93.1301%)

Read1 after filtering:
total reads: 342383
total bases: 25861349
Q20 bases: 24717102(95.5755%)
Q30 bases: 24172336(93.469%)

Filtering result:
reads passed filter: 342383
reads failed due to low quality: 2414
reads failed due to too many N: 10
reads failed due to too short: 35
reads failed due to low complexity: 19
reads with adapter trimmed: 0
bases trimmed due to adapters: 0

Duplication rate (may be overestimated since this is SE data): 2.36734%

JSON report: /scratch/gregg_thomas/Murinae-seq/01-Fastp/Tateomys-macrocercus/nextseq-single-1/Z21834_S51_L004_R1_001.fastp.fastp.json
HTML report: /scratch/gregg_thomas/Murinae-seq/01-Fastp/Tateomys-macrocercus/nextseq-single-1/Z21834_S51_L004_R1_001.fastp.fastp.html

fastp -i /scratch/gregg_thomas/Murinae-seq/00-RawReads/Tateomys-macrocercus/nextseq-single-1/Z21834_S51_L004_R1_001.fastq.gz --length_required 30 --low_complexity_filter --complexity_threshold 30 -o /scratch/gregg_thomas/Murinae-seq/01-Fastp/Tateomys-macrocercus/nextseq-single-1/Z21834_S51_L004_R1_001.fastp.fastq.gz -h /scratch/gregg_thomas/Murinae-seq/01-Fastp/Tateomys-macrocercus/nextseq-single-1/Z21834_S51_L004_R1_001.fastp.fastp.html -j /scratch/gregg_thomas/Murinae-seq/01-Fastp/Tateomys-macrocercus/nextseq-single-1/Z21834_S51_L004_R1_001.fastp.fastp.json 
fastp v0.20.0, time used: 15 seconds
