Detecting adapter sequence for read1...
No adapter detected for read1

Read1 before filtering:
total reads: 544508
total bases: 41137761
Q20 bases: 38875742(94.5014%)
Q30 bases: 37940074(92.2269%)

Read1 after filtering:
total reads: 535753
total bases: 40470527
Q20 bases: 38527505(95.1989%)
Q30 bases: 37643676(93.015%)

Filtering result:
reads passed filter: 535753
reads failed due to low quality: 8478
reads failed due to too many N: 34
reads failed due to too short: 208
reads failed due to low complexity: 35
reads with adapter trimmed: 0
bases trimmed due to adapters: 0

Duplication rate (may be overestimated since this is SE data): 2.64755%

JSON report: /mnt/beegfs/gt156213e/murinae-seq/01-Assembly-data/01-Fastp/Tateomys-rhinogradoides/nextseq-single-1/Z21785_S52_L001_R1_001.fastp.fastp.json
HTML report: /mnt/beegfs/gt156213e/murinae-seq/01-Assembly-data/01-Fastp/Tateomys-rhinogradoides/nextseq-single-1/Z21785_S52_L001_R1_001.fastp.fastp.html

fastp -i /mnt/beegfs/gt156213e/murinae-seq/01-Assembly-data/00-RawReads/Tateomys-rhinogradoides/nextseq-single-1/Z21785_S52_L001_R1_001.fastq.gz --length_required 30 --low_complexity_filter --complexity_threshold 30 -o /mnt/beegfs/gt156213e/murinae-seq/01-Assembly-data/01-Fastp/Tateomys-rhinogradoides/nextseq-single-1/Z21785_S52_L001_R1_001.fastp.fastq.gz -h /mnt/beegfs/gt156213e/murinae-seq/01-Assembly-data/01-Fastp/Tateomys-rhinogradoides/nextseq-single-1/Z21785_S52_L001_R1_001.fastp.fastp.html -j /mnt/beegfs/gt156213e/murinae-seq/01-Assembly-data/01-Fastp/Tateomys-rhinogradoides/nextseq-single-1/Z21785_S52_L001_R1_001.fastp.fastp.json 
fastp v0.20.1, time used: 11 seconds
