Detecting adapter sequence for read1...
No adapter detected for read1

Detecting adapter sequence for read2...
No adapter detected for read2

Read1 before filtering:
total reads: 1976645
total bases: 149312503
Q20 bases: 143314496(95.9829%)
Q30 bases: 140689231(94.2247%)

Read2 before filtering:
total reads: 1976645
total bases: 149304060
Q20 bases: 139092931(93.1608%)
Q30 bases: 135204254(90.5563%)

Read1 after filtering:
total reads: 1913078
total bases: 144407659
Q20 bases: 139483745(96.5903%)
Q30 bases: 137122036(94.9548%)

Read2 aftering filtering:
total reads: 1913078
total bases: 144415040
Q20 bases: 136601218(94.5893%)
Q30 bases: 133090424(92.1583%)

Filtering result:
reads passed filter: 3826156
reads failed due to low quality: 119636
reads failed due to too many N: 640
reads failed due to too short: 6128
reads failed due to low complexity: 730
reads with adapter trimmed: 7832
bases trimmed due to adapters: 211635

Duplication rate: 6.53169%

Insert size peak (evaluated by paired-end reads): 118

JSON report: /scratch/gregg_thomas/Murinae-seq/01-Fastp/Tateomys-macrocercus/nextseq-paired-2/Z21834_S19_L003_R.fastp.json
HTML report: /scratch/gregg_thomas/Murinae-seq/01-Fastp/Tateomys-macrocercus/nextseq-paired-2/Z21834_S19_L003_R.fastp.html

fastp -i /scratch/gregg_thomas/Murinae-seq/00-RawReads/Tateomys-macrocercus/nextseq-paired-2/Z21834_S19_L003_R1_001.fastq.gz -I /scratch/gregg_thomas/Murinae-seq/00-RawReads/Tateomys-macrocercus/nextseq-paired-2/Z21834_S19_L003_R2_001.fastq.gz --detect_adapter_for_pe --length_required 30 --low_complexity_filter --complexity_threshold 30 -o /scratch/gregg_thomas/Murinae-seq/01-Fastp/Tateomys-macrocercus/nextseq-paired-2/Z21834_S19_L003_R1_001.fastp.fastq.gz -O /scratch/gregg_thomas/Murinae-seq/01-Fastp/Tateomys-macrocercus/nextseq-paired-2/Z21834_S19_L003_R2_001.fastp.fastq.gz -h /scratch/gregg_thomas/Murinae-seq/01-Fastp/Tateomys-macrocercus/nextseq-paired-2/Z21834_S19_L003_R.fastp.html -j /scratch/gregg_thomas/Murinae-seq/01-Fastp/Tateomys-macrocercus/nextseq-paired-2/Z21834_S19_L003_R.fastp.json 
fastp v0.20.0, time used: 22 seconds
