Detecting adapter sequence for read1...
No adapter detected for read1

Read1 before filtering:
total reads: 315030
total bases: 23798635
Q20 bases: 22839636(95.9704%)
Q30 bases: 22398986(94.1188%)

Read1 after filtering:
total reads: 313109
total bases: 23651048
Q20 bases: 22758562(96.2264%)
Q30 bases: 22327116(94.4022%)

Filtering result:
reads passed filter: 313109
reads failed due to low quality: 1803
reads failed due to too many N: 7
reads failed due to too short: 100
reads failed due to low complexity: 11
reads with adapter trimmed: 0
bases trimmed due to adapters: 0

Duplication rate (may be overestimated since this is SE data): 2.26353%

JSON report: /scratch/gregg_thomas/Murinae-seq/01-Fastp/Tateomys-macrocercus/nextseq-single-2/Z21834_S51_L003_R1_001.fastp.fastp.json
HTML report: /scratch/gregg_thomas/Murinae-seq/01-Fastp/Tateomys-macrocercus/nextseq-single-2/Z21834_S51_L003_R1_001.fastp.fastp.html

fastp -i /scratch/gregg_thomas/Murinae-seq/00-RawReads/Tateomys-macrocercus/nextseq-single-2/Z21834_S51_L003_R1_001.fastq.gz --length_required 30 --low_complexity_filter --complexity_threshold 30 -o /scratch/gregg_thomas/Murinae-seq/01-Fastp/Tateomys-macrocercus/nextseq-single-2/Z21834_S51_L003_R1_001.fastp.fastq.gz -h /scratch/gregg_thomas/Murinae-seq/01-Fastp/Tateomys-macrocercus/nextseq-single-2/Z21834_S51_L003_R1_001.fastp.fastp.html -j /scratch/gregg_thomas/Murinae-seq/01-Fastp/Tateomys-macrocercus/nextseq-single-2/Z21834_S51_L003_R1_001.fastp.fastp.json 
fastp v0.20.0, time used: 14 seconds
