Detecting adapter sequence for read1...
No adapter detected for read1

Read1 before filtering:
total reads: 320838
total bases: 24235455
Q20 bases: 23284923(96.0779%)
Q30 bases: 22844017(94.2587%)

Read1 after filtering:
total reads: 318953
total bases: 24090387
Q20 bases: 23207755(96.3362%)
Q30 bases: 22775828(94.5432%)

Filtering result:
reads passed filter: 318953
reads failed due to low quality: 1833
reads failed due to too many N: 0
reads failed due to too short: 35
reads failed due to low complexity: 17
reads with adapter trimmed: 0
bases trimmed due to adapters: 0

Duplication rate (may be overestimated since this is SE data): 2.32693%

JSON report: /scratch/gregg_thomas/Murinae-seq/01-Fastp/Tateomys-macrocercus/nextseq-single-2/Z21834_S51_L004_R1_001.fastp.fastp.json
HTML report: /scratch/gregg_thomas/Murinae-seq/01-Fastp/Tateomys-macrocercus/nextseq-single-2/Z21834_S51_L004_R1_001.fastp.fastp.html

fastp -i /scratch/gregg_thomas/Murinae-seq/00-RawReads/Tateomys-macrocercus/nextseq-single-2/Z21834_S51_L004_R1_001.fastq.gz --length_required 30 --low_complexity_filter --complexity_threshold 30 -o /scratch/gregg_thomas/Murinae-seq/01-Fastp/Tateomys-macrocercus/nextseq-single-2/Z21834_S51_L004_R1_001.fastp.fastq.gz -h /scratch/gregg_thomas/Murinae-seq/01-Fastp/Tateomys-macrocercus/nextseq-single-2/Z21834_S51_L004_R1_001.fastp.fastp.html -j /scratch/gregg_thomas/Murinae-seq/01-Fastp/Tateomys-macrocercus/nextseq-single-2/Z21834_S51_L004_R1_001.fastp.fastp.json 
fastp v0.20.0, time used: 14 seconds
