Detecting adapter sequence for read1...
No adapter detected for read1

Detecting adapter sequence for read2...
No adapter detected for read2

Read1 before filtering:
total reads: 3679434
total bases: 277945984
Q20 bases: 268199932(96.4935%)
Q30 bases: 263952436(94.9654%)

Read2 before filtering:
total reads: 3679434
total bases: 277937490
Q20 bases: 261914458(94.235%)
Q30 bases: 255640534(91.9777%)

Read1 after filtering:
total reads: 3571578
total bases: 269521763
Q20 bases: 261620391(97.0684%)
Q30 bases: 257792458(95.6481%)

Read2 aftering filtering:
total reads: 3571578
total bases: 269544089
Q20 bases: 257661382(95.5916%)
Q30 bases: 252028886(93.5019%)

Filtering result:
reads passed filter: 7143156
reads failed due to low quality: 200298
reads failed due to too many N: 1396
reads failed due to too short: 12608
reads failed due to low complexity: 1410
reads with adapter trimmed: 26616
bases trimmed due to adapters: 557559

Duplication rate: 7.28468%

Insert size peak (evaluated by paired-end reads): 118

JSON report: /mnt/beegfs/gt156213e/murinae-seq/01-Assembly-data/01-Fastp/Waiomys-mamasae/nextseq-paired-2/Z20624_S21_L003_R.fastp.json
HTML report: /mnt/beegfs/gt156213e/murinae-seq/01-Assembly-data/01-Fastp/Waiomys-mamasae/nextseq-paired-2/Z20624_S21_L003_R.fastp.html

fastp -i /mnt/beegfs/gt156213e/murinae-seq/01-Assembly-data/00-RawReads/Waiomys-mamasae/nextseq-paired-2/Z20624_S21_L003_R1_001.fastq.gz -I /mnt/beegfs/gt156213e/murinae-seq/01-Assembly-data/00-RawReads/Waiomys-mamasae/nextseq-paired-2/Z20624_S21_L003_R2_001.fastq.gz --detect_adapter_for_pe --length_required 30 --low_complexity_filter --complexity_threshold 30 -o /mnt/beegfs/gt156213e/murinae-seq/01-Assembly-data/01-Fastp/Waiomys-mamasae/nextseq-paired-2/Z20624_S21_L003_R1_001.fastp.fastq.gz -O /mnt/beegfs/gt156213e/murinae-seq/01-Assembly-data/01-Fastp/Waiomys-mamasae/nextseq-paired-2/Z20624_S21_L003_R2_001.fastp.fastq.gz -h /mnt/beegfs/gt156213e/murinae-seq/01-Assembly-data/01-Fastp/Waiomys-mamasae/nextseq-paired-2/Z20624_S21_L003_R.fastp.html -j /mnt/beegfs/gt156213e/murinae-seq/01-Assembly-data/01-Fastp/Waiomys-mamasae/nextseq-paired-2/Z20624_S21_L003_R.fastp.json 
fastp v0.20.1, time used: 72 seconds
