INFO	2020-01-20 00:55:08	MarkDuplicates	

********** NOTE: Picard's command line syntax is changing.
**********
********** For more information, please see:
********** https://github.com/broadinstitute/picard/wiki/Command-Line-Syntax-Transition-For-Users-(Pre-Transition)
**********
********** The command line looks like this in the new syntax:
**********
**********    MarkDuplicates -I /scratch/gregg_thomas/Murinae-seq/03B-MappedRat/Aethomys-hindei/Aethomys-hindei.sorted.bam -O /scratch/gregg_thomas/Murinae-seq/03B-MappedRat/Aethomys-hindei/Aethomys-hindei.sorted.mkdup.bam -M /scratch/gregg_thomas/Murinae-seq/03B-MappedRat/Aethomys-hindei/Aethomys-hindei-mkdup-metrics.txt
**********


00:55:09.190 INFO  NativeLibraryLoader - Loading libgkl_compression.so from jar:file:/home/gregg_thomas/bin/picard.jar!/com/intel/gkl/native/libgkl_compression.so
[Mon Jan 20 00:55:09 UTC 2020] MarkDuplicates INPUT=[/scratch/gregg_thomas/Murinae-seq/03B-MappedRat/Aethomys-hindei/Aethomys-hindei.sorted.bam] OUTPUT=/scratch/gregg_thomas/Murinae-seq/03B-MappedRat/Aethomys-hindei/Aethomys-hindei.sorted.mkdup.bam METRICS_FILE=/scratch/gregg_thomas/Murinae-seq/03B-MappedRat/Aethomys-hindei/Aethomys-hindei-mkdup-metrics.txt    MAX_SEQUENCES_FOR_DISK_READ_ENDS_MAP=50000 MAX_FILE_HANDLES_FOR_READ_ENDS_MAP=8000 SORTING_COLLECTION_SIZE_RATIO=0.25 TAG_DUPLICATE_SET_MEMBERS=false REMOVE_SEQUENCING_DUPLICATES=false TAGGING_POLICY=DontTag CLEAR_DT=true DUPLEX_UMI=false ADD_PG_TAG_TO_READS=true REMOVE_DUPLICATES=false ASSUME_SORTED=false DUPLICATE_SCORING_STRATEGY=SUM_OF_BASE_QUALITIES PROGRAM_RECORD_ID=MarkDuplicates PROGRAM_GROUP_NAME=MarkDuplicates READ_NAME_REGEX=<optimized capture of last three ':' separated fields as numeric values> OPTICAL_DUPLICATE_PIXEL_DISTANCE=100 MAX_OPTICAL_DUPLICATE_SET_SIZE=300000 VERBOSITY=INFO QUIET=false VALIDATION_STRINGENCY=STRICT COMPRESSION_LEVEL=5 MAX_RECORDS_IN_RAM=500000 CREATE_INDEX=false CREATE_MD5_FILE=false GA4GH_CLIENT_SECRETS=client_secrets.json USE_JDK_DEFLATER=false USE_JDK_INFLATER=false
[Mon Jan 20 00:55:09 UTC 2020] Executing as gregg_thomas@ecae4883a231 on Linux 4.4.0-104-generic amd64; Java HotSpot(TM) 64-Bit Server VM 1.8.0_221-b11; Deflater: Intel; Inflater: Intel; Provider GCS is not available; Picard version: 2.20.6-SNAPSHOT
INFO	2020-01-20 00:55:09	MarkDuplicates	Start of doWork freeMemory: 2037674712; totalMemory: 2058354688; maxMemory: 28631367680
INFO	2020-01-20 00:55:09	MarkDuplicates	Reading input file and constructing read end information.
INFO	2020-01-20 00:55:09	MarkDuplicates	Will retain up to 103736839 data points before spilling to disk.
INFO	2020-01-20 00:55:32	MarkDuplicates	Read     1,000,000 records.  Elapsed time: 00:00:22s.  Time for last 1,000,000:   22s.  Last read position: 10:51,013,878
INFO	2020-01-20 00:55:32	MarkDuplicates	Tracking 62098 as yet unmatched pairs. 3106 records in RAM.
INFO	2020-01-20 00:55:45	MarkDuplicates	Read     2,000,000 records.  Elapsed time: 00:00:34s.  Time for last 1,000,000:   12s.  Last read position: 10:74,320,820
INFO	2020-01-20 00:55:45	MarkDuplicates	Tracking 102809 as yet unmatched pairs. 3354 records in RAM.
INFO	2020-01-20 00:55:52	MarkDuplicates	Read     3,000,000 records.  Elapsed time: 00:00:42s.  Time for last 1,000,000:    7s.  Last read position: 10:99,439,774
INFO	2020-01-20 00:55:52	MarkDuplicates	Tracking 153263 as yet unmatched pairs. 1545 records in RAM.
INFO	2020-01-20 00:56:06	MarkDuplicates	Read     4,000,000 records.  Elapsed time: 00:00:56s.  Time for last 1,000,000:   14s.  Last read position: 11:65,086,439
INFO	2020-01-20 00:56:06	MarkDuplicates	Tracking 212860 as yet unmatched pairs. 5590 records in RAM.
INFO	2020-01-20 00:56:22	MarkDuplicates	Read     5,000,000 records.  Elapsed time: 00:01:12s.  Time for last 1,000,000:   16s.  Last read position: 12:19,292,082
INFO	2020-01-20 00:56:22	MarkDuplicates	Tracking 306690 as yet unmatched pairs. 6990 records in RAM.
INFO	2020-01-20 00:56:34	MarkDuplicates	Read     6,000,000 records.  Elapsed time: 00:01:24s.  Time for last 1,000,000:   12s.  Last read position: 13:50,125,657
INFO	2020-01-20 00:56:34	MarkDuplicates	Tracking 365270 as yet unmatched pairs. 10073 records in RAM.
INFO	2020-01-20 00:57:18	MarkDuplicates	Read     7,000,000 records.  Elapsed time: 00:02:08s.  Time for last 1,000,000:   43s.  Last read position: 14:2,658,541
INFO	2020-01-20 00:57:18	MarkDuplicates	Tracking 410637 as yet unmatched pairs. 17672 records in RAM.
INFO	2020-01-20 00:57:31	MarkDuplicates	Read     8,000,000 records.  Elapsed time: 00:02:21s.  Time for last 1,000,000:   12s.  Last read position: 14:81,448,254
INFO	2020-01-20 00:57:31	MarkDuplicates	Tracking 451950 as yet unmatched pairs. 7114 records in RAM.
INFO	2020-01-20 00:57:56	MarkDuplicates	Read     9,000,000 records.  Elapsed time: 00:02:46s.  Time for last 1,000,000:   24s.  Last read position: 15:31,097,506
INFO	2020-01-20 00:57:56	MarkDuplicates	Tracking 499157 as yet unmatched pairs. 13507 records in RAM.
INFO	2020-01-20 00:58:07	MarkDuplicates	Read    10,000,000 records.  Elapsed time: 00:02:57s.  Time for last 1,000,000:   11s.  Last read position: 16:9,709,196
INFO	2020-01-20 00:58:07	MarkDuplicates	Tracking 536658 as yet unmatched pairs. 15147 records in RAM.
INFO	2020-01-20 00:58:20	MarkDuplicates	Read    11,000,000 records.  Elapsed time: 00:03:09s.  Time for last 1,000,000:   12s.  Last read position: 17:9,685,277
INFO	2020-01-20 00:58:20	MarkDuplicates	Tracking 572138 as yet unmatched pairs. 19530 records in RAM.
INFO	2020-01-20 00:58:44	MarkDuplicates	Read    12,000,000 records.  Elapsed time: 00:03:34s.  Time for last 1,000,000:   24s.  Last read position: 17:90,755,995
INFO	2020-01-20 00:58:44	MarkDuplicates	Tracking 602959 as yet unmatched pairs. 64 records in RAM.
INFO	2020-01-20 00:59:03	MarkDuplicates	Read    13,000,000 records.  Elapsed time: 00:03:53s.  Time for last 1,000,000:   18s.  Last read position: 18:74,377,324
INFO	2020-01-20 00:59:03	MarkDuplicates	Tracking 629697 as yet unmatched pairs. 2747 records in RAM.
INFO	2020-01-20 00:59:18	MarkDuplicates	Read    14,000,000 records.  Elapsed time: 00:04:07s.  Time for last 1,000,000:   14s.  Last read position: 19:58,824,011
INFO	2020-01-20 00:59:18	MarkDuplicates	Tracking 654854 as yet unmatched pairs. 1117 records in RAM.
INFO	2020-01-20 00:59:49	MarkDuplicates	Read    15,000,000 records.  Elapsed time: 00:04:39s.  Time for last 1,000,000:   31s.  Last read position: 1:77,745,364
INFO	2020-01-20 00:59:49	MarkDuplicates	Tracking 672799 as yet unmatched pairs. 106142 records in RAM.
INFO	2020-01-20 00:59:55	MarkDuplicates	Read    16,000,000 records.  Elapsed time: 00:04:45s.  Time for last 1,000,000:    6s.  Last read position: 1:129,153,046
INFO	2020-01-20 00:59:55	MarkDuplicates	Tracking 687132 as yet unmatched pairs. 83967 records in RAM.
INFO	2020-01-20 01:00:01	MarkDuplicates	Read    17,000,000 records.  Elapsed time: 00:04:51s.  Time for last 1,000,000:    6s.  Last read position: 1:190,229,650
INFO	2020-01-20 01:00:01	MarkDuplicates	Tracking 701393 as yet unmatched pairs. 54550 records in RAM.
INFO	2020-01-20 01:00:58	MarkDuplicates	Read    18,000,000 records.  Elapsed time: 00:05:48s.  Time for last 1,000,000:   57s.  Last read position: 1:227,472,140
INFO	2020-01-20 01:00:58	MarkDuplicates	Tracking 708624 as yet unmatched pairs. 36667 records in RAM.
INFO	2020-01-20 01:01:05	MarkDuplicates	Read    19,000,000 records.  Elapsed time: 00:05:54s.  Time for last 1,000,000:    6s.  Last read position: 1:282,647,012
INFO	2020-01-20 01:01:05	MarkDuplicates	Tracking 711693 as yet unmatched pairs. 3243 records in RAM.
INFO	2020-01-20 01:01:15	MarkDuplicates	Read    20,000,000 records.  Elapsed time: 00:06:04s.  Time for last 1,000,000:   10s.  Last read position: 20:45,334,922
INFO	2020-01-20 01:01:15	MarkDuplicates	Tracking 710940 as yet unmatched pairs. 4708 records in RAM.
INFO	2020-01-20 01:01:49	MarkDuplicates	Read    21,000,000 records.  Elapsed time: 00:06:38s.  Time for last 1,000,000:   34s.  Last read position: 2:100,708,270
INFO	2020-01-20 01:01:49	MarkDuplicates	Tracking 708812 as yet unmatched pairs. 72413 records in RAM.
INFO	2020-01-20 01:01:54	MarkDuplicates	Read    22,000,000 records.  Elapsed time: 00:06:43s.  Time for last 1,000,000:    5s.  Last read position: 2:188,405,634
INFO	2020-01-20 01:01:54	MarkDuplicates	Tracking 704419 as yet unmatched pairs. 40943 records in RAM.
INFO	2020-01-20 01:02:09	MarkDuplicates	Read    23,000,000 records.  Elapsed time: 00:06:58s.  Time for last 1,000,000:   14s.  Last read position: 2:242,999,963
INFO	2020-01-20 01:02:09	MarkDuplicates	Tracking 696730 as yet unmatched pairs. 9946 records in RAM.
INFO	2020-01-20 01:02:26	MarkDuplicates	Read    24,000,000 records.  Elapsed time: 00:07:16s.  Time for last 1,000,000:   17s.  Last read position: 3:38,211,379
INFO	2020-01-20 01:02:26	MarkDuplicates	Tracking 688299 as yet unmatched pairs. 86976 records in RAM.
INFO	2020-01-20 01:02:31	MarkDuplicates	Read    25,000,000 records.  Elapsed time: 00:07:20s.  Time for last 1,000,000:    4s.  Last read position: 3:94,737,596
INFO	2020-01-20 01:02:31	MarkDuplicates	Tracking 679612 as yet unmatched pairs. 60635 records in RAM.
INFO	2020-01-20 01:02:48	MarkDuplicates	Read    26,000,000 records.  Elapsed time: 00:07:37s.  Time for last 1,000,000:   17s.  Last read position: 3:147,784,392
INFO	2020-01-20 01:02:48	MarkDuplicates	Tracking 667103 as yet unmatched pairs. 27314 records in RAM.
INFO	2020-01-20 01:03:02	MarkDuplicates	Read    27,000,000 records.  Elapsed time: 00:07:51s.  Time for last 1,000,000:   13s.  Last read position: 4:22,657,932
INFO	2020-01-20 01:03:02	MarkDuplicates	Tracking 651289 as yet unmatched pairs. 107124 records in RAM.
INFO	2020-01-20 01:03:08	MarkDuplicates	Read    28,000,000 records.  Elapsed time: 00:07:57s.  Time for last 1,000,000:    5s.  Last read position: 4:98,481,472
INFO	2020-01-20 01:03:08	MarkDuplicates	Tracking 633863 as yet unmatched pairs. 71162 records in RAM.
INFO	2020-01-20 01:04:18	MarkDuplicates	Read    29,000,000 records.  Elapsed time: 00:09:08s.  Time for last 1,000,000:   70s.  Last read position: 4:167,901,864
INFO	2020-01-20 01:04:18	MarkDuplicates	Tracking 601791 as yet unmatched pairs. 11702 records in RAM.
INFO	2020-01-20 01:04:36	MarkDuplicates	Read    30,000,000 records.  Elapsed time: 00:09:26s.  Time for last 1,000,000:   17s.  Last read position: 5:59,366,745
INFO	2020-01-20 01:04:36	MarkDuplicates	Tracking 577266 as yet unmatched pairs. 102140 records in RAM.
INFO	2020-01-20 01:04:41	MarkDuplicates	Read    31,000,000 records.  Elapsed time: 00:09:30s.  Time for last 1,000,000:    4s.  Last read position: 5:129,022,316
INFO	2020-01-20 01:04:41	MarkDuplicates	Tracking 547284 as yet unmatched pairs. 58721 records in RAM.
INFO	2020-01-20 01:04:56	MarkDuplicates	Read    32,000,000 records.  Elapsed time: 00:09:46s.  Time for last 1,000,000:   15s.  Last read position: 5:154,609,340
INFO	2020-01-20 01:04:56	MarkDuplicates	Tracking 523846 as yet unmatched pairs. 24417 records in RAM.
INFO	2020-01-20 01:05:15	MarkDuplicates	Read    33,000,000 records.  Elapsed time: 00:10:04s.  Time for last 1,000,000:   18s.  Last read position: 6:27,480,102
INFO	2020-01-20 01:05:15	MarkDuplicates	Tracking 486762 as yet unmatched pairs. 86603 records in RAM.
INFO	2020-01-20 01:05:21	MarkDuplicates	Read    34,000,000 records.  Elapsed time: 00:10:11s.  Time for last 1,000,000:    6s.  Last read position: 6:111,111,174
INFO	2020-01-20 01:05:21	MarkDuplicates	Tracking 438396 as yet unmatched pairs. 23038 records in RAM.
INFO	2020-01-20 01:05:47	MarkDuplicates	Read    35,000,000 records.  Elapsed time: 00:10:37s.  Time for last 1,000,000:   25s.  Last read position: 7:40,177,112
INFO	2020-01-20 01:05:47	MarkDuplicates	Tracking 395324 as yet unmatched pairs. 79891 records in RAM.
INFO	2020-01-20 01:05:54	MarkDuplicates	Read    36,000,000 records.  Elapsed time: 00:10:44s.  Time for last 1,000,000:    7s.  Last read position: 7:123,259,452
INFO	2020-01-20 01:05:54	MarkDuplicates	Tracking 348751 as yet unmatched pairs. 23952 records in RAM.
INFO	2020-01-20 01:06:16	MarkDuplicates	Read    37,000,000 records.  Elapsed time: 00:11:06s.  Time for last 1,000,000:   21s.  Last read position: 8:49,125,971
INFO	2020-01-20 01:06:16	MarkDuplicates	Tracking 298987 as yet unmatched pairs. 89071 records in RAM.
INFO	2020-01-20 01:06:30	MarkDuplicates	Read    38,000,000 records.  Elapsed time: 00:11:19s.  Time for last 1,000,000:   13s.  Last read position: 8:103,770,326
INFO	2020-01-20 01:06:30	MarkDuplicates	Tracking 250404 as yet unmatched pairs. 35630 records in RAM.
INFO	2020-01-20 01:06:49	MarkDuplicates	Read    39,000,000 records.  Elapsed time: 00:11:38s.  Time for last 1,000,000:   19s.  Last read position: 9:27,564,018
INFO	2020-01-20 01:06:49	MarkDuplicates	Tracking 199670 as yet unmatched pairs. 77209 records in RAM.
INFO	2020-01-20 01:07:11	MarkDuplicates	Read    40,000,000 records.  Elapsed time: 00:12:01s.  Time for last 1,000,000:   22s.  Last read position: 9:95,448,860
INFO	2020-01-20 01:07:11	MarkDuplicates	Tracking 146745 as yet unmatched pairs. 21324 records in RAM.
INFO	2020-01-20 01:07:41	MarkDuplicates	Read    41,000,000 records.  Elapsed time: 00:12:31s.  Time for last 1,000,000:   29s.  Last read position: X:63,358,702
INFO	2020-01-20 01:07:41	MarkDuplicates	Tracking 77166 as yet unmatched pairs. 76147 records in RAM.
INFO	2020-01-20 01:07:47	MarkDuplicates	Read    42,000,000 records.  Elapsed time: 00:12:37s.  Time for last 1,000,000:    5s.  Last read position: X:140,881,511
INFO	2020-01-20 01:07:47	MarkDuplicates	Tracking 14838 as yet unmatched pairs. 13799 records in RAM.
INFO	2020-01-20 01:07:49	MarkDuplicates	Read 42248367 records. 0 pairs never matched.
INFO	2020-01-20 01:09:28	MarkDuplicates	After buildSortedReadEndLists freeMemory: 10150768912; totalMemory: 15404630016; maxMemory: 28631367680
INFO	2020-01-20 01:09:28	MarkDuplicates	Will retain up to 894730240 duplicate indices before spilling to disk.
INFO	2020-01-20 01:09:31	MarkDuplicates	Traversing read pair information and detecting duplicates.
INFO	2020-01-20 01:11:42	MarkDuplicates	Traversing fragment information and detecting duplicates.
INFO	2020-01-20 01:11:46	MarkDuplicates	Sorting list of duplicate records.
INFO	2020-01-20 01:11:48	MarkDuplicates	After generateDuplicateIndexes freeMemory: 20112038696; totalMemory: 27379892224; maxMemory: 28631367680
INFO	2020-01-20 01:11:48	MarkDuplicates	Marking 14862818 records as duplicates.
INFO	2020-01-20 01:11:48	MarkDuplicates	Found 285529 optical duplicate clusters.
INFO	2020-01-20 01:11:48	MarkDuplicates	Reads are assumed to be ordered by: coordinate
INFO	2020-01-20 01:14:28	MarkDuplicates	Written    10,000,000 records.  Elapsed time: 00:02:39s.  Time for last 10,000,000:  159s.  Last read position: 16:9,709,196
INFO	2020-01-20 01:18:09	MarkDuplicates	Written    20,000,000 records.  Elapsed time: 00:06:21s.  Time for last 10,000,000:  221s.  Last read position: 20:45,334,922
INFO	2020-01-20 01:22:01	MarkDuplicates	Written    30,000,000 records.  Elapsed time: 00:10:13s.  Time for last 10,000,000:  232s.  Last read position: 5:59,366,745
INFO	2020-01-20 01:26:09	MarkDuplicates	Written    40,000,000 records.  Elapsed time: 00:14:21s.  Time for last 10,000,000:  247s.  Last read position: 9:95,448,860
INFO	2020-01-20 01:27:27	MarkDuplicates	Writing complete. Closing input iterator.
INFO	2020-01-20 01:27:27	MarkDuplicates	Duplicate Index cleanup.
INFO	2020-01-20 01:27:27	MarkDuplicates	Getting Memory Stats.
INFO	2020-01-20 01:27:28	MarkDuplicates	Before output close freeMemory: 26890285792; totalMemory: 27096252416; maxMemory: 28631367680
INFO	2020-01-20 01:27:28	MarkDuplicates	Closed outputs. Getting more Memory Stats.
INFO	2020-01-20 01:27:28	MarkDuplicates	After output close freeMemory: 27172877024; totalMemory: 27378843648; maxMemory: 28631367680
[Mon Jan 20 01:27:28 UTC 2020] picard.sam.markduplicates.MarkDuplicates done. Elapsed time: 32.33 minutes.
Runtime.totalMemory()=27378843648
samtools depth: Could not read file "/scratch/gregg_thomas/Murinae-seq/Targets/tiles-rnor6-coords.bed": No such file or directory
