INFO	2020-01-19 21:51:56	MarkDuplicates	

********** NOTE: Picard's command line syntax is changing.
**********
********** For more information, please see:
********** https://github.com/broadinstitute/picard/wiki/Command-Line-Syntax-Transition-For-Users-(Pre-Transition)
**********
********** The command line looks like this in the new syntax:
**********
**********    MarkDuplicates -I /scratch/gregg_thomas/Murinae-seq/03B-MappedRat/Bulimus-bagobus/Bulimus-bagobus.sorted.bam -O /scratch/gregg_thomas/Murinae-seq/03B-MappedRat/Bulimus-bagobus/Bulimus-bagobus.sorted.mkdup.bam -M /scratch/gregg_thomas/Murinae-seq/03B-MappedRat/Bulimus-bagobus/Bulimus-bagobus-mkdup-metrics.txt
**********


21:51:56.825 INFO  NativeLibraryLoader - Loading libgkl_compression.so from jar:file:/home/gregg_thomas/bin/picard.jar!/com/intel/gkl/native/libgkl_compression.so
[Sun Jan 19 21:51:56 UTC 2020] MarkDuplicates INPUT=[/scratch/gregg_thomas/Murinae-seq/03B-MappedRat/Bulimus-bagobus/Bulimus-bagobus.sorted.bam] OUTPUT=/scratch/gregg_thomas/Murinae-seq/03B-MappedRat/Bulimus-bagobus/Bulimus-bagobus.sorted.mkdup.bam METRICS_FILE=/scratch/gregg_thomas/Murinae-seq/03B-MappedRat/Bulimus-bagobus/Bulimus-bagobus-mkdup-metrics.txt    MAX_SEQUENCES_FOR_DISK_READ_ENDS_MAP=50000 MAX_FILE_HANDLES_FOR_READ_ENDS_MAP=8000 SORTING_COLLECTION_SIZE_RATIO=0.25 TAG_DUPLICATE_SET_MEMBERS=false REMOVE_SEQUENCING_DUPLICATES=false TAGGING_POLICY=DontTag CLEAR_DT=true DUPLEX_UMI=false ADD_PG_TAG_TO_READS=true REMOVE_DUPLICATES=false ASSUME_SORTED=false DUPLICATE_SCORING_STRATEGY=SUM_OF_BASE_QUALITIES PROGRAM_RECORD_ID=MarkDuplicates PROGRAM_GROUP_NAME=MarkDuplicates READ_NAME_REGEX=<optimized capture of last three ':' separated fields as numeric values> OPTICAL_DUPLICATE_PIXEL_DISTANCE=100 MAX_OPTICAL_DUPLICATE_SET_SIZE=300000 VERBOSITY=INFO QUIET=false VALIDATION_STRINGENCY=STRICT COMPRESSION_LEVEL=5 MAX_RECORDS_IN_RAM=500000 CREATE_INDEX=false CREATE_MD5_FILE=false GA4GH_CLIENT_SECRETS=client_secrets.json USE_JDK_DEFLATER=false USE_JDK_INFLATER=false
[Sun Jan 19 21:51:56 UTC 2020] Executing as gregg_thomas@ecae4883a231 on Linux 4.4.0-104-generic amd64; Java HotSpot(TM) 64-Bit Server VM 1.8.0_221-b11; Deflater: Intel; Inflater: Intel; Provider GCS is not available; Picard version: 2.20.6-SNAPSHOT
INFO	2020-01-19 21:51:57	MarkDuplicates	Start of doWork freeMemory: 2037675496; totalMemory: 2058354688; maxMemory: 28631367680
INFO	2020-01-19 21:51:57	MarkDuplicates	Reading input file and constructing read end information.
INFO	2020-01-19 21:51:57	MarkDuplicates	Will retain up to 103736839 data points before spilling to disk.
INFO	2020-01-19 21:52:13	MarkDuplicates	Read     1,000,000 records.  Elapsed time: 00:00:15s.  Time for last 1,000,000:   15s.  Last read position: 10:55,362,040
INFO	2020-01-19 21:52:13	MarkDuplicates	Tracking 8620 as yet unmatched pairs. 481 records in RAM.
INFO	2020-01-19 21:52:24	MarkDuplicates	Read     2,000,000 records.  Elapsed time: 00:00:27s.  Time for last 1,000,000:   11s.  Last read position: 10:85,632,971
INFO	2020-01-19 21:52:24	MarkDuplicates	Tracking 17071 as yet unmatched pairs. 797 records in RAM.
INFO	2020-01-19 21:52:35	MarkDuplicates	Read     3,000,000 records.  Elapsed time: 00:00:37s.  Time for last 1,000,000:   10s.  Last read position: 11:31,852,372
INFO	2020-01-19 21:52:35	MarkDuplicates	Tracking 24792 as yet unmatched pairs. 679 records in RAM.
INFO	2020-01-19 21:53:10	MarkDuplicates	Read     4,000,000 records.  Elapsed time: 00:01:12s.  Time for last 1,000,000:   34s.  Last read position: 12:9,694,054
INFO	2020-01-19 21:53:10	MarkDuplicates	Tracking 33948 as yet unmatched pairs. 786 records in RAM.
INFO	2020-01-19 21:53:21	MarkDuplicates	Read     5,000,000 records.  Elapsed time: 00:01:23s.  Time for last 1,000,000:   10s.  Last read position: 13:48,843,138
INFO	2020-01-19 21:53:21	MarkDuplicates	Tracking 44404 as yet unmatched pairs. 1185 records in RAM.
INFO	2020-01-19 21:53:37	MarkDuplicates	Read     6,000,000 records.  Elapsed time: 00:01:39s.  Time for last 1,000,000:   16s.  Last read position: 14:1,590,533
INFO	2020-01-19 21:53:37	MarkDuplicates	Tracking 51229 as yet unmatched pairs. 2511 records in RAM.
INFO	2020-01-19 21:53:46	MarkDuplicates	Read     7,000,000 records.  Elapsed time: 00:01:48s.  Time for last 1,000,000:    9s.  Last read position: 14:77,590,582
INFO	2020-01-19 21:53:46	MarkDuplicates	Tracking 57630 as yet unmatched pairs. 1203 records in RAM.
INFO	2020-01-19 21:54:59	MarkDuplicates	Read     8,000,000 records.  Elapsed time: 00:03:01s.  Time for last 1,000,000:   73s.  Last read position: 15:30,323,616
INFO	2020-01-19 21:54:59	MarkDuplicates	Tracking 63696 as yet unmatched pairs. 1975 records in RAM.
INFO	2020-01-19 21:55:04	MarkDuplicates	Read     9,000,000 records.  Elapsed time: 00:03:07s.  Time for last 1,000,000:    5s.  Last read position: 16:10,698,525
INFO	2020-01-19 21:55:04	MarkDuplicates	Tracking 70607 as yet unmatched pairs. 2068 records in RAM.
INFO	2020-01-19 21:55:12	MarkDuplicates	Read    10,000,000 records.  Elapsed time: 00:03:14s.  Time for last 1,000,000:    7s.  Last read position: 17:15,656,615
INFO	2020-01-19 21:55:12	MarkDuplicates	Tracking 76771 as yet unmatched pairs. 2319 records in RAM.
INFO	2020-01-19 21:55:52	MarkDuplicates	Read    11,000,000 records.  Elapsed time: 00:03:54s.  Time for last 1,000,000:   39s.  Last read position: 18:6,150,340
INFO	2020-01-19 21:55:52	MarkDuplicates	Tracking 81681 as yet unmatched pairs. 3215 records in RAM.
INFO	2020-01-19 21:56:06	MarkDuplicates	Read    12,000,000 records.  Elapsed time: 00:04:08s.  Time for last 1,000,000:   14s.  Last read position: 19:6,046,768
INFO	2020-01-19 21:56:06	MarkDuplicates	Tracking 85548 as yet unmatched pairs. 2592 records in RAM.
INFO	2020-01-19 21:56:16	MarkDuplicates	Read    13,000,000 records.  Elapsed time: 00:04:18s.  Time for last 1,000,000:    9s.  Last read position: 1:22,431,558
INFO	2020-01-19 21:56:16	MarkDuplicates	Tracking 89976 as yet unmatched pairs. 13371 records in RAM.
INFO	2020-01-19 21:59:27	MarkDuplicates	Read    14,000,000 records.  Elapsed time: 00:07:29s.  Time for last 1,000,000:  191s.  Last read position: 1:90,200,806
INFO	2020-01-19 21:59:27	MarkDuplicates	Tracking 93080 as yet unmatched pairs. 10703 records in RAM.
INFO	2020-01-19 21:59:41	MarkDuplicates	Read    15,000,000 records.  Elapsed time: 00:07:43s.  Time for last 1,000,000:   13s.  Last read position: 1:168,957,758
INFO	2020-01-19 21:59:41	MarkDuplicates	Tracking 94868 as yet unmatched pairs. 7117 records in RAM.
INFO	2020-01-19 21:59:55	MarkDuplicates	Read    16,000,000 records.  Elapsed time: 00:07:57s.  Time for last 1,000,000:   14s.  Last read position: 1:221,623,637
INFO	2020-01-19 21:59:55	MarkDuplicates	Tracking 96054 as yet unmatched pairs. 4122 records in RAM.
INFO	2020-01-19 22:00:11	MarkDuplicates	Read    17,000,000 records.  Elapsed time: 00:08:13s.  Time for last 1,000,000:   15s.  Last read position: 20:2,510,011
INFO	2020-01-19 22:00:11	MarkDuplicates	Tracking 97320 as yet unmatched pairs. 4664 records in RAM.
INFO	2020-01-19 22:01:56	MarkDuplicates	Read    18,000,000 records.  Elapsed time: 00:09:59s.  Time for last 1,000,000:  105s.  Last read position: 2:24,371,946
INFO	2020-01-19 22:01:56	MarkDuplicates	Tracking 97220 as yet unmatched pairs. 14061 records in RAM.
INFO	2020-01-19 22:02:07	MarkDuplicates	Read    19,000,000 records.  Elapsed time: 00:10:09s.  Time for last 1,000,000:   10s.  Last read position: 2:123,659,865
INFO	2020-01-19 22:02:07	MarkDuplicates	Tracking 97349 as yet unmatched pairs. 8935 records in RAM.
INFO	2020-01-19 22:02:19	MarkDuplicates	Read    20,000,000 records.  Elapsed time: 00:10:21s.  Time for last 1,000,000:   11s.  Last read position: 2:205,662,995
INFO	2020-01-19 22:02:19	MarkDuplicates	Tracking 96074 as yet unmatched pairs. 3815 records in RAM.
INFO	2020-01-19 22:02:58	MarkDuplicates	Read    21,000,000 records.  Elapsed time: 00:11:01s.  Time for last 1,000,000:   39s.  Last read position: 3:8,058,663
INFO	2020-01-19 22:02:58	MarkDuplicates	Tracking 95242 as yet unmatched pairs. 13691 records in RAM.
INFO	2020-01-19 22:03:03	MarkDuplicates	Read    22,000,000 records.  Elapsed time: 00:11:05s.  Time for last 1,000,000:    4s.  Last read position: 3:63,497,368
INFO	2020-01-19 22:03:03	MarkDuplicates	Tracking 93983 as yet unmatched pairs. 9843 records in RAM.
INFO	2020-01-19 22:03:10	MarkDuplicates	Read    23,000,000 records.  Elapsed time: 00:11:12s.  Time for last 1,000,000:    6s.  Last read position: 3:118,120,229
INFO	2020-01-19 22:03:10	MarkDuplicates	Tracking 92821 as yet unmatched pairs. 5745 records in RAM.
INFO	2020-01-19 22:03:19	MarkDuplicates	Read    24,000,000 records.  Elapsed time: 00:11:21s.  Time for last 1,000,000:    9s.  Last read position: 3:173,942,431
INFO	2020-01-19 22:03:19	MarkDuplicates	Tracking 90555 as yet unmatched pairs. 734 records in RAM.
INFO	2020-01-19 22:05:41	MarkDuplicates	Read    25,000,000 records.  Elapsed time: 00:13:44s.  Time for last 1,000,000:  142s.  Last read position: 4:68,557,357
INFO	2020-01-19 22:05:41	MarkDuplicates	Tracking 87863 as yet unmatched pairs. 8951 records in RAM.
INFO	2020-01-19 22:06:03	MarkDuplicates	Read    26,000,000 records.  Elapsed time: 00:14:06s.  Time for last 1,000,000:   22s.  Last read position: 4:152,112,061
INFO	2020-01-19 22:06:03	MarkDuplicates	Tracking 84964 as yet unmatched pairs. 3023 records in RAM.
INFO	2020-01-19 22:06:24	MarkDuplicates	Read    27,000,000 records.  Elapsed time: 00:14:26s.  Time for last 1,000,000:   20s.  Last read position: 5:43,741,289
INFO	2020-01-19 22:06:24	MarkDuplicates	Tracking 81645 as yet unmatched pairs. 14293 records in RAM.
INFO	2020-01-19 22:09:52	MarkDuplicates	Read    28,000,000 records.  Elapsed time: 00:17:54s.  Time for last 1,000,000:  208s.  Last read position: 5:122,690,955
INFO	2020-01-19 22:09:52	MarkDuplicates	Tracking 77714 as yet unmatched pairs. 7688 records in RAM.
INFO	2020-01-19 22:10:05	MarkDuplicates	Read    29,000,000 records.  Elapsed time: 00:18:07s.  Time for last 1,000,000:   13s.  Last read position: 5:165,014,209
INFO	2020-01-19 22:10:05	MarkDuplicates	Tracking 73276 as yet unmatched pairs. 1026 records in RAM.
INFO	2020-01-19 22:10:21	MarkDuplicates	Read    30,000,000 records.  Elapsed time: 00:18:23s.  Time for last 1,000,000:   15s.  Last read position: 6:73,360,404
INFO	2020-01-19 22:10:21	MarkDuplicates	Tracking 67947 as yet unmatched pairs. 8349 records in RAM.
INFO	2020-01-19 22:10:52	MarkDuplicates	Read    31,000,000 records.  Elapsed time: 00:18:54s.  Time for last 1,000,000:   30s.  Last read position: 7:2,340,543
INFO	2020-01-19 22:10:52	MarkDuplicates	Tracking 62014 as yet unmatched pairs. 16105 records in RAM.
INFO	2020-01-19 22:11:05	MarkDuplicates	Read    32,000,000 records.  Elapsed time: 00:19:07s.  Time for last 1,000,000:   13s.  Last read position: 7:78,290,929
INFO	2020-01-19 22:11:05	MarkDuplicates	Tracking 54838 as yet unmatched pairs. 7014 records in RAM.
INFO	2020-01-19 22:11:21	MarkDuplicates	Read    33,000,000 records.  Elapsed time: 00:19:24s.  Time for last 1,000,000:   16s.  Last read position: 8:7,241,674
INFO	2020-01-19 22:11:21	MarkDuplicates	Tracking 48531 as yet unmatched pairs. 14954 records in RAM.
INFO	2020-01-19 22:11:35	MarkDuplicates	Read    34,000,000 records.  Elapsed time: 00:19:38s.  Time for last 1,000,000:   14s.  Last read position: 8:77,237,271
INFO	2020-01-19 22:11:35	MarkDuplicates	Tracking 41633 as yet unmatched pairs. 7293 records in RAM.
INFO	2020-01-19 22:13:52	MarkDuplicates	Read    35,000,000 records.  Elapsed time: 00:21:54s.  Time for last 1,000,000:  136s.  Last read position: 9:9,962,469
INFO	2020-01-19 22:13:52	MarkDuplicates	Tracking 34300 as yet unmatched pairs. 13486 records in RAM.
INFO	2020-01-19 22:14:02	MarkDuplicates	Read    36,000,000 records.  Elapsed time: 00:22:04s.  Time for last 1,000,000:   10s.  Last read position: 9:81,410,653
INFO	2020-01-19 22:14:02	MarkDuplicates	Tracking 26332 as yet unmatched pairs. 5048 records in RAM.
INFO	2020-01-19 22:14:17	MarkDuplicates	Read    37,000,000 records.  Elapsed time: 00:22:19s.  Time for last 1,000,000:   14s.  Last read position: X:35,305,719
INFO	2020-01-19 22:14:17	MarkDuplicates	Tracking 17332 as yet unmatched pairs. 17150 records in RAM.
INFO	2020-01-19 22:14:48	MarkDuplicates	Read    38,000,000 records.  Elapsed time: 00:22:51s.  Time for last 1,000,000:   31s.  Last read position: X:122,249,755
INFO	2020-01-19 22:14:48	MarkDuplicates	Tracking 6491 as yet unmatched pairs. 6303 records in RAM.
INFO	2020-01-19 22:14:57	MarkDuplicates	Read 38477878 records. 0 pairs never matched.
INFO	2020-01-19 22:15:48	MarkDuplicates	After buildSortedReadEndLists freeMemory: 10165321800; totalMemory: 15189147648; maxMemory: 28631367680
INFO	2020-01-19 22:15:48	MarkDuplicates	Will retain up to 894730240 duplicate indices before spilling to disk.
INFO	2020-01-19 22:16:04	MarkDuplicates	Traversing read pair information and detecting duplicates.
INFO	2020-01-19 22:21:00	MarkDuplicates	Traversing fragment information and detecting duplicates.
INFO	2020-01-19 22:21:14	MarkDuplicates	Sorting list of duplicate records.
INFO	2020-01-19 22:21:18	MarkDuplicates	After generateDuplicateIndexes freeMemory: 18650734280; totalMemory: 25949110272; maxMemory: 28631367680
INFO	2020-01-19 22:21:18	MarkDuplicates	Marking 9966589 records as duplicates.
INFO	2020-01-19 22:21:18	MarkDuplicates	Found 13278 optical duplicate clusters.
INFO	2020-01-19 22:21:18	MarkDuplicates	Reads are assumed to be ordered by: coordinate
INFO	2020-01-19 22:27:06	MarkDuplicates	Written    10,000,000 records.  Elapsed time: 00:05:47s.  Time for last 10,000,000:  347s.  Last read position: 17:15,656,615
INFO	2020-01-19 22:32:08	MarkDuplicates	Written    20,000,000 records.  Elapsed time: 00:10:49s.  Time for last 10,000,000:  301s.  Last read position: 2:205,662,995
INFO	2020-01-19 22:37:19	MarkDuplicates	Written    30,000,000 records.  Elapsed time: 00:16:00s.  Time for last 10,000,000:  311s.  Last read position: 6:73,360,404
INFO	2020-01-19 22:40:36	MarkDuplicates	Writing complete. Closing input iterator.
INFO	2020-01-19 22:40:36	MarkDuplicates	Duplicate Index cleanup.
INFO	2020-01-19 22:40:36	MarkDuplicates	Getting Memory Stats.
INFO	2020-01-19 22:40:37	MarkDuplicates	Before output close freeMemory: 26358834104; totalMemory: 26557284352; maxMemory: 28631367680
INFO	2020-01-19 22:40:37	MarkDuplicates	Closed outputs. Getting more Memory Stats.
INFO	2020-01-19 22:40:37	MarkDuplicates	After output close freeMemory: 25932587960; totalMemory: 26131038208; maxMemory: 28631367680
[Sun Jan 19 22:40:37 UTC 2020] picard.sam.markduplicates.MarkDuplicates done. Elapsed time: 48.68 minutes.
Runtime.totalMemory()=26131038208
samtools depth: Could not read file "/scratch/gregg_thomas/Murinae-seq/Targets/tiles-rnor6-coords.bed": No such file or directory
