INFO	2020-01-20 02:05:56	MarkDuplicates	

********** NOTE: Picard's command line syntax is changing.
**********
********** For more information, please see:
********** https://github.com/broadinstitute/picard/wiki/Command-Line-Syntax-Transition-For-Users-(Pre-Transition)
**********
********** The command line looks like this in the new syntax:
**********
**********    MarkDuplicates -I /scratch/gregg_thomas/Murinae-seq/03B-MappedRat/Crunomys-sp./Crunomys-sp..sorted.bam -O /scratch/gregg_thomas/Murinae-seq/03B-MappedRat/Crunomys-sp./Crunomys-sp..sorted.mkdup.bam -M /scratch/gregg_thomas/Murinae-seq/03B-MappedRat/Crunomys-sp./Crunomys-sp.-mkdup-metrics.txt
**********


02:05:57.475 INFO  NativeLibraryLoader - Loading libgkl_compression.so from jar:file:/home/gregg_thomas/bin/picard.jar!/com/intel/gkl/native/libgkl_compression.so
[Mon Jan 20 02:05:57 UTC 2020] MarkDuplicates INPUT=[/scratch/gregg_thomas/Murinae-seq/03B-MappedRat/Crunomys-sp./Crunomys-sp..sorted.bam] OUTPUT=/scratch/gregg_thomas/Murinae-seq/03B-MappedRat/Crunomys-sp./Crunomys-sp..sorted.mkdup.bam METRICS_FILE=/scratch/gregg_thomas/Murinae-seq/03B-MappedRat/Crunomys-sp./Crunomys-sp.-mkdup-metrics.txt    MAX_SEQUENCES_FOR_DISK_READ_ENDS_MAP=50000 MAX_FILE_HANDLES_FOR_READ_ENDS_MAP=8000 SORTING_COLLECTION_SIZE_RATIO=0.25 TAG_DUPLICATE_SET_MEMBERS=false REMOVE_SEQUENCING_DUPLICATES=false TAGGING_POLICY=DontTag CLEAR_DT=true DUPLEX_UMI=false ADD_PG_TAG_TO_READS=true REMOVE_DUPLICATES=false ASSUME_SORTED=false DUPLICATE_SCORING_STRATEGY=SUM_OF_BASE_QUALITIES PROGRAM_RECORD_ID=MarkDuplicates PROGRAM_GROUP_NAME=MarkDuplicates READ_NAME_REGEX=<optimized capture of last three ':' separated fields as numeric values> OPTICAL_DUPLICATE_PIXEL_DISTANCE=100 MAX_OPTICAL_DUPLICATE_SET_SIZE=300000 VERBOSITY=INFO QUIET=false VALIDATION_STRINGENCY=STRICT COMPRESSION_LEVEL=5 MAX_RECORDS_IN_RAM=500000 CREATE_INDEX=false CREATE_MD5_FILE=false GA4GH_CLIENT_SECRETS=client_secrets.json USE_JDK_DEFLATER=false USE_JDK_INFLATER=false
[Mon Jan 20 02:05:57 UTC 2020] Executing as gregg_thomas@ecae4883a231 on Linux 4.4.0-104-generic amd64; Java HotSpot(TM) 64-Bit Server VM 1.8.0_221-b11; Deflater: Intel; Inflater: Intel; Provider GCS is not available; Picard version: 2.20.6-SNAPSHOT
INFO	2020-01-20 02:05:58	MarkDuplicates	Start of doWork freeMemory: 2037674952; totalMemory: 2058354688; maxMemory: 28631367680
INFO	2020-01-20 02:05:58	MarkDuplicates	Reading input file and constructing read end information.
INFO	2020-01-20 02:05:58	MarkDuplicates	Will retain up to 103736839 data points before spilling to disk.
INFO	2020-01-20 02:06:18	MarkDuplicates	Read     1,000,000 records.  Elapsed time: 00:00:15s.  Time for last 1,000,000:   15s.  Last read position: 10:56,490,254
INFO	2020-01-20 02:06:18	MarkDuplicates	Tracking 47348 as yet unmatched pairs. 1544 records in RAM.
INFO	2020-01-20 02:06:28	MarkDuplicates	Read     2,000,000 records.  Elapsed time: 00:00:25s.  Time for last 1,000,000:   10s.  Last read position: 10:88,944,410
INFO	2020-01-20 02:06:28	MarkDuplicates	Tracking 80837 as yet unmatched pairs. 1190 records in RAM.
INFO	2020-01-20 02:06:37	MarkDuplicates	Read     3,000,000 records.  Elapsed time: 00:00:34s.  Time for last 1,000,000:    8s.  Last read position: 11:53,203,203
INFO	2020-01-20 02:06:37	MarkDuplicates	Tracking 127965 as yet unmatched pairs. 2697 records in RAM.
INFO	2020-01-20 02:06:49	MarkDuplicates	Read     4,000,000 records.  Elapsed time: 00:00:46s.  Time for last 1,000,000:   12s.  Last read position: 12:25,539,118
INFO	2020-01-20 02:06:49	MarkDuplicates	Tracking 182379 as yet unmatched pairs. 2654 records in RAM.
INFO	2020-01-20 02:07:10	MarkDuplicates	Read     5,000,000 records.  Elapsed time: 00:01:07s.  Time for last 1,000,000:   21s.  Last read position: 13:77,950,835
INFO	2020-01-20 02:07:10	MarkDuplicates	Tracking 232018 as yet unmatched pairs. 4218 records in RAM.
INFO	2020-01-20 02:07:18	MarkDuplicates	Read     6,000,000 records.  Elapsed time: 00:01:16s.  Time for last 1,000,000:    8s.  Last read position: 14:43,530,179
INFO	2020-01-20 02:07:18	MarkDuplicates	Tracking 274508 as yet unmatched pairs. 6950 records in RAM.
INFO	2020-01-20 02:07:58	MarkDuplicates	Read     7,000,000 records.  Elapsed time: 00:01:55s.  Time for last 1,000,000:   39s.  Last read position: 15:19,685,707
INFO	2020-01-20 02:07:58	MarkDuplicates	Tracking 314349 as yet unmatched pairs. 10509 records in RAM.
INFO	2020-01-20 02:08:05	MarkDuplicates	Read     8,000,000 records.  Elapsed time: 00:02:02s.  Time for last 1,000,000:    6s.  Last read position: 16:17,568,360
INFO	2020-01-20 02:08:05	MarkDuplicates	Tracking 356343 as yet unmatched pairs. 10369 records in RAM.
INFO	2020-01-20 02:08:48	MarkDuplicates	Read     9,000,000 records.  Elapsed time: 00:02:45s.  Time for last 1,000,000:   42s.  Last read position: 17:5,563,727
INFO	2020-01-20 02:08:48	MarkDuplicates	Tracking 388456 as yet unmatched pairs. 15580 records in RAM.
INFO	2020-01-20 02:08:54	MarkDuplicates	Read    10,000,000 records.  Elapsed time: 00:02:51s.  Time for last 1,000,000:    6s.  Last read position: 18:6,271,021
INFO	2020-01-20 02:08:54	MarkDuplicates	Tracking 418532 as yet unmatched pairs. 15489 records in RAM.
INFO	2020-01-20 02:09:04	MarkDuplicates	Read    11,000,000 records.  Elapsed time: 00:03:01s.  Time for last 1,000,000:    9s.  Last read position: 19:17,439,682
INFO	2020-01-20 02:09:04	MarkDuplicates	Tracking 443076 as yet unmatched pairs. 11962 records in RAM.
INFO	2020-01-20 02:10:02	MarkDuplicates	Read    12,000,000 records.  Elapsed time: 00:03:59s.  Time for last 1,000,000:   58s.  Last read position: 1:44,075,988
INFO	2020-01-20 02:10:02	MarkDuplicates	Tracking 463268 as yet unmatched pairs. 63622 records in RAM.
INFO	2020-01-20 02:10:12	MarkDuplicates	Read    13,000,000 records.  Elapsed time: 00:04:09s.  Time for last 1,000,000:   10s.  Last read position: 1:113,266,989
INFO	2020-01-20 02:10:12	MarkDuplicates	Tracking 474646 as yet unmatched pairs. 47918 records in RAM.
INFO	2020-01-20 02:10:24	MarkDuplicates	Read    14,000,000 records.  Elapsed time: 00:04:21s.  Time for last 1,000,000:   11s.  Last read position: 1:199,258,462
INFO	2020-01-20 02:10:24	MarkDuplicates	Tracking 488858 as yet unmatched pairs. 27463 records in RAM.
INFO	2020-01-20 02:11:33	MarkDuplicates	Read    15,000,000 records.  Elapsed time: 00:05:31s.  Time for last 1,000,000:   69s.  Last read position: 1:260,490,860
INFO	2020-01-20 02:11:33	MarkDuplicates	Tracking 496489 as yet unmatched pairs. 8745 records in RAM.
INFO	2020-01-20 02:11:53	MarkDuplicates	Read    16,000,000 records.  Elapsed time: 00:05:50s.  Time for last 1,000,000:   19s.  Last read position: 20:49,324,843
INFO	2020-01-20 02:11:53	MarkDuplicates	Tracking 501640 as yet unmatched pairs. 1486 records in RAM.
INFO	2020-01-20 02:12:21	MarkDuplicates	Read    17,000,000 records.  Elapsed time: 00:06:19s.  Time for last 1,000,000:   28s.  Last read position: 2:123,814,306
INFO	2020-01-20 02:12:21	MarkDuplicates	Tracking 504407 as yet unmatched pairs. 49153 records in RAM.
INFO	2020-01-20 02:12:52	MarkDuplicates	Read    18,000,000 records.  Elapsed time: 00:06:49s.  Time for last 1,000,000:   30s.  Last read position: 2:211,608,182
INFO	2020-01-20 02:12:52	MarkDuplicates	Tracking 500376 as yet unmatched pairs. 19931 records in RAM.
INFO	2020-01-20 02:13:21	MarkDuplicates	Read    19,000,000 records.  Elapsed time: 00:07:18s.  Time for last 1,000,000:   29s.  Last read position: 3:33,030,570
INFO	2020-01-20 02:13:21	MarkDuplicates	Tracking 493856 as yet unmatched pairs. 63748 records in RAM.
INFO	2020-01-20 02:13:36	MarkDuplicates	Read    20,000,000 records.  Elapsed time: 00:07:33s.  Time for last 1,000,000:   15s.  Last read position: 3:103,906,882
INFO	2020-01-20 02:13:36	MarkDuplicates	Tracking 486935 as yet unmatched pairs. 37298 records in RAM.
INFO	2020-01-20 02:13:45	MarkDuplicates	Read    21,000,000 records.  Elapsed time: 00:07:42s.  Time for last 1,000,000:    8s.  Last read position: 3:160,410,914
INFO	2020-01-20 02:13:45	MarkDuplicates	Tracking 474524 as yet unmatched pairs. 7728 records in RAM.
INFO	2020-01-20 02:14:01	MarkDuplicates	Read    22,000,000 records.  Elapsed time: 00:07:58s.  Time for last 1,000,000:   16s.  Last read position: 4:67,192,938
INFO	2020-01-20 02:14:01	MarkDuplicates	Tracking 456617 as yet unmatched pairs. 52939 records in RAM.
INFO	2020-01-20 02:14:20	MarkDuplicates	Read    23,000,000 records.  Elapsed time: 00:08:17s.  Time for last 1,000,000:   18s.  Last read position: 4:159,513,228
INFO	2020-01-20 02:14:20	MarkDuplicates	Tracking 437764 as yet unmatched pairs. 14218 records in RAM.
INFO	2020-01-20 02:14:47	MarkDuplicates	Read    24,000,000 records.  Elapsed time: 00:08:44s.  Time for last 1,000,000:   27s.  Last read position: 5:71,745,095
INFO	2020-01-20 02:14:47	MarkDuplicates	Tracking 411652 as yet unmatched pairs. 56746 records in RAM.
INFO	2020-01-20 02:14:54	MarkDuplicates	Read    25,000,000 records.  Elapsed time: 00:08:52s.  Time for last 1,000,000:    7s.  Last read position: 5:146,307,911
INFO	2020-01-20 02:14:54	MarkDuplicates	Tracking 389061 as yet unmatched pairs. 21423 records in RAM.
INFO	2020-01-20 02:16:13	MarkDuplicates	Read    26,000,000 records.  Elapsed time: 00:10:10s.  Time for last 1,000,000:   78s.  Last read position: 6:28,169,585
INFO	2020-01-20 02:16:13	MarkDuplicates	Tracking 363107 as yet unmatched pairs. 56143 records in RAM.
INFO	2020-01-20 02:16:20	MarkDuplicates	Read    27,000,000 records.  Elapsed time: 00:10:17s.  Time for last 1,000,000:    7s.  Last read position: 6:131,834,579
INFO	2020-01-20 02:16:20	MarkDuplicates	Tracking 327990 as yet unmatched pairs. 7946 records in RAM.
INFO	2020-01-20 02:16:45	MarkDuplicates	Read    28,000,000 records.  Elapsed time: 00:10:42s.  Time for last 1,000,000:   24s.  Last read position: 7:76,293,913
INFO	2020-01-20 02:16:45	MarkDuplicates	Tracking 288292 as yet unmatched pairs. 39711 records in RAM.
INFO	2020-01-20 02:17:18	MarkDuplicates	Read    29,000,000 records.  Elapsed time: 00:11:16s.  Time for last 1,000,000:   33s.  Last read position: 8:16,329,535
INFO	2020-01-20 02:17:18	MarkDuplicates	Tracking 249844 as yet unmatched pairs. 77490 records in RAM.
INFO	2020-01-20 02:17:25	MarkDuplicates	Read    30,000,000 records.  Elapsed time: 00:11:22s.  Time for last 1,000,000:    6s.  Last read position: 8:91,387,964
INFO	2020-01-20 02:17:25	MarkDuplicates	Tracking 204907 as yet unmatched pairs. 27258 records in RAM.
INFO	2020-01-20 02:17:59	MarkDuplicates	Read    31,000,000 records.  Elapsed time: 00:11:56s.  Time for last 1,000,000:   33s.  Last read position: 9:41,255,836
INFO	2020-01-20 02:17:59	MarkDuplicates	Tracking 159665 as yet unmatched pairs. 54747 records in RAM.
INFO	2020-01-20 02:18:09	MarkDuplicates	Read    32,000,000 records.  Elapsed time: 00:12:06s.  Time for last 1,000,000:   10s.  Last read position: MT:7,516
INFO	2020-01-20 02:18:09	MarkDuplicates	Tracking 108706 as yet unmatched pairs. 1069 records in RAM.
INFO	2020-01-20 02:18:36	MarkDuplicates	Read    33,000,000 records.  Elapsed time: 00:12:33s.  Time for last 1,000,000:   26s.  Last read position: X:106,558,404
INFO	2020-01-20 02:18:36	MarkDuplicates	Tracking 34709 as yet unmatched pairs. 33608 records in RAM.
INFO	2020-01-20 02:18:42	MarkDuplicates	Read 33527533 records. 0 pairs never matched.
INFO	2020-01-20 02:19:43	MarkDuplicates	After buildSortedReadEndLists freeMemory: 10745736152; totalMemory: 15208022016; maxMemory: 28631367680
INFO	2020-01-20 02:19:43	MarkDuplicates	Will retain up to 894730240 duplicate indices before spilling to disk.
INFO	2020-01-20 02:19:47	MarkDuplicates	Traversing read pair information and detecting duplicates.
INFO	2020-01-20 02:21:23	MarkDuplicates	Traversing fragment information and detecting duplicates.
INFO	2020-01-20 02:21:30	MarkDuplicates	Sorting list of duplicate records.
INFO	2020-01-20 02:21:32	MarkDuplicates	After generateDuplicateIndexes freeMemory: 19042200592; totalMemory: 26332889088; maxMemory: 28631367680
INFO	2020-01-20 02:21:32	MarkDuplicates	Marking 12932502 records as duplicates.
INFO	2020-01-20 02:21:32	MarkDuplicates	Found 255782 optical duplicate clusters.
INFO	2020-01-20 02:21:32	MarkDuplicates	Reads are assumed to be ordered by: coordinate
INFO	2020-01-20 02:25:35	MarkDuplicates	Written    10,000,000 records.  Elapsed time: 00:04:03s.  Time for last 10,000,000:  243s.  Last read position: 18:6,271,021
INFO	2020-01-20 02:30:57	MarkDuplicates	Written    20,000,000 records.  Elapsed time: 00:09:24s.  Time for last 10,000,000:  321s.  Last read position: 3:103,906,882
INFO	2020-01-20 02:34:35	MarkDuplicates	Written    30,000,000 records.  Elapsed time: 00:13:03s.  Time for last 10,000,000:  218s.  Last read position: 8:91,387,964
INFO	2020-01-20 02:36:05	MarkDuplicates	Writing complete. Closing input iterator.
INFO	2020-01-20 02:36:05	MarkDuplicates	Duplicate Index cleanup.
INFO	2020-01-20 02:36:05	MarkDuplicates	Getting Memory Stats.
INFO	2020-01-20 02:36:06	MarkDuplicates	Before output close freeMemory: 25796647656; totalMemory: 25999966208; maxMemory: 28631367680
INFO	2020-01-20 02:36:06	MarkDuplicates	Closed outputs. Getting more Memory Stats.
INFO	2020-01-20 02:36:06	MarkDuplicates	After output close freeMemory: 26152451368; totalMemory: 26355957760; maxMemory: 28631367680
[Mon Jan 20 02:36:06 UTC 2020] picard.sam.markduplicates.MarkDuplicates done. Elapsed time: 30.16 minutes.
Runtime.totalMemory()=26355957760
samtools depth: Could not read file "/scratch/gregg_thomas/Murinae-seq/Targets/tiles-rnor6-coords.bed": No such file or directory
