INFO	2020-01-19 23:47:40	MarkDuplicates	

********** NOTE: Picard's command line syntax is changing.
**********
********** For more information, please see:
********** https://github.com/broadinstitute/picard/wiki/Command-Line-Syntax-Transition-For-Users-(Pre-Transition)
**********
********** The command line looks like this in the new syntax:
**********
**********    MarkDuplicates -I /scratch/gregg_thomas/Murinae-seq/03B-MappedRat/Maxomys-musschenbroekii/Maxomys-musschenbroekii.sorted.bam -O /scratch/gregg_thomas/Murinae-seq/03B-MappedRat/Maxomys-musschenbroekii/Maxomys-musschenbroekii.sorted.mkdup.bam -M /scratch/gregg_thomas/Murinae-seq/03B-MappedRat/Maxomys-musschenbroekii/Maxomys-musschenbroekii-mkdup-metrics.txt
**********


23:47:41.229 INFO  NativeLibraryLoader - Loading libgkl_compression.so from jar:file:/home/gregg_thomas/bin/picard.jar!/com/intel/gkl/native/libgkl_compression.so
[Sun Jan 19 23:47:41 UTC 2020] MarkDuplicates INPUT=[/scratch/gregg_thomas/Murinae-seq/03B-MappedRat/Maxomys-musschenbroekii/Maxomys-musschenbroekii.sorted.bam] OUTPUT=/scratch/gregg_thomas/Murinae-seq/03B-MappedRat/Maxomys-musschenbroekii/Maxomys-musschenbroekii.sorted.mkdup.bam METRICS_FILE=/scratch/gregg_thomas/Murinae-seq/03B-MappedRat/Maxomys-musschenbroekii/Maxomys-musschenbroekii-mkdup-metrics.txt    MAX_SEQUENCES_FOR_DISK_READ_ENDS_MAP=50000 MAX_FILE_HANDLES_FOR_READ_ENDS_MAP=8000 SORTING_COLLECTION_SIZE_RATIO=0.25 TAG_DUPLICATE_SET_MEMBERS=false REMOVE_SEQUENCING_DUPLICATES=false TAGGING_POLICY=DontTag CLEAR_DT=true DUPLEX_UMI=false ADD_PG_TAG_TO_READS=true REMOVE_DUPLICATES=false ASSUME_SORTED=false DUPLICATE_SCORING_STRATEGY=SUM_OF_BASE_QUALITIES PROGRAM_RECORD_ID=MarkDuplicates PROGRAM_GROUP_NAME=MarkDuplicates READ_NAME_REGEX=<optimized capture of last three ':' separated fields as numeric values> OPTICAL_DUPLICATE_PIXEL_DISTANCE=100 MAX_OPTICAL_DUPLICATE_SET_SIZE=300000 VERBOSITY=INFO QUIET=false VALIDATION_STRINGENCY=STRICT COMPRESSION_LEVEL=5 MAX_RECORDS_IN_RAM=500000 CREATE_INDEX=false CREATE_MD5_FILE=false GA4GH_CLIENT_SECRETS=client_secrets.json USE_JDK_DEFLATER=false USE_JDK_INFLATER=false
[Sun Jan 19 23:47:41 UTC 2020] Executing as gregg_thomas@ecae4883a231 on Linux 4.4.0-104-generic amd64; Java HotSpot(TM) 64-Bit Server VM 1.8.0_221-b11; Deflater: Intel; Inflater: Intel; Provider GCS is not available; Picard version: 2.20.6-SNAPSHOT
INFO	2020-01-19 23:47:41	MarkDuplicates	Start of doWork freeMemory: 2037674632; totalMemory: 2058354688; maxMemory: 28631367680
INFO	2020-01-19 23:47:41	MarkDuplicates	Reading input file and constructing read end information.
INFO	2020-01-19 23:47:41	MarkDuplicates	Will retain up to 103736839 data points before spilling to disk.
INFO	2020-01-19 23:48:39	MarkDuplicates	Read     1,000,000 records.  Elapsed time: 00:00:42s.  Time for last 1,000,000:   42s.  Last read position: 10:67,475,982
INFO	2020-01-19 23:48:39	MarkDuplicates	Tracking 15414 as yet unmatched pairs. 517 records in RAM.
INFO	2020-01-19 23:49:08	MarkDuplicates	Read     2,000,000 records.  Elapsed time: 00:01:12s.  Time for last 1,000,000:   29s.  Last read position: 11:34,592,892
INFO	2020-01-19 23:49:08	MarkDuplicates	Tracking 30547 as yet unmatched pairs. 706 records in RAM.
INFO	2020-01-19 23:49:17	MarkDuplicates	Read     3,000,000 records.  Elapsed time: 00:01:21s.  Time for last 1,000,000:    8s.  Last read position: 12:39,699,014
INFO	2020-01-19 23:49:17	MarkDuplicates	Tracking 48771 as yet unmatched pairs. 346 records in RAM.
INFO	2020-01-19 23:50:11	MarkDuplicates	Read     4,000,000 records.  Elapsed time: 00:02:15s.  Time for last 1,000,000:   54s.  Last read position: 14:2,924,708
INFO	2020-01-19 23:50:11	MarkDuplicates	Tracking 65114 as yet unmatched pairs. 2734 records in RAM.
INFO	2020-01-19 23:50:24	MarkDuplicates	Read     5,000,000 records.  Elapsed time: 00:02:28s.  Time for last 1,000,000:   12s.  Last read position: 15:19,277,784
INFO	2020-01-19 23:50:24	MarkDuplicates	Tracking 79833 as yet unmatched pairs. 3070 records in RAM.
INFO	2020-01-19 23:50:46	MarkDuplicates	Read     6,000,000 records.  Elapsed time: 00:02:50s.  Time for last 1,000,000:   21s.  Last read position: 16:58,592,492
INFO	2020-01-19 23:50:46	MarkDuplicates	Tracking 92236 as yet unmatched pairs. 1107 records in RAM.
INFO	2020-01-19 23:51:24	MarkDuplicates	Read     7,000,000 records.  Elapsed time: 00:03:28s.  Time for last 1,000,000:   38s.  Last read position: 18:24,708,990
INFO	2020-01-19 23:51:24	MarkDuplicates	Tracking 103569 as yet unmatched pairs. 2946 records in RAM.
INFO	2020-01-19 23:52:27	MarkDuplicates	Read     8,000,000 records.  Elapsed time: 00:04:31s.  Time for last 1,000,000:   63s.  Last read position: 19:56,101,688
INFO	2020-01-19 23:52:27	MarkDuplicates	Tracking 111609 as yet unmatched pairs. 516 records in RAM.
INFO	2020-01-19 23:52:39	MarkDuplicates	Read     9,000,000 records.  Elapsed time: 00:04:43s.  Time for last 1,000,000:   11s.  Last read position: 1:94,502,484
INFO	2020-01-19 23:52:39	MarkDuplicates	Tracking 116705 as yet unmatched pairs. 13694 records in RAM.
INFO	2020-01-19 23:53:28	MarkDuplicates	Read    10,000,000 records.  Elapsed time: 00:05:32s.  Time for last 1,000,000:   49s.  Last read position: 1:203,160,907
INFO	2020-01-19 23:53:28	MarkDuplicates	Tracking 121267 as yet unmatched pairs. 7652 records in RAM.
INFO	2020-01-19 23:53:35	MarkDuplicates	Read    11,000,000 records.  Elapsed time: 00:05:38s.  Time for last 1,000,000:    6s.  Last read position: 20:4,893,103
INFO	2020-01-19 23:53:35	MarkDuplicates	Tracking 123023 as yet unmatched pairs. 5629 records in RAM.
INFO	2020-01-19 23:53:47	MarkDuplicates	Read    12,000,000 records.  Elapsed time: 00:05:51s.  Time for last 1,000,000:   12s.  Last read position: 2:113,984,768
INFO	2020-01-19 23:53:47	MarkDuplicates	Tracking 122462 as yet unmatched pairs. 12822 records in RAM.
INFO	2020-01-19 23:54:17	MarkDuplicates	Read    13,000,000 records.  Elapsed time: 00:06:21s.  Time for last 1,000,000:   29s.  Last read position: 2:237,831,638
INFO	2020-01-19 23:54:17	MarkDuplicates	Tracking 121413 as yet unmatched pairs. 2716 records in RAM.
INFO	2020-01-19 23:54:53	MarkDuplicates	Read    14,000,000 records.  Elapsed time: 00:06:57s.  Time for last 1,000,000:   36s.  Last read position: 3:73,308,783
INFO	2020-01-19 23:54:53	MarkDuplicates	Tracking 119238 as yet unmatched pairs. 12213 records in RAM.
INFO	2020-01-19 23:55:01	MarkDuplicates	Read    15,000,000 records.  Elapsed time: 00:07:05s.  Time for last 1,000,000:    8s.  Last read position: 3:163,631,372
INFO	2020-01-19 23:55:01	MarkDuplicates	Tracking 115082 as yet unmatched pairs. 1752 records in RAM.
INFO	2020-01-19 23:55:19	MarkDuplicates	Read    16,000,000 records.  Elapsed time: 00:07:22s.  Time for last 1,000,000:   17s.  Last read position: 4:118,243,333
INFO	2020-01-19 23:55:19	MarkDuplicates	Tracking 108211 as yet unmatched pairs. 8217 records in RAM.
INFO	2020-01-19 23:57:04	MarkDuplicates	Read    17,000,000 records.  Elapsed time: 00:09:08s.  Time for last 1,000,000:  105s.  Last read position: 5:58,871,151
INFO	2020-01-19 23:57:04	MarkDuplicates	Tracking 100119 as yet unmatched pairs. 15742 records in RAM.
INFO	2020-01-19 23:57:18	MarkDuplicates	Read    18,000,000 records.  Elapsed time: 00:09:22s.  Time for last 1,000,000:   14s.  Last read position: 5:154,214,888
INFO	2020-01-19 23:57:18	MarkDuplicates	Tracking 92384 as yet unmatched pairs. 3626 records in RAM.
INFO	2020-01-19 23:57:33	MarkDuplicates	Read    19,000,000 records.  Elapsed time: 00:09:37s.  Time for last 1,000,000:   14s.  Last read position: 6:109,093,915
INFO	2020-01-19 23:57:33	MarkDuplicates	Tracking 79943 as yet unmatched pairs. 4566 records in RAM.
INFO	2020-01-19 23:58:01	MarkDuplicates	Read    20,000,000 records.  Elapsed time: 00:10:05s.  Time for last 1,000,000:   28s.  Last read position: 7:87,543,291
INFO	2020-01-19 23:58:01	MarkDuplicates	Tracking 66924 as yet unmatched pairs. 9168 records in RAM.
INFO	2020-01-19 23:58:18	MarkDuplicates	Read    21,000,000 records.  Elapsed time: 00:10:22s.  Time for last 1,000,000:   16s.  Last read position: 8:58,933,176
INFO	2020-01-19 23:58:18	MarkDuplicates	Tracking 52613 as yet unmatched pairs. 12766 records in RAM.
INFO	2020-01-19 23:58:42	MarkDuplicates	Read    22,000,000 records.  Elapsed time: 00:10:46s.  Time for last 1,000,000:   23s.  Last read position: 9:18,610,919
INFO	2020-01-19 23:58:42	MarkDuplicates	Tracking 38728 as yet unmatched pairs. 16387 records in RAM.
INFO	2020-01-19 23:59:12	MarkDuplicates	Read    23,000,000 records.  Elapsed time: 00:11:16s.  Time for last 1,000,000:   29s.  Last read position: X:40,393,298
INFO	2020-01-19 23:59:12	MarkDuplicates	Tracking 17235 as yet unmatched pairs. 16865 records in RAM.
INFO	2020-01-19 23:59:15	MarkDuplicates	Read 23528040 records. 0 pairs never matched.
INFO	2020-01-20 00:00:09	MarkDuplicates	After buildSortedReadEndLists freeMemory: 10434572712; totalMemory: 13942390784; maxMemory: 28631367680
INFO	2020-01-20 00:00:09	MarkDuplicates	Will retain up to 894730240 duplicate indices before spilling to disk.
INFO	2020-01-20 00:00:13	MarkDuplicates	Traversing read pair information and detecting duplicates.
INFO	2020-01-20 00:02:39	MarkDuplicates	Traversing fragment information and detecting duplicates.
INFO	2020-01-20 00:02:41	MarkDuplicates	Sorting list of duplicate records.
INFO	2020-01-20 00:02:43	MarkDuplicates	After generateDuplicateIndexes freeMemory: 18107558704; totalMemory: 25387597824; maxMemory: 28631367680
INFO	2020-01-20 00:02:43	MarkDuplicates	Marking 7102298 records as duplicates.
INFO	2020-01-20 00:02:43	MarkDuplicates	Found 2759 optical duplicate clusters.
INFO	2020-01-20 00:02:43	MarkDuplicates	Reads are assumed to be ordered by: coordinate
INFO	2020-01-20 00:05:54	MarkDuplicates	Written    10,000,000 records.  Elapsed time: 00:03:11s.  Time for last 10,000,000:  191s.  Last read position: 1:203,160,907
INFO	2020-01-20 00:09:02	MarkDuplicates	Written    20,000,000 records.  Elapsed time: 00:06:19s.  Time for last 10,000,000:  187s.  Last read position: 7:87,543,291
INFO	2020-01-20 00:10:08	MarkDuplicates	Writing complete. Closing input iterator.
INFO	2020-01-20 00:10:08	MarkDuplicates	Duplicate Index cleanup.
INFO	2020-01-20 00:10:08	MarkDuplicates	Getting Memory Stats.
INFO	2020-01-20 00:10:09	MarkDuplicates	Before output close freeMemory: 24749872800; totalMemory: 24945098752; maxMemory: 28631367680
INFO	2020-01-20 00:10:09	MarkDuplicates	Closed outputs. Getting more Memory Stats.
INFO	2020-01-20 00:10:09	MarkDuplicates	After output close freeMemory: 25155147296; totalMemory: 25350373376; maxMemory: 28631367680
[Mon Jan 20 00:10:09 UTC 2020] picard.sam.markduplicates.MarkDuplicates done. Elapsed time: 22.47 minutes.
Runtime.totalMemory()=25350373376
samtools depth: Could not read file "/scratch/gregg_thomas/Murinae-seq/Targets/tiles-rnor6-coords.bed": No such file or directory
