INFO	2020-01-20 00:20:22	MarkDuplicates	

********** NOTE: Picard's command line syntax is changing.
**********
********** For more information, please see:
********** https://github.com/broadinstitute/picard/wiki/Command-Line-Syntax-Transition-For-Users-(Pre-Transition)
**********
********** The command line looks like this in the new syntax:
**********
**********    MarkDuplicates -I /scratch/gregg_thomas/Murinae-seq/03B-MappedRat/Mus-cervicolor/Mus-cervicolor.sorted.bam -O /scratch/gregg_thomas/Murinae-seq/03B-MappedRat/Mus-cervicolor/Mus-cervicolor.sorted.mkdup.bam -M /scratch/gregg_thomas/Murinae-seq/03B-MappedRat/Mus-cervicolor/Mus-cervicolor-mkdup-metrics.txt
**********


00:20:23.494 INFO  NativeLibraryLoader - Loading libgkl_compression.so from jar:file:/home/gregg_thomas/bin/picard.jar!/com/intel/gkl/native/libgkl_compression.so
[Mon Jan 20 00:20:23 UTC 2020] MarkDuplicates INPUT=[/scratch/gregg_thomas/Murinae-seq/03B-MappedRat/Mus-cervicolor/Mus-cervicolor.sorted.bam] OUTPUT=/scratch/gregg_thomas/Murinae-seq/03B-MappedRat/Mus-cervicolor/Mus-cervicolor.sorted.mkdup.bam METRICS_FILE=/scratch/gregg_thomas/Murinae-seq/03B-MappedRat/Mus-cervicolor/Mus-cervicolor-mkdup-metrics.txt    MAX_SEQUENCES_FOR_DISK_READ_ENDS_MAP=50000 MAX_FILE_HANDLES_FOR_READ_ENDS_MAP=8000 SORTING_COLLECTION_SIZE_RATIO=0.25 TAG_DUPLICATE_SET_MEMBERS=false REMOVE_SEQUENCING_DUPLICATES=false TAGGING_POLICY=DontTag CLEAR_DT=true DUPLEX_UMI=false ADD_PG_TAG_TO_READS=true REMOVE_DUPLICATES=false ASSUME_SORTED=false DUPLICATE_SCORING_STRATEGY=SUM_OF_BASE_QUALITIES PROGRAM_RECORD_ID=MarkDuplicates PROGRAM_GROUP_NAME=MarkDuplicates READ_NAME_REGEX=<optimized capture of last three ':' separated fields as numeric values> OPTICAL_DUPLICATE_PIXEL_DISTANCE=100 MAX_OPTICAL_DUPLICATE_SET_SIZE=300000 VERBOSITY=INFO QUIET=false VALIDATION_STRINGENCY=STRICT COMPRESSION_LEVEL=5 MAX_RECORDS_IN_RAM=500000 CREATE_INDEX=false CREATE_MD5_FILE=false GA4GH_CLIENT_SECRETS=client_secrets.json USE_JDK_DEFLATER=false USE_JDK_INFLATER=false
[Mon Jan 20 00:20:23 UTC 2020] Executing as gregg_thomas@ecae4883a231 on Linux 4.4.0-104-generic amd64; Java HotSpot(TM) 64-Bit Server VM 1.8.0_221-b11; Deflater: Intel; Inflater: Intel; Provider GCS is not available; Picard version: 2.20.6-SNAPSHOT
INFO	2020-01-20 00:20:24	MarkDuplicates	Start of doWork freeMemory: 2037675344; totalMemory: 2058354688; maxMemory: 28631367680
INFO	2020-01-20 00:20:24	MarkDuplicates	Reading input file and constructing read end information.
INFO	2020-01-20 00:20:24	MarkDuplicates	Will retain up to 103736839 data points before spilling to disk.
INFO	2020-01-20 00:21:29	MarkDuplicates	Read     1,000,000 records.  Elapsed time: 00:00:42s.  Time for last 1,000,000:   42s.  Last read position: 10:39,862,074
INFO	2020-01-20 00:21:29	MarkDuplicates	Tracking 21852 as yet unmatched pairs. 1087 records in RAM.
INFO	2020-01-20 00:22:06	MarkDuplicates	Read     2,000,000 records.  Elapsed time: 00:01:19s.  Time for last 1,000,000:   36s.  Last read position: 10:61,698,532
INFO	2020-01-20 00:22:06	MarkDuplicates	Tracking 36962 as yet unmatched pairs. 1473 records in RAM.
INFO	2020-01-20 00:22:38	MarkDuplicates	Read     3,000,000 records.  Elapsed time: 00:01:51s.  Time for last 1,000,000:   32s.  Last read position: 10:85,882,954
INFO	2020-01-20 00:22:38	MarkDuplicates	Tracking 55480 as yet unmatched pairs. 1385 records in RAM.
INFO	2020-01-20 00:23:37	MarkDuplicates	Read     4,000,000 records.  Elapsed time: 00:02:51s.  Time for last 1,000,000:   59s.  Last read position: 10:105,397,335
INFO	2020-01-20 00:23:37	MarkDuplicates	Tracking 73326 as yet unmatched pairs. 1087 records in RAM.
INFO	2020-01-20 00:23:57	MarkDuplicates	Read     5,000,000 records.  Elapsed time: 00:03:10s.  Time for last 1,000,000:   19s.  Last read position: 11:61,653,037
INFO	2020-01-20 00:23:57	MarkDuplicates	Tracking 94951 as yet unmatched pairs. 1435 records in RAM.
INFO	2020-01-20 00:24:17	MarkDuplicates	Read     6,000,000 records.  Elapsed time: 00:03:30s.  Time for last 1,000,000:   20s.  Last read position: 12:10,906,432
INFO	2020-01-20 00:24:17	MarkDuplicates	Tracking 115269 as yet unmatched pairs. 3718 records in RAM.
INFO	2020-01-20 00:24:33	MarkDuplicates	Read     7,000,000 records.  Elapsed time: 00:03:47s.  Time for last 1,000,000:   16s.  Last read position: 12:41,627,725
INFO	2020-01-20 00:24:33	MarkDuplicates	Tracking 135566 as yet unmatched pairs. 1273 records in RAM.
INFO	2020-01-20 00:25:14	MarkDuplicates	Read     8,000,000 records.  Elapsed time: 00:04:27s.  Time for last 1,000,000:   40s.  Last read position: 13:69,889,414
INFO	2020-01-20 00:25:14	MarkDuplicates	Tracking 158177 as yet unmatched pairs. 3044 records in RAM.
INFO	2020-01-20 00:25:25	MarkDuplicates	Read     9,000,000 records.  Elapsed time: 00:04:39s.  Time for last 1,000,000:   11s.  Last read position: 14:2,680,270
INFO	2020-01-20 00:25:25	MarkDuplicates	Tracking 175585 as yet unmatched pairs. 7831 records in RAM.
INFO	2020-01-20 00:26:17	MarkDuplicates	Read    10,000,000 records.  Elapsed time: 00:05:30s.  Time for last 1,000,000:   51s.  Last read position: 14:73,760,647
INFO	2020-01-20 00:26:17	MarkDuplicates	Tracking 194542 as yet unmatched pairs. 3927 records in RAM.
INFO	2020-01-20 00:26:27	MarkDuplicates	Read    11,000,000 records.  Elapsed time: 00:05:40s.  Time for last 1,000,000:    9s.  Last read position: 15:10,406,168
INFO	2020-01-20 00:26:27	MarkDuplicates	Tracking 210748 as yet unmatched pairs. 7496 records in RAM.
INFO	2020-01-20 00:26:35	MarkDuplicates	Read    12,000,000 records.  Elapsed time: 00:05:48s.  Time for last 1,000,000:    8s.  Last read position: 15:59,213,543
INFO	2020-01-20 00:26:35	MarkDuplicates	Tracking 224186 as yet unmatched pairs. 2806 records in RAM.
INFO	2020-01-20 00:26:48	MarkDuplicates	Read    13,000,000 records.  Elapsed time: 00:06:02s.  Time for last 1,000,000:   13s.  Last read position: 16:37,868,618
INFO	2020-01-20 00:26:48	MarkDuplicates	Tracking 240092 as yet unmatched pairs. 5080 records in RAM.
INFO	2020-01-20 00:27:29	MarkDuplicates	Read    14,000,000 records.  Elapsed time: 00:06:42s.  Time for last 1,000,000:   40s.  Last read position: 17:10,622,673
INFO	2020-01-20 00:27:29	MarkDuplicates	Tracking 253583 as yet unmatched pairs. 8992 records in RAM.
INFO	2020-01-20 00:27:36	MarkDuplicates	Read    15,000,000 records.  Elapsed time: 00:06:49s.  Time for last 1,000,000:    7s.  Last read position: 17:80,704,041
INFO	2020-01-20 00:27:36	MarkDuplicates	Tracking 267209 as yet unmatched pairs. 1341 records in RAM.
INFO	2020-01-20 00:27:48	MarkDuplicates	Read    16,000,000 records.  Elapsed time: 00:07:01s.  Time for last 1,000,000:   11s.  Last read position: 18:44,874,161
INFO	2020-01-20 00:27:48	MarkDuplicates	Tracking 275247 as yet unmatched pairs. 5063 records in RAM.
INFO	2020-01-20 00:28:48	MarkDuplicates	Read    17,000,000 records.  Elapsed time: 00:08:01s.  Time for last 1,000,000:   60s.  Last read position: 19:25,358,497
INFO	2020-01-20 00:28:48	MarkDuplicates	Tracking 285728 as yet unmatched pairs. 7164 records in RAM.
INFO	2020-01-20 00:29:03	MarkDuplicates	Read    18,000,000 records.  Elapsed time: 00:08:16s.  Time for last 1,000,000:   14s.  Last read position: 1:13,389,041
INFO	2020-01-20 00:29:03	MarkDuplicates	Tracking 294196 as yet unmatched pairs. 48862 records in RAM.
INFO	2020-01-20 00:29:12	MarkDuplicates	Read    19,000,000 records.  Elapsed time: 00:08:25s.  Time for last 1,000,000:    9s.  Last read position: 1:70,266,914
INFO	2020-01-20 00:29:12	MarkDuplicates	Tracking 302506 as yet unmatched pairs. 42098 records in RAM.
INFO	2020-01-20 00:29:34	MarkDuplicates	Read    20,000,000 records.  Elapsed time: 00:08:48s.  Time for last 1,000,000:   22s.  Last read position: 1:91,645,689
INFO	2020-01-20 00:29:34	MarkDuplicates	Tracking 306564 as yet unmatched pairs. 36213 records in RAM.
INFO	2020-01-20 00:29:45	MarkDuplicates	Read    21,000,000 records.  Elapsed time: 00:08:58s.  Time for last 1,000,000:   10s.  Last read position: 1:147,062,185
INFO	2020-01-20 00:29:45	MarkDuplicates	Tracking 311747 as yet unmatched pairs. 29441 records in RAM.
INFO	2020-01-20 00:29:55	MarkDuplicates	Read    22,000,000 records.  Elapsed time: 00:09:09s.  Time for last 1,000,000:   10s.  Last read position: 1:197,796,410
INFO	2020-01-20 00:29:55	MarkDuplicates	Tracking 314473 as yet unmatched pairs. 20731 records in RAM.
INFO	2020-01-20 00:30:17	MarkDuplicates	Read    23,000,000 records.  Elapsed time: 00:09:31s.  Time for last 1,000,000:   22s.  Last read position: 1:221,706,113
INFO	2020-01-20 00:30:17	MarkDuplicates	Tracking 316327 as yet unmatched pairs. 14281 records in RAM.
INFO	2020-01-20 00:30:32	MarkDuplicates	Read    24,000,000 records.  Elapsed time: 00:09:45s.  Time for last 1,000,000:   14s.  Last read position: 1:267,413,127
INFO	2020-01-20 00:30:32	MarkDuplicates	Tracking 320201 as yet unmatched pairs. 3943 records in RAM.
INFO	2020-01-20 00:30:46	MarkDuplicates	Read    25,000,000 records.  Elapsed time: 00:10:00s.  Time for last 1,000,000:   14s.  Last read position: 20:13,092,490
INFO	2020-01-20 00:30:46	MarkDuplicates	Tracking 320431 as yet unmatched pairs. 9097 records in RAM.
INFO	2020-01-20 00:31:37	MarkDuplicates	Read    26,000,000 records.  Elapsed time: 00:10:50s.  Time for last 1,000,000:   50s.  Last read position: 2:34,130,717
INFO	2020-01-20 00:31:37	MarkDuplicates	Tracking 321843 as yet unmatched pairs. 44431 records in RAM.
INFO	2020-01-20 00:31:47	MarkDuplicates	Read    27,000,000 records.  Elapsed time: 00:11:00s.  Time for last 1,000,000:   10s.  Last read position: 2:140,306,062
INFO	2020-01-20 00:31:47	MarkDuplicates	Tracking 321198 as yet unmatched pairs. 29647 records in RAM.
INFO	2020-01-20 00:31:54	MarkDuplicates	Read    28,000,000 records.  Elapsed time: 00:11:08s.  Time for last 1,000,000:    7s.  Last read position: 2:198,300,638
INFO	2020-01-20 00:31:54	MarkDuplicates	Tracking 318034 as yet unmatched pairs. 16655 records in RAM.
INFO	2020-01-20 00:32:59	MarkDuplicates	Read    29,000,000 records.  Elapsed time: 00:12:13s.  Time for last 1,000,000:   64s.  Last read position: 2:251,018,647
INFO	2020-01-20 00:32:59	MarkDuplicates	Tracking 315510 as yet unmatched pairs. 3857 records in RAM.
INFO	2020-01-20 00:33:18	MarkDuplicates	Read    30,000,000 records.  Elapsed time: 00:12:32s.  Time for last 1,000,000:   19s.  Last read position: 3:23,367,526
INFO	2020-01-20 00:33:18	MarkDuplicates	Tracking 312244 as yet unmatched pairs. 43478 records in RAM.
INFO	2020-01-20 00:33:35	MarkDuplicates	Read    31,000,000 records.  Elapsed time: 00:12:48s.  Time for last 1,000,000:   16s.  Last read position: 3:80,004,173
INFO	2020-01-20 00:33:35	MarkDuplicates	Tracking 308655 as yet unmatched pairs. 31896 records in RAM.
INFO	2020-01-20 00:33:50	MarkDuplicates	Read    32,000,000 records.  Elapsed time: 00:13:03s.  Time for last 1,000,000:   14s.  Last read position: 3:121,625,714
INFO	2020-01-20 00:33:50	MarkDuplicates	Tracking 303854 as yet unmatched pairs. 19942 records in RAM.
INFO	2020-01-20 00:34:00	MarkDuplicates	Read    33,000,000 records.  Elapsed time: 00:13:14s.  Time for last 1,000,000:   10s.  Last read position: 3:160,950,356
INFO	2020-01-20 00:34:00	MarkDuplicates	Tracking 299251 as yet unmatched pairs. 6934 records in RAM.
INFO	2020-01-20 00:34:23	MarkDuplicates	Read    34,000,000 records.  Elapsed time: 00:13:36s.  Time for last 1,000,000:   22s.  Last read position: 4:28,344,161
INFO	2020-01-20 00:34:23	MarkDuplicates	Tracking 292964 as yet unmatched pairs. 42453 records in RAM.
INFO	2020-01-20 00:34:44	MarkDuplicates	Read    35,000,000 records.  Elapsed time: 00:13:57s.  Time for last 1,000,000:   20s.  Last read position: 4:98,091,695
INFO	2020-01-20 00:34:44	MarkDuplicates	Tracking 286153 as yet unmatched pairs. 27370 records in RAM.
INFO	2020-01-20 00:34:51	MarkDuplicates	Read    36,000,000 records.  Elapsed time: 00:14:05s.  Time for last 1,000,000:    7s.  Last read position: 4:154,530,358
INFO	2020-01-20 00:34:51	MarkDuplicates	Tracking 277137 as yet unmatched pairs. 10799 records in RAM.
INFO	2020-01-20 00:35:16	MarkDuplicates	Read    37,000,000 records.  Elapsed time: 00:14:29s.  Time for last 1,000,000:   24s.  Last read position: 5:31,700,582
INFO	2020-01-20 00:35:16	MarkDuplicates	Tracking 267517 as yet unmatched pairs. 55897 records in RAM.
INFO	2020-01-20 00:35:41	MarkDuplicates	Read    38,000,000 records.  Elapsed time: 00:14:55s.  Time for last 1,000,000:   25s.  Last read position: 5:95,870,970
INFO	2020-01-20 00:35:41	MarkDuplicates	Tracking 257660 as yet unmatched pairs. 39196 records in RAM.
INFO	2020-01-20 00:35:56	MarkDuplicates	Read    39,000,000 records.  Elapsed time: 00:15:10s.  Time for last 1,000,000:   14s.  Last read position: 5:142,354,693
INFO	2020-01-20 00:35:56	MarkDuplicates	Tracking 246253 as yet unmatched pairs. 22757 records in RAM.
INFO	2020-01-20 00:36:17	MarkDuplicates	Read    40,000,000 records.  Elapsed time: 00:15:30s.  Time for last 1,000,000:   20s.  Last read position: 5:164,649,470
INFO	2020-01-20 00:36:17	MarkDuplicates	Tracking 234422 as yet unmatched pairs. 6120 records in RAM.
INFO	2020-01-20 00:36:41	MarkDuplicates	Read    41,000,000 records.  Elapsed time: 00:15:54s.  Time for last 1,000,000:   23s.  Last read position: 6:42,472,578
INFO	2020-01-20 00:36:41	MarkDuplicates	Tracking 220905 as yet unmatched pairs. 34040 records in RAM.
INFO	2020-01-20 00:38:48	MarkDuplicates	Read    42,000,000 records.  Elapsed time: 00:18:01s.  Time for last 1,000,000:  127s.  Last read position: 6:121,308,864
INFO	2020-01-20 00:38:48	MarkDuplicates	Tracking 202370 as yet unmatched pairs. 9631 records in RAM.
INFO	2020-01-20 00:39:12	MarkDuplicates	Read    43,000,000 records.  Elapsed time: 00:18:25s.  Time for last 1,000,000:   23s.  Last read position: 7:15,315,127
INFO	2020-01-20 00:39:12	MarkDuplicates	Tracking 189022 as yet unmatched pairs. 47654 records in RAM.
INFO	2020-01-20 00:39:20	MarkDuplicates	Read    44,000,000 records.  Elapsed time: 00:18:34s.  Time for last 1,000,000:    8s.  Last read position: 7:94,383,168
INFO	2020-01-20 00:39:20	MarkDuplicates	Tracking 170036 as yet unmatched pairs. 24893 records in RAM.
INFO	2020-01-20 00:39:40	MarkDuplicates	Read    45,000,000 records.  Elapsed time: 00:18:53s.  Time for last 1,000,000:   19s.  Last read position: 7:130,775,427
INFO	2020-01-20 00:39:40	MarkDuplicates	Tracking 156687 as yet unmatched pairs. 8590 records in RAM.
INFO	2020-01-20 00:39:59	MarkDuplicates	Read    46,000,000 records.  Elapsed time: 00:19:12s.  Time for last 1,000,000:   19s.  Last read position: 8:40,118,039
INFO	2020-01-20 00:39:59	MarkDuplicates	Tracking 138357 as yet unmatched pairs. 43527 records in RAM.
INFO	2020-01-20 00:40:10	MarkDuplicates	Read    47,000,000 records.  Elapsed time: 00:19:24s.  Time for last 1,000,000:   11s.  Last read position: 8:82,189,869
INFO	2020-01-20 00:40:10	MarkDuplicates	Tracking 120871 as yet unmatched pairs. 24101 records in RAM.
INFO	2020-01-20 00:40:31	MarkDuplicates	Read    48,000,000 records.  Elapsed time: 00:19:44s.  Time for last 1,000,000:   20s.  Last read position: 8:127,801,850
INFO	2020-01-20 00:40:31	MarkDuplicates	Tracking 102276 as yet unmatched pairs. 3796 records in RAM.
INFO	2020-01-20 00:40:54	MarkDuplicates	Read    49,000,000 records.  Elapsed time: 00:20:08s.  Time for last 1,000,000:   23s.  Last read position: 9:50,372,676
INFO	2020-01-20 00:40:54	MarkDuplicates	Tracking 81143 as yet unmatched pairs. 30987 records in RAM.
INFO	2020-01-20 00:41:03	MarkDuplicates	Read    50,000,000 records.  Elapsed time: 00:20:16s.  Time for last 1,000,000:    8s.  Last read position: 9:98,214,841
INFO	2020-01-20 00:41:03	MarkDuplicates	Tracking 61098 as yet unmatched pairs. 10027 records in RAM.
INFO	2020-01-20 00:41:34	MarkDuplicates	Read    51,000,000 records.  Elapsed time: 00:20:47s.  Time for last 1,000,000:   31s.  Last read position: X:43,183,401
INFO	2020-01-20 00:41:34	MarkDuplicates	Tracking 36814 as yet unmatched pairs. 35963 records in RAM.
INFO	2020-01-20 00:41:44	MarkDuplicates	Read    52,000,000 records.  Elapsed time: 00:20:58s.  Time for last 1,000,000:   10s.  Last read position: X:123,784,244
INFO	2020-01-20 00:41:44	MarkDuplicates	Tracking 11692 as yet unmatched pairs. 10836 records in RAM.
INFO	2020-01-20 00:41:52	MarkDuplicates	Read 52512684 records. 0 pairs never matched.
INFO	2020-01-20 00:42:56	MarkDuplicates	After buildSortedReadEndLists freeMemory: 10612110008; totalMemory: 17042505728; maxMemory: 28631367680
INFO	2020-01-20 00:42:56	MarkDuplicates	Will retain up to 894730240 duplicate indices before spilling to disk.
INFO	2020-01-20 00:43:00	MarkDuplicates	Traversing read pair information and detecting duplicates.
INFO	2020-01-20 00:46:35	MarkDuplicates	Traversing fragment information and detecting duplicates.
INFO	2020-01-20 00:46:49	MarkDuplicates	Sorting list of duplicate records.
INFO	2020-01-20 00:46:53	MarkDuplicates	After generateDuplicateIndexes freeMemory: 21400306344; totalMemory: 28695855104; maxMemory: 28695855104
INFO	2020-01-20 00:46:53	MarkDuplicates	Marking 7410995 records as duplicates.
INFO	2020-01-20 00:46:53	MarkDuplicates	Found 1667 optical duplicate clusters.
INFO	2020-01-20 00:46:53	MarkDuplicates	Reads are assumed to be ordered by: coordinate
INFO	2020-01-20 00:53:37	MarkDuplicates	Written    10,000,000 records.  Elapsed time: 00:06:44s.  Time for last 10,000,000:  404s.  Last read position: 14:73,760,647
INFO	2020-01-20 00:56:45	MarkDuplicates	Written    20,000,000 records.  Elapsed time: 00:09:51s.  Time for last 10,000,000:  187s.  Last read position: 1:91,645,689
INFO	2020-01-20 01:00:34	MarkDuplicates	Written    30,000,000 records.  Elapsed time: 00:13:41s.  Time for last 10,000,000:  229s.  Last read position: 3:23,367,526
INFO	2020-01-20 01:03:12	MarkDuplicates	Written    40,000,000 records.  Elapsed time: 00:16:18s.  Time for last 10,000,000:  157s.  Last read position: 5:164,649,470
INFO	2020-01-20 01:05:47	MarkDuplicates	Written    50,000,000 records.  Elapsed time: 00:18:53s.  Time for last 10,000,000:  155s.  Last read position: 9:98,214,841
INFO	2020-01-20 01:07:20	MarkDuplicates	Writing complete. Closing input iterator.
INFO	2020-01-20 01:07:20	MarkDuplicates	Duplicate Index cleanup.
INFO	2020-01-20 01:07:20	MarkDuplicates	Getting Memory Stats.
INFO	2020-01-20 01:07:20	MarkDuplicates	Before output close freeMemory: 28555245160; totalMemory: 28758769664; maxMemory: 28758769664
INFO	2020-01-20 01:07:20	MarkDuplicates	Closed outputs. Getting more Memory Stats.
INFO	2020-01-20 01:07:20	MarkDuplicates	After output close freeMemory: 28233856616; totalMemory: 28437381120; maxMemory: 28631367680
[Mon Jan 20 01:07:20 UTC 2020] picard.sam.markduplicates.MarkDuplicates done. Elapsed time: 46.96 minutes.
Runtime.totalMemory()=28437381120
samtools depth: Could not read file "/scratch/gregg_thomas/Murinae-seq/Targets/tiles-rnor6-coords.bed": No such file or directory
