INFO	2020-01-27 17:34:10	MarkDuplicates	

********** NOTE: Picard's command line syntax is changing.
**********
********** For more information, please see:
********** https://github.com/broadinstitute/picard/wiki/Command-Line-Syntax-Transition-For-Users-(Pre-Transition)
**********
********** The command line looks like this in the new syntax:
**********
**********    MarkDuplicates -I /scratch/gregg_thomas/Murinae-seq/03B-MappedRat/Pseudomys-nanus/Pseudomys-nanus.sorted.bam -O /scratch/gregg_thomas/Murinae-seq/03B-MappedRat/Pseudomys-nanus/Pseudomys-nanus.sorted.mkdup.bam -M /scratch/gregg_thomas/Murinae-seq/03B-MappedRat/Pseudomys-nanus/Pseudomys-nanus-mkdup-metrics.txt
**********


17:34:11.422 INFO  NativeLibraryLoader - Loading libgkl_compression.so from jar:file:/home/gregg_thomas/bin/picard.jar!/com/intel/gkl/native/libgkl_compression.so
[Mon Jan 27 17:34:11 UTC 2020] MarkDuplicates INPUT=[/scratch/gregg_thomas/Murinae-seq/03B-MappedRat/Pseudomys-nanus/Pseudomys-nanus.sorted.bam] OUTPUT=/scratch/gregg_thomas/Murinae-seq/03B-MappedRat/Pseudomys-nanus/Pseudomys-nanus.sorted.mkdup.bam METRICS_FILE=/scratch/gregg_thomas/Murinae-seq/03B-MappedRat/Pseudomys-nanus/Pseudomys-nanus-mkdup-metrics.txt    MAX_SEQUENCES_FOR_DISK_READ_ENDS_MAP=50000 MAX_FILE_HANDLES_FOR_READ_ENDS_MAP=8000 SORTING_COLLECTION_SIZE_RATIO=0.25 TAG_DUPLICATE_SET_MEMBERS=false REMOVE_SEQUENCING_DUPLICATES=false TAGGING_POLICY=DontTag CLEAR_DT=true DUPLEX_UMI=false ADD_PG_TAG_TO_READS=true REMOVE_DUPLICATES=false ASSUME_SORTED=false DUPLICATE_SCORING_STRATEGY=SUM_OF_BASE_QUALITIES PROGRAM_RECORD_ID=MarkDuplicates PROGRAM_GROUP_NAME=MarkDuplicates READ_NAME_REGEX=<optimized capture of last three ':' separated fields as numeric values> OPTICAL_DUPLICATE_PIXEL_DISTANCE=100 MAX_OPTICAL_DUPLICATE_SET_SIZE=300000 VERBOSITY=INFO QUIET=false VALIDATION_STRINGENCY=STRICT COMPRESSION_LEVEL=5 MAX_RECORDS_IN_RAM=500000 CREATE_INDEX=false CREATE_MD5_FILE=false GA4GH_CLIENT_SECRETS=client_secrets.json USE_JDK_DEFLATER=false USE_JDK_INFLATER=false
[Mon Jan 27 17:34:11 UTC 2020] Executing as gregg_thomas@ecae4883a231 on Linux 4.4.0-104-generic amd64; Java HotSpot(TM) 64-Bit Server VM 1.8.0_221-b11; Deflater: Intel; Inflater: Intel; Provider GCS is not available; Picard version: 2.20.6-SNAPSHOT
INFO	2020-01-27 17:34:12	MarkDuplicates	Start of doWork freeMemory: 2037676416; totalMemory: 2058354688; maxMemory: 28631367680
INFO	2020-01-27 17:34:12	MarkDuplicates	Reading input file and constructing read end information.
INFO	2020-01-27 17:34:12	MarkDuplicates	Will retain up to 103736839 data points before spilling to disk.
INFO	2020-01-27 17:35:04	MarkDuplicates	Read     1,000,000 records.  Elapsed time: 00:00:41s.  Time for last 1,000,000:   41s.  Last read position: 10:47,961,508
INFO	2020-01-27 17:35:04	MarkDuplicates	Tracking 55774 as yet unmatched pairs. 2413 records in RAM.
INFO	2020-01-27 17:35:31	MarkDuplicates	Read     2,000,000 records.  Elapsed time: 00:01:07s.  Time for last 1,000,000:   26s.  Last read position: 10:74,547,512
INFO	2020-01-27 17:35:31	MarkDuplicates	Tracking 92393 as yet unmatched pairs. 2481 records in RAM.
INFO	2020-01-27 17:35:42	MarkDuplicates	Read     3,000,000 records.  Elapsed time: 00:01:18s.  Time for last 1,000,000:   11s.  Last read position: 10:104,137,474
INFO	2020-01-27 17:35:42	MarkDuplicates	Tracking 133712 as yet unmatched pairs. 937 records in RAM.
INFO	2020-01-27 17:36:35	MarkDuplicates	Read     4,000,000 records.  Elapsed time: 00:02:11s.  Time for last 1,000,000:   52s.  Last read position: 11:70,337,664
INFO	2020-01-27 17:36:35	MarkDuplicates	Tracking 192448 as yet unmatched pairs. 2779 records in RAM.
INFO	2020-01-27 17:36:51	MarkDuplicates	Read     5,000,000 records.  Elapsed time: 00:02:27s.  Time for last 1,000,000:   15s.  Last read position: 12:24,337,156
INFO	2020-01-27 17:36:51	MarkDuplicates	Tracking 260875 as yet unmatched pairs. 5496 records in RAM.
INFO	2020-01-27 17:37:22	MarkDuplicates	Read     6,000,000 records.  Elapsed time: 00:02:58s.  Time for last 1,000,000:   31s.  Last read position: 13:52,413,011
INFO	2020-01-27 17:37:22	MarkDuplicates	Tracking 317051 as yet unmatched pairs. 8317 records in RAM.
INFO	2020-01-27 17:38:00	MarkDuplicates	Read     7,000,000 records.  Elapsed time: 00:03:36s.  Time for last 1,000,000:   37s.  Last read position: 14:3,223,058
INFO	2020-01-27 17:38:00	MarkDuplicates	Tracking 360742 as yet unmatched pairs. 14689 records in RAM.
INFO	2020-01-27 17:39:21	MarkDuplicates	Read     8,000,000 records.  Elapsed time: 00:04:57s.  Time for last 1,000,000:   81s.  Last read position: 14:83,769,539
INFO	2020-01-27 17:39:21	MarkDuplicates	Tracking 402095 as yet unmatched pairs. 4980 records in RAM.
INFO	2020-01-27 17:39:35	MarkDuplicates	Read     9,000,000 records.  Elapsed time: 00:05:12s.  Time for last 1,000,000:   14s.  Last read position: 15:34,164,050
INFO	2020-01-27 17:39:35	MarkDuplicates	Tracking 440394 as yet unmatched pairs. 11322 records in RAM.
INFO	2020-01-27 17:40:28	MarkDuplicates	Read    10,000,000 records.  Elapsed time: 00:06:04s.  Time for last 1,000,000:   52s.  Last read position: 16:19,064,422
INFO	2020-01-27 17:40:28	MarkDuplicates	Tracking 480786 as yet unmatched pairs. 13328 records in RAM.
INFO	2020-01-27 17:40:47	MarkDuplicates	Read    11,000,000 records.  Elapsed time: 00:06:24s.  Time for last 1,000,000:   19s.  Last read position: 17:13,393,096
INFO	2020-01-27 17:40:47	MarkDuplicates	Tracking 514272 as yet unmatched pairs. 17632 records in RAM.
INFO	2020-01-27 17:41:03	MarkDuplicates	Read    12,000,000 records.  Elapsed time: 00:06:40s.  Time for last 1,000,000:   15s.  Last read position: 18:4,103,303
INFO	2020-01-27 17:41:03	MarkDuplicates	Tracking 546551 as yet unmatched pairs. 20099 records in RAM.
INFO	2020-01-27 17:41:25	MarkDuplicates	Read    13,000,000 records.  Elapsed time: 00:07:01s.  Time for last 1,000,000:   21s.  Last read position: 18:86,117,531
INFO	2020-01-27 17:41:25	MarkDuplicates	Tracking 571426 as yet unmatched pairs. 500 records in RAM.
INFO	2020-01-27 17:41:57	MarkDuplicates	Read    14,000,000 records.  Elapsed time: 00:07:33s.  Time for last 1,000,000:   32s.  Last read position: 19:61,481,294
INFO	2020-01-27 17:41:57	MarkDuplicates	Tracking 592187 as yet unmatched pairs. 357 records in RAM.
INFO	2020-01-27 17:42:23	MarkDuplicates	Read    15,000,000 records.  Elapsed time: 00:07:59s.  Time for last 1,000,000:   25s.  Last read position: 1:78,011,300
INFO	2020-01-27 17:42:23	MarkDuplicates	Tracking 608374 as yet unmatched pairs. 88856 records in RAM.
INFO	2020-01-27 17:42:30	MarkDuplicates	Read    16,000,000 records.  Elapsed time: 00:08:06s.  Time for last 1,000,000:    7s.  Last read position: 1:128,576,356
INFO	2020-01-27 17:42:30	MarkDuplicates	Tracking 620414 as yet unmatched pairs. 70969 records in RAM.
INFO	2020-01-27 17:43:30	MarkDuplicates	Read    17,000,000 records.  Elapsed time: 00:09:07s.  Time for last 1,000,000:   60s.  Last read position: 1:192,916,160
INFO	2020-01-27 17:43:30	MarkDuplicates	Tracking 630227 as yet unmatched pairs. 40385 records in RAM.
INFO	2020-01-27 17:43:42	MarkDuplicates	Read    18,000,000 records.  Elapsed time: 00:09:18s.  Time for last 1,000,000:   11s.  Last read position: 1:226,903,578
INFO	2020-01-27 17:43:42	MarkDuplicates	Tracking 634677 as yet unmatched pairs. 23958 records in RAM.
INFO	2020-01-27 17:43:54	MarkDuplicates	Read    19,000,000 records.  Elapsed time: 00:09:30s.  Time for last 1,000,000:   11s.  Last read position: 20:4,696,595
INFO	2020-01-27 17:43:54	MarkDuplicates	Tracking 641068 as yet unmatched pairs. 27984 records in RAM.
INFO	2020-01-27 17:44:23	MarkDuplicates	Read    20,000,000 records.  Elapsed time: 00:10:00s.  Time for last 1,000,000:   29s.  Last read position: 2:27,013,841
INFO	2020-01-27 17:44:23	MarkDuplicates	Tracking 642315 as yet unmatched pairs. 87502 records in RAM.
INFO	2020-01-27 17:44:37	MarkDuplicates	Read    21,000,000 records.  Elapsed time: 00:10:13s.  Time for last 1,000,000:   13s.  Last read position: 2:142,461,133
INFO	2020-01-27 17:44:37	MarkDuplicates	Tracking 641795 as yet unmatched pairs. 51944 records in RAM.
INFO	2020-01-27 17:44:42	MarkDuplicates	Read    22,000,000 records.  Elapsed time: 00:10:18s.  Time for last 1,000,000:    4s.  Last read position: 2:210,439,478
INFO	2020-01-27 17:44:42	MarkDuplicates	Tracking 638569 as yet unmatched pairs. 23924 records in RAM.
INFO	2020-01-27 17:45:35	MarkDuplicates	Read    23,000,000 records.  Elapsed time: 00:11:11s.  Time for last 1,000,000:   53s.  Last read position: 3:11,429,861
INFO	2020-01-27 17:45:35	MarkDuplicates	Tracking 631578 as yet unmatched pairs. 90268 records in RAM.
INFO	2020-01-27 17:45:50	MarkDuplicates	Read    24,000,000 records.  Elapsed time: 00:11:26s.  Time for last 1,000,000:   14s.  Last read position: 3:72,473,287
INFO	2020-01-27 17:45:50	MarkDuplicates	Tracking 623389 as yet unmatched pairs. 63073 records in RAM.
INFO	2020-01-27 17:45:57	MarkDuplicates	Read    25,000,000 records.  Elapsed time: 00:11:33s.  Time for last 1,000,000:    7s.  Last read position: 3:125,735,912
INFO	2020-01-27 17:45:57	MarkDuplicates	Tracking 613485 as yet unmatched pairs. 33791 records in RAM.
INFO	2020-01-27 17:46:24	MarkDuplicates	Read    26,000,000 records.  Elapsed time: 00:12:00s.  Time for last 1,000,000:   27s.  Last read position: 3:177,516,446
INFO	2020-01-27 17:46:24	MarkDuplicates	Tracking 599689 as yet unmatched pairs. 135 records in RAM.
INFO	2020-01-27 17:47:46	MarkDuplicates	Read    27,000,000 records.  Elapsed time: 00:13:22s.  Time for last 1,000,000:   81s.  Last read position: 4:82,139,285
INFO	2020-01-27 17:47:46	MarkDuplicates	Tracking 581925 as yet unmatched pairs. 64047 records in RAM.
INFO	2020-01-27 17:48:23	MarkDuplicates	Read    28,000,000 records.  Elapsed time: 00:13:59s.  Time for last 1,000,000:   37s.  Last read position: 4:155,560,733
INFO	2020-01-27 17:48:23	MarkDuplicates	Tracking 558596 as yet unmatched pairs. 18753 records in RAM.
INFO	2020-01-27 17:50:14	MarkDuplicates	Read    29,000,000 records.  Elapsed time: 00:15:50s.  Time for last 1,000,000:  110s.  Last read position: 5:58,237,963
INFO	2020-01-27 17:50:14	MarkDuplicates	Tracking 531772 as yet unmatched pairs. 90113 records in RAM.
INFO	2020-01-27 17:50:31	MarkDuplicates	Read    30,000,000 records.  Elapsed time: 00:16:07s.  Time for last 1,000,000:   17s.  Last read position: 5:131,846,033
INFO	2020-01-27 17:50:31	MarkDuplicates	Tracking 505428 as yet unmatched pairs. 48922 records in RAM.
INFO	2020-01-27 17:50:36	MarkDuplicates	Read    31,000,000 records.  Elapsed time: 00:16:12s.  Time for last 1,000,000:    4s.  Last read position: 5:164,647,768
INFO	2020-01-27 17:50:36	MarkDuplicates	Tracking 479257 as yet unmatched pairs. 10388 records in RAM.
INFO	2020-01-27 17:51:37	MarkDuplicates	Read    32,000,000 records.  Elapsed time: 00:17:13s.  Time for last 1,000,000:   61s.  Last read position: 6:51,320,639
INFO	2020-01-27 17:51:37	MarkDuplicates	Tracking 444424 as yet unmatched pairs. 65233 records in RAM.
INFO	2020-01-27 17:51:42	MarkDuplicates	Read    33,000,000 records.  Elapsed time: 00:17:18s.  Time for last 1,000,000:    4s.  Last read position: 6:135,373,993
INFO	2020-01-27 17:51:42	MarkDuplicates	Tracking 400723 as yet unmatched pairs. 7036 records in RAM.
INFO	2020-01-27 17:52:41	MarkDuplicates	Read    34,000,000 records.  Elapsed time: 00:18:18s.  Time for last 1,000,000:   59s.  Last read position: 7:64,854,770
INFO	2020-01-27 17:52:41	MarkDuplicates	Tracking 360978 as yet unmatched pairs. 67310 records in RAM.
INFO	2020-01-27 17:52:46	MarkDuplicates	Read    35,000,000 records.  Elapsed time: 00:18:23s.  Time for last 1,000,000:    4s.  Last read position: 7:126,474,389
INFO	2020-01-27 17:52:46	MarkDuplicates	Tracking 321111 as yet unmatched pairs. 19790 records in RAM.
INFO	2020-01-27 17:54:14	MarkDuplicates	Read    36,000,000 records.  Elapsed time: 00:19:50s.  Time for last 1,000,000:   87s.  Last read position: 8:49,451,555
INFO	2020-01-27 17:54:14	MarkDuplicates	Tracking 277223 as yet unmatched pairs. 83345 records in RAM.
INFO	2020-01-27 17:54:23	MarkDuplicates	Read    37,000,000 records.  Elapsed time: 00:19:59s.  Time for last 1,000,000:    8s.  Last read position: 8:110,284,880
INFO	2020-01-27 17:54:23	MarkDuplicates	Tracking 226638 as yet unmatched pairs. 27698 records in RAM.
INFO	2020-01-27 17:55:13	MarkDuplicates	Read    38,000,000 records.  Elapsed time: 00:20:50s.  Time for last 1,000,000:   50s.  Last read position: 9:31,340,854
INFO	2020-01-27 17:55:13	MarkDuplicates	Tracking 178917 as yet unmatched pairs. 74379 records in RAM.
INFO	2020-01-27 17:55:37	MarkDuplicates	Read    39,000,000 records.  Elapsed time: 00:21:14s.  Time for last 1,000,000:   23s.  Last read position: 9:98,250,451
INFO	2020-01-27 17:55:37	MarkDuplicates	Tracking 125022 as yet unmatched pairs. 17723 records in RAM.
INFO	2020-01-27 17:56:17	MarkDuplicates	Read    40,000,000 records.  Elapsed time: 00:21:54s.  Time for last 1,000,000:   39s.  Last read position: X:106,781,968
INFO	2020-01-27 17:56:17	MarkDuplicates	Tracking 37430 as yet unmatched pairs. 35505 records in RAM.
INFO	2020-01-27 17:56:23	MarkDuplicates	Read 40487684 records. 0 pairs never matched.
INFO	2020-01-27 17:57:51	MarkDuplicates	After buildSortedReadEndLists freeMemory: 10301376632; totalMemory: 15383658496; maxMemory: 28631367680
INFO	2020-01-27 17:57:51	MarkDuplicates	Will retain up to 894730240 duplicate indices before spilling to disk.
INFO	2020-01-27 17:57:54	MarkDuplicates	Traversing read pair information and detecting duplicates.
INFO	2020-01-27 18:02:30	MarkDuplicates	Traversing fragment information and detecting duplicates.
INFO	2020-01-27 18:02:37	MarkDuplicates	Sorting list of duplicate records.
INFO	2020-01-27 18:02:44	MarkDuplicates	After generateDuplicateIndexes freeMemory: 19935643048; totalMemory: 27229945856; maxMemory: 28631367680
INFO	2020-01-27 18:02:44	MarkDuplicates	Marking 7431081 records as duplicates.
INFO	2020-01-27 18:02:44	MarkDuplicates	Found 1552 optical duplicate clusters.
INFO	2020-01-27 18:02:44	MarkDuplicates	Reads are assumed to be ordered by: coordinate
INFO	2020-01-27 18:06:04	MarkDuplicates	Written    10,000,000 records.  Elapsed time: 00:03:20s.  Time for last 10,000,000:  200s.  Last read position: 16:19,064,422
INFO	2020-01-27 18:08:15	MarkDuplicates	Written    20,000,000 records.  Elapsed time: 00:05:31s.  Time for last 10,000,000:  131s.  Last read position: 2:27,013,841
INFO	2020-01-27 18:11:17	MarkDuplicates	Written    30,000,000 records.  Elapsed time: 00:08:33s.  Time for last 10,000,000:  181s.  Last read position: 5:131,846,033
INFO	2020-01-27 18:14:16	MarkDuplicates	Written    40,000,000 records.  Elapsed time: 00:11:32s.  Time for last 10,000,000:  178s.  Last read position: X:106,781,968
INFO	2020-01-27 18:14:47	MarkDuplicates	Writing complete. Closing input iterator.
INFO	2020-01-27 18:14:47	MarkDuplicates	Duplicate Index cleanup.
INFO	2020-01-27 18:14:47	MarkDuplicates	Getting Memory Stats.
INFO	2020-01-27 18:14:48	MarkDuplicates	Before output close freeMemory: 26694025560; totalMemory: 26895974400; maxMemory: 28631367680
INFO	2020-01-27 18:14:48	MarkDuplicates	Closed outputs. Getting more Memory Stats.
INFO	2020-01-27 18:14:48	MarkDuplicates	After output close freeMemory: 27046705824; totalMemory: 27248820224; maxMemory: 28631367680
[Mon Jan 27 18:14:48 UTC 2020] picard.sam.markduplicates.MarkDuplicates done. Elapsed time: 40.62 minutes.
Runtime.totalMemory()=27248820224
samtools depth: Could not read file "/scratch/gregg_thomas/Murinae-seq/Targets/tiles-rnor6-coords.bed": No such file or directory
