INFO	2020-01-20 02:06:07	MarkDuplicates	

********** NOTE: Picard's command line syntax is changing.
**********
********** For more information, please see:
********** https://github.com/broadinstitute/picard/wiki/Command-Line-Syntax-Transition-For-Users-(Pre-Transition)
**********
********** The command line looks like this in the new syntax:
**********
**********    MarkDuplicates -I /scratch/gregg_thomas/Murinae-seq/03B-MappedRat/Saxatilomys-paulinae/Saxatilomys-paulinae.sorted.bam -O /scratch/gregg_thomas/Murinae-seq/03B-MappedRat/Saxatilomys-paulinae/Saxatilomys-paulinae.sorted.mkdup.bam -M /scratch/gregg_thomas/Murinae-seq/03B-MappedRat/Saxatilomys-paulinae/Saxatilomys-paulinae-mkdup-metrics.txt
**********


02:06:07.978 INFO  NativeLibraryLoader - Loading libgkl_compression.so from jar:file:/home/gregg_thomas/bin/picard.jar!/com/intel/gkl/native/libgkl_compression.so
[Mon Jan 20 02:06:08 UTC 2020] MarkDuplicates INPUT=[/scratch/gregg_thomas/Murinae-seq/03B-MappedRat/Saxatilomys-paulinae/Saxatilomys-paulinae.sorted.bam] OUTPUT=/scratch/gregg_thomas/Murinae-seq/03B-MappedRat/Saxatilomys-paulinae/Saxatilomys-paulinae.sorted.mkdup.bam METRICS_FILE=/scratch/gregg_thomas/Murinae-seq/03B-MappedRat/Saxatilomys-paulinae/Saxatilomys-paulinae-mkdup-metrics.txt    MAX_SEQUENCES_FOR_DISK_READ_ENDS_MAP=50000 MAX_FILE_HANDLES_FOR_READ_ENDS_MAP=8000 SORTING_COLLECTION_SIZE_RATIO=0.25 TAG_DUPLICATE_SET_MEMBERS=false REMOVE_SEQUENCING_DUPLICATES=false TAGGING_POLICY=DontTag CLEAR_DT=true DUPLEX_UMI=false ADD_PG_TAG_TO_READS=true REMOVE_DUPLICATES=false ASSUME_SORTED=false DUPLICATE_SCORING_STRATEGY=SUM_OF_BASE_QUALITIES PROGRAM_RECORD_ID=MarkDuplicates PROGRAM_GROUP_NAME=MarkDuplicates READ_NAME_REGEX=<optimized capture of last three ':' separated fields as numeric values> OPTICAL_DUPLICATE_PIXEL_DISTANCE=100 MAX_OPTICAL_DUPLICATE_SET_SIZE=300000 VERBOSITY=INFO QUIET=false VALIDATION_STRINGENCY=STRICT COMPRESSION_LEVEL=5 MAX_RECORDS_IN_RAM=500000 CREATE_INDEX=false CREATE_MD5_FILE=false GA4GH_CLIENT_SECRETS=client_secrets.json USE_JDK_DEFLATER=false USE_JDK_INFLATER=false
[Mon Jan 20 02:06:08 UTC 2020] Executing as gregg_thomas@ecae4883a231 on Linux 4.4.0-104-generic amd64; Java HotSpot(TM) 64-Bit Server VM 1.8.0_221-b11; Deflater: Intel; Inflater: Intel; Provider GCS is not available; Picard version: 2.20.6-SNAPSHOT
INFO	2020-01-20 02:06:08	MarkDuplicates	Start of doWork freeMemory: 2037675248; totalMemory: 2058354688; maxMemory: 28631367680
INFO	2020-01-20 02:06:08	MarkDuplicates	Reading input file and constructing read end information.
INFO	2020-01-20 02:06:08	MarkDuplicates	Will retain up to 103736839 data points before spilling to disk.
INFO	2020-01-20 02:06:28	MarkDuplicates	Read     1,000,000 records.  Elapsed time: 00:00:16s.  Time for last 1,000,000:   16s.  Last read position: 10:54,966,756
INFO	2020-01-20 02:06:28	MarkDuplicates	Tracking 29982 as yet unmatched pairs. 1074 records in RAM.
INFO	2020-01-20 02:06:37	MarkDuplicates	Read     2,000,000 records.  Elapsed time: 00:00:24s.  Time for last 1,000,000:    8s.  Last read position: 10:84,134,864
INFO	2020-01-20 02:06:37	MarkDuplicates	Tracking 54803 as yet unmatched pairs. 1001 records in RAM.
INFO	2020-01-20 02:06:49	MarkDuplicates	Read     3,000,000 records.  Elapsed time: 00:00:36s.  Time for last 1,000,000:   11s.  Last read position: 11:11,063,376
INFO	2020-01-20 02:06:49	MarkDuplicates	Tracking 76170 as yet unmatched pairs. 2424 records in RAM.
INFO	2020-01-20 02:07:09	MarkDuplicates	Read     4,000,000 records.  Elapsed time: 00:00:56s.  Time for last 1,000,000:   20s.  Last read position: 12:2,583,169
INFO	2020-01-20 02:07:09	MarkDuplicates	Tracking 109936 as yet unmatched pairs. 3363 records in RAM.
INFO	2020-01-20 02:07:21	MarkDuplicates	Read     5,000,000 records.  Elapsed time: 00:01:08s.  Time for last 1,000,000:   11s.  Last read position: 13:28,071,584
INFO	2020-01-20 02:07:21	MarkDuplicates	Tracking 141923 as yet unmatched pairs. 5487 records in RAM.
INFO	2020-01-20 02:07:36	MarkDuplicates	Read     6,000,000 records.  Elapsed time: 00:01:23s.  Time for last 1,000,000:   15s.  Last read position: 13:107,254,431
INFO	2020-01-20 02:07:36	MarkDuplicates	Tracking 174256 as yet unmatched pairs. 428 records in RAM.
INFO	2020-01-20 02:08:47	MarkDuplicates	Read     7,000,000 records.  Elapsed time: 00:02:34s.  Time for last 1,000,000:   70s.  Last read position: 14:81,116,986
INFO	2020-01-20 02:08:47	MarkDuplicates	Tracking 199867 as yet unmatched pairs. 3119 records in RAM.
INFO	2020-01-20 02:08:52	MarkDuplicates	Read     8,000,000 records.  Elapsed time: 00:02:39s.  Time for last 1,000,000:    5s.  Last read position: 15:36,690,459
INFO	2020-01-20 02:08:52	MarkDuplicates	Tracking 220727 as yet unmatched pairs. 6114 records in RAM.
INFO	2020-01-20 02:09:37	MarkDuplicates	Read     9,000,000 records.  Elapsed time: 00:03:24s.  Time for last 1,000,000:   44s.  Last read position: 16:32,518,062
INFO	2020-01-20 02:09:37	MarkDuplicates	Tracking 245200 as yet unmatched pairs. 5469 records in RAM.
INFO	2020-01-20 02:09:54	MarkDuplicates	Read    10,000,000 records.  Elapsed time: 00:03:41s.  Time for last 1,000,000:   17s.  Last read position: 17:45,302,787
INFO	2020-01-20 02:09:54	MarkDuplicates	Tracking 267841 as yet unmatched pairs. 5329 records in RAM.
INFO	2020-01-20 02:10:06	MarkDuplicates	Read    11,000,000 records.  Elapsed time: 00:03:53s.  Time for last 1,000,000:   11s.  Last read position: 18:37,652,618
INFO	2020-01-20 02:10:06	MarkDuplicates	Tracking 286442 as yet unmatched pairs. 6949 records in RAM.
INFO	2020-01-20 02:10:23	MarkDuplicates	Read    12,000,000 records.  Elapsed time: 00:04:10s.  Time for last 1,000,000:   16s.  Last read position: 19:40,300,583
INFO	2020-01-20 02:10:23	MarkDuplicates	Tracking 302999 as yet unmatched pairs. 3870 records in RAM.
INFO	2020-01-20 02:10:48	MarkDuplicates	Read    13,000,000 records.  Elapsed time: 00:04:35s.  Time for last 1,000,000:   25s.  Last read position: 1:65,546,322
INFO	2020-01-20 02:10:48	MarkDuplicates	Tracking 314039 as yet unmatched pairs. 41165 records in RAM.
INFO	2020-01-20 02:11:07	MarkDuplicates	Read    14,000,000 records.  Elapsed time: 00:04:54s.  Time for last 1,000,000:   18s.  Last read position: 1:125,664,666
INFO	2020-01-20 02:11:07	MarkDuplicates	Tracking 320551 as yet unmatched pairs. 31062 records in RAM.
INFO	2020-01-20 02:12:23	MarkDuplicates	Read    15,000,000 records.  Elapsed time: 00:06:10s.  Time for last 1,000,000:   76s.  Last read position: 1:198,997,658
INFO	2020-01-20 02:12:23	MarkDuplicates	Tracking 327419 as yet unmatched pairs. 19253 records in RAM.
INFO	2020-01-20 02:12:34	MarkDuplicates	Read    16,000,000 records.  Elapsed time: 00:06:21s.  Time for last 1,000,000:   10s.  Last read position: 1:255,060,330
INFO	2020-01-20 02:12:34	MarkDuplicates	Tracking 332141 as yet unmatched pairs. 7434 records in RAM.
INFO	2020-01-20 02:12:51	MarkDuplicates	Read    17,000,000 records.  Elapsed time: 00:06:38s.  Time for last 1,000,000:   17s.  Last read position: 20:28,058,610
INFO	2020-01-20 02:12:51	MarkDuplicates	Tracking 333205 as yet unmatched pairs. 6361 records in RAM.
INFO	2020-01-20 02:13:22	MarkDuplicates	Read    18,000,000 records.  Elapsed time: 00:07:10s.  Time for last 1,000,000:   31s.  Last read position: 2:95,018,002
INFO	2020-01-20 02:13:22	MarkDuplicates	Tracking 335007 as yet unmatched pairs. 37373 records in RAM.
INFO	2020-01-20 02:13:29	MarkDuplicates	Read    19,000,000 records.  Elapsed time: 00:07:16s.  Time for last 1,000,000:    6s.  Last read position: 2:197,683,243
INFO	2020-01-20 02:13:29	MarkDuplicates	Tracking 333979 as yet unmatched pairs. 18441 records in RAM.
INFO	2020-01-20 02:13:42	MarkDuplicates	Read    20,000,000 records.  Elapsed time: 00:07:29s.  Time for last 1,000,000:   12s.  Last read position: 3:3,866,450
INFO	2020-01-20 02:13:42	MarkDuplicates	Tracking 329632 as yet unmatched pairs. 47960 records in RAM.
INFO	2020-01-20 02:13:55	MarkDuplicates	Read    21,000,000 records.  Elapsed time: 00:07:43s.  Time for last 1,000,000:   13s.  Last read position: 3:63,575,806
INFO	2020-01-20 02:13:55	MarkDuplicates	Tracking 325672 as yet unmatched pairs. 33019 records in RAM.
INFO	2020-01-20 02:14:04	MarkDuplicates	Read    22,000,000 records.  Elapsed time: 00:07:51s.  Time for last 1,000,000:    8s.  Last read position: 3:123,407,943
INFO	2020-01-20 02:14:04	MarkDuplicates	Tracking 320724 as yet unmatched pairs. 17374 records in RAM.
INFO	2020-01-20 02:14:42	MarkDuplicates	Read    23,000,000 records.  Elapsed time: 00:08:29s.  Time for last 1,000,000:   38s.  Last read position: 4:7,035,526
INFO	2020-01-20 02:14:42	MarkDuplicates	Tracking 312562 as yet unmatched pairs. 51348 records in RAM.
INFO	2020-01-20 02:14:50	MarkDuplicates	Read    24,000,000 records.  Elapsed time: 00:08:37s.  Time for last 1,000,000:    7s.  Last read position: 4:98,041,929
INFO	2020-01-20 02:14:50	MarkDuplicates	Tracking 300843 as yet unmatched pairs. 27008 records in RAM.
INFO	2020-01-20 02:14:59	MarkDuplicates	Read    25,000,000 records.  Elapsed time: 00:08:46s.  Time for last 1,000,000:    8s.  Last read position: 4:180,860,149
INFO	2020-01-20 02:14:59	MarkDuplicates	Tracking 287564 as yet unmatched pairs. 1782 records in RAM.
INFO	2020-01-20 02:16:18	MarkDuplicates	Read    26,000,000 records.  Elapsed time: 00:10:05s.  Time for last 1,000,000:   79s.  Last read position: 5:84,904,108
INFO	2020-01-20 02:16:18	MarkDuplicates	Tracking 271072 as yet unmatched pairs. 34545 records in RAM.
INFO	2020-01-20 02:16:23	MarkDuplicates	Read    27,000,000 records.  Elapsed time: 00:10:10s.  Time for last 1,000,000:    5s.  Last read position: 5:148,791,307
INFO	2020-01-20 02:16:23	MarkDuplicates	Tracking 256470 as yet unmatched pairs. 12396 records in RAM.
INFO	2020-01-20 02:16:38	MarkDuplicates	Read    28,000,000 records.  Elapsed time: 00:10:25s.  Time for last 1,000,000:   14s.  Last read position: 6:30,628,615
INFO	2020-01-20 02:16:38	MarkDuplicates	Tracking 240336 as yet unmatched pairs. 40621 records in RAM.
INFO	2020-01-20 02:16:48	MarkDuplicates	Read    29,000,000 records.  Elapsed time: 00:10:35s.  Time for last 1,000,000:   10s.  Last read position: 6:128,868,982
INFO	2020-01-20 02:16:48	MarkDuplicates	Tracking 214858 as yet unmatched pairs. 6856 records in RAM.
INFO	2020-01-20 02:17:15	MarkDuplicates	Read    30,000,000 records.  Elapsed time: 00:11:02s.  Time for last 1,000,000:   27s.  Last read position: 7:70,744,299
INFO	2020-01-20 02:17:15	MarkDuplicates	Tracking 186654 as yet unmatched pairs. 32245 records in RAM.
INFO	2020-01-20 02:17:23	MarkDuplicates	Read    31,000,000 records.  Elapsed time: 00:11:10s.  Time for last 1,000,000:    8s.  Last read position: 7:142,347,615
INFO	2020-01-20 02:17:23	MarkDuplicates	Tracking 162143 as yet unmatched pairs. 2520 records in RAM.
INFO	2020-01-20 02:17:50	MarkDuplicates	Read    32,000,000 records.  Elapsed time: 00:11:37s.  Time for last 1,000,000:   26s.  Last read position: 8:70,532,720
INFO	2020-01-20 02:17:50	MarkDuplicates	Tracking 135132 as yet unmatched pairs. 28909 records in RAM.
INFO	2020-01-20 02:17:58	MarkDuplicates	Read    33,000,000 records.  Elapsed time: 00:11:45s.  Time for last 1,000,000:    7s.  Last read position: 8:132,656,849
INFO	2020-01-20 02:17:58	MarkDuplicates	Tracking 109921 as yet unmatched pairs. 642 records in RAM.
INFO	2020-01-20 02:18:20	MarkDuplicates	Read    34,000,000 records.  Elapsed time: 00:12:07s.  Time for last 1,000,000:   22s.  Last read position: 9:81,880,899
INFO	2020-01-20 02:18:20	MarkDuplicates	Tracking 78592 as yet unmatched pairs. 18510 records in RAM.
INFO	2020-01-20 02:18:37	MarkDuplicates	Read    35,000,000 records.  Elapsed time: 00:12:24s.  Time for last 1,000,000:   17s.  Last read position: X:82,225,182
INFO	2020-01-20 02:18:37	MarkDuplicates	Tracking 28425 as yet unmatched pairs. 27387 records in RAM.
INFO	2020-01-20 02:18:40	MarkDuplicates	Read 35456156 records. 0 pairs never matched.
INFO	2020-01-20 02:19:18	MarkDuplicates	After buildSortedReadEndLists freeMemory: 10561056768; totalMemory: 15280373760; maxMemory: 28631367680
INFO	2020-01-20 02:19:18	MarkDuplicates	Will retain up to 894730240 duplicate indices before spilling to disk.
INFO	2020-01-20 02:19:22	MarkDuplicates	Traversing read pair information and detecting duplicates.
INFO	2020-01-20 02:20:55	MarkDuplicates	Traversing fragment information and detecting duplicates.
INFO	2020-01-20 02:20:59	MarkDuplicates	Sorting list of duplicate records.
INFO	2020-01-20 02:21:03	MarkDuplicates	After generateDuplicateIndexes freeMemory: 19668964576; totalMemory: 26967277568; maxMemory: 28631367680
INFO	2020-01-20 02:21:03	MarkDuplicates	Marking 14434215 records as duplicates.
INFO	2020-01-20 02:21:03	MarkDuplicates	Found 256195 optical duplicate clusters.
INFO	2020-01-20 02:21:03	MarkDuplicates	Reads are assumed to be ordered by: coordinate
INFO	2020-01-20 02:24:56	MarkDuplicates	Written    10,000,000 records.  Elapsed time: 00:03:52s.  Time for last 10,000,000:  232s.  Last read position: 17:45,302,787
INFO	2020-01-20 02:30:36	MarkDuplicates	Written    20,000,000 records.  Elapsed time: 00:09:32s.  Time for last 10,000,000:  340s.  Last read position: 3:3,866,450
INFO	2020-01-20 02:34:49	MarkDuplicates	Written    30,000,000 records.  Elapsed time: 00:13:45s.  Time for last 10,000,000:  253s.  Last read position: 7:70,744,299
INFO	2020-01-20 02:36:48	MarkDuplicates	Writing complete. Closing input iterator.
INFO	2020-01-20 02:36:48	MarkDuplicates	Duplicate Index cleanup.
INFO	2020-01-20 02:36:48	MarkDuplicates	Getting Memory Stats.
INFO	2020-01-20 02:36:49	MarkDuplicates	Before output close freeMemory: 26471018920; totalMemory: 26676297728; maxMemory: 28631367680
INFO	2020-01-20 02:36:49	MarkDuplicates	Closed outputs. Getting more Memory Stats.
INFO	2020-01-20 02:36:49	MarkDuplicates	After output close freeMemory: 26784018856; totalMemory: 26989297664; maxMemory: 28631367680
[Mon Jan 20 02:36:49 UTC 2020] picard.sam.markduplicates.MarkDuplicates done. Elapsed time: 30.69 minutes.
Runtime.totalMemory()=26989297664
samtools depth: Could not read file "/scratch/gregg_thomas/Murinae-seq/Targets/tiles-rnor6-coords.bed": No such file or directory
