INFO	2020-01-19 22:50:42	MarkDuplicates	

********** NOTE: Picard's command line syntax is changing.
**********
********** For more information, please see:
********** https://github.com/broadinstitute/picard/wiki/Command-Line-Syntax-Transition-For-Users-(Pre-Transition)
**********
********** The command line looks like this in the new syntax:
**********
**********    MarkDuplicates -I /scratch/gregg_thomas/Murinae-seq/03B-MappedRat/Sommeromys-macrorhinos/Sommeromys-macrorhinos.sorted.bam -O /scratch/gregg_thomas/Murinae-seq/03B-MappedRat/Sommeromys-macrorhinos/Sommeromys-macrorhinos.sorted.mkdup.bam -M /scratch/gregg_thomas/Murinae-seq/03B-MappedRat/Sommeromys-macrorhinos/Sommeromys-macrorhinos-mkdup-metrics.txt
**********


22:50:43.425 INFO  NativeLibraryLoader - Loading libgkl_compression.so from jar:file:/home/gregg_thomas/bin/picard.jar!/com/intel/gkl/native/libgkl_compression.so
[Sun Jan 19 22:50:43 UTC 2020] MarkDuplicates INPUT=[/scratch/gregg_thomas/Murinae-seq/03B-MappedRat/Sommeromys-macrorhinos/Sommeromys-macrorhinos.sorted.bam] OUTPUT=/scratch/gregg_thomas/Murinae-seq/03B-MappedRat/Sommeromys-macrorhinos/Sommeromys-macrorhinos.sorted.mkdup.bam METRICS_FILE=/scratch/gregg_thomas/Murinae-seq/03B-MappedRat/Sommeromys-macrorhinos/Sommeromys-macrorhinos-mkdup-metrics.txt    MAX_SEQUENCES_FOR_DISK_READ_ENDS_MAP=50000 MAX_FILE_HANDLES_FOR_READ_ENDS_MAP=8000 SORTING_COLLECTION_SIZE_RATIO=0.25 TAG_DUPLICATE_SET_MEMBERS=false REMOVE_SEQUENCING_DUPLICATES=false TAGGING_POLICY=DontTag CLEAR_DT=true DUPLEX_UMI=false ADD_PG_TAG_TO_READS=true REMOVE_DUPLICATES=false ASSUME_SORTED=false DUPLICATE_SCORING_STRATEGY=SUM_OF_BASE_QUALITIES PROGRAM_RECORD_ID=MarkDuplicates PROGRAM_GROUP_NAME=MarkDuplicates READ_NAME_REGEX=<optimized capture of last three ':' separated fields as numeric values> OPTICAL_DUPLICATE_PIXEL_DISTANCE=100 MAX_OPTICAL_DUPLICATE_SET_SIZE=300000 VERBOSITY=INFO QUIET=false VALIDATION_STRINGENCY=STRICT COMPRESSION_LEVEL=5 MAX_RECORDS_IN_RAM=500000 CREATE_INDEX=false CREATE_MD5_FILE=false GA4GH_CLIENT_SECRETS=client_secrets.json USE_JDK_DEFLATER=false USE_JDK_INFLATER=false
[Sun Jan 19 22:50:43 UTC 2020] Executing as gregg_thomas@ecae4883a231 on Linux 4.4.0-104-generic amd64; Java HotSpot(TM) 64-Bit Server VM 1.8.0_221-b11; Deflater: Intel; Inflater: Intel; Provider GCS is not available; Picard version: 2.20.6-SNAPSHOT
INFO	2020-01-19 22:50:44	MarkDuplicates	Start of doWork freeMemory: 2037674368; totalMemory: 2058354688; maxMemory: 28631367680
INFO	2020-01-19 22:50:44	MarkDuplicates	Reading input file and constructing read end information.
INFO	2020-01-19 22:50:44	MarkDuplicates	Will retain up to 103736839 data points before spilling to disk.
INFO	2020-01-19 22:51:33	MarkDuplicates	Read     1,000,000 records.  Elapsed time: 00:00:34s.  Time for last 1,000,000:   34s.  Last read position: 10:57,162,823
INFO	2020-01-19 22:51:33	MarkDuplicates	Tracking 12185 as yet unmatched pairs. 483 records in RAM.
INFO	2020-01-19 22:52:05	MarkDuplicates	Read     2,000,000 records.  Elapsed time: 00:01:06s.  Time for last 1,000,000:   31s.  Last read position: 10:91,549,874
INFO	2020-01-19 22:52:05	MarkDuplicates	Tracking 23726 as yet unmatched pairs. 230 records in RAM.
INFO	2020-01-19 22:52:20	MarkDuplicates	Read     3,000,000 records.  Elapsed time: 00:01:21s.  Time for last 1,000,000:   15s.  Last read position: 11:66,630,441
INFO	2020-01-19 22:52:20	MarkDuplicates	Tracking 37290 as yet unmatched pairs. 402 records in RAM.
INFO	2020-01-19 22:52:54	MarkDuplicates	Read     4,000,000 records.  Elapsed time: 00:01:55s.  Time for last 1,000,000:   33s.  Last read position: 12:41,318,002
INFO	2020-01-19 22:52:54	MarkDuplicates	Tracking 51092 as yet unmatched pairs. 307 records in RAM.
INFO	2020-01-19 22:53:08	MarkDuplicates	Read     5,000,000 records.  Elapsed time: 00:02:09s.  Time for last 1,000,000:   14s.  Last read position: 13:92,042,279
INFO	2020-01-19 22:53:08	MarkDuplicates	Tracking 64159 as yet unmatched pairs. 711 records in RAM.
INFO	2020-01-19 22:53:25	MarkDuplicates	Read     6,000,000 records.  Elapsed time: 00:02:26s.  Time for last 1,000,000:   16s.  Last read position: 14:60,517,259
INFO	2020-01-19 22:53:25	MarkDuplicates	Tracking 75422 as yet unmatched pairs. 1704 records in RAM.
INFO	2020-01-19 22:53:35	MarkDuplicates	Read     7,000,000 records.  Elapsed time: 00:02:36s.  Time for last 1,000,000:    9s.  Last read position: 15:27,698,786
INFO	2020-01-19 22:53:35	MarkDuplicates	Tracking 86114 as yet unmatched pairs. 2782 records in RAM.
INFO	2020-01-19 22:54:46	MarkDuplicates	Read     8,000,000 records.  Elapsed time: 00:03:47s.  Time for last 1,000,000:   71s.  Last read position: 16:19,597,478
INFO	2020-01-19 22:54:46	MarkDuplicates	Tracking 96017 as yet unmatched pairs. 2426 records in RAM.
INFO	2020-01-19 22:54:55	MarkDuplicates	Read     9,000,000 records.  Elapsed time: 00:03:56s.  Time for last 1,000,000:    8s.  Last read position: 17:26,392,295
INFO	2020-01-19 22:54:55	MarkDuplicates	Tracking 105399 as yet unmatched pairs. 2859 records in RAM.
INFO	2020-01-19 22:55:05	MarkDuplicates	Read    10,000,000 records.  Elapsed time: 00:04:05s.  Time for last 1,000,000:    9s.  Last read position: 18:27,432,058
INFO	2020-01-19 22:55:05	MarkDuplicates	Tracking 113186 as yet unmatched pairs. 3248 records in RAM.
INFO	2020-01-19 22:56:05	MarkDuplicates	Read    11,000,000 records.  Elapsed time: 00:05:06s.  Time for last 1,000,000:   60s.  Last read position: 19:28,221,137
INFO	2020-01-19 22:56:05	MarkDuplicates	Tracking 119719 as yet unmatched pairs. 2437 records in RAM.
INFO	2020-01-19 22:56:20	MarkDuplicates	Read    12,000,000 records.  Elapsed time: 00:05:21s.  Time for last 1,000,000:   14s.  Last read position: 1:61,452,144
INFO	2020-01-19 22:56:20	MarkDuplicates	Tracking 124927 as yet unmatched pairs. 15531 records in RAM.
INFO	2020-01-19 22:56:33	MarkDuplicates	Read    13,000,000 records.  Elapsed time: 00:05:34s.  Time for last 1,000,000:   13s.  Last read position: 1:143,701,226
INFO	2020-01-19 22:56:33	MarkDuplicates	Tracking 129023 as yet unmatched pairs. 10338 records in RAM.
INFO	2020-01-19 22:56:56	MarkDuplicates	Read    14,000,000 records.  Elapsed time: 00:05:57s.  Time for last 1,000,000:   22s.  Last read position: 1:213,595,988
INFO	2020-01-19 22:56:56	MarkDuplicates	Tracking 133818 as yet unmatched pairs. 5819 records in RAM.
INFO	2020-01-19 22:57:31	MarkDuplicates	Read    15,000,000 records.  Elapsed time: 00:06:32s.  Time for last 1,000,000:   34s.  Last read position: 1:280,337,316
INFO	2020-01-19 22:57:31	MarkDuplicates	Tracking 135770 as yet unmatched pairs. 406 records in RAM.
INFO	2020-01-19 22:57:41	MarkDuplicates	Read    16,000,000 records.  Elapsed time: 00:06:42s.  Time for last 1,000,000:   10s.  Last read position: 2:29,071,843
INFO	2020-01-19 22:57:41	MarkDuplicates	Tracking 136362 as yet unmatched pairs. 19059 records in RAM.
INFO	2020-01-19 22:57:47	MarkDuplicates	Read    17,000,000 records.  Elapsed time: 00:06:48s.  Time for last 1,000,000:    5s.  Last read position: 2:143,897,134
INFO	2020-01-19 22:57:47	MarkDuplicates	Tracking 137394 as yet unmatched pairs. 11352 records in RAM.
INFO	2020-01-19 22:59:02	MarkDuplicates	Read    18,000,000 records.  Elapsed time: 00:08:03s.  Time for last 1,000,000:   74s.  Last read position: 2:225,035,180
INFO	2020-01-19 22:59:02	MarkDuplicates	Tracking 136339 as yet unmatched pairs. 3835 records in RAM.
INFO	2020-01-19 22:59:16	MarkDuplicates	Read    19,000,000 records.  Elapsed time: 00:08:17s.  Time for last 1,000,000:   13s.  Last read position: 3:37,749,950
INFO	2020-01-19 22:59:16	MarkDuplicates	Tracking 135425 as yet unmatched pairs. 15952 records in RAM.
INFO	2020-01-19 22:59:32	MarkDuplicates	Read    20,000,000 records.  Elapsed time: 00:08:33s.  Time for last 1,000,000:   16s.  Last read position: 3:101,021,452
INFO	2020-01-19 22:59:32	MarkDuplicates	Tracking 133880 as yet unmatched pairs. 9489 records in RAM.
INFO	2020-01-19 23:00:02	MarkDuplicates	Read    21,000,000 records.  Elapsed time: 00:09:03s.  Time for last 1,000,000:   30s.  Last read position: 3:153,262,970
INFO	2020-01-19 23:00:02	MarkDuplicates	Tracking 131913 as yet unmatched pairs. 2669 records in RAM.
INFO	2020-01-19 23:00:22	MarkDuplicates	Read    22,000,000 records.  Elapsed time: 00:09:23s.  Time for last 1,000,000:   19s.  Last read position: 4:56,484,917
INFO	2020-01-19 23:00:22	MarkDuplicates	Tracking 128202 as yet unmatched pairs. 15090 records in RAM.
INFO	2020-01-19 23:00:29	MarkDuplicates	Read    23,000,000 records.  Elapsed time: 00:09:30s.  Time for last 1,000,000:    7s.  Last read position: 4:147,465,947
INFO	2020-01-19 23:00:29	MarkDuplicates	Tracking 123711 as yet unmatched pairs. 5707 records in RAM.
INFO	2020-01-19 23:00:39	MarkDuplicates	Read    24,000,000 records.  Elapsed time: 00:09:40s.  Time for last 1,000,000:   10s.  Last read position: 5:48,775,423
INFO	2020-01-19 23:00:39	MarkDuplicates	Tracking 117784 as yet unmatched pairs. 18840 records in RAM.
INFO	2020-01-19 23:00:56	MarkDuplicates	Read    25,000,000 records.  Elapsed time: 00:09:57s.  Time for last 1,000,000:   16s.  Last read position: 5:129,360,358
INFO	2020-01-19 23:00:56	MarkDuplicates	Tracking 111270 as yet unmatched pairs. 8497 records in RAM.
INFO	2020-01-19 23:01:04	MarkDuplicates	Read    26,000,000 records.  Elapsed time: 00:10:05s.  Time for last 1,000,000:    8s.  Last read position: 6:8,980,731
INFO	2020-01-19 23:01:04	MarkDuplicates	Tracking 104559 as yet unmatched pairs. 17288 records in RAM.
INFO	2020-01-19 23:01:11	MarkDuplicates	Read    27,000,000 records.  Elapsed time: 00:10:12s.  Time for last 1,000,000:    6s.  Last read position: 6:105,733,378
INFO	2020-01-19 23:01:11	MarkDuplicates	Tracking 96181 as yet unmatched pairs. 5247 records in RAM.
INFO	2020-01-19 23:02:01	MarkDuplicates	Read    28,000,000 records.  Elapsed time: 00:11:02s.  Time for last 1,000,000:   50s.  Last read position: 7:51,560,183
INFO	2020-01-19 23:02:01	MarkDuplicates	Tracking 84364 as yet unmatched pairs. 13597 records in RAM.
INFO	2020-01-19 23:02:07	MarkDuplicates	Read    29,000,000 records.  Elapsed time: 00:11:08s.  Time for last 1,000,000:    6s.  Last read position: 7:138,566,789
INFO	2020-01-19 23:02:07	MarkDuplicates	Tracking 74944 as yet unmatched pairs. 1522 records in RAM.
INFO	2020-01-19 23:02:18	MarkDuplicates	Read    30,000,000 records.  Elapsed time: 00:11:19s.  Time for last 1,000,000:   10s.  Last read position: 8:72,029,520
INFO	2020-01-19 23:02:18	MarkDuplicates	Tracking 64716 as yet unmatched pairs. 10523 records in RAM.
INFO	2020-01-19 23:02:36	MarkDuplicates	Read    31,000,000 records.  Elapsed time: 00:11:37s.  Time for last 1,000,000:   18s.  Last read position: 9:10,467,519
INFO	2020-01-19 23:02:36	MarkDuplicates	Tracking 54138 as yet unmatched pairs. 19193 records in RAM.
INFO	2020-01-19 23:02:43	MarkDuplicates	Read    32,000,000 records.  Elapsed time: 00:11:44s.  Time for last 1,000,000:    6s.  Last read position: 9:88,236,709
INFO	2020-01-19 23:02:43	MarkDuplicates	Tracking 42259 as yet unmatched pairs. 6459 records in RAM.
INFO	2020-01-19 23:02:55	MarkDuplicates	Read    33,000,000 records.  Elapsed time: 00:11:56s.  Time for last 1,000,000:   12s.  Last read position: X:52,827,805
INFO	2020-01-19 23:02:55	MarkDuplicates	Tracking 25862 as yet unmatched pairs. 25191 records in RAM.
INFO	2020-01-19 23:03:02	MarkDuplicates	Read    34,000,000 records.  Elapsed time: 00:12:03s.  Time for last 1,000,000:    6s.  Last read position: X:135,195,057
INFO	2020-01-19 23:03:02	MarkDuplicates	Tracking 6056 as yet unmatched pairs. 5368 records in RAM.
INFO	2020-01-19 23:03:19	MarkDuplicates	Read 34398406 records. 0 pairs never matched.
INFO	2020-01-19 23:04:09	MarkDuplicates	After buildSortedReadEndLists freeMemory: 10749257800; totalMemory: 15321268224; maxMemory: 28631367680
INFO	2020-01-19 23:04:09	MarkDuplicates	Will retain up to 894730240 duplicate indices before spilling to disk.
INFO	2020-01-19 23:04:12	MarkDuplicates	Traversing read pair information and detecting duplicates.
INFO	2020-01-19 23:06:38	MarkDuplicates	Traversing fragment information and detecting duplicates.
INFO	2020-01-19 23:06:45	MarkDuplicates	Sorting list of duplicate records.
INFO	2020-01-19 23:06:47	MarkDuplicates	After generateDuplicateIndexes freeMemory: 20210896368; totalMemory: 27496808448; maxMemory: 28631367680
INFO	2020-01-19 23:06:47	MarkDuplicates	Marking 7278476 records as duplicates.
INFO	2020-01-19 23:06:47	MarkDuplicates	Found 11709 optical duplicate clusters.
INFO	2020-01-19 23:06:47	MarkDuplicates	Reads are assumed to be ordered by: coordinate
INFO	2020-01-19 23:10:06	MarkDuplicates	Written    10,000,000 records.  Elapsed time: 00:03:19s.  Time for last 10,000,000:  199s.  Last read position: 18:27,432,058
INFO	2020-01-19 23:14:02	MarkDuplicates	Written    20,000,000 records.  Elapsed time: 00:07:14s.  Time for last 10,000,000:  235s.  Last read position: 3:101,021,452
INFO	2020-01-19 23:19:53	MarkDuplicates	Written    30,000,000 records.  Elapsed time: 00:13:05s.  Time for last 10,000,000:  351s.  Last read position: 8:72,029,520
INFO	2020-01-19 23:21:17	MarkDuplicates	Writing complete. Closing input iterator.
INFO	2020-01-19 23:21:17	MarkDuplicates	Duplicate Index cleanup.
INFO	2020-01-19 23:21:17	MarkDuplicates	Getting Memory Stats.
INFO	2020-01-19 23:21:17	MarkDuplicates	Before output close freeMemory: 27373474344; totalMemory: 27568635904; maxMemory: 28631367680
INFO	2020-01-19 23:21:17	MarkDuplicates	Closed outputs. Getting more Memory Stats.
INFO	2020-01-19 23:21:18	MarkDuplicates	After output close freeMemory: 26853380648; totalMemory: 27048542208; maxMemory: 28631367680
[Sun Jan 19 23:21:18 UTC 2020] picard.sam.markduplicates.MarkDuplicates done. Elapsed time: 30.58 minutes.
Runtime.totalMemory()=27048542208
samtools depth: Could not read file "/scratch/gregg_thomas/Murinae-seq/Targets/tiles-rnor6-coords.bed": No such file or directory
