INFO	2020-01-20 05:21:55	MarkDuplicates	

********** NOTE: Picard's command line syntax is changing.
**********
********** For more information, please see:
********** https://github.com/broadinstitute/picard/wiki/Command-Line-Syntax-Transition-For-Users-(Pre-Transition)
**********
********** The command line looks like this in the new syntax:
**********
**********    MarkDuplicates -I /scratch/gregg_thomas/Murinae-seq/03B-MappedRat/Zyzomys-pedunculatus/Zyzomys-pedunculatus.sorted.bam -O /scratch/gregg_thomas/Murinae-seq/03B-MappedRat/Zyzomys-pedunculatus/Zyzomys-pedunculatus.sorted.mkdup.bam -M /scratch/gregg_thomas/Murinae-seq/03B-MappedRat/Zyzomys-pedunculatus/Zyzomys-pedunculatus-mkdup-metrics.txt
**********


05:21:56.233 INFO  NativeLibraryLoader - Loading libgkl_compression.so from jar:file:/home/gregg_thomas/bin/picard.jar!/com/intel/gkl/native/libgkl_compression.so
[Mon Jan 20 05:21:56 UTC 2020] MarkDuplicates INPUT=[/scratch/gregg_thomas/Murinae-seq/03B-MappedRat/Zyzomys-pedunculatus/Zyzomys-pedunculatus.sorted.bam] OUTPUT=/scratch/gregg_thomas/Murinae-seq/03B-MappedRat/Zyzomys-pedunculatus/Zyzomys-pedunculatus.sorted.mkdup.bam METRICS_FILE=/scratch/gregg_thomas/Murinae-seq/03B-MappedRat/Zyzomys-pedunculatus/Zyzomys-pedunculatus-mkdup-metrics.txt    MAX_SEQUENCES_FOR_DISK_READ_ENDS_MAP=50000 MAX_FILE_HANDLES_FOR_READ_ENDS_MAP=8000 SORTING_COLLECTION_SIZE_RATIO=0.25 TAG_DUPLICATE_SET_MEMBERS=false REMOVE_SEQUENCING_DUPLICATES=false TAGGING_POLICY=DontTag CLEAR_DT=true DUPLEX_UMI=false ADD_PG_TAG_TO_READS=true REMOVE_DUPLICATES=false ASSUME_SORTED=false DUPLICATE_SCORING_STRATEGY=SUM_OF_BASE_QUALITIES PROGRAM_RECORD_ID=MarkDuplicates PROGRAM_GROUP_NAME=MarkDuplicates READ_NAME_REGEX=<optimized capture of last three ':' separated fields as numeric values> OPTICAL_DUPLICATE_PIXEL_DISTANCE=100 MAX_OPTICAL_DUPLICATE_SET_SIZE=300000 VERBOSITY=INFO QUIET=false VALIDATION_STRINGENCY=STRICT COMPRESSION_LEVEL=5 MAX_RECORDS_IN_RAM=500000 CREATE_INDEX=false CREATE_MD5_FILE=false GA4GH_CLIENT_SECRETS=client_secrets.json USE_JDK_DEFLATER=false USE_JDK_INFLATER=false
[Mon Jan 20 05:21:56 UTC 2020] Executing as gregg_thomas@ecae4883a231 on Linux 4.4.0-104-generic amd64; Java HotSpot(TM) 64-Bit Server VM 1.8.0_221-b11; Deflater: Intel; Inflater: Intel; Provider GCS is not available; Picard version: 2.20.6-SNAPSHOT
INFO	2020-01-20 05:21:56	MarkDuplicates	Start of doWork freeMemory: 2037675368; totalMemory: 2058354688; maxMemory: 28631367680
INFO	2020-01-20 05:21:56	MarkDuplicates	Reading input file and constructing read end information.
INFO	2020-01-20 05:21:56	MarkDuplicates	Will retain up to 103736839 data points before spilling to disk.
INFO	2020-01-20 05:22:09	MarkDuplicates	Read     1,000,000 records.  Elapsed time: 00:00:12s.  Time for last 1,000,000:   12s.  Last read position: 10:39,052,719
INFO	2020-01-20 05:22:09	MarkDuplicates	Tracking 53938 as yet unmatched pairs. 2806 records in RAM.
INFO	2020-01-20 05:22:21	MarkDuplicates	Read     2,000,000 records.  Elapsed time: 00:00:24s.  Time for last 1,000,000:   12s.  Last read position: 10:59,871,304
INFO	2020-01-20 05:22:21	MarkDuplicates	Tracking 86807 as yet unmatched pairs. 3317 records in RAM.
INFO	2020-01-20 05:22:30	MarkDuplicates	Read     3,000,000 records.  Elapsed time: 00:00:33s.  Time for last 1,000,000:    8s.  Last read position: 10:83,310,329
INFO	2020-01-20 05:22:30	MarkDuplicates	Tracking 125886 as yet unmatched pairs. 2872 records in RAM.
INFO	2020-01-20 05:22:40	MarkDuplicates	Read     4,000,000 records.  Elapsed time: 00:00:43s.  Time for last 1,000,000:    9s.  Last read position: 10:98,583,472
INFO	2020-01-20 05:22:40	MarkDuplicates	Tracking 160622 as yet unmatched pairs. 1537 records in RAM.
INFO	2020-01-20 05:22:47	MarkDuplicates	Read     5,000,000 records.  Elapsed time: 00:00:51s.  Time for last 1,000,000:    7s.  Last read position: 11:44,176,687
INFO	2020-01-20 05:22:47	MarkDuplicates	Tracking 213491 as yet unmatched pairs. 4916 records in RAM.
INFO	2020-01-20 05:23:01	MarkDuplicates	Read     6,000,000 records.  Elapsed time: 00:01:04s.  Time for last 1,000,000:   13s.  Last read position: 11:86,743,198
INFO	2020-01-20 05:23:01	MarkDuplicates	Tracking 266398 as yet unmatched pairs. 554 records in RAM.
INFO	2020-01-20 05:23:16	MarkDuplicates	Read     7,000,000 records.  Elapsed time: 00:01:19s.  Time for last 1,000,000:   15s.  Last read position: 12:30,045,813
INFO	2020-01-20 05:23:16	MarkDuplicates	Tracking 322565 as yet unmatched pairs. 6658 records in RAM.
INFO	2020-01-20 05:23:48	MarkDuplicates	Read     8,000,000 records.  Elapsed time: 00:01:51s.  Time for last 1,000,000:   32s.  Last read position: 12:42,375,127
INFO	2020-01-20 05:23:48	MarkDuplicates	Tracking 349061 as yet unmatched pairs. 3388 records in RAM.
INFO	2020-01-20 05:23:57	MarkDuplicates	Read     9,000,000 records.  Elapsed time: 00:02:01s.  Time for last 1,000,000:    9s.  Last read position: 13:58,825,556
INFO	2020-01-20 05:23:57	MarkDuplicates	Tracking 394937 as yet unmatched pairs. 9057 records in RAM.
INFO	2020-01-20 05:24:22	MarkDuplicates	Read    10,000,000 records.  Elapsed time: 00:02:25s.  Time for last 1,000,000:   24s.  Last read position: 13:103,355,707
INFO	2020-01-20 05:24:22	MarkDuplicates	Tracking 432954 as yet unmatched pairs. 1933 records in RAM.
INFO	2020-01-20 05:24:33	MarkDuplicates	Read    11,000,000 records.  Elapsed time: 00:02:36s.  Time for last 1,000,000:   11s.  Last read position: 14:38,107,007
INFO	2020-01-20 05:24:33	MarkDuplicates	Tracking 470176 as yet unmatched pairs. 13112 records in RAM.
INFO	2020-01-20 05:24:42	MarkDuplicates	Read    12,000,000 records.  Elapsed time: 00:02:46s.  Time for last 1,000,000:    9s.  Last read position: 14:86,794,593
INFO	2020-01-20 05:24:42	MarkDuplicates	Tracking 501847 as yet unmatched pairs. 4840 records in RAM.
INFO	2020-01-20 05:24:55	MarkDuplicates	Read    13,000,000 records.  Elapsed time: 00:02:58s.  Time for last 1,000,000:   12s.  Last read position: 15:28,895,971
INFO	2020-01-20 05:24:55	MarkDuplicates	Tracking 542201 as yet unmatched pairs. 14913 records in RAM.
INFO	2020-01-20 05:25:21	MarkDuplicates	Read    14,000,000 records.  Elapsed time: 00:03:24s.  Time for last 1,000,000:   26s.  Last read position: 15:93,304,653
INFO	2020-01-20 05:25:21	MarkDuplicates	Tracking 572525 as yet unmatched pairs. 2974 records in RAM.
INFO	2020-01-20 05:25:29	MarkDuplicates	Read    15,000,000 records.  Elapsed time: 00:03:32s.  Time for last 1,000,000:    7s.  Last read position: 16:32,239,758
INFO	2020-01-20 05:25:29	MarkDuplicates	Tracking 601381 as yet unmatched pairs. 12265 records in RAM.
INFO	2020-01-20 05:25:43	MarkDuplicates	Read    16,000,000 records.  Elapsed time: 00:03:46s.  Time for last 1,000,000:   14s.  Last read position: 17:9,782,903
INFO	2020-01-20 05:25:43	MarkDuplicates	Tracking 631500 as yet unmatched pairs. 23792 records in RAM.
INFO	2020-01-20 05:26:35	MarkDuplicates	Read    17,000,000 records.  Elapsed time: 00:04:38s.  Time for last 1,000,000:   51s.  Last read position: 17:70,601,674
INFO	2020-01-20 05:26:35	MarkDuplicates	Tracking 661199 as yet unmatched pairs. 6478 records in RAM.
INFO	2020-01-20 05:26:44	MarkDuplicates	Read    18,000,000 records.  Elapsed time: 00:04:47s.  Time for last 1,000,000:    8s.  Last read position: 18:29,592,850
INFO	2020-01-20 05:26:44	MarkDuplicates	Tracking 683487 as yet unmatched pairs. 17723 records in RAM.
INFO	2020-01-20 05:26:58	MarkDuplicates	Read    19,000,000 records.  Elapsed time: 00:05:01s.  Time for last 1,000,000:   14s.  Last read position: 19:4,041
INFO	2020-01-20 05:26:58	MarkDuplicates	Tracking 705215 as yet unmatched pairs. 27233 records in RAM.
INFO	2020-01-20 05:27:10	MarkDuplicates	Read    20,000,000 records.  Elapsed time: 00:05:13s.  Time for last 1,000,000:   11s.  Last read position: 19:43,371,940
INFO	2020-01-20 05:27:10	MarkDuplicates	Tracking 721145 as yet unmatched pairs. 8667 records in RAM.
INFO	2020-01-20 05:27:35	MarkDuplicates	Read    21,000,000 records.  Elapsed time: 00:05:38s.  Time for last 1,000,000:   25s.  Last read position: 1:40,100,970
INFO	2020-01-20 05:27:35	MarkDuplicates	Tracking 738944 as yet unmatched pairs. 116385 records in RAM.
INFO	2020-01-20 05:27:41	MarkDuplicates	Read    22,000,000 records.  Elapsed time: 00:05:45s.  Time for last 1,000,000:    6s.  Last read position: 1:82,175,819
INFO	2020-01-20 05:27:41	MarkDuplicates	Tracking 751640 as yet unmatched pairs. 99569 records in RAM.
INFO	2020-01-20 05:27:54	MarkDuplicates	Read    23,000,000 records.  Elapsed time: 00:05:57s.  Time for last 1,000,000:   12s.  Last read position: 1:114,987,237
INFO	2020-01-20 05:27:54	MarkDuplicates	Tracking 760712 as yet unmatched pairs. 84459 records in RAM.
INFO	2020-01-20 05:27:59	MarkDuplicates	Read    24,000,000 records.  Elapsed time: 00:06:02s.  Time for last 1,000,000:    5s.  Last read position: 1:167,323,804
INFO	2020-01-20 05:27:59	MarkDuplicates	Tracking 770635 as yet unmatched pairs. 67691 records in RAM.
INFO	2020-01-20 05:28:05	MarkDuplicates	Read    25,000,000 records.  Elapsed time: 00:06:08s.  Time for last 1,000,000:    5s.  Last read position: 1:201,815,875
INFO	2020-01-20 05:28:05	MarkDuplicates	Tracking 779206 as yet unmatched pairs. 42483 records in RAM.
INFO	2020-01-20 05:28:26	MarkDuplicates	Read    26,000,000 records.  Elapsed time: 00:06:29s.  Time for last 1,000,000:   20s.  Last read position: 1:233,623,130
INFO	2020-01-20 05:28:26	MarkDuplicates	Tracking 784478 as yet unmatched pairs. 27216 records in RAM.
INFO	2020-01-20 05:28:32	MarkDuplicates	Read    27,000,000 records.  Elapsed time: 00:06:36s.  Time for last 1,000,000:    6s.  Last read position: 1:278,679,011
INFO	2020-01-20 05:28:32	MarkDuplicates	Tracking 790883 as yet unmatched pairs. 3582 records in RAM.
INFO	2020-01-20 05:28:42	MarkDuplicates	Read    28,000,000 records.  Elapsed time: 00:06:45s.  Time for last 1,000,000:    9s.  Last read position: 20:29,887,768
INFO	2020-01-20 05:28:42	MarkDuplicates	Tracking 791992 as yet unmatched pairs. 13965 records in RAM.
INFO	2020-01-20 05:29:57	MarkDuplicates	Read    29,000,000 records.  Elapsed time: 00:08:00s.  Time for last 1,000,000:   74s.  Last read position: 2:34,330,623
INFO	2020-01-20 05:29:57	MarkDuplicates	Tracking 800586 as yet unmatched pairs. 104023 records in RAM.
INFO	2020-01-20 05:30:03	MarkDuplicates	Read    30,000,000 records.  Elapsed time: 00:08:06s.  Time for last 1,000,000:    5s.  Last read position: 2:120,619,617
INFO	2020-01-20 05:30:03	MarkDuplicates	Tracking 799798 as yet unmatched pairs. 72430 records in RAM.
INFO	2020-01-20 05:30:11	MarkDuplicates	Read    31,000,000 records.  Elapsed time: 00:08:15s.  Time for last 1,000,000:    8s.  Last read position: 2:188,479,143
INFO	2020-01-20 05:30:11	MarkDuplicates	Tracking 797875 as yet unmatched pairs. 46628 records in RAM.
INFO	2020-01-20 05:30:24	MarkDuplicates	Read    32,000,000 records.  Elapsed time: 00:08:28s.  Time for last 1,000,000:   13s.  Last read position: 2:219,588,933
INFO	2020-01-20 05:30:24	MarkDuplicates	Tracking 794242 as yet unmatched pairs. 24704 records in RAM.
INFO	2020-01-20 05:30:50	MarkDuplicates	Read    33,000,000 records.  Elapsed time: 00:08:54s.  Time for last 1,000,000:   25s.  Last read position: 3:7,220,230
INFO	2020-01-20 05:30:50	MarkDuplicates	Tracking 788818 as yet unmatched pairs. 116285 records in RAM.
INFO	2020-01-20 05:31:05	MarkDuplicates	Read    34,000,000 records.  Elapsed time: 00:09:08s.  Time for last 1,000,000:   14s.  Last read position: 3:48,815,053
INFO	2020-01-20 05:31:05	MarkDuplicates	Tracking 781744 as yet unmatched pairs. 92502 records in RAM.
INFO	2020-01-20 05:31:12	MarkDuplicates	Read    35,000,000 records.  Elapsed time: 00:09:15s.  Time for last 1,000,000:    6s.  Last read position: 3:83,201,868
INFO	2020-01-20 05:31:12	MarkDuplicates	Tracking 775566 as yet unmatched pairs. 71799 records in RAM.
INFO	2020-01-20 05:31:27	MarkDuplicates	Read    36,000,000 records.  Elapsed time: 00:09:31s.  Time for last 1,000,000:   15s.  Last read position: 3:120,346,726
INFO	2020-01-20 05:31:27	MarkDuplicates	Tracking 766422 as yet unmatched pairs. 46912 records in RAM.
INFO	2020-01-20 05:31:34	MarkDuplicates	Read    37,000,000 records.  Elapsed time: 00:09:37s.  Time for last 1,000,000:    6s.  Last read position: 3:156,754,526
INFO	2020-01-20 05:31:34	MarkDuplicates	Tracking 756716 as yet unmatched pairs. 19632 records in RAM.
INFO	2020-01-20 05:31:59	MarkDuplicates	Read    38,000,000 records.  Elapsed time: 00:10:02s.  Time for last 1,000,000:   24s.  Last read position: 4:19,264,079
INFO	2020-01-20 05:31:59	MarkDuplicates	Tracking 739170 as yet unmatched pairs. 115186 records in RAM.
INFO	2020-01-20 05:32:28	MarkDuplicates	Read    39,000,000 records.  Elapsed time: 00:10:31s.  Time for last 1,000,000:   29s.  Last read position: 4:77,280,104
INFO	2020-01-20 05:32:28	MarkDuplicates	Tracking 722880 as yet unmatched pairs. 81645 records in RAM.
INFO	2020-01-20 05:32:38	MarkDuplicates	Read    40,000,000 records.  Elapsed time: 00:10:41s.  Time for last 1,000,000:    9s.  Last read position: 4:129,658,483
INFO	2020-01-20 05:32:38	MarkDuplicates	Tracking 702912 as yet unmatched pairs. 42891 records in RAM.
INFO	2020-01-20 05:32:45	MarkDuplicates	Read    41,000,000 records.  Elapsed time: 00:10:48s.  Time for last 1,000,000:    6s.  Last read position: 4:181,071,386
INFO	2020-01-20 05:32:45	MarkDuplicates	Tracking 682287 as yet unmatched pairs. 4516 records in RAM.
INFO	2020-01-20 05:33:23	MarkDuplicates	Read    42,000,000 records.  Elapsed time: 00:11:26s.  Time for last 1,000,000:   38s.  Last read position: 5:58,046,822
INFO	2020-01-20 05:33:23	MarkDuplicates	Tracking 659732 as yet unmatched pairs. 108464 records in RAM.
INFO	2020-01-20 05:33:28	MarkDuplicates	Read    43,000,000 records.  Elapsed time: 00:11:31s.  Time for last 1,000,000:    4s.  Last read position: 5:114,592,198
INFO	2020-01-20 05:33:28	MarkDuplicates	Tracking 636599 as yet unmatched pairs. 71785 records in RAM.
INFO	2020-01-20 05:33:34	MarkDuplicates	Read    44,000,000 records.  Elapsed time: 00:11:37s.  Time for last 1,000,000:    6s.  Last read position: 5:145,186,078
INFO	2020-01-20 05:33:34	MarkDuplicates	Tracking 615563 as yet unmatched pairs. 40577 records in RAM.
INFO	2020-01-20 05:35:07	MarkDuplicates	Read    45,000,000 records.  Elapsed time: 00:13:10s.  Time for last 1,000,000:   92s.  Last read position: 5:171,361,839
INFO	2020-01-20 05:35:07	MarkDuplicates	Tracking 589584 as yet unmatched pairs. 3013 records in RAM.
INFO	2020-01-20 05:35:26	MarkDuplicates	Read    46,000,000 records.  Elapsed time: 00:13:29s.  Time for last 1,000,000:   19s.  Last read position: 6:38,049,206
INFO	2020-01-20 05:35:26	MarkDuplicates	Tracking 561985 as yet unmatched pairs. 91799 records in RAM.
INFO	2020-01-20 05:35:30	MarkDuplicates	Read    47,000,000 records.  Elapsed time: 00:13:33s.  Time for last 1,000,000:    4s.  Last read position: 6:102,085,072
INFO	2020-01-20 05:35:30	MarkDuplicates	Tracking 523663 as yet unmatched pairs. 40228 records in RAM.
INFO	2020-01-20 05:35:59	MarkDuplicates	Read    48,000,000 records.  Elapsed time: 00:14:02s.  Time for last 1,000,000:   29s.  Last read position: 7:7,644,137
INFO	2020-01-20 05:35:59	MarkDuplicates	Tracking 489399 as yet unmatched pairs. 128436 records in RAM.
INFO	2020-01-20 05:36:03	MarkDuplicates	Read    49,000,000 records.  Elapsed time: 00:14:07s.  Time for last 1,000,000:    4s.  Last read position: 7:64,031,181
INFO	2020-01-20 05:36:03	MarkDuplicates	Tracking 450178 as yet unmatched pairs. 81104 records in RAM.
INFO	2020-01-20 05:36:07	MarkDuplicates	Read    50,000,000 records.  Elapsed time: 00:14:11s.  Time for last 1,000,000:    4s.  Last read position: 7:120,651,941
INFO	2020-01-20 05:36:07	MarkDuplicates	Tracking 412463 as yet unmatched pairs. 35550 records in RAM.
INFO	2020-01-20 05:36:43	MarkDuplicates	Read    51,000,000 records.  Elapsed time: 00:14:46s.  Time for last 1,000,000:   35s.  Last read position: 8:16,233,581
INFO	2020-01-20 05:36:43	MarkDuplicates	Tracking 373385 as yet unmatched pairs. 130163 records in RAM.
INFO	2020-01-20 05:36:50	MarkDuplicates	Read    52,000,000 records.  Elapsed time: 00:14:53s.  Time for last 1,000,000:    6s.  Last read position: 8:64,356,024
INFO	2020-01-20 05:36:50	MarkDuplicates	Tracking 332979 as yet unmatched pairs. 85056 records in RAM.
INFO	2020-01-20 05:36:55	MarkDuplicates	Read    53,000,000 records.  Elapsed time: 00:14:59s.  Time for last 1,000,000:    5s.  Last read position: 8:106,599,634
INFO	2020-01-20 05:36:55	MarkDuplicates	Tracking 289511 as yet unmatched pairs. 36838 records in RAM.
INFO	2020-01-20 05:37:33	MarkDuplicates	Read    54,000,000 records.  Elapsed time: 00:15:36s.  Time for last 1,000,000:   37s.  Last read position: 9:11,165,005
INFO	2020-01-20 05:37:33	MarkDuplicates	Tracking 248416 as yet unmatched pairs. 110146 records in RAM.
INFO	2020-01-20 05:37:37	MarkDuplicates	Read    55,000,000 records.  Elapsed time: 00:15:40s.  Time for last 1,000,000:    4s.  Last read position: 9:65,418,296
INFO	2020-01-20 05:37:37	MarkDuplicates	Tracking 200883 as yet unmatched pairs. 60265 records in RAM.
INFO	2020-01-20 05:37:42	MarkDuplicates	Read    56,000,000 records.  Elapsed time: 00:15:45s.  Time for last 1,000,000:    5s.  Last read position: 9:111,285,327
INFO	2020-01-20 05:37:42	MarkDuplicates	Tracking 155271 as yet unmatched pairs. 12313 records in RAM.
INFO	2020-01-20 05:38:03	MarkDuplicates	Read    57,000,000 records.  Elapsed time: 00:16:06s.  Time for last 1,000,000:   20s.  Last read position: X:71,175,955
INFO	2020-01-20 05:38:03	MarkDuplicates	Tracking 80774 as yet unmatched pairs. 70919 records in RAM.
INFO	2020-01-20 05:38:26	MarkDuplicates	Read    58,000,000 records.  Elapsed time: 00:16:30s.  Time for last 1,000,000:   23s.  Last read position: X:156,153,638
INFO	2020-01-20 05:38:26	MarkDuplicates	Tracking 14695 as yet unmatched pairs. 4739 records in RAM.
INFO	2020-01-20 05:38:30	MarkDuplicates	Read 58753849 records. 0 pairs never matched.
INFO	2020-01-20 05:40:12	MarkDuplicates	After buildSortedReadEndLists freeMemory: 10565614240; totalMemory: 17479237632; maxMemory: 28631367680
INFO	2020-01-20 05:40:12	MarkDuplicates	Will retain up to 894730240 duplicate indices before spilling to disk.
INFO	2020-01-20 05:40:14	MarkDuplicates	Traversing read pair information and detecting duplicates.
INFO	2020-01-20 05:44:04	MarkDuplicates	Traversing fragment information and detecting duplicates.
INFO	2020-01-20 05:44:09	MarkDuplicates	Sorting list of duplicate records.
INFO	2020-01-20 05:44:12	MarkDuplicates	After generateDuplicateIndexes freeMemory: 21612666336; totalMemory: 28928638976; maxMemory: 28928638976
INFO	2020-01-20 05:44:12	MarkDuplicates	Marking 29346954 records as duplicates.
INFO	2020-01-20 05:44:12	MarkDuplicates	Found 1819 optical duplicate clusters.
INFO	2020-01-20 05:44:12	MarkDuplicates	Reads are assumed to be ordered by: coordinate
INFO	2020-01-20 05:46:07	MarkDuplicates	Written    10,000,000 records.  Elapsed time: 00:01:55s.  Time for last 10,000,000:  115s.  Last read position: 13:103,355,707
INFO	2020-01-20 05:47:51	MarkDuplicates	Written    20,000,000 records.  Elapsed time: 00:03:38s.  Time for last 10,000,000:  103s.  Last read position: 19:43,371,940
INFO	2020-01-20 05:49:41	MarkDuplicates	Written    30,000,000 records.  Elapsed time: 00:05:29s.  Time for last 10,000,000:  110s.  Last read position: 2:120,619,617
INFO	2020-01-20 05:51:25	MarkDuplicates	Written    40,000,000 records.  Elapsed time: 00:07:12s.  Time for last 10,000,000:  103s.  Last read position: 4:129,658,483
INFO	2020-01-20 05:53:06	MarkDuplicates	Written    50,000,000 records.  Elapsed time: 00:08:53s.  Time for last 10,000,000:  101s.  Last read position: 7:120,651,941
INFO	2020-01-20 05:54:44	MarkDuplicates	Written    60,000,000 records.  Elapsed time: 00:10:32s.  Time for last 10,000,000:   98s.  Last read position: */*
INFO	2020-01-20 05:55:02	MarkDuplicates	Writing complete. Closing input iterator.
INFO	2020-01-20 05:55:02	MarkDuplicates	Duplicate Index cleanup.
INFO	2020-01-20 05:55:02	MarkDuplicates	Getting Memory Stats.
INFO	2020-01-20 05:55:03	MarkDuplicates	Before output close freeMemory: 28961940904; totalMemory: 29167190016; maxMemory: 29167190016
INFO	2020-01-20 05:55:03	MarkDuplicates	Closed outputs. Getting more Memory Stats.
INFO	2020-01-20 05:55:03	MarkDuplicates	After output close freeMemory: 29210977704; totalMemory: 29416226816; maxMemory: 29416226816
[Mon Jan 20 05:55:03 UTC 2020] picard.sam.markduplicates.MarkDuplicates done. Elapsed time: 33.12 minutes.
Runtime.totalMemory()=29416226816
samtools depth: Could not read file "/scratch/gregg_thomas/Murinae-seq/Targets/tiles-rnor6-coords.bed": No such file or directory
