INFO	2020-01-19 23:01:05	MarkDuplicates	

********** NOTE: Picard's command line syntax is changing.
**********
********** For more information, please see:
********** https://github.com/broadinstitute/picard/wiki/Command-Line-Syntax-Transition-For-Users-(Pre-Transition)
**********
********** The command line looks like this in the new syntax:
**********
**********    MarkDuplicates -I /scratch/gregg_thomas/Murinae-seq/03B-MappedRat/Apodemus-sylvaticus/Apodemus-sylvaticus.sorted.bam -O /scratch/gregg_thomas/Murinae-seq/03B-MappedRat/Apodemus-sylvaticus/Apodemus-sylvaticus.sorted.mkdup.bam -M /scratch/gregg_thomas/Murinae-seq/03B-MappedRat/Apodemus-sylvaticus/Apodemus-sylvaticus-mkdup-metrics.txt
**********


23:01:06.194 INFO  NativeLibraryLoader - Loading libgkl_compression.so from jar:file:/home/gregg_thomas/bin/picard.jar!/com/intel/gkl/native/libgkl_compression.so
[Sun Jan 19 23:01:06 UTC 2020] MarkDuplicates INPUT=[/scratch/gregg_thomas/Murinae-seq/03B-MappedRat/Apodemus-sylvaticus/Apodemus-sylvaticus.sorted.bam] OUTPUT=/scratch/gregg_thomas/Murinae-seq/03B-MappedRat/Apodemus-sylvaticus/Apodemus-sylvaticus.sorted.mkdup.bam METRICS_FILE=/scratch/gregg_thomas/Murinae-seq/03B-MappedRat/Apodemus-sylvaticus/Apodemus-sylvaticus-mkdup-metrics.txt    MAX_SEQUENCES_FOR_DISK_READ_ENDS_MAP=50000 MAX_FILE_HANDLES_FOR_READ_ENDS_MAP=8000 SORTING_COLLECTION_SIZE_RATIO=0.25 TAG_DUPLICATE_SET_MEMBERS=false REMOVE_SEQUENCING_DUPLICATES=false TAGGING_POLICY=DontTag CLEAR_DT=true DUPLEX_UMI=false ADD_PG_TAG_TO_READS=true REMOVE_DUPLICATES=false ASSUME_SORTED=false DUPLICATE_SCORING_STRATEGY=SUM_OF_BASE_QUALITIES PROGRAM_RECORD_ID=MarkDuplicates PROGRAM_GROUP_NAME=MarkDuplicates READ_NAME_REGEX=<optimized capture of last three ':' separated fields as numeric values> OPTICAL_DUPLICATE_PIXEL_DISTANCE=100 MAX_OPTICAL_DUPLICATE_SET_SIZE=300000 VERBOSITY=INFO QUIET=false VALIDATION_STRINGENCY=STRICT COMPRESSION_LEVEL=5 MAX_RECORDS_IN_RAM=500000 CREATE_INDEX=false CREATE_MD5_FILE=false GA4GH_CLIENT_SECRETS=client_secrets.json USE_JDK_DEFLATER=false USE_JDK_INFLATER=false
[Sun Jan 19 23:01:06 UTC 2020] Executing as gregg_thomas@ecae4883a231 on Linux 4.4.0-104-generic amd64; Java HotSpot(TM) 64-Bit Server VM 1.8.0_221-b11; Deflater: Intel; Inflater: Intel; Provider GCS is not available; Picard version: 2.20.6-SNAPSHOT
INFO	2020-01-19 23:01:06	MarkDuplicates	Start of doWork freeMemory: 2037673928; totalMemory: 2058354688; maxMemory: 28631367680
INFO	2020-01-19 23:01:06	MarkDuplicates	Reading input file and constructing read end information.
INFO	2020-01-19 23:01:06	MarkDuplicates	Will retain up to 103736839 data points before spilling to disk.
INFO	2020-01-19 23:01:54	MarkDuplicates	Read     1,000,000 records.  Elapsed time: 00:00:32s.  Time for last 1,000,000:   32s.  Last read position: 10:59,253,652
INFO	2020-01-19 23:01:54	MarkDuplicates	Tracking 16273 as yet unmatched pairs. 908 records in RAM.
INFO	2020-01-19 23:02:26	MarkDuplicates	Read     2,000,000 records.  Elapsed time: 00:01:04s.  Time for last 1,000,000:   31s.  Last read position: 10:94,127,585
INFO	2020-01-19 23:02:26	MarkDuplicates	Tracking 30083 as yet unmatched pairs. 461 records in RAM.
INFO	2020-01-19 23:02:40	MarkDuplicates	Read     3,000,000 records.  Elapsed time: 00:01:18s.  Time for last 1,000,000:   13s.  Last read position: 11:74,750,200
INFO	2020-01-19 23:02:40	MarkDuplicates	Tracking 49403 as yet unmatched pairs. 337 records in RAM.
INFO	2020-01-19 23:03:03	MarkDuplicates	Read     4,000,000 records.  Elapsed time: 00:01:41s.  Time for last 1,000,000:   23s.  Last read position: 13:44,514,846
INFO	2020-01-19 23:03:03	MarkDuplicates	Tracking 70585 as yet unmatched pairs. 2282 records in RAM.
INFO	2020-01-19 23:03:33	MarkDuplicates	Read     5,000,000 records.  Elapsed time: 00:02:11s.  Time for last 1,000,000:   29s.  Last read position: 14:15,059,247
INFO	2020-01-19 23:03:33	MarkDuplicates	Tracking 85073 as yet unmatched pairs. 3335 records in RAM.
INFO	2020-01-19 23:03:45	MarkDuplicates	Read     6,000,000 records.  Elapsed time: 00:02:23s.  Time for last 1,000,000:   12s.  Last read position: 14:114,527,358
INFO	2020-01-19 23:03:45	MarkDuplicates	Tracking 97738 as yet unmatched pairs. 163 records in RAM.
INFO	2020-01-19 23:03:55	MarkDuplicates	Read     7,000,000 records.  Elapsed time: 00:02:33s.  Time for last 1,000,000:   10s.  Last read position: 16:7,855,392
INFO	2020-01-19 23:03:55	MarkDuplicates	Tracking 111894 as yet unmatched pairs. 3786 records in RAM.
INFO	2020-01-19 23:04:24	MarkDuplicates	Read     8,000,000 records.  Elapsed time: 00:03:02s.  Time for last 1,000,000:   28s.  Last read position: 17:44,520,455
INFO	2020-01-19 23:04:24	MarkDuplicates	Tracking 124138 as yet unmatched pairs. 2410 records in RAM.
INFO	2020-01-19 23:04:58	MarkDuplicates	Read     9,000,000 records.  Elapsed time: 00:03:36s.  Time for last 1,000,000:   34s.  Last read position: 18:52,457,334
INFO	2020-01-19 23:04:58	MarkDuplicates	Tracking 133872 as yet unmatched pairs. 1976 records in RAM.
INFO	2020-01-19 23:05:19	MarkDuplicates	Read    10,000,000 records.  Elapsed time: 00:03:57s.  Time for last 1,000,000:   21s.  Last read position: 1:5,278,539
INFO	2020-01-19 23:05:19	MarkDuplicates	Tracking 142463 as yet unmatched pairs. 23866 records in RAM.
INFO	2020-01-19 23:05:43	MarkDuplicates	Read    11,000,000 records.  Elapsed time: 00:04:21s.  Time for last 1,000,000:   23s.  Last read position: 1:98,066,921
INFO	2020-01-19 23:05:43	MarkDuplicates	Tracking 148318 as yet unmatched pairs. 17358 records in RAM.
INFO	2020-01-19 23:06:19	MarkDuplicates	Read    12,000,000 records.  Elapsed time: 00:04:57s.  Time for last 1,000,000:   35s.  Last read position: 1:192,953,013
INFO	2020-01-19 23:06:19	MarkDuplicates	Tracking 152679 as yet unmatched pairs. 10423 records in RAM.
INFO	2020-01-19 23:06:29	MarkDuplicates	Read    13,000,000 records.  Elapsed time: 00:05:07s.  Time for last 1,000,000:   10s.  Last read position: 1:256,651,576
INFO	2020-01-19 23:06:29	MarkDuplicates	Tracking 156411 as yet unmatched pairs. 4625 records in RAM.
INFO	2020-01-19 23:06:48	MarkDuplicates	Read    14,000,000 records.  Elapsed time: 00:05:26s.  Time for last 1,000,000:   19s.  Last read position: 2:1,444,353
INFO	2020-01-19 23:06:48	MarkDuplicates	Tracking 157878 as yet unmatched pairs. 25283 records in RAM.
INFO	2020-01-19 23:07:41	MarkDuplicates	Read    15,000,000 records.  Elapsed time: 00:06:19s.  Time for last 1,000,000:   52s.  Last read position: 2:143,604,260
INFO	2020-01-19 23:07:41	MarkDuplicates	Tracking 157390 as yet unmatched pairs. 13131 records in RAM.
INFO	2020-01-19 23:07:51	MarkDuplicates	Read    16,000,000 records.  Elapsed time: 00:06:29s.  Time for last 1,000,000:    9s.  Last read position: 2:236,706,302
INFO	2020-01-19 23:07:51	MarkDuplicates	Tracking 156357 as yet unmatched pairs. 3563 records in RAM.
INFO	2020-01-19 23:08:03	MarkDuplicates	Read    17,000,000 records.  Elapsed time: 00:06:41s.  Time for last 1,000,000:   12s.  Last read position: 3:53,635,218
INFO	2020-01-19 23:08:03	MarkDuplicates	Tracking 154219 as yet unmatched pairs. 19139 records in RAM.
INFO	2020-01-19 23:08:09	MarkDuplicates	Read    18,000,000 records.  Elapsed time: 00:06:47s.  Time for last 1,000,000:    5s.  Last read position: 3:118,367,680
INFO	2020-01-19 23:08:09	MarkDuplicates	Tracking 151622 as yet unmatched pairs. 10503 records in RAM.
INFO	2020-01-19 23:08:55	MarkDuplicates	Read    19,000,000 records.  Elapsed time: 00:07:33s.  Time for last 1,000,000:   46s.  Last read position: 4:9,760,371
INFO	2020-01-19 23:08:55	MarkDuplicates	Tracking 146378 as yet unmatched pairs. 22988 records in RAM.
INFO	2020-01-19 23:09:01	MarkDuplicates	Read    20,000,000 records.  Elapsed time: 00:07:39s.  Time for last 1,000,000:    5s.  Last read position: 4:118,749,328
INFO	2020-01-19 23:09:01	MarkDuplicates	Tracking 139792 as yet unmatched pairs. 9512 records in RAM.
INFO	2020-01-19 23:09:15	MarkDuplicates	Read    21,000,000 records.  Elapsed time: 00:07:53s.  Time for last 1,000,000:   13s.  Last read position: 5:33,097,646
INFO	2020-01-19 23:09:15	MarkDuplicates	Tracking 131428 as yet unmatched pairs. 24705 records in RAM.
INFO	2020-01-19 23:09:30	MarkDuplicates	Read    22,000,000 records.  Elapsed time: 00:08:08s.  Time for last 1,000,000:   15s.  Last read position: 5:129,361,683
INFO	2020-01-19 23:09:30	MarkDuplicates	Tracking 123143 as yet unmatched pairs. 11401 records in RAM.
INFO	2020-01-19 23:09:55	MarkDuplicates	Read    23,000,000 records.  Elapsed time: 00:08:33s.  Time for last 1,000,000:   24s.  Last read position: 6:18,948,359
INFO	2020-01-19 23:09:55	MarkDuplicates	Tracking 113127 as yet unmatched pairs. 22469 records in RAM.
INFO	2020-01-19 23:10:13	MarkDuplicates	Read    24,000,000 records.  Elapsed time: 00:08:51s.  Time for last 1,000,000:   17s.  Last read position: 6:124,224,546
INFO	2020-01-19 23:10:13	MarkDuplicates	Tracking 98796 as yet unmatched pairs. 3437 records in RAM.
INFO	2020-01-19 23:10:26	MarkDuplicates	Read    25,000,000 records.  Elapsed time: 00:09:04s.  Time for last 1,000,000:   13s.  Last read position: 7:81,403,414
INFO	2020-01-19 23:10:26	MarkDuplicates	Tracking 83292 as yet unmatched pairs. 11678 records in RAM.
INFO	2020-01-19 23:11:17	MarkDuplicates	Read    26,000,000 records.  Elapsed time: 00:09:55s.  Time for last 1,000,000:   50s.  Last read position: 8:46,959,383
INFO	2020-01-19 23:11:17	MarkDuplicates	Tracking 67380 as yet unmatched pairs. 20674 records in RAM.
INFO	2020-01-19 23:11:36	MarkDuplicates	Read    27,000,000 records.  Elapsed time: 00:10:14s.  Time for last 1,000,000:   19s.  Last read position: 8:117,354,839
INFO	2020-01-19 23:11:36	MarkDuplicates	Tracking 52147 as yet unmatched pairs. 4092 records in RAM.
INFO	2020-01-19 23:11:58	MarkDuplicates	Read    28,000,000 records.  Elapsed time: 00:10:36s.  Time for last 1,000,000:   22s.  Last read position: 9:75,389,915
INFO	2020-01-19 23:11:58	MarkDuplicates	Tracking 33717 as yet unmatched pairs. 8612 records in RAM.
INFO	2020-01-19 23:12:26	MarkDuplicates	Read    29,000,000 records.  Elapsed time: 00:11:04s.  Time for last 1,000,000:   27s.  Last read position: X:112,591,479
INFO	2020-01-19 23:12:26	MarkDuplicates	Tracking 7736 as yet unmatched pairs. 7080 records in RAM.
INFO	2020-01-19 23:13:51	MarkDuplicates	Read 29330063 records. 0 pairs never matched.
INFO	2020-01-19 23:14:10	MarkDuplicates	After buildSortedReadEndLists freeMemory: 11402338104; totalMemory: 15146156032; maxMemory: 28631367680
INFO	2020-01-19 23:14:10	MarkDuplicates	Will retain up to 894730240 duplicate indices before spilling to disk.
INFO	2020-01-19 23:14:14	MarkDuplicates	Traversing read pair information and detecting duplicates.
INFO	2020-01-19 23:16:22	MarkDuplicates	Traversing fragment information and detecting duplicates.
INFO	2020-01-19 23:16:25	MarkDuplicates	Sorting list of duplicate records.
INFO	2020-01-19 23:16:27	MarkDuplicates	After generateDuplicateIndexes freeMemory: 17749125952; totalMemory: 25033703424; maxMemory: 28631367680
INFO	2020-01-19 23:16:27	MarkDuplicates	Marking 5926146 records as duplicates.
INFO	2020-01-19 23:16:27	MarkDuplicates	Found 7562 optical duplicate clusters.
INFO	2020-01-19 23:16:27	MarkDuplicates	Reads are assumed to be ordered by: coordinate
INFO	2020-01-19 23:21:17	MarkDuplicates	Written    10,000,000 records.  Elapsed time: 00:04:50s.  Time for last 10,000,000:  290s.  Last read position: 1:5,278,539
INFO	2020-01-19 23:24:29	MarkDuplicates	Written    20,000,000 records.  Elapsed time: 00:08:02s.  Time for last 10,000,000:  192s.  Last read position: 4:118,749,328
INFO	2020-01-19 23:29:23	MarkDuplicates	Written    30,000,000 records.  Elapsed time: 00:12:56s.  Time for last 10,000,000:  293s.  Last read position: */*
INFO	2020-01-19 23:31:32	MarkDuplicates	Writing complete. Closing input iterator.
INFO	2020-01-19 23:31:32	MarkDuplicates	Duplicate Index cleanup.
INFO	2020-01-19 23:31:32	MarkDuplicates	Getting Memory Stats.
INFO	2020-01-19 23:31:32	MarkDuplicates	Before output close freeMemory: 24871400024; totalMemory: 25068830720; maxMemory: 28631367680
INFO	2020-01-19 23:31:32	MarkDuplicates	Closed outputs. Getting more Memory Stats.
INFO	2020-01-19 23:31:32	MarkDuplicates	After output close freeMemory: 24402686552; totalMemory: 24600117248; maxMemory: 28631367680
[Sun Jan 19 23:31:32 UTC 2020] picard.sam.markduplicates.MarkDuplicates done. Elapsed time: 30.45 minutes.
Runtime.totalMemory()=24600117248
samtools depth: Could not read file "/scratch/gregg_thomas/Murinae-seq/Targets/tiles-rnor6-coords.bed": No such file or directory
