INFO	2020-01-19 22:58:59	MarkDuplicates	

********** NOTE: Picard's command line syntax is changing.
**********
********** For more information, please see:
********** https://github.com/broadinstitute/picard/wiki/Command-Line-Syntax-Transition-For-Users-(Pre-Transition)
**********
********** The command line looks like this in the new syntax:
**********
**********    MarkDuplicates -I /scratch/gregg_thomas/Murinae-seq/03B-MappedRat/Chiropodomys-gliroides/Chiropodomys-gliroides.sorted.bam -O /scratch/gregg_thomas/Murinae-seq/03B-MappedRat/Chiropodomys-gliroides/Chiropodomys-gliroides.sorted.mkdup.bam -M /scratch/gregg_thomas/Murinae-seq/03B-MappedRat/Chiropodomys-gliroides/Chiropodomys-gliroides-mkdup-metrics.txt
**********


22:59:00.038 INFO  NativeLibraryLoader - Loading libgkl_compression.so from jar:file:/home/gregg_thomas/bin/picard.jar!/com/intel/gkl/native/libgkl_compression.so
[Sun Jan 19 22:59:00 UTC 2020] MarkDuplicates INPUT=[/scratch/gregg_thomas/Murinae-seq/03B-MappedRat/Chiropodomys-gliroides/Chiropodomys-gliroides.sorted.bam] OUTPUT=/scratch/gregg_thomas/Murinae-seq/03B-MappedRat/Chiropodomys-gliroides/Chiropodomys-gliroides.sorted.mkdup.bam METRICS_FILE=/scratch/gregg_thomas/Murinae-seq/03B-MappedRat/Chiropodomys-gliroides/Chiropodomys-gliroides-mkdup-metrics.txt    MAX_SEQUENCES_FOR_DISK_READ_ENDS_MAP=50000 MAX_FILE_HANDLES_FOR_READ_ENDS_MAP=8000 SORTING_COLLECTION_SIZE_RATIO=0.25 TAG_DUPLICATE_SET_MEMBERS=false REMOVE_SEQUENCING_DUPLICATES=false TAGGING_POLICY=DontTag CLEAR_DT=true DUPLEX_UMI=false ADD_PG_TAG_TO_READS=true REMOVE_DUPLICATES=false ASSUME_SORTED=false DUPLICATE_SCORING_STRATEGY=SUM_OF_BASE_QUALITIES PROGRAM_RECORD_ID=MarkDuplicates PROGRAM_GROUP_NAME=MarkDuplicates READ_NAME_REGEX=<optimized capture of last three ':' separated fields as numeric values> OPTICAL_DUPLICATE_PIXEL_DISTANCE=100 MAX_OPTICAL_DUPLICATE_SET_SIZE=300000 VERBOSITY=INFO QUIET=false VALIDATION_STRINGENCY=STRICT COMPRESSION_LEVEL=5 MAX_RECORDS_IN_RAM=500000 CREATE_INDEX=false CREATE_MD5_FILE=false GA4GH_CLIENT_SECRETS=client_secrets.json USE_JDK_DEFLATER=false USE_JDK_INFLATER=false
[Sun Jan 19 22:59:00 UTC 2020] Executing as gregg_thomas@ecae4883a231 on Linux 4.4.0-104-generic amd64; Java HotSpot(TM) 64-Bit Server VM 1.8.0_221-b11; Deflater: Intel; Inflater: Intel; Provider GCS is not available; Picard version: 2.20.6-SNAPSHOT
INFO	2020-01-19 22:59:00	MarkDuplicates	Start of doWork freeMemory: 2037674496; totalMemory: 2058354688; maxMemory: 28631367680
INFO	2020-01-19 22:59:00	MarkDuplicates	Reading input file and constructing read end information.
INFO	2020-01-19 22:59:00	MarkDuplicates	Will retain up to 103736839 data points before spilling to disk.
INFO	2020-01-19 22:59:46	MarkDuplicates	Read     1,000,000 records.  Elapsed time: 00:00:36s.  Time for last 1,000,000:   36s.  Last read position: 10:59,254,319
INFO	2020-01-19 22:59:46	MarkDuplicates	Tracking 17391 as yet unmatched pairs. 858 records in RAM.
INFO	2020-01-19 23:00:18	MarkDuplicates	Read     2,000,000 records.  Elapsed time: 00:01:08s.  Time for last 1,000,000:   32s.  Last read position: 10:95,768,708
INFO	2020-01-19 23:00:18	MarkDuplicates	Tracking 32535 as yet unmatched pairs. 375 records in RAM.
INFO	2020-01-19 23:00:29	MarkDuplicates	Read     3,000,000 records.  Elapsed time: 00:01:20s.  Time for last 1,000,000:   11s.  Last read position: 11:84,977,136
INFO	2020-01-19 23:00:29	MarkDuplicates	Tracking 53234 as yet unmatched pairs. 401 records in RAM.
INFO	2020-01-19 23:01:07	MarkDuplicates	Read     4,000,000 records.  Elapsed time: 00:01:57s.  Time for last 1,000,000:   37s.  Last read position: 13:48,818,090
INFO	2020-01-19 23:01:07	MarkDuplicates	Tracking 73850 as yet unmatched pairs. 2304 records in RAM.
INFO	2020-01-19 23:01:35	MarkDuplicates	Read     5,000,000 records.  Elapsed time: 00:02:25s.  Time for last 1,000,000:   27s.  Last read position: 14:20,577,679
INFO	2020-01-19 23:01:35	MarkDuplicates	Tracking 88963 as yet unmatched pairs. 3398 records in RAM.
INFO	2020-01-19 23:01:47	MarkDuplicates	Read     6,000,000 records.  Elapsed time: 00:02:38s.  Time for last 1,000,000:   12s.  Last read position: 14:115,339,431
INFO	2020-01-19 23:01:47	MarkDuplicates	Tracking 102692 as yet unmatched pairs. 141 records in RAM.
INFO	2020-01-19 23:01:58	MarkDuplicates	Read     7,000,000 records.  Elapsed time: 00:02:48s.  Time for last 1,000,000:   10s.  Last read position: 16:8,320,902
INFO	2020-01-19 23:01:58	MarkDuplicates	Tracking 116024 as yet unmatched pairs. 3577 records in RAM.
INFO	2020-01-19 23:02:35	MarkDuplicates	Read     8,000,000 records.  Elapsed time: 00:03:25s.  Time for last 1,000,000:   36s.  Last read position: 17:42,626,806
INFO	2020-01-19 23:02:35	MarkDuplicates	Tracking 128225 as yet unmatched pairs. 3128 records in RAM.
INFO	2020-01-19 23:03:06	MarkDuplicates	Read     9,000,000 records.  Elapsed time: 00:03:56s.  Time for last 1,000,000:   31s.  Last read position: 18:52,356,040
INFO	2020-01-19 23:03:06	MarkDuplicates	Tracking 137905 as yet unmatched pairs. 2075 records in RAM.
INFO	2020-01-19 23:03:33	MarkDuplicates	Read    10,000,000 records.  Elapsed time: 00:04:23s.  Time for last 1,000,000:   27s.  Last read position: 1:8,846,831
INFO	2020-01-19 23:03:33	MarkDuplicates	Tracking 146109 as yet unmatched pairs. 24209 records in RAM.
INFO	2020-01-19 23:03:57	MarkDuplicates	Read    11,000,000 records.  Elapsed time: 00:04:48s.  Time for last 1,000,000:   24s.  Last read position: 1:100,992,343
INFO	2020-01-19 23:03:57	MarkDuplicates	Tracking 151797 as yet unmatched pairs. 17210 records in RAM.
INFO	2020-01-19 23:04:25	MarkDuplicates	Read    12,000,000 records.  Elapsed time: 00:05:16s.  Time for last 1,000,000:   28s.  Last read position: 1:193,448,655
INFO	2020-01-19 23:04:25	MarkDuplicates	Tracking 156219 as yet unmatched pairs. 10261 records in RAM.
INFO	2020-01-19 23:04:41	MarkDuplicates	Read    13,000,000 records.  Elapsed time: 00:05:31s.  Time for last 1,000,000:   15s.  Last read position: 1:260,837,296
INFO	2020-01-19 23:04:41	MarkDuplicates	Tracking 158499 as yet unmatched pairs. 3041 records in RAM.
INFO	2020-01-19 23:04:57	MarkDuplicates	Read    14,000,000 records.  Elapsed time: 00:05:47s.  Time for last 1,000,000:   16s.  Last read position: 2:27,278,980
INFO	2020-01-19 23:04:57	MarkDuplicates	Tracking 159905 as yet unmatched pairs. 23629 records in RAM.
INFO	2020-01-19 23:05:36	MarkDuplicates	Read    15,000,000 records.  Elapsed time: 00:06:26s.  Time for last 1,000,000:   38s.  Last read position: 2:175,234,456
INFO	2020-01-19 23:05:36	MarkDuplicates	Tracking 160028 as yet unmatched pairs. 12416 records in RAM.
INFO	2020-01-19 23:05:45	MarkDuplicates	Read    16,000,000 records.  Elapsed time: 00:06:35s.  Time for last 1,000,000:    9s.  Last read position: 2:257,500,306
INFO	2020-01-19 23:05:45	MarkDuplicates	Tracking 157843 as yet unmatched pairs. 1389 records in RAM.
INFO	2020-01-19 23:05:55	MarkDuplicates	Read    17,000,000 records.  Elapsed time: 00:06:45s.  Time for last 1,000,000:    9s.  Last read position: 3:61,622,279
INFO	2020-01-19 23:05:55	MarkDuplicates	Tracking 155172 as yet unmatched pairs. 16853 records in RAM.
INFO	2020-01-19 23:06:08	MarkDuplicates	Read    18,000,000 records.  Elapsed time: 00:06:58s.  Time for last 1,000,000:   12s.  Last read position: 3:125,184,325
INFO	2020-01-19 23:06:08	MarkDuplicates	Tracking 152119 as yet unmatched pairs. 8031 records in RAM.
INFO	2020-01-19 23:07:01	MarkDuplicates	Read    19,000,000 records.  Elapsed time: 00:07:52s.  Time for last 1,000,000:   53s.  Last read position: 4:30,500,579
INFO	2020-01-19 23:07:01	MarkDuplicates	Tracking 147205 as yet unmatched pairs. 20131 records in RAM.
INFO	2020-01-19 23:07:20	MarkDuplicates	Read    20,000,000 records.  Elapsed time: 00:08:10s.  Time for last 1,000,000:   18s.  Last read position: 4:143,687,032
INFO	2020-01-19 23:07:20	MarkDuplicates	Tracking 140814 as yet unmatched pairs. 6976 records in RAM.
INFO	2020-01-19 23:07:43	MarkDuplicates	Read    21,000,000 records.  Elapsed time: 00:08:33s.  Time for last 1,000,000:   23s.  Last read position: 5:58,160,602
INFO	2020-01-19 23:07:43	MarkDuplicates	Tracking 132752 as yet unmatched pairs. 22902 records in RAM.
INFO	2020-01-19 23:08:00	MarkDuplicates	Read    22,000,000 records.  Elapsed time: 00:08:50s.  Time for last 1,000,000:   16s.  Last read position: 5:142,449,462
INFO	2020-01-19 23:08:00	MarkDuplicates	Tracking 123903 as yet unmatched pairs. 9248 records in RAM.
INFO	2020-01-19 23:08:09	MarkDuplicates	Read    23,000,000 records.  Elapsed time: 00:08:59s.  Time for last 1,000,000:    8s.  Last read position: 6:41,117,143
INFO	2020-01-19 23:08:09	MarkDuplicates	Tracking 113209 as yet unmatched pairs. 18687 records in RAM.
INFO	2020-01-19 23:08:20	MarkDuplicates	Read    24,000,000 records.  Elapsed time: 00:09:10s.  Time for last 1,000,000:   11s.  Last read position: 7:2,571,281
INFO	2020-01-19 23:08:20	MarkDuplicates	Tracking 98725 as yet unmatched pairs. 26012 records in RAM.
INFO	2020-01-19 23:08:50	MarkDuplicates	Read    25,000,000 records.  Elapsed time: 00:09:40s.  Time for last 1,000,000:   29s.  Last read position: 7:119,188,897
INFO	2020-01-19 23:08:50	MarkDuplicates	Tracking 83452 as yet unmatched pairs. 7215 records in RAM.
INFO	2020-01-19 23:08:57	MarkDuplicates	Read    26,000,000 records.  Elapsed time: 00:09:47s.  Time for last 1,000,000:    7s.  Last read position: 8:62,330,086
INFO	2020-01-19 23:08:57	MarkDuplicates	Tracking 68210 as yet unmatched pairs. 17551 records in RAM.
INFO	2020-01-19 23:09:10	MarkDuplicates	Read    27,000,000 records.  Elapsed time: 00:10:00s.  Time for last 1,000,000:   12s.  Last read position: 9:119,090
INFO	2020-01-19 23:09:10	MarkDuplicates	Tracking 52264 as yet unmatched pairs. 24193 records in RAM.
INFO	2020-01-19 23:09:14	MarkDuplicates	Read    28,000,000 records.  Elapsed time: 00:10:05s.  Time for last 1,000,000:    4s.  Last read position: 9:95,056,090
INFO	2020-01-19 23:09:14	MarkDuplicates	Tracking 34250 as yet unmatched pairs. 5180 records in RAM.
INFO	2020-01-19 23:10:14	MarkDuplicates	Read    29,000,000 records.  Elapsed time: 00:11:04s.  Time for last 1,000,000:   59s.  Last read position: X:146,028,972
INFO	2020-01-19 23:10:14	MarkDuplicates	Tracking 2770 as yet unmatched pairs. 2340 records in RAM.
INFO	2020-01-19 23:10:15	MarkDuplicates	Read 29122003 records. 0 pairs never matched.
INFO	2020-01-19 23:11:16	MarkDuplicates	After buildSortedReadEndLists freeMemory: 11423804304; totalMemory: 15215362048; maxMemory: 28631367680
INFO	2020-01-19 23:11:16	MarkDuplicates	Will retain up to 894730240 duplicate indices before spilling to disk.
INFO	2020-01-19 23:11:24	MarkDuplicates	Traversing read pair information and detecting duplicates.
INFO	2020-01-19 23:14:04	MarkDuplicates	Traversing fragment information and detecting duplicates.
INFO	2020-01-19 23:14:11	MarkDuplicates	Sorting list of duplicate records.
INFO	2020-01-19 23:14:13	MarkDuplicates	After generateDuplicateIndexes freeMemory: 18046383304; totalMemory: 25329926144; maxMemory: 28631367680
INFO	2020-01-19 23:14:13	MarkDuplicates	Marking 5966788 records as duplicates.
INFO	2020-01-19 23:14:13	MarkDuplicates	Found 7287 optical duplicate clusters.
INFO	2020-01-19 23:14:13	MarkDuplicates	Reads are assumed to be ordered by: coordinate
INFO	2020-01-19 23:18:51	MarkDuplicates	Written    10,000,000 records.  Elapsed time: 00:04:37s.  Time for last 10,000,000:  277s.  Last read position: 1:8,846,831
INFO	2020-01-19 23:23:39	MarkDuplicates	Written    20,000,000 records.  Elapsed time: 00:09:26s.  Time for last 10,000,000:  288s.  Last read position: 4:143,687,032
INFO	2020-01-19 23:27:22	MarkDuplicates	Written    30,000,000 records.  Elapsed time: 00:13:09s.  Time for last 10,000,000:  222s.  Last read position: */*
INFO	2020-01-19 23:28:55	MarkDuplicates	Writing complete. Closing input iterator.
INFO	2020-01-19 23:28:55	MarkDuplicates	Duplicate Index cleanup.
INFO	2020-01-19 23:28:55	MarkDuplicates	Getting Memory Stats.
INFO	2020-01-19 23:28:55	MarkDuplicates	Before output close freeMemory: 25253932144; totalMemory: 25450512384; maxMemory: 28631367680
INFO	2020-01-19 23:28:55	MarkDuplicates	Closed outputs. Getting more Memory Stats.
INFO	2020-01-19 23:28:55	MarkDuplicates	After output close freeMemory: 24767917168; totalMemory: 24964497408; maxMemory: 28631367680
[Sun Jan 19 23:28:55 UTC 2020] picard.sam.markduplicates.MarkDuplicates done. Elapsed time: 29.93 minutes.
Runtime.totalMemory()=24964497408
samtools depth: Could not read file "/scratch/gregg_thomas/Murinae-seq/Targets/tiles-rnor6-coords.bed": No such file or directory
