INFO	2020-01-20 04:18:02	MarkDuplicates	

********** NOTE: Picard's command line syntax is changing.
**********
********** For more information, please see:
********** https://github.com/broadinstitute/picard/wiki/Command-Line-Syntax-Transition-For-Users-(Pre-Transition)
**********
********** The command line looks like this in the new syntax:
**********
**********    MarkDuplicates -I /scratch/gregg_thomas/Murinae-seq/03B-MappedRat/Conilurus-penicillatus/Conilurus-penicillatus.sorted.bam -O /scratch/gregg_thomas/Murinae-seq/03B-MappedRat/Conilurus-penicillatus/Conilurus-penicillatus.sorted.mkdup.bam -M /scratch/gregg_thomas/Murinae-seq/03B-MappedRat/Conilurus-penicillatus/Conilurus-penicillatus-mkdup-metrics.txt
**********


04:18:03.389 INFO  NativeLibraryLoader - Loading libgkl_compression.so from jar:file:/home/gregg_thomas/bin/picard.jar!/com/intel/gkl/native/libgkl_compression.so
[Mon Jan 20 04:18:03 UTC 2020] MarkDuplicates INPUT=[/scratch/gregg_thomas/Murinae-seq/03B-MappedRat/Conilurus-penicillatus/Conilurus-penicillatus.sorted.bam] OUTPUT=/scratch/gregg_thomas/Murinae-seq/03B-MappedRat/Conilurus-penicillatus/Conilurus-penicillatus.sorted.mkdup.bam METRICS_FILE=/scratch/gregg_thomas/Murinae-seq/03B-MappedRat/Conilurus-penicillatus/Conilurus-penicillatus-mkdup-metrics.txt    MAX_SEQUENCES_FOR_DISK_READ_ENDS_MAP=50000 MAX_FILE_HANDLES_FOR_READ_ENDS_MAP=8000 SORTING_COLLECTION_SIZE_RATIO=0.25 TAG_DUPLICATE_SET_MEMBERS=false REMOVE_SEQUENCING_DUPLICATES=false TAGGING_POLICY=DontTag CLEAR_DT=true DUPLEX_UMI=false ADD_PG_TAG_TO_READS=true REMOVE_DUPLICATES=false ASSUME_SORTED=false DUPLICATE_SCORING_STRATEGY=SUM_OF_BASE_QUALITIES PROGRAM_RECORD_ID=MarkDuplicates PROGRAM_GROUP_NAME=MarkDuplicates READ_NAME_REGEX=<optimized capture of last three ':' separated fields as numeric values> OPTICAL_DUPLICATE_PIXEL_DISTANCE=100 MAX_OPTICAL_DUPLICATE_SET_SIZE=300000 VERBOSITY=INFO QUIET=false VALIDATION_STRINGENCY=STRICT COMPRESSION_LEVEL=5 MAX_RECORDS_IN_RAM=500000 CREATE_INDEX=false CREATE_MD5_FILE=false GA4GH_CLIENT_SECRETS=client_secrets.json USE_JDK_DEFLATER=false USE_JDK_INFLATER=false
[Mon Jan 20 04:18:03 UTC 2020] Executing as gregg_thomas@ecae4883a231 on Linux 4.4.0-104-generic amd64; Java HotSpot(TM) 64-Bit Server VM 1.8.0_221-b11; Deflater: Intel; Inflater: Intel; Provider GCS is not available; Picard version: 2.20.6-SNAPSHOT
INFO	2020-01-20 04:18:03	MarkDuplicates	Start of doWork freeMemory: 2037674456; totalMemory: 2058354688; maxMemory: 28631367680
INFO	2020-01-20 04:18:03	MarkDuplicates	Reading input file and constructing read end information.
INFO	2020-01-20 04:18:03	MarkDuplicates	Will retain up to 103736839 data points before spilling to disk.
INFO	2020-01-20 04:18:18	MarkDuplicates	Read     1,000,000 records.  Elapsed time: 00:00:14s.  Time for last 1,000,000:   14s.  Last read position: 10:65,529,791
INFO	2020-01-20 04:18:18	MarkDuplicates	Tracking 46520 as yet unmatched pairs. 1465 records in RAM.
INFO	2020-01-20 04:18:32	MarkDuplicates	Read     2,000,000 records.  Elapsed time: 00:00:28s.  Time for last 1,000,000:   14s.  Last read position: 11:23,868,781
INFO	2020-01-20 04:18:32	MarkDuplicates	Tracking 92344 as yet unmatched pairs. 2865 records in RAM.
INFO	2020-01-20 04:18:51	MarkDuplicates	Read     3,000,000 records.  Elapsed time: 00:00:46s.  Time for last 1,000,000:   18s.  Last read position: 12:24,722,187
INFO	2020-01-20 04:18:51	MarkDuplicates	Tracking 150810 as yet unmatched pairs. 2841 records in RAM.
INFO	2020-01-20 04:19:08	MarkDuplicates	Read     4,000,000 records.  Elapsed time: 00:01:03s.  Time for last 1,000,000:   16s.  Last read position: 13:92,280,973
INFO	2020-01-20 04:19:08	MarkDuplicates	Tracking 201452 as yet unmatched pairs. 1917 records in RAM.
INFO	2020-01-20 04:19:19	MarkDuplicates	Read     5,000,000 records.  Elapsed time: 00:01:15s.  Time for last 1,000,000:   11s.  Last read position: 14:86,371,895
INFO	2020-01-20 04:19:19	MarkDuplicates	Tracking 242414 as yet unmatched pairs. 2647 records in RAM.
INFO	2020-01-20 04:19:37	MarkDuplicates	Read     6,000,000 records.  Elapsed time: 00:01:32s.  Time for last 1,000,000:   17s.  Last read position: 15:110,912,419
INFO	2020-01-20 04:19:37	MarkDuplicates	Tracking 284522 as yet unmatched pairs. 57 records in RAM.
INFO	2020-01-20 04:19:50	MarkDuplicates	Read     7,000,000 records.  Elapsed time: 00:01:46s.  Time for last 1,000,000:   13s.  Last read position: 17:31,402,807
INFO	2020-01-20 04:19:50	MarkDuplicates	Tracking 317130 as yet unmatched pairs. 8543 records in RAM.
INFO	2020-01-20 04:20:48	MarkDuplicates	Read     8,000,000 records.  Elapsed time: 00:02:43s.  Time for last 1,000,000:   57s.  Last read position: 18:55,821,485
INFO	2020-01-20 04:20:48	MarkDuplicates	Tracking 343122 as yet unmatched pairs. 5285 records in RAM.
INFO	2020-01-20 04:21:13	MarkDuplicates	Read     9,000,000 records.  Elapsed time: 00:03:08s.  Time for last 1,000,000:   24s.  Last read position: 1:22,529,539
INFO	2020-01-20 04:21:13	MarkDuplicates	Tracking 366262 as yet unmatched pairs. 59267 records in RAM.
INFO	2020-01-20 04:21:44	MarkDuplicates	Read    10,000,000 records.  Elapsed time: 00:03:39s.  Time for last 1,000,000:   31s.  Last read position: 1:115,155,357
INFO	2020-01-20 04:21:44	MarkDuplicates	Tracking 380162 as yet unmatched pairs. 41788 records in RAM.
INFO	2020-01-20 04:22:06	MarkDuplicates	Read    11,000,000 records.  Elapsed time: 00:04:01s.  Time for last 1,000,000:   22s.  Last read position: 1:215,815,737
INFO	2020-01-20 04:22:06	MarkDuplicates	Tracking 390790 as yet unmatched pairs. 19123 records in RAM.
INFO	2020-01-20 04:22:17	MarkDuplicates	Read    12,000,000 records.  Elapsed time: 00:04:13s.  Time for last 1,000,000:   11s.  Last read position: 20:13,037,581
INFO	2020-01-20 04:22:17	MarkDuplicates	Tracking 395100 as yet unmatched pairs. 12242 records in RAM.
INFO	2020-01-20 04:22:53	MarkDuplicates	Read    13,000,000 records.  Elapsed time: 00:04:48s.  Time for last 1,000,000:   35s.  Last read position: 2:115,954,853
INFO	2020-01-20 04:22:53	MarkDuplicates	Tracking 397603 as yet unmatched pairs. 38200 records in RAM.
INFO	2020-01-20 04:23:35	MarkDuplicates	Read    14,000,000 records.  Elapsed time: 00:05:30s.  Time for last 1,000,000:   42s.  Last read position: 2:227,577,919
INFO	2020-01-20 04:23:35	MarkDuplicates	Tracking 394376 as yet unmatched pairs. 10361 records in RAM.
INFO	2020-01-20 04:24:01	MarkDuplicates	Read    15,000,000 records.  Elapsed time: 00:05:56s.  Time for last 1,000,000:   25s.  Last read position: 3:60,146,846
INFO	2020-01-20 04:24:01	MarkDuplicates	Tracking 387166 as yet unmatched pairs. 42200 records in RAM.
INFO	2020-01-20 04:24:17	MarkDuplicates	Read    16,000,000 records.  Elapsed time: 00:06:12s.  Time for last 1,000,000:   16s.  Last read position: 3:147,062,430
INFO	2020-01-20 04:24:17	MarkDuplicates	Tracking 378036 as yet unmatched pairs. 14961 records in RAM.
INFO	2020-01-20 04:25:40	MarkDuplicates	Read    17,000,000 records.  Elapsed time: 00:07:35s.  Time for last 1,000,000:   83s.  Last read position: 4:64,733,500
INFO	2020-01-20 04:25:40	MarkDuplicates	Tracking 363845 as yet unmatched pairs. 44451 records in RAM.
INFO	2020-01-20 04:25:52	MarkDuplicates	Read    18,000,000 records.  Elapsed time: 00:07:47s.  Time for last 1,000,000:   11s.  Last read position: 4:179,485,927
INFO	2020-01-20 04:25:52	MarkDuplicates	Tracking 342420 as yet unmatched pairs. 3117 records in RAM.
INFO	2020-01-20 04:26:29	MarkDuplicates	Read    19,000,000 records.  Elapsed time: 00:08:24s.  Time for last 1,000,000:   37s.  Last read position: 5:119,290,508
INFO	2020-01-20 04:26:29	MarkDuplicates	Tracking 317191 as yet unmatched pairs. 34081 records in RAM.
INFO	2020-01-20 04:27:11	MarkDuplicates	Read    20,000,000 records.  Elapsed time: 00:09:07s.  Time for last 1,000,000:   42s.  Last read position: 6:6,181,081
INFO	2020-01-20 04:27:11	MarkDuplicates	Tracking 292096 as yet unmatched pairs. 60657 records in RAM.
INFO	2020-01-20 04:27:21	MarkDuplicates	Read    21,000,000 records.  Elapsed time: 00:09:16s.  Time for last 1,000,000:    9s.  Last read position: 6:128,211,319
INFO	2020-01-20 04:27:21	MarkDuplicates	Tracking 252815 as yet unmatched pairs. 7928 records in RAM.
INFO	2020-01-20 04:27:50	MarkDuplicates	Read    22,000,000 records.  Elapsed time: 00:09:46s.  Time for last 1,000,000:   29s.  Last read position: 7:107,483,956
INFO	2020-01-20 04:27:50	MarkDuplicates	Tracking 210705 as yet unmatched pairs. 23674 records in RAM.
INFO	2020-01-20 04:28:29	MarkDuplicates	Read    23,000,000 records.  Elapsed time: 00:10:25s.  Time for last 1,000,000:   39s.  Last read position: 8:61,593,503
INFO	2020-01-20 04:28:29	MarkDuplicates	Tracking 167906 as yet unmatched pairs. 43466 records in RAM.
INFO	2020-01-20 04:28:58	MarkDuplicates	Read    24,000,000 records.  Elapsed time: 00:10:53s.  Time for last 1,000,000:   28s.  Last read position: 9:17,879,814
INFO	2020-01-20 04:28:58	MarkDuplicates	Tracking 120787 as yet unmatched pairs. 53613 records in RAM.
INFO	2020-01-20 04:29:22	MarkDuplicates	Read    25,000,000 records.  Elapsed time: 00:11:17s.  Time for last 1,000,000:   23s.  Last read position: X:14,633,941
INFO	2020-01-20 04:29:22	MarkDuplicates	Tracking 63692 as yet unmatched pairs. 62676 records in RAM.
INFO	2020-01-20 04:29:33	MarkDuplicates	Read 25807785 records. 0 pairs never matched.
INFO	2020-01-20 04:30:36	MarkDuplicates	After buildSortedReadEndLists freeMemory: 10284127072; totalMemory: 13856931840; maxMemory: 28631367680
INFO	2020-01-20 04:30:36	MarkDuplicates	Will retain up to 894730240 duplicate indices before spilling to disk.
INFO	2020-01-20 04:30:38	MarkDuplicates	Traversing read pair information and detecting duplicates.
INFO	2020-01-20 04:33:03	MarkDuplicates	Traversing fragment information and detecting duplicates.
INFO	2020-01-20 04:33:05	MarkDuplicates	Sorting list of duplicate records.
INFO	2020-01-20 04:33:07	MarkDuplicates	After generateDuplicateIndexes freeMemory: 17565241376; totalMemory: 24851251200; maxMemory: 28631367680
INFO	2020-01-20 04:33:07	MarkDuplicates	Marking 3902364 records as duplicates.
INFO	2020-01-20 04:33:07	MarkDuplicates	Found 234 optical duplicate clusters.
INFO	2020-01-20 04:33:07	MarkDuplicates	Reads are assumed to be ordered by: coordinate
INFO	2020-01-20 04:36:06	MarkDuplicates	Written    10,000,000 records.  Elapsed time: 00:02:59s.  Time for last 10,000,000:  179s.  Last read position: 1:115,155,357
INFO	2020-01-20 04:39:23	MarkDuplicates	Written    20,000,000 records.  Elapsed time: 00:06:16s.  Time for last 10,000,000:  197s.  Last read position: 6:6,181,081
INFO	2020-01-20 04:41:31	MarkDuplicates	Writing complete. Closing input iterator.
INFO	2020-01-20 04:41:31	MarkDuplicates	Duplicate Index cleanup.
INFO	2020-01-20 04:41:31	MarkDuplicates	Getting Memory Stats.
INFO	2020-01-20 04:41:31	MarkDuplicates	Before output close freeMemory: 25184400832; totalMemory: 25381830656; maxMemory: 28631367680
INFO	2020-01-20 04:41:31	MarkDuplicates	Closed outputs. Getting more Memory Stats.
INFO	2020-01-20 04:41:31	MarkDuplicates	After output close freeMemory: 24756581824; totalMemory: 24954011648; maxMemory: 28631367680
[Mon Jan 20 04:41:31 UTC 2020] picard.sam.markduplicates.MarkDuplicates done. Elapsed time: 23.47 minutes.
Runtime.totalMemory()=24954011648
samtools depth: Could not read file "/scratch/gregg_thomas/Murinae-seq/Targets/tiles-rnor6-coords.bed": No such file or directory
