INFO	2020-01-19 21:51:21	MarkDuplicates	

********** NOTE: Picard's command line syntax is changing.
**********
********** For more information, please see:
********** https://github.com/broadinstitute/picard/wiki/Command-Line-Syntax-Transition-For-Users-(Pre-Transition)
**********
********** The command line looks like this in the new syntax:
**********
**********    MarkDuplicates -I /scratch/gregg_thomas/Murinae-seq/03B-MappedRat/Hybomys-univittatus/Hybomys-univittatus.sorted.bam -O /scratch/gregg_thomas/Murinae-seq/03B-MappedRat/Hybomys-univittatus/Hybomys-univittatus.sorted.mkdup.bam -M /scratch/gregg_thomas/Murinae-seq/03B-MappedRat/Hybomys-univittatus/Hybomys-univittatus-mkdup-metrics.txt
**********


21:51:22.717 INFO  NativeLibraryLoader - Loading libgkl_compression.so from jar:file:/home/gregg_thomas/bin/picard.jar!/com/intel/gkl/native/libgkl_compression.so
[Sun Jan 19 21:51:22 UTC 2020] MarkDuplicates INPUT=[/scratch/gregg_thomas/Murinae-seq/03B-MappedRat/Hybomys-univittatus/Hybomys-univittatus.sorted.bam] OUTPUT=/scratch/gregg_thomas/Murinae-seq/03B-MappedRat/Hybomys-univittatus/Hybomys-univittatus.sorted.mkdup.bam METRICS_FILE=/scratch/gregg_thomas/Murinae-seq/03B-MappedRat/Hybomys-univittatus/Hybomys-univittatus-mkdup-metrics.txt    MAX_SEQUENCES_FOR_DISK_READ_ENDS_MAP=50000 MAX_FILE_HANDLES_FOR_READ_ENDS_MAP=8000 SORTING_COLLECTION_SIZE_RATIO=0.25 TAG_DUPLICATE_SET_MEMBERS=false REMOVE_SEQUENCING_DUPLICATES=false TAGGING_POLICY=DontTag CLEAR_DT=true DUPLEX_UMI=false ADD_PG_TAG_TO_READS=true REMOVE_DUPLICATES=false ASSUME_SORTED=false DUPLICATE_SCORING_STRATEGY=SUM_OF_BASE_QUALITIES PROGRAM_RECORD_ID=MarkDuplicates PROGRAM_GROUP_NAME=MarkDuplicates READ_NAME_REGEX=<optimized capture of last three ':' separated fields as numeric values> OPTICAL_DUPLICATE_PIXEL_DISTANCE=100 MAX_OPTICAL_DUPLICATE_SET_SIZE=300000 VERBOSITY=INFO QUIET=false VALIDATION_STRINGENCY=STRICT COMPRESSION_LEVEL=5 MAX_RECORDS_IN_RAM=500000 CREATE_INDEX=false CREATE_MD5_FILE=false GA4GH_CLIENT_SECRETS=client_secrets.json USE_JDK_DEFLATER=false USE_JDK_INFLATER=false
[Sun Jan 19 21:51:22 UTC 2020] Executing as gregg_thomas@ecae4883a231 on Linux 4.4.0-104-generic amd64; Java HotSpot(TM) 64-Bit Server VM 1.8.0_221-b11; Deflater: Intel; Inflater: Intel; Provider GCS is not available; Picard version: 2.20.6-SNAPSHOT
INFO	2020-01-19 21:51:23	MarkDuplicates	Start of doWork freeMemory: 2037674032; totalMemory: 2058354688; maxMemory: 28631367680
INFO	2020-01-19 21:51:23	MarkDuplicates	Reading input file and constructing read end information.
INFO	2020-01-19 21:51:23	MarkDuplicates	Will retain up to 103736839 data points before spilling to disk.
INFO	2020-01-19 21:51:54	MarkDuplicates	Read     1,000,000 records.  Elapsed time: 00:00:12s.  Time for last 1,000,000:   12s.  Last read position: 10:57,628,436
INFO	2020-01-19 21:51:54	MarkDuplicates	Tracking 13503 as yet unmatched pairs. 545 records in RAM.
INFO	2020-01-19 21:52:14	MarkDuplicates	Read     2,000,000 records.  Elapsed time: 00:00:32s.  Time for last 1,000,000:   20s.  Last read position: 10:89,398,467
INFO	2020-01-19 21:52:14	MarkDuplicates	Tracking 25833 as yet unmatched pairs. 492 records in RAM.
INFO	2020-01-19 21:52:21	MarkDuplicates	Read     3,000,000 records.  Elapsed time: 00:00:40s.  Time for last 1,000,000:    7s.  Last read position: 11:46,305,881
INFO	2020-01-19 21:52:21	MarkDuplicates	Tracking 39363 as yet unmatched pairs. 1051 records in RAM.
INFO	2020-01-19 21:52:37	MarkDuplicates	Read     4,000,000 records.  Elapsed time: 00:00:56s.  Time for last 1,000,000:   16s.  Last read position: 12:24,568,516
INFO	2020-01-19 21:52:37	MarkDuplicates	Tracking 55079 as yet unmatched pairs. 835 records in RAM.
INFO	2020-01-19 21:53:08	MarkDuplicates	Read     5,000,000 records.  Elapsed time: 00:01:27s.  Time for last 1,000,000:   31s.  Last read position: 13:77,638,571
INFO	2020-01-19 21:53:08	MarkDuplicates	Tracking 70588 as yet unmatched pairs. 1166 records in RAM.
INFO	2020-01-19 21:53:23	MarkDuplicates	Read     6,000,000 records.  Elapsed time: 00:01:41s.  Time for last 1,000,000:   14s.  Last read position: 14:37,468,145
INFO	2020-01-19 21:53:23	MarkDuplicates	Tracking 81994 as yet unmatched pairs. 2672 records in RAM.
INFO	2020-01-19 21:53:28	MarkDuplicates	Read     7,000,000 records.  Elapsed time: 00:01:46s.  Time for last 1,000,000:    5s.  Last read position: 15:8,755,552
INFO	2020-01-19 21:53:28	MarkDuplicates	Tracking 91305 as yet unmatched pairs. 3168 records in RAM.
INFO	2020-01-19 21:54:10	MarkDuplicates	Read     8,000,000 records.  Elapsed time: 00:02:28s.  Time for last 1,000,000:   41s.  Last read position: 16:6,892,260
INFO	2020-01-19 21:54:10	MarkDuplicates	Tracking 102048 as yet unmatched pairs. 3342 records in RAM.
INFO	2020-01-19 21:54:46	MarkDuplicates	Read     9,000,000 records.  Elapsed time: 00:03:04s.  Time for last 1,000,000:   36s.  Last read position: 17:23,531,172
INFO	2020-01-19 21:54:46	MarkDuplicates	Tracking 111493 as yet unmatched pairs. 3251 records in RAM.
INFO	2020-01-19 21:54:54	MarkDuplicates	Read    10,000,000 records.  Elapsed time: 00:03:12s.  Time for last 1,000,000:    7s.  Last read position: 18:27,357,934
INFO	2020-01-19 21:54:54	MarkDuplicates	Tracking 119760 as yet unmatched pairs. 3563 records in RAM.
INFO	2020-01-19 21:55:30	MarkDuplicates	Read    11,000,000 records.  Elapsed time: 00:03:48s.  Time for last 1,000,000:   35s.  Last read position: 19:30,962,266
INFO	2020-01-19 21:55:30	MarkDuplicates	Tracking 126845 as yet unmatched pairs. 2832 records in RAM.
INFO	2020-01-19 21:55:55	MarkDuplicates	Read    12,000,000 records.  Elapsed time: 00:04:13s.  Time for last 1,000,000:   24s.  Last read position: 1:64,732,105
INFO	2020-01-19 21:55:55	MarkDuplicates	Tracking 132677 as yet unmatched pairs. 17516 records in RAM.
INFO	2020-01-19 21:56:07	MarkDuplicates	Read    13,000,000 records.  Elapsed time: 00:04:25s.  Time for last 1,000,000:   12s.  Last read position: 1:150,974,275
INFO	2020-01-19 21:56:07	MarkDuplicates	Tracking 136997 as yet unmatched pairs. 12450 records in RAM.
INFO	2020-01-19 21:56:16	MarkDuplicates	Read    14,000,000 records.  Elapsed time: 00:04:35s.  Time for last 1,000,000:    9s.  Last read position: 1:219,125,934
INFO	2020-01-19 21:56:16	MarkDuplicates	Tracking 139600 as yet unmatched pairs. 6911 records in RAM.
INFO	2020-01-19 21:57:18	MarkDuplicates	Read    15,000,000 records.  Elapsed time: 00:05:37s.  Time for last 1,000,000:   62s.  Last read position: 1:282,162,265
INFO	2020-01-19 21:57:18	MarkDuplicates	Tracking 141224 as yet unmatched pairs. 802 records in RAM.
INFO	2020-01-19 21:57:28	MarkDuplicates	Read    16,000,000 records.  Elapsed time: 00:05:46s.  Time for last 1,000,000:    9s.  Last read position: 2:30,405,822
INFO	2020-01-19 21:57:28	MarkDuplicates	Tracking 142204 as yet unmatched pairs. 20458 records in RAM.
INFO	2020-01-19 21:57:38	MarkDuplicates	Read    17,000,000 records.  Elapsed time: 00:05:56s.  Time for last 1,000,000:   10s.  Last read position: 2:153,803,466
INFO	2020-01-19 21:57:38	MarkDuplicates	Tracking 141812 as yet unmatched pairs. 11264 records in RAM.
INFO	2020-01-19 21:57:48	MarkDuplicates	Read    18,000,000 records.  Elapsed time: 00:06:06s.  Time for last 1,000,000:   10s.  Last read position: 2:232,159,815
INFO	2020-01-19 21:57:48	MarkDuplicates	Tracking 140775 as yet unmatched pairs. 3637 records in RAM.
INFO	2020-01-19 21:59:05	MarkDuplicates	Read    19,000,000 records.  Elapsed time: 00:07:23s.  Time for last 1,000,000:   76s.  Last read position: 3:46,324,328
INFO	2020-01-19 21:59:05	MarkDuplicates	Tracking 139756 as yet unmatched pairs. 18315 records in RAM.
INFO	2020-01-19 21:59:31	MarkDuplicates	Read    20,000,000 records.  Elapsed time: 00:07:49s.  Time for last 1,000,000:   26s.  Last read position: 3:104,818,550
INFO	2020-01-19 21:59:31	MarkDuplicates	Tracking 137692 as yet unmatched pairs. 11704 records in RAM.
INFO	2020-01-19 21:59:55	MarkDuplicates	Read    21,000,000 records.  Elapsed time: 00:08:14s.  Time for last 1,000,000:   24s.  Last read position: 3:157,006,514
INFO	2020-01-19 21:59:55	MarkDuplicates	Tracking 134964 as yet unmatched pairs. 3667 records in RAM.
INFO	2020-01-19 22:00:20	MarkDuplicates	Read    22,000,000 records.  Elapsed time: 00:08:39s.  Time for last 1,000,000:   25s.  Last read position: 4:61,901,297
INFO	2020-01-19 22:00:20	MarkDuplicates	Tracking 130531 as yet unmatched pairs. 14663 records in RAM.
INFO	2020-01-19 22:00:35	MarkDuplicates	Read    23,000,000 records.  Elapsed time: 00:08:53s.  Time for last 1,000,000:   14s.  Last read position: 4:154,728,880
INFO	2020-01-19 22:00:35	MarkDuplicates	Tracking 126036 as yet unmatched pairs. 4611 records in RAM.
INFO	2020-01-19 22:01:10	MarkDuplicates	Read    24,000,000 records.  Elapsed time: 00:09:29s.  Time for last 1,000,000:   35s.  Last read position: 5:58,479,151
INFO	2020-01-19 22:01:10	MarkDuplicates	Tracking 119257 as yet unmatched pairs. 18905 records in RAM.
INFO	2020-01-19 22:01:45	MarkDuplicates	Read    25,000,000 records.  Elapsed time: 00:10:03s.  Time for last 1,000,000:   34s.  Last read position: 5:137,926,954
INFO	2020-01-19 22:01:45	MarkDuplicates	Tracking 112791 as yet unmatched pairs. 8838 records in RAM.
INFO	2020-01-19 22:01:55	MarkDuplicates	Read    26,000,000 records.  Elapsed time: 00:10:13s.  Time for last 1,000,000:    9s.  Last read position: 6:24,563,109
INFO	2020-01-19 22:01:55	MarkDuplicates	Tracking 104130 as yet unmatched pairs. 19303 records in RAM.
INFO	2020-01-19 22:02:01	MarkDuplicates	Read    27,000,000 records.  Elapsed time: 00:10:20s.  Time for last 1,000,000:    6s.  Last read position: 6:119,609,353
INFO	2020-01-19 22:02:01	MarkDuplicates	Tracking 92453 as yet unmatched pairs. 3776 records in RAM.
INFO	2020-01-19 22:02:18	MarkDuplicates	Read    28,000,000 records.  Elapsed time: 00:10:37s.  Time for last 1,000,000:   16s.  Last read position: 7:73,618,637
INFO	2020-01-19 22:02:18	MarkDuplicates	Tracking 80241 as yet unmatched pairs. 12077 records in RAM.
INFO	2020-01-19 22:03:03	MarkDuplicates	Read    29,000,000 records.  Elapsed time: 00:11:21s.  Time for last 1,000,000:   44s.  Last read position: 8:21,663,767
INFO	2020-01-19 22:03:03	MarkDuplicates	Tracking 67729 as yet unmatched pairs. 23158 records in RAM.
INFO	2020-01-19 22:03:09	MarkDuplicates	Read    30,000,000 records.  Elapsed time: 00:11:28s.  Time for last 1,000,000:    6s.  Last read position: 8:85,891,226
INFO	2020-01-19 22:03:09	MarkDuplicates	Tracking 55966 as yet unmatched pairs. 10273 records in RAM.
INFO	2020-01-19 22:03:24	MarkDuplicates	Read    31,000,000 records.  Elapsed time: 00:11:42s.  Time for last 1,000,000:   14s.  Last read position: 9:37,117,713
INFO	2020-01-19 22:03:24	MarkDuplicates	Tracking 41188 as yet unmatched pairs. 16993 records in RAM.
INFO	2020-01-19 22:03:38	MarkDuplicates	Read    32,000,000 records.  Elapsed time: 00:11:56s.  Time for last 1,000,000:   14s.  Last read position: 9:113,680,431
INFO	2020-01-19 22:03:38	MarkDuplicates	Tracking 26809 as yet unmatched pairs. 1883 records in RAM.
INFO	2020-01-19 22:03:47	MarkDuplicates	Read    33,000,000 records.  Elapsed time: 00:12:06s.  Time for last 1,000,000:    9s.  Last read position: X:147,583,488
INFO	2020-01-19 22:03:47	MarkDuplicates	Tracking 2153 as yet unmatched pairs. 1660 records in RAM.
INFO	2020-01-19 22:03:48	MarkDuplicates	Read 33128775 records. 0 pairs never matched.
INFO	2020-01-19 22:04:40	MarkDuplicates	After buildSortedReadEndLists freeMemory: 11012414664; totalMemory: 15188099072; maxMemory: 28631367680
INFO	2020-01-19 22:04:40	MarkDuplicates	Will retain up to 894730240 duplicate indices before spilling to disk.
INFO	2020-01-19 22:04:49	MarkDuplicates	Traversing read pair information and detecting duplicates.
INFO	2020-01-19 22:07:23	MarkDuplicates	Traversing fragment information and detecting duplicates.
INFO	2020-01-19 22:07:28	MarkDuplicates	Sorting list of duplicate records.
INFO	2020-01-19 22:07:31	MarkDuplicates	After generateDuplicateIndexes freeMemory: 18292612960; totalMemory: 25551699968; maxMemory: 28631367680
INFO	2020-01-19 22:07:31	MarkDuplicates	Marking 12771587 records as duplicates.
INFO	2020-01-19 22:07:31	MarkDuplicates	Found 8539 optical duplicate clusters.
INFO	2020-01-19 22:07:31	MarkDuplicates	Reads are assumed to be ordered by: coordinate
INFO	2020-01-19 22:11:01	MarkDuplicates	Written    10,000,000 records.  Elapsed time: 00:03:30s.  Time for last 10,000,000:  210s.  Last read position: 18:27,357,934
INFO	2020-01-19 22:14:42	MarkDuplicates	Written    20,000,000 records.  Elapsed time: 00:07:10s.  Time for last 10,000,000:  220s.  Last read position: 3:104,818,550
INFO	2020-01-19 22:17:55	MarkDuplicates	Written    30,000,000 records.  Elapsed time: 00:10:24s.  Time for last 10,000,000:  193s.  Last read position: 8:85,891,226
INFO	2020-01-19 22:20:45	MarkDuplicates	Writing complete. Closing input iterator.
INFO	2020-01-19 22:20:45	MarkDuplicates	Duplicate Index cleanup.
INFO	2020-01-19 22:20:45	MarkDuplicates	Getting Memory Stats.
INFO	2020-01-19 22:20:46	MarkDuplicates	Before output close freeMemory: 24926633200; totalMemory: 25124929536; maxMemory: 28631367680
INFO	2020-01-19 22:20:46	MarkDuplicates	Closed outputs. Getting more Memory Stats.
INFO	2020-01-19 22:20:46	MarkDuplicates	After output close freeMemory: 25348899952; totalMemory: 25547505664; maxMemory: 28631367680
[Sun Jan 19 22:20:46 UTC 2020] picard.sam.markduplicates.MarkDuplicates done. Elapsed time: 29.40 minutes.
Runtime.totalMemory()=25547505664
samtools depth: Could not read file "/scratch/gregg_thomas/Murinae-seq/Targets/tiles-rnor6-coords.bed": No such file or directory
