INFO	2020-01-20 04:21:26	MarkDuplicates	

********** NOTE: Picard's command line syntax is changing.
**********
********** For more information, please see:
********** https://github.com/broadinstitute/picard/wiki/Command-Line-Syntax-Transition-For-Users-(Pre-Transition)
**********
********** The command line looks like this in the new syntax:
**********
**********    MarkDuplicates -I /scratch/gregg_thomas/Murinae-seq/03B-MappedRat/Leggadina-forresti/Leggadina-forresti.sorted.bam -O /scratch/gregg_thomas/Murinae-seq/03B-MappedRat/Leggadina-forresti/Leggadina-forresti.sorted.mkdup.bam -M /scratch/gregg_thomas/Murinae-seq/03B-MappedRat/Leggadina-forresti/Leggadina-forresti-mkdup-metrics.txt
**********


04:21:27.136 INFO  NativeLibraryLoader - Loading libgkl_compression.so from jar:file:/home/gregg_thomas/bin/picard.jar!/com/intel/gkl/native/libgkl_compression.so
[Mon Jan 20 04:21:27 UTC 2020] MarkDuplicates INPUT=[/scratch/gregg_thomas/Murinae-seq/03B-MappedRat/Leggadina-forresti/Leggadina-forresti.sorted.bam] OUTPUT=/scratch/gregg_thomas/Murinae-seq/03B-MappedRat/Leggadina-forresti/Leggadina-forresti.sorted.mkdup.bam METRICS_FILE=/scratch/gregg_thomas/Murinae-seq/03B-MappedRat/Leggadina-forresti/Leggadina-forresti-mkdup-metrics.txt    MAX_SEQUENCES_FOR_DISK_READ_ENDS_MAP=50000 MAX_FILE_HANDLES_FOR_READ_ENDS_MAP=8000 SORTING_COLLECTION_SIZE_RATIO=0.25 TAG_DUPLICATE_SET_MEMBERS=false REMOVE_SEQUENCING_DUPLICATES=false TAGGING_POLICY=DontTag CLEAR_DT=true DUPLEX_UMI=false ADD_PG_TAG_TO_READS=true REMOVE_DUPLICATES=false ASSUME_SORTED=false DUPLICATE_SCORING_STRATEGY=SUM_OF_BASE_QUALITIES PROGRAM_RECORD_ID=MarkDuplicates PROGRAM_GROUP_NAME=MarkDuplicates READ_NAME_REGEX=<optimized capture of last three ':' separated fields as numeric values> OPTICAL_DUPLICATE_PIXEL_DISTANCE=100 MAX_OPTICAL_DUPLICATE_SET_SIZE=300000 VERBOSITY=INFO QUIET=false VALIDATION_STRINGENCY=STRICT COMPRESSION_LEVEL=5 MAX_RECORDS_IN_RAM=500000 CREATE_INDEX=false CREATE_MD5_FILE=false GA4GH_CLIENT_SECRETS=client_secrets.json USE_JDK_DEFLATER=false USE_JDK_INFLATER=false
[Mon Jan 20 04:21:27 UTC 2020] Executing as gregg_thomas@ecae4883a231 on Linux 4.4.0-104-generic amd64; Java HotSpot(TM) 64-Bit Server VM 1.8.0_221-b11; Deflater: Intel; Inflater: Intel; Provider GCS is not available; Picard version: 2.20.6-SNAPSHOT
INFO	2020-01-20 04:21:27	MarkDuplicates	Start of doWork freeMemory: 2037674448; totalMemory: 2058354688; maxMemory: 28631367680
INFO	2020-01-20 04:21:27	MarkDuplicates	Reading input file and constructing read end information.
INFO	2020-01-20 04:21:27	MarkDuplicates	Will retain up to 103736839 data points before spilling to disk.
INFO	2020-01-20 04:21:57	MarkDuplicates	Read     1,000,000 records.  Elapsed time: 00:00:25s.  Time for last 1,000,000:   25s.  Last read position: 10:47,884,904
INFO	2020-01-20 04:21:57	MarkDuplicates	Tracking 49867 as yet unmatched pairs. 2083 records in RAM.
INFO	2020-01-20 04:22:11	MarkDuplicates	Read     2,000,000 records.  Elapsed time: 00:00:39s.  Time for last 1,000,000:   13s.  Last read position: 10:74,860,782
INFO	2020-01-20 04:22:11	MarkDuplicates	Tracking 83386 as yet unmatched pairs. 2151 records in RAM.
INFO	2020-01-20 04:22:19	MarkDuplicates	Read     3,000,000 records.  Elapsed time: 00:00:47s.  Time for last 1,000,000:    8s.  Last read position: 10:104,397,902
INFO	2020-01-20 04:22:19	MarkDuplicates	Tracking 119461 as yet unmatched pairs. 733 records in RAM.
INFO	2020-01-20 04:22:32	MarkDuplicates	Read     4,000,000 records.  Elapsed time: 00:01:00s.  Time for last 1,000,000:   12s.  Last read position: 11:71,749,939
INFO	2020-01-20 04:22:32	MarkDuplicates	Tracking 174101 as yet unmatched pairs. 2231 records in RAM.
INFO	2020-01-20 04:22:43	MarkDuplicates	Read     5,000,000 records.  Elapsed time: 00:01:11s.  Time for last 1,000,000:   11s.  Last read position: 12:31,241,461
INFO	2020-01-20 04:22:43	MarkDuplicates	Tracking 233051 as yet unmatched pairs. 3809 records in RAM.
INFO	2020-01-20 04:22:57	MarkDuplicates	Read     6,000,000 records.  Elapsed time: 00:01:25s.  Time for last 1,000,000:   13s.  Last read position: 13:67,146,854
INFO	2020-01-20 04:22:57	MarkDuplicates	Tracking 283158 as yet unmatched pairs. 6178 records in RAM.
INFO	2020-01-20 04:23:22	MarkDuplicates	Read     7,000,000 records.  Elapsed time: 00:01:50s.  Time for last 1,000,000:   25s.  Last read position: 14:18,110,840
INFO	2020-01-20 04:23:22	MarkDuplicates	Tracking 325169 as yet unmatched pairs. 10937 records in RAM.
INFO	2020-01-20 04:24:21	MarkDuplicates	Read     8,000,000 records.  Elapsed time: 00:02:49s.  Time for last 1,000,000:   58s.  Last read position: 14:108,490,726
INFO	2020-01-20 04:24:21	MarkDuplicates	Tracking 364007 as yet unmatched pairs. 996 records in RAM.
INFO	2020-01-20 04:24:29	MarkDuplicates	Read     9,000,000 records.  Elapsed time: 00:02:57s.  Time for last 1,000,000:    8s.  Last read position: 15:86,395,768
INFO	2020-01-20 04:24:29	MarkDuplicates	Tracking 403966 as yet unmatched pairs. 3205 records in RAM.
INFO	2020-01-20 04:25:05	MarkDuplicates	Read    10,000,000 records.  Elapsed time: 00:03:33s.  Time for last 1,000,000:   35s.  Last read position: 16:74,299,933
INFO	2020-01-20 04:25:05	MarkDuplicates	Tracking 439981 as yet unmatched pairs. 2648 records in RAM.
INFO	2020-01-20 04:25:24	MarkDuplicates	Read    11,000,000 records.  Elapsed time: 00:03:52s.  Time for last 1,000,000:   19s.  Last read position: 17:77,460,792
INFO	2020-01-20 04:25:24	MarkDuplicates	Tracking 474299 as yet unmatched pairs. 3019 records in RAM.
INFO	2020-01-20 04:25:35	MarkDuplicates	Read    12,000,000 records.  Elapsed time: 00:04:03s.  Time for last 1,000,000:   10s.  Last read position: 18:69,894,795
INFO	2020-01-20 04:25:35	MarkDuplicates	Tracking 499791 as yet unmatched pairs. 3750 records in RAM.
INFO	2020-01-20 04:25:48	MarkDuplicates	Read    13,000,000 records.  Elapsed time: 00:04:16s.  Time for last 1,000,000:   12s.  Last read position: 19:54,761,321
INFO	2020-01-20 04:25:48	MarkDuplicates	Tracking 520834 as yet unmatched pairs. 2904 records in RAM.
INFO	2020-01-20 04:26:34	MarkDuplicates	Read    14,000,000 records.  Elapsed time: 00:05:02s.  Time for last 1,000,000:   46s.  Last read position: 1:72,708,302
INFO	2020-01-20 04:26:34	MarkDuplicates	Tracking 538892 as yet unmatched pairs. 76441 records in RAM.
INFO	2020-01-20 04:26:43	MarkDuplicates	Read    15,000,000 records.  Elapsed time: 00:05:11s.  Time for last 1,000,000:    8s.  Last read position: 1:114,342,199
INFO	2020-01-20 04:26:43	MarkDuplicates	Tracking 547047 as yet unmatched pairs. 61749 records in RAM.
INFO	2020-01-20 04:26:50	MarkDuplicates	Read    16,000,000 records.  Elapsed time: 00:05:18s.  Time for last 1,000,000:    7s.  Last read position: 1:182,086,089
INFO	2020-01-20 04:26:50	MarkDuplicates	Tracking 557869 as yet unmatched pairs. 39550 records in RAM.
INFO	2020-01-20 04:27:40	MarkDuplicates	Read    17,000,000 records.  Elapsed time: 00:06:08s.  Time for last 1,000,000:   49s.  Last read position: 1:221,427,272
INFO	2020-01-20 04:27:40	MarkDuplicates	Tracking 562883 as yet unmatched pairs. 24443 records in RAM.
INFO	2020-01-20 04:27:58	MarkDuplicates	Read    18,000,000 records.  Elapsed time: 00:06:26s.  Time for last 1,000,000:   17s.  Last read position: 20:2,094,969
INFO	2020-01-20 04:27:58	MarkDuplicates	Tracking 569135 as yet unmatched pairs. 24805 records in RAM.
INFO	2020-01-20 04:28:21	MarkDuplicates	Read    19,000,000 records.  Elapsed time: 00:06:49s.  Time for last 1,000,000:   23s.  Last read position: 2:8,733,474
INFO	2020-01-20 04:28:21	MarkDuplicates	Tracking 572115 as yet unmatched pairs. 81777 records in RAM.
INFO	2020-01-20 04:28:38	MarkDuplicates	Read    20,000,000 records.  Elapsed time: 00:07:07s.  Time for last 1,000,000:   17s.  Last read position: 2:140,734,613
INFO	2020-01-20 04:28:38	MarkDuplicates	Tracking 573516 as yet unmatched pairs. 46572 records in RAM.
INFO	2020-01-20 04:28:45	MarkDuplicates	Read    21,000,000 records.  Elapsed time: 00:07:14s.  Time for last 1,000,000:    6s.  Last read position: 2:210,782,455
INFO	2020-01-20 04:28:45	MarkDuplicates	Tracking 570542 as yet unmatched pairs. 21338 records in RAM.
INFO	2020-01-20 04:29:13	MarkDuplicates	Read    22,000,000 records.  Elapsed time: 00:07:41s.  Time for last 1,000,000:   27s.  Last read position: 3:11,806,588
INFO	2020-01-20 04:29:13	MarkDuplicates	Tracking 563930 as yet unmatched pairs. 78582 records in RAM.
INFO	2020-01-20 04:29:30	MarkDuplicates	Read    23,000,000 records.  Elapsed time: 00:07:58s.  Time for last 1,000,000:   16s.  Last read position: 3:81,316,118
INFO	2020-01-20 04:29:30	MarkDuplicates	Tracking 556626 as yet unmatched pairs. 52035 records in RAM.
INFO	2020-01-20 04:29:36	MarkDuplicates	Read    24,000,000 records.  Elapsed time: 00:08:04s.  Time for last 1,000,000:    5s.  Last read position: 3:147,839,280
INFO	2020-01-20 04:29:36	MarkDuplicates	Tracking 544406 as yet unmatched pairs. 20557 records in RAM.
INFO	2020-01-20 04:30:00	MarkDuplicates	Read    25,000,000 records.  Elapsed time: 00:08:28s.  Time for last 1,000,000:   24s.  Last read position: 4:21,645,659
INFO	2020-01-20 04:30:00	MarkDuplicates	Tracking 531921 as yet unmatched pairs. 85196 records in RAM.
INFO	2020-01-20 04:30:19	MarkDuplicates	Read    26,000,000 records.  Elapsed time: 00:08:48s.  Time for last 1,000,000:   19s.  Last read position: 4:115,041,779
INFO	2020-01-20 04:30:19	MarkDuplicates	Tracking 511704 as yet unmatched pairs. 43803 records in RAM.
INFO	2020-01-20 04:30:27	MarkDuplicates	Read    27,000,000 records.  Elapsed time: 00:08:55s.  Time for last 1,000,000:    7s.  Last read position: 4:175,325,315
INFO	2020-01-20 04:30:27	MarkDuplicates	Tracking 493615 as yet unmatched pairs. 6061 records in RAM.
INFO	2020-01-20 04:30:46	MarkDuplicates	Read    28,000,000 records.  Elapsed time: 00:09:14s.  Time for last 1,000,000:   18s.  Last read position: 5:78,502,957
INFO	2020-01-20 04:30:46	MarkDuplicates	Tracking 466712 as yet unmatched pairs. 65657 records in RAM.
INFO	2020-01-20 04:30:52	MarkDuplicates	Read    29,000,000 records.  Elapsed time: 00:09:21s.  Time for last 1,000,000:    6s.  Last read position: 5:147,927,111
INFO	2020-01-20 04:30:52	MarkDuplicates	Tracking 441954 as yet unmatched pairs. 28132 records in RAM.
INFO	2020-01-20 04:32:11	MarkDuplicates	Read    30,000,000 records.  Elapsed time: 00:10:39s.  Time for last 1,000,000:   78s.  Last read position: 6:21,994,687
INFO	2020-01-20 04:32:11	MarkDuplicates	Tracking 413272 as yet unmatched pairs. 79644 records in RAM.
INFO	2020-01-20 04:32:21	MarkDuplicates	Read    31,000,000 records.  Elapsed time: 00:10:49s.  Time for last 1,000,000:   10s.  Last read position: 6:106,357,595
INFO	2020-01-20 04:32:21	MarkDuplicates	Tracking 372328 as yet unmatched pairs. 25208 records in RAM.
INFO	2020-01-20 04:32:56	MarkDuplicates	Read    32,000,000 records.  Elapsed time: 00:11:24s.  Time for last 1,000,000:   34s.  Last read position: 7:27,378,047
INFO	2020-01-20 04:32:56	MarkDuplicates	Tracking 340816 as yet unmatched pairs. 86886 records in RAM.
INFO	2020-01-20 04:33:05	MarkDuplicates	Read    33,000,000 records.  Elapsed time: 00:11:33s.  Time for last 1,000,000:    9s.  Last read position: 7:117,664,794
INFO	2020-01-20 04:33:05	MarkDuplicates	Tracking 294602 as yet unmatched pairs. 30854 records in RAM.
INFO	2020-01-20 04:33:25	MarkDuplicates	Read    34,000,000 records.  Elapsed time: 00:11:53s.  Time for last 1,000,000:   19s.  Last read position: 8:22,712,717
INFO	2020-01-20 04:33:25	MarkDuplicates	Tracking 258492 as yet unmatched pairs. 88254 records in RAM.
INFO	2020-01-20 04:33:33	MarkDuplicates	Read    35,000,000 records.  Elapsed time: 00:12:01s.  Time for last 1,000,000:    7s.  Last read position: 8:85,578,128
INFO	2020-01-20 04:33:33	MarkDuplicates	Tracking 217406 as yet unmatched pairs. 42654 records in RAM.
INFO	2020-01-20 04:34:29	MarkDuplicates	Read    36,000,000 records.  Elapsed time: 00:12:57s.  Time for last 1,000,000:   56s.  Last read position: 9:10,033,110
INFO	2020-01-20 04:34:29	MarkDuplicates	Tracking 174264 as yet unmatched pairs. 82517 records in RAM.
INFO	2020-01-20 04:34:40	MarkDuplicates	Read    37,000,000 records.  Elapsed time: 00:13:08s.  Time for last 1,000,000:   10s.  Last read position: 9:82,403,954
INFO	2020-01-20 04:34:40	MarkDuplicates	Tracking 124334 as yet unmatched pairs. 30272 records in RAM.
INFO	2020-01-20 04:35:01	MarkDuplicates	Read    38,000,000 records.  Elapsed time: 00:13:29s.  Time for last 1,000,000:   21s.  Last read position: X:63,269,502
INFO	2020-01-20 04:35:01	MarkDuplicates	Tracking 57442 as yet unmatched pairs. 52669 records in RAM.
INFO	2020-01-20 04:35:31	MarkDuplicates	Read 38973588 records. 0 pairs never matched.
INFO	2020-01-20 04:37:02	MarkDuplicates	After buildSortedReadEndLists freeMemory: 10740565648; totalMemory: 15658909696; maxMemory: 28631367680
INFO	2020-01-20 04:37:02	MarkDuplicates	Will retain up to 894730240 duplicate indices before spilling to disk.
INFO	2020-01-20 04:37:04	MarkDuplicates	Traversing read pair information and detecting duplicates.
INFO	2020-01-20 04:38:43	MarkDuplicates	Traversing fragment information and detecting duplicates.
INFO	2020-01-20 04:38:51	MarkDuplicates	Sorting list of duplicate records.
INFO	2020-01-20 04:38:53	MarkDuplicates	After generateDuplicateIndexes freeMemory: 21274362352; totalMemory: 28561113088; maxMemory: 28631367680
INFO	2020-01-20 04:38:53	MarkDuplicates	Marking 8317467 records as duplicates.
INFO	2020-01-20 04:38:53	MarkDuplicates	Found 1471 optical duplicate clusters.
INFO	2020-01-20 04:38:53	MarkDuplicates	Reads are assumed to be ordered by: coordinate
INFO	2020-01-20 04:41:42	MarkDuplicates	Written    10,000,000 records.  Elapsed time: 00:02:49s.  Time for last 10,000,000:  169s.  Last read position: 16:74,299,933
INFO	2020-01-20 04:44:38	MarkDuplicates	Written    20,000,000 records.  Elapsed time: 00:05:45s.  Time for last 10,000,000:  176s.  Last read position: 2:140,734,613
INFO	2020-01-20 04:48:02	MarkDuplicates	Written    30,000,000 records.  Elapsed time: 00:09:09s.  Time for last 10,000,000:  203s.  Last read position: 6:21,994,687
INFO	2020-01-20 04:50:57	MarkDuplicates	Written    40,000,000 records.  Elapsed time: 00:12:03s.  Time for last 10,000,000:  174s.  Last read position: */*
INFO	2020-01-20 04:51:11	MarkDuplicates	Writing complete. Closing input iterator.
INFO	2020-01-20 04:51:11	MarkDuplicates	Duplicate Index cleanup.
INFO	2020-01-20 04:51:11	MarkDuplicates	Getting Memory Stats.
INFO	2020-01-20 04:51:12	MarkDuplicates	Before output close freeMemory: 27979937064; totalMemory: 28181004288; maxMemory: 28631367680
INFO	2020-01-20 04:51:12	MarkDuplicates	Closed outputs. Getting more Memory Stats.
INFO	2020-01-20 04:51:12	MarkDuplicates	After output close freeMemory: 28382381616; totalMemory: 28583657472; maxMemory: 28631367680
[Mon Jan 20 04:51:12 UTC 2020] picard.sam.markduplicates.MarkDuplicates done. Elapsed time: 29.76 minutes.
Runtime.totalMemory()=28583657472
samtools depth: Could not read file "/scratch/gregg_thomas/Murinae-seq/Targets/tiles-rnor6-coords.bed": No such file or directory
