INFO	2020-01-20 04:09:52	MarkDuplicates	

********** NOTE: Picard's command line syntax is changing.
**********
********** For more information, please see:
********** https://github.com/broadinstitute/picard/wiki/Command-Line-Syntax-Transition-For-Users-(Pre-Transition)
**********
********** The command line looks like this in the new syntax:
**********
**********    MarkDuplicates -I /scratch/gregg_thomas/Murinae-seq/03B-MappedRat/Mallomys-rothschildi/Mallomys-rothschildi.sorted.bam -O /scratch/gregg_thomas/Murinae-seq/03B-MappedRat/Mallomys-rothschildi/Mallomys-rothschildi.sorted.mkdup.bam -M /scratch/gregg_thomas/Murinae-seq/03B-MappedRat/Mallomys-rothschildi/Mallomys-rothschildi-mkdup-metrics.txt
**********


04:09:52.765 INFO  NativeLibraryLoader - Loading libgkl_compression.so from jar:file:/home/gregg_thomas/bin/picard.jar!/com/intel/gkl/native/libgkl_compression.so
[Mon Jan 20 04:09:52 UTC 2020] MarkDuplicates INPUT=[/scratch/gregg_thomas/Murinae-seq/03B-MappedRat/Mallomys-rothschildi/Mallomys-rothschildi.sorted.bam] OUTPUT=/scratch/gregg_thomas/Murinae-seq/03B-MappedRat/Mallomys-rothschildi/Mallomys-rothschildi.sorted.mkdup.bam METRICS_FILE=/scratch/gregg_thomas/Murinae-seq/03B-MappedRat/Mallomys-rothschildi/Mallomys-rothschildi-mkdup-metrics.txt    MAX_SEQUENCES_FOR_DISK_READ_ENDS_MAP=50000 MAX_FILE_HANDLES_FOR_READ_ENDS_MAP=8000 SORTING_COLLECTION_SIZE_RATIO=0.25 TAG_DUPLICATE_SET_MEMBERS=false REMOVE_SEQUENCING_DUPLICATES=false TAGGING_POLICY=DontTag CLEAR_DT=true DUPLEX_UMI=false ADD_PG_TAG_TO_READS=true REMOVE_DUPLICATES=false ASSUME_SORTED=false DUPLICATE_SCORING_STRATEGY=SUM_OF_BASE_QUALITIES PROGRAM_RECORD_ID=MarkDuplicates PROGRAM_GROUP_NAME=MarkDuplicates READ_NAME_REGEX=<optimized capture of last three ':' separated fields as numeric values> OPTICAL_DUPLICATE_PIXEL_DISTANCE=100 MAX_OPTICAL_DUPLICATE_SET_SIZE=300000 VERBOSITY=INFO QUIET=false VALIDATION_STRINGENCY=STRICT COMPRESSION_LEVEL=5 MAX_RECORDS_IN_RAM=500000 CREATE_INDEX=false CREATE_MD5_FILE=false GA4GH_CLIENT_SECRETS=client_secrets.json USE_JDK_DEFLATER=false USE_JDK_INFLATER=false
[Mon Jan 20 04:09:52 UTC 2020] Executing as gregg_thomas@ecae4883a231 on Linux 4.4.0-104-generic amd64; Java HotSpot(TM) 64-Bit Server VM 1.8.0_221-b11; Deflater: Intel; Inflater: Intel; Provider GCS is not available; Picard version: 2.20.6-SNAPSHOT
INFO	2020-01-20 04:09:53	MarkDuplicates	Start of doWork freeMemory: 2037674344; totalMemory: 2058354688; maxMemory: 28631367680
INFO	2020-01-20 04:09:53	MarkDuplicates	Reading input file and constructing read end information.
INFO	2020-01-20 04:09:53	MarkDuplicates	Will retain up to 103736839 data points before spilling to disk.
INFO	2020-01-20 04:10:06	MarkDuplicates	Read     1,000,000 records.  Elapsed time: 00:00:13s.  Time for last 1,000,000:   13s.  Last read position: 10:48,718,931
INFO	2020-01-20 04:10:06	MarkDuplicates	Tracking 50967 as yet unmatched pairs. 2191 records in RAM.
INFO	2020-01-20 04:10:16	MarkDuplicates	Read     2,000,000 records.  Elapsed time: 00:00:22s.  Time for last 1,000,000:    9s.  Last read position: 10:75,676,729
INFO	2020-01-20 04:10:16	MarkDuplicates	Tracking 87913 as yet unmatched pairs. 2459 records in RAM.
INFO	2020-01-20 04:10:31	MarkDuplicates	Read     3,000,000 records.  Elapsed time: 00:00:38s.  Time for last 1,000,000:   15s.  Last read position: 10:104,838,960
INFO	2020-01-20 04:10:31	MarkDuplicates	Tracking 132799 as yet unmatched pairs. 605 records in RAM.
INFO	2020-01-20 04:10:47	MarkDuplicates	Read     4,000,000 records.  Elapsed time: 00:00:54s.  Time for last 1,000,000:   16s.  Last read position: 11:67,766,851
INFO	2020-01-20 04:10:47	MarkDuplicates	Tracking 181768 as yet unmatched pairs. 3016 records in RAM.
INFO	2020-01-20 04:11:01	MarkDuplicates	Read     5,000,000 records.  Elapsed time: 00:01:08s.  Time for last 1,000,000:   14s.  Last read position: 12:24,656,228
INFO	2020-01-20 04:11:01	MarkDuplicates	Tracking 254718 as yet unmatched pairs. 4990 records in RAM.
INFO	2020-01-20 04:11:09	MarkDuplicates	Read     6,000,000 records.  Elapsed time: 00:01:15s.  Time for last 1,000,000:    7s.  Last read position: 13:56,522,140
INFO	2020-01-20 04:11:09	MarkDuplicates	Tracking 304191 as yet unmatched pairs. 6979 records in RAM.
INFO	2020-01-20 04:11:41	MarkDuplicates	Read     7,000,000 records.  Elapsed time: 00:01:47s.  Time for last 1,000,000:   31s.  Last read position: 14:5,086,626
INFO	2020-01-20 04:11:41	MarkDuplicates	Tracking 342553 as yet unmatched pairs. 14794 records in RAM.
INFO	2020-01-20 04:11:45	MarkDuplicates	Read     8,000,000 records.  Elapsed time: 00:01:52s.  Time for last 1,000,000:    4s.  Last read position: 14:81,356,145
INFO	2020-01-20 04:11:45	MarkDuplicates	Tracking 376990 as yet unmatched pairs. 6551 records in RAM.
INFO	2020-01-20 04:11:59	MarkDuplicates	Read     9,000,000 records.  Elapsed time: 00:02:06s.  Time for last 1,000,000:   13s.  Last read position: 15:29,810,535
INFO	2020-01-20 04:11:59	MarkDuplicates	Tracking 418941 as yet unmatched pairs. 11448 records in RAM.
INFO	2020-01-20 04:12:05	MarkDuplicates	Read    10,000,000 records.  Elapsed time: 00:02:11s.  Time for last 1,000,000:    5s.  Last read position: 16:8,356,455
INFO	2020-01-20 04:12:05	MarkDuplicates	Tracking 452722 as yet unmatched pairs. 14723 records in RAM.
INFO	2020-01-20 04:12:10	MarkDuplicates	Read    11,000,000 records.  Elapsed time: 00:02:17s.  Time for last 1,000,000:    5s.  Last read position: 17:6,675,418
INFO	2020-01-20 04:12:10	MarkDuplicates	Tracking 483738 as yet unmatched pairs. 18588 records in RAM.
INFO	2020-01-20 04:12:30	MarkDuplicates	Read    12,000,000 records.  Elapsed time: 00:02:36s.  Time for last 1,000,000:   19s.  Last read position: 17:85,036,987
INFO	2020-01-20 04:12:30	MarkDuplicates	Tracking 509324 as yet unmatched pairs. 1995 records in RAM.
INFO	2020-01-20 04:12:35	MarkDuplicates	Read    13,000,000 records.  Elapsed time: 00:02:42s.  Time for last 1,000,000:    5s.  Last read position: 18:60,572,837
INFO	2020-01-20 04:12:35	MarkDuplicates	Tracking 529490 as yet unmatched pairs. 6536 records in RAM.
INFO	2020-01-20 04:12:41	MarkDuplicates	Read    14,000,000 records.  Elapsed time: 00:02:47s.  Time for last 1,000,000:    5s.  Last read position: 19:43,750,640
INFO	2020-01-20 04:12:41	MarkDuplicates	Tracking 548894 as yet unmatched pairs. 6150 records in RAM.
INFO	2020-01-20 04:13:04	MarkDuplicates	Read    15,000,000 records.  Elapsed time: 00:03:10s.  Time for last 1,000,000:   22s.  Last read position: 1:62,233,218
INFO	2020-01-20 04:13:04	MarkDuplicates	Tracking 565897 as yet unmatched pairs. 91857 records in RAM.
INFO	2020-01-20 04:13:08	MarkDuplicates	Read    16,000,000 records.  Elapsed time: 00:03:15s.  Time for last 1,000,000:    4s.  Last read position: 1:114,333,818
INFO	2020-01-20 04:13:08	MarkDuplicates	Tracking 578742 as yet unmatched pairs. 70689 records in RAM.
INFO	2020-01-20 04:13:13	MarkDuplicates	Read    17,000,000 records.  Elapsed time: 00:03:20s.  Time for last 1,000,000:    4s.  Last read position: 1:185,318,686
INFO	2020-01-20 04:13:13	MarkDuplicates	Tracking 588764 as yet unmatched pairs. 40971 records in RAM.
INFO	2020-01-20 04:14:07	MarkDuplicates	Read    18,000,000 records.  Elapsed time: 00:04:14s.  Time for last 1,000,000:   54s.  Last read position: 1:229,004,039
INFO	2020-01-20 04:14:07	MarkDuplicates	Tracking 593992 as yet unmatched pairs. 22837 records in RAM.
INFO	2020-01-20 04:14:18	MarkDuplicates	Read    19,000,000 records.  Elapsed time: 00:04:25s.  Time for last 1,000,000:   10s.  Last read position: 20:4,824,257
INFO	2020-01-20 04:14:18	MarkDuplicates	Tracking 597715 as yet unmatched pairs. 26598 records in RAM.
INFO	2020-01-20 04:14:34	MarkDuplicates	Read    20,000,000 records.  Elapsed time: 00:04:40s.  Time for last 1,000,000:   15s.  Last read position: 2:25,224,795
INFO	2020-01-20 04:14:34	MarkDuplicates	Tracking 598738 as yet unmatched pairs. 85579 records in RAM.
INFO	2020-01-20 04:14:50	MarkDuplicates	Read    21,000,000 records.  Elapsed time: 00:04:56s.  Time for last 1,000,000:   16s.  Last read position: 2:122,641,155
INFO	2020-01-20 04:14:50	MarkDuplicates	Tracking 596346 as yet unmatched pairs. 55386 records in RAM.
INFO	2020-01-20 04:14:54	MarkDuplicates	Read    22,000,000 records.  Elapsed time: 00:05:01s.  Time for last 1,000,000:    4s.  Last read position: 2:200,576,127
INFO	2020-01-20 04:14:54	MarkDuplicates	Tracking 592391 as yet unmatched pairs. 28992 records in RAM.
INFO	2020-01-20 04:15:23	MarkDuplicates	Read    23,000,000 records.  Elapsed time: 00:05:30s.  Time for last 1,000,000:   28s.  Last read position: 3:2,136,833
INFO	2020-01-20 04:15:23	MarkDuplicates	Tracking 585214 as yet unmatched pairs. 95072 records in RAM.
INFO	2020-01-20 04:15:29	MarkDuplicates	Read    24,000,000 records.  Elapsed time: 00:05:35s.  Time for last 1,000,000:    5s.  Last read position: 3:51,822,036
INFO	2020-01-20 04:15:29	MarkDuplicates	Tracking 577278 as yet unmatched pairs. 70580 records in RAM.
INFO	2020-01-20 04:15:34	MarkDuplicates	Read    25,000,000 records.  Elapsed time: 00:05:40s.  Time for last 1,000,000:    4s.  Last read position: 3:103,729,062
INFO	2020-01-20 04:15:34	MarkDuplicates	Tracking 568420 as yet unmatched pairs. 47310 records in RAM.
INFO	2020-01-20 04:15:51	MarkDuplicates	Read    26,000,000 records.  Elapsed time: 00:05:57s.  Time for last 1,000,000:   17s.  Last read position: 3:149,805,090
INFO	2020-01-20 04:15:51	MarkDuplicates	Tracking 555670 as yet unmatched pairs. 18539 records in RAM.
INFO	2020-01-20 04:16:04	MarkDuplicates	Read    27,000,000 records.  Elapsed time: 00:06:10s.  Time for last 1,000,000:   13s.  Last read position: 4:28,659,345
INFO	2020-01-20 04:16:04	MarkDuplicates	Tracking 540865 as yet unmatched pairs. 82702 records in RAM.
INFO	2020-01-20 04:16:08	MarkDuplicates	Read    28,000,000 records.  Elapsed time: 00:06:14s.  Time for last 1,000,000:    4s.  Last read position: 4:101,015,317
INFO	2020-01-20 04:16:08	MarkDuplicates	Tracking 521597 as yet unmatched pairs. 45516 records in RAM.
INFO	2020-01-20 04:17:16	MarkDuplicates	Read    29,000,000 records.  Elapsed time: 00:07:23s.  Time for last 1,000,000:   68s.  Last read position: 4:179,655,352
INFO	2020-01-20 04:17:16	MarkDuplicates	Tracking 498693 as yet unmatched pairs. 4119 records in RAM.
INFO	2020-01-20 04:17:40	MarkDuplicates	Read    30,000,000 records.  Elapsed time: 00:07:47s.  Time for last 1,000,000:   23s.  Last read position: 5:69,106,701
INFO	2020-01-20 04:17:40	MarkDuplicates	Tracking 473317 as yet unmatched pairs. 77337 records in RAM.
INFO	2020-01-20 04:17:48	MarkDuplicates	Read    31,000,000 records.  Elapsed time: 00:07:55s.  Time for last 1,000,000:    7s.  Last read position: 5:136,746,539
INFO	2020-01-20 04:17:48	MarkDuplicates	Tracking 449823 as yet unmatched pairs. 42845 records in RAM.
INFO	2020-01-20 04:18:03	MarkDuplicates	Read    32,000,000 records.  Elapsed time: 00:08:10s.  Time for last 1,000,000:   15s.  Last read position: 5:169,357,439
INFO	2020-01-20 04:18:03	MarkDuplicates	Tracking 421968 as yet unmatched pairs. 3273 records in RAM.
INFO	2020-01-20 04:18:21	MarkDuplicates	Read    33,000,000 records.  Elapsed time: 00:08:28s.  Time for last 1,000,000:   17s.  Last read position: 6:76,011,644
INFO	2020-01-20 04:18:21	MarkDuplicates	Tracking 386059 as yet unmatched pairs. 45297 records in RAM.
INFO	2020-01-20 04:18:38	MarkDuplicates	Read    34,000,000 records.  Elapsed time: 00:08:45s.  Time for last 1,000,000:   17s.  Last read position: 7:2,795,939
INFO	2020-01-20 04:18:38	MarkDuplicates	Tracking 349770 as yet unmatched pairs. 97216 records in RAM.
INFO	2020-01-20 04:19:05	MarkDuplicates	Read    35,000,000 records.  Elapsed time: 00:09:12s.  Time for last 1,000,000:   26s.  Last read position: 7:75,575,123
INFO	2020-01-20 04:19:05	MarkDuplicates	Tracking 312125 as yet unmatched pairs. 52275 records in RAM.
INFO	2020-01-20 04:19:13	MarkDuplicates	Read    36,000,000 records.  Elapsed time: 00:09:19s.  Time for last 1,000,000:    7s.  Last read position: 7:143,920,392
INFO	2020-01-20 04:19:13	MarkDuplicates	Tracking 269373 as yet unmatched pairs. 2007 records in RAM.
INFO	2020-01-20 04:19:38	MarkDuplicates	Read    37,000,000 records.  Elapsed time: 00:09:45s.  Time for last 1,000,000:   25s.  Last read position: 8:70,389,801
INFO	2020-01-20 04:19:38	MarkDuplicates	Tracking 226975 as yet unmatched pairs. 54179 records in RAM.
INFO	2020-01-20 04:19:43	MarkDuplicates	Read    38,000,000 records.  Elapsed time: 00:09:50s.  Time for last 1,000,000:    5s.  Last read position: 8:122,850,965
INFO	2020-01-20 04:19:43	MarkDuplicates	Tracking 186425 as yet unmatched pairs. 9295 records in RAM.
INFO	2020-01-20 04:19:59	MarkDuplicates	Read    39,000,000 records.  Elapsed time: 00:10:06s.  Time for last 1,000,000:   15s.  Last read position: 9:65,478,218
INFO	2020-01-20 04:19:59	MarkDuplicates	Tracking 138465 as yet unmatched pairs. 43102 records in RAM.
INFO	2020-01-20 04:20:35	MarkDuplicates	Read    40,000,000 records.  Elapsed time: 00:10:41s.  Time for last 1,000,000:   35s.  Last read position: X:15,988,112
INFO	2020-01-20 04:20:35	MarkDuplicates	Tracking 86837 as yet unmatched pairs. 85594 records in RAM.
INFO	2020-01-20 04:20:43	MarkDuplicates	Read    41,000,000 records.  Elapsed time: 00:10:49s.  Time for last 1,000,000:    8s.  Last read position: X:141,114,467
INFO	2020-01-20 04:20:43	MarkDuplicates	Tracking 10825 as yet unmatched pairs. 9544 records in RAM.
INFO	2020-01-20 04:20:44	MarkDuplicates	Read 41170254 records. 0 pairs never matched.
INFO	2020-01-20 04:21:57	MarkDuplicates	After buildSortedReadEndLists freeMemory: 10354134936; totalMemory: 15548284928; maxMemory: 28631367680
INFO	2020-01-20 04:21:57	MarkDuplicates	Will retain up to 894730240 duplicate indices before spilling to disk.
INFO	2020-01-20 04:21:59	MarkDuplicates	Traversing read pair information and detecting duplicates.
INFO	2020-01-20 04:25:54	MarkDuplicates	Traversing fragment information and detecting duplicates.
INFO	2020-01-20 04:26:00	MarkDuplicates	Sorting list of duplicate records.
INFO	2020-01-20 04:26:03	MarkDuplicates	After generateDuplicateIndexes freeMemory: 20090969912; totalMemory: 27393523712; maxMemory: 28631367680
INFO	2020-01-20 04:26:03	MarkDuplicates	Marking 15716750 records as duplicates.
INFO	2020-01-20 04:26:03	MarkDuplicates	Found 211037 optical duplicate clusters.
INFO	2020-01-20 04:26:03	MarkDuplicates	Reads are assumed to be ordered by: coordinate
INFO	2020-01-20 04:30:01	MarkDuplicates	Written    10,000,000 records.  Elapsed time: 00:03:58s.  Time for last 10,000,000:  238s.  Last read position: 16:8,356,455
INFO	2020-01-20 04:34:07	MarkDuplicates	Written    20,000,000 records.  Elapsed time: 00:08:03s.  Time for last 10,000,000:  245s.  Last read position: 2:25,224,795
INFO	2020-01-20 04:38:41	MarkDuplicates	Written    30,000,000 records.  Elapsed time: 00:12:38s.  Time for last 10,000,000:  274s.  Last read position: 5:69,106,701
INFO	2020-01-20 04:42:35	MarkDuplicates	Written    40,000,000 records.  Elapsed time: 00:16:32s.  Time for last 10,000,000:  233s.  Last read position: X:15,988,112
INFO	2020-01-20 04:43:17	MarkDuplicates	Writing complete. Closing input iterator.
INFO	2020-01-20 04:43:17	MarkDuplicates	Duplicate Index cleanup.
INFO	2020-01-20 04:43:17	MarkDuplicates	Getting Memory Stats.
INFO	2020-01-20 04:43:18	MarkDuplicates	Before output close freeMemory: 26946031248; totalMemory: 27152875520; maxMemory: 28631367680
INFO	2020-01-20 04:43:18	MarkDuplicates	Closed outputs. Getting more Memory Stats.
INFO	2020-01-20 04:43:18	MarkDuplicates	After output close freeMemory: 27224952464; totalMemory: 27431796736; maxMemory: 28631367680
[Mon Jan 20 04:43:18 UTC 2020] picard.sam.markduplicates.MarkDuplicates done. Elapsed time: 33.43 minutes.
Runtime.totalMemory()=27431796736
samtools depth: Could not read file "/scratch/gregg_thomas/Murinae-seq/Targets/tiles-rnor6-coords.bed": No such file or directory
