INFO	2020-01-19 23:03:05	MarkDuplicates	

********** NOTE: Picard's command line syntax is changing.
**********
********** For more information, please see:
********** https://github.com/broadinstitute/picard/wiki/Command-Line-Syntax-Transition-For-Users-(Pre-Transition)
**********
********** The command line looks like this in the new syntax:
**********
**********    MarkDuplicates -I /scratch/gregg_thomas/Murinae-seq/03B-MappedRat/Mastacomys-fuscus/Mastacomys-fuscus.sorted.bam -O /scratch/gregg_thomas/Murinae-seq/03B-MappedRat/Mastacomys-fuscus/Mastacomys-fuscus.sorted.mkdup.bam -M /scratch/gregg_thomas/Murinae-seq/03B-MappedRat/Mastacomys-fuscus/Mastacomys-fuscus-mkdup-metrics.txt
**********


23:03:06.683 INFO  NativeLibraryLoader - Loading libgkl_compression.so from jar:file:/home/gregg_thomas/bin/picard.jar!/com/intel/gkl/native/libgkl_compression.so
[Sun Jan 19 23:03:06 UTC 2020] MarkDuplicates INPUT=[/scratch/gregg_thomas/Murinae-seq/03B-MappedRat/Mastacomys-fuscus/Mastacomys-fuscus.sorted.bam] OUTPUT=/scratch/gregg_thomas/Murinae-seq/03B-MappedRat/Mastacomys-fuscus/Mastacomys-fuscus.sorted.mkdup.bam METRICS_FILE=/scratch/gregg_thomas/Murinae-seq/03B-MappedRat/Mastacomys-fuscus/Mastacomys-fuscus-mkdup-metrics.txt    MAX_SEQUENCES_FOR_DISK_READ_ENDS_MAP=50000 MAX_FILE_HANDLES_FOR_READ_ENDS_MAP=8000 SORTING_COLLECTION_SIZE_RATIO=0.25 TAG_DUPLICATE_SET_MEMBERS=false REMOVE_SEQUENCING_DUPLICATES=false TAGGING_POLICY=DontTag CLEAR_DT=true DUPLEX_UMI=false ADD_PG_TAG_TO_READS=true REMOVE_DUPLICATES=false ASSUME_SORTED=false DUPLICATE_SCORING_STRATEGY=SUM_OF_BASE_QUALITIES PROGRAM_RECORD_ID=MarkDuplicates PROGRAM_GROUP_NAME=MarkDuplicates READ_NAME_REGEX=<optimized capture of last three ':' separated fields as numeric values> OPTICAL_DUPLICATE_PIXEL_DISTANCE=100 MAX_OPTICAL_DUPLICATE_SET_SIZE=300000 VERBOSITY=INFO QUIET=false VALIDATION_STRINGENCY=STRICT COMPRESSION_LEVEL=5 MAX_RECORDS_IN_RAM=500000 CREATE_INDEX=false CREATE_MD5_FILE=false GA4GH_CLIENT_SECRETS=client_secrets.json USE_JDK_DEFLATER=false USE_JDK_INFLATER=false
[Sun Jan 19 23:03:06 UTC 2020] Executing as gregg_thomas@ecae4883a231 on Linux 4.4.0-104-generic amd64; Java HotSpot(TM) 64-Bit Server VM 1.8.0_221-b11; Deflater: Intel; Inflater: Intel; Provider GCS is not available; Picard version: 2.20.6-SNAPSHOT
INFO	2020-01-19 23:03:07	MarkDuplicates	Start of doWork freeMemory: 2037673920; totalMemory: 2058354688; maxMemory: 28631367680
INFO	2020-01-19 23:03:07	MarkDuplicates	Reading input file and constructing read end information.
INFO	2020-01-19 23:03:07	MarkDuplicates	Will retain up to 103736839 data points before spilling to disk.
INFO	2020-01-19 23:03:52	MarkDuplicates	Read     1,000,000 records.  Elapsed time: 00:00:35s.  Time for last 1,000,000:   35s.  Last read position: 10:54,440,195
INFO	2020-01-19 23:03:52	MarkDuplicates	Tracking 18155 as yet unmatched pairs. 799 records in RAM.
INFO	2020-01-19 23:04:19	MarkDuplicates	Read     2,000,000 records.  Elapsed time: 00:01:02s.  Time for last 1,000,000:   27s.  Last read position: 10:81,827,450
INFO	2020-01-19 23:04:19	MarkDuplicates	Tracking 31961 as yet unmatched pairs. 925 records in RAM.
INFO	2020-01-19 23:04:33	MarkDuplicates	Read     3,000,000 records.  Elapsed time: 00:01:16s.  Time for last 1,000,000:   13s.  Last read position: 11:1,982,698
INFO	2020-01-19 23:04:33	MarkDuplicates	Tracking 46301 as yet unmatched pairs. 1590 records in RAM.
INFO	2020-01-19 23:05:06	MarkDuplicates	Read     4,000,000 records.  Elapsed time: 00:01:49s.  Time for last 1,000,000:   32s.  Last read position: 11:83,625,827
INFO	2020-01-19 23:05:06	MarkDuplicates	Tracking 65836 as yet unmatched pairs. 283 records in RAM.
INFO	2020-01-19 23:05:33	MarkDuplicates	Read     5,000,000 records.  Elapsed time: 00:02:16s.  Time for last 1,000,000:   26s.  Last read position: 12:48,249,275
INFO	2020-01-19 23:05:33	MarkDuplicates	Tracking 86089 as yet unmatched pairs. 201 records in RAM.
INFO	2020-01-19 23:05:45	MarkDuplicates	Read     6,000,000 records.  Elapsed time: 00:02:28s.  Time for last 1,000,000:   12s.  Last read position: 13:89,030,885
INFO	2020-01-19 23:05:45	MarkDuplicates	Tracking 103332 as yet unmatched pairs. 1103 records in RAM.
INFO	2020-01-19 23:05:52	MarkDuplicates	Read     7,000,000 records.  Elapsed time: 00:02:35s.  Time for last 1,000,000:    7s.  Last read position: 14:42,492,463
INFO	2020-01-19 23:05:52	MarkDuplicates	Tracking 118285 as yet unmatched pairs. 3227 records in RAM.
INFO	2020-01-19 23:07:14	MarkDuplicates	Read     8,000,000 records.  Elapsed time: 00:03:57s.  Time for last 1,000,000:   81s.  Last read position: 14:115,262,339
INFO	2020-01-19 23:07:14	MarkDuplicates	Tracking 131852 as yet unmatched pairs. 849 records in RAM.
INFO	2020-01-19 23:07:40	MarkDuplicates	Read     9,000,000 records.  Elapsed time: 00:04:23s.  Time for last 1,000,000:   25s.  Last read position: 15:83,608,737
INFO	2020-01-19 23:07:40	MarkDuplicates	Tracking 143791 as yet unmatched pairs. 1222 records in RAM.
INFO	2020-01-19 23:07:51	MarkDuplicates	Read    10,000,000 records.  Elapsed time: 00:04:34s.  Time for last 1,000,000:   11s.  Last read position: 16:70,687,125
INFO	2020-01-19 23:07:51	MarkDuplicates	Tracking 156877 as yet unmatched pairs. 1683 records in RAM.
INFO	2020-01-19 23:08:37	MarkDuplicates	Read    11,000,000 records.  Elapsed time: 00:05:20s.  Time for last 1,000,000:   46s.  Last read position: 17:61,653,069
INFO	2020-01-19 23:08:37	MarkDuplicates	Tracking 167672 as yet unmatched pairs. 2342 records in RAM.
INFO	2020-01-19 23:08:52	MarkDuplicates	Read    12,000,000 records.  Elapsed time: 00:05:34s.  Time for last 1,000,000:   14s.  Last read position: 18:30,875,778
INFO	2020-01-19 23:08:52	MarkDuplicates	Tracking 175329 as yet unmatched pairs. 4396 records in RAM.
INFO	2020-01-19 23:08:57	MarkDuplicates	Read    13,000,000 records.  Elapsed time: 00:05:40s.  Time for last 1,000,000:    5s.  Last read position: 19:32,841,447
INFO	2020-01-19 23:08:57	MarkDuplicates	Tracking 184019 as yet unmatched pairs. 3449 records in RAM.
INFO	2020-01-19 23:09:12	MarkDuplicates	Read    14,000,000 records.  Elapsed time: 00:05:55s.  Time for last 1,000,000:   15s.  Last read position: 1:56,662,161
INFO	2020-01-19 23:09:12	MarkDuplicates	Tracking 191077 as yet unmatched pairs. 27472 records in RAM.
INFO	2020-01-19 23:10:09	MarkDuplicates	Read    15,000,000 records.  Elapsed time: 00:06:52s.  Time for last 1,000,000:   57s.  Last read position: 1:114,220,555
INFO	2020-01-19 23:10:09	MarkDuplicates	Tracking 196143 as yet unmatched pairs. 21186 records in RAM.
INFO	2020-01-19 23:10:19	MarkDuplicates	Read    16,000,000 records.  Elapsed time: 00:07:02s.  Time for last 1,000,000:    9s.  Last read position: 1:189,665,926
INFO	2020-01-19 23:10:19	MarkDuplicates	Tracking 200949 as yet unmatched pairs. 13591 records in RAM.
INFO	2020-01-19 23:10:34	MarkDuplicates	Read    17,000,000 records.  Elapsed time: 00:07:17s.  Time for last 1,000,000:   14s.  Last read position: 1:236,593,605
INFO	2020-01-19 23:10:34	MarkDuplicates	Tracking 203238 as yet unmatched pairs. 7422 records in RAM.
INFO	2020-01-19 23:11:56	MarkDuplicates	Read    18,000,000 records.  Elapsed time: 00:08:39s.  Time for last 1,000,000:   81s.  Last read position: 20:11,418,004
INFO	2020-01-19 23:11:56	MarkDuplicates	Tracking 204158 as yet unmatched pairs. 6449 records in RAM.
INFO	2020-01-19 23:12:20	MarkDuplicates	Read    19,000,000 records.  Elapsed time: 00:09:02s.  Time for last 1,000,000:   23s.  Last read position: 2:34,307,194
INFO	2020-01-19 23:12:20	MarkDuplicates	Tracking 205666 as yet unmatched pairs. 29661 records in RAM.
INFO	2020-01-19 23:12:33	MarkDuplicates	Read    20,000,000 records.  Elapsed time: 00:09:16s.  Time for last 1,000,000:   13s.  Last read position: 2:128,675,202
INFO	2020-01-19 23:12:33	MarkDuplicates	Tracking 206274 as yet unmatched pairs. 20714 records in RAM.
INFO	2020-01-19 23:13:11	MarkDuplicates	Read    21,000,000 records.  Elapsed time: 00:09:54s.  Time for last 1,000,000:   38s.  Last read position: 2:205,316,437
INFO	2020-01-19 23:13:11	MarkDuplicates	Tracking 203371 as yet unmatched pairs. 8977 records in RAM.
INFO	2020-01-19 23:13:51	MarkDuplicates	Read    22,000,000 records.  Elapsed time: 00:10:34s.  Time for last 1,000,000:   40s.  Last read position: 3:6,207,123
INFO	2020-01-19 23:13:51	MarkDuplicates	Tracking 201524 as yet unmatched pairs. 31393 records in RAM.
INFO	2020-01-19 23:14:09	MarkDuplicates	Read    23,000,000 records.  Elapsed time: 00:10:52s.  Time for last 1,000,000:   17s.  Last read position: 3:60,555,759
INFO	2020-01-19 23:14:09	MarkDuplicates	Tracking 199208 as yet unmatched pairs. 23034 records in RAM.
INFO	2020-01-19 23:14:16	MarkDuplicates	Read    24,000,000 records.  Elapsed time: 00:10:59s.  Time for last 1,000,000:    7s.  Last read position: 3:104,112,312
INFO	2020-01-19 23:14:16	MarkDuplicates	Tracking 197516 as yet unmatched pairs. 16421 records in RAM.
INFO	2020-01-19 23:14:41	MarkDuplicates	Read    25,000,000 records.  Elapsed time: 00:11:24s.  Time for last 1,000,000:   24s.  Last read position: 3:149,249,278
INFO	2020-01-19 23:14:41	MarkDuplicates	Tracking 194420 as yet unmatched pairs. 6574 records in RAM.
INFO	2020-01-19 23:14:56	MarkDuplicates	Read    26,000,000 records.  Elapsed time: 00:11:39s.  Time for last 1,000,000:   15s.  Last read position: 4:31,050,262
INFO	2020-01-19 23:14:56	MarkDuplicates	Tracking 189572 as yet unmatched pairs. 26115 records in RAM.
INFO	2020-01-19 23:15:05	MarkDuplicates	Read    27,000,000 records.  Elapsed time: 00:11:48s.  Time for last 1,000,000:    9s.  Last read position: 4:117,249,562
INFO	2020-01-19 23:15:05	MarkDuplicates	Tracking 183072 as yet unmatched pairs. 12792 records in RAM.
INFO	2020-01-19 23:15:23	MarkDuplicates	Read    28,000,000 records.  Elapsed time: 00:12:06s.  Time for last 1,000,000:   17s.  Last read position: 5:5,698,315
INFO	2020-01-19 23:15:23	MarkDuplicates	Tracking 175724 as yet unmatched pairs. 37471 records in RAM.
INFO	2020-01-19 23:16:01	MarkDuplicates	Read    29,000,000 records.  Elapsed time: 00:12:43s.  Time for last 1,000,000:   37s.  Last read position: 5:79,554,198
INFO	2020-01-19 23:16:01	MarkDuplicates	Tracking 167628 as yet unmatched pairs. 23614 records in RAM.
INFO	2020-01-19 23:16:12	MarkDuplicates	Read    30,000,000 records.  Elapsed time: 00:12:55s.  Time for last 1,000,000:   11s.  Last read position: 5:146,565,708
INFO	2020-01-19 23:16:12	MarkDuplicates	Tracking 159454 as yet unmatched pairs. 10907 records in RAM.
INFO	2020-01-19 23:16:20	MarkDuplicates	Read    31,000,000 records.  Elapsed time: 00:13:03s.  Time for last 1,000,000:    8s.  Last read position: 6:22,390,345
INFO	2020-01-19 23:16:20	MarkDuplicates	Tracking 148387 as yet unmatched pairs. 26813 records in RAM.
INFO	2020-01-19 23:17:09	MarkDuplicates	Read    32,000,000 records.  Elapsed time: 00:13:52s.  Time for last 1,000,000:   48s.  Last read position: 6:104,614,683
INFO	2020-01-19 23:17:09	MarkDuplicates	Tracking 135382 as yet unmatched pairs. 9400 records in RAM.
INFO	2020-01-19 23:17:23	MarkDuplicates	Read    33,000,000 records.  Elapsed time: 00:14:06s.  Time for last 1,000,000:   13s.  Last read position: 7:30,392,542
INFO	2020-01-19 23:17:23	MarkDuplicates	Tracking 122133 as yet unmatched pairs. 27483 records in RAM.
INFO	2020-01-19 23:17:28	MarkDuplicates	Read    34,000,000 records.  Elapsed time: 00:14:11s.  Time for last 1,000,000:    5s.  Last read position: 7:120,944,790
INFO	2020-01-19 23:17:28	MarkDuplicates	Tracking 106299 as yet unmatched pairs. 8278 records in RAM.
INFO	2020-01-19 23:17:47	MarkDuplicates	Read    35,000,000 records.  Elapsed time: 00:14:30s.  Time for last 1,000,000:   19s.  Last read position: 8:50,565,250
INFO	2020-01-19 23:17:47	MarkDuplicates	Tracking 91635 as yet unmatched pairs. 25976 records in RAM.
INFO	2020-01-19 23:17:55	MarkDuplicates	Read    36,000,000 records.  Elapsed time: 00:14:37s.  Time for last 1,000,000:    7s.  Last read position: 8:111,741,770
INFO	2020-01-19 23:17:55	MarkDuplicates	Tracking 75440 as yet unmatched pairs. 8032 records in RAM.
INFO	2020-01-19 23:18:06	MarkDuplicates	Read    37,000,000 records.  Elapsed time: 00:14:49s.  Time for last 1,000,000:   11s.  Last read position: 9:45,350,418
INFO	2020-01-19 23:18:06	MarkDuplicates	Tracking 59157 as yet unmatched pairs. 21989 records in RAM.
INFO	2020-01-19 23:18:12	MarkDuplicates	Read    38,000,000 records.  Elapsed time: 00:14:55s.  Time for last 1,000,000:    6s.  Last read position: 9:111,285,246
INFO	2020-01-19 23:18:12	MarkDuplicates	Tracking 42104 as yet unmatched pairs. 3958 records in RAM.
INFO	2020-01-19 23:18:48	MarkDuplicates	Read    39,000,000 records.  Elapsed time: 00:15:31s.  Time for last 1,000,000:   36s.  Last read position: X:119,117,134
INFO	2020-01-19 23:18:48	MarkDuplicates	Tracking 10910 as yet unmatched pairs. 10144 records in RAM.
INFO	2020-01-19 23:18:56	MarkDuplicates	Read 39369569 records. 0 pairs never matched.
INFO	2020-01-19 23:19:50	MarkDuplicates	After buildSortedReadEndLists freeMemory: 10789452488; totalMemory: 15588130816; maxMemory: 28631367680
INFO	2020-01-19 23:19:50	MarkDuplicates	Will retain up to 894730240 duplicate indices before spilling to disk.
INFO	2020-01-19 23:19:54	MarkDuplicates	Traversing read pair information and detecting duplicates.
INFO	2020-01-19 23:22:41	MarkDuplicates	Traversing fragment information and detecting duplicates.
INFO	2020-01-19 23:22:46	MarkDuplicates	Sorting list of duplicate records.
INFO	2020-01-19 23:22:49	MarkDuplicates	After generateDuplicateIndexes freeMemory: 18546387184; totalMemory: 25834815488; maxMemory: 28631367680
INFO	2020-01-19 23:22:49	MarkDuplicates	Marking 8789469 records as duplicates.
INFO	2020-01-19 23:22:49	MarkDuplicates	Found 10328 optical duplicate clusters.
INFO	2020-01-19 23:22:49	MarkDuplicates	Reads are assumed to be ordered by: coordinate
INFO	2020-01-19 23:25:43	MarkDuplicates	Written    10,000,000 records.  Elapsed time: 00:02:54s.  Time for last 10,000,000:  174s.  Last read position: 16:70,687,125
INFO	2020-01-19 23:31:01	MarkDuplicates	Written    20,000,000 records.  Elapsed time: 00:08:12s.  Time for last 10,000,000:  317s.  Last read position: 2:128,675,202
INFO	2020-01-19 23:33:56	MarkDuplicates	Written    30,000,000 records.  Elapsed time: 00:11:07s.  Time for last 10,000,000:  174s.  Last read position: 5:146,565,708
INFO	2020-01-19 23:37:03	MarkDuplicates	Written    40,000,000 records.  Elapsed time: 00:14:13s.  Time for last 10,000,000:  186s.  Last read position: */*
INFO	2020-01-19 23:38:35	MarkDuplicates	Writing complete. Closing input iterator.
INFO	2020-01-19 23:38:35	MarkDuplicates	Duplicate Index cleanup.
INFO	2020-01-19 23:38:35	MarkDuplicates	Getting Memory Stats.
INFO	2020-01-19 23:38:35	MarkDuplicates	Before output close freeMemory: 25791064216; totalMemory: 25988956160; maxMemory: 28631367680
INFO	2020-01-19 23:38:35	MarkDuplicates	Closed outputs. Getting more Memory Stats.
INFO	2020-01-19 23:38:35	MarkDuplicates	After output close freeMemory: 26232749352; totalMemory: 26430930944; maxMemory: 28631367680
[Sun Jan 19 23:38:35 UTC 2020] picard.sam.markduplicates.MarkDuplicates done. Elapsed time: 35.49 minutes.
Runtime.totalMemory()=26430930944
samtools depth: Could not read file "/scratch/gregg_thomas/Murinae-seq/Targets/tiles-rnor6-coords.bed": No such file or directory
