INFO	2020-01-19 23:23:45	MarkDuplicates	

********** NOTE: Picard's command line syntax is changing.
**********
********** For more information, please see:
********** https://github.com/broadinstitute/picard/wiki/Command-Line-Syntax-Transition-For-Users-(Pre-Transition)
**********
********** The command line looks like this in the new syntax:
**********
**********    MarkDuplicates -I /scratch/gregg_thomas/Murinae-seq/03B-MappedRat/Maxomys-surifer/Maxomys-surifer.sorted.bam -O /scratch/gregg_thomas/Murinae-seq/03B-MappedRat/Maxomys-surifer/Maxomys-surifer.sorted.mkdup.bam -M /scratch/gregg_thomas/Murinae-seq/03B-MappedRat/Maxomys-surifer/Maxomys-surifer-mkdup-metrics.txt
**********


23:23:46.303 INFO  NativeLibraryLoader - Loading libgkl_compression.so from jar:file:/home/gregg_thomas/bin/picard.jar!/com/intel/gkl/native/libgkl_compression.so
[Sun Jan 19 23:23:46 UTC 2020] MarkDuplicates INPUT=[/scratch/gregg_thomas/Murinae-seq/03B-MappedRat/Maxomys-surifer/Maxomys-surifer.sorted.bam] OUTPUT=/scratch/gregg_thomas/Murinae-seq/03B-MappedRat/Maxomys-surifer/Maxomys-surifer.sorted.mkdup.bam METRICS_FILE=/scratch/gregg_thomas/Murinae-seq/03B-MappedRat/Maxomys-surifer/Maxomys-surifer-mkdup-metrics.txt    MAX_SEQUENCES_FOR_DISK_READ_ENDS_MAP=50000 MAX_FILE_HANDLES_FOR_READ_ENDS_MAP=8000 SORTING_COLLECTION_SIZE_RATIO=0.25 TAG_DUPLICATE_SET_MEMBERS=false REMOVE_SEQUENCING_DUPLICATES=false TAGGING_POLICY=DontTag CLEAR_DT=true DUPLEX_UMI=false ADD_PG_TAG_TO_READS=true REMOVE_DUPLICATES=false ASSUME_SORTED=false DUPLICATE_SCORING_STRATEGY=SUM_OF_BASE_QUALITIES PROGRAM_RECORD_ID=MarkDuplicates PROGRAM_GROUP_NAME=MarkDuplicates READ_NAME_REGEX=<optimized capture of last three ':' separated fields as numeric values> OPTICAL_DUPLICATE_PIXEL_DISTANCE=100 MAX_OPTICAL_DUPLICATE_SET_SIZE=300000 VERBOSITY=INFO QUIET=false VALIDATION_STRINGENCY=STRICT COMPRESSION_LEVEL=5 MAX_RECORDS_IN_RAM=500000 CREATE_INDEX=false CREATE_MD5_FILE=false GA4GH_CLIENT_SECRETS=client_secrets.json USE_JDK_DEFLATER=false USE_JDK_INFLATER=false
[Sun Jan 19 23:23:46 UTC 2020] Executing as gregg_thomas@ecae4883a231 on Linux 4.4.0-104-generic amd64; Java HotSpot(TM) 64-Bit Server VM 1.8.0_221-b11; Deflater: Intel; Inflater: Intel; Provider GCS is not available; Picard version: 2.20.6-SNAPSHOT
INFO	2020-01-19 23:23:46	MarkDuplicates	Start of doWork freeMemory: 2037674856; totalMemory: 2058354688; maxMemory: 28631367680
INFO	2020-01-19 23:23:46	MarkDuplicates	Reading input file and constructing read end information.
INFO	2020-01-19 23:23:46	MarkDuplicates	Will retain up to 103736839 data points before spilling to disk.
INFO	2020-01-19 23:24:35	MarkDuplicates	Read     1,000,000 records.  Elapsed time: 00:00:33s.  Time for last 1,000,000:   33s.  Last read position: 10:53,599,632
INFO	2020-01-19 23:24:35	MarkDuplicates	Tracking 16563 as yet unmatched pairs. 574 records in RAM.
INFO	2020-01-19 23:25:10	MarkDuplicates	Read     2,000,000 records.  Elapsed time: 00:01:08s.  Time for last 1,000,000:   34s.  Last read position: 10:82,723,619
INFO	2020-01-19 23:25:10	MarkDuplicates	Tracking 26819 as yet unmatched pairs. 478 records in RAM.
INFO	2020-01-19 23:25:20	MarkDuplicates	Read     3,000,000 records.  Elapsed time: 00:01:18s.  Time for last 1,000,000:   10s.  Last read position: 11:14,661,203
INFO	2020-01-19 23:25:20	MarkDuplicates	Tracking 39107 as yet unmatched pairs. 1444 records in RAM.
INFO	2020-01-19 23:25:58	MarkDuplicates	Read     4,000,000 records.  Elapsed time: 00:01:56s.  Time for last 1,000,000:   37s.  Last read position: 11:87,951,829
INFO	2020-01-19 23:25:58	MarkDuplicates	Tracking 54919 as yet unmatched pairs. 67 records in RAM.
INFO	2020-01-19 23:26:14	MarkDuplicates	Read     5,000,000 records.  Elapsed time: 00:02:11s.  Time for last 1,000,000:   15s.  Last read position: 13:1,943,932
INFO	2020-01-19 23:26:14	MarkDuplicates	Tracking 69102 as yet unmatched pairs. 3062 records in RAM.
INFO	2020-01-19 23:26:28	MarkDuplicates	Read     6,000,000 records.  Elapsed time: 00:02:26s.  Time for last 1,000,000:   14s.  Last read position: 13:93,771,510
INFO	2020-01-19 23:26:28	MarkDuplicates	Tracking 84316 as yet unmatched pairs. 1044 records in RAM.
INFO	2020-01-19 23:26:41	MarkDuplicates	Read     7,000,000 records.  Elapsed time: 00:02:39s.  Time for last 1,000,000:   12s.  Last read position: 14:43,830,596
INFO	2020-01-19 23:26:41	MarkDuplicates	Tracking 96200 as yet unmatched pairs. 2601 records in RAM.
INFO	2020-01-19 23:27:42	MarkDuplicates	Read     8,000,000 records.  Elapsed time: 00:03:40s.  Time for last 1,000,000:   61s.  Last read position: 15:1,286,553
INFO	2020-01-19 23:27:42	MarkDuplicates	Tracking 107630 as yet unmatched pairs. 4771 records in RAM.
INFO	2020-01-19 23:27:56	MarkDuplicates	Read     9,000,000 records.  Elapsed time: 00:03:54s.  Time for last 1,000,000:   13s.  Last read position: 15:83,449,328
INFO	2020-01-19 23:27:56	MarkDuplicates	Tracking 119359 as yet unmatched pairs. 1290 records in RAM.
INFO	2020-01-19 23:28:05	MarkDuplicates	Read    10,000,000 records.  Elapsed time: 00:04:02s.  Time for last 1,000,000:    8s.  Last read position: 16:71,126,243
INFO	2020-01-19 23:28:05	MarkDuplicates	Tracking 130677 as yet unmatched pairs. 1002 records in RAM.
INFO	2020-01-19 23:28:42	MarkDuplicates	Read    11,000,000 records.  Elapsed time: 00:04:40s.  Time for last 1,000,000:   37s.  Last read position: 17:63,993,571
INFO	2020-01-19 23:28:42	MarkDuplicates	Tracking 141443 as yet unmatched pairs. 2083 records in RAM.
INFO	2020-01-19 23:28:53	MarkDuplicates	Read    12,000,000 records.  Elapsed time: 00:04:51s.  Time for last 1,000,000:   10s.  Last read position: 18:43,857,966
INFO	2020-01-19 23:28:53	MarkDuplicates	Tracking 148795 as yet unmatched pairs. 2949 records in RAM.
INFO	2020-01-19 23:29:05	MarkDuplicates	Read    13,000,000 records.  Elapsed time: 00:05:03s.  Time for last 1,000,000:   11s.  Last read position: 19:38,454,343
INFO	2020-01-19 23:29:05	MarkDuplicates	Tracking 156278 as yet unmatched pairs. 1970 records in RAM.
INFO	2020-01-19 23:29:29	MarkDuplicates	Read    14,000,000 records.  Elapsed time: 00:05:27s.  Time for last 1,000,000:   24s.  Last read position: 1:61,425,798
INFO	2020-01-19 23:29:29	MarkDuplicates	Tracking 163157 as yet unmatched pairs. 20525 records in RAM.
INFO	2020-01-19 23:29:48	MarkDuplicates	Read    15,000,000 records.  Elapsed time: 00:05:46s.  Time for last 1,000,000:   19s.  Last read position: 1:128,062,066
INFO	2020-01-19 23:29:48	MarkDuplicates	Tracking 166810 as yet unmatched pairs. 15127 records in RAM.
INFO	2020-01-19 23:30:03	MarkDuplicates	Read    16,000,000 records.  Elapsed time: 00:06:01s.  Time for last 1,000,000:   15s.  Last read position: 1:195,091,241
INFO	2020-01-19 23:30:03	MarkDuplicates	Tracking 171574 as yet unmatched pairs. 9821 records in RAM.
INFO	2020-01-19 23:30:15	MarkDuplicates	Read    17,000,000 records.  Elapsed time: 00:06:13s.  Time for last 1,000,000:   11s.  Last read position: 1:247,477,985
INFO	2020-01-19 23:30:15	MarkDuplicates	Tracking 173951 as yet unmatched pairs. 4596 records in RAM.
INFO	2020-01-19 23:31:05	MarkDuplicates	Read    18,000,000 records.  Elapsed time: 00:07:03s.  Time for last 1,000,000:   50s.  Last read position: 20:14,556,201
INFO	2020-01-19 23:31:05	MarkDuplicates	Tracking 175947 as yet unmatched pairs. 5278 records in RAM.
INFO	2020-01-19 23:31:16	MarkDuplicates	Read    19,000,000 records.  Elapsed time: 00:07:14s.  Time for last 1,000,000:   10s.  Last read position: 2:49,030,937
INFO	2020-01-19 23:31:16	MarkDuplicates	Tracking 178022 as yet unmatched pairs. 24619 records in RAM.
INFO	2020-01-19 23:31:24	MarkDuplicates	Read    20,000,000 records.  Elapsed time: 00:07:21s.  Time for last 1,000,000:    7s.  Last read position: 2:156,012,700
INFO	2020-01-19 23:31:24	MarkDuplicates	Tracking 178193 as yet unmatched pairs. 14365 records in RAM.
INFO	2020-01-19 23:31:42	MarkDuplicates	Read    21,000,000 records.  Elapsed time: 00:07:40s.  Time for last 1,000,000:   18s.  Last read position: 2:220,891,057
INFO	2020-01-19 23:31:42	MarkDuplicates	Tracking 177301 as yet unmatched pairs. 6075 records in RAM.
INFO	2020-01-19 23:31:53	MarkDuplicates	Read    22,000,000 records.  Elapsed time: 00:07:51s.  Time for last 1,000,000:   11s.  Last read position: 3:21,688,711
INFO	2020-01-19 23:31:53	MarkDuplicates	Tracking 176258 as yet unmatched pairs. 24601 records in RAM.
INFO	2020-01-19 23:31:59	MarkDuplicates	Read    23,000,000 records.  Elapsed time: 00:07:57s.  Time for last 1,000,000:    6s.  Last read position: 3:71,099,905
INFO	2020-01-19 23:31:59	MarkDuplicates	Tracking 175009 as yet unmatched pairs. 17802 records in RAM.
INFO	2020-01-19 23:32:06	MarkDuplicates	Read    24,000,000 records.  Elapsed time: 00:08:03s.  Time for last 1,000,000:    6s.  Last read position: 3:122,696,100
INFO	2020-01-19 23:32:06	MarkDuplicates	Tracking 172521 as yet unmatched pairs. 10073 records in RAM.
INFO	2020-01-19 23:32:22	MarkDuplicates	Read    25,000,000 records.  Elapsed time: 00:08:20s.  Time for last 1,000,000:   16s.  Last read position: 3:175,707,527
INFO	2020-01-19 23:32:22	MarkDuplicates	Tracking 169000 as yet unmatched pairs. 899 records in RAM.
INFO	2020-01-19 23:32:33	MarkDuplicates	Read    26,000,000 records.  Elapsed time: 00:08:31s.  Time for last 1,000,000:   10s.  Last read position: 4:68,373,255
INFO	2020-01-19 23:32:33	MarkDuplicates	Tracking 163909 as yet unmatched pairs. 18171 records in RAM.
INFO	2020-01-19 23:32:38	MarkDuplicates	Read    27,000,000 records.  Elapsed time: 00:08:36s.  Time for last 1,000,000:    5s.  Last read position: 4:151,288,728
INFO	2020-01-19 23:32:38	MarkDuplicates	Tracking 158779 as yet unmatched pairs. 6794 records in RAM.
INFO	2020-01-19 23:33:21	MarkDuplicates	Read    28,000,000 records.  Elapsed time: 00:09:19s.  Time for last 1,000,000:   42s.  Last read position: 5:37,901,024
INFO	2020-01-19 23:33:21	MarkDuplicates	Tracking 151333 as yet unmatched pairs. 25997 records in RAM.
INFO	2020-01-19 23:33:28	MarkDuplicates	Read    29,000,000 records.  Elapsed time: 00:09:26s.  Time for last 1,000,000:    7s.  Last read position: 5:120,648,088
INFO	2020-01-19 23:33:28	MarkDuplicates	Tracking 143636 as yet unmatched pairs. 12815 records in RAM.
INFO	2020-01-19 23:33:34	MarkDuplicates	Read    30,000,000 records.  Elapsed time: 00:09:32s.  Time for last 1,000,000:    5s.  Last read position: 5:159,072,443
INFO	2020-01-19 23:33:34	MarkDuplicates	Tracking 138094 as yet unmatched pairs. 3229 records in RAM.
INFO	2020-01-19 23:33:45	MarkDuplicates	Read    31,000,000 records.  Elapsed time: 00:09:43s.  Time for last 1,000,000:   11s.  Last read position: 6:52,280,502
INFO	2020-01-19 23:33:45	MarkDuplicates	Tracking 129431 as yet unmatched pairs. 17050 records in RAM.
INFO	2020-01-19 23:33:49	MarkDuplicates	Read    32,000,000 records.  Elapsed time: 00:09:47s.  Time for last 1,000,000:    4s.  Last read position: 6:135,552,104
INFO	2020-01-19 23:33:49	MarkDuplicates	Tracking 118400 as yet unmatched pairs. 1937 records in RAM.
INFO	2020-01-19 23:34:02	MarkDuplicates	Read    33,000,000 records.  Elapsed time: 00:10:00s.  Time for last 1,000,000:   12s.  Last read position: 7:71,060,803
INFO	2020-01-19 23:34:02	MarkDuplicates	Tracking 105170 as yet unmatched pairs. 15309 records in RAM.
INFO	2020-01-19 23:34:11	MarkDuplicates	Read    34,000,000 records.  Elapsed time: 00:10:09s.  Time for last 1,000,000:    9s.  Last read position: 7:132,072,189
INFO	2020-01-19 23:34:11	MarkDuplicates	Tracking 95381 as yet unmatched pairs. 3455 records in RAM.
INFO	2020-01-19 23:34:32	MarkDuplicates	Read    35,000,000 records.  Elapsed time: 00:10:30s.  Time for last 1,000,000:   21s.  Last read position: 8:60,403,324
INFO	2020-01-19 23:34:32	MarkDuplicates	Tracking 83392 as yet unmatched pairs. 18253 records in RAM.
INFO	2020-01-19 23:34:40	MarkDuplicates	Read    36,000,000 records.  Elapsed time: 00:10:38s.  Time for last 1,000,000:    8s.  Last read position: 8:116,880,116
INFO	2020-01-19 23:34:40	MarkDuplicates	Tracking 70746 as yet unmatched pairs. 4011 records in RAM.
INFO	2020-01-19 23:34:52	MarkDuplicates	Read    37,000,000 records.  Elapsed time: 00:10:50s.  Time for last 1,000,000:   11s.  Last read position: 9:60,067,864
INFO	2020-01-19 23:34:52	MarkDuplicates	Tracking 55408 as yet unmatched pairs. 15054 records in RAM.
INFO	2020-01-19 23:35:18	MarkDuplicates	Read    38,000,000 records.  Elapsed time: 00:11:15s.  Time for last 1,000,000:   25s.  Last read position: X:1,846,182
INFO	2020-01-19 23:35:18	MarkDuplicates	Tracking 40855 as yet unmatched pairs. 40410 records in RAM.
INFO	2020-01-19 23:35:26	MarkDuplicates	Read    39,000,000 records.  Elapsed time: 00:11:24s.  Time for last 1,000,000:    8s.  Last read position: X:77,436,526
INFO	2020-01-19 23:35:26	MarkDuplicates	Tracking 20508 as yet unmatched pairs. 20054 records in RAM.
INFO	2020-01-19 23:35:32	MarkDuplicates	Read 39976933 records. 0 pairs never matched.
INFO	2020-01-19 23:37:00	MarkDuplicates	After buildSortedReadEndLists freeMemory: 9862008024; totalMemory: 14931197952; maxMemory: 28631367680
INFO	2020-01-19 23:37:00	MarkDuplicates	Will retain up to 894730240 duplicate indices before spilling to disk.
INFO	2020-01-19 23:37:03	MarkDuplicates	Traversing read pair information and detecting duplicates.
INFO	2020-01-19 23:41:20	MarkDuplicates	Traversing fragment information and detecting duplicates.
INFO	2020-01-19 23:41:24	MarkDuplicates	Sorting list of duplicate records.
INFO	2020-01-19 23:41:26	MarkDuplicates	After generateDuplicateIndexes freeMemory: 19699353296; totalMemory: 26955218944; maxMemory: 28631367680
INFO	2020-01-19 23:41:26	MarkDuplicates	Marking 9058612 records as duplicates.
INFO	2020-01-19 23:41:26	MarkDuplicates	Found 12057 optical duplicate clusters.
INFO	2020-01-19 23:41:26	MarkDuplicates	Reads are assumed to be ordered by: coordinate
INFO	2020-01-19 23:43:13	MarkDuplicates	Written    10,000,000 records.  Elapsed time: 00:01:47s.  Time for last 10,000,000:  107s.  Last read position: 16:71,126,243
INFO	2020-01-19 23:45:14	MarkDuplicates	Written    20,000,000 records.  Elapsed time: 00:03:47s.  Time for last 10,000,000:  120s.  Last read position: 2:156,012,700
INFO	2020-01-19 23:47:38	MarkDuplicates	Written    30,000,000 records.  Elapsed time: 00:06:12s.  Time for last 10,000,000:  144s.  Last read position: 5:159,072,443
INFO	2020-01-19 23:50:57	MarkDuplicates	Written    40,000,000 records.  Elapsed time: 00:09:30s.  Time for last 10,000,000:  198s.  Last read position: */*
INFO	2020-01-19 23:51:33	MarkDuplicates	Writing complete. Closing input iterator.
INFO	2020-01-19 23:51:33	MarkDuplicates	Duplicate Index cleanup.
INFO	2020-01-19 23:51:33	MarkDuplicates	Getting Memory Stats.
INFO	2020-01-19 23:51:33	MarkDuplicates	Before output close freeMemory: 26380420120; totalMemory: 26580877312; maxMemory: 28631367680
INFO	2020-01-19 23:51:33	MarkDuplicates	Closed outputs. Getting more Memory Stats.
INFO	2020-01-19 23:51:34	MarkDuplicates	After output close freeMemory: 26781241264; totalMemory: 26981957632; maxMemory: 28631367680
[Sun Jan 19 23:51:34 UTC 2020] picard.sam.markduplicates.MarkDuplicates done. Elapsed time: 27.80 minutes.
Runtime.totalMemory()=26981957632
samtools depth: Could not read file "/scratch/gregg_thomas/Murinae-seq/Targets/tiles-rnor6-coords.bed": No such file or directory
