INFO	2020-01-20 00:26:42	MarkDuplicates	

********** NOTE: Picard's command line syntax is changing.
**********
********** For more information, please see:
********** https://github.com/broadinstitute/picard/wiki/Command-Line-Syntax-Transition-For-Users-(Pre-Transition)
**********
********** The command line looks like this in the new syntax:
**********
**********    MarkDuplicates -I /scratch/gregg_thomas/Murinae-seq/03B-MappedRat/Mus-spicilegus/Mus-spicilegus.sorted.bam -O /scratch/gregg_thomas/Murinae-seq/03B-MappedRat/Mus-spicilegus/Mus-spicilegus.sorted.mkdup.bam -M /scratch/gregg_thomas/Murinae-seq/03B-MappedRat/Mus-spicilegus/Mus-spicilegus-mkdup-metrics.txt
**********


00:26:43.353 INFO  NativeLibraryLoader - Loading libgkl_compression.so from jar:file:/home/gregg_thomas/bin/picard.jar!/com/intel/gkl/native/libgkl_compression.so
[Mon Jan 20 00:26:43 UTC 2020] MarkDuplicates INPUT=[/scratch/gregg_thomas/Murinae-seq/03B-MappedRat/Mus-spicilegus/Mus-spicilegus.sorted.bam] OUTPUT=/scratch/gregg_thomas/Murinae-seq/03B-MappedRat/Mus-spicilegus/Mus-spicilegus.sorted.mkdup.bam METRICS_FILE=/scratch/gregg_thomas/Murinae-seq/03B-MappedRat/Mus-spicilegus/Mus-spicilegus-mkdup-metrics.txt    MAX_SEQUENCES_FOR_DISK_READ_ENDS_MAP=50000 MAX_FILE_HANDLES_FOR_READ_ENDS_MAP=8000 SORTING_COLLECTION_SIZE_RATIO=0.25 TAG_DUPLICATE_SET_MEMBERS=false REMOVE_SEQUENCING_DUPLICATES=false TAGGING_POLICY=DontTag CLEAR_DT=true DUPLEX_UMI=false ADD_PG_TAG_TO_READS=true REMOVE_DUPLICATES=false ASSUME_SORTED=false DUPLICATE_SCORING_STRATEGY=SUM_OF_BASE_QUALITIES PROGRAM_RECORD_ID=MarkDuplicates PROGRAM_GROUP_NAME=MarkDuplicates READ_NAME_REGEX=<optimized capture of last three ':' separated fields as numeric values> OPTICAL_DUPLICATE_PIXEL_DISTANCE=100 MAX_OPTICAL_DUPLICATE_SET_SIZE=300000 VERBOSITY=INFO QUIET=false VALIDATION_STRINGENCY=STRICT COMPRESSION_LEVEL=5 MAX_RECORDS_IN_RAM=500000 CREATE_INDEX=false CREATE_MD5_FILE=false GA4GH_CLIENT_SECRETS=client_secrets.json USE_JDK_DEFLATER=false USE_JDK_INFLATER=false
[Mon Jan 20 00:26:43 UTC 2020] Executing as gregg_thomas@ecae4883a231 on Linux 4.4.0-104-generic amd64; Java HotSpot(TM) 64-Bit Server VM 1.8.0_221-b11; Deflater: Intel; Inflater: Intel; Provider GCS is not available; Picard version: 2.20.6-SNAPSHOT
INFO	2020-01-20 00:26:43	MarkDuplicates	Start of doWork freeMemory: 2037674648; totalMemory: 2058354688; maxMemory: 28631367680
INFO	2020-01-20 00:26:43	MarkDuplicates	Reading input file and constructing read end information.
INFO	2020-01-20 00:26:43	MarkDuplicates	Will retain up to 103736839 data points before spilling to disk.
INFO	2020-01-20 00:27:20	MarkDuplicates	Read     1,000,000 records.  Elapsed time: 00:00:29s.  Time for last 1,000,000:   29s.  Last read position: 10:56,627,256
INFO	2020-01-20 00:27:20	MarkDuplicates	Tracking 17177 as yet unmatched pairs. 740 records in RAM.
INFO	2020-01-20 00:27:55	MarkDuplicates	Read     2,000,000 records.  Elapsed time: 00:01:04s.  Time for last 1,000,000:   35s.  Last read position: 10:91,455,411
INFO	2020-01-20 00:27:55	MarkDuplicates	Tracking 31069 as yet unmatched pairs. 483 records in RAM.
INFO	2020-01-20 00:28:08	MarkDuplicates	Read     3,000,000 records.  Elapsed time: 00:01:17s.  Time for last 1,000,000:   12s.  Last read position: 11:67,674,279
INFO	2020-01-20 00:28:08	MarkDuplicates	Tracking 50191 as yet unmatched pairs. 654 records in RAM.
INFO	2020-01-20 00:28:53	MarkDuplicates	Read     4,000,000 records.  Elapsed time: 00:02:02s.  Time for last 1,000,000:   45s.  Last read position: 12:40,397,782
INFO	2020-01-20 00:28:53	MarkDuplicates	Tracking 67360 as yet unmatched pairs. 637 records in RAM.
INFO	2020-01-20 00:29:10	MarkDuplicates	Read     5,000,000 records.  Elapsed time: 00:02:20s.  Time for last 1,000,000:   17s.  Last read position: 13:91,844,221
INFO	2020-01-20 00:29:10	MarkDuplicates	Tracking 84139 as yet unmatched pairs. 846 records in RAM.
INFO	2020-01-20 00:29:18	MarkDuplicates	Read     6,000,000 records.  Elapsed time: 00:02:28s.  Time for last 1,000,000:    8s.  Last read position: 14:80,116,531
INFO	2020-01-20 00:29:18	MarkDuplicates	Tracking 101173 as yet unmatched pairs. 2421 records in RAM.
INFO	2020-01-20 00:29:55	MarkDuplicates	Read     7,000,000 records.  Elapsed time: 00:03:04s.  Time for last 1,000,000:   36s.  Last read position: 15:29,291,186
INFO	2020-01-20 00:29:55	MarkDuplicates	Tracking 112290 as yet unmatched pairs. 3080 records in RAM.
INFO	2020-01-20 00:30:40	MarkDuplicates	Read     8,000,000 records.  Elapsed time: 00:03:49s.  Time for last 1,000,000:   44s.  Last read position: 16:32,502,927
INFO	2020-01-20 00:30:40	MarkDuplicates	Tracking 124166 as yet unmatched pairs. 2821 records in RAM.
INFO	2020-01-20 00:30:51	MarkDuplicates	Read     9,000,000 records.  Elapsed time: 00:04:00s.  Time for last 1,000,000:   11s.  Last read position: 17:54,207,992
INFO	2020-01-20 00:30:51	MarkDuplicates	Tracking 135145 as yet unmatched pairs. 2261 records in RAM.
INFO	2020-01-20 00:32:03	MarkDuplicates	Read    10,000,000 records.  Elapsed time: 00:05:13s.  Time for last 1,000,000:   72s.  Last read position: 18:63,421,152
INFO	2020-01-20 00:32:03	MarkDuplicates	Tracking 143930 as yet unmatched pairs. 1572 records in RAM.
INFO	2020-01-20 00:32:31	MarkDuplicates	Read    11,000,000 records.  Elapsed time: 00:05:40s.  Time for last 1,000,000:   27s.  Last read position: 1:6,523,779
INFO	2020-01-20 00:32:31	MarkDuplicates	Tracking 151137 as yet unmatched pairs. 24977 records in RAM.
INFO	2020-01-20 00:32:38	MarkDuplicates	Read    12,000,000 records.  Elapsed time: 00:05:47s.  Time for last 1,000,000:    7s.  Last read position: 1:84,001,513
INFO	2020-01-20 00:32:38	MarkDuplicates	Tracking 158703 as yet unmatched pairs. 20483 records in RAM.
INFO	2020-01-20 00:33:02	MarkDuplicates	Read    13,000,000 records.  Elapsed time: 00:06:11s.  Time for last 1,000,000:   23s.  Last read position: 1:165,435,853
INFO	2020-01-20 00:33:02	MarkDuplicates	Tracking 161677 as yet unmatched pairs. 13158 records in RAM.
INFO	2020-01-20 00:33:13	MarkDuplicates	Read    14,000,000 records.  Elapsed time: 00:06:23s.  Time for last 1,000,000:   11s.  Last read position: 1:221,680,427
INFO	2020-01-20 00:33:13	MarkDuplicates	Tracking 163790 as yet unmatched pairs. 6753 records in RAM.
INFO	2020-01-20 00:33:27	MarkDuplicates	Read    15,000,000 records.  Elapsed time: 00:06:36s.  Time for last 1,000,000:   13s.  Last read position: 20:5,892,109
INFO	2020-01-20 00:33:27	MarkDuplicates	Tracking 167351 as yet unmatched pairs. 6176 records in RAM.
INFO	2020-01-20 00:34:41	MarkDuplicates	Read    16,000,000 records.  Elapsed time: 00:07:51s.  Time for last 1,000,000:   74s.  Last read position: 2:60,967,023
INFO	2020-01-20 00:34:41	MarkDuplicates	Tracking 168614 as yet unmatched pairs. 20772 records in RAM.
INFO	2020-01-20 00:34:55	MarkDuplicates	Read    17,000,000 records.  Elapsed time: 00:08:04s.  Time for last 1,000,000:   13s.  Last read position: 2:196,177,433
INFO	2020-01-20 00:34:55	MarkDuplicates	Tracking 166786 as yet unmatched pairs. 8933 records in RAM.
INFO	2020-01-20 00:35:11	MarkDuplicates	Read    18,000,000 records.  Elapsed time: 00:08:20s.  Time for last 1,000,000:   16s.  Last read position: 3:8,507,064
INFO	2020-01-20 00:35:11	MarkDuplicates	Tracking 164807 as yet unmatched pairs. 24529 records in RAM.
INFO	2020-01-20 00:35:19	MarkDuplicates	Read    19,000,000 records.  Elapsed time: 00:08:29s.  Time for last 1,000,000:    8s.  Last read position: 3:93,632,381
INFO	2020-01-20 00:35:19	MarkDuplicates	Tracking 162510 as yet unmatched pairs. 15215 records in RAM.
INFO	2020-01-20 00:35:46	MarkDuplicates	Read    20,000,000 records.  Elapsed time: 00:08:56s.  Time for last 1,000,000:   27s.  Last read position: 3:156,695,263
INFO	2020-01-20 00:35:46	MarkDuplicates	Tracking 158589 as yet unmatched pairs. 4508 records in RAM.
INFO	2020-01-20 00:36:00	MarkDuplicates	Read    21,000,000 records.  Elapsed time: 00:09:09s.  Time for last 1,000,000:   13s.  Last read position: 4:67,385,323
INFO	2020-01-20 00:36:00	MarkDuplicates	Tracking 152670 as yet unmatched pairs. 16781 records in RAM.
INFO	2020-01-20 00:36:09	MarkDuplicates	Read    22,000,000 records.  Elapsed time: 00:09:19s.  Time for last 1,000,000:    9s.  Last read position: 4:161,848,055
INFO	2020-01-20 00:36:09	MarkDuplicates	Tracking 145993 as yet unmatched pairs. 3828 records in RAM.
INFO	2020-01-20 00:36:52	MarkDuplicates	Read    23,000,000 records.  Elapsed time: 00:10:01s.  Time for last 1,000,000:   42s.  Last read position: 5:78,138,622
INFO	2020-01-20 00:36:52	MarkDuplicates	Tracking 137697 as yet unmatched pairs. 23305 records in RAM.
INFO	2020-01-20 00:37:08	MarkDuplicates	Read    24,000,000 records.  Elapsed time: 00:10:17s.  Time for last 1,000,000:   16s.  Last read position: 5:151,907,587
INFO	2020-01-20 00:37:08	MarkDuplicates	Tracking 128680 as yet unmatched pairs. 9971 records in RAM.
INFO	2020-01-20 00:37:19	MarkDuplicates	Read    25,000,000 records.  Elapsed time: 00:10:29s.  Time for last 1,000,000:   11s.  Last read position: 6:42,720,166
INFO	2020-01-20 00:37:19	MarkDuplicates	Tracking 116110 as yet unmatched pairs. 17101 records in RAM.
INFO	2020-01-20 00:37:45	MarkDuplicates	Read    26,000,000 records.  Elapsed time: 00:10:54s.  Time for last 1,000,000:   25s.  Last read position: 7:3,367,160
INFO	2020-01-20 00:37:45	MarkDuplicates	Tracking 102292 as yet unmatched pairs. 29392 records in RAM.
INFO	2020-01-20 00:37:53	MarkDuplicates	Read    27,000,000 records.  Elapsed time: 00:11:02s.  Time for last 1,000,000:    7s.  Last read position: 7:116,358,754
INFO	2020-01-20 00:37:53	MarkDuplicates	Tracking 85184 as yet unmatched pairs. 9193 records in RAM.
INFO	2020-01-20 00:38:07	MarkDuplicates	Read    28,000,000 records.  Elapsed time: 00:11:17s.  Time for last 1,000,000:   14s.  Last read position: 8:44,846,764
INFO	2020-01-20 00:38:07	MarkDuplicates	Tracking 71627 as yet unmatched pairs. 21588 records in RAM.
INFO	2020-01-20 00:38:46	MarkDuplicates	Read    29,000,000 records.  Elapsed time: 00:11:55s.  Time for last 1,000,000:   38s.  Last read position: 8:117,366,847
INFO	2020-01-20 00:38:46	MarkDuplicates	Tracking 56888 as yet unmatched pairs. 5019 records in RAM.
INFO	2020-01-20 00:39:00	MarkDuplicates	Read    30,000,000 records.  Elapsed time: 00:12:10s.  Time for last 1,000,000:   14s.  Last read position: 9:65,789,259
INFO	2020-01-20 00:39:00	MarkDuplicates	Tracking 39984 as yet unmatched pairs. 12931 records in RAM.
INFO	2020-01-20 00:39:14	MarkDuplicates	Read    31,000,000 records.  Elapsed time: 00:12:23s.  Time for last 1,000,000:   13s.  Last read position: X:37,573,179
INFO	2020-01-20 00:39:14	MarkDuplicates	Tracking 20334 as yet unmatched pairs. 20012 records in RAM.
INFO	2020-01-20 00:39:29	MarkDuplicates	Read    32,000,000 records.  Elapsed time: 00:12:38s.  Time for last 1,000,000:   14s.  Last read position: X:159,177,913
INFO	2020-01-20 00:39:29	MarkDuplicates	Tracking 548 as yet unmatched pairs. 218 records in RAM.
INFO	2020-01-20 00:39:29	MarkDuplicates	Read 32017481 records. 0 pairs never matched.
INFO	2020-01-20 00:40:23	MarkDuplicates	After buildSortedReadEndLists freeMemory: 11122421704; totalMemory: 15502147584; maxMemory: 28631367680
INFO	2020-01-20 00:40:23	MarkDuplicates	Will retain up to 894730240 duplicate indices before spilling to disk.
INFO	2020-01-20 00:40:27	MarkDuplicates	Traversing read pair information and detecting duplicates.
INFO	2020-01-20 00:43:14	MarkDuplicates	Traversing fragment information and detecting duplicates.
INFO	2020-01-20 00:43:19	MarkDuplicates	Sorting list of duplicate records.
INFO	2020-01-20 00:43:21	MarkDuplicates	After generateDuplicateIndexes freeMemory: 19996979480; totalMemory: 27282374656; maxMemory: 28631367680
INFO	2020-01-20 00:43:21	MarkDuplicates	Marking 5346933 records as duplicates.
INFO	2020-01-20 00:43:21	MarkDuplicates	Found 1163 optical duplicate clusters.
INFO	2020-01-20 00:43:21	MarkDuplicates	Reads are assumed to be ordered by: coordinate
INFO	2020-01-20 00:47:57	MarkDuplicates	Written    10,000,000 records.  Elapsed time: 00:04:35s.  Time for last 10,000,000:  275s.  Last read position: 18:63,421,152
INFO	2020-01-20 00:52:53	MarkDuplicates	Written    20,000,000 records.  Elapsed time: 00:09:32s.  Time for last 10,000,000:  296s.  Last read position: 3:156,695,263
INFO	2020-01-20 00:55:42	MarkDuplicates	Written    30,000,000 records.  Elapsed time: 00:12:20s.  Time for last 10,000,000:  168s.  Last read position: 9:65,789,259
INFO	2020-01-20 00:56:38	MarkDuplicates	Writing complete. Closing input iterator.
INFO	2020-01-20 00:56:38	MarkDuplicates	Duplicate Index cleanup.
INFO	2020-01-20 00:56:38	MarkDuplicates	Getting Memory Stats.
INFO	2020-01-20 00:56:38	MarkDuplicates	Before output close freeMemory: 26635819248; totalMemory: 26832535552; maxMemory: 28631367680
INFO	2020-01-20 00:56:38	MarkDuplicates	Closed outputs. Getting more Memory Stats.
INFO	2020-01-20 00:56:39	MarkDuplicates	After output close freeMemory: 27079665024; totalMemory: 27276607488; maxMemory: 28631367680
[Mon Jan 20 00:56:39 UTC 2020] picard.sam.markduplicates.MarkDuplicates done. Elapsed time: 29.93 minutes.
Runtime.totalMemory()=27276607488
samtools depth: Could not read file "/scratch/gregg_thomas/Murinae-seq/Targets/tiles-rnor6-coords.bed": No such file or directory
