INFO	2020-01-20 04:03:44	MarkDuplicates	

********** NOTE: Picard's command line syntax is changing.
**********
********** For more information, please see:
********** https://github.com/broadinstitute/picard/wiki/Command-Line-Syntax-Transition-For-Users-(Pre-Transition)
**********
********** The command line looks like this in the new syntax:
**********
**********    MarkDuplicates -I /scratch/gregg_thomas/Murinae-seq/03B-MappedRat/Mus-pos_ctrl_A/Mus-pos_ctrl_A.sorted.bam -O /scratch/gregg_thomas/Murinae-seq/03B-MappedRat/Mus-pos_ctrl_A/Mus-pos_ctrl_A.sorted.mkdup.bam -M /scratch/gregg_thomas/Murinae-seq/03B-MappedRat/Mus-pos_ctrl_A/Mus-pos_ctrl_A-mkdup-metrics.txt
**********


04:03:45.332 INFO  NativeLibraryLoader - Loading libgkl_compression.so from jar:file:/home/gregg_thomas/bin/picard.jar!/com/intel/gkl/native/libgkl_compression.so
[Mon Jan 20 04:03:45 UTC 2020] MarkDuplicates INPUT=[/scratch/gregg_thomas/Murinae-seq/03B-MappedRat/Mus-pos_ctrl_A/Mus-pos_ctrl_A.sorted.bam] OUTPUT=/scratch/gregg_thomas/Murinae-seq/03B-MappedRat/Mus-pos_ctrl_A/Mus-pos_ctrl_A.sorted.mkdup.bam METRICS_FILE=/scratch/gregg_thomas/Murinae-seq/03B-MappedRat/Mus-pos_ctrl_A/Mus-pos_ctrl_A-mkdup-metrics.txt    MAX_SEQUENCES_FOR_DISK_READ_ENDS_MAP=50000 MAX_FILE_HANDLES_FOR_READ_ENDS_MAP=8000 SORTING_COLLECTION_SIZE_RATIO=0.25 TAG_DUPLICATE_SET_MEMBERS=false REMOVE_SEQUENCING_DUPLICATES=false TAGGING_POLICY=DontTag CLEAR_DT=true DUPLEX_UMI=false ADD_PG_TAG_TO_READS=true REMOVE_DUPLICATES=false ASSUME_SORTED=false DUPLICATE_SCORING_STRATEGY=SUM_OF_BASE_QUALITIES PROGRAM_RECORD_ID=MarkDuplicates PROGRAM_GROUP_NAME=MarkDuplicates READ_NAME_REGEX=<optimized capture of last three ':' separated fields as numeric values> OPTICAL_DUPLICATE_PIXEL_DISTANCE=100 MAX_OPTICAL_DUPLICATE_SET_SIZE=300000 VERBOSITY=INFO QUIET=false VALIDATION_STRINGENCY=STRICT COMPRESSION_LEVEL=5 MAX_RECORDS_IN_RAM=500000 CREATE_INDEX=false CREATE_MD5_FILE=false GA4GH_CLIENT_SECRETS=client_secrets.json USE_JDK_DEFLATER=false USE_JDK_INFLATER=false
[Mon Jan 20 04:03:45 UTC 2020] Executing as gregg_thomas@ecae4883a231 on Linux 4.4.0-104-generic amd64; Java HotSpot(TM) 64-Bit Server VM 1.8.0_221-b11; Deflater: Intel; Inflater: Intel; Provider GCS is not available; Picard version: 2.20.6-SNAPSHOT
INFO	2020-01-20 04:03:45	MarkDuplicates	Start of doWork freeMemory: 2037675488; totalMemory: 2058354688; maxMemory: 28631367680
INFO	2020-01-20 04:03:45	MarkDuplicates	Reading input file and constructing read end information.
INFO	2020-01-20 04:03:45	MarkDuplicates	Will retain up to 103736839 data points before spilling to disk.
INFO	2020-01-20 04:04:09	MarkDuplicates	Read     1,000,000 records.  Elapsed time: 00:00:19s.  Time for last 1,000,000:   19s.  Last read position: 3:128,794,939
INFO	2020-01-20 04:04:09	MarkDuplicates	Tracking 24652 as yet unmatched pairs. 1415 records in RAM.
INFO	2020-01-20 04:04:18	MarkDuplicates	Read 1652167 records. 0 pairs never matched.
INFO	2020-01-20 04:04:24	MarkDuplicates	After buildSortedReadEndLists freeMemory: 4768434504; totalMemory: 5853151232; maxMemory: 28631367680
INFO	2020-01-20 04:04:24	MarkDuplicates	Will retain up to 894730240 duplicate indices before spilling to disk.
INFO	2020-01-20 04:04:27	MarkDuplicates	Traversing read pair information and detecting duplicates.
INFO	2020-01-20 04:04:35	MarkDuplicates	Traversing fragment information and detecting duplicates.
INFO	2020-01-20 04:04:36	MarkDuplicates	Sorting list of duplicate records.
INFO	2020-01-20 04:04:37	MarkDuplicates	After generateDuplicateIndexes freeMemory: 8166752000; totalMemory: 15406727168; maxMemory: 28631367680
INFO	2020-01-20 04:04:37	MarkDuplicates	Marking 593810 records as duplicates.
INFO	2020-01-20 04:04:37	MarkDuplicates	Found 9384 optical duplicate clusters.
INFO	2020-01-20 04:04:37	MarkDuplicates	Reads are assumed to be ordered by: coordinate
INFO	2020-01-20 04:05:33	MarkDuplicates	Writing complete. Closing input iterator.
INFO	2020-01-20 04:05:33	MarkDuplicates	Duplicate Index cleanup.
INFO	2020-01-20 04:05:33	MarkDuplicates	Getting Memory Stats.
INFO	2020-01-20 04:05:34	MarkDuplicates	Before output close freeMemory: 15459408776; totalMemory: 15553527808; maxMemory: 28631367680
INFO	2020-01-20 04:05:34	MarkDuplicates	Closed outputs. Getting more Memory Stats.
INFO	2020-01-20 04:05:34	MarkDuplicates	After output close freeMemory: 15311639704; totalMemory: 15405678592; maxMemory: 28631367680
[Mon Jan 20 04:05:34 UTC 2020] picard.sam.markduplicates.MarkDuplicates done. Elapsed time: 1.82 minutes.
Runtime.totalMemory()=15405678592
samtools depth: Could not read file "/scratch/gregg_thomas/Murinae-seq/Targets/tiles-rnor6-coords.bed": No such file or directory
