INFO	2020-01-19 23:40:00	MarkDuplicates	

********** NOTE: Picard's command line syntax is changing.
**********
********** For more information, please see:
********** https://github.com/broadinstitute/picard/wiki/Command-Line-Syntax-Transition-For-Users-(Pre-Transition)
**********
********** The command line looks like this in the new syntax:
**********
**********    MarkDuplicates -I /scratch/gregg_thomas/Murinae-seq/03B-MappedRat/Niviventer-lepturus/Niviventer-lepturus.sorted.bam -O /scratch/gregg_thomas/Murinae-seq/03B-MappedRat/Niviventer-lepturus/Niviventer-lepturus.sorted.mkdup.bam -M /scratch/gregg_thomas/Murinae-seq/03B-MappedRat/Niviventer-lepturus/Niviventer-lepturus-mkdup-metrics.txt
**********


23:40:01.212 INFO  NativeLibraryLoader - Loading libgkl_compression.so from jar:file:/home/gregg_thomas/bin/picard.jar!/com/intel/gkl/native/libgkl_compression.so
[Sun Jan 19 23:40:01 UTC 2020] MarkDuplicates INPUT=[/scratch/gregg_thomas/Murinae-seq/03B-MappedRat/Niviventer-lepturus/Niviventer-lepturus.sorted.bam] OUTPUT=/scratch/gregg_thomas/Murinae-seq/03B-MappedRat/Niviventer-lepturus/Niviventer-lepturus.sorted.mkdup.bam METRICS_FILE=/scratch/gregg_thomas/Murinae-seq/03B-MappedRat/Niviventer-lepturus/Niviventer-lepturus-mkdup-metrics.txt    MAX_SEQUENCES_FOR_DISK_READ_ENDS_MAP=50000 MAX_FILE_HANDLES_FOR_READ_ENDS_MAP=8000 SORTING_COLLECTION_SIZE_RATIO=0.25 TAG_DUPLICATE_SET_MEMBERS=false REMOVE_SEQUENCING_DUPLICATES=false TAGGING_POLICY=DontTag CLEAR_DT=true DUPLEX_UMI=false ADD_PG_TAG_TO_READS=true REMOVE_DUPLICATES=false ASSUME_SORTED=false DUPLICATE_SCORING_STRATEGY=SUM_OF_BASE_QUALITIES PROGRAM_RECORD_ID=MarkDuplicates PROGRAM_GROUP_NAME=MarkDuplicates READ_NAME_REGEX=<optimized capture of last three ':' separated fields as numeric values> OPTICAL_DUPLICATE_PIXEL_DISTANCE=100 MAX_OPTICAL_DUPLICATE_SET_SIZE=300000 VERBOSITY=INFO QUIET=false VALIDATION_STRINGENCY=STRICT COMPRESSION_LEVEL=5 MAX_RECORDS_IN_RAM=500000 CREATE_INDEX=false CREATE_MD5_FILE=false GA4GH_CLIENT_SECRETS=client_secrets.json USE_JDK_DEFLATER=false USE_JDK_INFLATER=false
[Sun Jan 19 23:40:01 UTC 2020] Executing as gregg_thomas@ecae4883a231 on Linux 4.4.0-104-generic amd64; Java HotSpot(TM) 64-Bit Server VM 1.8.0_221-b11; Deflater: Intel; Inflater: Intel; Provider GCS is not available; Picard version: 2.20.6-SNAPSHOT
INFO	2020-01-19 23:40:01	MarkDuplicates	Start of doWork freeMemory: 2037674512; totalMemory: 2058354688; maxMemory: 28631367680
INFO	2020-01-19 23:40:01	MarkDuplicates	Reading input file and constructing read end information.
INFO	2020-01-19 23:40:01	MarkDuplicates	Will retain up to 103736839 data points before spilling to disk.
INFO	2020-01-19 23:40:24	MarkDuplicates	Read     1,000,000 records.  Elapsed time: 00:00:13s.  Time for last 1,000,000:   13s.  Last read position: 10:53,835,524
INFO	2020-01-19 23:40:24	MarkDuplicates	Tracking 15104 as yet unmatched pairs. 915 records in RAM.
INFO	2020-01-19 23:40:40	MarkDuplicates	Read     2,000,000 records.  Elapsed time: 00:00:30s.  Time for last 1,000,000:   16s.  Last read position: 10:83,866,798
INFO	2020-01-19 23:40:40	MarkDuplicates	Tracking 27489 as yet unmatched pairs. 593 records in RAM.
INFO	2020-01-19 23:40:50	MarkDuplicates	Read     3,000,000 records.  Elapsed time: 00:00:39s.  Time for last 1,000,000:    9s.  Last read position: 11:20,495,266
INFO	2020-01-19 23:40:50	MarkDuplicates	Tracking 40535 as yet unmatched pairs. 1356 records in RAM.
INFO	2020-01-19 23:40:55	MarkDuplicates	Read     4,000,000 records.  Elapsed time: 00:00:44s.  Time for last 1,000,000:    5s.  Last read position: 12:450,895
INFO	2020-01-19 23:40:55	MarkDuplicates	Tracking 58412 as yet unmatched pairs. 1667 records in RAM.
INFO	2020-01-19 23:41:03	MarkDuplicates	Read     5,000,000 records.  Elapsed time: 00:00:53s.  Time for last 1,000,000:    8s.  Last read position: 13:26,346,217
INFO	2020-01-19 23:41:03	MarkDuplicates	Tracking 75435 as yet unmatched pairs. 2806 records in RAM.
INFO	2020-01-19 23:41:17	MarkDuplicates	Read     6,000,000 records.  Elapsed time: 00:01:06s.  Time for last 1,000,000:   13s.  Last read position: 13:99,337,799
INFO	2020-01-19 23:41:17	MarkDuplicates	Tracking 89369 as yet unmatched pairs. 563 records in RAM.
INFO	2020-01-19 23:41:21	MarkDuplicates	Read     7,000,000 records.  Elapsed time: 00:01:10s.  Time for last 1,000,000:    4s.  Last read position: 14:69,868,697
INFO	2020-01-19 23:41:21	MarkDuplicates	Tracking 102611 as yet unmatched pairs. 2859 records in RAM.
INFO	2020-01-19 23:42:38	MarkDuplicates	Read     8,000,000 records.  Elapsed time: 00:02:27s.  Time for last 1,000,000:   77s.  Last read position: 15:16,926,743
INFO	2020-01-19 23:42:38	MarkDuplicates	Tracking 113786 as yet unmatched pairs. 5279 records in RAM.
INFO	2020-01-19 23:42:43	MarkDuplicates	Read     9,000,000 records.  Elapsed time: 00:02:32s.  Time for last 1,000,000:    4s.  Last read position: 16:2,465,264
INFO	2020-01-19 23:42:43	MarkDuplicates	Tracking 125532 as yet unmatched pairs. 4253 records in RAM.
INFO	2020-01-19 23:42:48	MarkDuplicates	Read    10,000,000 records.  Elapsed time: 00:02:38s.  Time for last 1,000,000:    5s.  Last read position: 17:1,343,155
INFO	2020-01-19 23:42:48	MarkDuplicates	Tracking 135814 as yet unmatched pairs. 5897 records in RAM.
INFO	2020-01-19 23:43:25	MarkDuplicates	Read    11,000,000 records.  Elapsed time: 00:03:14s.  Time for last 1,000,000:   36s.  Last read position: 17:86,078,618
INFO	2020-01-19 23:43:25	MarkDuplicates	Tracking 146530 as yet unmatched pairs. 381 records in RAM.
INFO	2020-01-19 23:43:29	MarkDuplicates	Read    12,000,000 records.  Elapsed time: 00:03:18s.  Time for last 1,000,000:    3s.  Last read position: 18:70,908,117
INFO	2020-01-19 23:43:29	MarkDuplicates	Tracking 153096 as yet unmatched pairs. 1381 records in RAM.
INFO	2020-01-19 23:43:34	MarkDuplicates	Read    13,000,000 records.  Elapsed time: 00:03:23s.  Time for last 1,000,000:    5s.  Last read position: 19:56,684,581
INFO	2020-01-19 23:43:34	MarkDuplicates	Tracking 159815 as yet unmatched pairs. 486 records in RAM.
INFO	2020-01-19 23:44:02	MarkDuplicates	Read    14,000,000 records.  Elapsed time: 00:03:51s.  Time for last 1,000,000:   27s.  Last read position: 1:80,178,355
INFO	2020-01-19 23:44:02	MarkDuplicates	Tracking 165587 as yet unmatched pairs. 18669 records in RAM.
INFO	2020-01-19 23:44:32	MarkDuplicates	Read    15,000,000 records.  Elapsed time: 00:04:21s.  Time for last 1,000,000:   29s.  Last read position: 1:146,987,726
INFO	2020-01-19 23:44:32	MarkDuplicates	Tracking 170372 as yet unmatched pairs. 13559 records in RAM.
INFO	2020-01-19 23:44:40	MarkDuplicates	Read    16,000,000 records.  Elapsed time: 00:04:29s.  Time for last 1,000,000:    8s.  Last read position: 1:209,528,061
INFO	2020-01-19 23:44:40	MarkDuplicates	Tracking 173334 as yet unmatched pairs. 8495 records in RAM.
INFO	2020-01-19 23:44:49	MarkDuplicates	Read    17,000,000 records.  Elapsed time: 00:04:38s.  Time for last 1,000,000:    8s.  Last read position: 1:263,835,085
INFO	2020-01-19 23:44:49	MarkDuplicates	Tracking 175231 as yet unmatched pairs. 2644 records in RAM.
INFO	2020-01-19 23:45:56	MarkDuplicates	Read    18,000,000 records.  Elapsed time: 00:05:45s.  Time for last 1,000,000:   67s.  Last read position: 20:44,936,176
INFO	2020-01-19 23:45:56	MarkDuplicates	Tracking 175794 as yet unmatched pairs. 1422 records in RAM.
INFO	2020-01-19 23:46:04	MarkDuplicates	Read    19,000,000 records.  Elapsed time: 00:05:53s.  Time for last 1,000,000:    7s.  Last read position: 2:104,083,829
INFO	2020-01-19 23:46:04	MarkDuplicates	Tracking 175869 as yet unmatched pairs. 18010 records in RAM.
INFO	2020-01-19 23:46:15	MarkDuplicates	Read    20,000,000 records.  Elapsed time: 00:06:04s.  Time for last 1,000,000:   11s.  Last read position: 2:196,127,890
INFO	2020-01-19 23:46:15	MarkDuplicates	Tracking 175297 as yet unmatched pairs. 9088 records in RAM.
INFO	2020-01-19 23:46:49	MarkDuplicates	Read    21,000,000 records.  Elapsed time: 00:06:39s.  Time for last 1,000,000:   34s.  Last read position: 2:264,894,301
INFO	2020-01-19 23:46:49	MarkDuplicates	Tracking 173743 as yet unmatched pairs. 264 records in RAM.
INFO	2020-01-19 23:46:59	MarkDuplicates	Read    22,000,000 records.  Elapsed time: 00:06:48s.  Time for last 1,000,000:    9s.  Last read position: 3:56,581,928
INFO	2020-01-19 23:46:59	MarkDuplicates	Tracking 171335 as yet unmatched pairs. 19604 records in RAM.
INFO	2020-01-19 23:47:08	MarkDuplicates	Read    23,000,000 records.  Elapsed time: 00:06:58s.  Time for last 1,000,000:    9s.  Last read position: 3:113,056,513
INFO	2020-01-19 23:47:08	MarkDuplicates	Tracking 168941 as yet unmatched pairs. 11975 records in RAM.
INFO	2020-01-19 23:47:17	MarkDuplicates	Read    24,000,000 records.  Elapsed time: 00:07:06s.  Time for last 1,000,000:    8s.  Last read position: 3:162,480,737
INFO	2020-01-19 23:47:17	MarkDuplicates	Tracking 165594 as yet unmatched pairs. 3187 records in RAM.
INFO	2020-01-19 23:47:46	MarkDuplicates	Read    25,000,000 records.  Elapsed time: 00:07:35s.  Time for last 1,000,000:   29s.  Last read position: 4:58,193,375
INFO	2020-01-19 23:47:46	MarkDuplicates	Tracking 160705 as yet unmatched pairs. 19299 records in RAM.
INFO	2020-01-19 23:48:01	MarkDuplicates	Read    26,000,000 records.  Elapsed time: 00:07:50s.  Time for last 1,000,000:   14s.  Last read position: 4:144,687,876
INFO	2020-01-19 23:48:01	MarkDuplicates	Tracking 155124 as yet unmatched pairs. 8241 records in RAM.
INFO	2020-01-19 23:48:18	MarkDuplicates	Read    27,000,000 records.  Elapsed time: 00:08:07s.  Time for last 1,000,000:   17s.  Last read position: 5:25,353,445
INFO	2020-01-19 23:48:18	MarkDuplicates	Tracking 147895 as yet unmatched pairs. 28410 records in RAM.
INFO	2020-01-19 23:49:10	MarkDuplicates	Read    28,000,000 records.  Elapsed time: 00:09:00s.  Time for last 1,000,000:   52s.  Last read position: 5:114,407,581
INFO	2020-01-19 23:49:10	MarkDuplicates	Tracking 139757 as yet unmatched pairs. 15452 records in RAM.
INFO	2020-01-19 23:49:16	MarkDuplicates	Read    29,000,000 records.  Elapsed time: 00:09:05s.  Time for last 1,000,000:    5s.  Last read position: 5:154,219,389
INFO	2020-01-19 23:49:16	MarkDuplicates	Tracking 132740 as yet unmatched pairs. 4895 records in RAM.
INFO	2020-01-19 23:49:25	MarkDuplicates	Read    30,000,000 records.  Elapsed time: 00:09:14s.  Time for last 1,000,000:    8s.  Last read position: 6:44,251,402
INFO	2020-01-19 23:49:25	MarkDuplicates	Tracking 124147 as yet unmatched pairs. 19042 records in RAM.
INFO	2020-01-19 23:49:35	MarkDuplicates	Read    31,000,000 records.  Elapsed time: 00:09:25s.  Time for last 1,000,000:   10s.  Last read position: 6:129,898,017
INFO	2020-01-19 23:49:35	MarkDuplicates	Tracking 112397 as yet unmatched pairs. 3427 records in RAM.
INFO	2020-01-19 23:49:44	MarkDuplicates	Read    32,000,000 records.  Elapsed time: 00:09:33s.  Time for last 1,000,000:    8s.  Last read position: 7:66,672,573
INFO	2020-01-19 23:49:44	MarkDuplicates	Tracking 97070 as yet unmatched pairs. 15645 records in RAM.
INFO	2020-01-19 23:49:53	MarkDuplicates	Read    33,000,000 records.  Elapsed time: 00:09:42s.  Time for last 1,000,000:    8s.  Last read position: 7:140,979,697
INFO	2020-01-19 23:49:53	MarkDuplicates	Tracking 85457 as yet unmatched pairs. 1540 records in RAM.
INFO	2020-01-19 23:50:04	MarkDuplicates	Read    34,000,000 records.  Elapsed time: 00:09:53s.  Time for last 1,000,000:   10s.  Last read position: 8:65,586,693
INFO	2020-01-19 23:50:04	MarkDuplicates	Tracking 72998 as yet unmatched pairs. 16574 records in RAM.
INFO	2020-01-19 23:50:14	MarkDuplicates	Read    35,000,000 records.  Elapsed time: 00:10:03s.  Time for last 1,000,000:   10s.  Last read position: 8:122,443,370
INFO	2020-01-19 23:50:14	MarkDuplicates	Tracking 60611 as yet unmatched pairs. 2790 records in RAM.
INFO	2020-01-19 23:50:23	MarkDuplicates	Read    36,000,000 records.  Elapsed time: 00:10:13s.  Time for last 1,000,000:    9s.  Last read position: 9:66,965,365
INFO	2020-01-19 23:50:23	MarkDuplicates	Tracking 44185 as yet unmatched pairs. 11907 records in RAM.
INFO	2020-01-19 23:50:33	MarkDuplicates	Read    37,000,000 records.  Elapsed time: 00:10:22s.  Time for last 1,000,000:    9s.  Last read position: X:34,339,065
INFO	2020-01-19 23:50:33	MarkDuplicates	Tracking 25483 as yet unmatched pairs. 24789 records in RAM.
INFO	2020-01-19 23:50:55	MarkDuplicates	Read 37795710 records. 0 pairs never matched.
INFO	2020-01-19 23:51:50	MarkDuplicates	After buildSortedReadEndLists freeMemory: 9997258952; totalMemory: 14898167808; maxMemory: 28631367680
INFO	2020-01-19 23:51:50	MarkDuplicates	Will retain up to 894730240 duplicate indices before spilling to disk.
INFO	2020-01-19 23:51:53	MarkDuplicates	Traversing read pair information and detecting duplicates.
INFO	2020-01-19 23:54:44	MarkDuplicates	Traversing fragment information and detecting duplicates.
INFO	2020-01-19 23:54:48	MarkDuplicates	Sorting list of duplicate records.
INFO	2020-01-19 23:54:50	MarkDuplicates	After generateDuplicateIndexes freeMemory: 19703535064; totalMemory: 26999783424; maxMemory: 28631367680
INFO	2020-01-19 23:54:50	MarkDuplicates	Marking 8849354 records as duplicates.
INFO	2020-01-19 23:54:50	MarkDuplicates	Found 9676 optical duplicate clusters.
INFO	2020-01-19 23:54:50	MarkDuplicates	Reads are assumed to be ordered by: coordinate
INFO	2020-01-19 23:57:19	MarkDuplicates	Written    10,000,000 records.  Elapsed time: 00:02:29s.  Time for last 10,000,000:  149s.  Last read position: 17:1,343,155
INFO	2020-01-19 23:59:48	MarkDuplicates	Written    20,000,000 records.  Elapsed time: 00:04:57s.  Time for last 10,000,000:  148s.  Last read position: 2:196,127,890
INFO	2020-01-20 00:03:01	MarkDuplicates	Written    30,000,000 records.  Elapsed time: 00:08:11s.  Time for last 10,000,000:  193s.  Last read position: 6:44,251,402
INFO	2020-01-20 00:05:50	MarkDuplicates	Writing complete. Closing input iterator.
INFO	2020-01-20 00:05:50	MarkDuplicates	Duplicate Index cleanup.
INFO	2020-01-20 00:05:50	MarkDuplicates	Getting Memory Stats.
INFO	2020-01-20 00:05:50	MarkDuplicates	Before output close freeMemory: 26856106856; totalMemory: 27055882240; maxMemory: 28631367680
INFO	2020-01-20 00:05:50	MarkDuplicates	Closed outputs. Getting more Memory Stats.
INFO	2020-01-20 00:05:50	MarkDuplicates	After output close freeMemory: 26437200744; totalMemory: 26636976128; maxMemory: 28631367680
[Mon Jan 20 00:05:50 UTC 2020] picard.sam.markduplicates.MarkDuplicates done. Elapsed time: 25.83 minutes.
Runtime.totalMemory()=26636976128
samtools depth: Could not read file "/scratch/gregg_thomas/Murinae-seq/Targets/tiles-rnor6-coords.bed": No such file or directory
