INFO	2020-01-19 22:50:13	MarkDuplicates	

********** NOTE: Picard's command line syntax is changing.
**********
********** For more information, please see:
********** https://github.com/broadinstitute/picard/wiki/Command-Line-Syntax-Transition-For-Users-(Pre-Transition)
**********
********** The command line looks like this in the new syntax:
**********
**********    MarkDuplicates -I /scratch/gregg_thomas/Murinae-seq/03B-MappedRat/Paucidentomys-vermidax/Paucidentomys-vermidax.sorted.bam -O /scratch/gregg_thomas/Murinae-seq/03B-MappedRat/Paucidentomys-vermidax/Paucidentomys-vermidax.sorted.mkdup.bam -M /scratch/gregg_thomas/Murinae-seq/03B-MappedRat/Paucidentomys-vermidax/Paucidentomys-vermidax-mkdup-metrics.txt
**********


22:50:14.365 INFO  NativeLibraryLoader - Loading libgkl_compression.so from jar:file:/home/gregg_thomas/bin/picard.jar!/com/intel/gkl/native/libgkl_compression.so
[Sun Jan 19 22:50:14 UTC 2020] MarkDuplicates INPUT=[/scratch/gregg_thomas/Murinae-seq/03B-MappedRat/Paucidentomys-vermidax/Paucidentomys-vermidax.sorted.bam] OUTPUT=/scratch/gregg_thomas/Murinae-seq/03B-MappedRat/Paucidentomys-vermidax/Paucidentomys-vermidax.sorted.mkdup.bam METRICS_FILE=/scratch/gregg_thomas/Murinae-seq/03B-MappedRat/Paucidentomys-vermidax/Paucidentomys-vermidax-mkdup-metrics.txt    MAX_SEQUENCES_FOR_DISK_READ_ENDS_MAP=50000 MAX_FILE_HANDLES_FOR_READ_ENDS_MAP=8000 SORTING_COLLECTION_SIZE_RATIO=0.25 TAG_DUPLICATE_SET_MEMBERS=false REMOVE_SEQUENCING_DUPLICATES=false TAGGING_POLICY=DontTag CLEAR_DT=true DUPLEX_UMI=false ADD_PG_TAG_TO_READS=true REMOVE_DUPLICATES=false ASSUME_SORTED=false DUPLICATE_SCORING_STRATEGY=SUM_OF_BASE_QUALITIES PROGRAM_RECORD_ID=MarkDuplicates PROGRAM_GROUP_NAME=MarkDuplicates READ_NAME_REGEX=<optimized capture of last three ':' separated fields as numeric values> OPTICAL_DUPLICATE_PIXEL_DISTANCE=100 MAX_OPTICAL_DUPLICATE_SET_SIZE=300000 VERBOSITY=INFO QUIET=false VALIDATION_STRINGENCY=STRICT COMPRESSION_LEVEL=5 MAX_RECORDS_IN_RAM=500000 CREATE_INDEX=false CREATE_MD5_FILE=false GA4GH_CLIENT_SECRETS=client_secrets.json USE_JDK_DEFLATER=false USE_JDK_INFLATER=false
[Sun Jan 19 22:50:14 UTC 2020] Executing as gregg_thomas@ecae4883a231 on Linux 4.4.0-104-generic amd64; Java HotSpot(TM) 64-Bit Server VM 1.8.0_221-b11; Deflater: Intel; Inflater: Intel; Provider GCS is not available; Picard version: 2.20.6-SNAPSHOT
INFO	2020-01-19 22:50:15	MarkDuplicates	Start of doWork freeMemory: 2037673672; totalMemory: 2058354688; maxMemory: 28631367680
INFO	2020-01-19 22:50:15	MarkDuplicates	Reading input file and constructing read end information.
INFO	2020-01-19 22:50:15	MarkDuplicates	Will retain up to 103736839 data points before spilling to disk.
INFO	2020-01-19 22:51:04	MarkDuplicates	Read     1,000,000 records.  Elapsed time: 00:00:35s.  Time for last 1,000,000:   35s.  Last read position: 10:56,336,599
INFO	2020-01-19 22:51:04	MarkDuplicates	Tracking 10208 as yet unmatched pairs. 480 records in RAM.
INFO	2020-01-19 22:51:33	MarkDuplicates	Read     2,000,000 records.  Elapsed time: 00:01:03s.  Time for last 1,000,000:   28s.  Last read position: 10:87,238,960
INFO	2020-01-19 22:51:33	MarkDuplicates	Tracking 20494 as yet unmatched pairs. 237 records in RAM.
INFO	2020-01-19 22:51:45	MarkDuplicates	Read     3,000,000 records.  Elapsed time: 00:01:15s.  Time for last 1,000,000:   11s.  Last read position: 11:46,325,335
INFO	2020-01-19 22:51:45	MarkDuplicates	Tracking 29973 as yet unmatched pairs. 442 records in RAM.
INFO	2020-01-19 22:52:26	MarkDuplicates	Read     4,000,000 records.  Elapsed time: 00:01:56s.  Time for last 1,000,000:   40s.  Last read position: 12:24,314,802
INFO	2020-01-19 22:52:26	MarkDuplicates	Tracking 39721 as yet unmatched pairs. 644 records in RAM.
INFO	2020-01-19 22:52:38	MarkDuplicates	Read     5,000,000 records.  Elapsed time: 00:02:08s.  Time for last 1,000,000:   12s.  Last read position: 13:72,788,338
INFO	2020-01-19 22:52:38	MarkDuplicates	Tracking 50125 as yet unmatched pairs. 841 records in RAM.
INFO	2020-01-19 22:52:52	MarkDuplicates	Read     6,000,000 records.  Elapsed time: 00:02:22s.  Time for last 1,000,000:   14s.  Last read position: 14:28,396,057
INFO	2020-01-19 22:52:52	MarkDuplicates	Tracking 58305 as yet unmatched pairs. 1941 records in RAM.
INFO	2020-01-19 22:52:58	MarkDuplicates	Read     7,000,000 records.  Elapsed time: 00:02:29s.  Time for last 1,000,000:    6s.  Last read position: 14:115,445,876
INFO	2020-01-19 22:52:58	MarkDuplicates	Tracking 66100 as yet unmatched pairs. 51 records in RAM.
INFO	2020-01-19 22:54:18	MarkDuplicates	Read     8,000,000 records.  Elapsed time: 00:03:49s.  Time for last 1,000,000:   79s.  Last read position: 15:108,913,081
INFO	2020-01-19 22:54:18	MarkDuplicates	Tracking 73545 as yet unmatched pairs. 213 records in RAM.
INFO	2020-01-19 22:54:25	MarkDuplicates	Read     9,000,000 records.  Elapsed time: 00:03:55s.  Time for last 1,000,000:    6s.  Last read position: 17:5,916,074
INFO	2020-01-19 22:54:25	MarkDuplicates	Tracking 80588 as yet unmatched pairs. 3289 records in RAM.
INFO	2020-01-19 22:54:32	MarkDuplicates	Read    10,000,000 records.  Elapsed time: 00:04:03s.  Time for last 1,000,000:    7s.  Last read position: 18:4,209,547
INFO	2020-01-19 22:54:32	MarkDuplicates	Tracking 86960 as yet unmatched pairs. 3387 records in RAM.
INFO	2020-01-19 22:55:18	MarkDuplicates	Read    11,000,000 records.  Elapsed time: 00:04:49s.  Time for last 1,000,000:   46s.  Last read position: 19:14,389,490
INFO	2020-01-19 22:55:18	MarkDuplicates	Tracking 92247 as yet unmatched pairs. 2672 records in RAM.
INFO	2020-01-19 22:55:24	MarkDuplicates	Read    12,000,000 records.  Elapsed time: 00:04:54s.  Time for last 1,000,000:    5s.  Last read position: 1:42,476,737
INFO	2020-01-19 22:55:24	MarkDuplicates	Tracking 96385 as yet unmatched pairs. 13077 records in RAM.
INFO	2020-01-19 22:55:29	MarkDuplicates	Read    13,000,000 records.  Elapsed time: 00:05:00s.  Time for last 1,000,000:    5s.  Last read position: 1:114,578,877
INFO	2020-01-19 22:55:29	MarkDuplicates	Tracking 98851 as yet unmatched pairs. 9450 records in RAM.
INFO	2020-01-19 22:55:49	MarkDuplicates	Read    14,000,000 records.  Elapsed time: 00:05:19s.  Time for last 1,000,000:   19s.  Last read position: 1:198,451,324
INFO	2020-01-19 22:55:49	MarkDuplicates	Tracking 102402 as yet unmatched pairs. 5779 records in RAM.
INFO	2020-01-19 22:56:19	MarkDuplicates	Read    15,000,000 records.  Elapsed time: 00:05:49s.  Time for last 1,000,000:   29s.  Last read position: 1:257,939,622
INFO	2020-01-19 22:56:19	MarkDuplicates	Tracking 104140 as yet unmatched pairs. 2145 records in RAM.
INFO	2020-01-19 22:56:27	MarkDuplicates	Read    16,000,000 records.  Elapsed time: 00:05:58s.  Time for last 1,000,000:    8s.  Last read position: 20:48,932,197
INFO	2020-01-19 22:56:27	MarkDuplicates	Tracking 104743 as yet unmatched pairs. 458 records in RAM.
INFO	2020-01-19 22:56:38	MarkDuplicates	Read    17,000,000 records.  Elapsed time: 00:06:09s.  Time for last 1,000,000:   10s.  Last read position: 2:118,936,923
INFO	2020-01-19 22:56:38	MarkDuplicates	Tracking 106152 as yet unmatched pairs. 10130 records in RAM.
INFO	2020-01-19 22:57:28	MarkDuplicates	Read    18,000,000 records.  Elapsed time: 00:06:59s.  Time for last 1,000,000:   49s.  Last read position: 2:205,856,607
INFO	2020-01-19 22:57:28	MarkDuplicates	Tracking 106096 as yet unmatched pairs. 4841 records in RAM.
INFO	2020-01-19 22:57:37	MarkDuplicates	Read    19,000,000 records.  Elapsed time: 00:07:07s.  Time for last 1,000,000:    8s.  Last read position: 3:12,414,756
INFO	2020-01-19 22:57:37	MarkDuplicates	Tracking 104614 as yet unmatched pairs. 13902 records in RAM.
INFO	2020-01-19 22:57:42	MarkDuplicates	Read    20,000,000 records.  Elapsed time: 00:07:12s.  Time for last 1,000,000:    5s.  Last read position: 3:72,456,516
INFO	2020-01-19 22:57:42	MarkDuplicates	Tracking 104526 as yet unmatched pairs. 9985 records in RAM.
INFO	2020-01-19 22:58:04	MarkDuplicates	Read    21,000,000 records.  Elapsed time: 00:07:34s.  Time for last 1,000,000:   21s.  Last read position: 3:135,801,277
INFO	2020-01-19 22:58:04	MarkDuplicates	Tracking 102710 as yet unmatched pairs. 4230 records in RAM.
INFO	2020-01-19 22:58:16	MarkDuplicates	Read    22,000,000 records.  Elapsed time: 00:07:46s.  Time for last 1,000,000:   12s.  Last read position: 4:25,603,356
INFO	2020-01-19 22:58:16	MarkDuplicates	Tracking 99901 as yet unmatched pairs. 15143 records in RAM.
INFO	2020-01-19 22:58:25	MarkDuplicates	Read    23,000,000 records.  Elapsed time: 00:07:55s.  Time for last 1,000,000:    9s.  Last read position: 4:117,411,437
INFO	2020-01-19 22:58:25	MarkDuplicates	Tracking 96421 as yet unmatched pairs. 7598 records in RAM.
INFO	2020-01-19 22:58:37	MarkDuplicates	Read    24,000,000 records.  Elapsed time: 00:08:07s.  Time for last 1,000,000:   11s.  Last read position: 5:16,429,230
INFO	2020-01-19 22:58:37	MarkDuplicates	Tracking 91049 as yet unmatched pairs. 17341 records in RAM.
INFO	2020-01-19 22:59:01	MarkDuplicates	Read    25,000,000 records.  Elapsed time: 00:08:31s.  Time for last 1,000,000:   24s.  Last read position: 5:108,283,096
INFO	2020-01-19 22:59:01	MarkDuplicates	Tracking 86295 as yet unmatched pairs. 8689 records in RAM.
INFO	2020-01-19 22:59:08	MarkDuplicates	Read    26,000,000 records.  Elapsed time: 00:08:38s.  Time for last 1,000,000:    6s.  Last read position: 5:158,735,327
INFO	2020-01-19 22:59:08	MarkDuplicates	Tracking 81999 as yet unmatched pairs. 2244 records in RAM.
INFO	2020-01-19 22:59:16	MarkDuplicates	Read    27,000,000 records.  Elapsed time: 00:08:46s.  Time for last 1,000,000:    7s.  Last read position: 6:53,544,240
INFO	2020-01-19 22:59:16	MarkDuplicates	Tracking 75137 as yet unmatched pairs. 9920 records in RAM.
INFO	2020-01-19 23:00:08	MarkDuplicates	Read    28,000,000 records.  Elapsed time: 00:09:38s.  Time for last 1,000,000:   51s.  Last read position: 7:2,442,145
INFO	2020-01-19 23:00:08	MarkDuplicates	Tracking 67817 as yet unmatched pairs. 18233 records in RAM.
INFO	2020-01-19 23:00:14	MarkDuplicates	Read    29,000,000 records.  Elapsed time: 00:09:45s.  Time for last 1,000,000:    6s.  Last read position: 7:98,101,693
INFO	2020-01-19 23:00:14	MarkDuplicates	Tracking 57308 as yet unmatched pairs. 5516 records in RAM.
INFO	2020-01-19 23:00:23	MarkDuplicates	Read    30,000,000 records.  Elapsed time: 00:09:53s.  Time for last 1,000,000:    8s.  Last read position: 8:36,416,620
INFO	2020-01-19 23:00:23	MarkDuplicates	Tracking 49339 as yet unmatched pairs. 12929 records in RAM.
INFO	2020-01-19 23:00:38	MarkDuplicates	Read    31,000,000 records.  Elapsed time: 00:10:09s.  Time for last 1,000,000:   15s.  Last read position: 8:104,154,247
INFO	2020-01-19 23:00:38	MarkDuplicates	Tracking 41586 as yet unmatched pairs. 4206 records in RAM.
INFO	2020-01-19 23:00:46	MarkDuplicates	Read    32,000,000 records.  Elapsed time: 00:10:16s.  Time for last 1,000,000:    7s.  Last read position: 9:50,880,300
INFO	2020-01-19 23:00:46	MarkDuplicates	Tracking 32134 as yet unmatched pairs. 10924 records in RAM.
INFO	2020-01-19 23:00:54	MarkDuplicates	Read    33,000,000 records.  Elapsed time: 00:10:24s.  Time for last 1,000,000:    8s.  Last read position: X:10,511,635
INFO	2020-01-19 23:00:54	MarkDuplicates	Tracking 20666 as yet unmatched pairs. 19781 records in RAM.
INFO	2020-01-19 23:00:59	MarkDuplicates	Read 33908523 records. 0 pairs never matched.
INFO	2020-01-19 23:01:42	MarkDuplicates	After buildSortedReadEndLists freeMemory: 10770983512; totalMemory: 15287189504; maxMemory: 28631367680
INFO	2020-01-19 23:01:42	MarkDuplicates	Will retain up to 894730240 duplicate indices before spilling to disk.
INFO	2020-01-19 23:01:45	MarkDuplicates	Traversing read pair information and detecting duplicates.
INFO	2020-01-19 23:03:43	MarkDuplicates	Traversing fragment information and detecting duplicates.
INFO	2020-01-19 23:03:48	MarkDuplicates	Sorting list of duplicate records.
INFO	2020-01-19 23:03:50	MarkDuplicates	After generateDuplicateIndexes freeMemory: 17943330848; totalMemory: 25227689984; maxMemory: 28631367680
INFO	2020-01-19 23:03:50	MarkDuplicates	Marking 6454645 records as duplicates.
INFO	2020-01-19 23:03:50	MarkDuplicates	Found 11276 optical duplicate clusters.
INFO	2020-01-19 23:03:50	MarkDuplicates	Reads are assumed to be ordered by: coordinate
INFO	2020-01-19 23:06:40	MarkDuplicates	Written    10,000,000 records.  Elapsed time: 00:02:49s.  Time for last 10,000,000:  169s.  Last read position: 18:4,209,547
INFO	2020-01-19 23:09:30	MarkDuplicates	Written    20,000,000 records.  Elapsed time: 00:05:40s.  Time for last 10,000,000:  170s.  Last read position: 3:72,456,516
INFO	2020-01-19 23:13:24	MarkDuplicates	Written    30,000,000 records.  Elapsed time: 00:09:34s.  Time for last 10,000,000:  234s.  Last read position: 8:36,416,620
INFO	2020-01-19 23:15:13	MarkDuplicates	Writing complete. Closing input iterator.
INFO	2020-01-19 23:15:13	MarkDuplicates	Duplicate Index cleanup.
INFO	2020-01-19 23:15:13	MarkDuplicates	Getting Memory Stats.
INFO	2020-01-19 23:15:13	MarkDuplicates	Before output close freeMemory: 25102869336; totalMemory: 25296896000; maxMemory: 28631367680
INFO	2020-01-19 23:15:13	MarkDuplicates	Closed outputs. Getting more Memory Stats.
INFO	2020-01-19 23:15:14	MarkDuplicates	After output close freeMemory: 25607234392; totalMemory: 25801261056; maxMemory: 28631367680
[Sun Jan 19 23:15:14 UTC 2020] picard.sam.markduplicates.MarkDuplicates done. Elapsed time: 25.00 minutes.
Runtime.totalMemory()=25801261056
samtools depth: Could not read file "/scratch/gregg_thomas/Murinae-seq/Targets/tiles-rnor6-coords.bed": No such file or directory
