INFO	2020-01-27 17:33:19	MarkDuplicates	

********** NOTE: Picard's command line syntax is changing.
**********
********** For more information, please see:
********** https://github.com/broadinstitute/picard/wiki/Command-Line-Syntax-Transition-For-Users-(Pre-Transition)
**********
********** The command line looks like this in the new syntax:
**********
**********    MarkDuplicates -I /scratch/gregg_thomas/Murinae-seq/03B-MappedRat/Pseudomys-fieldi/Pseudomys-fieldi.sorted.bam -O /scratch/gregg_thomas/Murinae-seq/03B-MappedRat/Pseudomys-fieldi/Pseudomys-fieldi.sorted.mkdup.bam -M /scratch/gregg_thomas/Murinae-seq/03B-MappedRat/Pseudomys-fieldi/Pseudomys-fieldi-mkdup-metrics.txt
**********


17:33:20.514 INFO  NativeLibraryLoader - Loading libgkl_compression.so from jar:file:/home/gregg_thomas/bin/picard.jar!/com/intel/gkl/native/libgkl_compression.so
[Mon Jan 27 17:33:20 UTC 2020] MarkDuplicates INPUT=[/scratch/gregg_thomas/Murinae-seq/03B-MappedRat/Pseudomys-fieldi/Pseudomys-fieldi.sorted.bam] OUTPUT=/scratch/gregg_thomas/Murinae-seq/03B-MappedRat/Pseudomys-fieldi/Pseudomys-fieldi.sorted.mkdup.bam METRICS_FILE=/scratch/gregg_thomas/Murinae-seq/03B-MappedRat/Pseudomys-fieldi/Pseudomys-fieldi-mkdup-metrics.txt    MAX_SEQUENCES_FOR_DISK_READ_ENDS_MAP=50000 MAX_FILE_HANDLES_FOR_READ_ENDS_MAP=8000 SORTING_COLLECTION_SIZE_RATIO=0.25 TAG_DUPLICATE_SET_MEMBERS=false REMOVE_SEQUENCING_DUPLICATES=false TAGGING_POLICY=DontTag CLEAR_DT=true DUPLEX_UMI=false ADD_PG_TAG_TO_READS=true REMOVE_DUPLICATES=false ASSUME_SORTED=false DUPLICATE_SCORING_STRATEGY=SUM_OF_BASE_QUALITIES PROGRAM_RECORD_ID=MarkDuplicates PROGRAM_GROUP_NAME=MarkDuplicates READ_NAME_REGEX=<optimized capture of last three ':' separated fields as numeric values> OPTICAL_DUPLICATE_PIXEL_DISTANCE=100 MAX_OPTICAL_DUPLICATE_SET_SIZE=300000 VERBOSITY=INFO QUIET=false VALIDATION_STRINGENCY=STRICT COMPRESSION_LEVEL=5 MAX_RECORDS_IN_RAM=500000 CREATE_INDEX=false CREATE_MD5_FILE=false GA4GH_CLIENT_SECRETS=client_secrets.json USE_JDK_DEFLATER=false USE_JDK_INFLATER=false
[Mon Jan 27 17:33:20 UTC 2020] Executing as gregg_thomas@ecae4883a231 on Linux 4.4.0-104-generic amd64; Java HotSpot(TM) 64-Bit Server VM 1.8.0_221-b11; Deflater: Intel; Inflater: Intel; Provider GCS is not available; Picard version: 2.20.6-SNAPSHOT
INFO	2020-01-27 17:33:21	MarkDuplicates	Start of doWork freeMemory: 2037676584; totalMemory: 2058354688; maxMemory: 28631367680
INFO	2020-01-27 17:33:21	MarkDuplicates	Reading input file and constructing read end information.
INFO	2020-01-27 17:33:21	MarkDuplicates	Will retain up to 103736839 data points before spilling to disk.
INFO	2020-01-27 17:33:51	MarkDuplicates	Read     1,000,000 records.  Elapsed time: 00:00:19s.  Time for last 1,000,000:   19s.  Last read position: 10:55,223,236
INFO	2020-01-27 17:33:51	MarkDuplicates	Tracking 46698 as yet unmatched pairs. 2156 records in RAM.
INFO	2020-01-27 17:34:22	MarkDuplicates	Read     2,000,000 records.  Elapsed time: 00:00:50s.  Time for last 1,000,000:   30s.  Last read position: 10:86,743,833
INFO	2020-01-27 17:34:22	MarkDuplicates	Tracking 80021 as yet unmatched pairs. 1548 records in RAM.
INFO	2020-01-27 17:34:34	MarkDuplicates	Read     3,000,000 records.  Elapsed time: 00:01:02s.  Time for last 1,000,000:   12s.  Last read position: 11:36,405,011
INFO	2020-01-27 17:34:34	MarkDuplicates	Tracking 123620 as yet unmatched pairs. 3102 records in RAM.
INFO	2020-01-27 17:35:28	MarkDuplicates	Read     4,000,000 records.  Elapsed time: 00:01:56s.  Time for last 1,000,000:   54s.  Last read position: 12:15,831,903
INFO	2020-01-27 17:35:28	MarkDuplicates	Tracking 181436 as yet unmatched pairs. 5015 records in RAM.
INFO	2020-01-27 17:35:37	MarkDuplicates	Read     5,000,000 records.  Elapsed time: 00:02:05s.  Time for last 1,000,000:    8s.  Last read position: 13:52,275,777
INFO	2020-01-27 17:35:37	MarkDuplicates	Tracking 230882 as yet unmatched pairs. 6113 records in RAM.
INFO	2020-01-27 17:35:58	MarkDuplicates	Read     6,000,000 records.  Elapsed time: 00:02:25s.  Time for last 1,000,000:   20s.  Last read position: 14:14,587,670
INFO	2020-01-27 17:35:58	MarkDuplicates	Tracking 269390 as yet unmatched pairs. 10034 records in RAM.
INFO	2020-01-27 17:36:18	MarkDuplicates	Read     7,000,000 records.  Elapsed time: 00:02:46s.  Time for last 1,000,000:   20s.  Last read position: 14:108,264,055
INFO	2020-01-27 17:36:18	MarkDuplicates	Tracking 303676 as yet unmatched pairs. 934 records in RAM.
INFO	2020-01-27 17:37:06	MarkDuplicates	Read     8,000,000 records.  Elapsed time: 00:03:34s.  Time for last 1,000,000:   47s.  Last read position: 15:100,179,879
INFO	2020-01-27 17:37:06	MarkDuplicates	Tracking 339553 as yet unmatched pairs. 1433 records in RAM.
INFO	2020-01-27 17:37:17	MarkDuplicates	Read     9,000,000 records.  Elapsed time: 00:03:45s.  Time for last 1,000,000:   11s.  Last read position: 16:83,787,541
INFO	2020-01-27 17:37:17	MarkDuplicates	Tracking 369143 as yet unmatched pairs. 722 records in RAM.
INFO	2020-01-27 17:38:00	MarkDuplicates	Read    10,000,000 records.  Elapsed time: 00:04:28s.  Time for last 1,000,000:   42s.  Last read position: 18:1,185,247
INFO	2020-01-27 17:38:00	MarkDuplicates	Tracking 397726 as yet unmatched pairs. 16141 records in RAM.
INFO	2020-01-27 17:39:17	MarkDuplicates	Read    11,000,000 records.  Elapsed time: 00:05:45s.  Time for last 1,000,000:   77s.  Last read position: 19:10,153,440
INFO	2020-01-27 17:39:17	MarkDuplicates	Tracking 419727 as yet unmatched pairs. 14217 records in RAM.
INFO	2020-01-27 17:39:44	MarkDuplicates	Read    12,000,000 records.  Elapsed time: 00:06:12s.  Time for last 1,000,000:   26s.  Last read position: 1:31,477,905
INFO	2020-01-27 17:39:44	MarkDuplicates	Tracking 438416 as yet unmatched pairs. 73413 records in RAM.
INFO	2020-01-27 17:40:23	MarkDuplicates	Read    13,000,000 records.  Elapsed time: 00:06:51s.  Time for last 1,000,000:   38s.  Last read position: 1:91,663,449
INFO	2020-01-27 17:40:23	MarkDuplicates	Tracking 449683 as yet unmatched pairs. 58386 records in RAM.
INFO	2020-01-27 17:40:57	MarkDuplicates	Read    14,000,000 records.  Elapsed time: 00:07:25s.  Time for last 1,000,000:   34s.  Last read position: 1:175,885,522
INFO	2020-01-27 17:40:57	MarkDuplicates	Tracking 460040 as yet unmatched pairs. 41613 records in RAM.
INFO	2020-01-27 17:41:03	MarkDuplicates	Read    15,000,000 records.  Elapsed time: 00:07:31s.  Time for last 1,000,000:    5s.  Last read position: 1:225,095,962
INFO	2020-01-27 17:41:03	MarkDuplicates	Tracking 464932 as yet unmatched pairs. 19271 records in RAM.
INFO	2020-01-27 17:41:15	MarkDuplicates	Read    16,000,000 records.  Elapsed time: 00:07:43s.  Time for last 1,000,000:   11s.  Last read position: 20:5,707,701
INFO	2020-01-27 17:41:15	MarkDuplicates	Tracking 468899 as yet unmatched pairs. 18042 records in RAM.
INFO	2020-01-27 17:42:35	MarkDuplicates	Read    17,000,000 records.  Elapsed time: 00:09:03s.  Time for last 1,000,000:   80s.  Last read position: 2:50,965,908
INFO	2020-01-27 17:42:35	MarkDuplicates	Tracking 471371 as yet unmatched pairs. 58403 records in RAM.
INFO	2020-01-27 17:42:47	MarkDuplicates	Read    18,000,000 records.  Elapsed time: 00:09:15s.  Time for last 1,000,000:   12s.  Last read position: 2:187,726,309
INFO	2020-01-27 17:42:47	MarkDuplicates	Tracking 469413 as yet unmatched pairs. 28756 records in RAM.
INFO	2020-01-27 17:43:19	MarkDuplicates	Read    19,000,000 records.  Elapsed time: 00:09:47s.  Time for last 1,000,000:   31s.  Last read position: 2:260,092,273
INFO	2020-01-27 17:43:19	MarkDuplicates	Tracking 463907 as yet unmatched pairs. 1709 records in RAM.
INFO	2020-01-27 17:43:57	MarkDuplicates	Read    20,000,000 records.  Elapsed time: 00:10:25s.  Time for last 1,000,000:   37s.  Last read position: 3:58,544,079
INFO	2020-01-27 17:43:57	MarkDuplicates	Tracking 457943 as yet unmatched pairs. 52525 records in RAM.
INFO	2020-01-27 17:44:13	MarkDuplicates	Read    21,000,000 records.  Elapsed time: 00:10:40s.  Time for last 1,000,000:   15s.  Last read position: 3:120,395,050
INFO	2020-01-27 17:44:13	MarkDuplicates	Tracking 449908 as yet unmatched pairs. 28733 records in RAM.
INFO	2020-01-27 17:45:29	MarkDuplicates	Read    22,000,000 records.  Elapsed time: 00:11:57s.  Time for last 1,000,000:   76s.  Last read position: 4:635,710
INFO	2020-01-27 17:45:29	MarkDuplicates	Tracking 438245 as yet unmatched pairs. 74940 records in RAM.
INFO	2020-01-27 17:46:16	MarkDuplicates	Read    23,000,000 records.  Elapsed time: 00:12:44s.  Time for last 1,000,000:   47s.  Last read position: 4:99,066,743
INFO	2020-01-27 17:46:16	MarkDuplicates	Tracking 421998 as yet unmatched pairs. 41498 records in RAM.
INFO	2020-01-27 17:46:23	MarkDuplicates	Read    24,000,000 records.  Elapsed time: 00:12:51s.  Time for last 1,000,000:    6s.  Last read position: 4:181,913,443
INFO	2020-01-27 17:46:23	MarkDuplicates	Tracking 401061 as yet unmatched pairs. 2197 records in RAM.
INFO	2020-01-27 17:47:29	MarkDuplicates	Read    25,000,000 records.  Elapsed time: 00:13:57s.  Time for last 1,000,000:   66s.  Last read position: 5:99,103,254
INFO	2020-01-27 17:47:29	MarkDuplicates	Tracking 376400 as yet unmatched pairs. 49464 records in RAM.
INFO	2020-01-27 17:47:45	MarkDuplicates	Read    26,000,000 records.  Elapsed time: 00:14:13s.  Time for last 1,000,000:   16s.  Last read position: 5:154,522,918
INFO	2020-01-27 17:47:45	MarkDuplicates	Tracking 353893 as yet unmatched pairs. 15673 records in RAM.
INFO	2020-01-27 17:48:10	MarkDuplicates	Read    27,000,000 records.  Elapsed time: 00:14:38s.  Time for last 1,000,000:   24s.  Last read position: 6:49,852,174
INFO	2020-01-27 17:48:10	MarkDuplicates	Tracking 324477 as yet unmatched pairs. 47858 records in RAM.
INFO	2020-01-27 17:48:29	MarkDuplicates	Read    28,000,000 records.  Elapsed time: 00:14:56s.  Time for last 1,000,000:   18s.  Last read position: 7:2,511,624
INFO	2020-01-27 17:48:29	MarkDuplicates	Tracking 287570 as yet unmatched pairs. 78639 records in RAM.
INFO	2020-01-27 17:48:41	MarkDuplicates	Read    29,000,000 records.  Elapsed time: 00:15:09s.  Time for last 1,000,000:   12s.  Last read position: 7:95,297,651
INFO	2020-01-27 17:48:41	MarkDuplicates	Tracking 250513 as yet unmatched pairs. 33730 records in RAM.
INFO	2020-01-27 17:50:49	MarkDuplicates	Read    30,000,000 records.  Elapsed time: 00:17:17s.  Time for last 1,000,000:  127s.  Last read position: 8:20,620,198
INFO	2020-01-27 17:50:49	MarkDuplicates	Tracking 215832 as yet unmatched pairs. 76247 records in RAM.
INFO	2020-01-27 17:51:18	MarkDuplicates	Read    31,000,000 records.  Elapsed time: 00:17:46s.  Time for last 1,000,000:   29s.  Last read position: 8:91,518,344
INFO	2020-01-27 17:51:18	MarkDuplicates	Tracking 174710 as yet unmatched pairs. 30999 records in RAM.
INFO	2020-01-27 17:52:56	MarkDuplicates	Read    32,000,000 records.  Elapsed time: 00:19:23s.  Time for last 1,000,000:   97s.  Last read position: 9:30,276,023
INFO	2020-01-27 17:52:56	MarkDuplicates	Tracking 131457 as yet unmatched pairs. 55790 records in RAM.
INFO	2020-01-27 17:53:13	MarkDuplicates	Read    33,000,000 records.  Elapsed time: 00:19:41s.  Time for last 1,000,000:   17s.  Last read position: 9:111,220,219
INFO	2020-01-27 17:53:13	MarkDuplicates	Tracking 84739 as yet unmatched pairs. 6654 records in RAM.
INFO	2020-01-27 17:54:35	MarkDuplicates	Read    34,000,000 records.  Elapsed time: 00:21:03s.  Time for last 1,000,000:   82s.  Last read position: X:153,080,513
INFO	2020-01-27 17:54:35	MarkDuplicates	Tracking 4753 as yet unmatched pairs. 3647 records in RAM.
INFO	2020-01-27 17:54:36	MarkDuplicates	Read 34113628 records. 0 pairs never matched.
INFO	2020-01-27 17:55:12	MarkDuplicates	After buildSortedReadEndLists freeMemory: 10898963848; totalMemory: 15350104064; maxMemory: 28631367680
INFO	2020-01-27 17:55:12	MarkDuplicates	Will retain up to 894730240 duplicate indices before spilling to disk.
INFO	2020-01-27 17:55:15	MarkDuplicates	Traversing read pair information and detecting duplicates.
INFO	2020-01-27 17:58:47	MarkDuplicates	Traversing fragment information and detecting duplicates.
INFO	2020-01-27 17:59:10	MarkDuplicates	Sorting list of duplicate records.
INFO	2020-01-27 17:59:17	MarkDuplicates	After generateDuplicateIndexes freeMemory: 19025517824; totalMemory: 26310868992; maxMemory: 28631367680
INFO	2020-01-27 17:59:17	MarkDuplicates	Marking 6163861 records as duplicates.
INFO	2020-01-27 17:59:17	MarkDuplicates	Found 1050 optical duplicate clusters.
INFO	2020-01-27 17:59:17	MarkDuplicates	Reads are assumed to be ordered by: coordinate
INFO	2020-01-27 18:09:11	MarkDuplicates	Written    10,000,000 records.  Elapsed time: 00:09:53s.  Time for last 10,000,000:  593s.  Last read position: 18:1,185,247
INFO	2020-01-27 18:12:14	MarkDuplicates	Written    20,000,000 records.  Elapsed time: 00:12:56s.  Time for last 10,000,000:  183s.  Last read position: 3:58,544,079
INFO	2020-01-27 18:15:08	MarkDuplicates	Written    30,000,000 records.  Elapsed time: 00:15:50s.  Time for last 10,000,000:  173s.  Last read position: 8:20,620,198
INFO	2020-01-27 18:17:57	MarkDuplicates	Writing complete. Closing input iterator.
INFO	2020-01-27 18:17:57	MarkDuplicates	Duplicate Index cleanup.
INFO	2020-01-27 18:17:57	MarkDuplicates	Getting Memory Stats.
INFO	2020-01-27 18:17:58	MarkDuplicates	Before output close freeMemory: 25644750880; totalMemory: 25842679808; maxMemory: 28631367680
INFO	2020-01-27 18:17:58	MarkDuplicates	Closed outputs. Getting more Memory Stats.
INFO	2020-01-27 18:17:58	MarkDuplicates	After output close freeMemory: 26091802800; totalMemory: 26289897472; maxMemory: 28631367680
[Mon Jan 27 18:17:58 UTC 2020] picard.sam.markduplicates.MarkDuplicates done. Elapsed time: 44.64 minutes.
Runtime.totalMemory()=26289897472
samtools depth: Could not read file "/scratch/gregg_thomas/Murinae-seq/Targets/tiles-rnor6-coords.bed": No such file or directory
