INFO	2020-01-27 17:35:54	MarkDuplicates	

********** NOTE: Picard's command line syntax is changing.
**********
********** For more information, please see:
********** https://github.com/broadinstitute/picard/wiki/Command-Line-Syntax-Transition-For-Users-(Pre-Transition)
**********
********** The command line looks like this in the new syntax:
**********
**********    MarkDuplicates -I /scratch/gregg_thomas/Murinae-seq/03B-MappedRat/Pseudomys-johnsoni/Pseudomys-johnsoni.sorted.bam -O /scratch/gregg_thomas/Murinae-seq/03B-MappedRat/Pseudomys-johnsoni/Pseudomys-johnsoni.sorted.mkdup.bam -M /scratch/gregg_thomas/Murinae-seq/03B-MappedRat/Pseudomys-johnsoni/Pseudomys-johnsoni-mkdup-metrics.txt
**********


17:35:55.430 INFO  NativeLibraryLoader - Loading libgkl_compression.so from jar:file:/home/gregg_thomas/bin/picard.jar!/com/intel/gkl/native/libgkl_compression.so
[Mon Jan 27 17:35:55 UTC 2020] MarkDuplicates INPUT=[/scratch/gregg_thomas/Murinae-seq/03B-MappedRat/Pseudomys-johnsoni/Pseudomys-johnsoni.sorted.bam] OUTPUT=/scratch/gregg_thomas/Murinae-seq/03B-MappedRat/Pseudomys-johnsoni/Pseudomys-johnsoni.sorted.mkdup.bam METRICS_FILE=/scratch/gregg_thomas/Murinae-seq/03B-MappedRat/Pseudomys-johnsoni/Pseudomys-johnsoni-mkdup-metrics.txt    MAX_SEQUENCES_FOR_DISK_READ_ENDS_MAP=50000 MAX_FILE_HANDLES_FOR_READ_ENDS_MAP=8000 SORTING_COLLECTION_SIZE_RATIO=0.25 TAG_DUPLICATE_SET_MEMBERS=false REMOVE_SEQUENCING_DUPLICATES=false TAGGING_POLICY=DontTag CLEAR_DT=true DUPLEX_UMI=false ADD_PG_TAG_TO_READS=true REMOVE_DUPLICATES=false ASSUME_SORTED=false DUPLICATE_SCORING_STRATEGY=SUM_OF_BASE_QUALITIES PROGRAM_RECORD_ID=MarkDuplicates PROGRAM_GROUP_NAME=MarkDuplicates READ_NAME_REGEX=<optimized capture of last three ':' separated fields as numeric values> OPTICAL_DUPLICATE_PIXEL_DISTANCE=100 MAX_OPTICAL_DUPLICATE_SET_SIZE=300000 VERBOSITY=INFO QUIET=false VALIDATION_STRINGENCY=STRICT COMPRESSION_LEVEL=5 MAX_RECORDS_IN_RAM=500000 CREATE_INDEX=false CREATE_MD5_FILE=false GA4GH_CLIENT_SECRETS=client_secrets.json USE_JDK_DEFLATER=false USE_JDK_INFLATER=false
[Mon Jan 27 17:35:55 UTC 2020] Executing as gregg_thomas@ecae4883a231 on Linux 4.4.0-104-generic amd64; Java HotSpot(TM) 64-Bit Server VM 1.8.0_221-b11; Deflater: Intel; Inflater: Intel; Provider GCS is not available; Picard version: 2.20.6-SNAPSHOT
INFO	2020-01-27 17:35:56	MarkDuplicates	Start of doWork freeMemory: 2037676272; totalMemory: 2058354688; maxMemory: 28631367680
INFO	2020-01-27 17:35:56	MarkDuplicates	Reading input file and constructing read end information.
INFO	2020-01-27 17:35:56	MarkDuplicates	Will retain up to 103736839 data points before spilling to disk.
INFO	2020-01-27 17:36:47	MarkDuplicates	Read     1,000,000 records.  Elapsed time: 00:00:33s.  Time for last 1,000,000:   33s.  Last read position: 10:45,834,549
INFO	2020-01-27 17:36:47	MarkDuplicates	Tracking 59953 as yet unmatched pairs. 2553 records in RAM.
INFO	2020-01-27 17:37:16	MarkDuplicates	Read     2,000,000 records.  Elapsed time: 00:01:01s.  Time for last 1,000,000:   28s.  Last read position: 10:67,936,609
INFO	2020-01-27 17:37:16	MarkDuplicates	Tracking 94097 as yet unmatched pairs. 2911 records in RAM.
INFO	2020-01-27 17:37:24	MarkDuplicates	Read     3,000,000 records.  Elapsed time: 00:01:10s.  Time for last 1,000,000:    8s.  Last read position: 10:92,227,445
INFO	2020-01-27 17:37:24	MarkDuplicates	Tracking 134541 as yet unmatched pairs. 1792 records in RAM.
INFO	2020-01-27 17:38:13	MarkDuplicates	Read     4,000,000 records.  Elapsed time: 00:01:59s.  Time for last 1,000,000:   48s.  Last read position: 11:37,098,524
INFO	2020-01-27 17:38:13	MarkDuplicates	Tracking 193483 as yet unmatched pairs. 5084 records in RAM.
INFO	2020-01-27 17:38:22	MarkDuplicates	Read     5,000,000 records.  Elapsed time: 00:02:08s.  Time for last 1,000,000:    9s.  Last read position: 12:2,345,526
INFO	2020-01-27 17:38:22	MarkDuplicates	Tracking 255089 as yet unmatched pairs. 11417 records in RAM.
INFO	2020-01-27 17:38:39	MarkDuplicates	Read     6,000,000 records.  Elapsed time: 00:02:25s.  Time for last 1,000,000:   16s.  Last read position: 12:41,611,675
INFO	2020-01-27 17:38:39	MarkDuplicates	Tracking 322557 as yet unmatched pairs. 3813 records in RAM.
INFO	2020-01-27 17:39:16	MarkDuplicates	Read     7,000,000 records.  Elapsed time: 00:03:02s.  Time for last 1,000,000:   37s.  Last read position: 13:72,916,657
INFO	2020-01-27 17:39:16	MarkDuplicates	Tracking 381761 as yet unmatched pairs. 7097 records in RAM.
INFO	2020-01-27 17:40:24	MarkDuplicates	Read     8,000,000 records.  Elapsed time: 00:04:09s.  Time for last 1,000,000:   67s.  Last read position: 14:13,058,157
INFO	2020-01-27 17:40:24	MarkDuplicates	Tracking 425191 as yet unmatched pairs. 15280 records in RAM.
INFO	2020-01-27 17:40:29	MarkDuplicates	Read     9,000,000 records.  Elapsed time: 00:04:15s.  Time for last 1,000,000:    5s.  Last read position: 14:84,647,335
INFO	2020-01-27 17:40:29	MarkDuplicates	Tracking 465711 as yet unmatched pairs. 5639 records in RAM.
INFO	2020-01-27 17:41:24	MarkDuplicates	Read    10,000,000 records.  Elapsed time: 00:05:10s.  Time for last 1,000,000:   55s.  Last read position: 15:34,219,624
INFO	2020-01-27 17:41:24	MarkDuplicates	Tracking 509067 as yet unmatched pairs. 12466 records in RAM.
INFO	2020-01-27 17:41:34	MarkDuplicates	Read    11,000,000 records.  Elapsed time: 00:05:19s.  Time for last 1,000,000:    9s.  Last read position: 16:9,540,232
INFO	2020-01-27 17:41:34	MarkDuplicates	Tracking 552345 as yet unmatched pairs. 16230 records in RAM.
INFO	2020-01-27 17:41:44	MarkDuplicates	Read    12,000,000 records.  Elapsed time: 00:05:29s.  Time for last 1,000,000:    9s.  Last read position: 17:1,421,101
INFO	2020-01-27 17:41:44	MarkDuplicates	Tracking 589000 as yet unmatched pairs. 24050 records in RAM.
INFO	2020-01-27 17:42:05	MarkDuplicates	Read    13,000,000 records.  Elapsed time: 00:05:51s.  Time for last 1,000,000:   21s.  Last read position: 17:76,389,497
INFO	2020-01-27 17:42:05	MarkDuplicates	Tracking 623662 as yet unmatched pairs. 4172 records in RAM.
INFO	2020-01-27 17:42:50	MarkDuplicates	Read    14,000,000 records.  Elapsed time: 00:06:36s.  Time for last 1,000,000:   44s.  Last read position: 18:50,969,934
INFO	2020-01-27 17:42:50	MarkDuplicates	Tracking 649232 as yet unmatched pairs. 11406 records in RAM.
INFO	2020-01-27 17:43:00	MarkDuplicates	Read    15,000,000 records.  Elapsed time: 00:06:45s.  Time for last 1,000,000:    9s.  Last read position: 19:34,098,336
INFO	2020-01-27 17:43:00	MarkDuplicates	Tracking 675349 as yet unmatched pairs. 13330 records in RAM.
INFO	2020-01-27 17:43:22	MarkDuplicates	Read    16,000,000 records.  Elapsed time: 00:07:08s.  Time for last 1,000,000:   22s.  Last read position: 1:37,532,717
INFO	2020-01-27 17:43:22	MarkDuplicates	Tracking 696536 as yet unmatched pairs. 116161 records in RAM.
INFO	2020-01-27 17:44:23	MarkDuplicates	Read    17,000,000 records.  Elapsed time: 00:08:09s.  Time for last 1,000,000:   61s.  Last read position: 1:84,758,537
INFO	2020-01-27 17:44:23	MarkDuplicates	Tracking 709982 as yet unmatched pairs. 98053 records in RAM.
INFO	2020-01-27 17:44:29	MarkDuplicates	Read    18,000,000 records.  Elapsed time: 00:08:15s.  Time for last 1,000,000:    5s.  Last read position: 1:143,588,388
INFO	2020-01-27 17:44:29	MarkDuplicates	Tracking 722756 as yet unmatched pairs. 77984 records in RAM.
INFO	2020-01-27 17:44:38	MarkDuplicates	Read    19,000,000 records.  Elapsed time: 00:08:24s.  Time for last 1,000,000:    9s.  Last read position: 1:193,835,852
INFO	2020-01-27 17:44:38	MarkDuplicates	Tracking 732382 as yet unmatched pairs. 46237 records in RAM.
INFO	2020-01-27 17:45:09	MarkDuplicates	Read    20,000,000 records.  Elapsed time: 00:08:54s.  Time for last 1,000,000:   30s.  Last read position: 1:225,144,886
INFO	2020-01-27 17:45:09	MarkDuplicates	Tracking 737210 as yet unmatched pairs. 29915 records in RAM.
INFO	2020-01-27 17:45:14	MarkDuplicates	Read    21,000,000 records.  Elapsed time: 00:08:59s.  Time for last 1,000,000:    4s.  Last read position: 1:282,158,884
INFO	2020-01-27 17:45:14	MarkDuplicates	Tracking 743816 as yet unmatched pairs. 1888 records in RAM.
INFO	2020-01-27 17:45:22	MarkDuplicates	Read    22,000,000 records.  Elapsed time: 00:09:07s.  Time for last 1,000,000:    7s.  Last read position: 20:44,899,977
INFO	2020-01-27 17:45:22	MarkDuplicates	Tracking 745756 as yet unmatched pairs. 6168 records in RAM.
INFO	2020-01-27 17:46:13	MarkDuplicates	Read    23,000,000 records.  Elapsed time: 00:09:58s.  Time for last 1,000,000:   51s.  Last read position: 2:88,217,475
INFO	2020-01-27 17:46:13	MarkDuplicates	Tracking 746334 as yet unmatched pairs. 78491 records in RAM.
INFO	2020-01-27 17:46:20	MarkDuplicates	Read    24,000,000 records.  Elapsed time: 00:10:05s.  Time for last 1,000,000:    7s.  Last read position: 2:188,283,803
INFO	2020-01-27 17:46:20	MarkDuplicates	Tracking 744006 as yet unmatched pairs. 45269 records in RAM.
INFO	2020-01-27 17:46:29	MarkDuplicates	Read    25,000,000 records.  Elapsed time: 00:10:15s.  Time for last 1,000,000:    9s.  Last read position: 2:235,742,601
INFO	2020-01-27 17:46:29	MarkDuplicates	Tracking 738033 as yet unmatched pairs. 15360 records in RAM.
INFO	2020-01-27 17:48:00	MarkDuplicates	Read    26,000,000 records.  Elapsed time: 00:11:46s.  Time for last 1,000,000:   91s.  Last read position: 3:16,471,286
INFO	2020-01-27 17:48:00	MarkDuplicates	Tracking 731610 as yet unmatched pairs. 101803 records in RAM.
INFO	2020-01-27 17:48:14	MarkDuplicates	Read    27,000,000 records.  Elapsed time: 00:12:00s.  Time for last 1,000,000:   13s.  Last read position: 3:73,312,368
INFO	2020-01-27 17:48:14	MarkDuplicates	Tracking 722866 as yet unmatched pairs. 73548 records in RAM.
INFO	2020-01-27 17:48:41	MarkDuplicates	Read    28,000,000 records.  Elapsed time: 00:12:27s.  Time for last 1,000,000:   27s.  Last read position: 3:120,079,507
INFO	2020-01-27 17:48:41	MarkDuplicates	Tracking 712688 as yet unmatched pairs. 44313 records in RAM.
INFO	2020-01-27 17:50:23	MarkDuplicates	Read    29,000,000 records.  Elapsed time: 00:14:09s.  Time for last 1,000,000:  101s.  Last read position: 3:163,791,890
INFO	2020-01-27 17:50:23	MarkDuplicates	Tracking 699797 as yet unmatched pairs. 11893 records in RAM.
INFO	2020-01-27 17:51:15	MarkDuplicates	Read    30,000,000 records.  Elapsed time: 00:15:00s.  Time for last 1,000,000:   51s.  Last read position: 4:51,487,601
INFO	2020-01-27 17:51:15	MarkDuplicates	Tracking 682960 as yet unmatched pairs. 91717 records in RAM.
INFO	2020-01-27 17:51:21	MarkDuplicates	Read    31,000,000 records.  Elapsed time: 00:15:07s.  Time for last 1,000,000:    6s.  Last read position: 4:119,082,734
INFO	2020-01-27 17:51:21	MarkDuplicates	Tracking 659400 as yet unmatched pairs. 46878 records in RAM.
INFO	2020-01-27 17:51:33	MarkDuplicates	Read    32,000,000 records.  Elapsed time: 00:15:19s.  Time for last 1,000,000:   11s.  Last read position: 4:179,485,803
INFO	2020-01-27 17:51:33	MarkDuplicates	Tracking 636683 as yet unmatched pairs. 5141 records in RAM.
INFO	2020-01-27 17:52:22	MarkDuplicates	Read    33,000,000 records.  Elapsed time: 00:16:08s.  Time for last 1,000,000:   49s.  Last read position: 5:68,139,454
INFO	2020-01-27 17:52:22	MarkDuplicates	Tracking 608043 as yet unmatched pairs. 93565 records in RAM.
INFO	2020-01-27 17:52:27	MarkDuplicates	Read    34,000,000 records.  Elapsed time: 00:16:13s.  Time for last 1,000,000:    4s.  Last read position: 5:136,119,698
INFO	2020-01-27 17:52:27	MarkDuplicates	Tracking 581438 as yet unmatched pairs. 51922 records in RAM.
INFO	2020-01-27 17:52:44	MarkDuplicates	Read    35,000,000 records.  Elapsed time: 00:16:30s.  Time for last 1,000,000:   17s.  Last read position: 5:164,225,004
INFO	2020-01-27 17:52:44	MarkDuplicates	Tracking 555985 as yet unmatched pairs. 14029 records in RAM.
INFO	2020-01-27 17:53:27	MarkDuplicates	Read    36,000,000 records.  Elapsed time: 00:17:13s.  Time for last 1,000,000:   42s.  Last read position: 6:42,399,191
INFO	2020-01-27 17:53:27	MarkDuplicates	Tracking 520341 as yet unmatched pairs. 80174 records in RAM.
INFO	2020-01-27 17:53:32	MarkDuplicates	Read    37,000,000 records.  Elapsed time: 00:17:18s.  Time for last 1,000,000:    4s.  Last read position: 6:121,255,104
INFO	2020-01-27 17:53:32	MarkDuplicates	Tracking 476003 as yet unmatched pairs. 20025 records in RAM.
INFO	2020-01-27 17:54:27	MarkDuplicates	Read    38,000,000 records.  Elapsed time: 00:18:13s.  Time for last 1,000,000:   55s.  Last read position: 7:31,767,845
INFO	2020-01-27 17:54:27	MarkDuplicates	Tracking 440566 as yet unmatched pairs. 101802 records in RAM.
INFO	2020-01-27 17:54:44	MarkDuplicates	Read    39,000,000 records.  Elapsed time: 00:18:30s.  Time for last 1,000,000:   16s.  Last read position: 7:116,201,480
INFO	2020-01-27 17:54:44	MarkDuplicates	Tracking 389676 as yet unmatched pairs. 39807 records in RAM.
INFO	2020-01-27 17:55:34	MarkDuplicates	Read    40,000,000 records.  Elapsed time: 00:19:20s.  Time for last 1,000,000:   49s.  Last read position: 8:5,314,725
INFO	2020-01-27 17:55:34	MarkDuplicates	Tracking 353786 as yet unmatched pairs. 125912 records in RAM.
INFO	2020-01-27 17:56:20	MarkDuplicates	Read    41,000,000 records.  Elapsed time: 00:20:05s.  Time for last 1,000,000:   45s.  Last read position: 8:67,648,116
INFO	2020-01-27 17:56:20	MarkDuplicates	Tracking 306940 as yet unmatched pairs. 73831 records in RAM.
INFO	2020-01-27 17:58:41	MarkDuplicates	Read    42,000,000 records.  Elapsed time: 00:22:27s.  Time for last 1,000,000:  141s.  Last read position: 8:118,636,416
INFO	2020-01-27 17:58:41	MarkDuplicates	Tracking 258746 as yet unmatched pairs. 20460 records in RAM.
INFO	2020-01-27 17:59:52	MarkDuplicates	Read    43,000,000 records.  Elapsed time: 00:23:38s.  Time for last 1,000,000:   70s.  Last read position: 9:50,373,178
INFO	2020-01-27 17:59:52	MarkDuplicates	Tracking 200231 as yet unmatched pairs. 69495 records in RAM.
INFO	2020-01-27 18:00:14	MarkDuplicates	Read    44,000,000 records.  Elapsed time: 00:23:59s.  Time for last 1,000,000:   21s.  Last read position: 9:104,714,159
INFO	2020-01-27 18:00:14	MarkDuplicates	Tracking 148476 as yet unmatched pairs. 14714 records in RAM.
INFO	2020-01-27 18:01:55	MarkDuplicates	Read    45,000,000 records.  Elapsed time: 00:25:41s.  Time for last 1,000,000:  101s.  Last read position: X:62,627,940
INFO	2020-01-27 18:01:55	MarkDuplicates	Tracking 82226 as yet unmatched pairs. 81113 records in RAM.
INFO	2020-01-27 18:02:14	MarkDuplicates	Read    46,000,000 records.  Elapsed time: 00:26:00s.  Time for last 1,000,000:   18s.  Last read position: X:147,472,762
INFO	2020-01-27 18:02:14	MarkDuplicates	Tracking 11231 as yet unmatched pairs. 10067 records in RAM.
INFO	2020-01-27 18:02:16	MarkDuplicates	Read 46225305 records. 0 pairs never matched.
INFO	2020-01-27 18:03:43	MarkDuplicates	After buildSortedReadEndLists freeMemory: 11315526576; totalMemory: 16961241088; maxMemory: 28631367680
INFO	2020-01-27 18:03:43	MarkDuplicates	Will retain up to 894730240 duplicate indices before spilling to disk.
INFO	2020-01-27 18:03:46	MarkDuplicates	Traversing read pair information and detecting duplicates.
INFO	2020-01-27 18:05:31	MarkDuplicates	Traversing fragment information and detecting duplicates.
INFO	2020-01-27 18:05:36	MarkDuplicates	Sorting list of duplicate records.
INFO	2020-01-27 18:05:38	MarkDuplicates	After generateDuplicateIndexes freeMemory: 20435211432; totalMemory: 27720679424; maxMemory: 28631367680
INFO	2020-01-27 18:05:38	MarkDuplicates	Marking 8365896 records as duplicates.
INFO	2020-01-27 18:05:38	MarkDuplicates	Found 1940 optical duplicate clusters.
INFO	2020-01-27 18:05:38	MarkDuplicates	Reads are assumed to be ordered by: coordinate
INFO	2020-01-27 18:08:11	MarkDuplicates	Written    10,000,000 records.  Elapsed time: 00:02:32s.  Time for last 10,000,000:  152s.  Last read position: 15:34,219,624
INFO	2020-01-27 18:11:10	MarkDuplicates	Written    20,000,000 records.  Elapsed time: 00:05:32s.  Time for last 10,000,000:  179s.  Last read position: 1:225,144,886
INFO	2020-01-27 18:13:57	MarkDuplicates	Written    30,000,000 records.  Elapsed time: 00:08:19s.  Time for last 10,000,000:  166s.  Last read position: 4:51,487,601
INFO	2020-01-27 18:16:20	MarkDuplicates	Written    40,000,000 records.  Elapsed time: 00:10:41s.  Time for last 10,000,000:  142s.  Last read position: 8:5,314,725
INFO	2020-01-27 18:18:10	MarkDuplicates	Writing complete. Closing input iterator.
INFO	2020-01-27 18:18:10	MarkDuplicates	Duplicate Index cleanup.
INFO	2020-01-27 18:18:10	MarkDuplicates	Getting Memory Stats.
INFO	2020-01-27 18:18:11	MarkDuplicates	Before output close freeMemory: 27185094088; totalMemory: 27382513664; maxMemory: 28631367680
INFO	2020-01-27 18:18:11	MarkDuplicates	Closed outputs. Getting more Memory Stats.
INFO	2020-01-27 18:18:11	MarkDuplicates	After output close freeMemory: 27599805896; totalMemory: 27797225472; maxMemory: 28631367680
[Mon Jan 27 18:18:11 UTC 2020] picard.sam.markduplicates.MarkDuplicates done. Elapsed time: 42.28 minutes.
Runtime.totalMemory()=27797225472
samtools depth: Could not read file "/scratch/gregg_thomas/Murinae-seq/Targets/tiles-rnor6-coords.bed": No such file or directory
