INFO	2020-01-27 17:42:20	MarkDuplicates	

********** NOTE: Picard's command line syntax is changing.
**********
********** For more information, please see:
********** https://github.com/broadinstitute/picard/wiki/Command-Line-Syntax-Transition-For-Users-(Pre-Transition)
**********
********** The command line looks like this in the new syntax:
**********
**********    MarkDuplicates -I /scratch/gregg_thomas/Murinae-seq/03B-MappedRat/Pseudomys-oralis/Pseudomys-oralis.sorted.bam -O /scratch/gregg_thomas/Murinae-seq/03B-MappedRat/Pseudomys-oralis/Pseudomys-oralis.sorted.mkdup.bam -M /scratch/gregg_thomas/Murinae-seq/03B-MappedRat/Pseudomys-oralis/Pseudomys-oralis-mkdup-metrics.txt
**********


17:42:21.098 INFO  NativeLibraryLoader - Loading libgkl_compression.so from jar:file:/home/gregg_thomas/bin/picard.jar!/com/intel/gkl/native/libgkl_compression.so
[Mon Jan 27 17:42:21 UTC 2020] MarkDuplicates INPUT=[/scratch/gregg_thomas/Murinae-seq/03B-MappedRat/Pseudomys-oralis/Pseudomys-oralis.sorted.bam] OUTPUT=/scratch/gregg_thomas/Murinae-seq/03B-MappedRat/Pseudomys-oralis/Pseudomys-oralis.sorted.mkdup.bam METRICS_FILE=/scratch/gregg_thomas/Murinae-seq/03B-MappedRat/Pseudomys-oralis/Pseudomys-oralis-mkdup-metrics.txt    MAX_SEQUENCES_FOR_DISK_READ_ENDS_MAP=50000 MAX_FILE_HANDLES_FOR_READ_ENDS_MAP=8000 SORTING_COLLECTION_SIZE_RATIO=0.25 TAG_DUPLICATE_SET_MEMBERS=false REMOVE_SEQUENCING_DUPLICATES=false TAGGING_POLICY=DontTag CLEAR_DT=true DUPLEX_UMI=false ADD_PG_TAG_TO_READS=true REMOVE_DUPLICATES=false ASSUME_SORTED=false DUPLICATE_SCORING_STRATEGY=SUM_OF_BASE_QUALITIES PROGRAM_RECORD_ID=MarkDuplicates PROGRAM_GROUP_NAME=MarkDuplicates READ_NAME_REGEX=<optimized capture of last three ':' separated fields as numeric values> OPTICAL_DUPLICATE_PIXEL_DISTANCE=100 MAX_OPTICAL_DUPLICATE_SET_SIZE=300000 VERBOSITY=INFO QUIET=false VALIDATION_STRINGENCY=STRICT COMPRESSION_LEVEL=5 MAX_RECORDS_IN_RAM=500000 CREATE_INDEX=false CREATE_MD5_FILE=false GA4GH_CLIENT_SECRETS=client_secrets.json USE_JDK_DEFLATER=false USE_JDK_INFLATER=false
[Mon Jan 27 17:42:21 UTC 2020] Executing as gregg_thomas@ecae4883a231 on Linux 4.4.0-104-generic amd64; Java HotSpot(TM) 64-Bit Server VM 1.8.0_221-b11; Deflater: Intel; Inflater: Intel; Provider GCS is not available; Picard version: 2.20.6-SNAPSHOT
INFO	2020-01-27 17:42:22	MarkDuplicates	Start of doWork freeMemory: 2037676456; totalMemory: 2058354688; maxMemory: 28631367680
INFO	2020-01-27 17:42:22	MarkDuplicates	Reading input file and constructing read end information.
INFO	2020-01-27 17:42:22	MarkDuplicates	Will retain up to 103736839 data points before spilling to disk.
INFO	2020-01-27 17:43:45	MarkDuplicates	Read     1,000,000 records.  Elapsed time: 00:01:07s.  Time for last 1,000,000:   67s.  Last read position: 10:36,389,726
INFO	2020-01-27 17:43:45	MarkDuplicates	Tracking 57300 as yet unmatched pairs. 2938 records in RAM.
INFO	2020-01-27 17:44:30	MarkDuplicates	Read     2,000,000 records.  Elapsed time: 00:01:52s.  Time for last 1,000,000:   45s.  Last read position: 10:56,511,157
INFO	2020-01-27 17:44:30	MarkDuplicates	Tracking 92903 as yet unmatched pairs. 3785 records in RAM.
INFO	2020-01-27 17:44:58	MarkDuplicates	Read     3,000,000 records.  Elapsed time: 00:02:20s.  Time for last 1,000,000:   28s.  Last read position: 10:74,081,239
INFO	2020-01-27 17:44:58	MarkDuplicates	Tracking 129315 as yet unmatched pairs. 4529 records in RAM.
INFO	2020-01-27 17:45:43	MarkDuplicates	Read     4,000,000 records.  Elapsed time: 00:03:05s.  Time for last 1,000,000:   45s.  Last read position: 10:90,422,673
INFO	2020-01-27 17:45:43	MarkDuplicates	Tracking 162475 as yet unmatched pairs. 2750 records in RAM.
INFO	2020-01-27 17:45:59	MarkDuplicates	Read     5,000,000 records.  Elapsed time: 00:03:21s.  Time for last 1,000,000:   15s.  Last read position: 10:111,109,619
INFO	2020-01-27 17:45:59	MarkDuplicates	Tracking 202204 as yet unmatched pairs. 86 records in RAM.
INFO	2020-01-27 17:46:21	MarkDuplicates	Read     6,000,000 records.  Elapsed time: 00:03:43s.  Time for last 1,000,000:   22s.  Last read position: 11:68,307,128
INFO	2020-01-27 17:46:21	MarkDuplicates	Tracking 265538 as yet unmatched pairs. 4121 records in RAM.
INFO	2020-01-27 17:47:10	MarkDuplicates	Read     7,000,000 records.  Elapsed time: 00:04:32s.  Time for last 1,000,000:   48s.  Last read position: 12:11,525,788
INFO	2020-01-27 17:47:10	MarkDuplicates	Tracking 327271 as yet unmatched pairs. 10847 records in RAM.
INFO	2020-01-27 17:48:15	MarkDuplicates	Read     8,000,000 records.  Elapsed time: 00:05:38s.  Time for last 1,000,000:   65s.  Last read position: 12:40,819,407
INFO	2020-01-27 17:48:15	MarkDuplicates	Tracking 379122 as yet unmatched pairs. 3963 records in RAM.
INFO	2020-01-27 17:48:26	MarkDuplicates	Read     9,000,000 records.  Elapsed time: 00:05:48s.  Time for last 1,000,000:   10s.  Last read position: 13:51,714,148
INFO	2020-01-27 17:48:26	MarkDuplicates	Tracking 434811 as yet unmatched pairs. 11836 records in RAM.
INFO	2020-01-27 17:49:31	MarkDuplicates	Read    10,000,000 records.  Elapsed time: 00:06:53s.  Time for last 1,000,000:   64s.  Last read position: 13:94,536,322
INFO	2020-01-27 17:49:31	MarkDuplicates	Tracking 476159 as yet unmatched pairs. 4298 records in RAM.
INFO	2020-01-27 17:50:20	MarkDuplicates	Read    11,000,000 records.  Elapsed time: 00:07:43s.  Time for last 1,000,000:   49s.  Last read position: 14:22,437,549
INFO	2020-01-27 17:50:20	MarkDuplicates	Tracking 516942 as yet unmatched pairs. 17769 records in RAM.
INFO	2020-01-27 17:50:46	MarkDuplicates	Read    12,000,000 records.  Elapsed time: 00:08:08s.  Time for last 1,000,000:   25s.  Last read position: 14:82,915,886
INFO	2020-01-27 17:50:46	MarkDuplicates	Tracking 556814 as yet unmatched pairs. 8085 records in RAM.
INFO	2020-01-27 17:51:52	MarkDuplicates	Read    13,000,000 records.  Elapsed time: 00:09:14s.  Time for last 1,000,000:   65s.  Last read position: 15:18,655,547
INFO	2020-01-27 17:51:52	MarkDuplicates	Tracking 595299 as yet unmatched pairs. 21456 records in RAM.
INFO	2020-01-27 17:52:20	MarkDuplicates	Read    14,000,000 records.  Elapsed time: 00:09:43s.  Time for last 1,000,000:   28s.  Last read position: 15:55,513,552
INFO	2020-01-27 17:52:20	MarkDuplicates	Tracking 626590 as yet unmatched pairs. 10342 records in RAM.
INFO	2020-01-27 17:53:06	MarkDuplicates	Read    15,000,000 records.  Elapsed time: 00:10:28s.  Time for last 1,000,000:   45s.  Last read position: 16:19,714,809
INFO	2020-01-27 17:53:06	MarkDuplicates	Tracking 668907 as yet unmatched pairs. 17866 records in RAM.
INFO	2020-01-27 17:53:17	MarkDuplicates	Read    16,000,000 records.  Elapsed time: 00:10:39s.  Time for last 1,000,000:   10s.  Last read position: 16:78,848,291
INFO	2020-01-27 17:53:17	MarkDuplicates	Tracking 701208 as yet unmatched pairs. 3218 records in RAM.
INFO	2020-01-27 17:54:55	MarkDuplicates	Read    17,000,000 records.  Elapsed time: 00:12:17s.  Time for last 1,000,000:   98s.  Last read position: 17:42,324,933
INFO	2020-01-27 17:54:55	MarkDuplicates	Tracking 733384 as yet unmatched pairs. 15890 records in RAM.
INFO	2020-01-27 17:55:18	MarkDuplicates	Read    18,000,000 records.  Elapsed time: 00:12:40s.  Time for last 1,000,000:   22s.  Last read position: 18:3,839,891
INFO	2020-01-27 17:55:18	MarkDuplicates	Tracking 762599 as yet unmatched pairs. 29237 records in RAM.
INFO	2020-01-27 17:55:27	MarkDuplicates	Read    19,000,000 records.  Elapsed time: 00:12:50s.  Time for last 1,000,000:    9s.  Last read position: 18:54,479,282
INFO	2020-01-27 17:55:27	MarkDuplicates	Tracking 785677 as yet unmatched pairs. 12792 records in RAM.
INFO	2020-01-27 17:55:55	MarkDuplicates	Read    20,000,000 records.  Elapsed time: 00:13:17s.  Time for last 1,000,000:   27s.  Last read position: 19:21,740,677
INFO	2020-01-27 17:55:55	MarkDuplicates	Tracking 810517 as yet unmatched pairs. 22361 records in RAM.
INFO	2020-01-27 17:56:17	MarkDuplicates	Read    21,000,000 records.  Elapsed time: 00:13:39s.  Time for last 1,000,000:   21s.  Last read position: 19:57,448,858
INFO	2020-01-27 17:56:17	MarkDuplicates	Tracking 828748 as yet unmatched pairs. 2581 records in RAM.
INFO	2020-01-27 17:58:18	MarkDuplicates	Read    22,000,000 records.  Elapsed time: 00:15:40s.  Time for last 1,000,000:  121s.  Last read position: 1:52,965,333
INFO	2020-01-27 17:58:18	MarkDuplicates	Tracking 847950 as yet unmatched pairs. 128922 records in RAM.
INFO	2020-01-27 17:59:13	MarkDuplicates	Read    23,000,000 records.  Elapsed time: 00:16:35s.  Time for last 1,000,000:   55s.  Last read position: 1:84,580,762
INFO	2020-01-27 17:59:13	MarkDuplicates	Tracking 859950 as yet unmatched pairs. 114253 records in RAM.
INFO	2020-01-27 18:00:10	MarkDuplicates	Read    24,000,000 records.  Elapsed time: 00:17:32s.  Time for last 1,000,000:   57s.  Last read position: 1:125,215,078
INFO	2020-01-27 18:00:10	MarkDuplicates	Tracking 870242 as yet unmatched pairs. 96745 records in RAM.
INFO	2020-01-27 18:01:23	MarkDuplicates	Read    25,000,000 records.  Elapsed time: 00:18:46s.  Time for last 1,000,000:   73s.  Last read position: 1:170,583,245
INFO	2020-01-27 18:01:23	MarkDuplicates	Tracking 882019 as yet unmatched pairs. 78552 records in RAM.
INFO	2020-01-27 18:02:15	MarkDuplicates	Read    26,000,000 records.  Elapsed time: 00:19:37s.  Time for last 1,000,000:   51s.  Last read position: 1:202,806,283
INFO	2020-01-27 18:02:15	MarkDuplicates	Tracking 889768 as yet unmatched pairs. 50234 records in RAM.
INFO	2020-01-27 18:02:31	MarkDuplicates	Read    27,000,000 records.  Elapsed time: 00:19:53s.  Time for last 1,000,000:   16s.  Last read position: 1:225,203,834
INFO	2020-01-27 18:02:31	MarkDuplicates	Tracking 894470 as yet unmatched pairs. 36868 records in RAM.
INFO	2020-01-27 18:03:23	MarkDuplicates	Read    28,000,000 records.  Elapsed time: 00:20:45s.  Time for last 1,000,000:   52s.  Last read position: 1:265,816,815
INFO	2020-01-27 18:03:23	MarkDuplicates	Tracking 901405 as yet unmatched pairs. 11385 records in RAM.
INFO	2020-01-27 18:06:34	MarkDuplicates	Read    29,000,000 records.  Elapsed time: 00:23:56s.  Time for last 1,000,000:  190s.  Last read position: 20:11,299,316
INFO	2020-01-27 18:06:34	MarkDuplicates	Tracking 902176 as yet unmatched pairs. 29583 records in RAM.
INFO	2020-01-27 18:07:10	MarkDuplicates	Read    30,000,000 records.  Elapsed time: 00:24:33s.  Time for last 1,000,000:   36s.  Last read position: 2:13,647,971
INFO	2020-01-27 18:07:10	MarkDuplicates	Tracking 906774 as yet unmatched pairs. 132963 records in RAM.
INFO	2020-01-27 18:07:24	MarkDuplicates	Read    31,000,000 records.  Elapsed time: 00:24:46s.  Time for last 1,000,000:   13s.  Last read position: 2:85,676,322
INFO	2020-01-27 18:07:24	MarkDuplicates	Tracking 907380 as yet unmatched pairs. 98304 records in RAM.
INFO	2020-01-27 18:07:45	MarkDuplicates	Read    32,000,000 records.  Elapsed time: 00:25:08s.  Time for last 1,000,000:   21s.  Last read position: 2:170,452,829
INFO	2020-01-27 18:07:45	MarkDuplicates	Tracking 904049 as yet unmatched pairs. 64113 records in RAM.
INFO	2020-01-27 18:08:03	MarkDuplicates	Read    33,000,000 records.  Elapsed time: 00:25:25s.  Time for last 1,000,000:   17s.  Last read position: 2:203,823,694
INFO	2020-01-27 18:08:03	MarkDuplicates	Tracking 899129 as yet unmatched pairs. 39836 records in RAM.
INFO	2020-01-27 18:08:27	MarkDuplicates	Read    34,000,000 records.  Elapsed time: 00:25:49s.  Time for last 1,000,000:   24s.  Last read position: 2:252,485,077
INFO	2020-01-27 18:08:27	MarkDuplicates	Tracking 892907 as yet unmatched pairs. 7602 records in RAM.
INFO	2020-01-27 18:09:04	MarkDuplicates	Read    35,000,000 records.  Elapsed time: 00:26:27s.  Time for last 1,000,000:   37s.  Last read position: 3:16,999,534
INFO	2020-01-27 18:09:04	MarkDuplicates	Tracking 887785 as yet unmatched pairs. 123841 records in RAM.
INFO	2020-01-27 18:09:09	MarkDuplicates	Read    36,000,000 records.  Elapsed time: 00:26:31s.  Time for last 1,000,000:    4s.  Last read position: 3:61,666,563
INFO	2020-01-27 18:09:09	MarkDuplicates	Tracking 879007 as yet unmatched pairs. 96395 records in RAM.
INFO	2020-01-27 18:09:14	MarkDuplicates	Read    37,000,000 records.  Elapsed time: 00:26:36s.  Time for last 1,000,000:    4s.  Last read position: 3:103,753,324
INFO	2020-01-27 18:09:14	MarkDuplicates	Tracking 870668 as yet unmatched pairs. 70984 records in RAM.
INFO	2020-01-27 18:09:29	MarkDuplicates	Read    38,000,000 records.  Elapsed time: 00:26:51s.  Time for last 1,000,000:   14s.  Last read position: 3:129,213,073
INFO	2020-01-27 18:09:29	MarkDuplicates	Tracking 861589 as yet unmatched pairs. 45700 records in RAM.
INFO	2020-01-27 18:09:33	MarkDuplicates	Read    39,000,000 records.  Elapsed time: 00:26:55s.  Time for last 1,000,000:    4s.  Last read position: 3:162,028,955
INFO	2020-01-27 18:09:33	MarkDuplicates	Tracking 850474 as yet unmatched pairs. 16556 records in RAM.
INFO	2020-01-27 18:09:48	MarkDuplicates	Read    40,000,000 records.  Elapsed time: 00:27:11s.  Time for last 1,000,000:   15s.  Last read position: 4:27,365,620
INFO	2020-01-27 18:09:48	MarkDuplicates	Tracking 834536 as yet unmatched pairs. 126279 records in RAM.
INFO	2020-01-27 18:10:01	MarkDuplicates	Read    41,000,000 records.  Elapsed time: 00:27:23s.  Time for last 1,000,000:   12s.  Last read position: 4:81,054,753
INFO	2020-01-27 18:10:01	MarkDuplicates	Tracking 817771 as yet unmatched pairs. 91403 records in RAM.
INFO	2020-01-27 18:10:08	MarkDuplicates	Read    42,000,000 records.  Elapsed time: 00:27:30s.  Time for last 1,000,000:    6s.  Last read position: 4:131,443,288
INFO	2020-01-27 18:10:08	MarkDuplicates	Tracking 794984 as yet unmatched pairs. 47644 records in RAM.
INFO	2020-01-27 18:10:16	MarkDuplicates	Read    43,000,000 records.  Elapsed time: 00:27:39s.  Time for last 1,000,000:    8s.  Last read position: 4:176,917,540
INFO	2020-01-27 18:10:16	MarkDuplicates	Tracking 773228 as yet unmatched pairs. 8260 records in RAM.
INFO	2020-01-27 18:11:28	MarkDuplicates	Read    44,000,000 records.  Elapsed time: 00:28:50s.  Time for last 1,000,000:   71s.  Last read position: 5:57,541,391
INFO	2020-01-27 18:11:28	MarkDuplicates	Tracking 746356 as yet unmatched pairs. 126792 records in RAM.
INFO	2020-01-27 18:11:33	MarkDuplicates	Read    45,000,000 records.  Elapsed time: 00:28:55s.  Time for last 1,000,000:    4s.  Last read position: 5:106,714,625
INFO	2020-01-27 18:11:33	MarkDuplicates	Tracking 720013 as yet unmatched pairs. 86540 records in RAM.
INFO	2020-01-27 18:11:38	MarkDuplicates	Read    46,000,000 records.  Elapsed time: 00:29:00s.  Time for last 1,000,000:    4s.  Last read position: 5:142,232,563
INFO	2020-01-27 18:11:38	MarkDuplicates	Tracking 696699 as yet unmatched pairs. 51825 records in RAM.
INFO	2020-01-27 18:11:43	MarkDuplicates	Read    47,000,000 records.  Elapsed time: 00:29:05s.  Time for last 1,000,000:    4s.  Last read position: 5:163,026,133
INFO	2020-01-27 18:11:43	MarkDuplicates	Tracking 672887 as yet unmatched pairs. 16282 records in RAM.
INFO	2020-01-27 18:12:05	MarkDuplicates	Read    48,000,000 records.  Elapsed time: 00:29:27s.  Time for last 1,000,000:   21s.  Last read position: 6:26,681,327
INFO	2020-01-27 18:12:05	MarkDuplicates	Tracking 641916 as yet unmatched pairs. 115027 records in RAM.
INFO	2020-01-27 18:12:11	MarkDuplicates	Read    49,000,000 records.  Elapsed time: 00:29:34s.  Time for last 1,000,000:    6s.  Last read position: 6:92,321,503
INFO	2020-01-27 18:12:11	MarkDuplicates	Tracking 600299 as yet unmatched pairs. 58725 records in RAM.
INFO	2020-01-27 18:12:17	MarkDuplicates	Read    50,000,000 records.  Elapsed time: 00:29:39s.  Time for last 1,000,000:    5s.  Last read position: 6:135,756,946
INFO	2020-01-27 18:12:17	MarkDuplicates	Tracking 562434 as yet unmatched pairs. 9491 records in RAM.
INFO	2020-01-27 18:13:03	MarkDuplicates	Read    51,000,000 records.  Elapsed time: 00:30:25s.  Time for last 1,000,000:   46s.  Last read position: 7:34,241,903
INFO	2020-01-27 18:13:03	MarkDuplicates	Tracking 530313 as yet unmatched pairs. 123092 records in RAM.
INFO	2020-01-27 18:13:14	MarkDuplicates	Read    52,000,000 records.  Elapsed time: 00:30:36s.  Time for last 1,000,000:   10s.  Last read position: 7:97,941,030
INFO	2020-01-27 18:13:14	MarkDuplicates	Tracking 482143 as yet unmatched pairs. 64126 records in RAM.
INFO	2020-01-27 18:13:21	MarkDuplicates	Read    53,000,000 records.  Elapsed time: 00:30:44s.  Time for last 1,000,000:    7s.  Last read position: 7:130,143,013
INFO	2020-01-27 18:13:21	MarkDuplicates	Tracking 448278 as yet unmatched pairs. 24039 records in RAM.
INFO	2020-01-27 18:13:52	MarkDuplicates	Read    54,000,000 records.  Elapsed time: 00:31:14s.  Time for last 1,000,000:   30s.  Last read position: 8:26,431,885
INFO	2020-01-27 18:13:52	MarkDuplicates	Tracking 409193 as yet unmatched pairs. 139534 records in RAM.
INFO	2020-01-27 18:13:56	MarkDuplicates	Read    55,000,000 records.  Elapsed time: 00:31:19s.  Time for last 1,000,000:    4s.  Last read position: 8:67,695,126
INFO	2020-01-27 18:13:56	MarkDuplicates	Tracking 368550 as yet unmatched pairs. 94707 records in RAM.
INFO	2020-01-27 18:14:01	MarkDuplicates	Read    56,000,000 records.  Elapsed time: 00:31:24s.  Time for last 1,000,000:    5s.  Last read position: 8:112,620,541
INFO	2020-01-27 18:14:01	MarkDuplicates	Tracking 316537 as yet unmatched pairs. 37398 records in RAM.
INFO	2020-01-27 18:14:28	MarkDuplicates	Read    57,000,000 records.  Elapsed time: 00:31:50s.  Time for last 1,000,000:   26s.  Last read position: 9:10,749,055
INFO	2020-01-27 18:14:28	MarkDuplicates	Tracking 274089 as yet unmatched pairs. 129369 records in RAM.
INFO	2020-01-27 18:14:33	MarkDuplicates	Read    58,000,000 records.  Elapsed time: 00:31:55s.  Time for last 1,000,000:    4s.  Last read position: 9:61,612,072
INFO	2020-01-27 18:14:33	MarkDuplicates	Tracking 221830 as yet unmatched pairs. 74181 records in RAM.
INFO	2020-01-27 18:14:38	MarkDuplicates	Read    59,000,000 records.  Elapsed time: 00:32:01s.  Time for last 1,000,000:    5s.  Last read position: 9:98,651,503
INFO	2020-01-27 18:14:38	MarkDuplicates	Tracking 174920 as yet unmatched pairs. 24952 records in RAM.
INFO	2020-01-27 18:15:08	MarkDuplicates	Read    60,000,000 records.  Elapsed time: 00:32:30s.  Time for last 1,000,000:   29s.  Last read position: X:60,743,124
INFO	2020-01-27 18:15:08	MarkDuplicates	Tracking 94089 as yet unmatched pairs. 92101 records in RAM.
INFO	2020-01-27 18:15:13	MarkDuplicates	Read    61,000,000 records.  Elapsed time: 00:32:35s.  Time for last 1,000,000:    5s.  Last read position: X:156,812,791
INFO	2020-01-27 18:15:13	MarkDuplicates	Tracking 5477 as yet unmatched pairs. 3436 records in RAM.
INFO	2020-01-27 18:15:14	MarkDuplicates	Read 61139778 records. 0 pairs never matched.
INFO	2020-01-27 18:16:29	MarkDuplicates	After buildSortedReadEndLists freeMemory: 10377146584; totalMemory: 17553162240; maxMemory: 28631367680
INFO	2020-01-27 18:16:29	MarkDuplicates	Will retain up to 894730240 duplicate indices before spilling to disk.
INFO	2020-01-27 18:16:31	MarkDuplicates	Traversing read pair information and detecting duplicates.
INFO	2020-01-27 18:19:19	MarkDuplicates	Traversing fragment information and detecting duplicates.
INFO	2020-01-27 18:19:23	MarkDuplicates	Sorting list of duplicate records.
INFO	2020-01-27 18:19:25	MarkDuplicates	After generateDuplicateIndexes freeMemory: 22101837808; totalMemory: 29409411072; maxMemory: 29409411072
INFO	2020-01-27 18:19:25	MarkDuplicates	Marking 13624152 records as duplicates.
INFO	2020-01-27 18:19:25	MarkDuplicates	Found 2339 optical duplicate clusters.
INFO	2020-01-27 18:19:25	MarkDuplicates	Reads are assumed to be ordered by: coordinate
INFO	2020-01-27 18:21:53	MarkDuplicates	Written    10,000,000 records.  Elapsed time: 00:02:28s.  Time for last 10,000,000:  148s.  Last read position: 13:94,536,322
INFO	2020-01-27 18:24:03	MarkDuplicates	Written    20,000,000 records.  Elapsed time: 00:04:38s.  Time for last 10,000,000:  129s.  Last read position: 19:21,740,677
INFO	2020-01-27 18:26:28	MarkDuplicates	Written    30,000,000 records.  Elapsed time: 00:07:03s.  Time for last 10,000,000:  145s.  Last read position: 2:13,647,971
INFO	2020-01-27 18:28:38	MarkDuplicates	Written    40,000,000 records.  Elapsed time: 00:09:13s.  Time for last 10,000,000:  129s.  Last read position: 4:27,365,620
INFO	2020-01-27 18:30:41	MarkDuplicates	Written    50,000,000 records.  Elapsed time: 00:11:16s.  Time for last 10,000,000:  123s.  Last read position: 6:135,756,946
INFO	2020-01-27 18:32:52	MarkDuplicates	Written    60,000,000 records.  Elapsed time: 00:13:27s.  Time for last 10,000,000:  130s.  Last read position: X:60,743,124
INFO	2020-01-27 18:33:49	MarkDuplicates	Writing complete. Closing input iterator.
INFO	2020-01-27 18:33:49	MarkDuplicates	Duplicate Index cleanup.
INFO	2020-01-27 18:33:49	MarkDuplicates	Getting Memory Stats.
INFO	2020-01-27 18:33:49	MarkDuplicates	Before output close freeMemory: 29668748472; totalMemory: 29873930240; maxMemory: 29873930240
INFO	2020-01-27 18:33:49	MarkDuplicates	Closed outputs. Getting more Memory Stats.
INFO	2020-01-27 18:33:50	MarkDuplicates	After output close freeMemory: 29402934456; totalMemory: 29608116224; maxMemory: 29608116224
[Mon Jan 27 18:33:50 UTC 2020] picard.sam.markduplicates.MarkDuplicates done. Elapsed time: 51.49 minutes.
Runtime.totalMemory()=29608116224
samtools depth: Could not read file "/scratch/gregg_thomas/Murinae-seq/Targets/tiles-rnor6-coords.bed": No such file or directory
