INFO	2020-01-27 17:34:21	MarkDuplicates	

********** NOTE: Picard's command line syntax is changing.
**********
********** For more information, please see:
********** https://github.com/broadinstitute/picard/wiki/Command-Line-Syntax-Transition-For-Users-(Pre-Transition)
**********
********** The command line looks like this in the new syntax:
**********
**********    MarkDuplicates -I /scratch/gregg_thomas/Murinae-seq/03B-MappedRat/Pseudomys-higginsi/Pseudomys-higginsi.sorted.bam -O /scratch/gregg_thomas/Murinae-seq/03B-MappedRat/Pseudomys-higginsi/Pseudomys-higginsi.sorted.mkdup.bam -M /scratch/gregg_thomas/Murinae-seq/03B-MappedRat/Pseudomys-higginsi/Pseudomys-higginsi-mkdup-metrics.txt
**********


17:34:22.454 INFO  NativeLibraryLoader - Loading libgkl_compression.so from jar:file:/home/gregg_thomas/bin/picard.jar!/com/intel/gkl/native/libgkl_compression.so
[Mon Jan 27 17:34:22 UTC 2020] MarkDuplicates INPUT=[/scratch/gregg_thomas/Murinae-seq/03B-MappedRat/Pseudomys-higginsi/Pseudomys-higginsi.sorted.bam] OUTPUT=/scratch/gregg_thomas/Murinae-seq/03B-MappedRat/Pseudomys-higginsi/Pseudomys-higginsi.sorted.mkdup.bam METRICS_FILE=/scratch/gregg_thomas/Murinae-seq/03B-MappedRat/Pseudomys-higginsi/Pseudomys-higginsi-mkdup-metrics.txt    MAX_SEQUENCES_FOR_DISK_READ_ENDS_MAP=50000 MAX_FILE_HANDLES_FOR_READ_ENDS_MAP=8000 SORTING_COLLECTION_SIZE_RATIO=0.25 TAG_DUPLICATE_SET_MEMBERS=false REMOVE_SEQUENCING_DUPLICATES=false TAGGING_POLICY=DontTag CLEAR_DT=true DUPLEX_UMI=false ADD_PG_TAG_TO_READS=true REMOVE_DUPLICATES=false ASSUME_SORTED=false DUPLICATE_SCORING_STRATEGY=SUM_OF_BASE_QUALITIES PROGRAM_RECORD_ID=MarkDuplicates PROGRAM_GROUP_NAME=MarkDuplicates READ_NAME_REGEX=<optimized capture of last three ':' separated fields as numeric values> OPTICAL_DUPLICATE_PIXEL_DISTANCE=100 MAX_OPTICAL_DUPLICATE_SET_SIZE=300000 VERBOSITY=INFO QUIET=false VALIDATION_STRINGENCY=STRICT COMPRESSION_LEVEL=5 MAX_RECORDS_IN_RAM=500000 CREATE_INDEX=false CREATE_MD5_FILE=false GA4GH_CLIENT_SECRETS=client_secrets.json USE_JDK_DEFLATER=false USE_JDK_INFLATER=false
[Mon Jan 27 17:34:22 UTC 2020] Executing as gregg_thomas@ecae4883a231 on Linux 4.4.0-104-generic amd64; Java HotSpot(TM) 64-Bit Server VM 1.8.0_221-b11; Deflater: Intel; Inflater: Intel; Provider GCS is not available; Picard version: 2.20.6-SNAPSHOT
INFO	2020-01-27 17:34:22	MarkDuplicates	Start of doWork freeMemory: 2037676272; totalMemory: 2058354688; maxMemory: 28631367680
INFO	2020-01-27 17:34:22	MarkDuplicates	Reading input file and constructing read end information.
INFO	2020-01-27 17:34:22	MarkDuplicates	Will retain up to 103736839 data points before spilling to disk.
INFO	2020-01-27 17:35:09	MarkDuplicates	Read     1,000,000 records.  Elapsed time: 00:00:36s.  Time for last 1,000,000:   36s.  Last read position: 10:46,558,115
INFO	2020-01-27 17:35:09	MarkDuplicates	Tracking 74263 as yet unmatched pairs. 3042 records in RAM.
INFO	2020-01-27 17:35:32	MarkDuplicates	Read     2,000,000 records.  Elapsed time: 00:00:58s.  Time for last 1,000,000:   22s.  Last read position: 10:71,379,401
INFO	2020-01-27 17:35:32	MarkDuplicates	Tracking 116833 as yet unmatched pairs. 3296 records in RAM.
INFO	2020-01-27 17:35:43	MarkDuplicates	Read     3,000,000 records.  Elapsed time: 00:01:10s.  Time for last 1,000,000:   11s.  Last read position: 10:94,252,799
INFO	2020-01-27 17:35:43	MarkDuplicates	Tracking 164645 as yet unmatched pairs. 1898 records in RAM.
INFO	2020-01-27 17:36:37	MarkDuplicates	Read     4,000,000 records.  Elapsed time: 00:02:03s.  Time for last 1,000,000:   53s.  Last read position: 11:46,621,378
INFO	2020-01-27 17:36:37	MarkDuplicates	Tracking 238238 as yet unmatched pairs. 5592 records in RAM.
INFO	2020-01-27 17:36:54	MarkDuplicates	Read     5,000,000 records.  Elapsed time: 00:02:21s.  Time for last 1,000,000:   17s.  Last read position: 12:9,229,161
INFO	2020-01-27 17:36:54	MarkDuplicates	Tracking 310495 as yet unmatched pairs. 10445 records in RAM.
INFO	2020-01-27 17:37:17	MarkDuplicates	Read     6,000,000 records.  Elapsed time: 00:02:43s.  Time for last 1,000,000:   22s.  Last read position: 12:50,343,241
INFO	2020-01-27 17:37:17	MarkDuplicates	Tracking 380592 as yet unmatched pairs. 491 records in RAM.
INFO	2020-01-27 17:37:59	MarkDuplicates	Read     7,000,000 records.  Elapsed time: 00:03:25s.  Time for last 1,000,000:   42s.  Last read position: 13:81,432,276
INFO	2020-01-27 17:37:59	MarkDuplicates	Tracking 448346 as yet unmatched pairs. 6385 records in RAM.
INFO	2020-01-27 17:39:27	MarkDuplicates	Read     8,000,000 records.  Elapsed time: 00:04:53s.  Time for last 1,000,000:   88s.  Last read position: 14:21,805,288
INFO	2020-01-27 17:39:27	MarkDuplicates	Tracking 500827 as yet unmatched pairs. 17034 records in RAM.
INFO	2020-01-27 17:39:39	MarkDuplicates	Read     9,000,000 records.  Elapsed time: 00:05:06s.  Time for last 1,000,000:   12s.  Last read position: 14:86,735,647
INFO	2020-01-27 17:39:39	MarkDuplicates	Tracking 550917 as yet unmatched pairs. 6172 records in RAM.
INFO	2020-01-27 17:40:40	MarkDuplicates	Read    10,000,000 records.  Elapsed time: 00:06:06s.  Time for last 1,000,000:   60s.  Last read position: 15:36,697,806
INFO	2020-01-27 17:40:40	MarkDuplicates	Tracking 605058 as yet unmatched pairs. 15420 records in RAM.
INFO	2020-01-27 17:40:54	MarkDuplicates	Read    11,000,000 records.  Elapsed time: 00:06:21s.  Time for last 1,000,000:   14s.  Last read position: 16:9,624,681
INFO	2020-01-27 17:40:54	MarkDuplicates	Tracking 658474 as yet unmatched pairs. 20468 records in RAM.
INFO	2020-01-27 17:40:59	MarkDuplicates	Read    12,000,000 records.  Elapsed time: 00:06:26s.  Time for last 1,000,000:    5s.  Last read position: 16:88,413,521
INFO	2020-01-27 17:40:59	MarkDuplicates	Tracking 702133 as yet unmatched pairs. 389 records in RAM.
INFO	2020-01-27 17:41:31	MarkDuplicates	Read    13,000,000 records.  Elapsed time: 00:06:58s.  Time for last 1,000,000:   31s.  Last read position: 17:70,176,953
INFO	2020-01-27 17:41:31	MarkDuplicates	Tracking 745484 as yet unmatched pairs. 7328 records in RAM.
INFO	2020-01-27 17:42:02	MarkDuplicates	Read    14,000,000 records.  Elapsed time: 00:07:29s.  Time for last 1,000,000:   31s.  Last read position: 18:33,202,459
INFO	2020-01-27 17:42:02	MarkDuplicates	Tracking 776066 as yet unmatched pairs. 18812 records in RAM.
INFO	2020-01-27 17:42:18	MarkDuplicates	Read    15,000,000 records.  Elapsed time: 00:07:45s.  Time for last 1,000,000:   15s.  Last read position: 19:24,706,794
INFO	2020-01-27 17:42:18	MarkDuplicates	Tracking 812464 as yet unmatched pairs. 19483 records in RAM.
INFO	2020-01-27 17:43:23	MarkDuplicates	Read    16,000,000 records.  Elapsed time: 00:08:49s.  Time for last 1,000,000:   64s.  Last read position: 1:22,178,504
INFO	2020-01-27 17:43:23	MarkDuplicates	Tracking 838980 as yet unmatched pairs. 132014 records in RAM.
INFO	2020-01-27 17:43:56	MarkDuplicates	Read    17,000,000 records.  Elapsed time: 00:09:22s.  Time for last 1,000,000:   32s.  Last read position: 1:81,787,895
INFO	2020-01-27 17:43:56	MarkDuplicates	Tracking 860402 as yet unmatched pairs. 111025 records in RAM.
INFO	2020-01-27 17:44:07	MarkDuplicates	Read    18,000,000 records.  Elapsed time: 00:09:33s.  Time for last 1,000,000:   10s.  Last read position: 1:141,447,825
INFO	2020-01-27 17:44:07	MarkDuplicates	Tracking 877661 as yet unmatched pairs. 86499 records in RAM.
INFO	2020-01-27 17:44:13	MarkDuplicates	Read    19,000,000 records.  Elapsed time: 00:09:39s.  Time for last 1,000,000:    6s.  Last read position: 1:192,954,774
INFO	2020-01-27 17:44:13	MarkDuplicates	Tracking 890725 as yet unmatched pairs. 53863 records in RAM.
INFO	2020-01-27 17:44:34	MarkDuplicates	Read    20,000,000 records.  Elapsed time: 00:10:01s.  Time for last 1,000,000:   21s.  Last read position: 1:228,154,619
INFO	2020-01-27 17:44:34	MarkDuplicates	Tracking 898088 as yet unmatched pairs. 32779 records in RAM.
INFO	2020-01-27 17:44:46	MarkDuplicates	Read    21,000,000 records.  Elapsed time: 00:10:13s.  Time for last 1,000,000:   11s.  Last read position: 20:3,383,935
INFO	2020-01-27 17:44:46	MarkDuplicates	Tracking 906977 as yet unmatched pairs. 37713 records in RAM.
INFO	2020-01-27 17:45:47	MarkDuplicates	Read    22,000,000 records.  Elapsed time: 00:11:14s.  Time for last 1,000,000:   60s.  Last read position: 2:2,089,132
INFO	2020-01-27 17:45:47	MarkDuplicates	Tracking 911094 as yet unmatched pairs. 139120 records in RAM.
INFO	2020-01-27 17:46:24	MarkDuplicates	Read    23,000,000 records.  Elapsed time: 00:11:51s.  Time for last 1,000,000:   37s.  Last read position: 2:95,108,484
INFO	2020-01-27 17:46:24	MarkDuplicates	Tracking 913501 as yet unmatched pairs. 94946 records in RAM.
INFO	2020-01-27 17:46:34	MarkDuplicates	Read    24,000,000 records.  Elapsed time: 00:12:00s.  Time for last 1,000,000:    9s.  Last read position: 2:188,013,552
INFO	2020-01-27 17:46:34	MarkDuplicates	Tracking 912101 as yet unmatched pairs. 54357 records in RAM.
INFO	2020-01-27 17:46:42	MarkDuplicates	Read    25,000,000 records.  Elapsed time: 00:12:08s.  Time for last 1,000,000:    7s.  Last read position: 2:236,370,361
INFO	2020-01-27 17:46:42	MarkDuplicates	Tracking 907357 as yet unmatched pairs. 19204 records in RAM.
INFO	2020-01-27 17:48:30	MarkDuplicates	Read    26,000,000 records.  Elapsed time: 00:13:56s.  Time for last 1,000,000:  107s.  Last read position: 3:22,379,560
INFO	2020-01-27 17:48:30	MarkDuplicates	Tracking 899520 as yet unmatched pairs. 120128 records in RAM.
INFO	2020-01-27 17:48:35	MarkDuplicates	Read    27,000,000 records.  Elapsed time: 00:14:01s.  Time for last 1,000,000:    5s.  Last read position: 3:72,092,607
INFO	2020-01-27 17:48:35	MarkDuplicates	Tracking 890847 as yet unmatched pairs. 88192 records in RAM.
INFO	2020-01-27 17:48:40	MarkDuplicates	Read    28,000,000 records.  Elapsed time: 00:14:06s.  Time for last 1,000,000:    5s.  Last read position: 3:121,184,546
INFO	2020-01-27 17:48:40	MarkDuplicates	Tracking 877919 as yet unmatched pairs. 49882 records in RAM.
INFO	2020-01-27 17:49:29	MarkDuplicates	Read    29,000,000 records.  Elapsed time: 00:14:55s.  Time for last 1,000,000:   49s.  Last read position: 3:166,391,094
INFO	2020-01-27 17:49:29	MarkDuplicates	Tracking 861871 as yet unmatched pairs. 9281 records in RAM.
INFO	2020-01-27 17:50:32	MarkDuplicates	Read    30,000,000 records.  Elapsed time: 00:15:59s.  Time for last 1,000,000:   63s.  Last read position: 4:56,484,101
INFO	2020-01-27 17:50:32	MarkDuplicates	Tracking 840905 as yet unmatched pairs. 109656 records in RAM.
INFO	2020-01-27 17:50:38	MarkDuplicates	Read    31,000,000 records.  Elapsed time: 00:16:04s.  Time for last 1,000,000:    5s.  Last read position: 4:120,435,426
INFO	2020-01-27 17:50:38	MarkDuplicates	Tracking 813450 as yet unmatched pairs. 56262 records in RAM.
INFO	2020-01-27 17:50:50	MarkDuplicates	Read    32,000,000 records.  Elapsed time: 00:16:16s.  Time for last 1,000,000:   12s.  Last read position: 4:183,645,383
INFO	2020-01-27 17:50:50	MarkDuplicates	Tracking 784407 as yet unmatched pairs. 2135 records in RAM.
INFO	2020-01-27 17:51:41	MarkDuplicates	Read    33,000,000 records.  Elapsed time: 00:17:07s.  Time for last 1,000,000:   50s.  Last read position: 5:68,725,950
INFO	2020-01-27 17:51:41	MarkDuplicates	Tracking 748318 as yet unmatched pairs. 110767 records in RAM.
INFO	2020-01-27 17:51:51	MarkDuplicates	Read    34,000,000 records.  Elapsed time: 00:17:17s.  Time for last 1,000,000:    9s.  Last read position: 5:134,505,871
INFO	2020-01-27 17:51:51	MarkDuplicates	Tracking 716528 as yet unmatched pairs. 60909 records in RAM.
INFO	2020-01-27 17:52:22	MarkDuplicates	Read    35,000,000 records.  Elapsed time: 00:17:48s.  Time for last 1,000,000:   31s.  Last read position: 5:163,359,407
INFO	2020-01-27 17:52:22	MarkDuplicates	Tracking 684969 as yet unmatched pairs. 14719 records in RAM.
INFO	2020-01-27 17:53:03	MarkDuplicates	Read    36,000,000 records.  Elapsed time: 00:18:29s.  Time for last 1,000,000:   40s.  Last read position: 6:43,786,613
INFO	2020-01-27 17:53:03	MarkDuplicates	Tracking 641548 as yet unmatched pairs. 101519 records in RAM.
INFO	2020-01-27 17:53:08	MarkDuplicates	Read    37,000,000 records.  Elapsed time: 00:18:35s.  Time for last 1,000,000:    5s.  Last read position: 6:117,103,045
INFO	2020-01-27 17:53:08	MarkDuplicates	Tracking 586455 as yet unmatched pairs. 28014 records in RAM.
INFO	2020-01-27 17:55:01	MarkDuplicates	Read    38,000,000 records.  Elapsed time: 00:20:27s.  Time for last 1,000,000:  112s.  Last read position: 7:31,803,113
INFO	2020-01-27 17:55:01	MarkDuplicates	Tracking 542465 as yet unmatched pairs. 121340 records in RAM.
INFO	2020-01-27 17:55:20	MarkDuplicates	Read    39,000,000 records.  Elapsed time: 00:20:46s.  Time for last 1,000,000:   19s.  Last read position: 7:115,940,246
INFO	2020-01-27 17:55:20	MarkDuplicates	Tracking 479858 as yet unmatched pairs. 44452 records in RAM.
INFO	2020-01-27 17:56:15	MarkDuplicates	Read    40,000,000 records.  Elapsed time: 00:21:42s.  Time for last 1,000,000:   55s.  Last read position: 8:17,466,175
INFO	2020-01-27 17:56:15	MarkDuplicates	Tracking 429884 as yet unmatched pairs. 145174 records in RAM.
INFO	2020-01-27 17:56:25	MarkDuplicates	Read    41,000,000 records.  Elapsed time: 00:21:51s.  Time for last 1,000,000:    9s.  Last read position: 8:73,419,243
INFO	2020-01-27 17:56:25	MarkDuplicates	Tracking 374195 as yet unmatched pairs. 83293 records in RAM.
INFO	2020-01-27 17:57:52	MarkDuplicates	Read    42,000,000 records.  Elapsed time: 00:23:18s.  Time for last 1,000,000:   87s.  Last read position: 8:122,776,679
INFO	2020-01-27 17:57:52	MarkDuplicates	Tracking 312696 as yet unmatched pairs. 14604 records in RAM.
INFO	2020-01-27 17:58:50	MarkDuplicates	Read    43,000,000 records.  Elapsed time: 00:24:17s.  Time for last 1,000,000:   58s.  Last read position: 9:58,313,498
INFO	2020-01-27 17:58:50	MarkDuplicates	Tracking 241793 as yet unmatched pairs. 80214 records in RAM.
INFO	2020-01-27 17:58:57	MarkDuplicates	Read    44,000,000 records.  Elapsed time: 00:24:24s.  Time for last 1,000,000:    6s.  Last read position: 9:114,397,091
INFO	2020-01-27 17:58:57	MarkDuplicates	Tracking 174024 as yet unmatched pairs. 8542 records in RAM.
INFO	2020-01-27 18:00:56	MarkDuplicates	Read    45,000,000 records.  Elapsed time: 00:26:22s.  Time for last 1,000,000:  118s.  Last read position: X:105,423,470
INFO	2020-01-27 18:00:56	MarkDuplicates	Tracking 55897 as yet unmatched pairs. 53631 records in RAM.
INFO	2020-01-27 18:01:08	MarkDuplicates	Read 45545480 records. 0 pairs never matched.
INFO	2020-01-27 18:02:20	MarkDuplicates	After buildSortedReadEndLists freeMemory: 11785661816; totalMemory: 17282105344; maxMemory: 28631367680
INFO	2020-01-27 18:02:20	MarkDuplicates	Will retain up to 894730240 duplicate indices before spilling to disk.
INFO	2020-01-27 18:02:24	MarkDuplicates	Traversing read pair information and detecting duplicates.
INFO	2020-01-27 18:04:47	MarkDuplicates	Traversing fragment information and detecting duplicates.
INFO	2020-01-27 18:04:51	MarkDuplicates	Sorting list of duplicate records.
INFO	2020-01-27 18:04:55	MarkDuplicates	After generateDuplicateIndexes freeMemory: 20044512016; totalMemory: 27334803456; maxMemory: 28631367680
INFO	2020-01-27 18:04:55	MarkDuplicates	Marking 8674386 records as duplicates.
INFO	2020-01-27 18:04:55	MarkDuplicates	Found 839 optical duplicate clusters.
INFO	2020-01-27 18:04:55	MarkDuplicates	Reads are assumed to be ordered by: coordinate
INFO	2020-01-27 18:07:19	MarkDuplicates	Written    10,000,000 records.  Elapsed time: 00:02:24s.  Time for last 10,000,000:  144s.  Last read position: 15:36,697,806
INFO	2020-01-27 18:10:11	MarkDuplicates	Written    20,000,000 records.  Elapsed time: 00:05:16s.  Time for last 10,000,000:  172s.  Last read position: 1:228,154,619
INFO	2020-01-27 18:13:41	MarkDuplicates	Written    30,000,000 records.  Elapsed time: 00:08:45s.  Time for last 10,000,000:  209s.  Last read position: 4:56,484,101
INFO	2020-01-27 18:16:14	MarkDuplicates	Written    40,000,000 records.  Elapsed time: 00:11:18s.  Time for last 10,000,000:  153s.  Last read position: 8:17,466,175
INFO	2020-01-27 18:18:25	MarkDuplicates	Writing complete. Closing input iterator.
INFO	2020-01-27 18:18:25	MarkDuplicates	Duplicate Index cleanup.
INFO	2020-01-27 18:18:25	MarkDuplicates	Getting Memory Stats.
INFO	2020-01-27 18:18:26	MarkDuplicates	Before output close freeMemory: 26813607000; totalMemory: 27016560640; maxMemory: 28631367680
INFO	2020-01-27 18:18:26	MarkDuplicates	Closed outputs. Getting more Memory Stats.
INFO	2020-01-27 18:18:26	MarkDuplicates	After output close freeMemory: 27185003136; totalMemory: 27388280832; maxMemory: 28631367680
[Mon Jan 27 18:18:26 UTC 2020] picard.sam.markduplicates.MarkDuplicates done. Elapsed time: 44.07 minutes.
Runtime.totalMemory()=27388280832
samtools depth: Could not read file "/scratch/gregg_thomas/Murinae-seq/Targets/tiles-rnor6-coords.bed": No such file or directory
