INFO	2020-01-20 05:08:50	MarkDuplicates	

********** NOTE: Picard's command line syntax is changing.
**********
********** For more information, please see:
********** https://github.com/broadinstitute/picard/wiki/Command-Line-Syntax-Transition-For-Users-(Pre-Transition)
**********
********** The command line looks like this in the new syntax:
**********
**********    MarkDuplicates -I /scratch/gregg_thomas/Murinae-seq/03B-MappedRat/Zyzomys-palatalis/Zyzomys-palatalis.sorted.bam -O /scratch/gregg_thomas/Murinae-seq/03B-MappedRat/Zyzomys-palatalis/Zyzomys-palatalis.sorted.mkdup.bam -M /scratch/gregg_thomas/Murinae-seq/03B-MappedRat/Zyzomys-palatalis/Zyzomys-palatalis-mkdup-metrics.txt
**********


05:08:51.588 INFO  NativeLibraryLoader - Loading libgkl_compression.so from jar:file:/home/gregg_thomas/bin/picard.jar!/com/intel/gkl/native/libgkl_compression.so
[Mon Jan 20 05:08:51 UTC 2020] MarkDuplicates INPUT=[/scratch/gregg_thomas/Murinae-seq/03B-MappedRat/Zyzomys-palatalis/Zyzomys-palatalis.sorted.bam] OUTPUT=/scratch/gregg_thomas/Murinae-seq/03B-MappedRat/Zyzomys-palatalis/Zyzomys-palatalis.sorted.mkdup.bam METRICS_FILE=/scratch/gregg_thomas/Murinae-seq/03B-MappedRat/Zyzomys-palatalis/Zyzomys-palatalis-mkdup-metrics.txt    MAX_SEQUENCES_FOR_DISK_READ_ENDS_MAP=50000 MAX_FILE_HANDLES_FOR_READ_ENDS_MAP=8000 SORTING_COLLECTION_SIZE_RATIO=0.25 TAG_DUPLICATE_SET_MEMBERS=false REMOVE_SEQUENCING_DUPLICATES=false TAGGING_POLICY=DontTag CLEAR_DT=true DUPLEX_UMI=false ADD_PG_TAG_TO_READS=true REMOVE_DUPLICATES=false ASSUME_SORTED=false DUPLICATE_SCORING_STRATEGY=SUM_OF_BASE_QUALITIES PROGRAM_RECORD_ID=MarkDuplicates PROGRAM_GROUP_NAME=MarkDuplicates READ_NAME_REGEX=<optimized capture of last three ':' separated fields as numeric values> OPTICAL_DUPLICATE_PIXEL_DISTANCE=100 MAX_OPTICAL_DUPLICATE_SET_SIZE=300000 VERBOSITY=INFO QUIET=false VALIDATION_STRINGENCY=STRICT COMPRESSION_LEVEL=5 MAX_RECORDS_IN_RAM=500000 CREATE_INDEX=false CREATE_MD5_FILE=false GA4GH_CLIENT_SECRETS=client_secrets.json USE_JDK_DEFLATER=false USE_JDK_INFLATER=false
[Mon Jan 20 05:08:51 UTC 2020] Executing as gregg_thomas@ecae4883a231 on Linux 4.4.0-104-generic amd64; Java HotSpot(TM) 64-Bit Server VM 1.8.0_221-b11; Deflater: Intel; Inflater: Intel; Provider GCS is not available; Picard version: 2.20.6-SNAPSHOT
INFO	2020-01-20 05:08:52	MarkDuplicates	Start of doWork freeMemory: 2037674632; totalMemory: 2058354688; maxMemory: 28631367680
INFO	2020-01-20 05:08:52	MarkDuplicates	Reading input file and constructing read end information.
INFO	2020-01-20 05:08:52	MarkDuplicates	Will retain up to 103736839 data points before spilling to disk.
INFO	2020-01-20 05:09:20	MarkDuplicates	Read     1,000,000 records.  Elapsed time: 00:00:23s.  Time for last 1,000,000:   23s.  Last read position: 10:62,127,518
INFO	2020-01-20 05:09:20	MarkDuplicates	Tracking 42010 as yet unmatched pairs. 1464 records in RAM.
INFO	2020-01-20 05:09:50	MarkDuplicates	Read     2,000,000 records.  Elapsed time: 00:00:53s.  Time for last 1,000,000:   29s.  Last read position: 10:106,719,708
INFO	2020-01-20 05:09:50	MarkDuplicates	Tracking 79317 as yet unmatched pairs. 265 records in RAM.
INFO	2020-01-20 05:10:12	MarkDuplicates	Read     3,000,000 records.  Elapsed time: 00:01:15s.  Time for last 1,000,000:   22s.  Last read position: 12:11,795,829
INFO	2020-01-20 05:10:12	MarkDuplicates	Tracking 134741 as yet unmatched pairs. 4648 records in RAM.
INFO	2020-01-20 05:10:57	MarkDuplicates	Read     4,000,000 records.  Elapsed time: 00:02:00s.  Time for last 1,000,000:   45s.  Last read position: 13:70,299,356
INFO	2020-01-20 05:10:57	MarkDuplicates	Tracking 183029 as yet unmatched pairs. 3904 records in RAM.
INFO	2020-01-20 05:11:12	MarkDuplicates	Read     5,000,000 records.  Elapsed time: 00:02:15s.  Time for last 1,000,000:   14s.  Last read position: 14:71,930,450
INFO	2020-01-20 05:11:12	MarkDuplicates	Tracking 222763 as yet unmatched pairs. 4072 records in RAM.
INFO	2020-01-20 05:11:38	MarkDuplicates	Read     6,000,000 records.  Elapsed time: 00:02:41s.  Time for last 1,000,000:   25s.  Last read position: 15:57,257,425
INFO	2020-01-20 05:11:38	MarkDuplicates	Tracking 254594 as yet unmatched pairs. 3829 records in RAM.
INFO	2020-01-20 05:12:08	MarkDuplicates	Read     7,000,000 records.  Elapsed time: 00:03:11s.  Time for last 1,000,000:   30s.  Last read position: 17:8,559,013
INFO	2020-01-20 05:12:08	MarkDuplicates	Tracking 288100 as yet unmatched pairs. 10876 records in RAM.
INFO	2020-01-20 05:12:53	MarkDuplicates	Read     8,000,000 records.  Elapsed time: 00:03:55s.  Time for last 1,000,000:   44s.  Last read position: 18:32,594,726
INFO	2020-01-20 05:12:53	MarkDuplicates	Tracking 313276 as yet unmatched pairs. 7689 records in RAM.
INFO	2020-01-20 05:13:11	MarkDuplicates	Read     9,000,000 records.  Elapsed time: 00:04:14s.  Time for last 1,000,000:   18s.  Last read position: 1:1,965,681
INFO	2020-01-20 05:13:11	MarkDuplicates	Tracking 334270 as yet unmatched pairs. 58736 records in RAM.
INFO	2020-01-20 05:13:28	MarkDuplicates	Read    10,000,000 records.  Elapsed time: 00:04:30s.  Time for last 1,000,000:   16s.  Last read position: 1:94,487,193
INFO	2020-01-20 05:13:28	MarkDuplicates	Tracking 348190 as yet unmatched pairs. 43487 records in RAM.
INFO	2020-01-20 05:13:35	MarkDuplicates	Read    11,000,000 records.  Elapsed time: 00:04:38s.  Time for last 1,000,000:    7s.  Last read position: 1:198,006,930
INFO	2020-01-20 05:13:35	MarkDuplicates	Tracking 357869 as yet unmatched pairs. 21881 records in RAM.
INFO	2020-01-20 05:13:40	MarkDuplicates	Read    12,000,000 records.  Elapsed time: 00:04:43s.  Time for last 1,000,000:    5s.  Last read position: 1:273,765,619
INFO	2020-01-20 05:13:40	MarkDuplicates	Tracking 362776 as yet unmatched pairs. 2858 records in RAM.
INFO	2020-01-20 05:14:05	MarkDuplicates	Read    13,000,000 records.  Elapsed time: 00:05:07s.  Time for last 1,000,000:   24s.  Last read position: 2:44,496,332
INFO	2020-01-20 05:14:05	MarkDuplicates	Tracking 364867 as yet unmatched pairs. 46724 records in RAM.
INFO	2020-01-20 05:14:21	MarkDuplicates	Read    14,000,000 records.  Elapsed time: 00:05:24s.  Time for last 1,000,000:   16s.  Last read position: 2:199,891,568
INFO	2020-01-20 05:14:21	MarkDuplicates	Tracking 362965 as yet unmatched pairs. 17864 records in RAM.
INFO	2020-01-20 05:14:35	MarkDuplicates	Read    15,000,000 records.  Elapsed time: 00:05:38s.  Time for last 1,000,000:   14s.  Last read position: 3:33,032,504
INFO	2020-01-20 05:14:35	MarkDuplicates	Tracking 356621 as yet unmatched pairs. 46362 records in RAM.
INFO	2020-01-20 05:14:42	MarkDuplicates	Read    16,000,000 records.  Elapsed time: 00:05:45s.  Time for last 1,000,000:    7s.  Last read position: 3:119,279,047
INFO	2020-01-20 05:14:42	MarkDuplicates	Tracking 348711 as yet unmatched pairs. 22553 records in RAM.
INFO	2020-01-20 05:15:25	MarkDuplicates	Read    17,000,000 records.  Elapsed time: 00:06:28s.  Time for last 1,000,000:   43s.  Last read position: 4:27,222,821
INFO	2020-01-20 05:15:25	MarkDuplicates	Tracking 336015 as yet unmatched pairs. 50255 records in RAM.
INFO	2020-01-20 05:15:34	MarkDuplicates	Read    18,000,000 records.  Elapsed time: 00:06:37s.  Time for last 1,000,000:    8s.  Last read position: 4:150,221,523
INFO	2020-01-20 05:15:34	MarkDuplicates	Tracking 317607 as yet unmatched pairs. 13745 records in RAM.
INFO	2020-01-20 05:15:54	MarkDuplicates	Read    19,000,000 records.  Elapsed time: 00:06:56s.  Time for last 1,000,000:   19s.  Last read position: 5:79,373,116
INFO	2020-01-20 05:15:54	MarkDuplicates	Tracking 295076 as yet unmatched pairs. 41555 records in RAM.
INFO	2020-01-20 05:16:13	MarkDuplicates	Read    20,000,000 records.  Elapsed time: 00:07:15s.  Time for last 1,000,000:   18s.  Last read position: 5:163,408,763
INFO	2020-01-20 05:16:13	MarkDuplicates	Tracking 271707 as yet unmatched pairs. 6567 records in RAM.
INFO	2020-01-20 05:16:29	MarkDuplicates	Read    21,000,000 records.  Elapsed time: 00:07:32s.  Time for last 1,000,000:   16s.  Last read position: 6:105,009,222
INFO	2020-01-20 05:16:29	MarkDuplicates	Tracking 236537 as yet unmatched pairs. 17233 records in RAM.
INFO	2020-01-20 05:16:52	MarkDuplicates	Read    22,000,000 records.  Elapsed time: 00:07:55s.  Time for last 1,000,000:   22s.  Last read position: 7:73,340,162
INFO	2020-01-20 05:16:52	MarkDuplicates	Tracking 200019 as yet unmatched pairs. 32861 records in RAM.
INFO	2020-01-20 05:17:34	MarkDuplicates	Read    23,000,000 records.  Elapsed time: 00:08:36s.  Time for last 1,000,000:   41s.  Last read position: 8:31,504,828
INFO	2020-01-20 05:17:34	MarkDuplicates	Tracking 163284 as yet unmatched pairs. 53805 records in RAM.
INFO	2020-01-20 05:17:43	MarkDuplicates	Read    24,000,000 records.  Elapsed time: 00:08:46s.  Time for last 1,000,000:    9s.  Last read position: 8:118,335,061
INFO	2020-01-20 05:17:43	MarkDuplicates	Tracking 123887 as yet unmatched pairs. 10370 records in RAM.
INFO	2020-01-20 05:18:14	MarkDuplicates	Read    25,000,000 records.  Elapsed time: 00:09:17s.  Time for last 1,000,000:   31s.  Last read position: 9:84,099,347
INFO	2020-01-20 05:18:14	MarkDuplicates	Tracking 76954 as yet unmatched pairs. 16925 records in RAM.
INFO	2020-01-20 05:18:57	MarkDuplicates	Read    26,000,000 records.  Elapsed time: 00:10:00s.  Time for last 1,000,000:   42s.  Last read position: X:138,497,716
INFO	2020-01-20 05:18:57	MarkDuplicates	Tracking 7934 as yet unmatched pairs. 6985 records in RAM.
INFO	2020-01-20 05:18:59	MarkDuplicates	Read 26141721 records. 0 pairs never matched.
INFO	2020-01-20 05:19:15	MarkDuplicates	After buildSortedReadEndLists freeMemory: 11327674416; totalMemory: 14967373824; maxMemory: 28631367680
INFO	2020-01-20 05:19:15	MarkDuplicates	Will retain up to 894730240 duplicate indices before spilling to disk.
INFO	2020-01-20 05:19:18	MarkDuplicates	Traversing read pair information and detecting duplicates.
INFO	2020-01-20 05:21:13	MarkDuplicates	Traversing fragment information and detecting duplicates.
INFO	2020-01-20 05:21:15	MarkDuplicates	Sorting list of duplicate records.
INFO	2020-01-20 05:21:16	MarkDuplicates	After generateDuplicateIndexes freeMemory: 17864702144; totalMemory: 25149571072; maxMemory: 28631367680
INFO	2020-01-20 05:21:16	MarkDuplicates	Marking 4907154 records as duplicates.
INFO	2020-01-20 05:21:16	MarkDuplicates	Found 804 optical duplicate clusters.
INFO	2020-01-20 05:21:16	MarkDuplicates	Reads are assumed to be ordered by: coordinate
INFO	2020-01-20 05:24:33	MarkDuplicates	Written    10,000,000 records.  Elapsed time: 00:03:17s.  Time for last 10,000,000:  197s.  Last read position: 1:94,487,193
INFO	2020-01-20 05:28:10	MarkDuplicates	Written    20,000,000 records.  Elapsed time: 00:06:54s.  Time for last 10,000,000:  216s.  Last read position: 5:163,408,763
INFO	2020-01-20 05:31:22	MarkDuplicates	Writing complete. Closing input iterator.
INFO	2020-01-20 05:31:22	MarkDuplicates	Duplicate Index cleanup.
INFO	2020-01-20 05:31:22	MarkDuplicates	Getting Memory Stats.
INFO	2020-01-20 05:31:23	MarkDuplicates	Before output close freeMemory: 25041236568; totalMemory: 25238700032; maxMemory: 28631367680
INFO	2020-01-20 05:31:23	MarkDuplicates	Closed outputs. Getting more Memory Stats.
INFO	2020-01-20 05:31:23	MarkDuplicates	After output close freeMemory: 24570425944; totalMemory: 24767889408; maxMemory: 28631367680
[Mon Jan 20 05:31:23 UTC 2020] picard.sam.markduplicates.MarkDuplicates done. Elapsed time: 22.53 minutes.
Runtime.totalMemory()=24767889408
samtools depth: Could not read file "/scratch/gregg_thomas/Murinae-seq/Targets/tiles-rnor6-coords.bed": No such file or directory
