java -ea -Xmx15g -Xms15g -Djava.library.path=/home/gregg_thomas/bin/bbmap/jni/ -cp /home/gregg_thomas/bin/bbmap/current/ jgi.BBMerge -Xmx15g t=1 in1=/scratch/gregg_thomas/Murinae-seq/02-Decon/Haeromys-minahassae/nextseq-paired-2/JAE4996_S31_L003_R1_001.fastp.decon.fastq.gz in2=/scratch/gregg_thomas/Murinae-seq/02-Decon/Haeromys-minahassae/nextseq-paired-2/JAE4996_S31_L003_R2_001.fastp.decon.fastq.gz verystrict=t rem k=40 extend2=40 ecct outu1=/scratch/gregg_thomas/Murinae-seq/03A-Merged/Haeromys-minahassae/nextseq-paired-2/JAE4996_S31_L003_R1_001.fastp.decon.unmerged.fastq.gz outu2=/scratch/gregg_thomas/Murinae-seq/03A-Merged/Haeromys-minahassae/nextseq-paired-2/JAE4996_S31_L003_R2_001.fastp.decon.unmerged.fastq.gz out=/scratch/gregg_thomas/Murinae-seq/03A-Merged/Haeromys-minahassae/nextseq-paired-2/JAE4996_S31_L003_001.fastp.decon.merged.fastq.gz
Executing jgi.BBMerge [-Xmx15g, t=1, in1=/scratch/gregg_thomas/Murinae-seq/02-Decon/Haeromys-minahassae/nextseq-paired-2/JAE4996_S31_L003_R1_001.fastp.decon.fastq.gz, in2=/scratch/gregg_thomas/Murinae-seq/02-Decon/Haeromys-minahassae/nextseq-paired-2/JAE4996_S31_L003_R2_001.fastp.decon.fastq.gz, verystrict=t, rem, k=40, extend2=40, ecct, outu1=/scratch/gregg_thomas/Murinae-seq/03A-Merged/Haeromys-minahassae/nextseq-paired-2/JAE4996_S31_L003_R1_001.fastp.decon.unmerged.fastq.gz, outu2=/scratch/gregg_thomas/Murinae-seq/03A-Merged/Haeromys-minahassae/nextseq-paired-2/JAE4996_S31_L003_R2_001.fastp.decon.unmerged.fastq.gz, out=/scratch/gregg_thomas/Murinae-seq/03A-Merged/Haeromys-minahassae/nextseq-paired-2/JAE4996_S31_L003_001.fastp.decon.merged.fastq.gz]
Version 38.73

Revised arguments: [maxbad=4, margin=3, minqo=8, qualiters=2, ratiomode=t, flatmode=f, minentropy=52, minoverlap=12, minoverlap0=4, maxratio=0.05, ratiomargin=12, ratiooffset=0.5, ratiominoverlapreduction=4, efilter=2, pfilter=0.008, minsecondratio=0.16, minapproxoverlap=22, t=1, in1=/scratch/gregg_thomas/Murinae-seq/02-Decon/Haeromys-minahassae/nextseq-paired-2/JAE4996_S31_L003_R1_001.fastp.decon.fastq.gz, in2=/scratch/gregg_thomas/Murinae-seq/02-Decon/Haeromys-minahassae/nextseq-paired-2/JAE4996_S31_L003_R2_001.fastp.decon.fastq.gz, rem, k=40, extend2=40, ecct, outu1=/scratch/gregg_thomas/Murinae-seq/03A-Merged/Haeromys-minahassae/nextseq-paired-2/JAE4996_S31_L003_R1_001.fastp.decon.unmerged.fastq.gz, outu2=/scratch/gregg_thomas/Murinae-seq/03A-Merged/Haeromys-minahassae/nextseq-paired-2/JAE4996_S31_L003_R2_001.fastp.decon.unmerged.fastq.gz, out=/scratch/gregg_thomas/Murinae-seq/03A-Merged/Haeromys-minahassae/nextseq-paired-2/JAE4996_S31_L003_001.fastp.decon.merged.fastq.gz]

Set threads to 1
Executing assemble.Tadpole2 [in=/scratch/gregg_thomas/Murinae-seq/02-Decon/Haeromys-minahassae/nextseq-paired-2/JAE4996_S31_L003_R1_001.fastp.decon.fastq.gz, in2=/scratch/gregg_thomas/Murinae-seq/02-Decon/Haeromys-minahassae/nextseq-paired-2/JAE4996_S31_L003_R2_001.fastp.decon.fastq.gz, branchlower=3, branchmult1=20.0, branchmult2=3.0, mincountseed=3, mincountextend=2, minprob=0.5, k=40, prealloc=false, prefilter=0, ecctail=false, eccpincer=false, eccreassemble=true]
Version 38.73

Using 1 threads.
Executing ukmer.KmerTableSetU [in=/scratch/gregg_thomas/Murinae-seq/02-Decon/Haeromys-minahassae/nextseq-paired-2/JAE4996_S31_L003_R1_001.fastp.decon.fastq.gz, in2=/scratch/gregg_thomas/Murinae-seq/02-Decon/Haeromys-minahassae/nextseq-paired-2/JAE4996_S31_L003_R2_001.fastp.decon.fastq.gz, branchlower=3, branchmult1=20.0, branchmult2=3.0, mincountseed=3, mincountextend=2, minprob=0.5, k=40, prealloc=false, prefilter=0, ecctail=false, eccpincer=false, eccreassemble=true]

Initial:
Ways=31, initialSize=128000, prefilter=f, prealloc=f
Memory: max=15435m, total=15435m, free=15112m, used=323m

Estimated kmer capacity: 	356759827
After table allocation:
Memory: max=15435m, total=15435m, free=14951m, used=484m

After loading:
Memory: max=15435m, total=15435m, free=6884m, used=8551m

Input:                      	4549082 reads 		343406597 bases.
Unique Kmers:               	84647984
Load Time:                  	123.490 seconds.

Writing mergable reads merged.
Started output threads.
Total time: 383.225 seconds.

Pairs:               	2274541
Joined:              	300242   	13.200%
Ambiguous:           	1974298   	86.800%
No Solution:         	1       	0.000%
Too Short:           	0       	0.000%
Fully Extended:      	1239997   	27.243%
Partly Extended:     	965344   	21.209%
Not Extended:        	2346317   	51.549%

Avg Insert:          	167.6
Standard Deviation:  	27.8
Mode:                	171

Insert range:        	35 - 221
90th percentile:     	204
75th percentile:     	189
50th percentile:     	169
25th percentile:     	149
10th percentile:     	130
