java -ea -Xmx15g -Xms15g -Djava.library.path=/home/gregg_thomas/bin/bbmap/jni/ -cp /home/gregg_thomas/bin/bbmap/current/ jgi.BBMerge -Xmx15g t=1 in1=/scratch/gregg_thomas/Murinae-seq/02-Decon/Hyorhinomys-stuempkei/nextseq-paired-2/JAE4661_S40_L004_R1_001.fastp.decon.fastq.gz in2=/scratch/gregg_thomas/Murinae-seq/02-Decon/Hyorhinomys-stuempkei/nextseq-paired-2/JAE4661_S40_L004_R2_001.fastp.decon.fastq.gz verystrict=t rem k=40 extend2=40 ecct outu1=/scratch/gregg_thomas/Murinae-seq/03A-Merged/Hyorhinomys-stuempkei/nextseq-paired-2/JAE4661_S40_L004_R1_001.fastp.decon.unmerged.fastq.gz outu2=/scratch/gregg_thomas/Murinae-seq/03A-Merged/Hyorhinomys-stuempkei/nextseq-paired-2/JAE4661_S40_L004_R2_001.fastp.decon.unmerged.fastq.gz out=/scratch/gregg_thomas/Murinae-seq/03A-Merged/Hyorhinomys-stuempkei/nextseq-paired-2/JAE4661_S40_L004_001.fastp.decon.merged.fastq.gz
Executing jgi.BBMerge [-Xmx15g, t=1, in1=/scratch/gregg_thomas/Murinae-seq/02-Decon/Hyorhinomys-stuempkei/nextseq-paired-2/JAE4661_S40_L004_R1_001.fastp.decon.fastq.gz, in2=/scratch/gregg_thomas/Murinae-seq/02-Decon/Hyorhinomys-stuempkei/nextseq-paired-2/JAE4661_S40_L004_R2_001.fastp.decon.fastq.gz, verystrict=t, rem, k=40, extend2=40, ecct, outu1=/scratch/gregg_thomas/Murinae-seq/03A-Merged/Hyorhinomys-stuempkei/nextseq-paired-2/JAE4661_S40_L004_R1_001.fastp.decon.unmerged.fastq.gz, outu2=/scratch/gregg_thomas/Murinae-seq/03A-Merged/Hyorhinomys-stuempkei/nextseq-paired-2/JAE4661_S40_L004_R2_001.fastp.decon.unmerged.fastq.gz, out=/scratch/gregg_thomas/Murinae-seq/03A-Merged/Hyorhinomys-stuempkei/nextseq-paired-2/JAE4661_S40_L004_001.fastp.decon.merged.fastq.gz]
Version 38.73

Revised arguments: [maxbad=4, margin=3, minqo=8, qualiters=2, ratiomode=t, flatmode=f, minentropy=52, minoverlap=12, minoverlap0=4, maxratio=0.05, ratiomargin=12, ratiooffset=0.5, ratiominoverlapreduction=4, efilter=2, pfilter=0.008, minsecondratio=0.16, minapproxoverlap=22, t=1, in1=/scratch/gregg_thomas/Murinae-seq/02-Decon/Hyorhinomys-stuempkei/nextseq-paired-2/JAE4661_S40_L004_R1_001.fastp.decon.fastq.gz, in2=/scratch/gregg_thomas/Murinae-seq/02-Decon/Hyorhinomys-stuempkei/nextseq-paired-2/JAE4661_S40_L004_R2_001.fastp.decon.fastq.gz, rem, k=40, extend2=40, ecct, outu1=/scratch/gregg_thomas/Murinae-seq/03A-Merged/Hyorhinomys-stuempkei/nextseq-paired-2/JAE4661_S40_L004_R1_001.fastp.decon.unmerged.fastq.gz, outu2=/scratch/gregg_thomas/Murinae-seq/03A-Merged/Hyorhinomys-stuempkei/nextseq-paired-2/JAE4661_S40_L004_R2_001.fastp.decon.unmerged.fastq.gz, out=/scratch/gregg_thomas/Murinae-seq/03A-Merged/Hyorhinomys-stuempkei/nextseq-paired-2/JAE4661_S40_L004_001.fastp.decon.merged.fastq.gz]

Set threads to 1
Executing assemble.Tadpole2 [in=/scratch/gregg_thomas/Murinae-seq/02-Decon/Hyorhinomys-stuempkei/nextseq-paired-2/JAE4661_S40_L004_R1_001.fastp.decon.fastq.gz, in2=/scratch/gregg_thomas/Murinae-seq/02-Decon/Hyorhinomys-stuempkei/nextseq-paired-2/JAE4661_S40_L004_R2_001.fastp.decon.fastq.gz, branchlower=3, branchmult1=20.0, branchmult2=3.0, mincountseed=3, mincountextend=2, minprob=0.5, k=40, prealloc=false, prefilter=0, ecctail=false, eccpincer=false, eccreassemble=true]
Version 38.73

Using 1 threads.
Executing ukmer.KmerTableSetU [in=/scratch/gregg_thomas/Murinae-seq/02-Decon/Hyorhinomys-stuempkei/nextseq-paired-2/JAE4661_S40_L004_R1_001.fastp.decon.fastq.gz, in2=/scratch/gregg_thomas/Murinae-seq/02-Decon/Hyorhinomys-stuempkei/nextseq-paired-2/JAE4661_S40_L004_R2_001.fastp.decon.fastq.gz, branchlower=3, branchmult1=20.0, branchmult2=3.0, mincountseed=3, mincountextend=2, minprob=0.5, k=40, prealloc=false, prefilter=0, ecctail=false, eccpincer=false, eccreassemble=true]

Initial:
Ways=31, initialSize=128000, prefilter=f, prealloc=f
Memory: max=15435m, total=15435m, free=15112m, used=323m

Estimated kmer capacity: 	356759827
After table allocation:
Memory: max=15435m, total=15435m, free=14951m, used=484m

After loading:
Memory: max=15435m, total=15435m, free=6045m, used=9390m

Input:                      	4711968 reads 		355643957 bases.
Unique Kmers:               	87316352
Load Time:                  	155.747 seconds.

Writing mergable reads merged.
Started output threads.
Total time: 379.833 seconds.

Pairs:               	2355984
Joined:              	418072   	17.745%
Ambiguous:           	1937912   	82.255%
No Solution:         	0       	0.000%
Too Short:           	0       	0.000%
Fully Extended:      	1430563   	30.332%
Partly Extended:     	860973   	18.255%
Not Extended:        	2424740   	51.412%

Avg Insert:          	158.5
Standard Deviation:  	29.9
Mode:                	135

Insert range:        	35 - 221
90th percentile:     	201
75th percentile:     	181
50th percentile:     	158
25th percentile:     	135
10th percentile:     	120
