java -ea -Xmx15g -Xms15g -Djava.library.path=/home/gregg_thomas/bin/bbmap/jni/ -cp /home/gregg_thomas/bin/bbmap/current/ jgi.BBMerge -Xmx15g t=1 in1=/scratch/gregg_thomas/Murinae-seq/02-Decon/Lorentzimys-nouhuysi/nextseq-paired-1/ABTC-46314_S30_R1_001.fastp.decon.fastq.gz in2=/scratch/gregg_thomas/Murinae-seq/02-Decon/Lorentzimys-nouhuysi/nextseq-paired-1/ABTC-46314_S30_R2_001.fastp.decon.fastq.gz verystrict=t rem k=40 extend2=40 ecct outu1=/scratch/gregg_thomas/Murinae-seq/03A-Merged/Lorentzimys-nouhuysi/nextseq-paired-1/ABTC-46314_S30_R1_001.fastp.decon.unmerged.fastq.gz outu2=/scratch/gregg_thomas/Murinae-seq/03A-Merged/Lorentzimys-nouhuysi/nextseq-paired-1/ABTC-46314_S30_R2_001.fastp.decon.unmerged.fastq.gz out=/scratch/gregg_thomas/Murinae-seq/03A-Merged/Lorentzimys-nouhuysi/nextseq-paired-1/ABTC-46314_S30_001.fastp.decon.merged.fastq.gz
Executing jgi.BBMerge [-Xmx15g, t=1, in1=/scratch/gregg_thomas/Murinae-seq/02-Decon/Lorentzimys-nouhuysi/nextseq-paired-1/ABTC-46314_S30_R1_001.fastp.decon.fastq.gz, in2=/scratch/gregg_thomas/Murinae-seq/02-Decon/Lorentzimys-nouhuysi/nextseq-paired-1/ABTC-46314_S30_R2_001.fastp.decon.fastq.gz, verystrict=t, rem, k=40, extend2=40, ecct, outu1=/scratch/gregg_thomas/Murinae-seq/03A-Merged/Lorentzimys-nouhuysi/nextseq-paired-1/ABTC-46314_S30_R1_001.fastp.decon.unmerged.fastq.gz, outu2=/scratch/gregg_thomas/Murinae-seq/03A-Merged/Lorentzimys-nouhuysi/nextseq-paired-1/ABTC-46314_S30_R2_001.fastp.decon.unmerged.fastq.gz, out=/scratch/gregg_thomas/Murinae-seq/03A-Merged/Lorentzimys-nouhuysi/nextseq-paired-1/ABTC-46314_S30_001.fastp.decon.merged.fastq.gz]
Version 38.73

Revised arguments: [maxbad=4, margin=3, minqo=8, qualiters=2, ratiomode=t, flatmode=f, minentropy=52, minoverlap=12, minoverlap0=4, maxratio=0.05, ratiomargin=12, ratiooffset=0.5, ratiominoverlapreduction=4, efilter=2, pfilter=0.008, minsecondratio=0.16, minapproxoverlap=22, t=1, in1=/scratch/gregg_thomas/Murinae-seq/02-Decon/Lorentzimys-nouhuysi/nextseq-paired-1/ABTC-46314_S30_R1_001.fastp.decon.fastq.gz, in2=/scratch/gregg_thomas/Murinae-seq/02-Decon/Lorentzimys-nouhuysi/nextseq-paired-1/ABTC-46314_S30_R2_001.fastp.decon.fastq.gz, rem, k=40, extend2=40, ecct, outu1=/scratch/gregg_thomas/Murinae-seq/03A-Merged/Lorentzimys-nouhuysi/nextseq-paired-1/ABTC-46314_S30_R1_001.fastp.decon.unmerged.fastq.gz, outu2=/scratch/gregg_thomas/Murinae-seq/03A-Merged/Lorentzimys-nouhuysi/nextseq-paired-1/ABTC-46314_S30_R2_001.fastp.decon.unmerged.fastq.gz, out=/scratch/gregg_thomas/Murinae-seq/03A-Merged/Lorentzimys-nouhuysi/nextseq-paired-1/ABTC-46314_S30_001.fastp.decon.merged.fastq.gz]

Set threads to 1
Executing assemble.Tadpole2 [in=/scratch/gregg_thomas/Murinae-seq/02-Decon/Lorentzimys-nouhuysi/nextseq-paired-1/ABTC-46314_S30_R1_001.fastp.decon.fastq.gz, in2=/scratch/gregg_thomas/Murinae-seq/02-Decon/Lorentzimys-nouhuysi/nextseq-paired-1/ABTC-46314_S30_R2_001.fastp.decon.fastq.gz, branchlower=3, branchmult1=20.0, branchmult2=3.0, mincountseed=3, mincountextend=2, minprob=0.5, k=40, prealloc=false, prefilter=0, ecctail=false, eccpincer=false, eccreassemble=true]
Version 38.73

Using 1 threads.
Executing ukmer.KmerTableSetU [in=/scratch/gregg_thomas/Murinae-seq/02-Decon/Lorentzimys-nouhuysi/nextseq-paired-1/ABTC-46314_S30_R1_001.fastp.decon.fastq.gz, in2=/scratch/gregg_thomas/Murinae-seq/02-Decon/Lorentzimys-nouhuysi/nextseq-paired-1/ABTC-46314_S30_R2_001.fastp.decon.fastq.gz, branchlower=3, branchmult1=20.0, branchmult2=3.0, mincountseed=3, mincountextend=2, minprob=0.5, k=40, prealloc=false, prefilter=0, ecctail=false, eccpincer=false, eccreassemble=true]

Initial:
Ways=31, initialSize=128000, prefilter=f, prealloc=f
Memory: max=15435m, total=15435m, free=15112m, used=323m

Estimated kmer capacity: 	356759827
After table allocation:
Memory: max=15435m, total=15435m, free=14951m, used=484m

After loading:
Memory: max=15435m, total=15435m, free=5559m, used=9876m

Input:                      	19650342 reads 		1472619246 bases.
Unique Kmers:               	230774938
Load Time:                  	414.360 seconds.

Writing mergable reads merged.
Started output threads.
Total time: 1901.221 seconds.

Pairs:               	9825171
Joined:              	4474608   	45.542%
Ambiguous:           	5350561   	54.458%
No Solution:         	2       	0.000%
Too Short:           	0       	0.000%
Fully Extended:      	11675650   	58.864%
Partly Extended:     	2853406   	14.386%
Not Extended:        	5306018   	26.751%

Avg Insert:          	156.4
Standard Deviation:  	30.3
Mode:                	162

Insert range:        	35 - 219
90th percentile:     	198
75th percentile:     	179
50th percentile:     	157
25th percentile:     	134
10th percentile:     	117
