java -ea -Xmx30g -Xms30g -Djava.library.path=/home/gregg_thomas/bin/bbmap/jni/ -cp /home/gregg_thomas/bin/bbmap/current/ jgi.BBMerge -Xmx30g t=1 in1=/scratch/gregg_thomas/Murinae-seq/02-Decon/Macruromys-major/hiseq4000-paired-2/SM045_CKDL190143345-1a-D709-AK1680_H7275BBXX_L4_R1_.fastp.decon.fastq.gz in2=/scratch/gregg_thomas/Murinae-seq/02-Decon/Macruromys-major/hiseq4000-paired-2/SM045_CKDL190143345-1a-D709-AK1680_H7275BBXX_L4_R2_.fastp.decon.fastq.gz verystrict=t rem k=40 extend2=40 ecct outu1=/scratch/gregg_thomas/Murinae-seq/03A-Merged/Macruromys-major/hiseq4000-paired-2/SM045_CKDL190143345-1a-D709-AK1680_H7275BBXX_L4_R1_.fastp.decon.unmerged.fastq.gz outu2=/scratch/gregg_thomas/Murinae-seq/03A-Merged/Macruromys-major/hiseq4000-paired-2/SM045_CKDL190143345-1a-D709-AK1680_H7275BBXX_L4_R2_.fastp.decon.unmerged.fastq.gz out=/scratch/gregg_thomas/Murinae-seq/03A-Merged/Macruromys-major/hiseq4000-paired-2/SM045_CKDL190143345-1a-D709-AK1680_H7275BBXX_L4_.fastp.decon.merged.fastq.gz
Executing jgi.BBMerge [-Xmx30g, t=1, in1=/scratch/gregg_thomas/Murinae-seq/02-Decon/Macruromys-major/hiseq4000-paired-2/SM045_CKDL190143345-1a-D709-AK1680_H7275BBXX_L4_R1_.fastp.decon.fastq.gz, in2=/scratch/gregg_thomas/Murinae-seq/02-Decon/Macruromys-major/hiseq4000-paired-2/SM045_CKDL190143345-1a-D709-AK1680_H7275BBXX_L4_R2_.fastp.decon.fastq.gz, verystrict=t, rem, k=40, extend2=40, ecct, outu1=/scratch/gregg_thomas/Murinae-seq/03A-Merged/Macruromys-major/hiseq4000-paired-2/SM045_CKDL190143345-1a-D709-AK1680_H7275BBXX_L4_R1_.fastp.decon.unmerged.fastq.gz, outu2=/scratch/gregg_thomas/Murinae-seq/03A-Merged/Macruromys-major/hiseq4000-paired-2/SM045_CKDL190143345-1a-D709-AK1680_H7275BBXX_L4_R2_.fastp.decon.unmerged.fastq.gz, out=/scratch/gregg_thomas/Murinae-seq/03A-Merged/Macruromys-major/hiseq4000-paired-2/SM045_CKDL190143345-1a-D709-AK1680_H7275BBXX_L4_.fastp.decon.merged.fastq.gz]
Version 38.73

Revised arguments: [maxbad=4, margin=3, minqo=8, qualiters=2, ratiomode=t, flatmode=f, minentropy=52, minoverlap=12, minoverlap0=4, maxratio=0.05, ratiomargin=12, ratiooffset=0.5, ratiominoverlapreduction=4, efilter=2, pfilter=0.008, minsecondratio=0.16, minapproxoverlap=22, t=1, in1=/scratch/gregg_thomas/Murinae-seq/02-Decon/Macruromys-major/hiseq4000-paired-2/SM045_CKDL190143345-1a-D709-AK1680_H7275BBXX_L4_R1_.fastp.decon.fastq.gz, in2=/scratch/gregg_thomas/Murinae-seq/02-Decon/Macruromys-major/hiseq4000-paired-2/SM045_CKDL190143345-1a-D709-AK1680_H7275BBXX_L4_R2_.fastp.decon.fastq.gz, rem, k=40, extend2=40, ecct, outu1=/scratch/gregg_thomas/Murinae-seq/03A-Merged/Macruromys-major/hiseq4000-paired-2/SM045_CKDL190143345-1a-D709-AK1680_H7275BBXX_L4_R1_.fastp.decon.unmerged.fastq.gz, outu2=/scratch/gregg_thomas/Murinae-seq/03A-Merged/Macruromys-major/hiseq4000-paired-2/SM045_CKDL190143345-1a-D709-AK1680_H7275BBXX_L4_R2_.fastp.decon.unmerged.fastq.gz, out=/scratch/gregg_thomas/Murinae-seq/03A-Merged/Macruromys-major/hiseq4000-paired-2/SM045_CKDL190143345-1a-D709-AK1680_H7275BBXX_L4_.fastp.decon.merged.fastq.gz]

Set threads to 1
Executing assemble.Tadpole2 [in=/scratch/gregg_thomas/Murinae-seq/02-Decon/Macruromys-major/hiseq4000-paired-2/SM045_CKDL190143345-1a-D709-AK1680_H7275BBXX_L4_R1_.fastp.decon.fastq.gz, in2=/scratch/gregg_thomas/Murinae-seq/02-Decon/Macruromys-major/hiseq4000-paired-2/SM045_CKDL190143345-1a-D709-AK1680_H7275BBXX_L4_R2_.fastp.decon.fastq.gz, branchlower=3, branchmult1=20.0, branchmult2=3.0, mincountseed=3, mincountextend=2, minprob=0.5, k=40, prealloc=false, prefilter=0, ecctail=false, eccpincer=false, eccreassemble=true]
Version 38.73

Using 1 threads.
Executing ukmer.KmerTableSetU [in=/scratch/gregg_thomas/Murinae-seq/02-Decon/Macruromys-major/hiseq4000-paired-2/SM045_CKDL190143345-1a-D709-AK1680_H7275BBXX_L4_R1_.fastp.decon.fastq.gz, in2=/scratch/gregg_thomas/Murinae-seq/02-Decon/Macruromys-major/hiseq4000-paired-2/SM045_CKDL190143345-1a-D709-AK1680_H7275BBXX_L4_R2_.fastp.decon.fastq.gz, branchlower=3, branchmult1=20.0, branchmult2=3.0, mincountseed=3, mincountextend=2, minprob=0.5, k=40, prealloc=false, prefilter=0, ecctail=false, eccpincer=false, eccreassemble=true]

Initial:
Ways=31, initialSize=128000, prefilter=f, prealloc=f
Memory: max=30870m, total=30870m, free=30225m, used=645m

Estimated kmer capacity: 	715752451
After table allocation:
Memory: max=30870m, total=30870m, free=29903m, used=967m

After loading:
Memory: max=30870m, total=30870m, free=8580m, used=22290m

Input:                      	46745414 reads 		6706243129 bases.
Unique Kmers:               	567030027
Load Time:                  	3227.552 seconds.

Writing mergable reads merged.
Started output threads.
Total time: 9949.385 seconds.

Pairs:               	23372707
Joined:              	18985981   	81.231%
Ambiguous:           	4362064   	18.663%
No Solution:         	24662   	0.106%
Too Short:           	0       	0.000%
Fully Extended:      	34745735   	72.657%
Partly Extended:     	6624234   	13.852%
Not Extended:        	6451763   	13.491%

Avg Insert:          	208.4
Standard Deviation:  	68.9
Mode:                	163

Insert range:        	35 - 369
90th percentile:     	304
75th percentile:     	260
50th percentile:     	205
25th percentile:     	156
10th percentile:     	119
