java -ea -Xmx15g -Xms15g -Djava.library.path=/home/gregg_thomas/bin/bbmap/jni/ -cp /home/gregg_thomas/bin/bbmap/current/ jgi.BBMerge -Xmx15g t=1 in1=/scratch/gregg_thomas/Murinae-seq/02-Decon/Mus-macedonicus/hiseq2000-paired-1/10460X12_131030_SN141_0734_AC2RLAACXX_7_R1_.fastp.decon.fastq.gz in2=/scratch/gregg_thomas/Murinae-seq/02-Decon/Mus-macedonicus/hiseq2000-paired-1/10460X12_131030_SN141_0734_AC2RLAACXX_7_R2_.fastp.decon.fastq.gz verystrict=t rem k=40 extend2=40 ecct outu1=/scratch/gregg_thomas/Murinae-seq/03A-Merged/Mus-macedonicus/hiseq2000-paired-1/10460X12_131030_SN141_0734_AC2RLAACXX_7_R1_.fastp.decon.unmerged.fastq.gz outu2=/scratch/gregg_thomas/Murinae-seq/03A-Merged/Mus-macedonicus/hiseq2000-paired-1/10460X12_131030_SN141_0734_AC2RLAACXX_7_R2_.fastp.decon.unmerged.fastq.gz out=/scratch/gregg_thomas/Murinae-seq/03A-Merged/Mus-macedonicus/hiseq2000-paired-1/10460X12_131030_SN141_0734_AC2RLAACXX_7_.fastp.decon.merged.fastq.gz
Executing jgi.BBMerge [-Xmx15g, t=1, in1=/scratch/gregg_thomas/Murinae-seq/02-Decon/Mus-macedonicus/hiseq2000-paired-1/10460X12_131030_SN141_0734_AC2RLAACXX_7_R1_.fastp.decon.fastq.gz, in2=/scratch/gregg_thomas/Murinae-seq/02-Decon/Mus-macedonicus/hiseq2000-paired-1/10460X12_131030_SN141_0734_AC2RLAACXX_7_R2_.fastp.decon.fastq.gz, verystrict=t, rem, k=40, extend2=40, ecct, outu1=/scratch/gregg_thomas/Murinae-seq/03A-Merged/Mus-macedonicus/hiseq2000-paired-1/10460X12_131030_SN141_0734_AC2RLAACXX_7_R1_.fastp.decon.unmerged.fastq.gz, outu2=/scratch/gregg_thomas/Murinae-seq/03A-Merged/Mus-macedonicus/hiseq2000-paired-1/10460X12_131030_SN141_0734_AC2RLAACXX_7_R2_.fastp.decon.unmerged.fastq.gz, out=/scratch/gregg_thomas/Murinae-seq/03A-Merged/Mus-macedonicus/hiseq2000-paired-1/10460X12_131030_SN141_0734_AC2RLAACXX_7_.fastp.decon.merged.fastq.gz]
Version 38.73

Revised arguments: [maxbad=4, margin=3, minqo=8, qualiters=2, ratiomode=t, flatmode=f, minentropy=52, minoverlap=12, minoverlap0=4, maxratio=0.05, ratiomargin=12, ratiooffset=0.5, ratiominoverlapreduction=4, efilter=2, pfilter=0.008, minsecondratio=0.16, minapproxoverlap=22, t=1, in1=/scratch/gregg_thomas/Murinae-seq/02-Decon/Mus-macedonicus/hiseq2000-paired-1/10460X12_131030_SN141_0734_AC2RLAACXX_7_R1_.fastp.decon.fastq.gz, in2=/scratch/gregg_thomas/Murinae-seq/02-Decon/Mus-macedonicus/hiseq2000-paired-1/10460X12_131030_SN141_0734_AC2RLAACXX_7_R2_.fastp.decon.fastq.gz, rem, k=40, extend2=40, ecct, outu1=/scratch/gregg_thomas/Murinae-seq/03A-Merged/Mus-macedonicus/hiseq2000-paired-1/10460X12_131030_SN141_0734_AC2RLAACXX_7_R1_.fastp.decon.unmerged.fastq.gz, outu2=/scratch/gregg_thomas/Murinae-seq/03A-Merged/Mus-macedonicus/hiseq2000-paired-1/10460X12_131030_SN141_0734_AC2RLAACXX_7_R2_.fastp.decon.unmerged.fastq.gz, out=/scratch/gregg_thomas/Murinae-seq/03A-Merged/Mus-macedonicus/hiseq2000-paired-1/10460X12_131030_SN141_0734_AC2RLAACXX_7_.fastp.decon.merged.fastq.gz]

Set threads to 1
Executing assemble.Tadpole2 [in=/scratch/gregg_thomas/Murinae-seq/02-Decon/Mus-macedonicus/hiseq2000-paired-1/10460X12_131030_SN141_0734_AC2RLAACXX_7_R1_.fastp.decon.fastq.gz, in2=/scratch/gregg_thomas/Murinae-seq/02-Decon/Mus-macedonicus/hiseq2000-paired-1/10460X12_131030_SN141_0734_AC2RLAACXX_7_R2_.fastp.decon.fastq.gz, branchlower=3, branchmult1=20.0, branchmult2=3.0, mincountseed=3, mincountextend=2, minprob=0.5, k=40, prealloc=false, prefilter=0, ecctail=false, eccpincer=false, eccreassemble=true]
Version 38.73

Using 1 threads.
Executing ukmer.KmerTableSetU [in=/scratch/gregg_thomas/Murinae-seq/02-Decon/Mus-macedonicus/hiseq2000-paired-1/10460X12_131030_SN141_0734_AC2RLAACXX_7_R1_.fastp.decon.fastq.gz, in2=/scratch/gregg_thomas/Murinae-seq/02-Decon/Mus-macedonicus/hiseq2000-paired-1/10460X12_131030_SN141_0734_AC2RLAACXX_7_R2_.fastp.decon.fastq.gz, branchlower=3, branchmult1=20.0, branchmult2=3.0, mincountseed=3, mincountextend=2, minprob=0.5, k=40, prealloc=false, prefilter=0, ecctail=false, eccpincer=false, eccreassemble=true]

Initial:
Ways=31, initialSize=128000, prefilter=f, prealloc=f
Memory: max=15435m, total=15435m, free=15032m, used=403m

Estimated kmer capacity: 	356759827
After table allocation:
Memory: max=15435m, total=15435m, free=14871m, used=564m

After loading:
Memory: max=15435m, total=15435m, free=4258m, used=11177m

Input:                      	21709076 reads 		2168464346 bases.
Unique Kmers:               	166395098
Load Time:                  	542.736 seconds.

Writing mergable reads merged.
Started output threads.
Total time: 2131.066 seconds.

Pairs:               	10854538
Joined:              	8833886   	81.384%
Ambiguous:           	2019373   	18.604%
No Solution:         	1279       	0.012%
Too Short:           	0       	0.000%
Fully Extended:      	17402920   	78.519%
Partly Extended:     	3113767   	14.049%
Not Extended:        	1647341   	7.432%

Avg Insert:          	167.5
Standard Deviation:  	38.5
Mode:                	145

Insert range:        	35 - 269
90th percentile:     	223
75th percentile:     	194
50th percentile:     	162
25th percentile:     	138
10th percentile:     	121
