java -ea -Xmx15g -Xms15g -Djava.library.path=/home/gregg_thomas/bin/bbmap/jni/ -cp /home/gregg_thomas/bin/bbmap/current/ jgi.BBMerge -Xmx15g t=1 in1=/scratch/gregg_thomas/Murinae-seq/02-Decon/Mus-spretus/hiseq2000-paired-1/10460X4_131030_SN141_0734_AC2RLAACXX_7_R1_.fastp.decon.fastq.gz in2=/scratch/gregg_thomas/Murinae-seq/02-Decon/Mus-spretus/hiseq2000-paired-1/10460X4_131030_SN141_0734_AC2RLAACXX_7_R2_.fastp.decon.fastq.gz verystrict=t rem k=40 extend2=40 ecct outu1=/scratch/gregg_thomas/Murinae-seq/03A-Merged/Mus-spretus/hiseq2000-paired-1/10460X4_131030_SN141_0734_AC2RLAACXX_7_R1_.fastp.decon.unmerged.fastq.gz outu2=/scratch/gregg_thomas/Murinae-seq/03A-Merged/Mus-spretus/hiseq2000-paired-1/10460X4_131030_SN141_0734_AC2RLAACXX_7_R2_.fastp.decon.unmerged.fastq.gz out=/scratch/gregg_thomas/Murinae-seq/03A-Merged/Mus-spretus/hiseq2000-paired-1/10460X4_131030_SN141_0734_AC2RLAACXX_7_.fastp.decon.merged.fastq.gz
Executing jgi.BBMerge [-Xmx15g, t=1, in1=/scratch/gregg_thomas/Murinae-seq/02-Decon/Mus-spretus/hiseq2000-paired-1/10460X4_131030_SN141_0734_AC2RLAACXX_7_R1_.fastp.decon.fastq.gz, in2=/scratch/gregg_thomas/Murinae-seq/02-Decon/Mus-spretus/hiseq2000-paired-1/10460X4_131030_SN141_0734_AC2RLAACXX_7_R2_.fastp.decon.fastq.gz, verystrict=t, rem, k=40, extend2=40, ecct, outu1=/scratch/gregg_thomas/Murinae-seq/03A-Merged/Mus-spretus/hiseq2000-paired-1/10460X4_131030_SN141_0734_AC2RLAACXX_7_R1_.fastp.decon.unmerged.fastq.gz, outu2=/scratch/gregg_thomas/Murinae-seq/03A-Merged/Mus-spretus/hiseq2000-paired-1/10460X4_131030_SN141_0734_AC2RLAACXX_7_R2_.fastp.decon.unmerged.fastq.gz, out=/scratch/gregg_thomas/Murinae-seq/03A-Merged/Mus-spretus/hiseq2000-paired-1/10460X4_131030_SN141_0734_AC2RLAACXX_7_.fastp.decon.merged.fastq.gz]
Version 38.73

Revised arguments: [maxbad=4, margin=3, minqo=8, qualiters=2, ratiomode=t, flatmode=f, minentropy=52, minoverlap=12, minoverlap0=4, maxratio=0.05, ratiomargin=12, ratiooffset=0.5, ratiominoverlapreduction=4, efilter=2, pfilter=0.008, minsecondratio=0.16, minapproxoverlap=22, t=1, in1=/scratch/gregg_thomas/Murinae-seq/02-Decon/Mus-spretus/hiseq2000-paired-1/10460X4_131030_SN141_0734_AC2RLAACXX_7_R1_.fastp.decon.fastq.gz, in2=/scratch/gregg_thomas/Murinae-seq/02-Decon/Mus-spretus/hiseq2000-paired-1/10460X4_131030_SN141_0734_AC2RLAACXX_7_R2_.fastp.decon.fastq.gz, rem, k=40, extend2=40, ecct, outu1=/scratch/gregg_thomas/Murinae-seq/03A-Merged/Mus-spretus/hiseq2000-paired-1/10460X4_131030_SN141_0734_AC2RLAACXX_7_R1_.fastp.decon.unmerged.fastq.gz, outu2=/scratch/gregg_thomas/Murinae-seq/03A-Merged/Mus-spretus/hiseq2000-paired-1/10460X4_131030_SN141_0734_AC2RLAACXX_7_R2_.fastp.decon.unmerged.fastq.gz, out=/scratch/gregg_thomas/Murinae-seq/03A-Merged/Mus-spretus/hiseq2000-paired-1/10460X4_131030_SN141_0734_AC2RLAACXX_7_.fastp.decon.merged.fastq.gz]

Set threads to 1
Executing assemble.Tadpole2 [in=/scratch/gregg_thomas/Murinae-seq/02-Decon/Mus-spretus/hiseq2000-paired-1/10460X4_131030_SN141_0734_AC2RLAACXX_7_R1_.fastp.decon.fastq.gz, in2=/scratch/gregg_thomas/Murinae-seq/02-Decon/Mus-spretus/hiseq2000-paired-1/10460X4_131030_SN141_0734_AC2RLAACXX_7_R2_.fastp.decon.fastq.gz, branchlower=3, branchmult1=20.0, branchmult2=3.0, mincountseed=3, mincountextend=2, minprob=0.5, k=40, prealloc=false, prefilter=0, ecctail=false, eccpincer=false, eccreassemble=true]
Version 38.73

Using 1 threads.
Executing ukmer.KmerTableSetU [in=/scratch/gregg_thomas/Murinae-seq/02-Decon/Mus-spretus/hiseq2000-paired-1/10460X4_131030_SN141_0734_AC2RLAACXX_7_R1_.fastp.decon.fastq.gz, in2=/scratch/gregg_thomas/Murinae-seq/02-Decon/Mus-spretus/hiseq2000-paired-1/10460X4_131030_SN141_0734_AC2RLAACXX_7_R2_.fastp.decon.fastq.gz, branchlower=3, branchmult1=20.0, branchmult2=3.0, mincountseed=3, mincountextend=2, minprob=0.5, k=40, prealloc=false, prefilter=0, ecctail=false, eccpincer=false, eccreassemble=true]

Initial:
Ways=31, initialSize=128000, prefilter=f, prealloc=f
Memory: max=15435m, total=15435m, free=14951m, used=484m

Estimated kmer capacity: 	356759827
After table allocation:
Memory: max=15435m, total=15435m, free=14871m, used=564m

After loading:
Memory: max=15435m, total=15435m, free=7500m, used=7935m

Input:                      	16085486 reads 		1606399958 bases.
Unique Kmers:               	152796769
Load Time:                  	404.505 seconds.

Writing mergable reads merged.
Started output threads.
Total time: 1584.428 seconds.

Pairs:               	8042743
Joined:              	6296431   	78.287%
Ambiguous:           	1745334   	21.701%
No Solution:         	978       	0.012%
Too Short:           	0       	0.000%
Fully Extended:      	12290427   	74.805%
Partly Extended:     	2629593   	16.005%
Not Extended:        	1510038   	9.191%

Avg Insert:          	168.0
Standard Deviation:  	38.4
Mode:                	143

Insert range:        	35 - 269
90th percentile:     	223
75th percentile:     	194
50th percentile:     	163
25th percentile:     	139
10th percentile:     	122
