java -ea -Xmx15g -Xms15g -Djava.library.path=/home/gregg_thomas/bin/bbmap/jni/ -cp /home/gregg_thomas/bin/bbmap/current/ jgi.BBMerge -Xmx15g t=1 in1=/scratch/gregg_thomas/Murinae-seq/02-Decon/Mus-pos_ctrl_B/hiseq4000-paired-1/M44_B11_CKDL190143344-1a-D711-AK1681_H7275BBXX_L3_R1_.fastp.decon.fastq.gz in2=/scratch/gregg_thomas/Murinae-seq/02-Decon/Mus-pos_ctrl_B/hiseq4000-paired-1/M44_B11_CKDL190143344-1a-D711-AK1681_H7275BBXX_L3_R2_.fastp.decon.fastq.gz verystrict=t rem k=40 extend2=40 ecct outu1=/scratch/gregg_thomas/Murinae-seq/03A-Merged/Mus-pos_ctrl_B/hiseq4000-paired-1/M44_B11_CKDL190143344-1a-D711-AK1681_H7275BBXX_L3_R1_.fastp.decon.unmerged.fastq.gz outu2=/scratch/gregg_thomas/Murinae-seq/03A-Merged/Mus-pos_ctrl_B/hiseq4000-paired-1/M44_B11_CKDL190143344-1a-D711-AK1681_H7275BBXX_L3_R2_.fastp.decon.unmerged.fastq.gz out=/scratch/gregg_thomas/Murinae-seq/03A-Merged/Mus-pos_ctrl_B/hiseq4000-paired-1/M44_B11_CKDL190143344-1a-D711-AK1681_H7275BBXX_L3_.fastp.decon.merged.fastq.gz
Executing jgi.BBMerge [-Xmx15g, t=1, in1=/scratch/gregg_thomas/Murinae-seq/02-Decon/Mus-pos_ctrl_B/hiseq4000-paired-1/M44_B11_CKDL190143344-1a-D711-AK1681_H7275BBXX_L3_R1_.fastp.decon.fastq.gz, in2=/scratch/gregg_thomas/Murinae-seq/02-Decon/Mus-pos_ctrl_B/hiseq4000-paired-1/M44_B11_CKDL190143344-1a-D711-AK1681_H7275BBXX_L3_R2_.fastp.decon.fastq.gz, verystrict=t, rem, k=40, extend2=40, ecct, outu1=/scratch/gregg_thomas/Murinae-seq/03A-Merged/Mus-pos_ctrl_B/hiseq4000-paired-1/M44_B11_CKDL190143344-1a-D711-AK1681_H7275BBXX_L3_R1_.fastp.decon.unmerged.fastq.gz, outu2=/scratch/gregg_thomas/Murinae-seq/03A-Merged/Mus-pos_ctrl_B/hiseq4000-paired-1/M44_B11_CKDL190143344-1a-D711-AK1681_H7275BBXX_L3_R2_.fastp.decon.unmerged.fastq.gz, out=/scratch/gregg_thomas/Murinae-seq/03A-Merged/Mus-pos_ctrl_B/hiseq4000-paired-1/M44_B11_CKDL190143344-1a-D711-AK1681_H7275BBXX_L3_.fastp.decon.merged.fastq.gz]
Version 38.73

Revised arguments: [maxbad=4, margin=3, minqo=8, qualiters=2, ratiomode=t, flatmode=f, minentropy=52, minoverlap=12, minoverlap0=4, maxratio=0.05, ratiomargin=12, ratiooffset=0.5, ratiominoverlapreduction=4, efilter=2, pfilter=0.008, minsecondratio=0.16, minapproxoverlap=22, t=1, in1=/scratch/gregg_thomas/Murinae-seq/02-Decon/Mus-pos_ctrl_B/hiseq4000-paired-1/M44_B11_CKDL190143344-1a-D711-AK1681_H7275BBXX_L3_R1_.fastp.decon.fastq.gz, in2=/scratch/gregg_thomas/Murinae-seq/02-Decon/Mus-pos_ctrl_B/hiseq4000-paired-1/M44_B11_CKDL190143344-1a-D711-AK1681_H7275BBXX_L3_R2_.fastp.decon.fastq.gz, rem, k=40, extend2=40, ecct, outu1=/scratch/gregg_thomas/Murinae-seq/03A-Merged/Mus-pos_ctrl_B/hiseq4000-paired-1/M44_B11_CKDL190143344-1a-D711-AK1681_H7275BBXX_L3_R1_.fastp.decon.unmerged.fastq.gz, outu2=/scratch/gregg_thomas/Murinae-seq/03A-Merged/Mus-pos_ctrl_B/hiseq4000-paired-1/M44_B11_CKDL190143344-1a-D711-AK1681_H7275BBXX_L3_R2_.fastp.decon.unmerged.fastq.gz, out=/scratch/gregg_thomas/Murinae-seq/03A-Merged/Mus-pos_ctrl_B/hiseq4000-paired-1/M44_B11_CKDL190143344-1a-D711-AK1681_H7275BBXX_L3_.fastp.decon.merged.fastq.gz]

Set threads to 1
Executing assemble.Tadpole2 [in=/scratch/gregg_thomas/Murinae-seq/02-Decon/Mus-pos_ctrl_B/hiseq4000-paired-1/M44_B11_CKDL190143344-1a-D711-AK1681_H7275BBXX_L3_R1_.fastp.decon.fastq.gz, in2=/scratch/gregg_thomas/Murinae-seq/02-Decon/Mus-pos_ctrl_B/hiseq4000-paired-1/M44_B11_CKDL190143344-1a-D711-AK1681_H7275BBXX_L3_R2_.fastp.decon.fastq.gz, branchlower=3, branchmult1=20.0, branchmult2=3.0, mincountseed=3, mincountextend=2, minprob=0.5, k=40, prealloc=false, prefilter=0, ecctail=false, eccpincer=false, eccreassemble=true]
Version 38.73

Using 1 threads.
Executing ukmer.KmerTableSetU [in=/scratch/gregg_thomas/Murinae-seq/02-Decon/Mus-pos_ctrl_B/hiseq4000-paired-1/M44_B11_CKDL190143344-1a-D711-AK1681_H7275BBXX_L3_R1_.fastp.decon.fastq.gz, in2=/scratch/gregg_thomas/Murinae-seq/02-Decon/Mus-pos_ctrl_B/hiseq4000-paired-1/M44_B11_CKDL190143344-1a-D711-AK1681_H7275BBXX_L3_R2_.fastp.decon.fastq.gz, branchlower=3, branchmult1=20.0, branchmult2=3.0, mincountseed=3, mincountextend=2, minprob=0.5, k=40, prealloc=false, prefilter=0, ecctail=false, eccpincer=false, eccreassemble=true]

Initial:
Ways=31, initialSize=128000, prefilter=f, prealloc=f
Memory: max=15435m, total=15435m, free=15032m, used=403m

Estimated kmer capacity: 	356759827
After table allocation:
Memory: max=15435m, total=15435m, free=14871m, used=564m

After loading:
Memory: max=15435m, total=15435m, free=6486m, used=8949m

Input:                      	3288052 reads 		488659832 bases.
Unique Kmers:               	111116686
Load Time:                  	282.298 seconds.

Writing mergable reads merged.
Started output threads.
Total time: 705.171 seconds.

Pairs:               	1644026
Joined:              	898845   	54.673%
Ambiguous:           	744422   	45.280%
No Solution:         	759       	0.046%
Too Short:           	0       	0.000%
Fully Extended:      	1548938   	46.474%
Partly Extended:     	625600   	18.770%
Not Extended:        	1158388   	34.756%

Avg Insert:          	243.5
Standard Deviation:  	61.4
Mode:                	282

Insert range:        	35 - 369
90th percentile:     	322
75th percentile:     	288
50th percentile:     	249
25th percentile:     	201
10th percentile:     	156
