java -ea -Xmx15g -Xms15g -Djava.library.path=/home/gregg_thomas/bin/bbmap/jni/ -cp /home/gregg_thomas/bin/bbmap/current/ jgi.BBMerge -Xmx15g t=1 in1=/scratch/gregg_thomas/Murinae-seq/02-Decon/Mus-pos_ctrl_F/hiseq4000-paired-1/M44_F11_CKDL190143343-1a-D711-AK1544_H7275BBXX_L2_R1_.fastp.decon.fastq.gz in2=/scratch/gregg_thomas/Murinae-seq/02-Decon/Mus-pos_ctrl_F/hiseq4000-paired-1/M44_F11_CKDL190143343-1a-D711-AK1544_H7275BBXX_L2_R2_.fastp.decon.fastq.gz verystrict=t rem k=40 extend2=40 ecct outu1=/scratch/gregg_thomas/Murinae-seq/03A-Merged/Mus-pos_ctrl_F/hiseq4000-paired-1/M44_F11_CKDL190143343-1a-D711-AK1544_H7275BBXX_L2_R1_.fastp.decon.unmerged.fastq.gz outu2=/scratch/gregg_thomas/Murinae-seq/03A-Merged/Mus-pos_ctrl_F/hiseq4000-paired-1/M44_F11_CKDL190143343-1a-D711-AK1544_H7275BBXX_L2_R2_.fastp.decon.unmerged.fastq.gz out=/scratch/gregg_thomas/Murinae-seq/03A-Merged/Mus-pos_ctrl_F/hiseq4000-paired-1/M44_F11_CKDL190143343-1a-D711-AK1544_H7275BBXX_L2_.fastp.decon.merged.fastq.gz
Executing jgi.BBMerge [-Xmx15g, t=1, in1=/scratch/gregg_thomas/Murinae-seq/02-Decon/Mus-pos_ctrl_F/hiseq4000-paired-1/M44_F11_CKDL190143343-1a-D711-AK1544_H7275BBXX_L2_R1_.fastp.decon.fastq.gz, in2=/scratch/gregg_thomas/Murinae-seq/02-Decon/Mus-pos_ctrl_F/hiseq4000-paired-1/M44_F11_CKDL190143343-1a-D711-AK1544_H7275BBXX_L2_R2_.fastp.decon.fastq.gz, verystrict=t, rem, k=40, extend2=40, ecct, outu1=/scratch/gregg_thomas/Murinae-seq/03A-Merged/Mus-pos_ctrl_F/hiseq4000-paired-1/M44_F11_CKDL190143343-1a-D711-AK1544_H7275BBXX_L2_R1_.fastp.decon.unmerged.fastq.gz, outu2=/scratch/gregg_thomas/Murinae-seq/03A-Merged/Mus-pos_ctrl_F/hiseq4000-paired-1/M44_F11_CKDL190143343-1a-D711-AK1544_H7275BBXX_L2_R2_.fastp.decon.unmerged.fastq.gz, out=/scratch/gregg_thomas/Murinae-seq/03A-Merged/Mus-pos_ctrl_F/hiseq4000-paired-1/M44_F11_CKDL190143343-1a-D711-AK1544_H7275BBXX_L2_.fastp.decon.merged.fastq.gz]
Version 38.73

Revised arguments: [maxbad=4, margin=3, minqo=8, qualiters=2, ratiomode=t, flatmode=f, minentropy=52, minoverlap=12, minoverlap0=4, maxratio=0.05, ratiomargin=12, ratiooffset=0.5, ratiominoverlapreduction=4, efilter=2, pfilter=0.008, minsecondratio=0.16, minapproxoverlap=22, t=1, in1=/scratch/gregg_thomas/Murinae-seq/02-Decon/Mus-pos_ctrl_F/hiseq4000-paired-1/M44_F11_CKDL190143343-1a-D711-AK1544_H7275BBXX_L2_R1_.fastp.decon.fastq.gz, in2=/scratch/gregg_thomas/Murinae-seq/02-Decon/Mus-pos_ctrl_F/hiseq4000-paired-1/M44_F11_CKDL190143343-1a-D711-AK1544_H7275BBXX_L2_R2_.fastp.decon.fastq.gz, rem, k=40, extend2=40, ecct, outu1=/scratch/gregg_thomas/Murinae-seq/03A-Merged/Mus-pos_ctrl_F/hiseq4000-paired-1/M44_F11_CKDL190143343-1a-D711-AK1544_H7275BBXX_L2_R1_.fastp.decon.unmerged.fastq.gz, outu2=/scratch/gregg_thomas/Murinae-seq/03A-Merged/Mus-pos_ctrl_F/hiseq4000-paired-1/M44_F11_CKDL190143343-1a-D711-AK1544_H7275BBXX_L2_R2_.fastp.decon.unmerged.fastq.gz, out=/scratch/gregg_thomas/Murinae-seq/03A-Merged/Mus-pos_ctrl_F/hiseq4000-paired-1/M44_F11_CKDL190143343-1a-D711-AK1544_H7275BBXX_L2_.fastp.decon.merged.fastq.gz]

Set threads to 1
Executing assemble.Tadpole2 [in=/scratch/gregg_thomas/Murinae-seq/02-Decon/Mus-pos_ctrl_F/hiseq4000-paired-1/M44_F11_CKDL190143343-1a-D711-AK1544_H7275BBXX_L2_R1_.fastp.decon.fastq.gz, in2=/scratch/gregg_thomas/Murinae-seq/02-Decon/Mus-pos_ctrl_F/hiseq4000-paired-1/M44_F11_CKDL190143343-1a-D711-AK1544_H7275BBXX_L2_R2_.fastp.decon.fastq.gz, branchlower=3, branchmult1=20.0, branchmult2=3.0, mincountseed=3, mincountextend=2, minprob=0.5, k=40, prealloc=false, prefilter=0, ecctail=false, eccpincer=false, eccreassemble=true]
Version 38.73

Using 1 threads.
Executing ukmer.KmerTableSetU [in=/scratch/gregg_thomas/Murinae-seq/02-Decon/Mus-pos_ctrl_F/hiseq4000-paired-1/M44_F11_CKDL190143343-1a-D711-AK1544_H7275BBXX_L2_R1_.fastp.decon.fastq.gz, in2=/scratch/gregg_thomas/Murinae-seq/02-Decon/Mus-pos_ctrl_F/hiseq4000-paired-1/M44_F11_CKDL190143343-1a-D711-AK1544_H7275BBXX_L2_R2_.fastp.decon.fastq.gz, branchlower=3, branchmult1=20.0, branchmult2=3.0, mincountseed=3, mincountextend=2, minprob=0.5, k=40, prealloc=false, prefilter=0, ecctail=false, eccpincer=false, eccreassemble=true]

Initial:
Ways=31, initialSize=128000, prefilter=f, prealloc=f
Memory: max=15435m, total=15435m, free=15112m, used=323m

Estimated kmer capacity: 	356759827
After table allocation:
Memory: max=15435m, total=15435m, free=15032m, used=403m

After loading:
Memory: max=15435m, total=15435m, free=5955m, used=9480m

Input:                      	4088324 reads 		599021059 bases.
Unique Kmers:               	133621069
Load Time:                  	228.868 seconds.

Writing mergable reads merged.
Started output threads.
Total time: 641.145 seconds.

Pairs:               	2044162
Joined:              	855026   	41.828%
Ambiguous:           	1188082   	58.121%
No Solution:         	1054       	0.052%
Too Short:           	0       	0.000%
Fully Extended:      	1860178   	44.997%
Partly Extended:     	804250   	19.454%
Not Extended:        	1469616   	35.549%

Avg Insert:          	218.6
Standard Deviation:  	74.0
Mode:                	251

Insert range:        	35 - 369
90th percentile:     	319
75th percentile:     	276
50th percentile:     	220
25th percentile:     	160
10th percentile:     	118
