java -ea -Xmx15g -Xms15g -Djava.library.path=/home/gregg_thomas/bin/bbmap/jni/ -cp /home/gregg_thomas/bin/bbmap/current/ jgi.BBMerge -Xmx15g t=1 in1=/scratch/gregg_thomas/Murinae-seq/02-Decon/Niviventer-lepturus/nextseq-paired-2/JAE4746_S33_L001_R1_001.fastp.decon.fastq.gz in2=/scratch/gregg_thomas/Murinae-seq/02-Decon/Niviventer-lepturus/nextseq-paired-2/JAE4746_S33_L001_R2_001.fastp.decon.fastq.gz verystrict=t rem k=40 extend2=40 ecct outu1=/scratch/gregg_thomas/Murinae-seq/03A-Merged/Niviventer-lepturus/nextseq-paired-2/JAE4746_S33_L001_R1_001.fastp.decon.unmerged.fastq.gz outu2=/scratch/gregg_thomas/Murinae-seq/03A-Merged/Niviventer-lepturus/nextseq-paired-2/JAE4746_S33_L001_R2_001.fastp.decon.unmerged.fastq.gz out=/scratch/gregg_thomas/Murinae-seq/03A-Merged/Niviventer-lepturus/nextseq-paired-2/JAE4746_S33_L001_001.fastp.decon.merged.fastq.gz
Executing jgi.BBMerge [-Xmx15g, t=1, in1=/scratch/gregg_thomas/Murinae-seq/02-Decon/Niviventer-lepturus/nextseq-paired-2/JAE4746_S33_L001_R1_001.fastp.decon.fastq.gz, in2=/scratch/gregg_thomas/Murinae-seq/02-Decon/Niviventer-lepturus/nextseq-paired-2/JAE4746_S33_L001_R2_001.fastp.decon.fastq.gz, verystrict=t, rem, k=40, extend2=40, ecct, outu1=/scratch/gregg_thomas/Murinae-seq/03A-Merged/Niviventer-lepturus/nextseq-paired-2/JAE4746_S33_L001_R1_001.fastp.decon.unmerged.fastq.gz, outu2=/scratch/gregg_thomas/Murinae-seq/03A-Merged/Niviventer-lepturus/nextseq-paired-2/JAE4746_S33_L001_R2_001.fastp.decon.unmerged.fastq.gz, out=/scratch/gregg_thomas/Murinae-seq/03A-Merged/Niviventer-lepturus/nextseq-paired-2/JAE4746_S33_L001_001.fastp.decon.merged.fastq.gz]
Version 38.73

Revised arguments: [maxbad=4, margin=3, minqo=8, qualiters=2, ratiomode=t, flatmode=f, minentropy=52, minoverlap=12, minoverlap0=4, maxratio=0.05, ratiomargin=12, ratiooffset=0.5, ratiominoverlapreduction=4, efilter=2, pfilter=0.008, minsecondratio=0.16, minapproxoverlap=22, t=1, in1=/scratch/gregg_thomas/Murinae-seq/02-Decon/Niviventer-lepturus/nextseq-paired-2/JAE4746_S33_L001_R1_001.fastp.decon.fastq.gz, in2=/scratch/gregg_thomas/Murinae-seq/02-Decon/Niviventer-lepturus/nextseq-paired-2/JAE4746_S33_L001_R2_001.fastp.decon.fastq.gz, rem, k=40, extend2=40, ecct, outu1=/scratch/gregg_thomas/Murinae-seq/03A-Merged/Niviventer-lepturus/nextseq-paired-2/JAE4746_S33_L001_R1_001.fastp.decon.unmerged.fastq.gz, outu2=/scratch/gregg_thomas/Murinae-seq/03A-Merged/Niviventer-lepturus/nextseq-paired-2/JAE4746_S33_L001_R2_001.fastp.decon.unmerged.fastq.gz, out=/scratch/gregg_thomas/Murinae-seq/03A-Merged/Niviventer-lepturus/nextseq-paired-2/JAE4746_S33_L001_001.fastp.decon.merged.fastq.gz]

Set threads to 1
Executing assemble.Tadpole2 [in=/scratch/gregg_thomas/Murinae-seq/02-Decon/Niviventer-lepturus/nextseq-paired-2/JAE4746_S33_L001_R1_001.fastp.decon.fastq.gz, in2=/scratch/gregg_thomas/Murinae-seq/02-Decon/Niviventer-lepturus/nextseq-paired-2/JAE4746_S33_L001_R2_001.fastp.decon.fastq.gz, branchlower=3, branchmult1=20.0, branchmult2=3.0, mincountseed=3, mincountextend=2, minprob=0.5, k=40, prealloc=false, prefilter=0, ecctail=false, eccpincer=false, eccreassemble=true]
Version 38.73

Using 1 threads.
Executing ukmer.KmerTableSetU [in=/scratch/gregg_thomas/Murinae-seq/02-Decon/Niviventer-lepturus/nextseq-paired-2/JAE4746_S33_L001_R1_001.fastp.decon.fastq.gz, in2=/scratch/gregg_thomas/Murinae-seq/02-Decon/Niviventer-lepturus/nextseq-paired-2/JAE4746_S33_L001_R2_001.fastp.decon.fastq.gz, branchlower=3, branchmult1=20.0, branchmult2=3.0, mincountseed=3, mincountextend=2, minprob=0.5, k=40, prealloc=false, prefilter=0, ecctail=false, eccpincer=false, eccreassemble=true]

Initial:
Ways=31, initialSize=128000, prefilter=f, prealloc=f
Memory: max=15435m, total=15435m, free=15032m, used=403m

Estimated kmer capacity: 	356759827
After table allocation:
Memory: max=15435m, total=15435m, free=14951m, used=484m

After loading:
Memory: max=15435m, total=15435m, free=6591m, used=8844m

Input:                      	5075836 reads 		383020211 bases.
Unique Kmers:               	91514333
Load Time:                  	122.995 seconds.

Writing mergable reads merged.
Started output threads.
Total time: 408.960 seconds.

Pairs:               	2537918
Joined:              	680873   	26.828%
Ambiguous:           	1857040   	73.172%
No Solution:         	5       	0.000%
Too Short:           	0       	0.000%
Fully Extended:      	1686645   	33.160%
Partly Extended:     	926889   	18.223%
Not Extended:        	2472908   	48.618%

Avg Insert:          	150.3
Standard Deviation:  	31.4
Mode:                	132

Insert range:        	35 - 221
90th percentile:     	195
75th percentile:     	174
50th percentile:     	148
25th percentile:     	126
10th percentile:     	111
