java -ea -Xmx20g -Xms20g -Djava.library.path=/home/gregg_thomas/bin/bbmap/jni/ -cp /home/gregg_thomas/bin/bbmap/current/ jgi.BBMerge -Xmx20g t=1 in1=/scratch/gregg_thomas/Murinae-seq/02-Decon/Notomys-amplus/seq-run-1/53926_HTVLKBCX2_TTGGATC_S14_L001_R1_001.fastp.decon.fastq.gz in2=/scratch/gregg_thomas/Murinae-seq/02-Decon/Notomys-amplus/seq-run-1/53926_HTVLKBCX2_TTGGATC_S14_L001_R2_001.fastp.decon.fastq.gz verystrict=t rem k=40 extend2=40 ecct outu1=/scratch/gregg_thomas/Murinae-seq/03A-Merged/Notomys-amplus/seq-run-1/53926_HTVLKBCX2_TTGGATC_S14_L001_R1_001.fastp.decon.unmerged.fastq.gz outu2=/scratch/gregg_thomas/Murinae-seq/03A-Merged/Notomys-amplus/seq-run-1/53926_HTVLKBCX2_TTGGATC_S14_L001_R2_001.fastp.decon.unmerged.fastq.gz out=/scratch/gregg_thomas/Murinae-seq/03A-Merged/Notomys-amplus/seq-run-1/53926_HTVLKBCX2_TTGGATC_S14_L001_001.fastp.decon.merged.fastq.gz
Executing jgi.BBMerge [-Xmx20g, t=1, in1=/scratch/gregg_thomas/Murinae-seq/02-Decon/Notomys-amplus/seq-run-1/53926_HTVLKBCX2_TTGGATC_S14_L001_R1_001.fastp.decon.fastq.gz, in2=/scratch/gregg_thomas/Murinae-seq/02-Decon/Notomys-amplus/seq-run-1/53926_HTVLKBCX2_TTGGATC_S14_L001_R2_001.fastp.decon.fastq.gz, verystrict=t, rem, k=40, extend2=40, ecct, outu1=/scratch/gregg_thomas/Murinae-seq/03A-Merged/Notomys-amplus/seq-run-1/53926_HTVLKBCX2_TTGGATC_S14_L001_R1_001.fastp.decon.unmerged.fastq.gz, outu2=/scratch/gregg_thomas/Murinae-seq/03A-Merged/Notomys-amplus/seq-run-1/53926_HTVLKBCX2_TTGGATC_S14_L001_R2_001.fastp.decon.unmerged.fastq.gz, out=/scratch/gregg_thomas/Murinae-seq/03A-Merged/Notomys-amplus/seq-run-1/53926_HTVLKBCX2_TTGGATC_S14_L001_001.fastp.decon.merged.fastq.gz]
Version 38.73

Revised arguments: [maxbad=4, margin=3, minqo=8, qualiters=2, ratiomode=t, flatmode=f, minentropy=52, minoverlap=12, minoverlap0=4, maxratio=0.05, ratiomargin=12, ratiooffset=0.5, ratiominoverlapreduction=4, efilter=2, pfilter=0.008, minsecondratio=0.16, minapproxoverlap=22, t=1, in1=/scratch/gregg_thomas/Murinae-seq/02-Decon/Notomys-amplus/seq-run-1/53926_HTVLKBCX2_TTGGATC_S14_L001_R1_001.fastp.decon.fastq.gz, in2=/scratch/gregg_thomas/Murinae-seq/02-Decon/Notomys-amplus/seq-run-1/53926_HTVLKBCX2_TTGGATC_S14_L001_R2_001.fastp.decon.fastq.gz, rem, k=40, extend2=40, ecct, outu1=/scratch/gregg_thomas/Murinae-seq/03A-Merged/Notomys-amplus/seq-run-1/53926_HTVLKBCX2_TTGGATC_S14_L001_R1_001.fastp.decon.unmerged.fastq.gz, outu2=/scratch/gregg_thomas/Murinae-seq/03A-Merged/Notomys-amplus/seq-run-1/53926_HTVLKBCX2_TTGGATC_S14_L001_R2_001.fastp.decon.unmerged.fastq.gz, out=/scratch/gregg_thomas/Murinae-seq/03A-Merged/Notomys-amplus/seq-run-1/53926_HTVLKBCX2_TTGGATC_S14_L001_001.fastp.decon.merged.fastq.gz]

Set threads to 1
Executing assemble.Tadpole2 [in=/scratch/gregg_thomas/Murinae-seq/02-Decon/Notomys-amplus/seq-run-1/53926_HTVLKBCX2_TTGGATC_S14_L001_R1_001.fastp.decon.fastq.gz, in2=/scratch/gregg_thomas/Murinae-seq/02-Decon/Notomys-amplus/seq-run-1/53926_HTVLKBCX2_TTGGATC_S14_L001_R2_001.fastp.decon.fastq.gz, branchlower=3, branchmult1=20.0, branchmult2=3.0, mincountseed=3, mincountextend=2, minprob=0.5, k=40, prealloc=false, prefilter=0, ecctail=false, eccpincer=false, eccreassemble=true]
Version 38.73

Using 1 threads.
Executing ukmer.KmerTableSetU [in=/scratch/gregg_thomas/Murinae-seq/02-Decon/Notomys-amplus/seq-run-1/53926_HTVLKBCX2_TTGGATC_S14_L001_R1_001.fastp.decon.fastq.gz, in2=/scratch/gregg_thomas/Murinae-seq/02-Decon/Notomys-amplus/seq-run-1/53926_HTVLKBCX2_TTGGATC_S14_L001_R2_001.fastp.decon.fastq.gz, branchlower=3, branchmult1=20.0, branchmult2=3.0, mincountseed=3, mincountextend=2, minprob=0.5, k=40, prealloc=false, prefilter=0, ecctail=false, eccpincer=false, eccreassemble=true]

Initial:
Ways=31, initialSize=128000, prefilter=f, prealloc=f
Memory: max=20580m, total=20580m, free=20043m, used=537m

Estimated kmer capacity: 	476432165
After table allocation:
Memory: max=20580m, total=20580m, free=19936m, used=644m

After loading:
Memory: max=20580m, total=20580m, free=8169m, used=12411m

Input:                      	33458150 reads 		2977098827 bases.
Unique Kmers:               	474549945
Load Time:                  	1355.790 seconds.

Writing mergable reads merged.
Started output threads.
Total time: 4631.198 seconds.

Pairs:               	16729075
Joined:              	12577767   	75.185%
Ambiguous:           	4131139   	24.694%
No Solution:         	20169   	0.121%
Too Short:           	0       	0.000%
Fully Extended:      	11493315   	32.604%
Partly Extended:     	9872417   	28.006%
Not Extended:        	13884970   	39.389%

Avg Insert:          	97.4
Standard Deviation:  	26.3
Mode:                	93

Insert range:        	35 - 271
90th percentile:     	131
75th percentile:     	113
50th percentile:     	95
25th percentile:     	80
10th percentile:     	66
