java -ea -Xmx15g -Xms15g -Djava.library.path=/home/gregg_thomas/bin/bbmap/jni/ -cp /home/gregg_thomas/bin/bbmap/current/ jgi.BBMerge -Xmx15g t=1 in1=/scratch/gregg_thomas/Murinae-seq/02-Decon/Pseudomys-desertor/seq-run-2/52925_AH7T7NBCX2_GTCCGGC_S8_L001_R1_001.fastp.decon.fastq.gz in2=/scratch/gregg_thomas/Murinae-seq/02-Decon/Pseudomys-desertor/seq-run-2/52925_AH7T7NBCX2_GTCCGGC_S8_L001_R2_001.fastp.decon.fastq.gz verystrict=t rem k=40 extend2=40 ecct outu1=/scratch/gregg_thomas/Murinae-seq/03A-Merged/Pseudomys-desertor/seq-run-2/52925_AH7T7NBCX2_GTCCGGC_S8_L001_R1_001.fastp.decon.unmerged.fastq.gz outu2=/scratch/gregg_thomas/Murinae-seq/03A-Merged/Pseudomys-desertor/seq-run-2/52925_AH7T7NBCX2_GTCCGGC_S8_L001_R2_001.fastp.decon.unmerged.fastq.gz out=/scratch/gregg_thomas/Murinae-seq/03A-Merged/Pseudomys-desertor/seq-run-2/52925_AH7T7NBCX2_GTCCGGC_S8_L001_001.fastp.decon.merged.fastq.gz
Executing jgi.BBMerge [-Xmx15g, t=1, in1=/scratch/gregg_thomas/Murinae-seq/02-Decon/Pseudomys-desertor/seq-run-2/52925_AH7T7NBCX2_GTCCGGC_S8_L001_R1_001.fastp.decon.fastq.gz, in2=/scratch/gregg_thomas/Murinae-seq/02-Decon/Pseudomys-desertor/seq-run-2/52925_AH7T7NBCX2_GTCCGGC_S8_L001_R2_001.fastp.decon.fastq.gz, verystrict=t, rem, k=40, extend2=40, ecct, outu1=/scratch/gregg_thomas/Murinae-seq/03A-Merged/Pseudomys-desertor/seq-run-2/52925_AH7T7NBCX2_GTCCGGC_S8_L001_R1_001.fastp.decon.unmerged.fastq.gz, outu2=/scratch/gregg_thomas/Murinae-seq/03A-Merged/Pseudomys-desertor/seq-run-2/52925_AH7T7NBCX2_GTCCGGC_S8_L001_R2_001.fastp.decon.unmerged.fastq.gz, out=/scratch/gregg_thomas/Murinae-seq/03A-Merged/Pseudomys-desertor/seq-run-2/52925_AH7T7NBCX2_GTCCGGC_S8_L001_001.fastp.decon.merged.fastq.gz]
Version 38.73

Revised arguments: [maxbad=4, margin=3, minqo=8, qualiters=2, ratiomode=t, flatmode=f, minentropy=52, minoverlap=12, minoverlap0=4, maxratio=0.05, ratiomargin=12, ratiooffset=0.5, ratiominoverlapreduction=4, efilter=2, pfilter=0.008, minsecondratio=0.16, minapproxoverlap=22, t=1, in1=/scratch/gregg_thomas/Murinae-seq/02-Decon/Pseudomys-desertor/seq-run-2/52925_AH7T7NBCX2_GTCCGGC_S8_L001_R1_001.fastp.decon.fastq.gz, in2=/scratch/gregg_thomas/Murinae-seq/02-Decon/Pseudomys-desertor/seq-run-2/52925_AH7T7NBCX2_GTCCGGC_S8_L001_R2_001.fastp.decon.fastq.gz, rem, k=40, extend2=40, ecct, outu1=/scratch/gregg_thomas/Murinae-seq/03A-Merged/Pseudomys-desertor/seq-run-2/52925_AH7T7NBCX2_GTCCGGC_S8_L001_R1_001.fastp.decon.unmerged.fastq.gz, outu2=/scratch/gregg_thomas/Murinae-seq/03A-Merged/Pseudomys-desertor/seq-run-2/52925_AH7T7NBCX2_GTCCGGC_S8_L001_R2_001.fastp.decon.unmerged.fastq.gz, out=/scratch/gregg_thomas/Murinae-seq/03A-Merged/Pseudomys-desertor/seq-run-2/52925_AH7T7NBCX2_GTCCGGC_S8_L001_001.fastp.decon.merged.fastq.gz]

Set threads to 1
Executing assemble.Tadpole2 [in=/scratch/gregg_thomas/Murinae-seq/02-Decon/Pseudomys-desertor/seq-run-2/52925_AH7T7NBCX2_GTCCGGC_S8_L001_R1_001.fastp.decon.fastq.gz, in2=/scratch/gregg_thomas/Murinae-seq/02-Decon/Pseudomys-desertor/seq-run-2/52925_AH7T7NBCX2_GTCCGGC_S8_L001_R2_001.fastp.decon.fastq.gz, branchlower=3, branchmult1=20.0, branchmult2=3.0, mincountseed=3, mincountextend=2, minprob=0.5, k=40, prealloc=false, prefilter=0, ecctail=false, eccpincer=false, eccreassemble=true]
Version 38.73

Using 1 threads.
Executing ukmer.KmerTableSetU [in=/scratch/gregg_thomas/Murinae-seq/02-Decon/Pseudomys-desertor/seq-run-2/52925_AH7T7NBCX2_GTCCGGC_S8_L001_R1_001.fastp.decon.fastq.gz, in2=/scratch/gregg_thomas/Murinae-seq/02-Decon/Pseudomys-desertor/seq-run-2/52925_AH7T7NBCX2_GTCCGGC_S8_L001_R2_001.fastp.decon.fastq.gz, branchlower=3, branchmult1=20.0, branchmult2=3.0, mincountseed=3, mincountextend=2, minprob=0.5, k=40, prealloc=false, prefilter=0, ecctail=false, eccpincer=false, eccreassemble=true]

Initial:
Ways=31, initialSize=128000, prefilter=f, prealloc=f
Memory: max=15435m, total=15435m, free=15112m, used=323m

Estimated kmer capacity: 	356759827
After table allocation:
Memory: max=15435m, total=15435m, free=15032m, used=403m

After loading:
Memory: max=15435m, total=15435m, free=5855m, used=9580m

Input:                      	11907822 reads 		1198839716 bases.
Unique Kmers:               	211177668
Load Time:                  	750.730 seconds.

Writing mergable reads merged.
Started output threads.
Total time: 2398.121 seconds.

Pairs:               	5953911
Joined:              	4204792   	70.622%
Ambiguous:           	1748784   	29.372%
No Solution:         	335       	0.006%
Too Short:           	0       	0.000%
Fully Extended:      	7193799   	59.374%
Partly Extended:     	2010720   	16.595%
Not Extended:        	2911641   	24.031%

Avg Insert:          	168.4
Standard Deviation:  	38.9
Mode:                	164

Insert range:        	35 - 271
90th percentile:     	223
75th percentile:     	193
50th percentile:     	166
25th percentile:     	141
10th percentile:     	120
