java -ea -Xmx30g -Xms30g -Djava.library.path=/home/gregg_thomas/bin/bbmap/jni/ -cp /home/gregg_thomas/bin/bbmap/current/ jgi.BBMerge -Xmx30g t=1 in1=/scratch/gregg_thomas/Murinae-seq/02-Decon/Pseudohydromys-ellermani/hiseq4000-paired-1/SM073_CKDL190143343-1a-D708-AK1682_H7275BBXX_L2_R1_.fastp.decon.fastq.gz in2=/scratch/gregg_thomas/Murinae-seq/02-Decon/Pseudohydromys-ellermani/hiseq4000-paired-1/SM073_CKDL190143343-1a-D708-AK1682_H7275BBXX_L2_R2_.fastp.decon.fastq.gz verystrict=t rem k=40 extend2=40 ecct outu1=/scratch/gregg_thomas/Murinae-seq/03A-Merged/Pseudohydromys-ellermani/hiseq4000-paired-1/SM073_CKDL190143343-1a-D708-AK1682_H7275BBXX_L2_R1_.fastp.decon.unmerged.fastq.gz outu2=/scratch/gregg_thomas/Murinae-seq/03A-Merged/Pseudohydromys-ellermani/hiseq4000-paired-1/SM073_CKDL190143343-1a-D708-AK1682_H7275BBXX_L2_R2_.fastp.decon.unmerged.fastq.gz out=/scratch/gregg_thomas/Murinae-seq/03A-Merged/Pseudohydromys-ellermani/hiseq4000-paired-1/SM073_CKDL190143343-1a-D708-AK1682_H7275BBXX_L2_.fastp.decon.merged.fastq.gz
Executing jgi.BBMerge [-Xmx30g, t=1, in1=/scratch/gregg_thomas/Murinae-seq/02-Decon/Pseudohydromys-ellermani/hiseq4000-paired-1/SM073_CKDL190143343-1a-D708-AK1682_H7275BBXX_L2_R1_.fastp.decon.fastq.gz, in2=/scratch/gregg_thomas/Murinae-seq/02-Decon/Pseudohydromys-ellermani/hiseq4000-paired-1/SM073_CKDL190143343-1a-D708-AK1682_H7275BBXX_L2_R2_.fastp.decon.fastq.gz, verystrict=t, rem, k=40, extend2=40, ecct, outu1=/scratch/gregg_thomas/Murinae-seq/03A-Merged/Pseudohydromys-ellermani/hiseq4000-paired-1/SM073_CKDL190143343-1a-D708-AK1682_H7275BBXX_L2_R1_.fastp.decon.unmerged.fastq.gz, outu2=/scratch/gregg_thomas/Murinae-seq/03A-Merged/Pseudohydromys-ellermani/hiseq4000-paired-1/SM073_CKDL190143343-1a-D708-AK1682_H7275BBXX_L2_R2_.fastp.decon.unmerged.fastq.gz, out=/scratch/gregg_thomas/Murinae-seq/03A-Merged/Pseudohydromys-ellermani/hiseq4000-paired-1/SM073_CKDL190143343-1a-D708-AK1682_H7275BBXX_L2_.fastp.decon.merged.fastq.gz]
Version 38.73

Revised arguments: [maxbad=4, margin=3, minqo=8, qualiters=2, ratiomode=t, flatmode=f, minentropy=52, minoverlap=12, minoverlap0=4, maxratio=0.05, ratiomargin=12, ratiooffset=0.5, ratiominoverlapreduction=4, efilter=2, pfilter=0.008, minsecondratio=0.16, minapproxoverlap=22, t=1, in1=/scratch/gregg_thomas/Murinae-seq/02-Decon/Pseudohydromys-ellermani/hiseq4000-paired-1/SM073_CKDL190143343-1a-D708-AK1682_H7275BBXX_L2_R1_.fastp.decon.fastq.gz, in2=/scratch/gregg_thomas/Murinae-seq/02-Decon/Pseudohydromys-ellermani/hiseq4000-paired-1/SM073_CKDL190143343-1a-D708-AK1682_H7275BBXX_L2_R2_.fastp.decon.fastq.gz, rem, k=40, extend2=40, ecct, outu1=/scratch/gregg_thomas/Murinae-seq/03A-Merged/Pseudohydromys-ellermani/hiseq4000-paired-1/SM073_CKDL190143343-1a-D708-AK1682_H7275BBXX_L2_R1_.fastp.decon.unmerged.fastq.gz, outu2=/scratch/gregg_thomas/Murinae-seq/03A-Merged/Pseudohydromys-ellermani/hiseq4000-paired-1/SM073_CKDL190143343-1a-D708-AK1682_H7275BBXX_L2_R2_.fastp.decon.unmerged.fastq.gz, out=/scratch/gregg_thomas/Murinae-seq/03A-Merged/Pseudohydromys-ellermani/hiseq4000-paired-1/SM073_CKDL190143343-1a-D708-AK1682_H7275BBXX_L2_.fastp.decon.merged.fastq.gz]

Set threads to 1
Executing assemble.Tadpole2 [in=/scratch/gregg_thomas/Murinae-seq/02-Decon/Pseudohydromys-ellermani/hiseq4000-paired-1/SM073_CKDL190143343-1a-D708-AK1682_H7275BBXX_L2_R1_.fastp.decon.fastq.gz, in2=/scratch/gregg_thomas/Murinae-seq/02-Decon/Pseudohydromys-ellermani/hiseq4000-paired-1/SM073_CKDL190143343-1a-D708-AK1682_H7275BBXX_L2_R2_.fastp.decon.fastq.gz, branchlower=3, branchmult1=20.0, branchmult2=3.0, mincountseed=3, mincountextend=2, minprob=0.5, k=40, prealloc=false, prefilter=0, ecctail=false, eccpincer=false, eccreassemble=true]
Version 38.73

Using 1 threads.
Executing ukmer.KmerTableSetU [in=/scratch/gregg_thomas/Murinae-seq/02-Decon/Pseudohydromys-ellermani/hiseq4000-paired-1/SM073_CKDL190143343-1a-D708-AK1682_H7275BBXX_L2_R1_.fastp.decon.fastq.gz, in2=/scratch/gregg_thomas/Murinae-seq/02-Decon/Pseudohydromys-ellermani/hiseq4000-paired-1/SM073_CKDL190143343-1a-D708-AK1682_H7275BBXX_L2_R2_.fastp.decon.fastq.gz, branchlower=3, branchmult1=20.0, branchmult2=3.0, mincountseed=3, mincountextend=2, minprob=0.5, k=40, prealloc=false, prefilter=0, ecctail=false, eccpincer=false, eccreassemble=true]

Initial:
Ways=31, initialSize=128000, prefilter=f, prealloc=f
Memory: max=30870m, total=30870m, free=29903m, used=967m

Estimated kmer capacity: 	715752451
After table allocation:
Memory: max=30870m, total=30870m, free=29581m, used=1289m

After loading:
Memory: max=30870m, total=30870m, free=13791m, used=17079m

Input:                      	39150198 reads 		5784046461 bases.
Unique Kmers:               	539582770
Load Time:                  	2501.887 seconds.

Writing mergable reads merged.
Started output threads.
Total time: 7822.309 seconds.

Pairs:               	19575099
Joined:              	14197411   	72.528%
Ambiguous:           	5361741   	27.391%
No Solution:         	15947   	0.081%
Too Short:           	0       	0.000%
Fully Extended:      	28656287   	71.832%
Partly Extended:     	6214092   	15.577%
Not Extended:        	5023023   	12.591%

Avg Insert:          	237.4
Standard Deviation:  	67.3
Mode:                	233

Insert range:        	35 - 369
90th percentile:     	329
75th percentile:     	291
50th percentile:     	238
25th percentile:     	185
10th percentile:     	148
