java -ea -Xmx30g -Xms30g -Djava.library.path=/home/gregg_thomas/bin/bbmap/jni/ -cp /home/gregg_thomas/bin/bbmap/current/ jgi.BBMerge -Xmx30g t=1 in1=/scratch/gregg_thomas/Murinae-seq/02-Decon/Rattus-argentiventer/hiseq4000-paired-1/SM042_CKDL190143344-1a-D708-AK1680_H7275BBXX_L3_R1_.fastp.decon.fastq.gz in2=/scratch/gregg_thomas/Murinae-seq/02-Decon/Rattus-argentiventer/hiseq4000-paired-1/SM042_CKDL190143344-1a-D708-AK1680_H7275BBXX_L3_R2_.fastp.decon.fastq.gz verystrict=t rem k=40 extend2=40 ecct outu1=/scratch/gregg_thomas/Murinae-seq/03A-Merged/Rattus-argentiventer/hiseq4000-paired-1/SM042_CKDL190143344-1a-D708-AK1680_H7275BBXX_L3_R1_.fastp.decon.unmerged.fastq.gz outu2=/scratch/gregg_thomas/Murinae-seq/03A-Merged/Rattus-argentiventer/hiseq4000-paired-1/SM042_CKDL190143344-1a-D708-AK1680_H7275BBXX_L3_R2_.fastp.decon.unmerged.fastq.gz out=/scratch/gregg_thomas/Murinae-seq/03A-Merged/Rattus-argentiventer/hiseq4000-paired-1/SM042_CKDL190143344-1a-D708-AK1680_H7275BBXX_L3_.fastp.decon.merged.fastq.gz
Executing jgi.BBMerge [-Xmx30g, t=1, in1=/scratch/gregg_thomas/Murinae-seq/02-Decon/Rattus-argentiventer/hiseq4000-paired-1/SM042_CKDL190143344-1a-D708-AK1680_H7275BBXX_L3_R1_.fastp.decon.fastq.gz, in2=/scratch/gregg_thomas/Murinae-seq/02-Decon/Rattus-argentiventer/hiseq4000-paired-1/SM042_CKDL190143344-1a-D708-AK1680_H7275BBXX_L3_R2_.fastp.decon.fastq.gz, verystrict=t, rem, k=40, extend2=40, ecct, outu1=/scratch/gregg_thomas/Murinae-seq/03A-Merged/Rattus-argentiventer/hiseq4000-paired-1/SM042_CKDL190143344-1a-D708-AK1680_H7275BBXX_L3_R1_.fastp.decon.unmerged.fastq.gz, outu2=/scratch/gregg_thomas/Murinae-seq/03A-Merged/Rattus-argentiventer/hiseq4000-paired-1/SM042_CKDL190143344-1a-D708-AK1680_H7275BBXX_L3_R2_.fastp.decon.unmerged.fastq.gz, out=/scratch/gregg_thomas/Murinae-seq/03A-Merged/Rattus-argentiventer/hiseq4000-paired-1/SM042_CKDL190143344-1a-D708-AK1680_H7275BBXX_L3_.fastp.decon.merged.fastq.gz]
Version 38.73

Revised arguments: [maxbad=4, margin=3, minqo=8, qualiters=2, ratiomode=t, flatmode=f, minentropy=52, minoverlap=12, minoverlap0=4, maxratio=0.05, ratiomargin=12, ratiooffset=0.5, ratiominoverlapreduction=4, efilter=2, pfilter=0.008, minsecondratio=0.16, minapproxoverlap=22, t=1, in1=/scratch/gregg_thomas/Murinae-seq/02-Decon/Rattus-argentiventer/hiseq4000-paired-1/SM042_CKDL190143344-1a-D708-AK1680_H7275BBXX_L3_R1_.fastp.decon.fastq.gz, in2=/scratch/gregg_thomas/Murinae-seq/02-Decon/Rattus-argentiventer/hiseq4000-paired-1/SM042_CKDL190143344-1a-D708-AK1680_H7275BBXX_L3_R2_.fastp.decon.fastq.gz, rem, k=40, extend2=40, ecct, outu1=/scratch/gregg_thomas/Murinae-seq/03A-Merged/Rattus-argentiventer/hiseq4000-paired-1/SM042_CKDL190143344-1a-D708-AK1680_H7275BBXX_L3_R1_.fastp.decon.unmerged.fastq.gz, outu2=/scratch/gregg_thomas/Murinae-seq/03A-Merged/Rattus-argentiventer/hiseq4000-paired-1/SM042_CKDL190143344-1a-D708-AK1680_H7275BBXX_L3_R2_.fastp.decon.unmerged.fastq.gz, out=/scratch/gregg_thomas/Murinae-seq/03A-Merged/Rattus-argentiventer/hiseq4000-paired-1/SM042_CKDL190143344-1a-D708-AK1680_H7275BBXX_L3_.fastp.decon.merged.fastq.gz]

Set threads to 1
Executing assemble.Tadpole2 [in=/scratch/gregg_thomas/Murinae-seq/02-Decon/Rattus-argentiventer/hiseq4000-paired-1/SM042_CKDL190143344-1a-D708-AK1680_H7275BBXX_L3_R1_.fastp.decon.fastq.gz, in2=/scratch/gregg_thomas/Murinae-seq/02-Decon/Rattus-argentiventer/hiseq4000-paired-1/SM042_CKDL190143344-1a-D708-AK1680_H7275BBXX_L3_R2_.fastp.decon.fastq.gz, branchlower=3, branchmult1=20.0, branchmult2=3.0, mincountseed=3, mincountextend=2, minprob=0.5, k=40, prealloc=false, prefilter=0, ecctail=false, eccpincer=false, eccreassemble=true]
Version 38.73

Using 1 threads.
Executing ukmer.KmerTableSetU [in=/scratch/gregg_thomas/Murinae-seq/02-Decon/Rattus-argentiventer/hiseq4000-paired-1/SM042_CKDL190143344-1a-D708-AK1680_H7275BBXX_L3_R1_.fastp.decon.fastq.gz, in2=/scratch/gregg_thomas/Murinae-seq/02-Decon/Rattus-argentiventer/hiseq4000-paired-1/SM042_CKDL190143344-1a-D708-AK1680_H7275BBXX_L3_R2_.fastp.decon.fastq.gz, branchlower=3, branchmult1=20.0, branchmult2=3.0, mincountseed=3, mincountextend=2, minprob=0.5, k=40, prealloc=false, prefilter=0, ecctail=false, eccpincer=false, eccreassemble=true]

Initial:
Ways=31, initialSize=128000, prefilter=f, prealloc=f
Memory: max=30870m, total=30870m, free=30225m, used=645m

Estimated kmer capacity: 	715752451
After table allocation:
Memory: max=30870m, total=30870m, free=29903m, used=967m

After loading:
Memory: max=30870m, total=30870m, free=11951m, used=18919m

Input:                      	30897862 reads 		4596309965 bases.
Unique Kmers:               	508133441
Load Time:                  	1686.214 seconds.

Writing mergable reads merged.
Started output threads.
Total time: 5835.422 seconds.

Pairs:               	15448931
Joined:              	11096852   	71.829%
Ambiguous:           	4344461   	28.121%
No Solution:         	7618       	0.049%
Too Short:           	0       	0.000%
Fully Extended:      	21159747   	67.400%
Partly Extended:     	5805764   	18.493%
Not Extended:        	4428607   	14.106%

Avg Insert:          	248.0
Standard Deviation:  	60.4
Mode:                	257

Insert range:        	35 - 369
90th percentile:     	327
75th percentile:     	294
50th percentile:     	251
25th percentile:     	205
10th percentile:     	166
