java -ea -Xmx15g -Xms15g -Djava.library.path=/home/gregg_thomas/bin/bbmap/jni/ -cp /home/gregg_thomas/bin/bbmap/current/ jgi.BBMerge -Xmx15g t=1 in1=/scratch/gregg_thomas/Murinae-seq/02-Decon/Rattus-colletti/seq-run-1/52951_BH7T33BCX2_GCTAATC_S14_L001_R1_001.fastp.decon.fastq.gz in2=/scratch/gregg_thomas/Murinae-seq/02-Decon/Rattus-colletti/seq-run-1/52951_BH7T33BCX2_GCTAATC_S14_L001_R2_001.fastp.decon.fastq.gz verystrict=t rem k=40 extend2=40 ecct outu1=/scratch/gregg_thomas/Murinae-seq/03A-Merged/Rattus-colletti/seq-run-1/52951_BH7T33BCX2_GCTAATC_S14_L001_R1_001.fastp.decon.unmerged.fastq.gz outu2=/scratch/gregg_thomas/Murinae-seq/03A-Merged/Rattus-colletti/seq-run-1/52951_BH7T33BCX2_GCTAATC_S14_L001_R2_001.fastp.decon.unmerged.fastq.gz out=/scratch/gregg_thomas/Murinae-seq/03A-Merged/Rattus-colletti/seq-run-1/52951_BH7T33BCX2_GCTAATC_S14_L001_001.fastp.decon.merged.fastq.gz
Executing jgi.BBMerge [-Xmx15g, t=1, in1=/scratch/gregg_thomas/Murinae-seq/02-Decon/Rattus-colletti/seq-run-1/52951_BH7T33BCX2_GCTAATC_S14_L001_R1_001.fastp.decon.fastq.gz, in2=/scratch/gregg_thomas/Murinae-seq/02-Decon/Rattus-colletti/seq-run-1/52951_BH7T33BCX2_GCTAATC_S14_L001_R2_001.fastp.decon.fastq.gz, verystrict=t, rem, k=40, extend2=40, ecct, outu1=/scratch/gregg_thomas/Murinae-seq/03A-Merged/Rattus-colletti/seq-run-1/52951_BH7T33BCX2_GCTAATC_S14_L001_R1_001.fastp.decon.unmerged.fastq.gz, outu2=/scratch/gregg_thomas/Murinae-seq/03A-Merged/Rattus-colletti/seq-run-1/52951_BH7T33BCX2_GCTAATC_S14_L001_R2_001.fastp.decon.unmerged.fastq.gz, out=/scratch/gregg_thomas/Murinae-seq/03A-Merged/Rattus-colletti/seq-run-1/52951_BH7T33BCX2_GCTAATC_S14_L001_001.fastp.decon.merged.fastq.gz]
Version 38.73

Revised arguments: [maxbad=4, margin=3, minqo=8, qualiters=2, ratiomode=t, flatmode=f, minentropy=52, minoverlap=12, minoverlap0=4, maxratio=0.05, ratiomargin=12, ratiooffset=0.5, ratiominoverlapreduction=4, efilter=2, pfilter=0.008, minsecondratio=0.16, minapproxoverlap=22, t=1, in1=/scratch/gregg_thomas/Murinae-seq/02-Decon/Rattus-colletti/seq-run-1/52951_BH7T33BCX2_GCTAATC_S14_L001_R1_001.fastp.decon.fastq.gz, in2=/scratch/gregg_thomas/Murinae-seq/02-Decon/Rattus-colletti/seq-run-1/52951_BH7T33BCX2_GCTAATC_S14_L001_R2_001.fastp.decon.fastq.gz, rem, k=40, extend2=40, ecct, outu1=/scratch/gregg_thomas/Murinae-seq/03A-Merged/Rattus-colletti/seq-run-1/52951_BH7T33BCX2_GCTAATC_S14_L001_R1_001.fastp.decon.unmerged.fastq.gz, outu2=/scratch/gregg_thomas/Murinae-seq/03A-Merged/Rattus-colletti/seq-run-1/52951_BH7T33BCX2_GCTAATC_S14_L001_R2_001.fastp.decon.unmerged.fastq.gz, out=/scratch/gregg_thomas/Murinae-seq/03A-Merged/Rattus-colletti/seq-run-1/52951_BH7T33BCX2_GCTAATC_S14_L001_001.fastp.decon.merged.fastq.gz]

Set threads to 1
Executing assemble.Tadpole2 [in=/scratch/gregg_thomas/Murinae-seq/02-Decon/Rattus-colletti/seq-run-1/52951_BH7T33BCX2_GCTAATC_S14_L001_R1_001.fastp.decon.fastq.gz, in2=/scratch/gregg_thomas/Murinae-seq/02-Decon/Rattus-colletti/seq-run-1/52951_BH7T33BCX2_GCTAATC_S14_L001_R2_001.fastp.decon.fastq.gz, branchlower=3, branchmult1=20.0, branchmult2=3.0, mincountseed=3, mincountextend=2, minprob=0.5, k=40, prealloc=false, prefilter=0, ecctail=false, eccpincer=false, eccreassemble=true]
Version 38.73

Using 1 threads.
Executing ukmer.KmerTableSetU [in=/scratch/gregg_thomas/Murinae-seq/02-Decon/Rattus-colletti/seq-run-1/52951_BH7T33BCX2_GCTAATC_S14_L001_R1_001.fastp.decon.fastq.gz, in2=/scratch/gregg_thomas/Murinae-seq/02-Decon/Rattus-colletti/seq-run-1/52951_BH7T33BCX2_GCTAATC_S14_L001_R2_001.fastp.decon.fastq.gz, branchlower=3, branchmult1=20.0, branchmult2=3.0, mincountseed=3, mincountextend=2, minprob=0.5, k=40, prealloc=false, prefilter=0, ecctail=false, eccpincer=false, eccreassemble=true]

Initial:
Ways=31, initialSize=128000, prefilter=f, prealloc=f
Memory: max=15435m, total=15435m, free=15112m, used=323m

Estimated kmer capacity: 	356759827
After table allocation:
Memory: max=15435m, total=15435m, free=15032m, used=403m

After loading:
Memory: max=15435m, total=15435m, free=7479m, used=7956m

Input:                      	21937776 reads 		2208914589 bases.
Unique Kmers:               	335069257
Load Time:                  	886.259 seconds.

Writing mergable reads merged.
Started output threads.
Total time: 3146.856 seconds.

Pairs:               	10968888
Joined:              	6814441   	62.125%
Ambiguous:           	4153476   	37.866%
No Solution:         	971       	0.009%
Too Short:           	0       	0.000%
Fully Extended:      	13798158   	61.972%
Partly Extended:     	3518616   	15.803%
Not Extended:        	4948236   	22.224%

Avg Insert:          	179.1
Standard Deviation:  	40.7
Mode:                	163

Insert range:        	35 - 271
90th percentile:     	236
75th percentile:     	208
50th percentile:     	177
25th percentile:     	151
10th percentile:     	128
