java -ea -Xmx15g -Xms15g -Djava.library.path=/home/gregg_thomas/bin/bbmap/jni/ -cp /home/gregg_thomas/bin/bbmap/current/ jgi.BBMerge -Xmx15g t=1 in1=/scratch/gregg_thomas/Murinae-seq/02-Decon/Rattus-hoffmanni/hiseq2500-paired/lane2_CCGATT_R1_001.fastp.decon.fastq.gz in2=/scratch/gregg_thomas/Murinae-seq/02-Decon/Rattus-hoffmanni/hiseq2500-paired/lane2_CCGATT_R2_001.fastp.decon.fastq.gz verystrict=t rem k=40 extend2=40 ecct outu1=/scratch/gregg_thomas/Murinae-seq/03A-Merged/Rattus-hoffmanni/hiseq2500-paired/lane2_CCGATT_R1_001.fastp.decon.unmerged.fastq.gz outu2=/scratch/gregg_thomas/Murinae-seq/03A-Merged/Rattus-hoffmanni/hiseq2500-paired/lane2_CCGATT_R2_001.fastp.decon.unmerged.fastq.gz out=/scratch/gregg_thomas/Murinae-seq/03A-Merged/Rattus-hoffmanni/hiseq2500-paired/lane2_CCGATT_001.fastp.decon.merged.fastq.gz
Executing jgi.BBMerge [-Xmx15g, t=1, in1=/scratch/gregg_thomas/Murinae-seq/02-Decon/Rattus-hoffmanni/hiseq2500-paired/lane2_CCGATT_R1_001.fastp.decon.fastq.gz, in2=/scratch/gregg_thomas/Murinae-seq/02-Decon/Rattus-hoffmanni/hiseq2500-paired/lane2_CCGATT_R2_001.fastp.decon.fastq.gz, verystrict=t, rem, k=40, extend2=40, ecct, outu1=/scratch/gregg_thomas/Murinae-seq/03A-Merged/Rattus-hoffmanni/hiseq2500-paired/lane2_CCGATT_R1_001.fastp.decon.unmerged.fastq.gz, outu2=/scratch/gregg_thomas/Murinae-seq/03A-Merged/Rattus-hoffmanni/hiseq2500-paired/lane2_CCGATT_R2_001.fastp.decon.unmerged.fastq.gz, out=/scratch/gregg_thomas/Murinae-seq/03A-Merged/Rattus-hoffmanni/hiseq2500-paired/lane2_CCGATT_001.fastp.decon.merged.fastq.gz]
Version 38.73

Revised arguments: [maxbad=4, margin=3, minqo=8, qualiters=2, ratiomode=t, flatmode=f, minentropy=52, minoverlap=12, minoverlap0=4, maxratio=0.05, ratiomargin=12, ratiooffset=0.5, ratiominoverlapreduction=4, efilter=2, pfilter=0.008, minsecondratio=0.16, minapproxoverlap=22, t=1, in1=/scratch/gregg_thomas/Murinae-seq/02-Decon/Rattus-hoffmanni/hiseq2500-paired/lane2_CCGATT_R1_001.fastp.decon.fastq.gz, in2=/scratch/gregg_thomas/Murinae-seq/02-Decon/Rattus-hoffmanni/hiseq2500-paired/lane2_CCGATT_R2_001.fastp.decon.fastq.gz, rem, k=40, extend2=40, ecct, outu1=/scratch/gregg_thomas/Murinae-seq/03A-Merged/Rattus-hoffmanni/hiseq2500-paired/lane2_CCGATT_R1_001.fastp.decon.unmerged.fastq.gz, outu2=/scratch/gregg_thomas/Murinae-seq/03A-Merged/Rattus-hoffmanni/hiseq2500-paired/lane2_CCGATT_R2_001.fastp.decon.unmerged.fastq.gz, out=/scratch/gregg_thomas/Murinae-seq/03A-Merged/Rattus-hoffmanni/hiseq2500-paired/lane2_CCGATT_001.fastp.decon.merged.fastq.gz]

Set threads to 1
Executing assemble.Tadpole2 [in=/scratch/gregg_thomas/Murinae-seq/02-Decon/Rattus-hoffmanni/hiseq2500-paired/lane2_CCGATT_R1_001.fastp.decon.fastq.gz, in2=/scratch/gregg_thomas/Murinae-seq/02-Decon/Rattus-hoffmanni/hiseq2500-paired/lane2_CCGATT_R2_001.fastp.decon.fastq.gz, branchlower=3, branchmult1=20.0, branchmult2=3.0, mincountseed=3, mincountextend=2, minprob=0.5, k=40, prealloc=false, prefilter=0, ecctail=false, eccpincer=false, eccreassemble=true]
Version 38.73

Using 1 threads.
Executing ukmer.KmerTableSetU [in=/scratch/gregg_thomas/Murinae-seq/02-Decon/Rattus-hoffmanni/hiseq2500-paired/lane2_CCGATT_R1_001.fastp.decon.fastq.gz, in2=/scratch/gregg_thomas/Murinae-seq/02-Decon/Rattus-hoffmanni/hiseq2500-paired/lane2_CCGATT_R2_001.fastp.decon.fastq.gz, branchlower=3, branchmult1=20.0, branchmult2=3.0, mincountseed=3, mincountextend=2, minprob=0.5, k=40, prealloc=false, prefilter=0, ecctail=false, eccpincer=false, eccreassemble=true]

Initial:
Ways=31, initialSize=128000, prefilter=f, prealloc=f
Memory: max=15435m, total=15435m, free=15032m, used=403m

Estimated kmer capacity: 	356759827
After table allocation:
Memory: max=15435m, total=15435m, free=14871m, used=564m

After loading:
Memory: max=15435m, total=15435m, free=3896m, used=11539m

Input:                      	14783940 reads 		1474413767 bases.
Unique Kmers:               	163922732
Load Time:                  	550.532 seconds.

Writing mergable reads merged.
Started output threads.
Total time: 1939.642 seconds.

Pairs:               	7391970
Joined:              	5652868   	76.473%
Ambiguous:           	1738557   	23.520%
No Solution:         	545       	0.007%
Too Short:           	0       	0.000%
Fully Extended:      	9569169   	62.971%
Partly Extended:     	3362504   	22.127%
Not Extended:        	2264453   	14.902%

Avg Insert:          	161.5
Standard Deviation:  	43.6
Mode:                	159

Insert range:        	35 - 271
90th percentile:     	220
75th percentile:     	192
50th percentile:     	161
25th percentile:     	130
10th percentile:     	106
