java -ea -Xmx15g -Xms15g -Djava.library.path=/home/gregg_thomas/bin/bbmap/jni/ -cp /home/gregg_thomas/bin/bbmap/current/ jgi.BBMerge -Xmx15g t=1 in1=/scratch/gregg_thomas/Murinae-seq/02-Decon/Rattus-hoffmanni/hiseq-paired/hoffmani-WGA_CCGATT_L007_R1_001.fastp.decon.fastq.gz in2=/scratch/gregg_thomas/Murinae-seq/02-Decon/Rattus-hoffmanni/hiseq-paired/hoffmani-WGA_CCGATT_L007_R2_001.fastp.decon.fastq.gz verystrict=t rem k=40 extend2=40 ecct outu1=/scratch/gregg_thomas/Murinae-seq/03A-Merged/Rattus-hoffmanni/hiseq-paired/hoffmani-WGA_CCGATT_L007_R1_001.fastp.decon.unmerged.fastq.gz outu2=/scratch/gregg_thomas/Murinae-seq/03A-Merged/Rattus-hoffmanni/hiseq-paired/hoffmani-WGA_CCGATT_L007_R2_001.fastp.decon.unmerged.fastq.gz out=/scratch/gregg_thomas/Murinae-seq/03A-Merged/Rattus-hoffmanni/hiseq-paired/hoffmani-WGA_CCGATT_L007_001.fastp.decon.merged.fastq.gz
Executing jgi.BBMerge [-Xmx15g, t=1, in1=/scratch/gregg_thomas/Murinae-seq/02-Decon/Rattus-hoffmanni/hiseq-paired/hoffmani-WGA_CCGATT_L007_R1_001.fastp.decon.fastq.gz, in2=/scratch/gregg_thomas/Murinae-seq/02-Decon/Rattus-hoffmanni/hiseq-paired/hoffmani-WGA_CCGATT_L007_R2_001.fastp.decon.fastq.gz, verystrict=t, rem, k=40, extend2=40, ecct, outu1=/scratch/gregg_thomas/Murinae-seq/03A-Merged/Rattus-hoffmanni/hiseq-paired/hoffmani-WGA_CCGATT_L007_R1_001.fastp.decon.unmerged.fastq.gz, outu2=/scratch/gregg_thomas/Murinae-seq/03A-Merged/Rattus-hoffmanni/hiseq-paired/hoffmani-WGA_CCGATT_L007_R2_001.fastp.decon.unmerged.fastq.gz, out=/scratch/gregg_thomas/Murinae-seq/03A-Merged/Rattus-hoffmanni/hiseq-paired/hoffmani-WGA_CCGATT_L007_001.fastp.decon.merged.fastq.gz]
Version 38.73

Revised arguments: [maxbad=4, margin=3, minqo=8, qualiters=2, ratiomode=t, flatmode=f, minentropy=52, minoverlap=12, minoverlap0=4, maxratio=0.05, ratiomargin=12, ratiooffset=0.5, ratiominoverlapreduction=4, efilter=2, pfilter=0.008, minsecondratio=0.16, minapproxoverlap=22, t=1, in1=/scratch/gregg_thomas/Murinae-seq/02-Decon/Rattus-hoffmanni/hiseq-paired/hoffmani-WGA_CCGATT_L007_R1_001.fastp.decon.fastq.gz, in2=/scratch/gregg_thomas/Murinae-seq/02-Decon/Rattus-hoffmanni/hiseq-paired/hoffmani-WGA_CCGATT_L007_R2_001.fastp.decon.fastq.gz, rem, k=40, extend2=40, ecct, outu1=/scratch/gregg_thomas/Murinae-seq/03A-Merged/Rattus-hoffmanni/hiseq-paired/hoffmani-WGA_CCGATT_L007_R1_001.fastp.decon.unmerged.fastq.gz, outu2=/scratch/gregg_thomas/Murinae-seq/03A-Merged/Rattus-hoffmanni/hiseq-paired/hoffmani-WGA_CCGATT_L007_R2_001.fastp.decon.unmerged.fastq.gz, out=/scratch/gregg_thomas/Murinae-seq/03A-Merged/Rattus-hoffmanni/hiseq-paired/hoffmani-WGA_CCGATT_L007_001.fastp.decon.merged.fastq.gz]

Set threads to 1
Executing assemble.Tadpole2 [in=/scratch/gregg_thomas/Murinae-seq/02-Decon/Rattus-hoffmanni/hiseq-paired/hoffmani-WGA_CCGATT_L007_R1_001.fastp.decon.fastq.gz, in2=/scratch/gregg_thomas/Murinae-seq/02-Decon/Rattus-hoffmanni/hiseq-paired/hoffmani-WGA_CCGATT_L007_R2_001.fastp.decon.fastq.gz, branchlower=3, branchmult1=20.0, branchmult2=3.0, mincountseed=3, mincountextend=2, minprob=0.5, k=40, prealloc=false, prefilter=0, ecctail=false, eccpincer=false, eccreassemble=true]
Version 38.73

Using 1 threads.
Executing ukmer.KmerTableSetU [in=/scratch/gregg_thomas/Murinae-seq/02-Decon/Rattus-hoffmanni/hiseq-paired/hoffmani-WGA_CCGATT_L007_R1_001.fastp.decon.fastq.gz, in2=/scratch/gregg_thomas/Murinae-seq/02-Decon/Rattus-hoffmanni/hiseq-paired/hoffmani-WGA_CCGATT_L007_R2_001.fastp.decon.fastq.gz, branchlower=3, branchmult1=20.0, branchmult2=3.0, mincountseed=3, mincountextend=2, minprob=0.5, k=40, prealloc=false, prefilter=0, ecctail=false, eccpincer=false, eccreassemble=true]

Initial:
Ways=31, initialSize=128000, prefilter=f, prealloc=f
Memory: max=15435m, total=15435m, free=14951m, used=484m

Estimated kmer capacity: 	356759827
After table allocation:
Memory: max=15435m, total=15435m, free=14871m, used=564m

After loading:
Memory: max=15435m, total=15435m, free=5254m, used=10181m

Input:                      	6758894 reads 		670276157 bases.
Unique Kmers:               	116682695
Load Time:                  	247.365 seconds.

Writing mergable reads merged.
Started output threads.
Total time: 927.792 seconds.

Pairs:               	3379447
Joined:              	2342560   	69.318%
Ambiguous:           	1036773   	30.679%
No Solution:         	114       	0.003%
Too Short:           	0       	0.000%
Fully Extended:      	3901998   	56.491%
Partly Extended:     	1416147   	20.502%
Not Extended:        	1589147   	23.007%

Avg Insert:          	164.4
Standard Deviation:  	41.7
Mode:                	163

Insert range:        	35 - 269
90th percentile:     	220
75th percentile:     	193
50th percentile:     	165
25th percentile:     	135
10th percentile:     	110
