java -ea -Xmx30g -Xms30g -Djava.library.path=/home/gregg_thomas/bin/bbmap/jni/ -cp /home/gregg_thomas/bin/bbmap/current/ jgi.BBMerge -Xmx30g t=1 in1=/scratch/gregg_thomas/Murinae-seq/02-Decon/Solomys-salebrosus/hiseq4000-paired-2/SM076_CKDL190143345-1a-D705-AK1780_H7275BBXX_L4_R1_.fastp.decon.fastq.gz in2=/scratch/gregg_thomas/Murinae-seq/02-Decon/Solomys-salebrosus/hiseq4000-paired-2/SM076_CKDL190143345-1a-D705-AK1780_H7275BBXX_L4_R2_.fastp.decon.fastq.gz verystrict=t rem k=40 extend2=40 ecct outu1=/scratch/gregg_thomas/Murinae-seq/03A-Merged/Solomys-salebrosus/hiseq4000-paired-2/SM076_CKDL190143345-1a-D705-AK1780_H7275BBXX_L4_R1_.fastp.decon.unmerged.fastq.gz outu2=/scratch/gregg_thomas/Murinae-seq/03A-Merged/Solomys-salebrosus/hiseq4000-paired-2/SM076_CKDL190143345-1a-D705-AK1780_H7275BBXX_L4_R2_.fastp.decon.unmerged.fastq.gz out=/scratch/gregg_thomas/Murinae-seq/03A-Merged/Solomys-salebrosus/hiseq4000-paired-2/SM076_CKDL190143345-1a-D705-AK1780_H7275BBXX_L4_.fastp.decon.merged.fastq.gz
Executing jgi.BBMerge [-Xmx30g, t=1, in1=/scratch/gregg_thomas/Murinae-seq/02-Decon/Solomys-salebrosus/hiseq4000-paired-2/SM076_CKDL190143345-1a-D705-AK1780_H7275BBXX_L4_R1_.fastp.decon.fastq.gz, in2=/scratch/gregg_thomas/Murinae-seq/02-Decon/Solomys-salebrosus/hiseq4000-paired-2/SM076_CKDL190143345-1a-D705-AK1780_H7275BBXX_L4_R2_.fastp.decon.fastq.gz, verystrict=t, rem, k=40, extend2=40, ecct, outu1=/scratch/gregg_thomas/Murinae-seq/03A-Merged/Solomys-salebrosus/hiseq4000-paired-2/SM076_CKDL190143345-1a-D705-AK1780_H7275BBXX_L4_R1_.fastp.decon.unmerged.fastq.gz, outu2=/scratch/gregg_thomas/Murinae-seq/03A-Merged/Solomys-salebrosus/hiseq4000-paired-2/SM076_CKDL190143345-1a-D705-AK1780_H7275BBXX_L4_R2_.fastp.decon.unmerged.fastq.gz, out=/scratch/gregg_thomas/Murinae-seq/03A-Merged/Solomys-salebrosus/hiseq4000-paired-2/SM076_CKDL190143345-1a-D705-AK1780_H7275BBXX_L4_.fastp.decon.merged.fastq.gz]
Version 38.73

Revised arguments: [maxbad=4, margin=3, minqo=8, qualiters=2, ratiomode=t, flatmode=f, minentropy=52, minoverlap=12, minoverlap0=4, maxratio=0.05, ratiomargin=12, ratiooffset=0.5, ratiominoverlapreduction=4, efilter=2, pfilter=0.008, minsecondratio=0.16, minapproxoverlap=22, t=1, in1=/scratch/gregg_thomas/Murinae-seq/02-Decon/Solomys-salebrosus/hiseq4000-paired-2/SM076_CKDL190143345-1a-D705-AK1780_H7275BBXX_L4_R1_.fastp.decon.fastq.gz, in2=/scratch/gregg_thomas/Murinae-seq/02-Decon/Solomys-salebrosus/hiseq4000-paired-2/SM076_CKDL190143345-1a-D705-AK1780_H7275BBXX_L4_R2_.fastp.decon.fastq.gz, rem, k=40, extend2=40, ecct, outu1=/scratch/gregg_thomas/Murinae-seq/03A-Merged/Solomys-salebrosus/hiseq4000-paired-2/SM076_CKDL190143345-1a-D705-AK1780_H7275BBXX_L4_R1_.fastp.decon.unmerged.fastq.gz, outu2=/scratch/gregg_thomas/Murinae-seq/03A-Merged/Solomys-salebrosus/hiseq4000-paired-2/SM076_CKDL190143345-1a-D705-AK1780_H7275BBXX_L4_R2_.fastp.decon.unmerged.fastq.gz, out=/scratch/gregg_thomas/Murinae-seq/03A-Merged/Solomys-salebrosus/hiseq4000-paired-2/SM076_CKDL190143345-1a-D705-AK1780_H7275BBXX_L4_.fastp.decon.merged.fastq.gz]

Set threads to 1
Executing assemble.Tadpole2 [in=/scratch/gregg_thomas/Murinae-seq/02-Decon/Solomys-salebrosus/hiseq4000-paired-2/SM076_CKDL190143345-1a-D705-AK1780_H7275BBXX_L4_R1_.fastp.decon.fastq.gz, in2=/scratch/gregg_thomas/Murinae-seq/02-Decon/Solomys-salebrosus/hiseq4000-paired-2/SM076_CKDL190143345-1a-D705-AK1780_H7275BBXX_L4_R2_.fastp.decon.fastq.gz, branchlower=3, branchmult1=20.0, branchmult2=3.0, mincountseed=3, mincountextend=2, minprob=0.5, k=40, prealloc=false, prefilter=0, ecctail=false, eccpincer=false, eccreassemble=true]
Version 38.73

Using 1 threads.
Executing ukmer.KmerTableSetU [in=/scratch/gregg_thomas/Murinae-seq/02-Decon/Solomys-salebrosus/hiseq4000-paired-2/SM076_CKDL190143345-1a-D705-AK1780_H7275BBXX_L4_R1_.fastp.decon.fastq.gz, in2=/scratch/gregg_thomas/Murinae-seq/02-Decon/Solomys-salebrosus/hiseq4000-paired-2/SM076_CKDL190143345-1a-D705-AK1780_H7275BBXX_L4_R2_.fastp.decon.fastq.gz, branchlower=3, branchmult1=20.0, branchmult2=3.0, mincountseed=3, mincountextend=2, minprob=0.5, k=40, prealloc=false, prefilter=0, ecctail=false, eccpincer=false, eccreassemble=true]

Initial:
Ways=31, initialSize=128000, prefilter=f, prealloc=f
Memory: max=30870m, total=30870m, free=30064m, used=806m

Estimated kmer capacity: 	715752451
After table allocation:
Memory: max=30870m, total=30870m, free=29742m, used=1128m

After loading:
Memory: max=30870m, total=30870m, free=12300m, used=18570m

Input:                      	41377652 reads 		6073774389 bases.
Unique Kmers:               	584674774
Load Time:                  	2268.815 seconds.

Writing mergable reads merged.
Started output threads.
Total time: 7032.416 seconds.

Pairs:               	20688826
Joined:              	16315827   	78.863%
Ambiguous:           	4356042   	21.055%
No Solution:         	16957   	0.082%
Too Short:           	0       	0.000%
Fully Extended:      	28784013   	67.544%
Partly Extended:     	7944373   	18.642%
Not Extended:        	5887068   	13.814%

Avg Insert:          	224.0
Standard Deviation:  	62.2
Mode:                	218

Insert range:        	35 - 369
90th percentile:     	307
75th percentile:     	269
50th percentile:     	224
25th percentile:     	180
10th percentile:     	142
