java -ea -Xmx15g -Xms15g -Djava.library.path=/home/gregg_thomas/bin/bbmap/jni/ -cp /home/gregg_thomas/bin/bbmap/current/ jgi.BBMerge -Xmx15g t=1 in1=/scratch/gregg_thomas/Murinae-seq/02-Decon/Zyzomys-woodwardi/seq-run-2/52950_BH7T77BCX2_CGTATAT_S13_L002_R1_001.fastp.decon.fastq.gz in2=/scratch/gregg_thomas/Murinae-seq/02-Decon/Zyzomys-woodwardi/seq-run-2/52950_BH7T77BCX2_CGTATAT_S13_L002_R2_001.fastp.decon.fastq.gz verystrict=t rem k=40 extend2=40 ecct outu1=/scratch/gregg_thomas/Murinae-seq/03A-Merged/Zyzomys-woodwardi/seq-run-2/52950_BH7T77BCX2_CGTATAT_S13_L002_R1_001.fastp.decon.unmerged.fastq.gz outu2=/scratch/gregg_thomas/Murinae-seq/03A-Merged/Zyzomys-woodwardi/seq-run-2/52950_BH7T77BCX2_CGTATAT_S13_L002_R2_001.fastp.decon.unmerged.fastq.gz out=/scratch/gregg_thomas/Murinae-seq/03A-Merged/Zyzomys-woodwardi/seq-run-2/52950_BH7T77BCX2_CGTATAT_S13_L002_001.fastp.decon.merged.fastq.gz
Executing jgi.BBMerge [-Xmx15g, t=1, in1=/scratch/gregg_thomas/Murinae-seq/02-Decon/Zyzomys-woodwardi/seq-run-2/52950_BH7T77BCX2_CGTATAT_S13_L002_R1_001.fastp.decon.fastq.gz, in2=/scratch/gregg_thomas/Murinae-seq/02-Decon/Zyzomys-woodwardi/seq-run-2/52950_BH7T77BCX2_CGTATAT_S13_L002_R2_001.fastp.decon.fastq.gz, verystrict=t, rem, k=40, extend2=40, ecct, outu1=/scratch/gregg_thomas/Murinae-seq/03A-Merged/Zyzomys-woodwardi/seq-run-2/52950_BH7T77BCX2_CGTATAT_S13_L002_R1_001.fastp.decon.unmerged.fastq.gz, outu2=/scratch/gregg_thomas/Murinae-seq/03A-Merged/Zyzomys-woodwardi/seq-run-2/52950_BH7T77BCX2_CGTATAT_S13_L002_R2_001.fastp.decon.unmerged.fastq.gz, out=/scratch/gregg_thomas/Murinae-seq/03A-Merged/Zyzomys-woodwardi/seq-run-2/52950_BH7T77BCX2_CGTATAT_S13_L002_001.fastp.decon.merged.fastq.gz]
Version 38.73

Revised arguments: [maxbad=4, margin=3, minqo=8, qualiters=2, ratiomode=t, flatmode=f, minentropy=52, minoverlap=12, minoverlap0=4, maxratio=0.05, ratiomargin=12, ratiooffset=0.5, ratiominoverlapreduction=4, efilter=2, pfilter=0.008, minsecondratio=0.16, minapproxoverlap=22, t=1, in1=/scratch/gregg_thomas/Murinae-seq/02-Decon/Zyzomys-woodwardi/seq-run-2/52950_BH7T77BCX2_CGTATAT_S13_L002_R1_001.fastp.decon.fastq.gz, in2=/scratch/gregg_thomas/Murinae-seq/02-Decon/Zyzomys-woodwardi/seq-run-2/52950_BH7T77BCX2_CGTATAT_S13_L002_R2_001.fastp.decon.fastq.gz, rem, k=40, extend2=40, ecct, outu1=/scratch/gregg_thomas/Murinae-seq/03A-Merged/Zyzomys-woodwardi/seq-run-2/52950_BH7T77BCX2_CGTATAT_S13_L002_R1_001.fastp.decon.unmerged.fastq.gz, outu2=/scratch/gregg_thomas/Murinae-seq/03A-Merged/Zyzomys-woodwardi/seq-run-2/52950_BH7T77BCX2_CGTATAT_S13_L002_R2_001.fastp.decon.unmerged.fastq.gz, out=/scratch/gregg_thomas/Murinae-seq/03A-Merged/Zyzomys-woodwardi/seq-run-2/52950_BH7T77BCX2_CGTATAT_S13_L002_001.fastp.decon.merged.fastq.gz]

Set threads to 1
Executing assemble.Tadpole2 [in=/scratch/gregg_thomas/Murinae-seq/02-Decon/Zyzomys-woodwardi/seq-run-2/52950_BH7T77BCX2_CGTATAT_S13_L002_R1_001.fastp.decon.fastq.gz, in2=/scratch/gregg_thomas/Murinae-seq/02-Decon/Zyzomys-woodwardi/seq-run-2/52950_BH7T77BCX2_CGTATAT_S13_L002_R2_001.fastp.decon.fastq.gz, branchlower=3, branchmult1=20.0, branchmult2=3.0, mincountseed=3, mincountextend=2, minprob=0.5, k=40, prealloc=false, prefilter=0, ecctail=false, eccpincer=false, eccreassemble=true]
Version 38.73

Using 1 threads.
Executing ukmer.KmerTableSetU [in=/scratch/gregg_thomas/Murinae-seq/02-Decon/Zyzomys-woodwardi/seq-run-2/52950_BH7T77BCX2_CGTATAT_S13_L002_R1_001.fastp.decon.fastq.gz, in2=/scratch/gregg_thomas/Murinae-seq/02-Decon/Zyzomys-woodwardi/seq-run-2/52950_BH7T77BCX2_CGTATAT_S13_L002_R2_001.fastp.decon.fastq.gz, branchlower=3, branchmult1=20.0, branchmult2=3.0, mincountseed=3, mincountextend=2, minprob=0.5, k=40, prealloc=false, prefilter=0, ecctail=false, eccpincer=false, eccreassemble=true]

Initial:
Ways=31, initialSize=128000, prefilter=f, prealloc=f
Memory: max=15435m, total=15435m, free=15112m, used=323m

Estimated kmer capacity: 	356759827
After table allocation:
Memory: max=15435m, total=15435m, free=15032m, used=403m

After loading:
Memory: max=15435m, total=15435m, free=6233m, used=9202m

Input:                      	4400832 reads 		443261145 bases.
Unique Kmers:               	118020368
Load Time:                  	183.230 seconds.

Writing mergable reads merged.
Started output threads.
Total time: 450.219 seconds.

Pairs:               	2200416
Joined:              	900722   	40.934%
Ambiguous:           	1299651   	59.064%
No Solution:         	43       	0.002%
Too Short:           	0       	0.000%
Fully Extended:      	1812746   	40.824%
Partly Extended:     	817259   	18.405%
Not Extended:        	1810369   	40.771%

Avg Insert:          	179.3
Standard Deviation:  	40.8
Mode:                	181

Insert range:        	35 - 271
90th percentile:     	235
75th percentile:     	209
50th percentile:     	178
25th percentile:     	152
10th percentile:     	128
