java -ea -Xmx15g -Xms15g -Djava.library.path=/home/gregg_thomas/bin/bbmap/jni/ -cp /home/gregg_thomas/bin/bbmap/current/ jgi.BBMerge -Xmx15g t=1 in1=/scratch/gregg_thomas/Murinae-seq/02-Decon/Zyzomys-palatalis/seq-run-2/52949_BH7T77BCX2_TGGCAAT_S12_L001_R1_001.fastp.decon.fastq.gz in2=/scratch/gregg_thomas/Murinae-seq/02-Decon/Zyzomys-palatalis/seq-run-2/52949_BH7T77BCX2_TGGCAAT_S12_L001_R2_001.fastp.decon.fastq.gz verystrict=t rem k=40 extend2=40 ecct outu1=/scratch/gregg_thomas/Murinae-seq/03A-Merged/Zyzomys-palatalis/seq-run-2/52949_BH7T77BCX2_TGGCAAT_S12_L001_R1_001.fastp.decon.unmerged.fastq.gz outu2=/scratch/gregg_thomas/Murinae-seq/03A-Merged/Zyzomys-palatalis/seq-run-2/52949_BH7T77BCX2_TGGCAAT_S12_L001_R2_001.fastp.decon.unmerged.fastq.gz out=/scratch/gregg_thomas/Murinae-seq/03A-Merged/Zyzomys-palatalis/seq-run-2/52949_BH7T77BCX2_TGGCAAT_S12_L001_001.fastp.decon.merged.fastq.gz
Executing jgi.BBMerge [-Xmx15g, t=1, in1=/scratch/gregg_thomas/Murinae-seq/02-Decon/Zyzomys-palatalis/seq-run-2/52949_BH7T77BCX2_TGGCAAT_S12_L001_R1_001.fastp.decon.fastq.gz, in2=/scratch/gregg_thomas/Murinae-seq/02-Decon/Zyzomys-palatalis/seq-run-2/52949_BH7T77BCX2_TGGCAAT_S12_L001_R2_001.fastp.decon.fastq.gz, verystrict=t, rem, k=40, extend2=40, ecct, outu1=/scratch/gregg_thomas/Murinae-seq/03A-Merged/Zyzomys-palatalis/seq-run-2/52949_BH7T77BCX2_TGGCAAT_S12_L001_R1_001.fastp.decon.unmerged.fastq.gz, outu2=/scratch/gregg_thomas/Murinae-seq/03A-Merged/Zyzomys-palatalis/seq-run-2/52949_BH7T77BCX2_TGGCAAT_S12_L001_R2_001.fastp.decon.unmerged.fastq.gz, out=/scratch/gregg_thomas/Murinae-seq/03A-Merged/Zyzomys-palatalis/seq-run-2/52949_BH7T77BCX2_TGGCAAT_S12_L001_001.fastp.decon.merged.fastq.gz]
Version 38.73

Revised arguments: [maxbad=4, margin=3, minqo=8, qualiters=2, ratiomode=t, flatmode=f, minentropy=52, minoverlap=12, minoverlap0=4, maxratio=0.05, ratiomargin=12, ratiooffset=0.5, ratiominoverlapreduction=4, efilter=2, pfilter=0.008, minsecondratio=0.16, minapproxoverlap=22, t=1, in1=/scratch/gregg_thomas/Murinae-seq/02-Decon/Zyzomys-palatalis/seq-run-2/52949_BH7T77BCX2_TGGCAAT_S12_L001_R1_001.fastp.decon.fastq.gz, in2=/scratch/gregg_thomas/Murinae-seq/02-Decon/Zyzomys-palatalis/seq-run-2/52949_BH7T77BCX2_TGGCAAT_S12_L001_R2_001.fastp.decon.fastq.gz, rem, k=40, extend2=40, ecct, outu1=/scratch/gregg_thomas/Murinae-seq/03A-Merged/Zyzomys-palatalis/seq-run-2/52949_BH7T77BCX2_TGGCAAT_S12_L001_R1_001.fastp.decon.unmerged.fastq.gz, outu2=/scratch/gregg_thomas/Murinae-seq/03A-Merged/Zyzomys-palatalis/seq-run-2/52949_BH7T77BCX2_TGGCAAT_S12_L001_R2_001.fastp.decon.unmerged.fastq.gz, out=/scratch/gregg_thomas/Murinae-seq/03A-Merged/Zyzomys-palatalis/seq-run-2/52949_BH7T77BCX2_TGGCAAT_S12_L001_001.fastp.decon.merged.fastq.gz]

Set threads to 1
Executing assemble.Tadpole2 [in=/scratch/gregg_thomas/Murinae-seq/02-Decon/Zyzomys-palatalis/seq-run-2/52949_BH7T77BCX2_TGGCAAT_S12_L001_R1_001.fastp.decon.fastq.gz, in2=/scratch/gregg_thomas/Murinae-seq/02-Decon/Zyzomys-palatalis/seq-run-2/52949_BH7T77BCX2_TGGCAAT_S12_L001_R2_001.fastp.decon.fastq.gz, branchlower=3, branchmult1=20.0, branchmult2=3.0, mincountseed=3, mincountextend=2, minprob=0.5, k=40, prealloc=false, prefilter=0, ecctail=false, eccpincer=false, eccreassemble=true]
Version 38.73

Using 1 threads.
Executing ukmer.KmerTableSetU [in=/scratch/gregg_thomas/Murinae-seq/02-Decon/Zyzomys-palatalis/seq-run-2/52949_BH7T77BCX2_TGGCAAT_S12_L001_R1_001.fastp.decon.fastq.gz, in2=/scratch/gregg_thomas/Murinae-seq/02-Decon/Zyzomys-palatalis/seq-run-2/52949_BH7T77BCX2_TGGCAAT_S12_L001_R2_001.fastp.decon.fastq.gz, branchlower=3, branchmult1=20.0, branchmult2=3.0, mincountseed=3, mincountextend=2, minprob=0.5, k=40, prealloc=false, prefilter=0, ecctail=false, eccpincer=false, eccreassemble=true]

Initial:
Ways=31, initialSize=128000, prefilter=f, prealloc=f
Memory: max=15435m, total=15435m, free=14951m, used=484m

Estimated kmer capacity: 	356759827
After table allocation:
Memory: max=15435m, total=15435m, free=14871m, used=564m

After loading:
Memory: max=15435m, total=15435m, free=5053m, used=10382m

Input:                      	6393988 reads 		644040307 bases.
Unique Kmers:               	148315238
Load Time:                  	320.432 seconds.

Writing mergable reads merged.
Started output threads.
Total time: 852.023 seconds.

Pairs:               	3196994
Joined:              	1647924   	51.546%
Ambiguous:           	1548969   	48.451%
No Solution:         	101       	0.003%
Too Short:           	0       	0.000%
Fully Extended:      	3338973   	51.678%
Partly Extended:     	1015241   	15.713%
Not Extended:        	2106880   	32.609%

Avg Insert:          	179.7
Standard Deviation:  	40.4
Mode:                	175

Insert range:        	35 - 271
90th percentile:     	236
75th percentile:     	209
50th percentile:     	178
25th percentile:     	152
10th percentile:     	129
