Detecting adapter sequence for read1...
No adapter detected for read1

Detecting adapter sequence for read2...
No adapter detected for read2

Read1 before filtering:
total reads: 2653431
total bases: 200422550
Q20 bases: 191941233(95.7683%)
Q30 bases: 188295288(93.9492%)

Read2 before filtering:
total reads: 2653431
total bases: 200358889
Q20 bases: 184779300(92.2242%)
Q30 bases: 179111646(89.3954%)

Read1 after filtering:
total reads: 2552608
total bases: 192640394
Q20 bases: 185818046(96.4585%)
Q30 bases: 182588000(94.7818%)

Read2 aftering filtering:
total reads: 2552608
total bases: 192656727
Q20 bases: 180905693(93.9005%)
Q30 bases: 175800969(91.2509%)

Filtering result:
reads passed filter: 5105216
reads failed due to low quality: 189404
reads failed due to too many N: 2134
reads failed due to too short: 8854
reads failed due to low complexity: 1254
reads with adapter trimmed: 13272
bases trimmed due to adapters: 324940

Duplication rate: 7.94451%

Insert size peak (evaluated by paired-end reads): 118

JSON report: /scratch/gregg_thomas/Murinae-seq/01-Fastp/Apomys-lubangensis/nextseq-paired-2/JAE169_S1_L001_R.fastp.json
HTML report: /scratch/gregg_thomas/Murinae-seq/01-Fastp/Apomys-lubangensis/nextseq-paired-2/JAE169_S1_L001_R.fastp.html

fastp -i /scratch/gregg_thomas/Murinae-seq/00-RawReads/Apomys-lubangensis/nextseq-paired-2/JAE169_S1_L001_R1_001.fastq.gz -I /scratch/gregg_thomas/Murinae-seq/00-RawReads/Apomys-lubangensis/nextseq-paired-2/JAE169_S1_L001_R2_001.fastq.gz --detect_adapter_for_pe --length_required 30 --low_complexity_filter --complexity_threshold 30 -o /scratch/gregg_thomas/Murinae-seq/01-Fastp/Apomys-lubangensis/nextseq-paired-2/JAE169_S1_L001_R1_001.fastp.fastq.gz -O /scratch/gregg_thomas/Murinae-seq/01-Fastp/Apomys-lubangensis/nextseq-paired-2/JAE169_S1_L001_R2_001.fastp.fastq.gz -h /scratch/gregg_thomas/Murinae-seq/01-Fastp/Apomys-lubangensis/nextseq-paired-2/JAE169_S1_L001_R.fastp.html -j /scratch/gregg_thomas/Murinae-seq/01-Fastp/Apomys-lubangensis/nextseq-paired-2/JAE169_S1_L001_R.fastp.json 
fastp v0.20.0, time used: 35 seconds
