Detecting adapter sequence for read1...
No adapter detected for read1

Read1 before filtering:
total reads: 481053
total bases: 36332163
Q20 bases: 34884975(96.0168%)
Q30 bases: 34234251(94.2257%)

Read1 after filtering:
total reads: 477641
total bases: 36070255
Q20 bases: 34743548(96.3219%)
Q30 bases: 34109173(94.5632%)

Filtering result:
reads passed filter: 477641
reads failed due to low quality: 3214
reads failed due to too many N: 5
reads failed due to too short: 149
reads failed due to low complexity: 44
reads with adapter trimmed: 0
bases trimmed due to adapters: 0

Duplication rate (may be overestimated since this is SE data): 2.8574%

JSON report: /scratch/gregg_thomas/Murinae-seq/01-Fastp/Bunomys-chrysocomus/nextseq-single-2/JAE4867_S62_L003_R1_001.fastp.fastp.json
HTML report: /scratch/gregg_thomas/Murinae-seq/01-Fastp/Bunomys-chrysocomus/nextseq-single-2/JAE4867_S62_L003_R1_001.fastp.fastp.html

fastp -i /scratch/gregg_thomas/Murinae-seq/00-RawReads/Bunomys-chrysocomus/nextseq-single-2/JAE4867_S62_L003_R1_001.fastq.gz --length_required 30 --low_complexity_filter --complexity_threshold 30 -o /scratch/gregg_thomas/Murinae-seq/01-Fastp/Bunomys-chrysocomus/nextseq-single-2/JAE4867_S62_L003_R1_001.fastp.fastq.gz -h /scratch/gregg_thomas/Murinae-seq/01-Fastp/Bunomys-chrysocomus/nextseq-single-2/JAE4867_S62_L003_R1_001.fastp.fastp.html -j /scratch/gregg_thomas/Murinae-seq/01-Fastp/Bunomys-chrysocomus/nextseq-single-2/JAE4867_S62_L003_R1_001.fastp.fastp.json 
fastp v0.20.0, time used: 7 seconds
