Detecting adapter sequence for read1...
No adapter detected for read1

Detecting adapter sequence for read2...
No adapter detected for read2

Read1 before filtering:
total reads: 2344654
total bases: 177099201
Q20 bases: 169659541(95.7992%)
Q30 bases: 166454145(93.9892%)

Read2 before filtering:
total reads: 2344654
total bases: 177041431
Q20 bases: 163771956(92.5049%)
Q30 bases: 158886477(89.7454%)

Read1 after filtering:
total reads: 2256026
total bases: 170250893
Q20 bases: 164261794(96.4822%)
Q30 bases: 161419334(94.8126%)

Read2 aftering filtering:
total reads: 2256026
total bases: 170262673
Q20 bases: 160365858(94.1873%)
Q30 bases: 155987275(91.6157%)

Filtering result:
reads passed filter: 4512052
reads failed due to low quality: 166592
reads failed due to too many N: 1914
reads failed due to too short: 7472
reads failed due to low complexity: 1278
reads with adapter trimmed: 11526
bases trimmed due to adapters: 303773

Duplication rate: 6.5807%

Insert size peak (evaluated by paired-end reads): 119

JSON report: /scratch/gregg_thomas/Murinae-seq/01-Fastp/Chiropodomys-gliroides/nextseq-paired-2/Z25153_S22_L001_R.fastp.json
HTML report: /scratch/gregg_thomas/Murinae-seq/01-Fastp/Chiropodomys-gliroides/nextseq-paired-2/Z25153_S22_L001_R.fastp.html

fastp -i /scratch/gregg_thomas/Murinae-seq/00-RawReads/Chiropodomys-gliroides/nextseq-paired-2/Z25153_S22_L001_R1_001.fastq.gz -I /scratch/gregg_thomas/Murinae-seq/00-RawReads/Chiropodomys-gliroides/nextseq-paired-2/Z25153_S22_L001_R2_001.fastq.gz --detect_adapter_for_pe --length_required 30 --low_complexity_filter --complexity_threshold 30 -o /scratch/gregg_thomas/Murinae-seq/01-Fastp/Chiropodomys-gliroides/nextseq-paired-2/Z25153_S22_L001_R1_001.fastp.fastq.gz -O /scratch/gregg_thomas/Murinae-seq/01-Fastp/Chiropodomys-gliroides/nextseq-paired-2/Z25153_S22_L001_R2_001.fastp.fastq.gz -h /scratch/gregg_thomas/Murinae-seq/01-Fastp/Chiropodomys-gliroides/nextseq-paired-2/Z25153_S22_L001_R.fastp.html -j /scratch/gregg_thomas/Murinae-seq/01-Fastp/Chiropodomys-gliroides/nextseq-paired-2/Z25153_S22_L001_R.fastp.json 
fastp v0.20.0, time used: 22 seconds
