Detecting adapter sequence for read1...
No adapter detected for read1

Read1 before filtering:
total reads: 539624
total bases: 40764639
Q20 bases: 38774217(95.1173%)
Q30 bases: 37899900(92.9725%)

Read1 after filtering:
total reads: 534936
total bases: 40405716
Q20 bases: 38580905(95.4838%)
Q30 bases: 37730887(93.3801%)

Filtering result:
reads passed filter: 534936
reads failed due to low quality: 4528
reads failed due to too many N: 37
reads failed due to too short: 67
reads failed due to low complexity: 56
reads with adapter trimmed: 0
bases trimmed due to adapters: 0

Duplication rate (may be overestimated since this is SE data): 2.86275%

JSON report: /scratch/gregg_thomas/Murinae-seq/01-Fastp/Chrotomys-mindorensis/nextseq-single-1/JAE520_S27_L002_R1_001.fastp.fastp.json
HTML report: /scratch/gregg_thomas/Murinae-seq/01-Fastp/Chrotomys-mindorensis/nextseq-single-1/JAE520_S27_L002_R1_001.fastp.fastp.html

fastp -i /scratch/gregg_thomas/Murinae-seq/00-RawReads/Chrotomys-mindorensis/nextseq-single-1/JAE520_S27_L002_R1_001.fastq.gz --length_required 30 --low_complexity_filter --complexity_threshold 30 -o /scratch/gregg_thomas/Murinae-seq/01-Fastp/Chrotomys-mindorensis/nextseq-single-1/JAE520_S27_L002_R1_001.fastp.fastq.gz -h /scratch/gregg_thomas/Murinae-seq/01-Fastp/Chrotomys-mindorensis/nextseq-single-1/JAE520_S27_L002_R1_001.fastp.fastp.html -j /scratch/gregg_thomas/Murinae-seq/01-Fastp/Chrotomys-mindorensis/nextseq-single-1/JAE520_S27_L002_R1_001.fastp.fastp.json 
fastp v0.20.0, time used: 14 seconds
