Detecting adapter sequence for read1...
No adapter detected for read1

Read1 before filtering:
total reads: 432030
total bases: 32637054
Q20 bases: 31317348(95.9564%)
Q30 bases: 30710741(94.0978%)

Read1 after filtering:
total reads: 429133
total bases: 32414543
Q20 bases: 31195869(96.2403%)
Q30 bases: 30603042(94.4115%)

Filtering result:
reads passed filter: 429133
reads failed due to low quality: 2703
reads failed due to too many N: 19
reads failed due to too short: 123
reads failed due to low complexity: 52
reads with adapter trimmed: 0
bases trimmed due to adapters: 0

Duplication rate (may be overestimated since this is SE data): 2.43328%

JSON report: /scratch/gregg_thomas/Murinae-seq/01-Fastp/Crunomys-celebensis/nextseq-single-2/Z21894_S42_L001_R1_001.fastp.fastp.json
HTML report: /scratch/gregg_thomas/Murinae-seq/01-Fastp/Crunomys-celebensis/nextseq-single-2/Z21894_S42_L001_R1_001.fastp.fastp.html

fastp -i /scratch/gregg_thomas/Murinae-seq/00-RawReads/Crunomys-celebensis/nextseq-single-2/Z21894_S42_L001_R1_001.fastq.gz --length_required 30 --low_complexity_filter --complexity_threshold 30 -o /scratch/gregg_thomas/Murinae-seq/01-Fastp/Crunomys-celebensis/nextseq-single-2/Z21894_S42_L001_R1_001.fastp.fastq.gz -h /scratch/gregg_thomas/Murinae-seq/01-Fastp/Crunomys-celebensis/nextseq-single-2/Z21894_S42_L001_R1_001.fastp.fastp.html -j /scratch/gregg_thomas/Murinae-seq/01-Fastp/Crunomys-celebensis/nextseq-single-2/Z21894_S42_L001_R1_001.fastp.fastp.json 
fastp v0.20.0, time used: 15 seconds
