Detecting adapter sequence for read1...
No adapter detected for read1

Read1 before filtering:
total reads: 638425
total bases: 48234118
Q20 bases: 45885530(95.1309%)
Q30 bases: 44848241(92.9803%)

Read1 after filtering:
total reads: 633589
total bases: 47863965
Q20 bases: 45682323(95.442%)
Q30 bases: 44669279(93.3255%)

Filtering result:
reads passed filter: 633589
reads failed due to low quality: 4527
reads failed due to too many N: 48
reads failed due to too short: 228
reads failed due to low complexity: 33
reads with adapter trimmed: 0
bases trimmed due to adapters: 0

Duplication rate (may be overestimated since this is SE data): 3.08247%

JSON report: /scratch/gregg_thomas/Murinae-seq/01-Fastp/Grammomys-sp/nextseq-single-1/TCD4560_S39_L001_R1_001.fastp.fastp.json
HTML report: /scratch/gregg_thomas/Murinae-seq/01-Fastp/Grammomys-sp/nextseq-single-1/TCD4560_S39_L001_R1_001.fastp.fastp.html

fastp -i /scratch/gregg_thomas/Murinae-seq/00-RawReads/Grammomys-sp/nextseq-single-1/TCD4560_S39_L001_R1_001.fastq.gz --length_required 30 --low_complexity_filter --complexity_threshold 30 -o /scratch/gregg_thomas/Murinae-seq/01-Fastp/Grammomys-sp/nextseq-single-1/TCD4560_S39_L001_R1_001.fastp.fastq.gz -h /scratch/gregg_thomas/Murinae-seq/01-Fastp/Grammomys-sp/nextseq-single-1/TCD4560_S39_L001_R1_001.fastp.fastp.html -j /scratch/gregg_thomas/Murinae-seq/01-Fastp/Grammomys-sp/nextseq-single-1/TCD4560_S39_L001_R1_001.fastp.fastp.json 
fastp v0.20.0, time used: 17 seconds
