Detecting adapter sequence for read1...
No adapter detected for read1

Detecting adapter sequence for read2...
No adapter detected for read2

Read1 before filtering:
total reads: 3728143
total bases: 281637087
Q20 bases: 270678220(96.1089%)
Q30 bases: 265935968(94.4251%)

Read2 before filtering:
total reads: 3728143
total bases: 281544461
Q20 bases: 259971541(92.3377%)
Q30 bases: 252327123(89.6225%)

Read1 after filtering:
total reads: 3575692
total bases: 269955535
Q20 bases: 261146518(96.7369%)
Q30 bases: 256965879(95.1882%)

Read2 aftering filtering:
total reads: 3575692
total bases: 269979354
Q20 bases: 254330596(94.2037%)
Q30 bases: 247551781(91.6929%)

Filtering result:
reads passed filter: 7151384
reads failed due to low quality: 288988
reads failed due to too many N: 2854
reads failed due to too short: 11462
reads failed due to low complexity: 1598
reads with adapter trimmed: 12170
bases trimmed due to adapters: 291887

Duplication rate: 9.07208%

Insert size peak (evaluated by paired-end reads): 118

JSON report: /scratch/gregg_thomas/Murinae-seq/01-Fastp/Grammomys-sp/nextseq-paired-2/TCD4560_S7_L002_R.fastp.json
HTML report: /scratch/gregg_thomas/Murinae-seq/01-Fastp/Grammomys-sp/nextseq-paired-2/TCD4560_S7_L002_R.fastp.html

fastp -i /scratch/gregg_thomas/Murinae-seq/00-RawReads/Grammomys-sp/nextseq-paired-2/TCD4560_S7_L002_R1_001.fastq.gz -I /scratch/gregg_thomas/Murinae-seq/00-RawReads/Grammomys-sp/nextseq-paired-2/TCD4560_S7_L002_R2_001.fastq.gz --detect_adapter_for_pe --length_required 30 --low_complexity_filter --complexity_threshold 30 -o /scratch/gregg_thomas/Murinae-seq/01-Fastp/Grammomys-sp/nextseq-paired-2/TCD4560_S7_L002_R1_001.fastp.fastq.gz -O /scratch/gregg_thomas/Murinae-seq/01-Fastp/Grammomys-sp/nextseq-paired-2/TCD4560_S7_L002_R2_001.fastp.fastq.gz -h /scratch/gregg_thomas/Murinae-seq/01-Fastp/Grammomys-sp/nextseq-paired-2/TCD4560_S7_L002_R.fastp.html -j /scratch/gregg_thomas/Murinae-seq/01-Fastp/Grammomys-sp/nextseq-paired-2/TCD4560_S7_L002_R.fastp.json 
fastp v0.20.0, time used: 34 seconds
