Detecting adapter sequence for read1...
No adapter detected for read1

Read1 before filtering:
total reads: 402067
total bases: 30376070
Q20 bases: 28811511(94.8494%)
Q30 bases: 28133769(92.6182%)

Read1 after filtering:
total reads: 398589
total bases: 30109142
Q20 bases: 28666205(95.2076%)
Q30 bases: 28005790(93.0142%)

Filtering result:
reads passed filter: 398589
reads failed due to low quality: 3259
reads failed due to too many N: 32
reads failed due to too short: 144
reads failed due to low complexity: 43
reads with adapter trimmed: 0
bases trimmed due to adapters: 0

Duplication rate (may be overestimated since this is SE data): 2.41016%

JSON report: /scratch/gregg_thomas/Murinae-seq/01-Fastp/Haeromys-minahassae/nextseq-single-1/JAE4996_S63_L001_R1_001.fastp.fastp.json
HTML report: /scratch/gregg_thomas/Murinae-seq/01-Fastp/Haeromys-minahassae/nextseq-single-1/JAE4996_S63_L001_R1_001.fastp.fastp.html

fastp -i /scratch/gregg_thomas/Murinae-seq/00-RawReads/Haeromys-minahassae/nextseq-single-1/JAE4996_S63_L001_R1_001.fastq.gz --length_required 30 --low_complexity_filter --complexity_threshold 30 -o /scratch/gregg_thomas/Murinae-seq/01-Fastp/Haeromys-minahassae/nextseq-single-1/JAE4996_S63_L001_R1_001.fastp.fastq.gz -h /scratch/gregg_thomas/Murinae-seq/01-Fastp/Haeromys-minahassae/nextseq-single-1/JAE4996_S63_L001_R1_001.fastp.fastp.html -j /scratch/gregg_thomas/Murinae-seq/01-Fastp/Haeromys-minahassae/nextseq-single-1/JAE4996_S63_L001_R1_001.fastp.fastp.json 
fastp v0.20.0, time used: 8 seconds
