Detecting adapter sequence for read1...
No adapter detected for read1

Detecting adapter sequence for read2...
No adapter detected for read2

Read1 before filtering:
total reads: 2453271
total bases: 185307239
Q20 bases: 177609100(95.8457%)
Q30 bases: 174337265(94.0801%)

Read2 before filtering:
total reads: 2453271
total bases: 185303874
Q20 bases: 171239226(92.41%)
Q30 bases: 166045426(89.6071%)

Read1 after filtering:
total reads: 2359836
total bases: 178056873
Q20 bases: 171965104(96.5788%)
Q30 bases: 169075849(94.9561%)

Read2 aftering filtering:
total reads: 2359836
total bases: 178068376
Q20 bases: 167614484(94.1293%)
Q30 bases: 162977890(91.5255%)

Filtering result:
reads passed filter: 4719672
reads failed due to low quality: 177866
reads failed due to too many N: 1382
reads failed due to too short: 6860
reads failed due to low complexity: 762
reads with adapter trimmed: 12794
bases trimmed due to adapters: 363297

Duplication rate: 8.30819%

Insert size peak (evaluated by paired-end reads): 119

JSON report: /scratch/gregg_thomas/Murinae-seq/01-Fastp/Hyorhinomys-stuempkei/nextseq-paired-2/JAE4661_S40_L004_R.fastp.json
HTML report: /scratch/gregg_thomas/Murinae-seq/01-Fastp/Hyorhinomys-stuempkei/nextseq-paired-2/JAE4661_S40_L004_R.fastp.html

fastp -i /scratch/gregg_thomas/Murinae-seq/00-RawReads/Hyorhinomys-stuempkei/nextseq-paired-2/JAE4661_S40_L004_R1_001.fastq.gz -I /scratch/gregg_thomas/Murinae-seq/00-RawReads/Hyorhinomys-stuempkei/nextseq-paired-2/JAE4661_S40_L004_R2_001.fastq.gz --detect_adapter_for_pe --length_required 30 --low_complexity_filter --complexity_threshold 30 -o /scratch/gregg_thomas/Murinae-seq/01-Fastp/Hyorhinomys-stuempkei/nextseq-paired-2/JAE4661_S40_L004_R1_001.fastp.fastq.gz -O /scratch/gregg_thomas/Murinae-seq/01-Fastp/Hyorhinomys-stuempkei/nextseq-paired-2/JAE4661_S40_L004_R2_001.fastp.fastq.gz -h /scratch/gregg_thomas/Murinae-seq/01-Fastp/Hyorhinomys-stuempkei/nextseq-paired-2/JAE4661_S40_L004_R.fastp.html -j /scratch/gregg_thomas/Murinae-seq/01-Fastp/Hyorhinomys-stuempkei/nextseq-paired-2/JAE4661_S40_L004_R.fastp.json 
fastp v0.20.0, time used: 34 seconds
