Detecting adapter sequence for read1...
No adapter detected for read1

Read1 before filtering:
total reads: 420017
total bases: 31728716
Q20 bases: 30112477(94.9061%)
Q30 bases: 29409788(92.6914%)

Read1 after filtering:
total reads: 416244
total bases: 31440112
Q20 bases: 29958518(95.2876%)
Q30 bases: 29275284(93.1144%)

Filtering result:
reads passed filter: 416244
reads failed due to low quality: 3616
reads failed due to too many N: 12
reads failed due to too short: 128
reads failed due to low complexity: 17
reads with adapter trimmed: 0
bases trimmed due to adapters: 0

Duplication rate (may be overestimated since this is SE data): 2.71036%

JSON report: /scratch/gregg_thomas/Murinae-seq/01-Fastp/Hyorhinomys-stuempkei/nextseq-single-1/JAE4661_S32_L003_R1_001.fastp.fastp.json
HTML report: /scratch/gregg_thomas/Murinae-seq/01-Fastp/Hyorhinomys-stuempkei/nextseq-single-1/JAE4661_S32_L003_R1_001.fastp.fastp.html

fastp -i /scratch/gregg_thomas/Murinae-seq/00-RawReads/Hyorhinomys-stuempkei/nextseq-single-1/JAE4661_S32_L003_R1_001.fastq.gz --length_required 30 --low_complexity_filter --complexity_threshold 30 -o /scratch/gregg_thomas/Murinae-seq/01-Fastp/Hyorhinomys-stuempkei/nextseq-single-1/JAE4661_S32_L003_R1_001.fastp.fastq.gz -h /scratch/gregg_thomas/Murinae-seq/01-Fastp/Hyorhinomys-stuempkei/nextseq-single-1/JAE4661_S32_L003_R1_001.fastp.fastp.html -j /scratch/gregg_thomas/Murinae-seq/01-Fastp/Hyorhinomys-stuempkei/nextseq-single-1/JAE4661_S32_L003_R1_001.fastp.fastp.json 
fastp v0.20.0, time used: 8 seconds
