Detecting adapter sequence for read1...
No adapter detected for read1

Read1 before filtering:
total reads: 382406
total bases: 28886790
Q20 bases: 27707631(95.918%)
Q30 bases: 27171983(94.0637%)

Read1 after filtering:
total reads: 379617
total bases: 28672654
Q20 bases: 27594833(96.2409%)
Q30 bases: 27073015(94.421%)

Filtering result:
reads passed filter: 379617
reads failed due to low quality: 2726
reads failed due to too many N: 1
reads failed due to too short: 46
reads failed due to low complexity: 16
reads with adapter trimmed: 0
bases trimmed due to adapters: 0

Duplication rate (may be overestimated since this is SE data): 2.62151%

JSON report: /scratch/gregg_thomas/Murinae-seq/01-Fastp/Hyorhinomys-stuempkei/nextseq-single-2/JAE4661_S32_L004_R1_001.fastp.fastp.json
HTML report: /scratch/gregg_thomas/Murinae-seq/01-Fastp/Hyorhinomys-stuempkei/nextseq-single-2/JAE4661_S32_L004_R1_001.fastp.fastp.html

fastp -i /scratch/gregg_thomas/Murinae-seq/00-RawReads/Hyorhinomys-stuempkei/nextseq-single-2/JAE4661_S32_L004_R1_001.fastq.gz --length_required 30 --low_complexity_filter --complexity_threshold 30 -o /scratch/gregg_thomas/Murinae-seq/01-Fastp/Hyorhinomys-stuempkei/nextseq-single-2/JAE4661_S32_L004_R1_001.fastp.fastq.gz -h /scratch/gregg_thomas/Murinae-seq/01-Fastp/Hyorhinomys-stuempkei/nextseq-single-2/JAE4661_S32_L004_R1_001.fastp.fastp.html -j /scratch/gregg_thomas/Murinae-seq/01-Fastp/Hyorhinomys-stuempkei/nextseq-single-2/JAE4661_S32_L004_R1_001.fastp.fastp.json 
fastp v0.20.0, time used: 7 seconds
