Detecting adapter sequence for read1...
No adapter detected for read1

Detecting adapter sequence for read2...
No adapter detected for read2

Read1 before filtering:
total reads: 2809747
total bases: 212235823
Q20 bases: 203697845(95.9771%)
Q30 bases: 200058736(94.2625%)

Read2 before filtering:
total reads: 2809747
total bases: 212240389
Q20 bases: 195958028(92.3283%)
Q30 bases: 190036008(89.5381%)

Read1 after filtering:
total reads: 2697806
total bases: 203584489
Q20 bases: 196758534(96.6471%)
Q30 bases: 193539166(95.0658%)

Read2 aftering filtering:
total reads: 2697806
total bases: 203604317
Q20 bases: 191647692(94.1275%)
Q30 bases: 186385723(91.5431%)

Filtering result:
reads passed filter: 5395612
reads failed due to low quality: 212132
reads failed due to too many N: 1528
reads failed due to too short: 8584
reads failed due to low complexity: 1638
reads with adapter trimmed: 14040
bases trimmed due to adapters: 357994

Duplication rate: 9.12375%

Insert size peak (evaluated by paired-end reads): 0

JSON report: /scratch/gregg_thomas/Murinae-seq/01-Fastp/Lemniscomys-striatus/nextseq-paired-2/TCD4711_S8_L004_R.fastp.json
HTML report: /scratch/gregg_thomas/Murinae-seq/01-Fastp/Lemniscomys-striatus/nextseq-paired-2/TCD4711_S8_L004_R.fastp.html

fastp -i /scratch/gregg_thomas/Murinae-seq/00-RawReads/Lemniscomys-striatus/nextseq-paired-2/TCD4711_S8_L004_R1_001.fastq.gz -I /scratch/gregg_thomas/Murinae-seq/00-RawReads/Lemniscomys-striatus/nextseq-paired-2/TCD4711_S8_L004_R2_001.fastq.gz --detect_adapter_for_pe --length_required 30 --low_complexity_filter --complexity_threshold 30 -o /scratch/gregg_thomas/Murinae-seq/01-Fastp/Lemniscomys-striatus/nextseq-paired-2/TCD4711_S8_L004_R1_001.fastp.fastq.gz -O /scratch/gregg_thomas/Murinae-seq/01-Fastp/Lemniscomys-striatus/nextseq-paired-2/TCD4711_S8_L004_R2_001.fastp.fastq.gz -h /scratch/gregg_thomas/Murinae-seq/01-Fastp/Lemniscomys-striatus/nextseq-paired-2/TCD4711_S8_L004_R.fastp.html -j /scratch/gregg_thomas/Murinae-seq/01-Fastp/Lemniscomys-striatus/nextseq-paired-2/TCD4711_S8_L004_R.fastp.json 
fastp v0.20.0, time used: 37 seconds
