Detecting adapter sequence for read1...
No adapter detected for read1

Read1 before filtering:
total reads: 553482
total bases: 41809473
Q20 bases: 40083948(95.8729%)
Q30 bases: 39310709(94.0235%)

Read1 after filtering:
total reads: 549622
total bases: 41512575
Q20 bases: 39924810(96.1752%)
Q30 bases: 39169953(94.3568%)

Filtering result:
reads passed filter: 549622
reads failed due to low quality: 3727
reads failed due to too many N: 2
reads failed due to too short: 69
reads failed due to low complexity: 62
reads with adapter trimmed: 0
bases trimmed due to adapters: 0

Duplication rate (may be overestimated since this is SE data): 2.50102%

JSON report: /scratch/gregg_thomas/Murinae-seq/01-Fastp/Lorentzimys-nouhuysi/nextseq-single-2/ABTC46314_S55_L002_R1_001.fastp.fastp.json
HTML report: /scratch/gregg_thomas/Murinae-seq/01-Fastp/Lorentzimys-nouhuysi/nextseq-single-2/ABTC46314_S55_L002_R1_001.fastp.fastp.html

fastp -i /scratch/gregg_thomas/Murinae-seq/00-RawReads/Lorentzimys-nouhuysi/nextseq-single-2/ABTC46314_S55_L002_R1_001.fastq.gz --length_required 30 --low_complexity_filter --complexity_threshold 30 -o /scratch/gregg_thomas/Murinae-seq/01-Fastp/Lorentzimys-nouhuysi/nextseq-single-2/ABTC46314_S55_L002_R1_001.fastp.fastq.gz -h /scratch/gregg_thomas/Murinae-seq/01-Fastp/Lorentzimys-nouhuysi/nextseq-single-2/ABTC46314_S55_L002_R1_001.fastp.fastp.html -j /scratch/gregg_thomas/Murinae-seq/01-Fastp/Lorentzimys-nouhuysi/nextseq-single-2/ABTC46314_S55_L002_R1_001.fastp.fastp.json 
fastp v0.20.0, time used: 15 seconds
