Detecting adapter sequence for read1...
No adapter detected for read1

Read1 before filtering:
total reads: 375399
total bases: 28357911
Q20 bases: 27246271(96.08%)
Q30 bases: 26728589(94.2544%)

Read1 after filtering:
total reads: 373279
total bases: 28194961
Q20 bases: 27158508(96.324%)
Q30 bases: 26650960(94.5238%)

Filtering result:
reads passed filter: 373279
reads failed due to low quality: 2043
reads failed due to too many N: 1
reads failed due to too short: 51
reads failed due to low complexity: 25
reads with adapter trimmed: 0
bases trimmed due to adapters: 0

Duplication rate (may be overestimated since this is SE data): 2.3779%

JSON report: /scratch/gregg_thomas/Murinae-seq/01-Fastp/Margaretamys-parvus/nextseq-single-2/Z21794_S47_L004_R1_001.fastp.fastp.json
HTML report: /scratch/gregg_thomas/Murinae-seq/01-Fastp/Margaretamys-parvus/nextseq-single-2/Z21794_S47_L004_R1_001.fastp.fastp.html

fastp -i /scratch/gregg_thomas/Murinae-seq/00-RawReads/Margaretamys-parvus/nextseq-single-2/Z21794_S47_L004_R1_001.fastq.gz --length_required 30 --low_complexity_filter --complexity_threshold 30 -o /scratch/gregg_thomas/Murinae-seq/01-Fastp/Margaretamys-parvus/nextseq-single-2/Z21794_S47_L004_R1_001.fastp.fastq.gz -h /scratch/gregg_thomas/Murinae-seq/01-Fastp/Margaretamys-parvus/nextseq-single-2/Z21794_S47_L004_R1_001.fastp.fastp.html -j /scratch/gregg_thomas/Murinae-seq/01-Fastp/Margaretamys-parvus/nextseq-single-2/Z21794_S47_L004_R1_001.fastp.fastp.json 
fastp v0.20.0, time used: 14 seconds
