Detecting adapter sequence for read1...
No adapter detected for read1

Read1 before filtering:
total reads: 405889
total bases: 30662309
Q20 bases: 29221821(95.3021%)
Q30 bases: 28568357(93.1709%)

Read1 after filtering:
total reads: 403092
total bases: 30447479
Q20 bases: 29106286(95.5951%)
Q30 bases: 28466811(93.4948%)

Filtering result:
reads passed filter: 403092
reads failed due to low quality: 2717
reads failed due to too many N: 6
reads failed due to too short: 41
reads failed due to low complexity: 33
reads with adapter trimmed: 0
bases trimmed due to adapters: 0

Duplication rate (may be overestimated since this is SE data): 2.41048%

JSON report: /scratch/gregg_thomas/Murinae-seq/01-Fastp/Margaretamys-parvus/nextseq-single-1/Z21794_S47_L004_R1_001.fastp.fastp.json
HTML report: /scratch/gregg_thomas/Murinae-seq/01-Fastp/Margaretamys-parvus/nextseq-single-1/Z21794_S47_L004_R1_001.fastp.fastp.html

fastp -i /scratch/gregg_thomas/Murinae-seq/00-RawReads/Margaretamys-parvus/nextseq-single-1/Z21794_S47_L004_R1_001.fastq.gz --length_required 30 --low_complexity_filter --complexity_threshold 30 -o /scratch/gregg_thomas/Murinae-seq/01-Fastp/Margaretamys-parvus/nextseq-single-1/Z21794_S47_L004_R1_001.fastp.fastq.gz -h /scratch/gregg_thomas/Murinae-seq/01-Fastp/Margaretamys-parvus/nextseq-single-1/Z21794_S47_L004_R1_001.fastp.fastp.html -j /scratch/gregg_thomas/Murinae-seq/01-Fastp/Margaretamys-parvus/nextseq-single-1/Z21794_S47_L004_R1_001.fastp.fastp.json 
fastp v0.20.0, time used: 15 seconds
