Detecting adapter sequence for read1...
No adapter detected for read1

Detecting adapter sequence for read2...
No adapter detected for read2

Read1 before filtering:
total reads: 3101182
total bases: 234250649
Q20 bases: 225057261(96.0754%)
Q30 bases: 221097047(94.3848%)

Read2 before filtering:
total reads: 3101182
total bases: 234249710
Q20 bases: 217004989(92.6383%)
Q30 bases: 210634348(89.9187%)

Read1 after filtering:
total reads: 2980234
total bases: 224922642
Q20 bases: 217569034(96.7306%)
Q30 bases: 214064326(95.1724%)

Read2 aftering filtering:
total reads: 2980234
total bases: 224941960
Q20 bases: 212362582(94.4077%)
Q30 bases: 206715776(91.8974%)

Filtering result:
reads passed filter: 5960468
reads failed due to low quality: 228528
reads failed due to too many N: 1736
reads failed due to too short: 9788
reads failed due to low complexity: 1844
reads with adapter trimmed: 14128
bases trimmed due to adapters: 342016

Duplication rate: 7.22236%

Insert size peak (evaluated by paired-end reads): 119

JSON report: /scratch/gregg_thomas/Murinae-seq/01-Fastp/Mastacomys-fuscus/nextseq-paired-2/ABTC07354_S25_L004_R.fastp.json
HTML report: /scratch/gregg_thomas/Murinae-seq/01-Fastp/Mastacomys-fuscus/nextseq-paired-2/ABTC07354_S25_L004_R.fastp.html

fastp -i /scratch/gregg_thomas/Murinae-seq/00-RawReads/Mastacomys-fuscus/nextseq-paired-2/ABTC07354_S25_L004_R1_001.fastq.gz -I /scratch/gregg_thomas/Murinae-seq/00-RawReads/Mastacomys-fuscus/nextseq-paired-2/ABTC07354_S25_L004_R2_001.fastq.gz --detect_adapter_for_pe --length_required 30 --low_complexity_filter --complexity_threshold 30 -o /scratch/gregg_thomas/Murinae-seq/01-Fastp/Mastacomys-fuscus/nextseq-paired-2/ABTC07354_S25_L004_R1_001.fastp.fastq.gz -O /scratch/gregg_thomas/Murinae-seq/01-Fastp/Mastacomys-fuscus/nextseq-paired-2/ABTC07354_S25_L004_R2_001.fastp.fastq.gz -h /scratch/gregg_thomas/Murinae-seq/01-Fastp/Mastacomys-fuscus/nextseq-paired-2/ABTC07354_S25_L004_R.fastp.html -j /scratch/gregg_thomas/Murinae-seq/01-Fastp/Mastacomys-fuscus/nextseq-paired-2/ABTC07354_S25_L004_R.fastp.json 
fastp v0.20.0, time used: 28 seconds
