Detecting adapter sequence for read1...
No adapter detected for read1

Read1 before filtering:
total reads: 419544
total bases: 31690573
Q20 bases: 30466106(96.1362%)
Q30 bases: 29899213(94.3473%)

Read1 after filtering:
total reads: 417069
total bases: 31500146
Q20 bases: 30364213(96.3939%)
Q30 bases: 29808876(94.6309%)

Filtering result:
reads passed filter: 417069
reads failed due to low quality: 2403
reads failed due to too many N: 2
reads failed due to too short: 46
reads failed due to low complexity: 24
reads with adapter trimmed: 0
bases trimmed due to adapters: 0

Duplication rate (may be overestimated since this is SE data): 2.48888%

JSON report: /scratch/gregg_thomas/Murinae-seq/01-Fastp/Melasmothrix-naso/nextseq-single-2/Z21808_S48_L004_R1_001.fastp.fastp.json
HTML report: /scratch/gregg_thomas/Murinae-seq/01-Fastp/Melasmothrix-naso/nextseq-single-2/Z21808_S48_L004_R1_001.fastp.fastp.html

fastp -i /scratch/gregg_thomas/Murinae-seq/00-RawReads/Melasmothrix-naso/nextseq-single-2/Z21808_S48_L004_R1_001.fastq.gz --length_required 30 --low_complexity_filter --complexity_threshold 30 -o /scratch/gregg_thomas/Murinae-seq/01-Fastp/Melasmothrix-naso/nextseq-single-2/Z21808_S48_L004_R1_001.fastp.fastq.gz -h /scratch/gregg_thomas/Murinae-seq/01-Fastp/Melasmothrix-naso/nextseq-single-2/Z21808_S48_L004_R1_001.fastp.fastp.html -j /scratch/gregg_thomas/Murinae-seq/01-Fastp/Melasmothrix-naso/nextseq-single-2/Z21808_S48_L004_R1_001.fastp.fastp.json 
fastp v0.20.0, time used: 6 seconds
