Detecting adapter sequence for read1...
No adapter detected for read1

Detecting adapter sequence for read2...
No adapter detected for read2

Read1 before filtering:
total reads: 8683280
total bases: 651246000
Q20 bases: 638969847(98.115%)
Q30 bases: 633190551(97.2276%)

Read2 before filtering:
total reads: 8683280
total bases: 651246000
Q20 bases: 620093766(95.2165%)
Q30 bases: 610353429(93.7209%)

Read1 after filtering:
total reads: 8390613
total bases: 628696568
Q20 bases: 619722074(98.5725%)
Q30 bases: 614765324(97.7841%)

Read2 aftering filtering:
total reads: 8390613
total bases: 628707924
Q20 bases: 609313013(96.9151%)
Q30 bases: 601359376(95.65%)

Filtering result:
reads passed filter: 16781226
reads failed due to low quality: 521550
reads failed due to too many N: 4224
reads failed due to too short: 53214
reads failed due to low complexity: 6346
reads with adapter trimmed: 53410
bases trimmed due to adapters: 1147402

Duplication rate: 18.7965%

Insert size peak (evaluated by paired-end reads): 119

JSON report: /scratch/gregg_thomas/Murinae-seq/01-Fastp/Melomys-rufescens/nextseq-paired-1/ABTC-44798_S32_R.fastp.json
HTML report: /scratch/gregg_thomas/Murinae-seq/01-Fastp/Melomys-rufescens/nextseq-paired-1/ABTC-44798_S32_R.fastp.html

fastp -i /scratch/gregg_thomas/Murinae-seq/00-RawReads/Melomys-rufescens/nextseq-paired-1/ABTC-44798_S32_R1_001.fastq.gz -I /scratch/gregg_thomas/Murinae-seq/00-RawReads/Melomys-rufescens/nextseq-paired-1/ABTC-44798_S32_R2_001.fastq.gz --detect_adapter_for_pe --length_required 30 --low_complexity_filter --complexity_threshold 30 -o /scratch/gregg_thomas/Murinae-seq/01-Fastp/Melomys-rufescens/nextseq-paired-1/ABTC-44798_S32_R1_001.fastp.fastq.gz -O /scratch/gregg_thomas/Murinae-seq/01-Fastp/Melomys-rufescens/nextseq-paired-1/ABTC-44798_S32_R2_001.fastp.fastq.gz -h /scratch/gregg_thomas/Murinae-seq/01-Fastp/Melomys-rufescens/nextseq-paired-1/ABTC-44798_S32_R.fastp.html -j /scratch/gregg_thomas/Murinae-seq/01-Fastp/Melomys-rufescens/nextseq-paired-1/ABTC-44798_S32_R.fastp.json 
fastp v0.20.0, time used: 72 seconds
