Detecting adapter sequence for read1...
No adapter detected for read1

Detecting adapter sequence for read2...
No adapter detected for read2

Read1 before filtering:
total reads: 2829588
total bases: 213732363
Q20 bases: 205368963(96.087%)
Q30 bases: 201854232(94.4425%)

Read2 before filtering:
total reads: 2829588
total bases: 213658219
Q20 bases: 198111267(92.7234%)
Q30 bases: 192566351(90.1282%)

Read1 after filtering:
total reads: 2712095
total bases: 204676954
Q20 bases: 198176277(96.8239%)
Q30 bases: 195116721(95.3291%)

Read2 aftering filtering:
total reads: 2712095
total bases: 204696011
Q20 bases: 193719708(94.6378%)
Q30 bases: 188854569(92.261%)

Filtering result:
reads passed filter: 5424190
reads failed due to low quality: 222752
reads failed due to too many N: 2242
reads failed due to too short: 8642
reads failed due to low complexity: 1350
reads with adapter trimmed: 13982
bases trimmed due to adapters: 324199

Duplication rate: 7.16272%

Insert size peak (evaluated by paired-end reads): 119

JSON report: /scratch/gregg_thomas/Murinae-seq/01-Fastp/Melomys-rufescens/nextseq-paired-2/ABTC44798_S26_L002_R.fastp.json
HTML report: /scratch/gregg_thomas/Murinae-seq/01-Fastp/Melomys-rufescens/nextseq-paired-2/ABTC44798_S26_L002_R.fastp.html

fastp -i /scratch/gregg_thomas/Murinae-seq/00-RawReads/Melomys-rufescens/nextseq-paired-2/ABTC44798_S26_L002_R1_001.fastq.gz -I /scratch/gregg_thomas/Murinae-seq/00-RawReads/Melomys-rufescens/nextseq-paired-2/ABTC44798_S26_L002_R2_001.fastq.gz --detect_adapter_for_pe --length_required 30 --low_complexity_filter --complexity_threshold 30 -o /scratch/gregg_thomas/Murinae-seq/01-Fastp/Melomys-rufescens/nextseq-paired-2/ABTC44798_S26_L002_R1_001.fastp.fastq.gz -O /scratch/gregg_thomas/Murinae-seq/01-Fastp/Melomys-rufescens/nextseq-paired-2/ABTC44798_S26_L002_R2_001.fastp.fastq.gz -h /scratch/gregg_thomas/Murinae-seq/01-Fastp/Melomys-rufescens/nextseq-paired-2/ABTC44798_S26_L002_R.fastp.html -j /scratch/gregg_thomas/Murinae-seq/01-Fastp/Melomys-rufescens/nextseq-paired-2/ABTC44798_S26_L002_R.fastp.json 
fastp v0.20.0, time used: 27 seconds
