Detecting adapter sequence for read1...
No adapter detected for read1

Read1 before filtering:
total reads: 416280
total bases: 31440796
Q20 bases: 30126766(95.8206%)
Q30 bases: 29548693(93.982%)

Read1 after filtering:
total reads: 412936
total bases: 31183769
Q20 bases: 29990435(96.1732%)
Q30 bases: 29427617(94.3684%)

Filtering result:
reads passed filter: 412936
reads failed due to low quality: 3277
reads failed due to too many N: 2
reads failed due to too short: 49
reads failed due to low complexity: 16
reads with adapter trimmed: 0
bases trimmed due to adapters: 0

Duplication rate (may be overestimated since this is SE data): 2.50941%

JSON report: /scratch/gregg_thomas/Murinae-seq/01-Fastp/Niviventer-lepturus/nextseq-single-2/JAE4746_S65_L002_R1_001.fastp.fastp.json
HTML report: /scratch/gregg_thomas/Murinae-seq/01-Fastp/Niviventer-lepturus/nextseq-single-2/JAE4746_S65_L002_R1_001.fastp.fastp.html

fastp -i /scratch/gregg_thomas/Murinae-seq/00-RawReads/Niviventer-lepturus/nextseq-single-2/JAE4746_S65_L002_R1_001.fastq.gz --length_required 30 --low_complexity_filter --complexity_threshold 30 -o /scratch/gregg_thomas/Murinae-seq/01-Fastp/Niviventer-lepturus/nextseq-single-2/JAE4746_S65_L002_R1_001.fastp.fastq.gz -h /scratch/gregg_thomas/Murinae-seq/01-Fastp/Niviventer-lepturus/nextseq-single-2/JAE4746_S65_L002_R1_001.fastp.fastp.html -j /scratch/gregg_thomas/Murinae-seq/01-Fastp/Niviventer-lepturus/nextseq-single-2/JAE4746_S65_L002_R1_001.fastp.fastp.json 
fastp v0.20.0, time used: 14 seconds
