Detecting adapter sequence for read1...
No adapter detected for read1

Read1 before filtering:
total reads: 403162
total bases: 30453465
Q20 bases: 29140724(95.6894%)
Q30 bases: 28566150(93.8026%)

Read1 after filtering:
total reads: 398715
total bases: 30114024
Q20 bases: 28963826(96.1805%)
Q30 bases: 28414821(94.3574%)

Filtering result:
reads passed filter: 398715
reads failed due to low quality: 4328
reads failed due to too many N: 2
reads failed due to too short: 106
reads failed due to low complexity: 11
reads with adapter trimmed: 0
bases trimmed due to adapters: 0

Duplication rate (may be overestimated since this is SE data): 2.22527%

JSON report: /scratch/gregg_thomas/Murinae-seq/01-Fastp/Paucidentomys-vermidax/nextseq-single-2/Z21914_S49_L003_R1_001.fastp.fastp.json
HTML report: /scratch/gregg_thomas/Murinae-seq/01-Fastp/Paucidentomys-vermidax/nextseq-single-2/Z21914_S49_L003_R1_001.fastp.fastp.html

fastp -i /scratch/gregg_thomas/Murinae-seq/00-RawReads/Paucidentomys-vermidax/nextseq-single-2/Z21914_S49_L003_R1_001.fastq.gz --length_required 30 --low_complexity_filter --complexity_threshold 30 -o /scratch/gregg_thomas/Murinae-seq/01-Fastp/Paucidentomys-vermidax/nextseq-single-2/Z21914_S49_L003_R1_001.fastp.fastq.gz -h /scratch/gregg_thomas/Murinae-seq/01-Fastp/Paucidentomys-vermidax/nextseq-single-2/Z21914_S49_L003_R1_001.fastp.fastp.html -j /scratch/gregg_thomas/Murinae-seq/01-Fastp/Paucidentomys-vermidax/nextseq-single-2/Z21914_S49_L003_R1_001.fastp.fastp.json 
fastp v0.20.0, time used: 7 seconds
