Detecting adapter sequence for read1...
No adapter detected for read1

Detecting adapter sequence for read2...
No adapter detected for read2

Read1 before filtering:
total reads: 10055821
total bases: 1015637921
Q20 bases: 998357316(98.2985%)
Q30 bases: 984536389(96.9377%)

Read2 before filtering:
total reads: 10055821
total bases: 1015637921
Q20 bases: 987381891(97.2179%)
Q30 bases: 968442624(95.3531%)

Read1 after filtering:
total reads: 10045355
total bases: 1013508861
Q20 bases: 996413586(98.3133%)
Q30 bases: 982690586(96.9592%)

Read2 aftering filtering:
total reads: 10045355
total bases: 1013508861
Q20 bases: 985931625(97.279%)
Q30 bases: 967179109(95.4288%)

Filtering result:
reads passed filter: 20090710
reads failed due to low quality: 9084
reads failed due to too many N: 3174
reads failed due to too short: 0
reads failed due to low complexity: 8674
reads with adapter trimmed: 109556
bases trimmed due to adapters: 2145228

Duplication rate: 17.4781%

Insert size peak (evaluated by paired-end reads): 169

JSON report: /scratch/gregg_thomas/Murinae-seq/01-Fastp/Pseudomys-nanus/seq-run-1/52936_AH7T2JBCX2_TAGTCTA_S19_L001_R.fastp.json
HTML report: /scratch/gregg_thomas/Murinae-seq/01-Fastp/Pseudomys-nanus/seq-run-1/52936_AH7T2JBCX2_TAGTCTA_S19_L001_R.fastp.html

fastp -i /scratch/gregg_thomas/Murinae-seq/00-RawReads/Pseudomys-nanus/seq-run-1/52936_AH7T2JBCX2_TAGTCTA_S19_L001_R1_001.fastq.gz -I /scratch/gregg_thomas/Murinae-seq/00-RawReads/Pseudomys-nanus/seq-run-1/52936_AH7T2JBCX2_TAGTCTA_S19_L001_R2_001.fastq.gz --detect_adapter_for_pe --length_required 30 --low_complexity_filter --complexity_threshold 30 -o /scratch/gregg_thomas/Murinae-seq/01-Fastp/Pseudomys-nanus/seq-run-1/52936_AH7T2JBCX2_TAGTCTA_S19_L001_R1_001.fastp.fastq.gz -O /scratch/gregg_thomas/Murinae-seq/01-Fastp/Pseudomys-nanus/seq-run-1/52936_AH7T2JBCX2_TAGTCTA_S19_L001_R2_001.fastp.fastq.gz -h /scratch/gregg_thomas/Murinae-seq/01-Fastp/Pseudomys-nanus/seq-run-1/52936_AH7T2JBCX2_TAGTCTA_S19_L001_R.fastp.html -j /scratch/gregg_thomas/Murinae-seq/01-Fastp/Pseudomys-nanus/seq-run-1/52936_AH7T2JBCX2_TAGTCTA_S19_L001_R.fastp.json 
fastp v0.20.0, time used: 148 seconds
