Detecting adapter sequence for read1...
No adapter detected for read1

Read1 before filtering:
total reads: 363691
total bases: 27473356
Q20 bases: 26382405(96.0291%)
Q30 bases: 25880203(94.2011%)

Read1 after filtering:
total reads: 361495
total bases: 27304760
Q20 bases: 26292026(96.291%)
Q30 bases: 25800093(94.4894%)

Filtering result:
reads passed filter: 361495
reads failed due to low quality: 2131
reads failed due to too many N: 0
reads failed due to too short: 42
reads failed due to low complexity: 23
reads with adapter trimmed: 0
bases trimmed due to adapters: 0

Duplication rate (may be overestimated since this is SE data): 2.90059%

JSON report: /scratch/gregg_thomas/Murinae-seq/01-Fastp/Sundamys-meulleri/nextseq-single-2/JAE1283_S30_L004_R1_001.fastp.fastp.json
HTML report: /scratch/gregg_thomas/Murinae-seq/01-Fastp/Sundamys-meulleri/nextseq-single-2/JAE1283_S30_L004_R1_001.fastp.fastp.html

fastp -i /scratch/gregg_thomas/Murinae-seq/00-RawReads/Sundamys-meulleri/nextseq-single-2/JAE1283_S30_L004_R1_001.fastq.gz --length_required 30 --low_complexity_filter --complexity_threshold 30 -o /scratch/gregg_thomas/Murinae-seq/01-Fastp/Sundamys-meulleri/nextseq-single-2/JAE1283_S30_L004_R1_001.fastp.fastq.gz -h /scratch/gregg_thomas/Murinae-seq/01-Fastp/Sundamys-meulleri/nextseq-single-2/JAE1283_S30_L004_R1_001.fastp.fastp.html -j /scratch/gregg_thomas/Murinae-seq/01-Fastp/Sundamys-meulleri/nextseq-single-2/JAE1283_S30_L004_R1_001.fastp.fastp.json 
fastp v0.20.0, time used: 8 seconds
