Detecting adapter sequence for read1...
No adapter detected for read1

Detecting adapter sequence for read2...
No adapter detected for read2

Read1 before filtering:
total reads: 432522
total bases: 33736716
Q20 bases: 33518457(99.3531%)
Q30 bases: 32913819(97.5608%)

Read2 before filtering:
total reads: 432522
total bases: 33736716
Q20 bases: 33278084(98.6406%)
Q30 bases: 32418638(96.093%)

Read1 after filtering:
total reads: 430978
total bases: 33606976
Q20 bases: 33398541(99.3798%)
Q30 bases: 32805771(97.616%)

Read2 aftering filtering:
total reads: 430978
total bases: 33606976
Q20 bases: 33208805(98.8152%)
Q30 bases: 32380005(96.3491%)

Filtering result:
reads passed filter: 861956
reads failed due to low quality: 2866
reads failed due to too many N: 0
reads failed due to too short: 0
reads failed due to low complexity: 222
reads with adapter trimmed: 804
bases trimmed due to adapters: 18616

Duplication rate: 1.33001%

Insert size peak (evaluated by paired-end reads): 125

JSON report: /scratch/gregg_thomas/Murinae-seq/01-Fastp/Taeromys-punicans/miseq-paired/JLP25862_S8_L001_R.fastp.json
HTML report: /scratch/gregg_thomas/Murinae-seq/01-Fastp/Taeromys-punicans/miseq-paired/JLP25862_S8_L001_R.fastp.html

fastp -i /scratch/gregg_thomas/Murinae-seq/00-RawReads/Taeromys-punicans/miseq-paired/JLP25862_S8_L001_R1_001.fastq.gz -I /scratch/gregg_thomas/Murinae-seq/00-RawReads/Taeromys-punicans/miseq-paired/JLP25862_S8_L001_R2_001.fastq.gz --detect_adapter_for_pe --length_required 30 --low_complexity_filter --complexity_threshold 30 -o /scratch/gregg_thomas/Murinae-seq/01-Fastp/Taeromys-punicans/miseq-paired/JLP25862_S8_L001_R1_001.fastp.fastq.gz -O /scratch/gregg_thomas/Murinae-seq/01-Fastp/Taeromys-punicans/miseq-paired/JLP25862_S8_L001_R2_001.fastp.fastq.gz -h /scratch/gregg_thomas/Murinae-seq/01-Fastp/Taeromys-punicans/miseq-paired/JLP25862_S8_L001_R.fastp.html -j /scratch/gregg_thomas/Murinae-seq/01-Fastp/Taeromys-punicans/miseq-paired/JLP25862_S8_L001_R.fastp.json 
fastp v0.20.0, time used: 23 seconds
