Detecting adapter sequence for read1...
No adapter detected for read1

Detecting adapter sequence for read2...
No adapter detected for read2

Read1 before filtering:
total reads: 3128169
total bases: 236300916
Q20 bases: 226351130(95.7894%)
Q30 bases: 222091094(93.9866%)

Read2 before filtering:
total reads: 3128169
total bases: 236223252
Q20 bases: 218697799(92.581%)
Q30 bases: 212279960(89.8641%)

Read1 after filtering:
total reads: 3006831
total bases: 226964212
Q20 bases: 219125877(96.5464%)
Q30 bases: 215383084(94.8974%)

Read2 aftering filtering:
total reads: 3006831
total bases: 226978741
Q20 bases: 214089163(94.3212%)
Q30 bases: 208365724(91.7997%)

Filtering result:
reads passed filter: 6013662
reads failed due to low quality: 228664
reads failed due to too many N: 2478
reads failed due to too short: 10182
reads failed due to low complexity: 1352
reads with adapter trimmed: 13378
bases trimmed due to adapters: 352056

Duplication rate: 7.70153%

Insert size peak (evaluated by paired-end reads): 118

JSON report: /scratch/gregg_thomas/Murinae-seq/01-Fastp/Tateomys-rhinogradoides/nextseq-paired-2/Z21785_S20_L001_R.fastp.json
HTML report: /scratch/gregg_thomas/Murinae-seq/01-Fastp/Tateomys-rhinogradoides/nextseq-paired-2/Z21785_S20_L001_R.fastp.html

fastp -i /scratch/gregg_thomas/Murinae-seq/00-RawReads/Tateomys-rhinogradoides/nextseq-paired-2/Z21785_S20_L001_R1_001.fastq.gz -I /scratch/gregg_thomas/Murinae-seq/00-RawReads/Tateomys-rhinogradoides/nextseq-paired-2/Z21785_S20_L001_R2_001.fastq.gz --detect_adapter_for_pe --length_required 30 --low_complexity_filter --complexity_threshold 30 -o /scratch/gregg_thomas/Murinae-seq/01-Fastp/Tateomys-rhinogradoides/nextseq-paired-2/Z21785_S20_L001_R1_001.fastp.fastq.gz -O /scratch/gregg_thomas/Murinae-seq/01-Fastp/Tateomys-rhinogradoides/nextseq-paired-2/Z21785_S20_L001_R2_001.fastp.fastq.gz -h /scratch/gregg_thomas/Murinae-seq/01-Fastp/Tateomys-rhinogradoides/nextseq-paired-2/Z21785_S20_L001_R.fastp.html -j /scratch/gregg_thomas/Murinae-seq/01-Fastp/Tateomys-rhinogradoides/nextseq-paired-2/Z21785_S20_L001_R.fastp.json 
fastp v0.20.0, time used: 39 seconds
