Command line: /home/gregg_thomas/bin/spades/bin/spades.py	-o	/scratch/gregg_thomas/Murinae-seq/05A-Spades/Mus-pos_ctrl_B	-k	21,33,55,77,99,127	--careful	--pe1-m	/scratch/gregg_thomas/Murinae-seq/04A-Dedup/Mus-pos_ctrl_B/hiseq4000-paired-1/M44_B11_CKDL190143344-1a-D711-AK1681_H7275BBXX_L3_.fastp.decon.merged.dedup.fastq.gz	--pe1-1	/scratch/gregg_thomas/Murinae-seq/04A-Dedup/Mus-pos_ctrl_B/hiseq4000-paired-1/M44_B11_CKDL190143344-1a-D711-AK1681_H7275BBXX_L3_R1_.fastp.decon.unmerged.dedup.fastq.gz	--pe1-2	/scratch/gregg_thomas/Murinae-seq/04A-Dedup/Mus-pos_ctrl_B/hiseq4000-paired-1/M44_B11_CKDL190143344-1a-D711-AK1681_H7275BBXX_L3_R2_.fastp.decon.unmerged.dedup.fastq.gz	

System information:
  SPAdes version: 3.13.0
  Python version: 2.7.12
  OS: Linux-4.4.0-104-generic-x86_64-with-Ubuntu-16.04-xenial

Output dir: /scratch/gregg_thomas/Murinae-seq/05A-Spades/Mus-pos_ctrl_B
Mode: read error correction and assembling
Debug mode is turned OFF

Dataset parameters:
  Multi-cell mode (you should set '--sc' flag if input data was obtained with MDA (single-cell) technology or --meta flag if processing metagenomic dataset)
  Reads:
    Library number: 1, library type: paired-end
      orientation: fr
      left reads: ['/scratch/gregg_thomas/Murinae-seq/04A-Dedup/Mus-pos_ctrl_B/hiseq4000-paired-1/M44_B11_CKDL190143344-1a-D711-AK1681_H7275BBXX_L3_R1_.fastp.decon.unmerged.dedup.fastq.gz']
      right reads: ['/scratch/gregg_thomas/Murinae-seq/04A-Dedup/Mus-pos_ctrl_B/hiseq4000-paired-1/M44_B11_CKDL190143344-1a-D711-AK1681_H7275BBXX_L3_R2_.fastp.decon.unmerged.dedup.fastq.gz']
      interlaced reads: not specified
      single reads: not specified
      merged reads: ['/scratch/gregg_thomas/Murinae-seq/04A-Dedup/Mus-pos_ctrl_B/hiseq4000-paired-1/M44_B11_CKDL190143344-1a-D711-AK1681_H7275BBXX_L3_.fastp.decon.merged.dedup.fastq.gz']
Read error correction parameters:
  Iterations: 1
  PHRED offset will be auto-detected
  Corrected reads will be compressed
Assembly parameters:
  k: [21, 33, 55, 77, 99, 127]
  Repeat resolution is enabled
  Mismatch careful mode is turned ON
  MismatchCorrector will be used
  Coverage cutoff is turned OFF
Other parameters:
  Dir for temp files: /scratch/gregg_thomas/Murinae-seq/05A-Spades/Mus-pos_ctrl_B/tmp
  Threads: 16
  Memory limit (in Gb): 250


======= SPAdes pipeline started. Log can be found here: /scratch/gregg_thomas/Murinae-seq/05A-Spades/Mus-pos_ctrl_B/spades.log


===== Read error correction started. 


== Running read error correction tool: /home/gregg_thomas/bin/spades/bin/spades-hammer /scratch/gregg_thomas/Murinae-seq/05A-Spades/Mus-pos_ctrl_B/corrected/configs/config.info

  0:00:00.000     4M / 4M    INFO    General                 (main.cpp                  :  75)   Starting BayesHammer, built from refs/heads/spades_3.13.0, git revision 8ea46659e9b2aca35444a808db550ac333006f8b
  0:00:00.047     4M / 4M    INFO    General                 (main.cpp                  :  76)   Loading config from /scratch/gregg_thomas/Murinae-seq/05A-Spades/Mus-pos_ctrl_B/corrected/configs/config.info
  0:00:00.048     4M / 4M    INFO    General                 (main.cpp                  :  78)   Maximum # of threads to use (adjusted due to OMP capabilities): 16
  0:00:00.048     4M / 4M    INFO    General                 (memory_limit.cpp          :  49)   Memory limit set to 250 Gb
  0:00:00.048     4M / 4M    INFO    General                 (main.cpp                  :  86)   Trying to determine PHRED offset
  0:00:00.809     4M / 4M    INFO    General                 (main.cpp                  :  92)   Determined value is 33
  0:00:00.809     4M / 4M    INFO    General                 (hammer_tools.cpp          :  36)   Hamming graph threshold tau=1, k=21, subkmer positions = [ 0 10 ]
  0:00:00.809     4M / 4M    INFO    General                 (main.cpp                  : 113)   Size of aux. kmer data 24 bytes
     === ITERATION 0 begins ===
  0:00:00.810     4M / 4M    INFO   K-mer Index Building     (kmer_index_builder.hpp    : 301)   Building kmer index
  0:00:00.810     4M / 4M    INFO    General                 (kmer_index_builder.hpp    : 117)   Splitting kmer instances into 256 files using 16 threads. This might take a while.
  0:00:00.810     4M / 4M    INFO    General                 (file_limit.hpp            :  32)   Open file limit set to 1024
  0:00:00.810     4M / 4M    INFO    General                 (kmer_splitters.hpp        :  89)   Memory available for splitting buffers: 5.20825 Gb
  0:00:00.810     4M / 4M    INFO    General                 (kmer_splitters.hpp        :  97)   Using cell size of 262144
  0:02:32.210     8G / 8G    INFO   K-mer Splitting          (kmer_data.cpp             :  97)   Processing /scratch/gregg_thomas/Murinae-seq/04A-Dedup/Mus-pos_ctrl_B/hiseq4000-paired-1/M44_B11_CKDL190143344-1a-D711-AK1681_H7275BBXX_L3_R1_.fastp.decon.unmerged.dedup.fastq.gz
  0:05:32.338     8G / 9G    INFO   K-mer Splitting          (kmer_data.cpp             : 107)   Processed 595228 reads
  0:05:32.338     8G / 9G    INFO   K-mer Splitting          (kmer_data.cpp             :  97)   Processing /scratch/gregg_thomas/Murinae-seq/04A-Dedup/Mus-pos_ctrl_B/hiseq4000-paired-1/M44_B11_CKDL190143344-1a-D711-AK1681_H7275BBXX_L3_R2_.fastp.decon.unmerged.dedup.fastq.gz
  0:07:38.051     8G / 9G    INFO   K-mer Splitting          (kmer_data.cpp             : 107)   Processed 1190456 reads
  0:07:38.051     8G / 9G    INFO   K-mer Splitting          (kmer_data.cpp             :  97)   Processing /scratch/gregg_thomas/Murinae-seq/04A-Dedup/Mus-pos_ctrl_B/hiseq4000-paired-1/M44_B11_CKDL190143344-1a-D711-AK1681_H7275BBXX_L3_.fastp.decon.merged.dedup.fastq.gz
