INFO	2020-01-14 22:06:50	MarkDuplicates	

********** NOTE: Picard's command line syntax is changing.
**********
********** For more information, please see:
********** https://github.com/broadinstitute/picard/wiki/Command-Line-Syntax-Transition-For-Users-(Pre-Transition)
**********
********** The command line looks like this in the new syntax:
**********
**********    MarkDuplicates -I /scratch/gregg_thomas/Murinae-seq/03B-MappedMouse/Aethomys-hindei/Aethomys-hindei.sorted.bam -O /scratch/gregg_thomas/Murinae-seq/03B-MappedMouse/Aethomys-hindei/Aethomys-hindei.sorted.mkdup.bam -M /scratch/gregg_thomas/Murinae-seq/03B-MappedMouse/Aethomys-hindei/Aethomys-hindei-mkdup-metrics.txt
**********


22:06:51.164 INFO  NativeLibraryLoader - Loading libgkl_compression.so from jar:file:/home/gregg_thomas/bin/picard.jar!/com/intel/gkl/native/libgkl_compression.so
[Tue Jan 14 22:06:51 UTC 2020] MarkDuplicates INPUT=[/scratch/gregg_thomas/Murinae-seq/03B-MappedMouse/Aethomys-hindei/Aethomys-hindei.sorted.bam] OUTPUT=/scratch/gregg_thomas/Murinae-seq/03B-MappedMouse/Aethomys-hindei/Aethomys-hindei.sorted.mkdup.bam METRICS_FILE=/scratch/gregg_thomas/Murinae-seq/03B-MappedMouse/Aethomys-hindei/Aethomys-hindei-mkdup-metrics.txt    MAX_SEQUENCES_FOR_DISK_READ_ENDS_MAP=50000 MAX_FILE_HANDLES_FOR_READ_ENDS_MAP=8000 SORTING_COLLECTION_SIZE_RATIO=0.25 TAG_DUPLICATE_SET_MEMBERS=false REMOVE_SEQUENCING_DUPLICATES=false TAGGING_POLICY=DontTag CLEAR_DT=true DUPLEX_UMI=false ADD_PG_TAG_TO_READS=true REMOVE_DUPLICATES=false ASSUME_SORTED=false DUPLICATE_SCORING_STRATEGY=SUM_OF_BASE_QUALITIES PROGRAM_RECORD_ID=MarkDuplicates PROGRAM_GROUP_NAME=MarkDuplicates READ_NAME_REGEX=<optimized capture of last three ':' separated fields as numeric values> OPTICAL_DUPLICATE_PIXEL_DISTANCE=100 MAX_OPTICAL_DUPLICATE_SET_SIZE=300000 VERBOSITY=INFO QUIET=false VALIDATION_STRINGENCY=STRICT COMPRESSION_LEVEL=5 MAX_RECORDS_IN_RAM=500000 CREATE_INDEX=false CREATE_MD5_FILE=false GA4GH_CLIENT_SECRETS=client_secrets.json USE_JDK_DEFLATER=false USE_JDK_INFLATER=false
[Tue Jan 14 22:06:51 UTC 2020] Executing as gregg_thomas@ecae4883a231 on Linux 4.4.0-104-generic amd64; Java HotSpot(TM) 64-Bit Server VM 1.8.0_221-b11; Deflater: Intel; Inflater: Intel; Provider GCS is not available; Picard version: 2.20.6-SNAPSHOT
INFO	2020-01-14 22:06:52	MarkDuplicates	Start of doWork freeMemory: 2037673896; totalMemory: 2058354688; maxMemory: 28631367680
INFO	2020-01-14 22:06:52	MarkDuplicates	Reading input file and constructing read end information.
INFO	2020-01-14 22:06:52	MarkDuplicates	Will retain up to 103736839 data points before spilling to disk.
INFO	2020-01-14 22:07:42	MarkDuplicates	Read     1,000,000 records.  Elapsed time: 00:00:38s.  Time for last 1,000,000:   38s.  Last read position: chr1:75,199,601
INFO	2020-01-14 22:07:42	MarkDuplicates	Tracking 64483 as yet unmatched pairs. 3131 records in RAM.
INFO	2020-01-14 22:08:17	MarkDuplicates	Read     2,000,000 records.  Elapsed time: 00:01:14s.  Time for last 1,000,000:   35s.  Last read position: chr1:155,275,443
INFO	2020-01-14 22:08:17	MarkDuplicates	Tracking 128727 as yet unmatched pairs. 2170 records in RAM.
INFO	2020-01-14 22:08:43	MarkDuplicates	Read     3,000,000 records.  Elapsed time: 00:01:39s.  Time for last 1,000,000:   25s.  Last read position: chr2:25,608,630
INFO	2020-01-14 22:08:43	MarkDuplicates	Tracking 188925 as yet unmatched pairs. 13082 records in RAM.
INFO	2020-01-14 22:09:30	MarkDuplicates	Read     4,000,000 records.  Elapsed time: 00:02:27s.  Time for last 1,000,000:   47s.  Last read position: chr2:72,937,120
INFO	2020-01-14 22:09:30	MarkDuplicates	Tracking 232639 as yet unmatched pairs. 12522 records in RAM.
INFO	2020-01-14 22:09:47	MarkDuplicates	Read     5,000,000 records.  Elapsed time: 00:02:43s.  Time for last 1,000,000:   16s.  Last read position: chr2:121,542,968
INFO	2020-01-14 22:09:47	MarkDuplicates	Tracking 272533 as yet unmatched pairs. 8632 records in RAM.
INFO	2020-01-14 22:10:00	MarkDuplicates	Read     6,000,000 records.  Elapsed time: 00:02:56s.  Time for last 1,000,000:   12s.  Last read position: chr2:164,847,581
INFO	2020-01-14 22:10:00	MarkDuplicates	Tracking 314933 as yet unmatched pairs. 3215 records in RAM.
INFO	2020-01-14 22:10:39	MarkDuplicates	Read     7,000,000 records.  Elapsed time: 00:03:35s.  Time for last 1,000,000:   39s.  Last read position: chr3:65,546,235
INFO	2020-01-14 22:10:39	MarkDuplicates	Tracking 373044 as yet unmatched pairs. 15859 records in RAM.
INFO	2020-01-14 22:10:47	MarkDuplicates	Read     8,000,000 records.  Elapsed time: 00:03:43s.  Time for last 1,000,000:    8s.  Last read position: chr3:113,252,640
INFO	2020-01-14 22:10:47	MarkDuplicates	Tracking 410198 as yet unmatched pairs. 8525 records in RAM.
INFO	2020-01-14 22:11:20	MarkDuplicates	Read     9,000,000 records.  Elapsed time: 00:04:16s.  Time for last 1,000,000:   32s.  Last read position: chr4:34,714,402
INFO	2020-01-14 22:11:20	MarkDuplicates	Tracking 448508 as yet unmatched pairs. 31330 records in RAM.
INFO	2020-01-14 22:11:28	MarkDuplicates	Read    10,000,000 records.  Elapsed time: 00:04:24s.  Time for last 1,000,000:    7s.  Last read position: chr4:104,493,160
INFO	2020-01-14 22:11:28	MarkDuplicates	Tracking 483444 as yet unmatched pairs. 20689 records in RAM.
INFO	2020-01-14 22:11:35	MarkDuplicates	Read    11,000,000 records.  Elapsed time: 00:04:31s.  Time for last 1,000,000:    6s.  Last read position: chr4:130,337,006
INFO	2020-01-14 22:11:35	MarkDuplicates	Tracking 509032 as yet unmatched pairs. 11210 records in RAM.
INFO	2020-01-14 22:12:16	MarkDuplicates	Read    12,000,000 records.  Elapsed time: 00:05:12s.  Time for last 1,000,000:   40s.  Last read position: chr5:21,662,900
INFO	2020-01-14 22:12:16	MarkDuplicates	Tracking 540064 as yet unmatched pairs. 42583 records in RAM.
INFO	2020-01-14 22:12:40	MarkDuplicates	Read    13,000,000 records.  Elapsed time: 00:05:36s.  Time for last 1,000,000:   23s.  Last read position: chr5:88,934,188
INFO	2020-01-14 22:12:40	MarkDuplicates	Tracking 567624 as yet unmatched pairs. 26920 records in RAM.
INFO	2020-01-14 22:12:48	MarkDuplicates	Read    14,000,000 records.  Elapsed time: 00:05:44s.  Time for last 1,000,000:    8s.  Last read position: chr5:137,528,400
INFO	2020-01-14 22:12:48	MarkDuplicates	Tracking 597606 as yet unmatched pairs. 7660 records in RAM.
INFO	2020-01-14 22:13:50	MarkDuplicates	Read    15,000,000 records.  Elapsed time: 00:06:46s.  Time for last 1,000,000:   62s.  Last read position: chr6:47,107,819
INFO	2020-01-14 22:13:50	MarkDuplicates	Tracking 628279 as yet unmatched pairs. 40971 records in RAM.
INFO	2020-01-14 22:14:04	MarkDuplicates	Read    16,000,000 records.  Elapsed time: 00:07:01s.  Time for last 1,000,000:   14s.  Last read position: chr6:120,013,128
INFO	2020-01-14 22:14:04	MarkDuplicates	Tracking 642001 as yet unmatched pairs. 12516 records in RAM.
INFO	2020-01-14 22:14:31	MarkDuplicates	Read    17,000,000 records.  Elapsed time: 00:07:27s.  Time for last 1,000,000:   26s.  Last read position: chr7:26,764,925
INFO	2020-01-14 22:14:31	MarkDuplicates	Tracking 656955 as yet unmatched pairs. 51542 records in RAM.
INFO	2020-01-14 22:15:06	MarkDuplicates	Read    18,000,000 records.  Elapsed time: 00:08:03s.  Time for last 1,000,000:   35s.  Last read position: chr7:89,875,429
INFO	2020-01-14 22:15:06	MarkDuplicates	Tracking 672648 as yet unmatched pairs. 32484 records in RAM.
INFO	2020-01-14 22:15:12	MarkDuplicates	Read    19,000,000 records.  Elapsed time: 00:08:08s.  Time for last 1,000,000:    5s.  Last read position: chr7:130,820,449
INFO	2020-01-14 22:15:12	MarkDuplicates	Tracking 681723 as yet unmatched pairs. 6563 records in RAM.
INFO	2020-01-14 22:15:26	MarkDuplicates	Read    20,000,000 records.  Elapsed time: 00:08:22s.  Time for last 1,000,000:   13s.  Last read position: chr8:69,227,865
INFO	2020-01-14 22:15:26	MarkDuplicates	Tracking 691034 as yet unmatched pairs. 41639 records in RAM.
INFO	2020-01-14 22:15:39	MarkDuplicates	Read    21,000,000 records.  Elapsed time: 00:08:35s.  Time for last 1,000,000:   13s.  Last read position: chr8:117,504,234
INFO	2020-01-14 22:15:39	MarkDuplicates	Tracking 690552 as yet unmatched pairs. 6720 records in RAM.
INFO	2020-01-14 22:15:51	MarkDuplicates	Read    22,000,000 records.  Elapsed time: 00:08:47s.  Time for last 1,000,000:   11s.  Last read position: chr9:57,144,118
INFO	2020-01-14 22:15:51	MarkDuplicates	Tracking 693529 as yet unmatched pairs. 43768 records in RAM.
INFO	2020-01-14 22:16:02	MarkDuplicates	Read    23,000,000 records.  Elapsed time: 00:08:58s.  Time for last 1,000,000:   11s.  Last read position: chr9:107,563,274
INFO	2020-01-14 22:16:02	MarkDuplicates	Tracking 695299 as yet unmatched pairs. 14109 records in RAM.
INFO	2020-01-14 22:16:13	MarkDuplicates	Read    24,000,000 records.  Elapsed time: 00:09:10s.  Time for last 1,000,000:   11s.  Last read position: chr10:58,232,239
INFO	2020-01-14 22:16:13	MarkDuplicates	Tracking 690902 as yet unmatched pairs. 46600 records in RAM.
INFO	2020-01-14 22:16:20	MarkDuplicates	Read    25,000,000 records.  Elapsed time: 00:09:16s.  Time for last 1,000,000:    6s.  Last read position: chr10:125,125,929
INFO	2020-01-14 22:16:20	MarkDuplicates	Tracking 683210 as yet unmatched pairs. 5503 records in RAM.
INFO	2020-01-14 22:17:08	MarkDuplicates	Read    26,000,000 records.  Elapsed time: 00:10:05s.  Time for last 1,000,000:   48s.  Last read position: chr11:50,810,701
INFO	2020-01-14 22:17:08	MarkDuplicates	Tracking 674492 as yet unmatched pairs. 83464 records in RAM.
INFO	2020-01-14 22:17:16	MarkDuplicates	Read    27,000,000 records.  Elapsed time: 00:10:13s.  Time for last 1,000,000:    7s.  Last read position: chr11:77,289,521
INFO	2020-01-14 22:17:16	MarkDuplicates	Tracking 663019 as yet unmatched pairs. 55312 records in RAM.
INFO	2020-01-14 22:17:22	MarkDuplicates	Read    28,000,000 records.  Elapsed time: 00:10:18s.  Time for last 1,000,000:    5s.  Last read position: chr11:100,796,832
INFO	2020-01-14 22:17:22	MarkDuplicates	Tracking 650448 as yet unmatched pairs. 25179 records in RAM.
INFO	2020-01-14 22:17:38	MarkDuplicates	Read    29,000,000 records.  Elapsed time: 00:10:34s.  Time for last 1,000,000:   16s.  Last read position: chr12:28,528,546
INFO	2020-01-14 22:17:38	MarkDuplicates	Tracking 633795 as yet unmatched pairs. 59883 records in RAM.
INFO	2020-01-14 22:17:44	MarkDuplicates	Read    30,000,000 records.  Elapsed time: 00:10:40s.  Time for last 1,000,000:    5s.  Last read position: chr12:108,521,691
INFO	2020-01-14 22:17:44	MarkDuplicates	Tracking 608048 as yet unmatched pairs. 8824 records in RAM.
INFO	2020-01-14 22:17:58	MarkDuplicates	Read    31,000,000 records.  Elapsed time: 00:10:54s.  Time for last 1,000,000:   13s.  Last read position: chr13:63,524,987
INFO	2020-01-14 22:17:58	MarkDuplicates	Tracking 580759 as yet unmatched pairs. 41991 records in RAM.
INFO	2020-01-14 22:18:21	MarkDuplicates	Read    32,000,000 records.  Elapsed time: 00:11:18s.  Time for last 1,000,000:   23s.  Last read position: chr14:27,001,717
INFO	2020-01-14 22:18:21	MarkDuplicates	Tracking 546156 as yet unmatched pairs. 61150 records in RAM.
INFO	2020-01-14 22:18:28	MarkDuplicates	Read    33,000,000 records.  Elapsed time: 00:11:24s.  Time for last 1,000,000:    6s.  Last read position: chr14:98,983,608
INFO	2020-01-14 22:18:28	MarkDuplicates	Tracking 513343 as yet unmatched pairs. 13494 records in RAM.
INFO	2020-01-14 22:18:50	MarkDuplicates	Read    34,000,000 records.  Elapsed time: 00:11:46s.  Time for last 1,000,000:   22s.  Last read position: chr15:79,258,532
INFO	2020-01-14 22:18:50	MarkDuplicates	Tracking 468703 as yet unmatched pairs. 27885 records in RAM.
INFO	2020-01-14 22:19:08	MarkDuplicates	Read    35,000,000 records.  Elapsed time: 00:12:04s.  Time for last 1,000,000:   17s.  Last read position: chr16:23,110,571
INFO	2020-01-14 22:19:08	MarkDuplicates	Tracking 428933 as yet unmatched pairs. 61351 records in RAM.
INFO	2020-01-14 22:19:29	MarkDuplicates	Read    36,000,000 records.  Elapsed time: 00:12:25s.  Time for last 1,000,000:   21s.  Last read position: chr17:5,279,263
INFO	2020-01-14 22:19:29	MarkDuplicates	Tracking 378234 as yet unmatched pairs. 96128 records in RAM.
INFO	2020-01-14 22:20:13	MarkDuplicates	Read    37,000,000 records.  Elapsed time: 00:13:09s.  Time for last 1,000,000:   43s.  Last read position: chr17:36,548,781
INFO	2020-01-14 22:20:13	MarkDuplicates	Tracking 343285 as yet unmatched pairs. 55788 records in RAM.
INFO	2020-01-14 22:20:30	MarkDuplicates	Read    38,000,000 records.  Elapsed time: 00:13:26s.  Time for last 1,000,000:   16s.  Last read position: chr18:12,882,084
INFO	2020-01-14 22:20:30	MarkDuplicates	Tracking 285727 as yet unmatched pairs. 66356 records in RAM.
INFO	2020-01-14 22:20:37	MarkDuplicates	Read    39,000,000 records.  Elapsed time: 00:13:33s.  Time for last 1,000,000:    6s.  Last read position: chr18:82,875,060
INFO	2020-01-14 22:20:37	MarkDuplicates	Tracking 229213 as yet unmatched pairs. 4189 records in RAM.
INFO	2020-01-14 22:20:52	MarkDuplicates	Read    40,000,000 records.  Elapsed time: 00:13:49s.  Time for last 1,000,000:   15s.  Last read position: chr19:39,041,999
INFO	2020-01-14 22:20:52	MarkDuplicates	Tracking 173296 as yet unmatched pairs. 22669 records in RAM.
INFO	2020-01-14 22:21:10	MarkDuplicates	Read    41,000,000 records.  Elapsed time: 00:14:06s.  Time for last 1,000,000:   17s.  Last read position: chrX:59,567,615
INFO	2020-01-14 22:21:10	MarkDuplicates	Tracking 110719 as yet unmatched pairs. 100015 records in RAM.
INFO	2020-01-14 22:21:20	MarkDuplicates	Read    42,000,000 records.  Elapsed time: 00:14:16s.  Time for last 1,000,000:    9s.  Last read position: chrX:135,503,938
INFO	2020-01-14 22:21:20	MarkDuplicates	Tracking 47910 as yet unmatched pairs. 36961 records in RAM.
INFO	2020-01-14 22:21:34	MarkDuplicates	Read 42563436 records. 0 pairs never matched.
INFO	2020-01-14 22:22:20	MarkDuplicates	After buildSortedReadEndLists freeMemory: 11078833968; totalMemory: 16423845888; maxMemory: 28631367680
INFO	2020-01-14 22:22:20	MarkDuplicates	Will retain up to 894730240 duplicate indices before spilling to disk.
INFO	2020-01-14 22:22:23	MarkDuplicates	Traversing read pair information and detecting duplicates.
INFO	2020-01-14 22:24:45	MarkDuplicates	Traversing fragment information and detecting duplicates.
INFO	2020-01-14 22:24:49	MarkDuplicates	Sorting list of duplicate records.
INFO	2020-01-14 22:24:51	MarkDuplicates	After generateDuplicateIndexes freeMemory: 21263277992; totalMemory: 28556918784; maxMemory: 28631367680
INFO	2020-01-14 22:24:51	MarkDuplicates	Marking 15314201 records as duplicates.
INFO	2020-01-14 22:24:51	MarkDuplicates	Found 300241 optical duplicate clusters.
INFO	2020-01-14 22:24:51	MarkDuplicates	Reads are assumed to be ordered by: coordinate
INFO	2020-01-14 22:28:42	MarkDuplicates	Written    10,000,000 records.  Elapsed time: 00:03:50s.  Time for last 10,000,000:  230s.  Last read position: chr4:104,493,160
INFO	2020-01-14 22:32:24	MarkDuplicates	Written    20,000,000 records.  Elapsed time: 00:07:32s.  Time for last 10,000,000:  222s.  Last read position: chr8:69,227,865
INFO	2020-01-14 22:35:11	MarkDuplicates	Written    30,000,000 records.  Elapsed time: 00:10:19s.  Time for last 10,000,000:  167s.  Last read position: chr12:108,521,691
INFO	2020-01-14 22:37:53	MarkDuplicates	Written    40,000,000 records.  Elapsed time: 00:13:01s.  Time for last 10,000,000:  161s.  Last read position: chr19:39,041,999
INFO	2020-01-14 22:38:44	MarkDuplicates	Writing complete. Closing input iterator.
INFO	2020-01-14 22:38:44	MarkDuplicates	Duplicate Index cleanup.
INFO	2020-01-14 22:38:44	MarkDuplicates	Getting Memory Stats.
INFO	2020-01-14 22:38:45	MarkDuplicates	Before output close freeMemory: 28121461912; totalMemory: 28325183488; maxMemory: 28631367680
INFO	2020-01-14 22:38:45	MarkDuplicates	Closed outputs. Getting more Memory Stats.
INFO	2020-01-14 22:38:45	MarkDuplicates	After output close freeMemory: 28430791832; totalMemory: 28634513408; maxMemory: 28634513408
[Tue Jan 14 22:38:45 UTC 2020] picard.sam.markduplicates.MarkDuplicates done. Elapsed time: 31.91 minutes.
Runtime.totalMemory()=28634513408
