INFO	2020-01-14 20:37:31	MarkDuplicates	

********** NOTE: Picard's command line syntax is changing.
**********
********** For more information, please see:
********** https://github.com/broadinstitute/picard/wiki/Command-Line-Syntax-Transition-For-Users-(Pre-Transition)
**********
********** The command line looks like this in the new syntax:
**********
**********    MarkDuplicates -I /scratch/gregg_thomas/Murinae-seq/03B-MappedMouse/Bunomys-andrewsi/Bunomys-andrewsi.sorted.bam -O /scratch/gregg_thomas/Murinae-seq/03B-MappedMouse/Bunomys-andrewsi/Bunomys-andrewsi.sorted.mkdup.bam -M /scratch/gregg_thomas/Murinae-seq/03B-MappedMouse/Bunomys-andrewsi/Bunomys-andrewsi-mkdup-metrics.txt
**********


20:37:32.241 INFO  NativeLibraryLoader - Loading libgkl_compression.so from jar:file:/home/gregg_thomas/bin/picard.jar!/com/intel/gkl/native/libgkl_compression.so
[Tue Jan 14 20:37:32 UTC 2020] MarkDuplicates INPUT=[/scratch/gregg_thomas/Murinae-seq/03B-MappedMouse/Bunomys-andrewsi/Bunomys-andrewsi.sorted.bam] OUTPUT=/scratch/gregg_thomas/Murinae-seq/03B-MappedMouse/Bunomys-andrewsi/Bunomys-andrewsi.sorted.mkdup.bam METRICS_FILE=/scratch/gregg_thomas/Murinae-seq/03B-MappedMouse/Bunomys-andrewsi/Bunomys-andrewsi-mkdup-metrics.txt    MAX_SEQUENCES_FOR_DISK_READ_ENDS_MAP=50000 MAX_FILE_HANDLES_FOR_READ_ENDS_MAP=8000 SORTING_COLLECTION_SIZE_RATIO=0.25 TAG_DUPLICATE_SET_MEMBERS=false REMOVE_SEQUENCING_DUPLICATES=false TAGGING_POLICY=DontTag CLEAR_DT=true DUPLEX_UMI=false ADD_PG_TAG_TO_READS=true REMOVE_DUPLICATES=false ASSUME_SORTED=false DUPLICATE_SCORING_STRATEGY=SUM_OF_BASE_QUALITIES PROGRAM_RECORD_ID=MarkDuplicates PROGRAM_GROUP_NAME=MarkDuplicates READ_NAME_REGEX=<optimized capture of last three ':' separated fields as numeric values> OPTICAL_DUPLICATE_PIXEL_DISTANCE=100 MAX_OPTICAL_DUPLICATE_SET_SIZE=300000 VERBOSITY=INFO QUIET=false VALIDATION_STRINGENCY=STRICT COMPRESSION_LEVEL=5 MAX_RECORDS_IN_RAM=500000 CREATE_INDEX=false CREATE_MD5_FILE=false GA4GH_CLIENT_SECRETS=client_secrets.json USE_JDK_DEFLATER=false USE_JDK_INFLATER=false
[Tue Jan 14 20:37:32 UTC 2020] Executing as gregg_thomas@ecae4883a231 on Linux 4.4.0-104-generic amd64; Java HotSpot(TM) 64-Bit Server VM 1.8.0_221-b11; Deflater: Intel; Inflater: Intel; Provider GCS is not available; Picard version: 2.20.6-SNAPSHOT
INFO	2020-01-14 20:37:33	MarkDuplicates	Start of doWork freeMemory: 2037674664; totalMemory: 2058354688; maxMemory: 28631367680
INFO	2020-01-14 20:37:33	MarkDuplicates	Reading input file and constructing read end information.
INFO	2020-01-14 20:37:33	MarkDuplicates	Will retain up to 103736839 data points before spilling to disk.
INFO	2020-01-14 20:38:11	MarkDuplicates	Read     1,000,000 records.  Elapsed time: 00:00:32s.  Time for last 1,000,000:   32s.  Last read position: chr1:151,388,544
INFO	2020-01-14 20:38:11	MarkDuplicates	Tracking 29762 as yet unmatched pairs. 556 records in RAM.
INFO	2020-01-14 20:38:42	MarkDuplicates	Read     2,000,000 records.  Elapsed time: 00:01:03s.  Time for last 1,000,000:   31s.  Last read position: chr2:68,358,780
INFO	2020-01-14 20:38:42	MarkDuplicates	Tracking 52410 as yet unmatched pairs. 3007 records in RAM.
INFO	2020-01-14 20:38:56	MarkDuplicates	Read     3,000,000 records.  Elapsed time: 00:01:17s.  Time for last 1,000,000:   14s.  Last read position: chr2:156,039,069
INFO	2020-01-14 20:38:56	MarkDuplicates	Tracking 70609 as yet unmatched pairs. 1159 records in RAM.
INFO	2020-01-14 20:39:46	MarkDuplicates	Read     4,000,000 records.  Elapsed time: 00:02:07s.  Time for last 1,000,000:   50s.  Last read position: chr3:103,964,949
INFO	2020-01-14 20:39:46	MarkDuplicates	Tracking 90278 as yet unmatched pairs. 2197 records in RAM.
INFO	2020-01-14 20:39:59	MarkDuplicates	Read     5,000,000 records.  Elapsed time: 00:02:20s.  Time for last 1,000,000:   12s.  Last read position: chr4:98,405,447
INFO	2020-01-14 20:39:59	MarkDuplicates	Tracking 107483 as yet unmatched pairs. 4402 records in RAM.
INFO	2020-01-14 20:40:31	MarkDuplicates	Read     6,000,000 records.  Elapsed time: 00:02:52s.  Time for last 1,000,000:   32s.  Last read position: chr5:31,624,576
INFO	2020-01-14 20:40:31	MarkDuplicates	Tracking 120333 as yet unmatched pairs. 8874 records in RAM.
INFO	2020-01-14 20:40:53	MarkDuplicates	Read     7,000,000 records.  Elapsed time: 00:03:14s.  Time for last 1,000,000:   22s.  Last read position: chr5:144,750,837
INFO	2020-01-14 20:40:53	MarkDuplicates	Tracking 134065 as yet unmatched pairs. 915 records in RAM.
INFO	2020-01-14 20:41:39	MarkDuplicates	Read     8,000,000 records.  Elapsed time: 00:04:00s.  Time for last 1,000,000:   46s.  Last read position: chr6:122,316,706
INFO	2020-01-14 20:41:39	MarkDuplicates	Tracking 142077 as yet unmatched pairs. 2824 records in RAM.
INFO	2020-01-14 20:41:47	MarkDuplicates	Read     9,000,000 records.  Elapsed time: 00:04:08s.  Time for last 1,000,000:    7s.  Last read position: chr7:90,194,169
INFO	2020-01-14 20:41:47	MarkDuplicates	Tracking 148856 as yet unmatched pairs. 6647 records in RAM.
INFO	2020-01-14 20:42:36	MarkDuplicates	Read    10,000,000 records.  Elapsed time: 00:04:57s.  Time for last 1,000,000:   49s.  Last read position: chr8:71,330,678
INFO	2020-01-14 20:42:36	MarkDuplicates	Tracking 151623 as yet unmatched pairs. 8040 records in RAM.
INFO	2020-01-14 20:42:52	MarkDuplicates	Read    11,000,000 records.  Elapsed time: 00:05:13s.  Time for last 1,000,000:   15s.  Last read position: chr9:56,995,693
INFO	2020-01-14 20:42:52	MarkDuplicates	Tracking 151757 as yet unmatched pairs. 10010 records in RAM.
INFO	2020-01-14 20:43:07	MarkDuplicates	Read    12,000,000 records.  Elapsed time: 00:05:28s.  Time for last 1,000,000:   15s.  Last read position: chr10:60,133,689
INFO	2020-01-14 20:43:07	MarkDuplicates	Tracking 149165 as yet unmatched pairs. 10312 records in RAM.
INFO	2020-01-14 20:43:27	MarkDuplicates	Read    13,000,000 records.  Elapsed time: 00:05:48s.  Time for last 1,000,000:   19s.  Last read position: chr11:56,285,110
INFO	2020-01-14 20:43:27	MarkDuplicates	Tracking 142833 as yet unmatched pairs. 15175 records in RAM.
INFO	2020-01-14 20:43:47	MarkDuplicates	Read    14,000,000 records.  Elapsed time: 00:06:08s.  Time for last 1,000,000:   20s.  Last read position: chr11:105,097,901
INFO	2020-01-14 20:43:47	MarkDuplicates	Tracking 138723 as yet unmatched pairs. 4623 records in RAM.
INFO	2020-01-14 20:43:56	MarkDuplicates	Read    15,000,000 records.  Elapsed time: 00:06:17s.  Time for last 1,000,000:    9s.  Last read position: chr13:9,123,803
INFO	2020-01-14 20:43:56	MarkDuplicates	Tracking 127177 as yet unmatched pairs. 16963 records in RAM.
INFO	2020-01-14 20:44:10	MarkDuplicates	Read    16,000,000 records.  Elapsed time: 00:06:31s.  Time for last 1,000,000:   13s.  Last read position: chr14:50,824,579
INFO	2020-01-14 20:44:10	MarkDuplicates	Tracking 111626 as yet unmatched pairs. 11251 records in RAM.
INFO	2020-01-14 20:44:58	MarkDuplicates	Read    17,000,000 records.  Elapsed time: 00:07:18s.  Time for last 1,000,000:   47s.  Last read position: chr15:85,131,751
INFO	2020-01-14 20:44:58	MarkDuplicates	Tracking 94052 as yet unmatched pairs. 4538 records in RAM.
INFO	2020-01-14 20:45:08	MarkDuplicates	Read    18,000,000 records.  Elapsed time: 00:07:29s.  Time for last 1,000,000:   10s.  Last read position: chr17:13,884,636
INFO	2020-01-14 20:45:08	MarkDuplicates	Tracking 73345 as yet unmatched pairs. 19183 records in RAM.
INFO	2020-01-14 20:45:15	MarkDuplicates	Read    19,000,000 records.  Elapsed time: 00:07:36s.  Time for last 1,000,000:    7s.  Last read position: chr18:37,342,074
INFO	2020-01-14 20:45:15	MarkDuplicates	Tracking 51216 as yet unmatched pairs. 11398 records in RAM.
INFO	2020-01-14 20:45:36	MarkDuplicates	Read    20,000,000 records.  Elapsed time: 00:07:57s.  Time for last 1,000,000:   21s.  Last read position: chrX:16,734,145
INFO	2020-01-14 20:45:36	MarkDuplicates	Tracking 24628 as yet unmatched pairs. 22231 records in RAM.
INFO	2020-01-14 20:45:43	MarkDuplicates	Read 20685218 records. 0 pairs never matched.
INFO	2020-01-14 20:46:29	MarkDuplicates	After buildSortedReadEndLists freeMemory: 10705223048; totalMemory: 13854834688; maxMemory: 28631367680
INFO	2020-01-14 20:46:29	MarkDuplicates	Will retain up to 894730240 duplicate indices before spilling to disk.
INFO	2020-01-14 20:46:32	MarkDuplicates	Traversing read pair information and detecting duplicates.
INFO	2020-01-14 20:48:14	MarkDuplicates	Traversing fragment information and detecting duplicates.
INFO	2020-01-14 20:48:16	MarkDuplicates	Sorting list of duplicate records.
INFO	2020-01-14 20:48:20	MarkDuplicates	After generateDuplicateIndexes freeMemory: 17336156144; totalMemory: 24623710208; maxMemory: 28631367680
INFO	2020-01-14 20:48:20	MarkDuplicates	Marking 6266321 records as duplicates.
INFO	2020-01-14 20:48:20	MarkDuplicates	Found 2466 optical duplicate clusters.
INFO	2020-01-14 20:48:20	MarkDuplicates	Reads are assumed to be ordered by: coordinate
INFO	2020-01-14 20:53:28	MarkDuplicates	Written    10,000,000 records.  Elapsed time: 00:05:08s.  Time for last 10,000,000:  308s.  Last read position: chr8:71,330,678
INFO	2020-01-14 20:57:37	MarkDuplicates	Written    20,000,000 records.  Elapsed time: 00:09:16s.  Time for last 10,000,000:  248s.  Last read position: chrX:16,734,145
INFO	2020-01-14 20:58:25	MarkDuplicates	Writing complete. Closing input iterator.
INFO	2020-01-14 20:58:25	MarkDuplicates	Duplicate Index cleanup.
INFO	2020-01-14 20:58:25	MarkDuplicates	Getting Memory Stats.
INFO	2020-01-14 20:58:26	MarkDuplicates	Before output close freeMemory: 24492275296; totalMemory: 24684527616; maxMemory: 28631367680
INFO	2020-01-14 20:58:26	MarkDuplicates	Closed outputs. Getting more Memory Stats.
INFO	2020-01-14 20:58:26	MarkDuplicates	After output close freeMemory: 24002590304; totalMemory: 24194842624; maxMemory: 28631367680
[Tue Jan 14 20:58:26 UTC 2020] picard.sam.markduplicates.MarkDuplicates done. Elapsed time: 20.91 minutes.
Runtime.totalMemory()=24194842624
