INFO	2020-01-14 22:19:12	MarkDuplicates	

********** NOTE: Picard's command line syntax is changing.
**********
********** For more information, please see:
********** https://github.com/broadinstitute/picard/wiki/Command-Line-Syntax-Transition-For-Users-(Pre-Transition)
**********
********** The command line looks like this in the new syntax:
**********
**********    MarkDuplicates -I /scratch/gregg_thomas/Murinae-seq/03B-MappedMouse/Crunomys-melanius/Crunomys-melanius.sorted.bam -O /scratch/gregg_thomas/Murinae-seq/03B-MappedMouse/Crunomys-melanius/Crunomys-melanius.sorted.mkdup.bam -M /scratch/gregg_thomas/Murinae-seq/03B-MappedMouse/Crunomys-melanius/Crunomys-melanius-mkdup-metrics.txt
**********


22:19:12.498 INFO  NativeLibraryLoader - Loading libgkl_compression.so from jar:file:/home/gregg_thomas/bin/picard.jar!/com/intel/gkl/native/libgkl_compression.so
[Tue Jan 14 22:19:12 UTC 2020] MarkDuplicates INPUT=[/scratch/gregg_thomas/Murinae-seq/03B-MappedMouse/Crunomys-melanius/Crunomys-melanius.sorted.bam] OUTPUT=/scratch/gregg_thomas/Murinae-seq/03B-MappedMouse/Crunomys-melanius/Crunomys-melanius.sorted.mkdup.bam METRICS_FILE=/scratch/gregg_thomas/Murinae-seq/03B-MappedMouse/Crunomys-melanius/Crunomys-melanius-mkdup-metrics.txt    MAX_SEQUENCES_FOR_DISK_READ_ENDS_MAP=50000 MAX_FILE_HANDLES_FOR_READ_ENDS_MAP=8000 SORTING_COLLECTION_SIZE_RATIO=0.25 TAG_DUPLICATE_SET_MEMBERS=false REMOVE_SEQUENCING_DUPLICATES=false TAGGING_POLICY=DontTag CLEAR_DT=true DUPLEX_UMI=false ADD_PG_TAG_TO_READS=true REMOVE_DUPLICATES=false ASSUME_SORTED=false DUPLICATE_SCORING_STRATEGY=SUM_OF_BASE_QUALITIES PROGRAM_RECORD_ID=MarkDuplicates PROGRAM_GROUP_NAME=MarkDuplicates READ_NAME_REGEX=<optimized capture of last three ':' separated fields as numeric values> OPTICAL_DUPLICATE_PIXEL_DISTANCE=100 MAX_OPTICAL_DUPLICATE_SET_SIZE=300000 VERBOSITY=INFO QUIET=false VALIDATION_STRINGENCY=STRICT COMPRESSION_LEVEL=5 MAX_RECORDS_IN_RAM=500000 CREATE_INDEX=false CREATE_MD5_FILE=false GA4GH_CLIENT_SECRETS=client_secrets.json USE_JDK_DEFLATER=false USE_JDK_INFLATER=false
[Tue Jan 14 22:19:12 UTC 2020] Executing as gregg_thomas@ecae4883a231 on Linux 4.4.0-104-generic amd64; Java HotSpot(TM) 64-Bit Server VM 1.8.0_221-b11; Deflater: Intel; Inflater: Intel; Provider GCS is not available; Picard version: 2.20.6-SNAPSHOT
INFO	2020-01-14 22:19:13	MarkDuplicates	Start of doWork freeMemory: 2037675352; totalMemory: 2058354688; maxMemory: 28631367680
INFO	2020-01-14 22:19:13	MarkDuplicates	Reading input file and constructing read end information.
INFO	2020-01-14 22:19:13	MarkDuplicates	Will retain up to 103736839 data points before spilling to disk.
INFO	2020-01-14 22:19:48	MarkDuplicates	Read     1,000,000 records.  Elapsed time: 00:00:35s.  Time for last 1,000,000:   35s.  Last read position: chr1:86,605,746
INFO	2020-01-14 22:19:48	MarkDuplicates	Tracking 71358 as yet unmatched pairs. 2759 records in RAM.
INFO	2020-01-14 22:20:19	MarkDuplicates	Read     2,000,000 records.  Elapsed time: 00:01:06s.  Time for last 1,000,000:   31s.  Last read position: chr1:177,769,926
INFO	2020-01-14 22:20:19	MarkDuplicates	Tracking 140972 as yet unmatched pairs. 4704 records in RAM.
INFO	2020-01-14 22:20:49	MarkDuplicates	Read     3,000,000 records.  Elapsed time: 00:01:36s.  Time for last 1,000,000:   29s.  Last read position: chr2:52,081,270
INFO	2020-01-14 22:20:49	MarkDuplicates	Tracking 186110 as yet unmatched pairs. 10538 records in RAM.
INFO	2020-01-14 22:21:34	MarkDuplicates	Read     4,000,000 records.  Elapsed time: 00:02:20s.  Time for last 1,000,000:   44s.  Last read position: chr2:117,181,139
INFO	2020-01-14 22:21:34	MarkDuplicates	Tracking 228307 as yet unmatched pairs. 7258 records in RAM.
INFO	2020-01-14 22:21:44	MarkDuplicates	Read     5,000,000 records.  Elapsed time: 00:02:31s.  Time for last 1,000,000:   10s.  Last read position: chr2:166,871,082
INFO	2020-01-14 22:21:44	MarkDuplicates	Tracking 269208 as yet unmatched pairs. 1847 records in RAM.
INFO	2020-01-14 22:22:06	MarkDuplicates	Read     6,000,000 records.  Elapsed time: 00:02:53s.  Time for last 1,000,000:   22s.  Last read position: chr3:88,629,715
INFO	2020-01-14 22:22:06	MarkDuplicates	Tracking 323463 as yet unmatched pairs. 10438 records in RAM.
INFO	2020-01-14 22:23:21	MarkDuplicates	Read     7,000,000 records.  Elapsed time: 00:04:08s.  Time for last 1,000,000:   74s.  Last read position: chr4:3,498,798
INFO	2020-01-14 22:23:21	MarkDuplicates	Tracking 361290 as yet unmatched pairs. 26539 records in RAM.
INFO	2020-01-14 22:23:29	MarkDuplicates	Read     8,000,000 records.  Elapsed time: 00:04:15s.  Time for last 1,000,000:    7s.  Last read position: chr4:100,333,650
INFO	2020-01-14 22:23:29	MarkDuplicates	Tracking 402254 as yet unmatched pairs. 14297 records in RAM.
INFO	2020-01-14 22:24:08	MarkDuplicates	Read     9,000,000 records.  Elapsed time: 00:04:55s.  Time for last 1,000,000:   39s.  Last read position: chr4:147,675,222
INFO	2020-01-14 22:24:08	MarkDuplicates	Tracking 431543 as yet unmatched pairs. 2132 records in RAM.
INFO	2020-01-14 22:24:16	MarkDuplicates	Read    10,000,000 records.  Elapsed time: 00:05:03s.  Time for last 1,000,000:    7s.  Last read position: chr5:66,061,030
INFO	2020-01-14 22:24:16	MarkDuplicates	Tracking 461777 as yet unmatched pairs. 23605 records in RAM.
INFO	2020-01-14 22:24:25	MarkDuplicates	Read    11,000,000 records.  Elapsed time: 00:05:12s.  Time for last 1,000,000:    9s.  Last read position: chr5:135,208,990
INFO	2020-01-14 22:24:25	MarkDuplicates	Tracking 491754 as yet unmatched pairs. 7318 records in RAM.
INFO	2020-01-14 22:24:49	MarkDuplicates	Read    12,000,000 records.  Elapsed time: 00:05:36s.  Time for last 1,000,000:   24s.  Last read position: chr6:58,919,957
INFO	2020-01-14 22:24:49	MarkDuplicates	Tracking 514468 as yet unmatched pairs. 25176 records in RAM.
INFO	2020-01-14 22:24:55	MarkDuplicates	Read    13,000,000 records.  Elapsed time: 00:05:42s.  Time for last 1,000,000:    5s.  Last read position: chr6:148,786,751
INFO	2020-01-14 22:24:55	MarkDuplicates	Tracking 533723 as yet unmatched pairs. 877 records in RAM.
INFO	2020-01-14 22:25:05	MarkDuplicates	Read    14,000,000 records.  Elapsed time: 00:05:52s.  Time for last 1,000,000:   10s.  Last read position: chr7:76,245,434
INFO	2020-01-14 22:25:05	MarkDuplicates	Tracking 547266 as yet unmatched pairs. 27419 records in RAM.
INFO	2020-01-14 22:25:55	MarkDuplicates	Read    15,000,000 records.  Elapsed time: 00:06:42s.  Time for last 1,000,000:   49s.  Last read position: chr7:141,081,501
INFO	2020-01-14 22:25:55	MarkDuplicates	Tracking 557070 as yet unmatched pairs. 1630 records in RAM.
INFO	2020-01-14 22:26:05	MarkDuplicates	Read    16,000,000 records.  Elapsed time: 00:06:52s.  Time for last 1,000,000:   10s.  Last read position: chr8:85,835,186
INFO	2020-01-14 22:26:05	MarkDuplicates	Tracking 564174 as yet unmatched pairs. 18445 records in RAM.
INFO	2020-01-14 22:26:17	MarkDuplicates	Read    17,000,000 records.  Elapsed time: 00:07:03s.  Time for last 1,000,000:   11s.  Last read position: chr9:44,151,579
INFO	2020-01-14 22:26:17	MarkDuplicates	Tracking 568675 as yet unmatched pairs. 38531 records in RAM.
INFO	2020-01-14 22:26:34	MarkDuplicates	Read    18,000,000 records.  Elapsed time: 00:07:21s.  Time for last 1,000,000:   17s.  Last read position: chr9:107,231,394
INFO	2020-01-14 22:26:34	MarkDuplicates	Tracking 568018 as yet unmatched pairs. 9487 records in RAM.
INFO	2020-01-14 22:26:52	MarkDuplicates	Read    19,000,000 records.  Elapsed time: 00:07:39s.  Time for last 1,000,000:   17s.  Last read position: chr10:76,280,335
INFO	2020-01-14 22:26:52	MarkDuplicates	Tracking 561205 as yet unmatched pairs. 30493 records in RAM.
INFO	2020-01-14 22:27:06	MarkDuplicates	Read    20,000,000 records.  Elapsed time: 00:07:52s.  Time for last 1,000,000:   13s.  Last read position: chr11:23,256,756
INFO	2020-01-14 22:27:06	MarkDuplicates	Tracking 551435 as yet unmatched pairs. 68580 records in RAM.
INFO	2020-01-14 22:27:23	MarkDuplicates	Read    21,000,000 records.  Elapsed time: 00:08:10s.  Time for last 1,000,000:   17s.  Last read position: chr11:72,738,250
INFO	2020-01-14 22:27:23	MarkDuplicates	Tracking 539413 as yet unmatched pairs. 38911 records in RAM.
INFO	2020-01-14 22:27:45	MarkDuplicates	Read    22,000,000 records.  Elapsed time: 00:08:32s.  Time for last 1,000,000:   21s.  Last read position: chr11:102,761,582
INFO	2020-01-14 22:27:45	MarkDuplicates	Tracking 528990 as yet unmatched pairs. 14498 records in RAM.
INFO	2020-01-14 22:28:15	MarkDuplicates	Read    23,000,000 records.  Elapsed time: 00:09:01s.  Time for last 1,000,000:   29s.  Last read position: chr12:65,070,085
INFO	2020-01-14 22:28:15	MarkDuplicates	Tracking 508972 as yet unmatched pairs. 34408 records in RAM.
INFO	2020-01-14 22:28:27	MarkDuplicates	Read    24,000,000 records.  Elapsed time: 00:09:14s.  Time for last 1,000,000:   12s.  Last read position: chr13:31,559,498
INFO	2020-01-14 22:28:27	MarkDuplicates	Tracking 482161 as yet unmatched pairs. 54939 records in RAM.
INFO	2020-01-14 22:28:34	MarkDuplicates	Read    25,000,000 records.  Elapsed time: 00:09:21s.  Time for last 1,000,000:    6s.  Last read position: chr13:106,961,596
INFO	2020-01-14 22:28:34	MarkDuplicates	Tracking 454043 as yet unmatched pairs. 7501 records in RAM.
INFO	2020-01-14 22:29:50	MarkDuplicates	Read    26,000,000 records.  Elapsed time: 00:10:37s.  Time for last 1,000,000:   75s.  Last read position: chr14:65,824,612
INFO	2020-01-14 22:29:50	MarkDuplicates	Tracking 420917 as yet unmatched pairs. 29281 records in RAM.
INFO	2020-01-14 22:30:25	MarkDuplicates	Read    27,000,000 records.  Elapsed time: 00:11:12s.  Time for last 1,000,000:   35s.  Last read position: chr15:78,983,171
INFO	2020-01-14 22:30:25	MarkDuplicates	Tracking 370761 as yet unmatched pairs. 19995 records in RAM.
INFO	2020-01-14 22:31:05	MarkDuplicates	Read    28,000,000 records.  Elapsed time: 00:11:52s.  Time for last 1,000,000:   39s.  Last read position: chr16:35,953,583
INFO	2020-01-14 22:31:05	MarkDuplicates	Tracking 329244 as yet unmatched pairs. 41757 records in RAM.
INFO	2020-01-14 22:31:33	MarkDuplicates	Read    29,000,000 records.  Elapsed time: 00:12:20s.  Time for last 1,000,000:   28s.  Last read position: chr17:29,339,786
INFO	2020-01-14 22:31:33	MarkDuplicates	Tracking 279030 as yet unmatched pairs. 55399 records in RAM.
INFO	2020-01-14 22:31:48	MarkDuplicates	Read    30,000,000 records.  Elapsed time: 00:12:35s.  Time for last 1,000,000:   15s.  Last read position: chr18:13,564,761
INFO	2020-01-14 22:31:48	MarkDuplicates	Tracking 223580 as yet unmatched pairs. 55084 records in RAM.
INFO	2020-01-14 22:32:02	MarkDuplicates	Read    31,000,000 records.  Elapsed time: 00:12:49s.  Time for last 1,000,000:   14s.  Last read position: chr19:6,498,085
INFO	2020-01-14 22:32:02	MarkDuplicates	Tracking 170384 as yet unmatched pairs. 53893 records in RAM.
INFO	2020-01-14 22:32:32	MarkDuplicates	Read    32,000,000 records.  Elapsed time: 00:13:19s.  Time for last 1,000,000:   29s.  Last read position: chrX:38,546,682
INFO	2020-01-14 22:32:32	MarkDuplicates	Tracking 102382 as yet unmatched pairs. 85631 records in RAM.
INFO	2020-01-14 22:32:39	MarkDuplicates	Read    33,000,000 records.  Elapsed time: 00:13:25s.  Time for last 1,000,000:    6s.  Last read position: chrY:38,903,341
INFO	2020-01-14 22:32:39	MarkDuplicates	Tracking 5375 as yet unmatched pairs. 5270 records in RAM.
INFO	2020-01-14 22:32:39	MarkDuplicates	Read 33011945 records. 0 pairs never matched.
INFO	2020-01-14 22:33:19	MarkDuplicates	After buildSortedReadEndLists freeMemory: 10521129184; totalMemory: 14873526272; maxMemory: 28631367680
INFO	2020-01-14 22:33:19	MarkDuplicates	Will retain up to 894730240 duplicate indices before spilling to disk.
INFO	2020-01-14 22:33:22	MarkDuplicates	Traversing read pair information and detecting duplicates.
INFO	2020-01-14 22:36:07	MarkDuplicates	Traversing fragment information and detecting duplicates.
INFO	2020-01-14 22:36:10	MarkDuplicates	Sorting list of duplicate records.
INFO	2020-01-14 22:36:12	MarkDuplicates	After generateDuplicateIndexes freeMemory: 18694815456; totalMemory: 25949634560; maxMemory: 28631367680
INFO	2020-01-14 22:36:12	MarkDuplicates	Marking 12107424 records as duplicates.
INFO	2020-01-14 22:36:12	MarkDuplicates	Found 286237 optical duplicate clusters.
INFO	2020-01-14 22:36:12	MarkDuplicates	Reads are assumed to be ordered by: coordinate
INFO	2020-01-14 22:40:06	MarkDuplicates	Written    10,000,000 records.  Elapsed time: 00:03:53s.  Time for last 10,000,000:  233s.  Last read position: chr5:66,061,030
INFO	2020-01-14 22:43:02	MarkDuplicates	Written    20,000,000 records.  Elapsed time: 00:06:49s.  Time for last 10,000,000:  175s.  Last read position: chr11:23,256,756
INFO	2020-01-14 22:45:54	MarkDuplicates	Written    30,000,000 records.  Elapsed time: 00:09:41s.  Time for last 10,000,000:  172s.  Last read position: chr18:13,564,761
INFO	2020-01-14 22:47:31	MarkDuplicates	Writing complete. Closing input iterator.
INFO	2020-01-14 22:47:31	MarkDuplicates	Duplicate Index cleanup.
INFO	2020-01-14 22:47:31	MarkDuplicates	Getting Memory Stats.
INFO	2020-01-14 22:47:31	MarkDuplicates	Before output close freeMemory: 25781656744; totalMemory: 25983713280; maxMemory: 28631367680
INFO	2020-01-14 22:47:31	MarkDuplicates	Closed outputs. Getting more Memory Stats.
INFO	2020-01-14 22:47:32	MarkDuplicates	After output close freeMemory: 25416752296; totalMemory: 25618808832; maxMemory: 28631367680
[Tue Jan 14 22:47:32 UTC 2020] picard.sam.markduplicates.MarkDuplicates done. Elapsed time: 28.33 minutes.
Runtime.totalMemory()=25618808832
