INFO	2020-01-14 19:03:58	MarkDuplicates	

********** NOTE: Picard's command line syntax is changing.
**********
********** For more information, please see:
********** https://github.com/broadinstitute/picard/wiki/Command-Line-Syntax-Transition-For-Users-(Pre-Transition)
**********
********** The command line looks like this in the new syntax:
**********
**********    MarkDuplicates -I /scratch/gregg_thomas/Murinae-seq/03B-MappedMouse/Hybomys-univittatus/Hybomys-univittatus.sorted.bam -O /scratch/gregg_thomas/Murinae-seq/03B-MappedMouse/Hybomys-univittatus/Hybomys-univittatus.sorted.mkdup.bam -M /scratch/gregg_thomas/Murinae-seq/03B-MappedMouse/Hybomys-univittatus/Hybomys-univittatus-mkdup-metrics.txt
**********


19:03:59.179 INFO  NativeLibraryLoader - Loading libgkl_compression.so from jar:file:/home/gregg_thomas/bin/picard.jar!/com/intel/gkl/native/libgkl_compression.so
[Tue Jan 14 19:03:59 UTC 2020] MarkDuplicates INPUT=[/scratch/gregg_thomas/Murinae-seq/03B-MappedMouse/Hybomys-univittatus/Hybomys-univittatus.sorted.bam] OUTPUT=/scratch/gregg_thomas/Murinae-seq/03B-MappedMouse/Hybomys-univittatus/Hybomys-univittatus.sorted.mkdup.bam METRICS_FILE=/scratch/gregg_thomas/Murinae-seq/03B-MappedMouse/Hybomys-univittatus/Hybomys-univittatus-mkdup-metrics.txt    MAX_SEQUENCES_FOR_DISK_READ_ENDS_MAP=50000 MAX_FILE_HANDLES_FOR_READ_ENDS_MAP=8000 SORTING_COLLECTION_SIZE_RATIO=0.25 TAG_DUPLICATE_SET_MEMBERS=false REMOVE_SEQUENCING_DUPLICATES=false TAGGING_POLICY=DontTag CLEAR_DT=true DUPLEX_UMI=false ADD_PG_TAG_TO_READS=true REMOVE_DUPLICATES=false ASSUME_SORTED=false DUPLICATE_SCORING_STRATEGY=SUM_OF_BASE_QUALITIES PROGRAM_RECORD_ID=MarkDuplicates PROGRAM_GROUP_NAME=MarkDuplicates READ_NAME_REGEX=<optimized capture of last three ':' separated fields as numeric values> OPTICAL_DUPLICATE_PIXEL_DISTANCE=100 MAX_OPTICAL_DUPLICATE_SET_SIZE=300000 VERBOSITY=INFO QUIET=false VALIDATION_STRINGENCY=STRICT COMPRESSION_LEVEL=5 MAX_RECORDS_IN_RAM=500000 CREATE_INDEX=false CREATE_MD5_FILE=false GA4GH_CLIENT_SECRETS=client_secrets.json USE_JDK_DEFLATER=false USE_JDK_INFLATER=false
[Tue Jan 14 19:03:59 UTC 2020] Executing as gregg_thomas@ecae4883a231 on Linux 4.4.0-104-generic amd64; Java HotSpot(TM) 64-Bit Server VM 1.8.0_221-b11; Deflater: Intel; Inflater: Intel; Provider GCS is not available; Picard version: 2.20.6-SNAPSHOT
INFO	2020-01-14 19:04:00	MarkDuplicates	Start of doWork freeMemory: 2037674464; totalMemory: 2058354688; maxMemory: 28631367680
INFO	2020-01-14 19:04:00	MarkDuplicates	Reading input file and constructing read end information.
INFO	2020-01-14 19:04:00	MarkDuplicates	Will retain up to 103736839 data points before spilling to disk.
INFO	2020-01-14 19:04:27	MarkDuplicates	Read     1,000,000 records.  Elapsed time: 00:00:21s.  Time for last 1,000,000:   21s.  Last read position: chr1:75,415,454
INFO	2020-01-14 19:04:27	MarkDuplicates	Tracking 16579 as yet unmatched pairs. 623 records in RAM.
INFO	2020-01-14 19:05:01	MarkDuplicates	Read     2,000,000 records.  Elapsed time: 00:00:54s.  Time for last 1,000,000:   33s.  Last read position: chr1:161,046,758
INFO	2020-01-14 19:05:01	MarkDuplicates	Tracking 31440 as yet unmatched pairs. 491 records in RAM.
INFO	2020-01-14 19:05:10	MarkDuplicates	Read     3,000,000 records.  Elapsed time: 00:01:03s.  Time for last 1,000,000:    9s.  Last read position: chr2:32,974,632
INFO	2020-01-14 19:05:10	MarkDuplicates	Tracking 44183 as yet unmatched pairs. 3408 records in RAM.
INFO	2020-01-14 19:05:42	MarkDuplicates	Read     4,000,000 records.  Elapsed time: 00:01:36s.  Time for last 1,000,000:   32s.  Last read position: chr2:80,658,946
INFO	2020-01-14 19:05:42	MarkDuplicates	Tracking 52840 as yet unmatched pairs. 3199 records in RAM.
INFO	2020-01-14 19:06:10	MarkDuplicates	Read     5,000,000 records.  Elapsed time: 00:02:03s.  Time for last 1,000,000:   27s.  Last read position: chr2:130,935,442
INFO	2020-01-14 19:06:10	MarkDuplicates	Tracking 63468 as yet unmatched pairs. 1948 records in RAM.
INFO	2020-01-14 19:06:21	MarkDuplicates	Read     6,000,000 records.  Elapsed time: 00:02:15s.  Time for last 1,000,000:   11s.  Last read position: chr3:30,009,975
INFO	2020-01-14 19:06:21	MarkDuplicates	Tracking 75686 as yet unmatched pairs. 4353 records in RAM.
INFO	2020-01-14 19:06:37	MarkDuplicates	Read     7,000,000 records.  Elapsed time: 00:02:30s.  Time for last 1,000,000:   15s.  Last read position: chr3:98,123,691
INFO	2020-01-14 19:06:37	MarkDuplicates	Tracking 86639 as yet unmatched pairs. 2250 records in RAM.
INFO	2020-01-14 19:07:58	MarkDuplicates	Read     8,000,000 records.  Elapsed time: 00:03:52s.  Time for last 1,000,000:   81s.  Last read position: chr4:12,234,643
INFO	2020-01-14 19:07:58	MarkDuplicates	Tracking 96245 as yet unmatched pairs. 7551 records in RAM.
INFO	2020-01-14 19:08:10	MarkDuplicates	Read     9,000,000 records.  Elapsed time: 00:04:03s.  Time for last 1,000,000:   11s.  Last read position: chr4:101,599,190
INFO	2020-01-14 19:08:10	MarkDuplicates	Tracking 105099 as yet unmatched pairs. 3840 records in RAM.
INFO	2020-01-14 19:08:20	MarkDuplicates	Read    10,000,000 records.  Elapsed time: 00:04:13s.  Time for last 1,000,000:    9s.  Last read position: chr4:147,755,399
INFO	2020-01-14 19:08:20	MarkDuplicates	Tracking 112827 as yet unmatched pairs. 879 records in RAM.
INFO	2020-01-14 19:09:09	MarkDuplicates	Read    11,000,000 records.  Elapsed time: 00:05:02s.  Time for last 1,000,000:   49s.  Last read position: chr5:66,677,125
INFO	2020-01-14 19:09:09	MarkDuplicates	Tracking 119280 as yet unmatched pairs. 6056 records in RAM.
INFO	2020-01-14 19:09:14	MarkDuplicates	Read    12,000,000 records.  Elapsed time: 00:05:07s.  Time for last 1,000,000:    5s.  Last read position: chr5:135,236,262
INFO	2020-01-14 19:09:14	MarkDuplicates	Tracking 126446 as yet unmatched pairs. 1645 records in RAM.
INFO	2020-01-14 19:09:31	MarkDuplicates	Read    13,000,000 records.  Elapsed time: 00:05:24s.  Time for last 1,000,000:   16s.  Last read position: chr6:52,751,067
INFO	2020-01-14 19:09:31	MarkDuplicates	Tracking 131071 as yet unmatched pairs. 6939 records in RAM.
INFO	2020-01-14 19:09:45	MarkDuplicates	Read    14,000,000 records.  Elapsed time: 00:05:38s.  Time for last 1,000,000:   14s.  Last read position: chr6:139,896,049
INFO	2020-01-14 19:09:45	MarkDuplicates	Tracking 135857 as yet unmatched pairs. 1095 records in RAM.
INFO	2020-01-14 19:10:26	MarkDuplicates	Read    15,000,000 records.  Elapsed time: 00:06:20s.  Time for last 1,000,000:   41s.  Last read position: chr7:67,231,687
INFO	2020-01-14 19:10:26	MarkDuplicates	Tracking 139389 as yet unmatched pairs. 7410 records in RAM.
INFO	2020-01-14 19:10:33	MarkDuplicates	Read    16,000,000 records.  Elapsed time: 00:06:27s.  Time for last 1,000,000:    6s.  Last read position: chr7:131,443,753
INFO	2020-01-14 19:10:33	MarkDuplicates	Tracking 141814 as yet unmatched pairs. 1112 records in RAM.
INFO	2020-01-14 19:10:48	MarkDuplicates	Read    17,000,000 records.  Elapsed time: 00:06:41s.  Time for last 1,000,000:   14s.  Last read position: chr8:83,722,417
INFO	2020-01-14 19:10:48	MarkDuplicates	Tracking 144209 as yet unmatched pairs. 5305 records in RAM.
INFO	2020-01-14 19:11:54	MarkDuplicates	Read    18,000,000 records.  Elapsed time: 00:07:47s.  Time for last 1,000,000:   65s.  Last read position: chr9:38,947,852
INFO	2020-01-14 19:11:54	MarkDuplicates	Tracking 144803 as yet unmatched pairs. 11424 records in RAM.
INFO	2020-01-14 19:12:03	MarkDuplicates	Read    19,000,000 records.  Elapsed time: 00:07:57s.  Time for last 1,000,000:    9s.  Last read position: chr9:88,477,059
INFO	2020-01-14 19:12:03	MarkDuplicates	Tracking 146340 as yet unmatched pairs. 6294 records in RAM.
INFO	2020-01-14 19:12:26	MarkDuplicates	Read    20,000,000 records.  Elapsed time: 00:08:19s.  Time for last 1,000,000:   22s.  Last read position: chr10:41,455,758
INFO	2020-01-14 19:12:26	MarkDuplicates	Tracking 143715 as yet unmatched pairs. 11526 records in RAM.
INFO	2020-01-14 19:12:46	MarkDuplicates	Read    21,000,000 records.  Elapsed time: 00:08:39s.  Time for last 1,000,000:   19s.  Last read position: chr10:128,017,952
INFO	2020-01-14 19:12:46	MarkDuplicates	Tracking 140849 as yet unmatched pairs. 733 records in RAM.
INFO	2020-01-14 19:13:16	MarkDuplicates	Read    22,000,000 records.  Elapsed time: 00:09:10s.  Time for last 1,000,000:   30s.  Last read position: chr11:55,251,313
INFO	2020-01-14 19:13:16	MarkDuplicates	Tracking 138426 as yet unmatched pairs. 15429 records in RAM.
INFO	2020-01-14 19:13:27	MarkDuplicates	Read    23,000,000 records.  Elapsed time: 00:09:20s.  Time for last 1,000,000:   10s.  Last read position: chr11:87,116,316
INFO	2020-01-14 19:13:27	MarkDuplicates	Tracking 135355 as yet unmatched pairs. 8368 records in RAM.
INFO	2020-01-14 19:13:45	MarkDuplicates	Read    24,000,000 records.  Elapsed time: 00:09:39s.  Time for last 1,000,000:   18s.  Last read position: chr11:115,979,597
INFO	2020-01-14 19:13:45	MarkDuplicates	Tracking 132427 as yet unmatched pairs. 1468 records in RAM.
INFO	2020-01-14 19:14:18	MarkDuplicates	Read    25,000,000 records.  Elapsed time: 00:10:12s.  Time for last 1,000,000:   32s.  Last read position: chr12:83,676,069
INFO	2020-01-14 19:14:18	MarkDuplicates	Tracking 126349 as yet unmatched pairs. 5558 records in RAM.
INFO	2020-01-14 19:14:30	MarkDuplicates	Read    26,000,000 records.  Elapsed time: 00:10:24s.  Time for last 1,000,000:   12s.  Last read position: chr13:55,652,895
INFO	2020-01-14 19:14:30	MarkDuplicates	Tracking 119032 as yet unmatched pairs. 11120 records in RAM.
INFO	2020-01-14 19:14:42	MarkDuplicates	Read    27,000,000 records.  Elapsed time: 00:10:35s.  Time for last 1,000,000:   11s.  Last read position: chr14:26,964,843
INFO	2020-01-14 19:14:42	MarkDuplicates	Tracking 109515 as yet unmatched pairs. 13512 records in RAM.
INFO	2020-01-14 19:16:23	MarkDuplicates	Read    28,000,000 records.  Elapsed time: 00:12:16s.  Time for last 1,000,000:  100s.  Last read position: chr14:118,970,559
INFO	2020-01-14 19:16:23	MarkDuplicates	Tracking 100773 as yet unmatched pairs. 1086 records in RAM.
INFO	2020-01-14 19:16:47	MarkDuplicates	Read    29,000,000 records.  Elapsed time: 00:12:40s.  Time for last 1,000,000:   24s.  Last read position: chr15:96,418,584
INFO	2020-01-14 19:16:47	MarkDuplicates	Tracking 90364 as yet unmatched pairs. 3074 records in RAM.
INFO	2020-01-14 19:16:57	MarkDuplicates	Read    30,000,000 records.  Elapsed time: 00:12:50s.  Time for last 1,000,000:   10s.  Last read position: chr16:57,572,325
INFO	2020-01-14 19:16:57	MarkDuplicates	Tracking 79456 as yet unmatched pairs. 5997 records in RAM.
INFO	2020-01-14 19:17:15	MarkDuplicates	Read    31,000,000 records.  Elapsed time: 00:13:09s.  Time for last 1,000,000:   18s.  Last read position: chr17:36,143,295
INFO	2020-01-14 19:17:15	MarkDuplicates	Tracking 68607 as yet unmatched pairs. 12934 records in RAM.
INFO	2020-01-14 19:17:35	MarkDuplicates	Read    32,000,000 records.  Elapsed time: 00:13:29s.  Time for last 1,000,000:   19s.  Last read position: chr18:34,842,851
INFO	2020-01-14 19:17:35	MarkDuplicates	Tracking 51331 as yet unmatched pairs. 9408 records in RAM.
INFO	2020-01-14 19:18:12	MarkDuplicates	Read    33,000,000 records.  Elapsed time: 00:14:05s.  Time for last 1,000,000:   36s.  Last read position: chr19:16,698,819
INFO	2020-01-14 19:18:12	MarkDuplicates	Tracking 39683 as yet unmatched pairs. 10813 records in RAM.
INFO	2020-01-14 19:18:23	MarkDuplicates	Read    34,000,000 records.  Elapsed time: 00:14:16s.  Time for last 1,000,000:   10s.  Last read position: chrX:49,128,802
INFO	2020-01-14 19:18:23	MarkDuplicates	Tracking 22708 as yet unmatched pairs. 20710 records in RAM.
INFO	2020-01-14 19:18:38	MarkDuplicates	Read 34916228 records. 0 pairs never matched.
INFO	2020-01-14 19:19:26	MarkDuplicates	After buildSortedReadEndLists freeMemory: 10908984552; totalMemory: 15339094016; maxMemory: 28631367680
INFO	2020-01-14 19:19:26	MarkDuplicates	Will retain up to 894730240 duplicate indices before spilling to disk.
INFO	2020-01-14 19:19:32	MarkDuplicates	Traversing read pair information and detecting duplicates.
INFO	2020-01-14 19:24:19	MarkDuplicates	Traversing fragment information and detecting duplicates.
INFO	2020-01-14 19:24:26	MarkDuplicates	Sorting list of duplicate records.
INFO	2020-01-14 19:24:34	MarkDuplicates	After generateDuplicateIndexes freeMemory: 18916520648; totalMemory: 26212827136; maxMemory: 28631367680
INFO	2020-01-14 19:24:34	MarkDuplicates	Marking 13687072 records as duplicates.
INFO	2020-01-14 19:24:34	MarkDuplicates	Found 9743 optical duplicate clusters.
INFO	2020-01-14 19:24:34	MarkDuplicates	Reads are assumed to be ordered by: coordinate
INFO	2020-01-14 19:27:31	MarkDuplicates	Written    10,000,000 records.  Elapsed time: 00:02:56s.  Time for last 10,000,000:  176s.  Last read position: chr4:147,755,399
INFO	2020-01-14 19:32:16	MarkDuplicates	Written    20,000,000 records.  Elapsed time: 00:07:41s.  Time for last 10,000,000:  284s.  Last read position: chr10:41,455,758
INFO	2020-01-14 19:35:14	MarkDuplicates	Written    30,000,000 records.  Elapsed time: 00:10:39s.  Time for last 10,000,000:  177s.  Last read position: chr16:57,572,325
INFO	2020-01-14 19:36:51	MarkDuplicates	Writing complete. Closing input iterator.
INFO	2020-01-14 19:36:51	MarkDuplicates	Duplicate Index cleanup.
INFO	2020-01-14 19:36:51	MarkDuplicates	Getting Memory Stats.
INFO	2020-01-14 19:36:51	MarkDuplicates	Before output close freeMemory: 25571152352; totalMemory: 25769279488; maxMemory: 28631367680
INFO	2020-01-14 19:36:51	MarkDuplicates	Closed outputs. Getting more Memory Stats.
INFO	2020-01-14 19:36:52	MarkDuplicates	After output close freeMemory: 26017321440; totalMemory: 26215448576; maxMemory: 28631367680
[Tue Jan 14 19:36:52 UTC 2020] picard.sam.markduplicates.MarkDuplicates done. Elapsed time: 32.89 minutes.
Runtime.totalMemory()=26215448576
