INFO	2020-01-14 19:58:14	MarkDuplicates	

********** NOTE: Picard's command line syntax is changing.
**********
********** For more information, please see:
********** https://github.com/broadinstitute/picard/wiki/Command-Line-Syntax-Transition-For-Users-(Pre-Transition)
**********
********** The command line looks like this in the new syntax:
**********
**********    MarkDuplicates -I /scratch/gregg_thomas/Murinae-seq/03B-MappedMouse/Margaretamys-parvus/Margaretamys-parvus.sorted.bam -O /scratch/gregg_thomas/Murinae-seq/03B-MappedMouse/Margaretamys-parvus/Margaretamys-parvus.sorted.mkdup.bam -M /scratch/gregg_thomas/Murinae-seq/03B-MappedMouse/Margaretamys-parvus/Margaretamys-parvus-mkdup-metrics.txt
**********


19:58:14.970 INFO  NativeLibraryLoader - Loading libgkl_compression.so from jar:file:/home/gregg_thomas/bin/picard.jar!/com/intel/gkl/native/libgkl_compression.so
[Tue Jan 14 19:58:15 UTC 2020] MarkDuplicates INPUT=[/scratch/gregg_thomas/Murinae-seq/03B-MappedMouse/Margaretamys-parvus/Margaretamys-parvus.sorted.bam] OUTPUT=/scratch/gregg_thomas/Murinae-seq/03B-MappedMouse/Margaretamys-parvus/Margaretamys-parvus.sorted.mkdup.bam METRICS_FILE=/scratch/gregg_thomas/Murinae-seq/03B-MappedMouse/Margaretamys-parvus/Margaretamys-parvus-mkdup-metrics.txt    MAX_SEQUENCES_FOR_DISK_READ_ENDS_MAP=50000 MAX_FILE_HANDLES_FOR_READ_ENDS_MAP=8000 SORTING_COLLECTION_SIZE_RATIO=0.25 TAG_DUPLICATE_SET_MEMBERS=false REMOVE_SEQUENCING_DUPLICATES=false TAGGING_POLICY=DontTag CLEAR_DT=true DUPLEX_UMI=false ADD_PG_TAG_TO_READS=true REMOVE_DUPLICATES=false ASSUME_SORTED=false DUPLICATE_SCORING_STRATEGY=SUM_OF_BASE_QUALITIES PROGRAM_RECORD_ID=MarkDuplicates PROGRAM_GROUP_NAME=MarkDuplicates READ_NAME_REGEX=<optimized capture of last three ':' separated fields as numeric values> OPTICAL_DUPLICATE_PIXEL_DISTANCE=100 MAX_OPTICAL_DUPLICATE_SET_SIZE=300000 VERBOSITY=INFO QUIET=false VALIDATION_STRINGENCY=STRICT COMPRESSION_LEVEL=5 MAX_RECORDS_IN_RAM=500000 CREATE_INDEX=false CREATE_MD5_FILE=false GA4GH_CLIENT_SECRETS=client_secrets.json USE_JDK_DEFLATER=false USE_JDK_INFLATER=false
[Tue Jan 14 19:58:15 UTC 2020] Executing as gregg_thomas@ecae4883a231 on Linux 4.4.0-104-generic amd64; Java HotSpot(TM) 64-Bit Server VM 1.8.0_221-b11; Deflater: Intel; Inflater: Intel; Provider GCS is not available; Picard version: 2.20.6-SNAPSHOT
INFO	2020-01-14 19:58:15	MarkDuplicates	Start of doWork freeMemory: 2037675248; totalMemory: 2058354688; maxMemory: 28631367680
INFO	2020-01-14 19:58:15	MarkDuplicates	Reading input file and constructing read end information.
INFO	2020-01-14 19:58:15	MarkDuplicates	Will retain up to 103736839 data points before spilling to disk.
INFO	2020-01-14 19:59:03	MarkDuplicates	Read     1,000,000 records.  Elapsed time: 00:00:33s.  Time for last 1,000,000:   33s.  Last read position: chr1:54,364,439
INFO	2020-01-14 19:59:03	MarkDuplicates	Tracking 48843 as yet unmatched pairs. 2981 records in RAM.
INFO	2020-01-14 19:59:24	MarkDuplicates	Read     2,000,000 records.  Elapsed time: 00:00:54s.  Time for last 1,000,000:   20s.  Last read position: chr1:86,352,214
INFO	2020-01-14 19:59:24	MarkDuplicates	Tracking 86380 as yet unmatched pairs. 4069 records in RAM.
INFO	2020-01-14 19:59:35	MarkDuplicates	Read     3,000,000 records.  Elapsed time: 00:01:05s.  Time for last 1,000,000:   11s.  Last read position: chr1:136,052,790
INFO	2020-01-14 19:59:35	MarkDuplicates	Tracking 133928 as yet unmatched pairs. 3121 records in RAM.
INFO	2020-01-14 20:00:15	MarkDuplicates	Read     4,000,000 records.  Elapsed time: 00:01:45s.  Time for last 1,000,000:   39s.  Last read position: chr1:173,332,234
INFO	2020-01-14 20:00:15	MarkDuplicates	Tracking 175865 as yet unmatched pairs. 1494 records in RAM.
INFO	2020-01-14 20:00:28	MarkDuplicates	Read     5,000,000 records.  Elapsed time: 00:01:58s.  Time for last 1,000,000:   13s.  Last read position: chr2:23,508,760
INFO	2020-01-14 20:00:28	MarkDuplicates	Tracking 217519 as yet unmatched pairs. 15236 records in RAM.
INFO	2020-01-14 20:00:36	MarkDuplicates	Read     6,000,000 records.  Elapsed time: 00:02:06s.  Time for last 1,000,000:    7s.  Last read position: chr2:44,564,764
INFO	2020-01-14 20:00:36	MarkDuplicates	Tracking 240840 as yet unmatched pairs. 14230 records in RAM.
INFO	2020-01-14 20:01:15	MarkDuplicates	Read     7,000,000 records.  Elapsed time: 00:02:45s.  Time for last 1,000,000:   38s.  Last read position: chr2:73,386,390
INFO	2020-01-14 20:01:15	MarkDuplicates	Tracking 267257 as yet unmatched pairs. 13048 records in RAM.
INFO	2020-01-14 20:01:44	MarkDuplicates	Read     8,000,000 records.  Elapsed time: 00:03:14s.  Time for last 1,000,000:   28s.  Last read position: chr2:105,001,272
INFO	2020-01-14 20:01:44	MarkDuplicates	Tracking 293139 as yet unmatched pairs. 11043 records in RAM.
INFO	2020-01-14 20:01:51	MarkDuplicates	Read     9,000,000 records.  Elapsed time: 00:03:21s.  Time for last 1,000,000:    6s.  Last read position: chr2:127,482,172
INFO	2020-01-14 20:01:51	MarkDuplicates	Tracking 320751 as yet unmatched pairs. 8582 records in RAM.
INFO	2020-01-14 20:02:27	MarkDuplicates	Read    10,000,000 records.  Elapsed time: 00:03:57s.  Time for last 1,000,000:   36s.  Last read position: chr2:156,019,610
INFO	2020-01-14 20:02:27	MarkDuplicates	Tracking 349108 as yet unmatched pairs. 4711 records in RAM.
INFO	2020-01-14 20:02:38	MarkDuplicates	Read    11,000,000 records.  Elapsed time: 00:04:08s.  Time for last 1,000,000:   11s.  Last read position: chr3:9,283,080
INFO	2020-01-14 20:02:38	MarkDuplicates	Tracking 377689 as yet unmatched pairs. 23438 records in RAM.
INFO	2020-01-14 20:02:49	MarkDuplicates	Read    12,000,000 records.  Elapsed time: 00:04:19s.  Time for last 1,000,000:   11s.  Last read position: chr3:62,727,107
INFO	2020-01-14 20:02:49	MarkDuplicates	Tracking 413149 as yet unmatched pairs. 17242 records in RAM.
INFO	2020-01-14 20:03:41	MarkDuplicates	Read    13,000,000 records.  Elapsed time: 00:05:11s.  Time for last 1,000,000:   51s.  Last read position: chr3:95,060,468
INFO	2020-01-14 20:03:41	MarkDuplicates	Tracking 438925 as yet unmatched pairs. 12336 records in RAM.
INFO	2020-01-14 20:03:50	MarkDuplicates	Read    14,000,000 records.  Elapsed time: 00:05:20s.  Time for last 1,000,000:    9s.  Last read position: chr3:121,769,509
INFO	2020-01-14 20:03:50	MarkDuplicates	Tracking 461741 as yet unmatched pairs. 7826 records in RAM.
INFO	2020-01-14 20:04:03	MarkDuplicates	Read    15,000,000 records.  Elapsed time: 00:05:33s.  Time for last 1,000,000:   12s.  Last read position: chr4:11,906,659
INFO	2020-01-14 20:04:03	MarkDuplicates	Tracking 489192 as yet unmatched pairs. 34663 records in RAM.
INFO	2020-01-14 20:04:41	MarkDuplicates	Read    16,000,000 records.  Elapsed time: 00:06:11s.  Time for last 1,000,000:   37s.  Last read position: chr4:55,007,570
INFO	2020-01-14 20:04:41	MarkDuplicates	Tracking 514357 as yet unmatched pairs. 27161 records in RAM.
INFO	2020-01-14 20:04:54	MarkDuplicates	Read    17,000,000 records.  Elapsed time: 00:06:23s.  Time for last 1,000,000:   12s.  Last read position: chr4:103,163,564
INFO	2020-01-14 20:04:54	MarkDuplicates	Tracking 539301 as yet unmatched pairs. 19299 records in RAM.
INFO	2020-01-14 20:05:00	MarkDuplicates	Read    18,000,000 records.  Elapsed time: 00:06:30s.  Time for last 1,000,000:    6s.  Last read position: chr4:126,925,378
INFO	2020-01-14 20:05:00	MarkDuplicates	Tracking 557500 as yet unmatched pairs. 11915 records in RAM.
INFO	2020-01-14 20:05:23	MarkDuplicates	Read    19,000,000 records.  Elapsed time: 00:06:53s.  Time for last 1,000,000:   23s.  Last read position: chr4:148,536,578
INFO	2020-01-14 20:05:23	MarkDuplicates	Tracking 577350 as yet unmatched pairs. 3134 records in RAM.
INFO	2020-01-14 20:05:38	MarkDuplicates	Read    20,000,000 records.  Elapsed time: 00:07:08s.  Time for last 1,000,000:   15s.  Last read position: chr5:27,860,931
INFO	2020-01-14 20:05:38	MarkDuplicates	Tracking 598164 as yet unmatched pairs. 44121 records in RAM.
INFO	2020-01-14 20:05:47	MarkDuplicates	Read    21,000,000 records.  Elapsed time: 00:07:17s.  Time for last 1,000,000:    8s.  Last read position: chr5:67,611,684
INFO	2020-01-14 20:05:47	MarkDuplicates	Tracking 613944 as yet unmatched pairs. 32487 records in RAM.
INFO	2020-01-14 20:06:17	MarkDuplicates	Read    22,000,000 records.  Elapsed time: 00:07:47s.  Time for last 1,000,000:   29s.  Last read position: chr5:108,279,860
INFO	2020-01-14 20:06:17	MarkDuplicates	Tracking 633180 as yet unmatched pairs. 23290 records in RAM.
INFO	2020-01-14 20:06:24	MarkDuplicates	Read    23,000,000 records.  Elapsed time: 00:07:54s.  Time for last 1,000,000:    7s.  Last read position: chr5:134,276,413
INFO	2020-01-14 20:06:24	MarkDuplicates	Tracking 655590 as yet unmatched pairs. 9808 records in RAM.
INFO	2020-01-14 20:06:47	MarkDuplicates	Read    24,000,000 records.  Elapsed time: 00:08:17s.  Time for last 1,000,000:   22s.  Last read position: chr6:8,458,907
INFO	2020-01-14 20:06:47	MarkDuplicates	Tracking 670176 as yet unmatched pairs. 50948 records in RAM.
INFO	2020-01-14 20:07:08	MarkDuplicates	Read    25,000,000 records.  Elapsed time: 00:08:38s.  Time for last 1,000,000:   20s.  Last read position: chr6:49,440,901
INFO	2020-01-14 20:07:08	MarkDuplicates	Tracking 685961 as yet unmatched pairs. 38276 records in RAM.
INFO	2020-01-14 20:07:14	MarkDuplicates	Read    26,000,000 records.  Elapsed time: 00:08:44s.  Time for last 1,000,000:    6s.  Last read position: chr6:92,912,920
INFO	2020-01-14 20:07:14	MarkDuplicates	Tracking 698574 as yet unmatched pairs. 23972 records in RAM.
INFO	2020-01-14 20:07:22	MarkDuplicates	Read    27,000,000 records.  Elapsed time: 00:08:52s.  Time for last 1,000,000:    7s.  Last read position: chr6:134,858,265
INFO	2020-01-14 20:07:22	MarkDuplicates	Tracking 712886 as yet unmatched pairs. 8091 records in RAM.
INFO	2020-01-14 20:08:23	MarkDuplicates	Read    28,000,000 records.  Elapsed time: 00:09:53s.  Time for last 1,000,000:   60s.  Last read position: chr7:25,005,693
INFO	2020-01-14 20:08:23	MarkDuplicates	Tracking 724017 as yet unmatched pairs. 57838 records in RAM.
INFO	2020-01-14 20:08:33	MarkDuplicates	Read    29,000,000 records.  Elapsed time: 00:10:03s.  Time for last 1,000,000:   10s.  Last read position: chr7:47,961,758
INFO	2020-01-14 20:08:33	MarkDuplicates	Tracking 731358 as yet unmatched pairs. 46502 records in RAM.
INFO	2020-01-14 20:08:46	MarkDuplicates	Read    30,000,000 records.  Elapsed time: 00:10:16s.  Time for last 1,000,000:   12s.  Last read position: chr7:97,686,915
INFO	2020-01-14 20:08:46	MarkDuplicates	Tracking 741992 as yet unmatched pairs. 27970 records in RAM.
INFO	2020-01-14 20:08:57	MarkDuplicates	Read    31,000,000 records.  Elapsed time: 00:10:27s.  Time for last 1,000,000:   11s.  Last read position: chr7:122,979,584
INFO	2020-01-14 20:08:57	MarkDuplicates	Tracking 756095 as yet unmatched pairs. 13828 records in RAM.
INFO	2020-01-14 20:09:11	MarkDuplicates	Read    32,000,000 records.  Elapsed time: 00:10:41s.  Time for last 1,000,000:   13s.  Last read position: chr8:4,779,164
INFO	2020-01-14 20:09:11	MarkDuplicates	Tracking 759398 as yet unmatched pairs. 60739 records in RAM.
INFO	2020-01-14 20:09:17	MarkDuplicates	Read    33,000,000 records.  Elapsed time: 00:10:47s.  Time for last 1,000,000:    5s.  Last read position: chr8:67,691,756
INFO	2020-01-14 20:09:17	MarkDuplicates	Tracking 764746 as yet unmatched pairs. 36553 records in RAM.
INFO	2020-01-14 20:09:37	MarkDuplicates	Read    34,000,000 records.  Elapsed time: 00:11:07s.  Time for last 1,000,000:   20s.  Last read position: chr8:99,029,441
INFO	2020-01-14 20:09:37	MarkDuplicates	Tracking 767991 as yet unmatched pairs. 19018 records in RAM.
INFO	2020-01-14 20:09:51	MarkDuplicates	Read    35,000,000 records.  Elapsed time: 00:11:21s.  Time for last 1,000,000:   13s.  Last read position: chr9:8,134,374
INFO	2020-01-14 20:09:51	MarkDuplicates	Tracking 770785 as yet unmatched pairs. 69813 records in RAM.
INFO	2020-01-14 20:10:09	MarkDuplicates	Read    36,000,000 records.  Elapsed time: 00:11:39s.  Time for last 1,000,000:   17s.  Last read position: chr9:53,395,776
INFO	2020-01-14 20:10:09	MarkDuplicates	Tracking 774602 as yet unmatched pairs. 47452 records in RAM.
INFO	2020-01-14 20:10:32	MarkDuplicates	Read    37,000,000 records.  Elapsed time: 00:12:02s.  Time for last 1,000,000:   23s.  Last read position: chr9:76,492,530
INFO	2020-01-14 20:10:32	MarkDuplicates	Tracking 774446 as yet unmatched pairs. 30852 records in RAM.
INFO	2020-01-14 20:10:42	MarkDuplicates	Read    38,000,000 records.  Elapsed time: 00:12:12s.  Time for last 1,000,000:    9s.  Last read position: chr9:109,991,480
INFO	2020-01-14 20:10:42	MarkDuplicates	Tracking 773076 as yet unmatched pairs. 11601 records in RAM.
INFO	2020-01-14 20:11:02	MarkDuplicates	Read    39,000,000 records.  Elapsed time: 00:12:31s.  Time for last 1,000,000:   19s.  Last read position: chr10:30,608,360
INFO	2020-01-14 20:11:02	MarkDuplicates	Tracking 769700 as yet unmatched pairs. 68832 records in RAM.
INFO	2020-01-14 20:12:17	MarkDuplicates	Read    40,000,000 records.  Elapsed time: 00:13:47s.  Time for last 1,000,000:   75s.  Last read position: chr10:77,744,432
INFO	2020-01-14 20:12:17	MarkDuplicates	Tracking 765486 as yet unmatched pairs. 37583 records in RAM.
INFO	2020-01-14 20:12:23	MarkDuplicates	Read    41,000,000 records.  Elapsed time: 00:13:53s.  Time for last 1,000,000:    5s.  Last read position: chr10:116,517,324
INFO	2020-01-14 20:12:23	MarkDuplicates	Tracking 759214 as yet unmatched pairs. 13067 records in RAM.
INFO	2020-01-14 20:12:41	MarkDuplicates	Read    42,000,000 records.  Elapsed time: 00:14:10s.  Time for last 1,000,000:   17s.  Last read position: chr11:23,421,127
INFO	2020-01-14 20:12:41	MarkDuplicates	Tracking 752056 as yet unmatched pairs. 97720 records in RAM.
INFO	2020-01-14 20:12:57	MarkDuplicates	Read    43,000,000 records.  Elapsed time: 00:14:27s.  Time for last 1,000,000:   16s.  Last read position: chr11:54,401,433
INFO	2020-01-14 20:12:57	MarkDuplicates	Tracking 743597 as yet unmatched pairs. 74252 records in RAM.
INFO	2020-01-14 20:13:05	MarkDuplicates	Read    44,000,000 records.  Elapsed time: 00:14:35s.  Time for last 1,000,000:    8s.  Last read position: chr11:71,971,283
INFO	2020-01-14 20:13:05	MarkDuplicates	Tracking 737360 as yet unmatched pairs. 58916 records in RAM.
INFO	2020-01-14 20:13:15	MarkDuplicates	Read    45,000,000 records.  Elapsed time: 00:14:45s.  Time for last 1,000,000:    9s.  Last read position: chr11:83,506,452
INFO	2020-01-14 20:13:15	MarkDuplicates	Tracking 732167 as yet unmatched pairs. 46011 records in RAM.
INFO	2020-01-14 20:13:43	MarkDuplicates	Read    46,000,000 records.  Elapsed time: 00:15:13s.  Time for last 1,000,000:   28s.  Last read position: chr11:99,228,144
INFO	2020-01-14 20:13:43	MarkDuplicates	Tracking 724042 as yet unmatched pairs. 27496 records in RAM.
INFO	2020-01-14 20:14:02	MarkDuplicates	Read    47,000,000 records.  Elapsed time: 00:15:32s.  Time for last 1,000,000:   19s.  Last read position: chr11:115,410,216
INFO	2020-01-14 20:14:02	MarkDuplicates	Tracking 715697 as yet unmatched pairs. 9747 records in RAM.
INFO	2020-01-14 20:14:18	MarkDuplicates	Read    48,000,000 records.  Elapsed time: 00:15:48s.  Time for last 1,000,000:   15s.  Last read position: chr12:32,975,853
INFO	2020-01-14 20:14:18	MarkDuplicates	Tracking 702123 as yet unmatched pairs. 65297 records in RAM.
INFO	2020-01-14 20:14:37	MarkDuplicates	Read    49,000,000 records.  Elapsed time: 00:16:07s.  Time for last 1,000,000:   19s.  Last read position: chr12:81,975,838
INFO	2020-01-14 20:14:37	MarkDuplicates	Tracking 684689 as yet unmatched pairs. 31126 records in RAM.
INFO	2020-01-14 20:14:50	MarkDuplicates	Read    50,000,000 records.  Elapsed time: 00:16:20s.  Time for last 1,000,000:   13s.  Last read position: chr13:4,279,217
INFO	2020-01-14 20:14:50	MarkDuplicates	Tracking 666638 as yet unmatched pairs. 86632 records in RAM.
INFO	2020-01-14 20:14:55	MarkDuplicates	Read    51,000,000 records.  Elapsed time: 00:16:25s.  Time for last 1,000,000:    4s.  Last read position: chr13:52,596,749
INFO	2020-01-14 20:14:55	MarkDuplicates	Tracking 647081 as yet unmatched pairs. 53572 records in RAM.
INFO	2020-01-14 20:15:23	MarkDuplicates	Read    52,000,000 records.  Elapsed time: 00:16:52s.  Time for last 1,000,000:   27s.  Last read position: chr13:99,229,281
INFO	2020-01-14 20:15:23	MarkDuplicates	Tracking 624850 as yet unmatched pairs. 16602 records in RAM.
INFO	2020-01-14 20:15:41	MarkDuplicates	Read    53,000,000 records.  Elapsed time: 00:17:11s.  Time for last 1,000,000:   18s.  Last read position: chr14:31,121,352
INFO	2020-01-14 20:15:41	MarkDuplicates	Tracking 602830 as yet unmatched pairs. 71404 records in RAM.
INFO	2020-01-14 20:15:48	MarkDuplicates	Read    54,000,000 records.  Elapsed time: 00:17:18s.  Time for last 1,000,000:    6s.  Last read position: chr14:60,323,432
INFO	2020-01-14 20:15:48	MarkDuplicates	Tracking 584926 as yet unmatched pairs. 45917 records in RAM.
INFO	2020-01-14 20:18:32	MarkDuplicates	Read    55,000,000 records.  Elapsed time: 00:20:02s.  Time for last 1,000,000:  163s.  Last read position: chr15:6,708,646
INFO	2020-01-14 20:18:32	MarkDuplicates	Tracking 551424 as yet unmatched pairs. 81295 records in RAM.
INFO	2020-01-14 20:18:42	MarkDuplicates	Read    56,000,000 records.  Elapsed time: 00:20:12s.  Time for last 1,000,000:   10s.  Last read position: chr15:65,824,744
INFO	2020-01-14 20:18:42	MarkDuplicates	Tracking 521311 as yet unmatched pairs. 40216 records in RAM.
INFO	2020-01-14 20:18:58	MarkDuplicates	Read    57,000,000 records.  Elapsed time: 00:20:28s.  Time for last 1,000,000:   15s.  Last read position: chr15:98,122,823
INFO	2020-01-14 20:18:58	MarkDuplicates	Tracking 497733 as yet unmatched pairs. 8910 records in RAM.
INFO	2020-01-14 20:19:44	MarkDuplicates	Read    58,000,000 records.  Elapsed time: 00:21:13s.  Time for last 1,000,000:   45s.  Last read position: chr16:20,639,038
INFO	2020-01-14 20:19:44	MarkDuplicates	Tracking 473230 as yet unmatched pairs. 70708 records in RAM.
INFO	2020-01-14 20:19:50	MarkDuplicates	Read    59,000,000 records.  Elapsed time: 00:21:20s.  Time for last 1,000,000:    6s.  Last read position: chr16:57,391,226
INFO	2020-01-14 20:19:50	MarkDuplicates	Tracking 447521 as yet unmatched pairs. 37031 records in RAM.
INFO	2020-01-14 20:20:10	MarkDuplicates	Read    60,000,000 records.  Elapsed time: 00:21:40s.  Time for last 1,000,000:   19s.  Last read position: chr17:15,553,489
INFO	2020-01-14 20:20:10	MarkDuplicates	Tracking 408714 as yet unmatched pairs. 88660 records in RAM.
INFO	2020-01-14 20:20:38	MarkDuplicates	Read    61,000,000 records.  Elapsed time: 00:22:08s.  Time for last 1,000,000:   28s.  Last read position: chr17:35,471,030
INFO	2020-01-14 20:20:38	MarkDuplicates	Tracking 389529 as yet unmatched pairs. 66097 records in RAM.
INFO	2020-01-14 20:20:49	MarkDuplicates	Read    62,000,000 records.  Elapsed time: 00:22:19s.  Time for last 1,000,000:   10s.  Last read position: chr17:78,347,245
INFO	2020-01-14 20:20:49	MarkDuplicates	Tracking 347733 as yet unmatched pairs. 18567 records in RAM.
INFO	2020-01-14 20:21:15	MarkDuplicates	Read    63,000,000 records.  Elapsed time: 00:22:45s.  Time for last 1,000,000:   26s.  Last read position: chr18:34,494,519
INFO	2020-01-14 20:21:15	MarkDuplicates	Tracking 294806 as yet unmatched pairs. 57055 records in RAM.
INFO	2020-01-14 20:21:37	MarkDuplicates	Read    64,000,000 records.  Elapsed time: 00:23:07s.  Time for last 1,000,000:   21s.  Last read position: chr18:65,957,223
INFO	2020-01-14 20:21:37	MarkDuplicates	Tracking 266723 as yet unmatched pairs. 25907 records in RAM.
INFO	2020-01-14 20:22:12	MarkDuplicates	Read    65,000,000 records.  Elapsed time: 00:23:42s.  Time for last 1,000,000:   35s.  Last read position: chr19:9,992,848
INFO	2020-01-14 20:22:12	MarkDuplicates	Tracking 233626 as yet unmatched pairs. 62907 records in RAM.
INFO	2020-01-14 20:22:31	MarkDuplicates	Read    66,000,000 records.  Elapsed time: 00:24:01s.  Time for last 1,000,000:   18s.  Last read position: chr19:41,874,235
INFO	2020-01-14 20:22:31	MarkDuplicates	Tracking 199067 as yet unmatched pairs. 25619 records in RAM.
INFO	2020-01-14 20:22:53	MarkDuplicates	Read    67,000,000 records.  Elapsed time: 00:24:23s.  Time for last 1,000,000:   22s.  Last read position: chrX:21,741,691
INFO	2020-01-14 20:22:53	MarkDuplicates	Tracking 156074 as yet unmatched pairs. 141145 records in RAM.
INFO	2020-01-14 20:23:13	MarkDuplicates	Read    68,000,000 records.  Elapsed time: 00:24:43s.  Time for last 1,000,000:   20s.  Last read position: chrX:83,813,453
INFO	2020-01-14 20:23:13	MarkDuplicates	Tracking 109836 as yet unmatched pairs. 94693 records in RAM.
INFO	2020-01-14 20:23:18	MarkDuplicates	Read    69,000,000 records.  Elapsed time: 00:24:48s.  Time for last 1,000,000:    4s.  Last read position: chrX:134,605,443
INFO	2020-01-14 20:23:18	MarkDuplicates	Tracking 53755 as yet unmatched pairs. 38393 records in RAM.
INFO	2020-01-14 20:23:23	MarkDuplicates	Read 69892239 records. 0 pairs never matched.
INFO	2020-01-14 20:24:38	MarkDuplicates	After buildSortedReadEndLists freeMemory: 10421599880; totalMemory: 18373672960; maxMemory: 28631367680
INFO	2020-01-14 20:24:38	MarkDuplicates	Will retain up to 894730240 duplicate indices before spilling to disk.
INFO	2020-01-14 20:24:42	MarkDuplicates	Traversing read pair information and detecting duplicates.
INFO	2020-01-14 20:28:49	MarkDuplicates	Traversing fragment information and detecting duplicates.
INFO	2020-01-14 20:29:00	MarkDuplicates	Sorting list of duplicate records.
INFO	2020-01-14 20:29:04	MarkDuplicates	After generateDuplicateIndexes freeMemory: 22880549600; totalMemory: 30193745920; maxMemory: 30193745920
INFO	2020-01-14 20:29:04	MarkDuplicates	Marking 21673634 records as duplicates.
INFO	2020-01-14 20:29:04	MarkDuplicates	Found 325001 optical duplicate clusters.
INFO	2020-01-14 20:29:04	MarkDuplicates	Reads are assumed to be ordered by: coordinate
INFO	2020-01-14 20:31:40	MarkDuplicates	Written    10,000,000 records.  Elapsed time: 00:02:36s.  Time for last 10,000,000:  156s.  Last read position: chr2:156,019,610
INFO	2020-01-14 20:35:23	MarkDuplicates	Written    20,000,000 records.  Elapsed time: 00:06:19s.  Time for last 10,000,000:  222s.  Last read position: chr5:27,860,931
INFO	2020-01-14 20:38:09	MarkDuplicates	Written    30,000,000 records.  Elapsed time: 00:09:05s.  Time for last 10,000,000:  166s.  Last read position: chr7:97,686,915
INFO	2020-01-14 20:41:40	MarkDuplicates	Written    40,000,000 records.  Elapsed time: 00:12:35s.  Time for last 10,000,000:  210s.  Last read position: chr10:77,744,432
INFO	2020-01-14 20:45:51	MarkDuplicates	Written    50,000,000 records.  Elapsed time: 00:16:47s.  Time for last 10,000,000:  251s.  Last read position: chr13:4,279,217
INFO	2020-01-14 20:49:36	MarkDuplicates	Written    60,000,000 records.  Elapsed time: 00:20:32s.  Time for last 10,000,000:  225s.  Last read position: chr17:15,553,489
INFO	2020-01-14 20:52:32	MarkDuplicates	Written    70,000,000 records.  Elapsed time: 00:23:28s.  Time for last 10,000,000:  176s.  Last read position: */*
INFO	2020-01-14 20:53:26	MarkDuplicates	Writing complete. Closing input iterator.
INFO	2020-01-14 20:53:26	MarkDuplicates	Duplicate Index cleanup.
INFO	2020-01-14 20:53:26	MarkDuplicates	Getting Memory Stats.
INFO	2020-01-14 20:53:26	MarkDuplicates	Before output close freeMemory: 29782139600; totalMemory: 29988225024; maxMemory: 29988225024
INFO	2020-01-14 20:53:26	MarkDuplicates	Closed outputs. Getting more Memory Stats.
INFO	2020-01-14 20:53:27	MarkDuplicates	After output close freeMemory: 29998146256; totalMemory: 30204231680; maxMemory: 30204231680
[Tue Jan 14 20:53:27 UTC 2020] picard.sam.markduplicates.MarkDuplicates done. Elapsed time: 55.21 minutes.
Runtime.totalMemory()=30204231680
