INFO	2020-01-14 21:36:24	MarkDuplicates	

********** NOTE: Picard's command line syntax is changing.
**********
********** For more information, please see:
********** https://github.com/broadinstitute/picard/wiki/Command-Line-Syntax-Transition-For-Users-(Pre-Transition)
**********
********** The command line looks like this in the new syntax:
**********
**********    MarkDuplicates -I /scratch/gregg_thomas/Murinae-seq/03B-MappedMouse/Mus-platythrix/Mus-platythrix.sorted.bam -O /scratch/gregg_thomas/Murinae-seq/03B-MappedMouse/Mus-platythrix/Mus-platythrix.sorted.mkdup.bam -M /scratch/gregg_thomas/Murinae-seq/03B-MappedMouse/Mus-platythrix/Mus-platythrix-mkdup-metrics.txt
**********


21:36:25.448 INFO  NativeLibraryLoader - Loading libgkl_compression.so from jar:file:/home/gregg_thomas/bin/picard.jar!/com/intel/gkl/native/libgkl_compression.so
[Tue Jan 14 21:36:25 UTC 2020] MarkDuplicates INPUT=[/scratch/gregg_thomas/Murinae-seq/03B-MappedMouse/Mus-platythrix/Mus-platythrix.sorted.bam] OUTPUT=/scratch/gregg_thomas/Murinae-seq/03B-MappedMouse/Mus-platythrix/Mus-platythrix.sorted.mkdup.bam METRICS_FILE=/scratch/gregg_thomas/Murinae-seq/03B-MappedMouse/Mus-platythrix/Mus-platythrix-mkdup-metrics.txt    MAX_SEQUENCES_FOR_DISK_READ_ENDS_MAP=50000 MAX_FILE_HANDLES_FOR_READ_ENDS_MAP=8000 SORTING_COLLECTION_SIZE_RATIO=0.25 TAG_DUPLICATE_SET_MEMBERS=false REMOVE_SEQUENCING_DUPLICATES=false TAGGING_POLICY=DontTag CLEAR_DT=true DUPLEX_UMI=false ADD_PG_TAG_TO_READS=true REMOVE_DUPLICATES=false ASSUME_SORTED=false DUPLICATE_SCORING_STRATEGY=SUM_OF_BASE_QUALITIES PROGRAM_RECORD_ID=MarkDuplicates PROGRAM_GROUP_NAME=MarkDuplicates READ_NAME_REGEX=<optimized capture of last three ':' separated fields as numeric values> OPTICAL_DUPLICATE_PIXEL_DISTANCE=100 MAX_OPTICAL_DUPLICATE_SET_SIZE=300000 VERBOSITY=INFO QUIET=false VALIDATION_STRINGENCY=STRICT COMPRESSION_LEVEL=5 MAX_RECORDS_IN_RAM=500000 CREATE_INDEX=false CREATE_MD5_FILE=false GA4GH_CLIENT_SECRETS=client_secrets.json USE_JDK_DEFLATER=false USE_JDK_INFLATER=false
[Tue Jan 14 21:36:25 UTC 2020] Executing as gregg_thomas@ecae4883a231 on Linux 4.4.0-104-generic amd64; Java HotSpot(TM) 64-Bit Server VM 1.8.0_221-b11; Deflater: Intel; Inflater: Intel; Provider GCS is not available; Picard version: 2.20.6-SNAPSHOT
INFO	2020-01-14 21:36:26	MarkDuplicates	Start of doWork freeMemory: 2037674592; totalMemory: 2058354688; maxMemory: 28631367680
INFO	2020-01-14 21:36:26	MarkDuplicates	Reading input file and constructing read end information.
INFO	2020-01-14 21:36:26	MarkDuplicates	Will retain up to 103736839 data points before spilling to disk.
INFO	2020-01-14 21:37:07	MarkDuplicates	Read     1,000,000 records.  Elapsed time: 00:00:40s.  Time for last 1,000,000:   40s.  Last read position: chr1:58,754,756
INFO	2020-01-14 21:37:07	MarkDuplicates	Tracking 8199 as yet unmatched pairs. 524 records in RAM.
INFO	2020-01-14 21:37:58	MarkDuplicates	Read     2,000,000 records.  Elapsed time: 00:01:31s.  Time for last 1,000,000:   51s.  Last read position: chr1:106,541,486
INFO	2020-01-14 21:37:58	MarkDuplicates	Tracking 14129 as yet unmatched pairs. 478 records in RAM.
INFO	2020-01-14 21:38:17	MarkDuplicates	Read     3,000,000 records.  Elapsed time: 00:01:50s.  Time for last 1,000,000:   18s.  Last read position: chr1:160,938,090
INFO	2020-01-14 21:38:17	MarkDuplicates	Tracking 22296 as yet unmatched pairs. 266 records in RAM.
INFO	2020-01-14 21:39:17	MarkDuplicates	Read     4,000,000 records.  Elapsed time: 00:02:51s.  Time for last 1,000,000:   60s.  Last read position: chr2:11,824,095
INFO	2020-01-14 21:39:18	MarkDuplicates	Tracking 27631 as yet unmatched pairs. 2183 records in RAM.
INFO	2020-01-14 21:39:32	MarkDuplicates	Read     5,000,000 records.  Elapsed time: 00:03:05s.  Time for last 1,000,000:   14s.  Last read position: chr2:35,315,360
INFO	2020-01-14 21:39:32	MarkDuplicates	Tracking 32225 as yet unmatched pairs. 2062 records in RAM.
INFO	2020-01-14 21:39:48	MarkDuplicates	Read     6,000,000 records.  Elapsed time: 00:03:21s.  Time for last 1,000,000:   16s.  Last read position: chr2:76,752,551
INFO	2020-01-14 21:39:48	MarkDuplicates	Tracking 36480 as yet unmatched pairs. 1838 records in RAM.
INFO	2020-01-14 21:40:14	MarkDuplicates	Read     7,000,000 records.  Elapsed time: 00:03:47s.  Time for last 1,000,000:   26s.  Last read position: chr2:120,085,656
INFO	2020-01-14 21:40:14	MarkDuplicates	Tracking 41409 as yet unmatched pairs. 1349 records in RAM.
INFO	2020-01-14 21:41:39	MarkDuplicates	Read     8,000,000 records.  Elapsed time: 00:05:12s.  Time for last 1,000,000:   84s.  Last read position: chr2:150,934,880
INFO	2020-01-14 21:41:39	MarkDuplicates	Tracking 46039 as yet unmatched pairs. 855 records in RAM.
INFO	2020-01-14 21:42:02	MarkDuplicates	Read     9,000,000 records.  Elapsed time: 00:05:35s.  Time for last 1,000,000:   23s.  Last read position: chr2:180,668,961
INFO	2020-01-14 21:42:02	MarkDuplicates	Tracking 50370 as yet unmatched pairs. 70 records in RAM.
INFO	2020-01-14 21:42:27	MarkDuplicates	Read    10,000,000 records.  Elapsed time: 00:06:00s.  Time for last 1,000,000:   25s.  Last read position: chr3:69,037,064
INFO	2020-01-14 21:42:27	MarkDuplicates	Tracking 56593 as yet unmatched pairs. 2011 records in RAM.
INFO	2020-01-14 21:42:33	MarkDuplicates	Read    11,000,000 records.  Elapsed time: 00:06:07s.  Time for last 1,000,000:    6s.  Last read position: chr3:102,145,745
INFO	2020-01-14 21:42:33	MarkDuplicates	Tracking 60608 as yet unmatched pairs. 1299 records in RAM.
INFO	2020-01-14 21:42:46	MarkDuplicates	Read    12,000,000 records.  Elapsed time: 00:06:19s.  Time for last 1,000,000:   12s.  Last read position: chr3:152,389,790
INFO	2020-01-14 21:42:46	MarkDuplicates	Tracking 64303 as yet unmatched pairs. 210 records in RAM.
INFO	2020-01-14 21:43:15	MarkDuplicates	Read    13,000,000 records.  Elapsed time: 00:06:48s.  Time for last 1,000,000:   28s.  Last read position: chr4:52,995,862
INFO	2020-01-14 21:43:15	MarkDuplicates	Tracking 68634 as yet unmatched pairs. 4597 records in RAM.
INFO	2020-01-14 21:44:35	MarkDuplicates	Read    14,000,000 records.  Elapsed time: 00:08:08s.  Time for last 1,000,000:   80s.  Last read position: chr4:108,599,391
INFO	2020-01-14 21:44:35	MarkDuplicates	Tracking 72442 as yet unmatched pairs. 3341 records in RAM.
INFO	2020-01-14 21:45:15	MarkDuplicates	Read    15,000,000 records.  Elapsed time: 00:08:49s.  Time for last 1,000,000:   40s.  Last read position: chr4:134,473,425
INFO	2020-01-14 21:45:15	MarkDuplicates	Tracking 76152 as yet unmatched pairs. 1881 records in RAM.
INFO	2020-01-14 21:46:17	MarkDuplicates	Read    16,000,000 records.  Elapsed time: 00:09:50s.  Time for last 1,000,000:   61s.  Last read position: chr4:152,377,692
INFO	2020-01-14 21:46:17	MarkDuplicates	Tracking 80238 as yet unmatched pairs. 259 records in RAM.
INFO	2020-01-14 21:47:25	MarkDuplicates	Read    17,000,000 records.  Elapsed time: 00:10:58s.  Time for last 1,000,000:   68s.  Last read position: chr5:33,899,085
INFO	2020-01-14 21:47:25	MarkDuplicates	Tracking 83530 as yet unmatched pairs. 7101 records in RAM.
INFO	2020-01-14 21:47:30	MarkDuplicates	Read    18,000,000 records.  Elapsed time: 00:11:03s.  Time for last 1,000,000:    4s.  Last read position: chr5:92,244,427
INFO	2020-01-14 21:47:30	MarkDuplicates	Tracking 86179 as yet unmatched pairs. 4982 records in RAM.
INFO	2020-01-14 21:47:55	MarkDuplicates	Read    19,000,000 records.  Elapsed time: 00:11:28s.  Time for last 1,000,000:   25s.  Last read position: chr5:122,881,042
INFO	2020-01-14 21:47:55	MarkDuplicates	Tracking 88601 as yet unmatched pairs. 3273 records in RAM.
INFO	2020-01-14 21:49:01	MarkDuplicates	Read    20,000,000 records.  Elapsed time: 00:12:34s.  Time for last 1,000,000:   65s.  Last read position: chr5:142,662,992
INFO	2020-01-14 21:49:01	MarkDuplicates	Tracking 96881 as yet unmatched pairs. 5078 records in RAM.
INFO	2020-01-14 21:49:40	MarkDuplicates	Read    21,000,000 records.  Elapsed time: 00:13:13s.  Time for last 1,000,000:   39s.  Last read position: chr6:38,196,370
INFO	2020-01-14 21:49:40	MarkDuplicates	Tracking 97873 as yet unmatched pairs. 5781 records in RAM.
INFO	2020-01-14 21:50:18	MarkDuplicates	Read    22,000,000 records.  Elapsed time: 00:13:52s.  Time for last 1,000,000:   38s.  Last read position: chr6:86,987,540
INFO	2020-01-14 21:50:18	MarkDuplicates	Tracking 99744 as yet unmatched pairs. 3367 records in RAM.
INFO	2020-01-14 21:51:04	MarkDuplicates	Read    23,000,000 records.  Elapsed time: 00:14:38s.  Time for last 1,000,000:   45s.  Last read position: chr6:127,887,479
INFO	2020-01-14 21:51:04	MarkDuplicates	Tracking 101094 as yet unmatched pairs. 1272 records in RAM.
INFO	2020-01-14 21:51:19	MarkDuplicates	Read    24,000,000 records.  Elapsed time: 00:14:52s.  Time for last 1,000,000:   14s.  Last read position: chr7:19,181,667
INFO	2020-01-14 21:51:19	MarkDuplicates	Tracking 102533 as yet unmatched pairs. 8591 records in RAM.
INFO	2020-01-14 21:51:35	MarkDuplicates	Read    25,000,000 records.  Elapsed time: 00:15:08s.  Time for last 1,000,000:   16s.  Last read position: chr7:45,711,618
INFO	2020-01-14 21:51:35	MarkDuplicates	Tracking 102372 as yet unmatched pairs. 5903 records in RAM.
INFO	2020-01-14 21:53:14	MarkDuplicates	Read    26,000,000 records.  Elapsed time: 00:16:47s.  Time for last 1,000,000:   98s.  Last read position: chr7:101,259,516
INFO	2020-01-14 21:53:14	MarkDuplicates	Tracking 103550 as yet unmatched pairs. 3144 records in RAM.
INFO	2020-01-14 21:53:39	MarkDuplicates	Read    27,000,000 records.  Elapsed time: 00:17:12s.  Time for last 1,000,000:   25s.  Last read position: chr7:131,050,202
INFO	2020-01-14 21:53:39	MarkDuplicates	Tracking 104317 as yet unmatched pairs. 1088 records in RAM.
INFO	2020-01-14 21:53:55	MarkDuplicates	Read    28,000,000 records.  Elapsed time: 00:17:28s.  Time for last 1,000,000:   16s.  Last read position: chr8:25,560,629
INFO	2020-01-14 21:53:55	MarkDuplicates	Tracking 104618 as yet unmatched pairs. 6620 records in RAM.
INFO	2020-01-14 21:54:08	MarkDuplicates	Read    29,000,000 records.  Elapsed time: 00:17:41s.  Time for last 1,000,000:   13s.  Last read position: chr8:84,514,903
INFO	2020-01-14 21:54:08	MarkDuplicates	Tracking 105451 as yet unmatched pairs. 3489 records in RAM.
INFO	2020-01-14 21:54:17	MarkDuplicates	Read    30,000,000 records.  Elapsed time: 00:17:50s.  Time for last 1,000,000:    8s.  Last read position: chr8:123,256,280
INFO	2020-01-14 21:54:17	MarkDuplicates	Tracking 105707 as yet unmatched pairs. 752 records in RAM.
INFO	2020-01-14 21:54:22	MarkDuplicates	Read    31,000,000 records.  Elapsed time: 00:17:55s.  Time for last 1,000,000:    5s.  Last read position: chr9:45,776,857
INFO	2020-01-14 21:54:22	MarkDuplicates	Tracking 105706 as yet unmatched pairs. 6858 records in RAM.
INFO	2020-01-14 21:54:34	MarkDuplicates	Read    32,000,000 records.  Elapsed time: 00:18:07s.  Time for last 1,000,000:   12s.  Last read position: chr9:79,820,202
INFO	2020-01-14 21:54:34	MarkDuplicates	Tracking 105629 as yet unmatched pairs. 3830 records in RAM.
INFO	2020-01-14 21:54:39	MarkDuplicates	Read    33,000,000 records.  Elapsed time: 00:18:12s.  Time for last 1,000,000:    4s.  Last read position: chr9:118,047,441
INFO	2020-01-14 21:54:39	MarkDuplicates	Tracking 104932 as yet unmatched pairs. 603 records in RAM.
INFO	2020-01-14 21:54:47	MarkDuplicates	Read    34,000,000 records.  Elapsed time: 00:18:20s.  Time for last 1,000,000:    7s.  Last read position: chr10:53,675,125
INFO	2020-01-14 21:54:47	MarkDuplicates	Tracking 104385 as yet unmatched pairs. 6908 records in RAM.
INFO	2020-01-14 21:55:01	MarkDuplicates	Read    35,000,000 records.  Elapsed time: 00:18:34s.  Time for last 1,000,000:   14s.  Last read position: chr10:88,774,691
INFO	2020-01-14 21:55:01	MarkDuplicates	Tracking 103697 as yet unmatched pairs. 3866 records in RAM.
INFO	2020-01-14 21:55:10	MarkDuplicates	Read    36,000,000 records.  Elapsed time: 00:18:44s.  Time for last 1,000,000:    9s.  Last read position: chr11:11,116,610
INFO	2020-01-14 21:55:10	MarkDuplicates	Tracking 102450 as yet unmatched pairs. 15107 records in RAM.
INFO	2020-01-14 21:55:19	MarkDuplicates	Read    37,000,000 records.  Elapsed time: 00:18:53s.  Time for last 1,000,000:    9s.  Last read position: chr11:55,181,501
INFO	2020-01-14 21:55:19	MarkDuplicates	Tracking 99989 as yet unmatched pairs. 10303 records in RAM.
INFO	2020-01-14 21:56:18	MarkDuplicates	Read    38,000,000 records.  Elapsed time: 00:19:52s.  Time for last 1,000,000:   58s.  Last read position: chr11:74,683,645
INFO	2020-01-14 21:56:18	MarkDuplicates	Tracking 99012 as yet unmatched pairs. 7989 records in RAM.
INFO	2020-01-14 21:56:27	MarkDuplicates	Read    39,000,000 records.  Elapsed time: 00:20:00s.  Time for last 1,000,000:    8s.  Last read position: chr11:95,485,863
INFO	2020-01-14 21:56:27	MarkDuplicates	Tracking 97414 as yet unmatched pairs. 4688 records in RAM.
INFO	2020-01-14 21:56:35	MarkDuplicates	Read    40,000,000 records.  Elapsed time: 00:20:08s.  Time for last 1,000,000:    8s.  Last read position: chr11:110,106,484
INFO	2020-01-14 21:56:35	MarkDuplicates	Tracking 96279 as yet unmatched pairs. 1726 records in RAM.
INFO	2020-01-14 21:56:50	MarkDuplicates	Read    41,000,000 records.  Elapsed time: 00:20:24s.  Time for last 1,000,000:   15s.  Last read position: chr12:36,130,066
INFO	2020-01-14 21:56:50	MarkDuplicates	Tracking 94778 as yet unmatched pairs. 9066 records in RAM.
INFO	2020-01-14 21:56:54	MarkDuplicates	Read    42,000,000 records.  Elapsed time: 00:20:28s.  Time for last 1,000,000:    4s.  Last read position: chr12:102,260,425
INFO	2020-01-14 21:56:54	MarkDuplicates	Tracking 90803 as yet unmatched pairs. 2378 records in RAM.
INFO	2020-01-14 21:57:01	MarkDuplicates	Read    43,000,000 records.  Elapsed time: 00:20:35s.  Time for last 1,000,000:    6s.  Last read position: chr13:34,128,059
INFO	2020-01-14 21:57:01	MarkDuplicates	Tracking 87711 as yet unmatched pairs. 8616 records in RAM.
INFO	2020-01-14 21:57:08	MarkDuplicates	Read    44,000,000 records.  Elapsed time: 00:20:41s.  Time for last 1,000,000:    6s.  Last read position: chr13:95,025,054
INFO	2020-01-14 21:57:08	MarkDuplicates	Tracking 83806 as yet unmatched pairs. 2855 records in RAM.
INFO	2020-01-14 21:57:22	MarkDuplicates	Read    45,000,000 records.  Elapsed time: 00:20:55s.  Time for last 1,000,000:   14s.  Last read position: chr14:33,262,869
INFO	2020-01-14 21:57:22	MarkDuplicates	Tracking 80417 as yet unmatched pairs. 9597 records in RAM.
INFO	2020-01-14 21:57:29	MarkDuplicates	Read    46,000,000 records.  Elapsed time: 00:21:02s.  Time for last 1,000,000:    7s.  Last read position: chr14:70,142,291
INFO	2020-01-14 21:57:29	MarkDuplicates	Tracking 76795 as yet unmatched pairs. 4431 records in RAM.
INFO	2020-01-14 21:57:38	MarkDuplicates	Read    47,000,000 records.  Elapsed time: 00:21:11s.  Time for last 1,000,000:    8s.  Last read position: chr15:47,629,274
INFO	2020-01-14 21:57:38	MarkDuplicates	Tracking 71315 as yet unmatched pairs. 7627 records in RAM.
INFO	2020-01-14 21:57:49	MarkDuplicates	Read    48,000,000 records.  Elapsed time: 00:21:23s.  Time for last 1,000,000:   11s.  Last read position: chr15:89,420,824
INFO	2020-01-14 21:57:49	MarkDuplicates	Tracking 67848 as yet unmatched pairs. 3123 records in RAM.
INFO	2020-01-14 21:57:56	MarkDuplicates	Read    49,000,000 records.  Elapsed time: 00:21:29s.  Time for last 1,000,000:    6s.  Last read position: chr16:15,625,535
INFO	2020-01-14 21:57:56	MarkDuplicates	Tracking 63706 as yet unmatched pairs. 9728 records in RAM.
INFO	2020-01-14 21:58:02	MarkDuplicates	Read    50,000,000 records.  Elapsed time: 00:21:36s.  Time for last 1,000,000:    6s.  Last read position: chr16:54,818,630
INFO	2020-01-14 21:58:02	MarkDuplicates	Tracking 60224 as yet unmatched pairs. 5065 records in RAM.
INFO	2020-01-14 21:58:21	MarkDuplicates	Read    51,000,000 records.  Elapsed time: 00:21:54s.  Time for last 1,000,000:   18s.  Last read position: chr17:17,377,709
INFO	2020-01-14 21:58:21	MarkDuplicates	Tracking 52291 as yet unmatched pairs. 11920 records in RAM.
INFO	2020-01-14 21:58:28	MarkDuplicates	Read    52,000,000 records.  Elapsed time: 00:22:01s.  Time for last 1,000,000:    6s.  Last read position: chr17:35,525,251
INFO	2020-01-14 21:58:28	MarkDuplicates	Tracking 49724 as yet unmatched pairs. 8884 records in RAM.
INFO	2020-01-14 21:58:34	MarkDuplicates	Read    53,000,000 records.  Elapsed time: 00:22:08s.  Time for last 1,000,000:    6s.  Last read position: chr17:85,431,444
INFO	2020-01-14 21:58:34	MarkDuplicates	Tracking 42905 as yet unmatched pairs. 1283 records in RAM.
INFO	2020-01-14 22:00:20	MarkDuplicates	Read    54,000,000 records.  Elapsed time: 00:23:54s.  Time for last 1,000,000:  106s.  Last read position: chr18:46,524,028
INFO	2020-01-14 22:00:20	MarkDuplicates	Tracking 37120 as yet unmatched pairs. 5421 records in RAM.
INFO	2020-01-14 22:00:44	MarkDuplicates	Read    55,000,000 records.  Elapsed time: 00:24:18s.  Time for last 1,000,000:   24s.  Last read position: chr19:8,712,780
INFO	2020-01-14 22:00:44	MarkDuplicates	Tracking 30684 as yet unmatched pairs. 8578 records in RAM.
INFO	2020-01-14 22:00:54	MarkDuplicates	Read    56,000,000 records.  Elapsed time: 00:24:27s.  Time for last 1,000,000:    9s.  Last read position: chr19:46,323,918
INFO	2020-01-14 22:00:54	MarkDuplicates	Tracking 24882 as yet unmatched pairs. 1977 records in RAM.
INFO	2020-01-14 22:01:18	MarkDuplicates	Read    57,000,000 records.  Elapsed time: 00:24:52s.  Time for last 1,000,000:   24s.  Last read position: chrX:52,931,462
INFO	2020-01-14 22:01:18	MarkDuplicates	Tracking 18016 as yet unmatched pairs. 16619 records in RAM.
INFO	2020-01-14 22:01:27	MarkDuplicates	Read    58,000,000 records.  Elapsed time: 00:25:00s.  Time for last 1,000,000:    8s.  Last read position: chrX:84,093,625
INFO	2020-01-14 22:01:27	MarkDuplicates	Tracking 12472 as yet unmatched pairs. 10870 records in RAM.
INFO	2020-01-14 22:01:40	MarkDuplicates	Read    59,000,000 records.  Elapsed time: 00:25:13s.  Time for last 1,000,000:   12s.  Last read position: chrX:147,491,854
INFO	2020-01-14 22:01:40	MarkDuplicates	Tracking 5366 as yet unmatched pairs. 3742 records in RAM.
INFO	2020-01-14 22:01:47	MarkDuplicates	Read 59471166 records. 0 pairs never matched.
INFO	2020-01-14 22:03:36	MarkDuplicates	After buildSortedReadEndLists freeMemory: 11524672248; totalMemory: 18927845376; maxMemory: 28631367680
INFO	2020-01-14 22:03:36	MarkDuplicates	Will retain up to 894730240 duplicate indices before spilling to disk.
INFO	2020-01-14 22:03:39	MarkDuplicates	Traversing read pair information and detecting duplicates.
INFO	2020-01-14 22:05:26	MarkDuplicates	Traversing fragment information and detecting duplicates.
INFO	2020-01-14 22:05:32	MarkDuplicates	Sorting list of duplicate records.
INFO	2020-01-14 22:05:34	MarkDuplicates	After generateDuplicateIndexes freeMemory: 22450675640; totalMemory: 29748101120; maxMemory: 29748101120
INFO	2020-01-14 22:05:34	MarkDuplicates	Marking 12950546 records as duplicates.
INFO	2020-01-14 22:05:34	MarkDuplicates	Found 1733 optical duplicate clusters.
INFO	2020-01-14 22:05:34	MarkDuplicates	Reads are assumed to be ordered by: coordinate
INFO	2020-01-14 22:09:25	MarkDuplicates	Written    10,000,000 records.  Elapsed time: 00:03:51s.  Time for last 10,000,000:  231s.  Last read position: chr3:69,037,064
INFO	2020-01-14 22:12:41	MarkDuplicates	Written    20,000,000 records.  Elapsed time: 00:07:06s.  Time for last 10,000,000:  195s.  Last read position: chr5:142,662,992
INFO	2020-01-14 22:15:52	MarkDuplicates	Written    30,000,000 records.  Elapsed time: 00:10:17s.  Time for last 10,000,000:  191s.  Last read position: chr8:123,256,280
INFO	2020-01-14 22:18:29	MarkDuplicates	Written    40,000,000 records.  Elapsed time: 00:12:54s.  Time for last 10,000,000:  156s.  Last read position: chr11:110,106,484
INFO	2020-01-14 22:22:03	MarkDuplicates	Written    50,000,000 records.  Elapsed time: 00:16:29s.  Time for last 10,000,000:  214s.  Last read position: chr16:54,818,630
INFO	2020-01-14 22:25:19	MarkDuplicates	Writing complete. Closing input iterator.
INFO	2020-01-14 22:25:19	MarkDuplicates	Duplicate Index cleanup.
INFO	2020-01-14 22:25:19	MarkDuplicates	Getting Memory Stats.
INFO	2020-01-14 22:25:20	MarkDuplicates	Before output close freeMemory: 29159328928; totalMemory: 29359603712; maxMemory: 29359603712
INFO	2020-01-14 22:25:20	MarkDuplicates	Closed outputs. Getting more Memory Stats.
INFO	2020-01-14 22:25:20	MarkDuplicates	After output close freeMemory: 29500333848; totalMemory: 29700390912; maxMemory: 29700390912
[Tue Jan 14 22:25:20 UTC 2020] picard.sam.markduplicates.MarkDuplicates done. Elapsed time: 48.92 minutes.
Runtime.totalMemory()=29700390912
