INFO	2020-01-14 21:36:14	MarkDuplicates	

********** NOTE: Picard's command line syntax is changing.
**********
********** For more information, please see:
********** https://github.com/broadinstitute/picard/wiki/Command-Line-Syntax-Transition-For-Users-(Pre-Transition)
**********
********** The command line looks like this in the new syntax:
**********
**********    MarkDuplicates -I /scratch/gregg_thomas/Murinae-seq/03B-MappedMouse/Mus-cookii/Mus-cookii.sorted.bam -O /scratch/gregg_thomas/Murinae-seq/03B-MappedMouse/Mus-cookii/Mus-cookii.sorted.mkdup.bam -M /scratch/gregg_thomas/Murinae-seq/03B-MappedMouse/Mus-cookii/Mus-cookii-mkdup-metrics.txt
**********


21:36:16.377 INFO  NativeLibraryLoader - Loading libgkl_compression.so from jar:file:/home/gregg_thomas/bin/picard.jar!/com/intel/gkl/native/libgkl_compression.so
[Tue Jan 14 21:36:16 UTC 2020] MarkDuplicates INPUT=[/scratch/gregg_thomas/Murinae-seq/03B-MappedMouse/Mus-cookii/Mus-cookii.sorted.bam] OUTPUT=/scratch/gregg_thomas/Murinae-seq/03B-MappedMouse/Mus-cookii/Mus-cookii.sorted.mkdup.bam METRICS_FILE=/scratch/gregg_thomas/Murinae-seq/03B-MappedMouse/Mus-cookii/Mus-cookii-mkdup-metrics.txt    MAX_SEQUENCES_FOR_DISK_READ_ENDS_MAP=50000 MAX_FILE_HANDLES_FOR_READ_ENDS_MAP=8000 SORTING_COLLECTION_SIZE_RATIO=0.25 TAG_DUPLICATE_SET_MEMBERS=false REMOVE_SEQUENCING_DUPLICATES=false TAGGING_POLICY=DontTag CLEAR_DT=true DUPLEX_UMI=false ADD_PG_TAG_TO_READS=true REMOVE_DUPLICATES=false ASSUME_SORTED=false DUPLICATE_SCORING_STRATEGY=SUM_OF_BASE_QUALITIES PROGRAM_RECORD_ID=MarkDuplicates PROGRAM_GROUP_NAME=MarkDuplicates READ_NAME_REGEX=<optimized capture of last three ':' separated fields as numeric values> OPTICAL_DUPLICATE_PIXEL_DISTANCE=100 MAX_OPTICAL_DUPLICATE_SET_SIZE=300000 VERBOSITY=INFO QUIET=false VALIDATION_STRINGENCY=STRICT COMPRESSION_LEVEL=5 MAX_RECORDS_IN_RAM=500000 CREATE_INDEX=false CREATE_MD5_FILE=false GA4GH_CLIENT_SECRETS=client_secrets.json USE_JDK_DEFLATER=false USE_JDK_INFLATER=false
[Tue Jan 14 21:36:16 UTC 2020] Executing as gregg_thomas@ecae4883a231 on Linux 4.4.0-104-generic amd64; Java HotSpot(TM) 64-Bit Server VM 1.8.0_221-b11; Deflater: Intel; Inflater: Intel; Provider GCS is not available; Picard version: 2.20.6-SNAPSHOT
INFO	2020-01-14 21:36:17	MarkDuplicates	Start of doWork freeMemory: 2037674984; totalMemory: 2058354688; maxMemory: 28631367680
INFO	2020-01-14 21:36:17	MarkDuplicates	Reading input file and constructing read end information.
INFO	2020-01-14 21:36:17	MarkDuplicates	Will retain up to 103736839 data points before spilling to disk.
INFO	2020-01-14 21:37:19	MarkDuplicates	Read     1,000,000 records.  Elapsed time: 00:00:48s.  Time for last 1,000,000:   48s.  Last read position: chr1:58,921,704
INFO	2020-01-14 21:37:19	MarkDuplicates	Tracking 9850 as yet unmatched pairs. 590 records in RAM.
INFO	2020-01-14 21:38:01	MarkDuplicates	Read     2,000,000 records.  Elapsed time: 00:01:29s.  Time for last 1,000,000:   41s.  Last read position: chr1:105,692,853
INFO	2020-01-14 21:38:01	MarkDuplicates	Tracking 17011 as yet unmatched pairs. 606 records in RAM.
INFO	2020-01-14 21:38:33	MarkDuplicates	Read     3,000,000 records.  Elapsed time: 00:02:01s.  Time for last 1,000,000:   31s.  Last read position: chr1:160,199,749
INFO	2020-01-14 21:38:33	MarkDuplicates	Tracking 23680 as yet unmatched pairs. 380 records in RAM.
INFO	2020-01-14 21:39:01	MarkDuplicates	Read     4,000,000 records.  Elapsed time: 00:02:29s.  Time for last 1,000,000:   27s.  Last read position: chr2:4,483,991
INFO	2020-01-14 21:39:01	MarkDuplicates	Tracking 29152 as yet unmatched pairs. 2375 records in RAM.
INFO	2020-01-14 21:39:28	MarkDuplicates	Read     5,000,000 records.  Elapsed time: 00:02:56s.  Time for last 1,000,000:   26s.  Last read position: chr2:32,415,290
INFO	2020-01-14 21:39:28	MarkDuplicates	Tracking 34906 as yet unmatched pairs. 2549 records in RAM.
INFO	2020-01-14 21:40:14	MarkDuplicates	Read     6,000,000 records.  Elapsed time: 00:03:42s.  Time for last 1,000,000:   45s.  Last read position: chr2:73,319,871
INFO	2020-01-14 21:40:14	MarkDuplicates	Tracking 40446 as yet unmatched pairs. 2286 records in RAM.
INFO	2020-01-14 21:41:00	MarkDuplicates	Read     7,000,000 records.  Elapsed time: 00:04:29s.  Time for last 1,000,000:   46s.  Last read position: chr2:115,638,977
INFO	2020-01-14 21:41:00	MarkDuplicates	Tracking 45575 as yet unmatched pairs. 1860 records in RAM.
INFO	2020-01-14 21:42:19	MarkDuplicates	Read     8,000,000 records.  Elapsed time: 00:05:48s.  Time for last 1,000,000:   78s.  Last read position: chr2:136,387,889
INFO	2020-01-14 21:42:19	MarkDuplicates	Tracking 49964 as yet unmatched pairs. 1437 records in RAM.
INFO	2020-01-14 21:42:30	MarkDuplicates	Read     9,000,000 records.  Elapsed time: 00:05:58s.  Time for last 1,000,000:   10s.  Last read position: chr2:166,592,400
INFO	2020-01-14 21:42:30	MarkDuplicates	Tracking 55641 as yet unmatched pairs. 518 records in RAM.
INFO	2020-01-14 21:43:24	MarkDuplicates	Read    10,000,000 records.  Elapsed time: 00:06:53s.  Time for last 1,000,000:   54s.  Last read position: chr3:32,726,832
INFO	2020-01-14 21:43:24	MarkDuplicates	Tracking 61431 as yet unmatched pairs. 3494 records in RAM.
INFO	2020-01-14 21:43:33	MarkDuplicates	Read    11,000,000 records.  Elapsed time: 00:07:02s.  Time for last 1,000,000:    8s.  Last read position: chr3:89,890,343
INFO	2020-01-14 21:43:33	MarkDuplicates	Tracking 67570 as yet unmatched pairs. 2511 records in RAM.
INFO	2020-01-14 21:43:42	MarkDuplicates	Read    12,000,000 records.  Elapsed time: 00:07:10s.  Time for last 1,000,000:    8s.  Last read position: chr3:113,156,181
INFO	2020-01-14 21:43:42	MarkDuplicates	Tracking 71467 as yet unmatched pairs. 1679 records in RAM.
INFO	2020-01-14 21:44:00	MarkDuplicates	Read    13,000,000 records.  Elapsed time: 00:07:29s.  Time for last 1,000,000:   18s.  Last read position: chr4:12,115,842
INFO	2020-01-14 21:44:00	MarkDuplicates	Tracking 76540 as yet unmatched pairs. 6606 records in RAM.
INFO	2020-01-14 21:44:24	MarkDuplicates	Read    14,000,000 records.  Elapsed time: 00:07:52s.  Time for last 1,000,000:   23s.  Last read position: chr4:59,772,006
INFO	2020-01-14 21:44:24	MarkDuplicates	Tracking 81848 as yet unmatched pairs. 5640 records in RAM.
INFO	2020-01-14 21:44:30	MarkDuplicates	Read    15,000,000 records.  Elapsed time: 00:07:58s.  Time for last 1,000,000:    5s.  Last read position: chr4:111,768,796
INFO	2020-01-14 21:44:30	MarkDuplicates	Tracking 85998 as yet unmatched pairs. 3984 records in RAM.
INFO	2020-01-14 21:44:41	MarkDuplicates	Read    16,000,000 records.  Elapsed time: 00:08:10s.  Time for last 1,000,000:   11s.  Last read position: chr4:134,897,915
INFO	2020-01-14 21:44:41	MarkDuplicates	Tracking 90482 as yet unmatched pairs. 2361 records in RAM.
INFO	2020-01-14 21:45:40	MarkDuplicates	Read    17,000,000 records.  Elapsed time: 00:09:09s.  Time for last 1,000,000:   58s.  Last read position: chr4:150,244,146
INFO	2020-01-14 21:45:40	MarkDuplicates	Tracking 94312 as yet unmatched pairs. 415 records in RAM.
INFO	2020-01-14 21:45:46	MarkDuplicates	Read    18,000,000 records.  Elapsed time: 00:09:15s.  Time for last 1,000,000:    6s.  Last read position: chr5:32,827,894
INFO	2020-01-14 21:45:46	MarkDuplicates	Tracking 98931 as yet unmatched pairs. 7582 records in RAM.
INFO	2020-01-14 21:46:15	MarkDuplicates	Read    19,000,000 records.  Elapsed time: 00:09:43s.  Time for last 1,000,000:   28s.  Last read position: chr5:87,931,325
INFO	2020-01-14 21:46:15	MarkDuplicates	Tracking 101925 as yet unmatched pairs. 5253 records in RAM.
INFO	2020-01-14 21:46:41	MarkDuplicates	Read    20,000,000 records.  Elapsed time: 00:10:09s.  Time for last 1,000,000:   26s.  Last read position: chr5:121,518,900
INFO	2020-01-14 21:46:41	MarkDuplicates	Tracking 105074 as yet unmatched pairs. 3582 records in RAM.
INFO	2020-01-14 21:46:50	MarkDuplicates	Read    21,000,000 records.  Elapsed time: 00:10:18s.  Time for last 1,000,000:    8s.  Last read position: chr5:145,450,198
INFO	2020-01-14 21:46:50	MarkDuplicates	Tracking 107316 as yet unmatched pairs. 1046 records in RAM.
INFO	2020-01-14 21:47:06	MarkDuplicates	Read    22,000,000 records.  Elapsed time: 00:10:34s.  Time for last 1,000,000:   15s.  Last read position: chr6:40,966,700
INFO	2020-01-14 21:47:06	MarkDuplicates	Tracking 110921 as yet unmatched pairs. 7575 records in RAM.
INFO	2020-01-14 21:47:22	MarkDuplicates	Read    23,000,000 records.  Elapsed time: 00:10:51s.  Time for last 1,000,000:   16s.  Last read position: chr6:89,384,647
INFO	2020-01-14 21:47:22	MarkDuplicates	Tracking 112404 as yet unmatched pairs. 3952 records in RAM.
INFO	2020-01-14 21:47:26	MarkDuplicates	Read    24,000,000 records.  Elapsed time: 00:10:55s.  Time for last 1,000,000:    4s.  Last read position: chr6:129,908,766
INFO	2020-01-14 21:47:26	MarkDuplicates	Tracking 115610 as yet unmatched pairs. 2859 records in RAM.
INFO	2020-01-14 21:47:42	MarkDuplicates	Read    25,000,000 records.  Elapsed time: 00:11:10s.  Time for last 1,000,000:   15s.  Last read position: chr7:18,067,286
INFO	2020-01-14 21:47:42	MarkDuplicates	Tracking 116917 as yet unmatched pairs. 10436 records in RAM.
INFO	2020-01-14 21:49:06	MarkDuplicates	Read    26,000,000 records.  Elapsed time: 00:12:34s.  Time for last 1,000,000:   84s.  Last read position: chr7:44,207,353
INFO	2020-01-14 21:49:06	MarkDuplicates	Tracking 117886 as yet unmatched pairs. 7706 records in RAM.
INFO	2020-01-14 21:49:37	MarkDuplicates	Read    27,000,000 records.  Elapsed time: 00:13:06s.  Time for last 1,000,000:   31s.  Last read position: chr7:97,407,568
INFO	2020-01-14 21:49:37	MarkDuplicates	Tracking 119349 as yet unmatched pairs. 4998 records in RAM.
INFO	2020-01-14 21:50:15	MarkDuplicates	Read    28,000,000 records.  Elapsed time: 00:13:44s.  Time for last 1,000,000:   38s.  Last read position: chr7:127,025,495
INFO	2020-01-14 21:50:15	MarkDuplicates	Tracking 119417 as yet unmatched pairs. 1816 records in RAM.
INFO	2020-01-14 21:51:23	MarkDuplicates	Read    29,000,000 records.  Elapsed time: 00:14:51s.  Time for last 1,000,000:   67s.  Last read position: chr8:11,822,378
INFO	2020-01-14 21:51:23	MarkDuplicates	Tracking 119305 as yet unmatched pairs. 8744 records in RAM.
INFO	2020-01-14 21:51:44	MarkDuplicates	Read    30,000,000 records.  Elapsed time: 00:15:13s.  Time for last 1,000,000:   21s.  Last read position: chr8:70,064,691
INFO	2020-01-14 21:51:44	MarkDuplicates	Tracking 120270 as yet unmatched pairs. 5566 records in RAM.
INFO	2020-01-14 21:52:05	MarkDuplicates	Read    31,000,000 records.  Elapsed time: 00:15:33s.  Time for last 1,000,000:   20s.  Last read position: chr8:105,990,718
INFO	2020-01-14 21:52:05	MarkDuplicates	Tracking 119662 as yet unmatched pairs. 2164 records in RAM.
INFO	2020-01-14 21:53:24	MarkDuplicates	Read    32,000,000 records.  Elapsed time: 00:16:52s.  Time for last 1,000,000:   78s.  Last read position: chr9:22,129,788
INFO	2020-01-14 21:53:24	MarkDuplicates	Tracking 118817 as yet unmatched pairs. 10200 records in RAM.
INFO	2020-01-14 21:53:50	MarkDuplicates	Read    33,000,000 records.  Elapsed time: 00:17:18s.  Time for last 1,000,000:   26s.  Last read position: chr9:64,126,877
INFO	2020-01-14 21:53:50	MarkDuplicates	Tracking 118955 as yet unmatched pairs. 6780 records in RAM.
INFO	2020-01-14 21:54:13	MarkDuplicates	Read    34,000,000 records.  Elapsed time: 00:17:41s.  Time for last 1,000,000:   22s.  Last read position: chr9:106,429,908
INFO	2020-01-14 21:54:13	MarkDuplicates	Tracking 118710 as yet unmatched pairs. 3212 records in RAM.
INFO	2020-01-14 21:54:44	MarkDuplicates	Read    35,000,000 records.  Elapsed time: 00:18:12s.  Time for last 1,000,000:   30s.  Last read position: chr10:20,142,493
INFO	2020-01-14 21:54:44	MarkDuplicates	Tracking 117081 as yet unmatched pairs. 11249 records in RAM.
INFO	2020-01-14 21:55:13	MarkDuplicates	Read    36,000,000 records.  Elapsed time: 00:18:41s.  Time for last 1,000,000:   28s.  Last read position: chr10:76,623,628
INFO	2020-01-14 21:55:13	MarkDuplicates	Tracking 116018 as yet unmatched pairs. 5955 records in RAM.
INFO	2020-01-14 21:55:25	MarkDuplicates	Read    37,000,000 records.  Elapsed time: 00:18:54s.  Time for last 1,000,000:   12s.  Last read position: chr10:120,933,723
INFO	2020-01-14 21:55:25	MarkDuplicates	Tracking 114656 as yet unmatched pairs. 1520 records in RAM.
INFO	2020-01-14 21:56:32	MarkDuplicates	Read    38,000,000 records.  Elapsed time: 00:20:00s.  Time for last 1,000,000:   66s.  Last read position: chr11:31,935,447
INFO	2020-01-14 21:56:32	MarkDuplicates	Tracking 113021 as yet unmatched pairs. 14669 records in RAM.
INFO	2020-01-14 21:56:42	MarkDuplicates	Read    39,000,000 records.  Elapsed time: 00:20:10s.  Time for last 1,000,000:    9s.  Last read position: chr11:62,700,535
INFO	2020-01-14 21:56:42	MarkDuplicates	Tracking 111814 as yet unmatched pairs. 11392 records in RAM.
INFO	2020-01-14 21:56:49	MarkDuplicates	Read    40,000,000 records.  Elapsed time: 00:20:17s.  Time for last 1,000,000:    7s.  Last read position: chr11:80,136,792
INFO	2020-01-14 21:56:49	MarkDuplicates	Tracking 109851 as yet unmatched pairs. 7965 records in RAM.
INFO	2020-01-14 21:56:56	MarkDuplicates	Read    41,000,000 records.  Elapsed time: 00:20:24s.  Time for last 1,000,000:    7s.  Last read position: chr11:100,445,956
INFO	2020-01-14 21:56:56	MarkDuplicates	Tracking 107973 as yet unmatched pairs. 4236 records in RAM.
INFO	2020-01-14 21:57:05	MarkDuplicates	Read    42,000,000 records.  Elapsed time: 00:20:33s.  Time for last 1,000,000:    8s.  Last read position: chr11:118,090,669
INFO	2020-01-14 21:57:05	MarkDuplicates	Tracking 106695 as yet unmatched pairs. 1083 records in RAM.
INFO	2020-01-14 21:57:19	MarkDuplicates	Read    43,000,000 records.  Elapsed time: 00:20:47s.  Time for last 1,000,000:   13s.  Last read position: chr12:64,957,175
INFO	2020-01-14 21:57:19	MarkDuplicates	Tracking 103202 as yet unmatched pairs. 6971 records in RAM.
INFO	2020-01-14 21:57:27	MarkDuplicates	Read    44,000,000 records.  Elapsed time: 00:20:56s.  Time for last 1,000,000:    8s.  Last read position: chr12:110,655,290
INFO	2020-01-14 21:57:27	MarkDuplicates	Tracking 100744 as yet unmatched pairs. 2146 records in RAM.
INFO	2020-01-14 21:57:40	MarkDuplicates	Read    45,000,000 records.  Elapsed time: 00:21:08s.  Time for last 1,000,000:   12s.  Last read position: chr13:43,669,663
INFO	2020-01-14 21:57:40	MarkDuplicates	Tracking 97950 as yet unmatched pairs. 10607 records in RAM.
INFO	2020-01-14 21:57:47	MarkDuplicates	Read    46,000,000 records.  Elapsed time: 00:21:15s.  Time for last 1,000,000:    6s.  Last read position: chr13:95,046,331
INFO	2020-01-14 21:57:47	MarkDuplicates	Tracking 93359 as yet unmatched pairs. 3467 records in RAM.
INFO	2020-01-14 21:57:57	MarkDuplicates	Read    47,000,000 records.  Elapsed time: 00:21:26s.  Time for last 1,000,000:   10s.  Last read position: chr14:33,447,009
INFO	2020-01-14 21:57:57	MarkDuplicates	Tracking 88479 as yet unmatched pairs. 11800 records in RAM.
INFO	2020-01-14 21:58:17	MarkDuplicates	Read    48,000,000 records.  Elapsed time: 00:21:45s.  Time for last 1,000,000:   19s.  Last read position: chr14:60,751,614
INFO	2020-01-14 21:58:17	MarkDuplicates	Tracking 84614 as yet unmatched pairs. 6669 records in RAM.
INFO	2020-01-14 21:58:24	MarkDuplicates	Read    49,000,000 records.  Elapsed time: 00:21:53s.  Time for last 1,000,000:    7s.  Last read position: chr15:27,658,056
INFO	2020-01-14 21:58:24	MarkDuplicates	Tracking 77200 as yet unmatched pairs. 9915 records in RAM.
INFO	2020-01-14 21:58:31	MarkDuplicates	Read    50,000,000 records.  Elapsed time: 00:22:00s.  Time for last 1,000,000:    6s.  Last read position: chr15:81,903,802
INFO	2020-01-14 21:58:31	MarkDuplicates	Tracking 73344 as yet unmatched pairs. 4432 records in RAM.
INFO	2020-01-14 21:58:52	MarkDuplicates	Read    51,000,000 records.  Elapsed time: 00:22:21s.  Time for last 1,000,000:   21s.  Last read position: chr16:11,832,778
INFO	2020-01-14 21:58:52	MarkDuplicates	Tracking 68543 as yet unmatched pairs. 11924 records in RAM.
INFO	2020-01-14 21:59:03	MarkDuplicates	Read    52,000,000 records.  Elapsed time: 00:22:32s.  Time for last 1,000,000:   10s.  Last read position: chr16:44,746,259
INFO	2020-01-14 21:59:03	MarkDuplicates	Tracking 63314 as yet unmatched pairs. 5623 records in RAM.
INFO	2020-01-14 21:59:14	MarkDuplicates	Read    53,000,000 records.  Elapsed time: 00:22:42s.  Time for last 1,000,000:   10s.  Last read position: chr17:13,096,687
INFO	2020-01-14 21:59:14	MarkDuplicates	Tracking 57782 as yet unmatched pairs. 15331 records in RAM.
INFO	2020-01-14 22:01:18	MarkDuplicates	Read    54,000,000 records.  Elapsed time: 00:24:47s.  Time for last 1,000,000:  124s.  Last read position: chr17:34,957,576
INFO	2020-01-14 22:01:18	MarkDuplicates	Tracking 53659 as yet unmatched pairs. 10610 records in RAM.
INFO	2020-01-14 22:01:45	MarkDuplicates	Read    55,000,000 records.  Elapsed time: 00:25:14s.  Time for last 1,000,000:   27s.  Last read position: chr17:78,344,429
INFO	2020-01-14 22:01:45	MarkDuplicates	Tracking 46489 as yet unmatched pairs. 2521 records in RAM.
INFO	2020-01-14 22:02:11	MarkDuplicates	Read    56,000,000 records.  Elapsed time: 00:25:39s.  Time for last 1,000,000:   25s.  Last read position: chr18:37,895,968
INFO	2020-01-14 22:02:11	MarkDuplicates	Tracking 39202 as yet unmatched pairs. 7095 records in RAM.
INFO	2020-01-14 22:02:43	MarkDuplicates	Read    57,000,000 records.  Elapsed time: 00:26:12s.  Time for last 1,000,000:   32s.  Last read position: chr19:4,864,035
INFO	2020-01-14 22:02:43	MarkDuplicates	Tracking 32165 as yet unmatched pairs. 10268 records in RAM.
INFO	2020-01-14 22:02:59	MarkDuplicates	Read    58,000,000 records.  Elapsed time: 00:26:27s.  Time for last 1,000,000:   15s.  Last read position: chr19:40,070,054
INFO	2020-01-14 22:02:59	MarkDuplicates	Tracking 26029 as yet unmatched pairs. 3839 records in RAM.
INFO	2020-01-14 22:03:15	MarkDuplicates	Read    59,000,000 records.  Elapsed time: 00:26:44s.  Time for last 1,000,000:   16s.  Last read position: chrX:63,544,628
INFO	2020-01-14 22:03:15	MarkDuplicates	Tracking 16057 as yet unmatched pairs. 13747 records in RAM.
INFO	2020-01-14 22:03:58	MarkDuplicates	Read    60,000,000 records.  Elapsed time: 00:27:26s.  Time for last 1,000,000:   42s.  Last read position: chrX:160,834,434
INFO	2020-01-14 22:03:58	MarkDuplicates	Tracking 3627 as yet unmatched pairs. 1282 records in RAM.
INFO	2020-01-14 22:04:03	MarkDuplicates	Read 60185522 records. 0 pairs never matched.
INFO	2020-01-14 22:05:35	MarkDuplicates	After buildSortedReadEndLists freeMemory: 11365848720; totalMemory: 18843435008; maxMemory: 28631367680
INFO	2020-01-14 22:05:35	MarkDuplicates	Will retain up to 894730240 duplicate indices before spilling to disk.
INFO	2020-01-14 22:05:47	MarkDuplicates	Traversing read pair information and detecting duplicates.
INFO	2020-01-14 22:08:42	MarkDuplicates	Traversing fragment information and detecting duplicates.
INFO	2020-01-14 22:08:46	MarkDuplicates	Sorting list of duplicate records.
INFO	2020-01-14 22:08:49	MarkDuplicates	After generateDuplicateIndexes freeMemory: 23001524424; totalMemory: 30298079232; maxMemory: 30298079232
INFO	2020-01-14 22:08:49	MarkDuplicates	Marking 9963865 records as duplicates.
INFO	2020-01-14 22:08:49	MarkDuplicates	Found 2124 optical duplicate clusters.
INFO	2020-01-14 22:08:49	MarkDuplicates	Reads are assumed to be ordered by: coordinate
INFO	2020-01-14 22:14:42	MarkDuplicates	Written    10,000,000 records.  Elapsed time: 00:05:53s.  Time for last 10,000,000:  353s.  Last read position: chr3:32,726,832
INFO	2020-01-14 22:17:09	MarkDuplicates	Written    20,000,000 records.  Elapsed time: 00:08:20s.  Time for last 10,000,000:  147s.  Last read position: chr5:121,518,900
INFO	2020-01-14 22:20:05	MarkDuplicates	Written    30,000,000 records.  Elapsed time: 00:11:16s.  Time for last 10,000,000:  175s.  Last read position: chr8:70,064,691
INFO	2020-01-14 22:23:39	MarkDuplicates	Written    40,000,000 records.  Elapsed time: 00:14:50s.  Time for last 10,000,000:  214s.  Last read position: chr11:80,136,792
INFO	2020-01-14 22:27:05	MarkDuplicates	Written    50,000,000 records.  Elapsed time: 00:18:16s.  Time for last 10,000,000:  206s.  Last read position: chr15:81,903,802
INFO	2020-01-14 22:30:22	MarkDuplicates	Written    60,000,000 records.  Elapsed time: 00:21:33s.  Time for last 10,000,000:  197s.  Last read position: chrX:160,834,434
INFO	2020-01-14 22:30:26	MarkDuplicates	Writing complete. Closing input iterator.
INFO	2020-01-14 22:30:26	MarkDuplicates	Duplicate Index cleanup.
INFO	2020-01-14 22:30:26	MarkDuplicates	Getting Memory Stats.
INFO	2020-01-14 22:30:26	MarkDuplicates	Before output close freeMemory: 30680349112; totalMemory: 30882660352; maxMemory: 30882660352
INFO	2020-01-14 22:30:26	MarkDuplicates	Closed outputs. Getting more Memory Stats.
INFO	2020-01-14 22:30:27	MarkDuplicates	After output close freeMemory: 30304717880; totalMemory: 30506745856; maxMemory: 30506745856
[Tue Jan 14 22:30:27 UTC 2020] picard.sam.markduplicates.MarkDuplicates done. Elapsed time: 54.18 minutes.
Runtime.totalMemory()=30506745856
