INFO	2020-01-14 21:30:38	MarkDuplicates	

********** NOTE: Picard's command line syntax is changing.
**********
********** For more information, please see:
********** https://github.com/broadinstitute/picard/wiki/Command-Line-Syntax-Transition-For-Users-(Pre-Transition)
**********
********** The command line looks like this in the new syntax:
**********
**********    MarkDuplicates -I /scratch/gregg_thomas/Murinae-seq/03B-MappedMouse/Mus-spretus/Mus-spretus.sorted.bam -O /scratch/gregg_thomas/Murinae-seq/03B-MappedMouse/Mus-spretus/Mus-spretus.sorted.mkdup.bam -M /scratch/gregg_thomas/Murinae-seq/03B-MappedMouse/Mus-spretus/Mus-spretus-mkdup-metrics.txt
**********


21:30:41.892 INFO  NativeLibraryLoader - Loading libgkl_compression.so from jar:file:/home/gregg_thomas/bin/picard.jar!/com/intel/gkl/native/libgkl_compression.so
[Tue Jan 14 21:30:41 UTC 2020] MarkDuplicates INPUT=[/scratch/gregg_thomas/Murinae-seq/03B-MappedMouse/Mus-spretus/Mus-spretus.sorted.bam] OUTPUT=/scratch/gregg_thomas/Murinae-seq/03B-MappedMouse/Mus-spretus/Mus-spretus.sorted.mkdup.bam METRICS_FILE=/scratch/gregg_thomas/Murinae-seq/03B-MappedMouse/Mus-spretus/Mus-spretus-mkdup-metrics.txt    MAX_SEQUENCES_FOR_DISK_READ_ENDS_MAP=50000 MAX_FILE_HANDLES_FOR_READ_ENDS_MAP=8000 SORTING_COLLECTION_SIZE_RATIO=0.25 TAG_DUPLICATE_SET_MEMBERS=false REMOVE_SEQUENCING_DUPLICATES=false TAGGING_POLICY=DontTag CLEAR_DT=true DUPLEX_UMI=false ADD_PG_TAG_TO_READS=true REMOVE_DUPLICATES=false ASSUME_SORTED=false DUPLICATE_SCORING_STRATEGY=SUM_OF_BASE_QUALITIES PROGRAM_RECORD_ID=MarkDuplicates PROGRAM_GROUP_NAME=MarkDuplicates READ_NAME_REGEX=<optimized capture of last three ':' separated fields as numeric values> OPTICAL_DUPLICATE_PIXEL_DISTANCE=100 MAX_OPTICAL_DUPLICATE_SET_SIZE=300000 VERBOSITY=INFO QUIET=false VALIDATION_STRINGENCY=STRICT COMPRESSION_LEVEL=5 MAX_RECORDS_IN_RAM=500000 CREATE_INDEX=false CREATE_MD5_FILE=false GA4GH_CLIENT_SECRETS=client_secrets.json USE_JDK_DEFLATER=false USE_JDK_INFLATER=false
[Tue Jan 14 21:30:42 UTC 2020] Executing as gregg_thomas@ecae4883a231 on Linux 4.4.0-104-generic amd64; Java HotSpot(TM) 64-Bit Server VM 1.8.0_221-b11; Deflater: Intel; Inflater: Intel; Provider GCS is not available; Picard version: 2.20.6-SNAPSHOT
INFO	2020-01-14 21:30:42	MarkDuplicates	Start of doWork freeMemory: 2037674864; totalMemory: 2058354688; maxMemory: 28631367680
INFO	2020-01-14 21:30:42	MarkDuplicates	Reading input file and constructing read end information.
INFO	2020-01-14 21:30:42	MarkDuplicates	Will retain up to 103736839 data points before spilling to disk.
INFO	2020-01-14 21:31:19	MarkDuplicates	Read     1,000,000 records.  Elapsed time: 00:00:35s.  Time for last 1,000,000:   35s.  Last read position: chr1:130,447,392
INFO	2020-01-14 21:31:19	MarkDuplicates	Tracking 5406 as yet unmatched pairs. 174 records in RAM.
INFO	2020-01-14 21:31:52	MarkDuplicates	Read     2,000,000 records.  Elapsed time: 00:01:08s.  Time for last 1,000,000:   33s.  Last read position: chr2:25,519,620
INFO	2020-01-14 21:31:52	MarkDuplicates	Tracking 9036 as yet unmatched pairs. 718 records in RAM.
INFO	2020-01-14 21:32:03	MarkDuplicates	Read     3,000,000 records.  Elapsed time: 00:01:19s.  Time for last 1,000,000:   10s.  Last read position: chr2:103,046,788
INFO	2020-01-14 21:32:03	MarkDuplicates	Tracking 12087 as yet unmatched pairs. 534 records in RAM.
INFO	2020-01-14 21:32:36	MarkDuplicates	Read     4,000,000 records.  Elapsed time: 00:01:52s.  Time for last 1,000,000:   33s.  Last read position: chr2:164,891,238
INFO	2020-01-14 21:32:36	MarkDuplicates	Tracking 15415 as yet unmatched pairs. 160 records in RAM.
INFO	2020-01-14 21:33:02	MarkDuplicates	Read     5,000,000 records.  Elapsed time: 00:02:18s.  Time for last 1,000,000:   25s.  Last read position: chr3:93,938,316
INFO	2020-01-14 21:33:02	MarkDuplicates	Tracking 19559 as yet unmatched pairs. 1304 records in RAM.
INFO	2020-01-14 21:33:14	MarkDuplicates	Read     6,000,000 records.  Elapsed time: 00:02:31s.  Time for last 1,000,000:   12s.  Last read position: chr4:41,630,532
INFO	2020-01-14 21:33:14	MarkDuplicates	Tracking 21918 as yet unmatched pairs. 1517 records in RAM.
INFO	2020-01-14 21:33:27	MarkDuplicates	Read     7,000,000 records.  Elapsed time: 00:02:43s.  Time for last 1,000,000:   12s.  Last read position: chr4:127,326,428
INFO	2020-01-14 21:33:27	MarkDuplicates	Tracking 24704 as yet unmatched pairs. 612 records in RAM.
INFO	2020-01-14 21:34:13	MarkDuplicates	Read     8,000,000 records.  Elapsed time: 00:03:29s.  Time for last 1,000,000:   46s.  Last read position: chr5:29,258,558
INFO	2020-01-14 21:34:13	MarkDuplicates	Tracking 26702 as yet unmatched pairs. 2046 records in RAM.
INFO	2020-01-14 21:34:24	MarkDuplicates	Read     9,000,000 records.  Elapsed time: 00:03:41s.  Time for last 1,000,000:   11s.  Last read position: chr5:121,424,604
INFO	2020-01-14 21:34:24	MarkDuplicates	Tracking 28788 as yet unmatched pairs. 817 records in RAM.
INFO	2020-01-14 21:34:55	MarkDuplicates	Read    10,000,000 records.  Elapsed time: 00:04:12s.  Time for last 1,000,000:   30s.  Last read position: chr6:48,701,668
INFO	2020-01-14 21:34:55	MarkDuplicates	Tracking 30617 as yet unmatched pairs. 2239 records in RAM.
INFO	2020-01-14 21:35:28	MarkDuplicates	Read    11,000,000 records.  Elapsed time: 00:04:44s.  Time for last 1,000,000:   32s.  Last read position: chr6:148,150,626
INFO	2020-01-14 21:35:28	MarkDuplicates	Tracking 31538 as yet unmatched pairs. 55 records in RAM.
INFO	2020-01-14 21:36:02	MarkDuplicates	Read    12,000,000 records.  Elapsed time: 00:05:18s.  Time for last 1,000,000:   34s.  Last read position: chr7:65,644,862
INFO	2020-01-14 21:36:02	MarkDuplicates	Tracking 32413 as yet unmatched pairs. 1630 records in RAM.
INFO	2020-01-14 21:36:35	MarkDuplicates	Read    13,000,000 records.  Elapsed time: 00:05:51s.  Time for last 1,000,000:   32s.  Last read position: chr7:141,818,885
INFO	2020-01-14 21:36:35	MarkDuplicates	Tracking 33340 as yet unmatched pairs. 77 records in RAM.
INFO	2020-01-14 21:37:09	MarkDuplicates	Read    14,000,000 records.  Elapsed time: 00:06:25s.  Time for last 1,000,000:   33s.  Last read position: chr8:104,240,970
INFO	2020-01-14 21:37:09	MarkDuplicates	Tracking 33296 as yet unmatched pairs. 738 records in RAM.
INFO	2020-01-14 21:37:36	MarkDuplicates	Read    15,000,000 records.  Elapsed time: 00:06:52s.  Time for last 1,000,000:   27s.  Last read position: chr9:61,414,519
INFO	2020-01-14 21:37:36	MarkDuplicates	Tracking 33212 as yet unmatched pairs. 1874 records in RAM.
INFO	2020-01-14 21:38:03	MarkDuplicates	Read    16,000,000 records.  Elapsed time: 00:07:19s.  Time for last 1,000,000:   26s.  Last read position: chr10:24,795,702
INFO	2020-01-14 21:38:03	MarkDuplicates	Tracking 32972 as yet unmatched pairs. 2976 records in RAM.
INFO	2020-01-14 21:39:07	MarkDuplicates	Read    17,000,000 records.  Elapsed time: 00:08:23s.  Time for last 1,000,000:   64s.  Last read position: chr10:128,563,330
INFO	2020-01-14 21:39:07	MarkDuplicates	Tracking 32079 as yet unmatched pairs. 101 records in RAM.
INFO	2020-01-14 21:39:21	MarkDuplicates	Read    18,000,000 records.  Elapsed time: 00:08:37s.  Time for last 1,000,000:   13s.  Last read position: chr11:70,609,120
INFO	2020-01-14 21:39:21	MarkDuplicates	Tracking 31445 as yet unmatched pairs. 2568 records in RAM.
INFO	2020-01-14 21:39:36	MarkDuplicates	Read    19,000,000 records.  Elapsed time: 00:08:53s.  Time for last 1,000,000:   15s.  Last read position: chr11:106,781,576
INFO	2020-01-14 21:39:36	MarkDuplicates	Tracking 30626 as yet unmatched pairs. 715 records in RAM.
INFO	2020-01-14 21:39:50	MarkDuplicates	Read    20,000,000 records.  Elapsed time: 00:09:07s.  Time for last 1,000,000:   14s.  Last read position: chr12:87,955,530
INFO	2020-01-14 21:39:50	MarkDuplicates	Tracking 29453 as yet unmatched pairs. 1594 records in RAM.
INFO	2020-01-14 21:40:17	MarkDuplicates	Read    21,000,000 records.  Elapsed time: 00:09:33s.  Time for last 1,000,000:   26s.  Last read position: chr13:73,797,664
INFO	2020-01-14 21:40:17	MarkDuplicates	Tracking 26609 as yet unmatched pairs. 1658 records in RAM.
INFO	2020-01-14 21:40:50	MarkDuplicates	Read    22,000,000 records.  Elapsed time: 00:10:06s.  Time for last 1,000,000:   33s.  Last read position: chr14:67,738,751
INFO	2020-01-14 21:40:50	MarkDuplicates	Tracking 23668 as yet unmatched pairs. 1431 records in RAM.
INFO	2020-01-14 21:41:29	MarkDuplicates	Read    23,000,000 records.  Elapsed time: 00:10:46s.  Time for last 1,000,000:   39s.  Last read position: chr15:89,397,302
INFO	2020-01-14 21:41:29	MarkDuplicates	Tracking 20342 as yet unmatched pairs. 790 records in RAM.
INFO	2020-01-14 21:41:44	MarkDuplicates	Read    24,000,000 records.  Elapsed time: 00:11:00s.  Time for last 1,000,000:   14s.  Last read position: chr16:85,800,051
INFO	2020-01-14 21:41:44	MarkDuplicates	Tracking 16956 as yet unmatched pairs. 613 records in RAM.
INFO	2020-01-14 21:42:00	MarkDuplicates	Read    25,000,000 records.  Elapsed time: 00:11:16s.  Time for last 1,000,000:   15s.  Last read position: chr17:43,064,960
INFO	2020-01-14 21:42:00	MarkDuplicates	Tracking 14243 as yet unmatched pairs. 2340 records in RAM.
INFO	2020-01-14 21:42:27	MarkDuplicates	Read    26,000,000 records.  Elapsed time: 00:11:43s.  Time for last 1,000,000:   26s.  Last read position: chr18:64,997,197
INFO	2020-01-14 21:42:27	MarkDuplicates	Tracking 9890 as yet unmatched pairs. 884 records in RAM.
INFO	2020-01-14 21:42:33	MarkDuplicates	Read    27,000,000 records.  Elapsed time: 00:11:49s.  Time for last 1,000,000:    5s.  Last read position: chrX:8,527,435
INFO	2020-01-14 21:42:33	MarkDuplicates	Tracking 5894 as yet unmatched pairs. 5168 records in RAM.
INFO	2020-01-14 21:42:37	MarkDuplicates	Read 27678726 records. 0 pairs never matched.
INFO	2020-01-14 21:43:17	MarkDuplicates	After buildSortedReadEndLists freeMemory: 10096357344; totalMemory: 14090764288; maxMemory: 28631367680
INFO	2020-01-14 21:43:17	MarkDuplicates	Will retain up to 894730240 duplicate indices before spilling to disk.
INFO	2020-01-14 21:43:21	MarkDuplicates	Traversing read pair information and detecting duplicates.
INFO	2020-01-14 21:47:10	MarkDuplicates	Traversing fragment information and detecting duplicates.
INFO	2020-01-14 21:47:15	MarkDuplicates	Sorting list of duplicate records.
INFO	2020-01-14 21:47:19	MarkDuplicates	After generateDuplicateIndexes freeMemory: 19210435472; totalMemory: 26495418368; maxMemory: 28631367680
INFO	2020-01-14 21:47:19	MarkDuplicates	Marking 2522616 records as duplicates.
INFO	2020-01-14 21:47:19	MarkDuplicates	Found 1408 optical duplicate clusters.
INFO	2020-01-14 21:47:19	MarkDuplicates	Reads are assumed to be ordered by: coordinate
INFO	2020-01-14 21:55:15	MarkDuplicates	Written    10,000,000 records.  Elapsed time: 00:07:55s.  Time for last 10,000,000:  475s.  Last read position: chr6:48,701,668
INFO	2020-01-14 21:59:57	MarkDuplicates	Written    20,000,000 records.  Elapsed time: 00:12:37s.  Time for last 10,000,000:  281s.  Last read position: chr12:87,955,530
INFO	2020-01-14 22:04:57	MarkDuplicates	Writing complete. Closing input iterator.
INFO	2020-01-14 22:04:57	MarkDuplicates	Duplicate Index cleanup.
INFO	2020-01-14 22:04:57	MarkDuplicates	Getting Memory Stats.
INFO	2020-01-14 22:04:58	MarkDuplicates	Before output close freeMemory: 25711278528; totalMemory: 25902972928; maxMemory: 28631367680
INFO	2020-01-14 22:04:58	MarkDuplicates	Closed outputs. Getting more Memory Stats.
INFO	2020-01-14 22:04:59	MarkDuplicates	After output close freeMemory: 26256877528; totalMemory: 26448756736; maxMemory: 28631367680
[Tue Jan 14 22:04:59 UTC 2020] picard.sam.markduplicates.MarkDuplicates done. Elapsed time: 34.30 minutes.
Runtime.totalMemory()=26448756736
