INFO	2020-01-15 02:54:07	MarkDuplicates	

********** NOTE: Picard's command line syntax is changing.
**********
********** For more information, please see:
********** https://github.com/broadinstitute/picard/wiki/Command-Line-Syntax-Transition-For-Users-(Pre-Transition)
**********
********** The command line looks like this in the new syntax:
**********
**********    MarkDuplicates -I /scratch/gregg_thomas/Murinae-seq/03B-MappedMouse/Notomys-macrotis/Notomys-macrotis.sorted.bam -O /scratch/gregg_thomas/Murinae-seq/03B-MappedMouse/Notomys-macrotis/Notomys-macrotis.sorted.mkdup.bam -M /scratch/gregg_thomas/Murinae-seq/03B-MappedMouse/Notomys-macrotis/Notomys-macrotis-mkdup-metrics.txt
**********


02:54:08.533 INFO  NativeLibraryLoader - Loading libgkl_compression.so from jar:file:/home/gregg_thomas/bin/picard.jar!/com/intel/gkl/native/libgkl_compression.so
[Wed Jan 15 02:54:08 UTC 2020] MarkDuplicates INPUT=[/scratch/gregg_thomas/Murinae-seq/03B-MappedMouse/Notomys-macrotis/Notomys-macrotis.sorted.bam] OUTPUT=/scratch/gregg_thomas/Murinae-seq/03B-MappedMouse/Notomys-macrotis/Notomys-macrotis.sorted.mkdup.bam METRICS_FILE=/scratch/gregg_thomas/Murinae-seq/03B-MappedMouse/Notomys-macrotis/Notomys-macrotis-mkdup-metrics.txt    MAX_SEQUENCES_FOR_DISK_READ_ENDS_MAP=50000 MAX_FILE_HANDLES_FOR_READ_ENDS_MAP=8000 SORTING_COLLECTION_SIZE_RATIO=0.25 TAG_DUPLICATE_SET_MEMBERS=false REMOVE_SEQUENCING_DUPLICATES=false TAGGING_POLICY=DontTag CLEAR_DT=true DUPLEX_UMI=false ADD_PG_TAG_TO_READS=true REMOVE_DUPLICATES=false ASSUME_SORTED=false DUPLICATE_SCORING_STRATEGY=SUM_OF_BASE_QUALITIES PROGRAM_RECORD_ID=MarkDuplicates PROGRAM_GROUP_NAME=MarkDuplicates READ_NAME_REGEX=<optimized capture of last three ':' separated fields as numeric values> OPTICAL_DUPLICATE_PIXEL_DISTANCE=100 MAX_OPTICAL_DUPLICATE_SET_SIZE=300000 VERBOSITY=INFO QUIET=false VALIDATION_STRINGENCY=STRICT COMPRESSION_LEVEL=5 MAX_RECORDS_IN_RAM=500000 CREATE_INDEX=false CREATE_MD5_FILE=false GA4GH_CLIENT_SECRETS=client_secrets.json USE_JDK_DEFLATER=false USE_JDK_INFLATER=false
[Wed Jan 15 02:54:08 UTC 2020] Executing as gregg_thomas@ecae4883a231 on Linux 4.4.0-104-generic amd64; Java HotSpot(TM) 64-Bit Server VM 1.8.0_221-b11; Deflater: Intel; Inflater: Intel; Provider GCS is not available; Picard version: 2.20.6-SNAPSHOT
INFO	2020-01-15 02:54:09	MarkDuplicates	Start of doWork freeMemory: 2037674616; totalMemory: 2058354688; maxMemory: 28631367680
INFO	2020-01-15 02:54:09	MarkDuplicates	Reading input file and constructing read end information.
INFO	2020-01-15 02:54:09	MarkDuplicates	Will retain up to 103736839 data points before spilling to disk.
INFO	2020-01-15 02:54:33	MarkDuplicates	Read     1,000,000 records.  Elapsed time: 00:00:15s.  Time for last 1,000,000:   15s.  Last read position: chr1:55,424,205
INFO	2020-01-15 02:54:33	MarkDuplicates	Tracking 26420 as yet unmatched pairs. 1398 records in RAM.
INFO	2020-01-15 02:54:59	MarkDuplicates	Read     2,000,000 records.  Elapsed time: 00:00:41s.  Time for last 1,000,000:   26s.  Last read position: chr1:100,887,729
INFO	2020-01-15 02:54:59	MarkDuplicates	Tracking 48471 as yet unmatched pairs. 1867 records in RAM.
INFO	2020-01-15 02:55:12	MarkDuplicates	Read     3,000,000 records.  Elapsed time: 00:00:54s.  Time for last 1,000,000:   12s.  Last read position: chr1:154,425,465
INFO	2020-01-15 02:55:12	MarkDuplicates	Tracking 73654 as yet unmatched pairs. 1268 records in RAM.
INFO	2020-01-15 02:55:26	MarkDuplicates	Read     4,000,000 records.  Elapsed time: 00:01:08s.  Time for last 1,000,000:   14s.  Last read position: chr2:8,485,120
INFO	2020-01-15 02:55:26	MarkDuplicates	Tracking 96209 as yet unmatched pairs. 7149 records in RAM.
INFO	2020-01-15 02:55:33	MarkDuplicates	Read     5,000,000 records.  Elapsed time: 00:01:15s.  Time for last 1,000,000:    6s.  Last read position: chr2:46,981,935
INFO	2020-01-15 02:55:33	MarkDuplicates	Tracking 114714 as yet unmatched pairs. 6675 records in RAM.
INFO	2020-01-15 02:55:45	MarkDuplicates	Read     6,000,000 records.  Elapsed time: 00:01:26s.  Time for last 1,000,000:   11s.  Last read position: chr2:85,484,055
INFO	2020-01-15 02:55:45	MarkDuplicates	Tracking 130808 as yet unmatched pairs. 5771 records in RAM.
INFO	2020-01-15 02:55:54	MarkDuplicates	Read     7,000,000 records.  Elapsed time: 00:01:36s.  Time for last 1,000,000:    9s.  Last read position: chr2:126,791,725
INFO	2020-01-15 02:55:54	MarkDuplicates	Tracking 148185 as yet unmatched pairs. 3895 records in RAM.
INFO	2020-01-15 02:56:24	MarkDuplicates	Read     8,000,000 records.  Elapsed time: 00:02:06s.  Time for last 1,000,000:   30s.  Last read position: chr2:164,190,588
INFO	2020-01-15 02:56:24	MarkDuplicates	Tracking 164595 as yet unmatched pairs. 1322 records in RAM.
INFO	2020-01-15 02:56:29	MarkDuplicates	Read     9,000,000 records.  Elapsed time: 00:02:11s.  Time for last 1,000,000:    5s.  Last read position: chr3:37,026,078
INFO	2020-01-15 02:56:29	MarkDuplicates	Tracking 183773 as yet unmatched pairs. 9901 records in RAM.
INFO	2020-01-15 02:56:35	MarkDuplicates	Read    10,000,000 records.  Elapsed time: 00:02:16s.  Time for last 1,000,000:    5s.  Last read position: chr3:90,053,515
INFO	2020-01-15 02:56:35	MarkDuplicates	Tracking 200873 as yet unmatched pairs. 6349 records in RAM.
INFO	2020-01-15 02:56:54	MarkDuplicates	Read    11,000,000 records.  Elapsed time: 00:02:36s.  Time for last 1,000,000:   19s.  Last read position: chr3:131,936,007
INFO	2020-01-15 02:56:54	MarkDuplicates	Tracking 215675 as yet unmatched pairs. 2586 records in RAM.
INFO	2020-01-15 02:57:00	MarkDuplicates	Read    12,000,000 records.  Elapsed time: 00:02:41s.  Time for last 1,000,000:    5s.  Last read position: chr4:31,510,506
INFO	2020-01-15 02:57:00	MarkDuplicates	Tracking 232030 as yet unmatched pairs. 15251 records in RAM.
INFO	2020-01-15 02:57:04	MarkDuplicates	Read    13,000,000 records.  Elapsed time: 00:02:45s.  Time for last 1,000,000:    3s.  Last read position: chr4:82,704,773
INFO	2020-01-15 02:57:04	MarkDuplicates	Tracking 247077 as yet unmatched pairs. 10462 records in RAM.
INFO	2020-01-15 02:57:25	MarkDuplicates	Read    14,000,000 records.  Elapsed time: 00:03:06s.  Time for last 1,000,000:   21s.  Last read position: chr4:125,126,553
INFO	2020-01-15 02:57:25	MarkDuplicates	Tracking 258842 as yet unmatched pairs. 5336 records in RAM.
INFO	2020-01-15 02:57:33	MarkDuplicates	Read    15,000,000 records.  Elapsed time: 00:03:14s.  Time for last 1,000,000:    7s.  Last read position: chr4:154,258,111
INFO	2020-01-15 02:57:33	MarkDuplicates	Tracking 269203 as yet unmatched pairs. 356 records in RAM.
INFO	2020-01-15 02:57:42	MarkDuplicates	Read    16,000,000 records.  Elapsed time: 00:03:24s.  Time for last 1,000,000:    9s.  Last read position: chr5:43,924,441
INFO	2020-01-15 02:57:42	MarkDuplicates	Tracking 279578 as yet unmatched pairs. 17447 records in RAM.
INFO	2020-01-15 02:58:31	MarkDuplicates	Read    17,000,000 records.  Elapsed time: 00:04:13s.  Time for last 1,000,000:   48s.  Last read position: chr5:101,378,032
INFO	2020-01-15 02:58:31	MarkDuplicates	Tracking 291514 as yet unmatched pairs. 10156 records in RAM.
INFO	2020-01-15 02:58:38	MarkDuplicates	Read    18,000,000 records.  Elapsed time: 00:04:19s.  Time for last 1,000,000:    6s.  Last read position: chr5:137,675,899
INFO	2020-01-15 02:58:38	MarkDuplicates	Tracking 301194 as yet unmatched pairs. 2749 records in RAM.
INFO	2020-01-15 02:58:44	MarkDuplicates	Read    19,000,000 records.  Elapsed time: 00:04:25s.  Time for last 1,000,000:    6s.  Last read position: chr6:37,919,411
INFO	2020-01-15 02:58:44	MarkDuplicates	Tracking 310738 as yet unmatched pairs. 20349 records in RAM.
INFO	2020-01-15 02:59:07	MarkDuplicates	Read    20,000,000 records.  Elapsed time: 00:04:48s.  Time for last 1,000,000:   22s.  Last read position: chr6:88,841,818
INFO	2020-01-15 02:59:07	MarkDuplicates	Tracking 319194 as yet unmatched pairs. 11591 records in RAM.
INFO	2020-01-15 02:59:12	MarkDuplicates	Read    21,000,000 records.  Elapsed time: 00:04:53s.  Time for last 1,000,000:    4s.  Last read position: chr6:141,248,661
INFO	2020-01-15 02:59:12	MarkDuplicates	Tracking 327015 as yet unmatched pairs. 2079 records in RAM.
INFO	2020-01-15 02:59:19	MarkDuplicates	Read    22,000,000 records.  Elapsed time: 00:05:01s.  Time for last 1,000,000:    7s.  Last read position: chr7:39,345,895
INFO	2020-01-15 02:59:19	MarkDuplicates	Tracking 332491 as yet unmatched pairs. 22301 records in RAM.
INFO	2020-01-15 02:59:40	MarkDuplicates	Read    23,000,000 records.  Elapsed time: 00:05:21s.  Time for last 1,000,000:   20s.  Last read position: chr7:93,587,863
INFO	2020-01-15 02:59:40	MarkDuplicates	Tracking 337507 as yet unmatched pairs. 11780 records in RAM.
INFO	2020-01-15 02:59:45	MarkDuplicates	Read    24,000,000 records.  Elapsed time: 00:05:26s.  Time for last 1,000,000:    5s.  Last read position: chr7:133,646,936
INFO	2020-01-15 02:59:45	MarkDuplicates	Tracking 341365 as yet unmatched pairs. 2454 records in RAM.
INFO	2020-01-15 02:59:54	MarkDuplicates	Read    25,000,000 records.  Elapsed time: 00:05:36s.  Time for last 1,000,000:    9s.  Last read position: chr8:46,635,813
INFO	2020-01-15 02:59:54	MarkDuplicates	Tracking 344617 as yet unmatched pairs. 20467 records in RAM.
INFO	2020-01-15 03:00:01	MarkDuplicates	Read    26,000,000 records.  Elapsed time: 00:05:42s.  Time for last 1,000,000:    6s.  Last read position: chr8:96,965,644
INFO	2020-01-15 03:00:01	MarkDuplicates	Tracking 346867 as yet unmatched pairs. 8903 records in RAM.
INFO	2020-01-15 03:01:08	MarkDuplicates	Read    27,000,000 records.  Elapsed time: 00:06:50s.  Time for last 1,000,000:   67s.  Last read position: chr9:23,712,138
INFO	2020-01-15 03:01:08	MarkDuplicates	Tracking 348204 as yet unmatched pairs. 28442 records in RAM.
INFO	2020-01-15 03:01:12	MarkDuplicates	Read    28,000,000 records.  Elapsed time: 00:06:54s.  Time for last 1,000,000:    4s.  Last read position: chr9:69,386,639
INFO	2020-01-15 03:01:12	MarkDuplicates	Tracking 348616 as yet unmatched pairs. 16018 records in RAM.
INFO	2020-01-15 03:01:20	MarkDuplicates	Read    29,000,000 records.  Elapsed time: 00:07:01s.  Time for last 1,000,000:    7s.  Last read position: chr9:113,654,560
INFO	2020-01-15 03:01:20	MarkDuplicates	Tracking 347413 as yet unmatched pairs. 3502 records in RAM.
INFO	2020-01-15 03:01:34	MarkDuplicates	Read    30,000,000 records.  Elapsed time: 00:07:15s.  Time for last 1,000,000:   14s.  Last read position: chr10:41,988,499
INFO	2020-01-15 03:01:34	MarkDuplicates	Tracking 345689 as yet unmatched pairs. 27872 records in RAM.
INFO	2020-01-15 03:01:42	MarkDuplicates	Read    31,000,000 records.  Elapsed time: 00:07:24s.  Time for last 1,000,000:    8s.  Last read position: chr10:88,993,801
INFO	2020-01-15 03:01:42	MarkDuplicates	Tracking 342815 as yet unmatched pairs. 13424 records in RAM.
INFO	2020-01-15 03:01:52	MarkDuplicates	Read    32,000,000 records.  Elapsed time: 00:07:34s.  Time for last 1,000,000:    9s.  Last read position: chr11:9,189,828
INFO	2020-01-15 03:01:52	MarkDuplicates	Tracking 338719 as yet unmatched pairs. 40605 records in RAM.
INFO	2020-01-15 03:02:03	MarkDuplicates	Read    33,000,000 records.  Elapsed time: 00:07:45s.  Time for last 1,000,000:   11s.  Last read position: chr11:54,503,189
INFO	2020-01-15 03:02:03	MarkDuplicates	Tracking 334559 as yet unmatched pairs. 27285 records in RAM.
INFO	2020-01-15 03:02:10	MarkDuplicates	Read    34,000,000 records.  Elapsed time: 00:07:52s.  Time for last 1,000,000:    7s.  Last read position: chr11:84,852,470
INFO	2020-01-15 03:02:10	MarkDuplicates	Tracking 330653 as yet unmatched pairs. 16233 records in RAM.
INFO	2020-01-15 03:02:16	MarkDuplicates	Read    35,000,000 records.  Elapsed time: 00:07:57s.  Time for last 1,000,000:    5s.  Last read position: chr11:109,945,778
INFO	2020-01-15 03:02:16	MarkDuplicates	Tracking 325967 as yet unmatched pairs. 5090 records in RAM.
INFO	2020-01-15 03:02:36	MarkDuplicates	Read    36,000,000 records.  Elapsed time: 00:08:18s.  Time for last 1,000,000:   20s.  Last read position: chr12:47,180,646
INFO	2020-01-15 03:02:36	MarkDuplicates	Tracking 317597 as yet unmatched pairs. 25624 records in RAM.
INFO	2020-01-15 03:02:42	MarkDuplicates	Read    37,000,000 records.  Elapsed time: 00:08:24s.  Time for last 1,000,000:    6s.  Last read position: chr12:97,280,959
INFO	2020-01-15 03:02:42	MarkDuplicates	Tracking 308706 as yet unmatched pairs. 8216 records in RAM.
INFO	2020-01-15 03:02:52	MarkDuplicates	Read    38,000,000 records.  Elapsed time: 00:08:33s.  Time for last 1,000,000:    9s.  Last read position: chr13:31,809,549
INFO	2020-01-15 03:02:52	MarkDuplicates	Tracking 298815 as yet unmatched pairs. 33020 records in RAM.
INFO	2020-01-15 03:03:36	MarkDuplicates	Read    39,000,000 records.  Elapsed time: 00:09:17s.  Time for last 1,000,000:   44s.  Last read position: chr13:85,218,173
INFO	2020-01-15 03:03:36	MarkDuplicates	Tracking 287316 as yet unmatched pairs. 13696 records in RAM.
INFO	2020-01-15 03:03:45	MarkDuplicates	Read    40,000,000 records.  Elapsed time: 00:09:27s.  Time for last 1,000,000:    9s.  Last read position: chr14:26,370,111
INFO	2020-01-15 03:03:45	MarkDuplicates	Tracking 274707 as yet unmatched pairs. 35664 records in RAM.
INFO	2020-01-15 03:03:51	MarkDuplicates	Read    41,000,000 records.  Elapsed time: 00:09:32s.  Time for last 1,000,000:    5s.  Last read position: chr14:70,443,592
INFO	2020-01-15 03:03:51	MarkDuplicates	Tracking 263691 as yet unmatched pairs. 19256 records in RAM.
INFO	2020-01-15 03:04:04	MarkDuplicates	Read    42,000,000 records.  Elapsed time: 00:09:46s.  Time for last 1,000,000:   13s.  Last read position: chr15:14,425,022
INFO	2020-01-15 03:04:04	MarkDuplicates	Tracking 248004 as yet unmatched pairs. 36099 records in RAM.
INFO	2020-01-15 03:04:09	MarkDuplicates	Read    43,000,000 records.  Elapsed time: 00:09:51s.  Time for last 1,000,000:    4s.  Last read position: chr15:77,991,744
INFO	2020-01-15 03:04:09	MarkDuplicates	Tracking 230820 as yet unmatched pairs. 12741 records in RAM.
INFO	2020-01-15 03:04:20	MarkDuplicates	Read    44,000,000 records.  Elapsed time: 00:10:01s.  Time for last 1,000,000:   10s.  Last read position: chr16:17,167,608
INFO	2020-01-15 03:04:20	MarkDuplicates	Tracking 215813 as yet unmatched pairs. 34269 records in RAM.
INFO	2020-01-15 03:04:26	MarkDuplicates	Read    45,000,000 records.  Elapsed time: 00:10:08s.  Time for last 1,000,000:    6s.  Last read position: chr16:66,026,240
INFO	2020-01-15 03:04:26	MarkDuplicates	Tracking 199503 as yet unmatched pairs. 13675 records in RAM.
INFO	2020-01-15 03:04:48	MarkDuplicates	Read    46,000,000 records.  Elapsed time: 00:10:30s.  Time for last 1,000,000:   22s.  Last read position: chr17:25,898,726
INFO	2020-01-15 03:04:48	MarkDuplicates	Tracking 180937 as yet unmatched pairs. 34859 records in RAM.
INFO	2020-01-15 03:04:55	MarkDuplicates	Read    47,000,000 records.  Elapsed time: 00:10:36s.  Time for last 1,000,000:    6s.  Last read position: chr17:64,601,940
INFO	2020-01-15 03:04:55	MarkDuplicates	Tracking 163635 as yet unmatched pairs. 14696 records in RAM.
INFO	2020-01-15 03:05:03	MarkDuplicates	Read    48,000,000 records.  Elapsed time: 00:10:45s.  Time for last 1,000,000:    8s.  Last read position: chr18:21,893,825
INFO	2020-01-15 03:05:03	MarkDuplicates	Tracking 143298 as yet unmatched pairs. 33226 records in RAM.
INFO	2020-01-15 03:05:31	MarkDuplicates	Read    49,000,000 records.  Elapsed time: 00:11:13s.  Time for last 1,000,000:   28s.  Last read position: chr18:67,944,599
INFO	2020-01-15 03:05:31	MarkDuplicates	Tracking 122416 as yet unmatched pairs. 10132 records in RAM.
INFO	2020-01-15 03:05:40	MarkDuplicates	Read    50,000,000 records.  Elapsed time: 00:11:22s.  Time for last 1,000,000:    9s.  Last read position: chr19:25,892,084
INFO	2020-01-15 03:05:40	MarkDuplicates	Tracking 102313 as yet unmatched pairs. 19406 records in RAM.
INFO	2020-01-15 03:05:56	MarkDuplicates	Read    51,000,000 records.  Elapsed time: 00:11:38s.  Time for last 1,000,000:   15s.  Last read position: chrX:12,412,075
INFO	2020-01-15 03:05:56	MarkDuplicates	Tracking 80430 as yet unmatched pairs. 63827 records in RAM.
INFO	2020-01-15 03:06:14	MarkDuplicates	Read    52,000,000 records.  Elapsed time: 00:11:55s.  Time for last 1,000,000:   17s.  Last read position: chrX:90,417,303
INFO	2020-01-15 03:06:14	MarkDuplicates	Tracking 53662 as yet unmatched pairs. 36691 records in RAM.
INFO	2020-01-15 03:06:18	MarkDuplicates	Read    53,000,000 records.  Elapsed time: 00:12:00s.  Time for last 1,000,000:    4s.  Last read position: chrX:155,749,067
INFO	2020-01-15 03:06:18	MarkDuplicates	Tracking 24799 as yet unmatched pairs. 7407 records in RAM.
INFO	2020-01-15 03:06:22	MarkDuplicates	Read 53587511 records. 0 pairs never matched.
INFO	2020-01-15 03:07:56	MarkDuplicates	After buildSortedReadEndLists freeMemory: 10158653872; totalMemory: 16789274624; maxMemory: 28631367680
INFO	2020-01-15 03:07:56	MarkDuplicates	Will retain up to 894730240 duplicate indices before spilling to disk.
INFO	2020-01-15 03:08:03	MarkDuplicates	Traversing read pair information and detecting duplicates.
INFO	2020-01-15 03:10:26	MarkDuplicates	Traversing fragment information and detecting duplicates.
INFO	2020-01-15 03:10:33	MarkDuplicates	Sorting list of duplicate records.
INFO	2020-01-15 03:10:36	MarkDuplicates	After generateDuplicateIndexes freeMemory: 21008826648; totalMemory: 28261220352; maxMemory: 28631367680
INFO	2020-01-15 03:10:36	MarkDuplicates	Marking 23029172 records as duplicates.
INFO	2020-01-15 03:10:36	MarkDuplicates	Found 190 optical duplicate clusters.
INFO	2020-01-15 03:10:36	MarkDuplicates	Reads are assumed to be ordered by: coordinate
INFO	2020-01-15 03:15:05	MarkDuplicates	Written    10,000,000 records.  Elapsed time: 00:04:29s.  Time for last 10,000,000:  269s.  Last read position: chr3:90,053,515
INFO	2020-01-15 03:19:01	MarkDuplicates	Written    20,000,000 records.  Elapsed time: 00:08:25s.  Time for last 10,000,000:  236s.  Last read position: chr6:88,841,818
INFO	2020-01-15 03:23:11	MarkDuplicates	Written    30,000,000 records.  Elapsed time: 00:12:35s.  Time for last 10,000,000:  249s.  Last read position: chr10:41,988,499
INFO	2020-01-15 03:28:48	MarkDuplicates	Written    40,000,000 records.  Elapsed time: 00:18:11s.  Time for last 10,000,000:  336s.  Last read position: chr14:26,370,111
INFO	2020-01-15 03:34:54	MarkDuplicates	Written    50,000,000 records.  Elapsed time: 00:24:17s.  Time for last 10,000,000:  366s.  Last read position: chr19:25,892,084
INFO	2020-01-15 03:37:04	MarkDuplicates	Writing complete. Closing input iterator.
INFO	2020-01-15 03:37:04	MarkDuplicates	Duplicate Index cleanup.
INFO	2020-01-15 03:37:04	MarkDuplicates	Getting Memory Stats.
INFO	2020-01-15 03:37:05	MarkDuplicates	Before output close freeMemory: 28253494088; totalMemory: 28498722816; maxMemory: 28631367680
INFO	2020-01-15 03:37:05	MarkDuplicates	Closed outputs. Getting more Memory Stats.
INFO	2020-01-15 03:37:06	MarkDuplicates	After output close freeMemory: 28587624488; totalMemory: 28791275520; maxMemory: 28791275520
[Wed Jan 15 03:37:06 UTC 2020] picard.sam.markduplicates.MarkDuplicates done. Elapsed time: 42.97 minutes.
Runtime.totalMemory()=28791275520
