INFO	2020-01-14 22:44:16	MarkDuplicates	

********** NOTE: Picard's command line syntax is changing.
**********
********** For more information, please see:
********** https://github.com/broadinstitute/picard/wiki/Command-Line-Syntax-Transition-For-Users-(Pre-Transition)
**********
********** The command line looks like this in the new syntax:
**********
**********    MarkDuplicates -I /scratch/gregg_thomas/Murinae-seq/03B-MappedMouse/Pithecheir-melanurus/Pithecheir-melanurus.sorted.bam -O /scratch/gregg_thomas/Murinae-seq/03B-MappedMouse/Pithecheir-melanurus/Pithecheir-melanurus.sorted.mkdup.bam -M /scratch/gregg_thomas/Murinae-seq/03B-MappedMouse/Pithecheir-melanurus/Pithecheir-melanurus-mkdup-metrics.txt
**********


22:44:18.100 INFO  NativeLibraryLoader - Loading libgkl_compression.so from jar:file:/home/gregg_thomas/bin/picard.jar!/com/intel/gkl/native/libgkl_compression.so
[Tue Jan 14 22:44:18 UTC 2020] MarkDuplicates INPUT=[/scratch/gregg_thomas/Murinae-seq/03B-MappedMouse/Pithecheir-melanurus/Pithecheir-melanurus.sorted.bam] OUTPUT=/scratch/gregg_thomas/Murinae-seq/03B-MappedMouse/Pithecheir-melanurus/Pithecheir-melanurus.sorted.mkdup.bam METRICS_FILE=/scratch/gregg_thomas/Murinae-seq/03B-MappedMouse/Pithecheir-melanurus/Pithecheir-melanurus-mkdup-metrics.txt    MAX_SEQUENCES_FOR_DISK_READ_ENDS_MAP=50000 MAX_FILE_HANDLES_FOR_READ_ENDS_MAP=8000 SORTING_COLLECTION_SIZE_RATIO=0.25 TAG_DUPLICATE_SET_MEMBERS=false REMOVE_SEQUENCING_DUPLICATES=false TAGGING_POLICY=DontTag CLEAR_DT=true DUPLEX_UMI=false ADD_PG_TAG_TO_READS=true REMOVE_DUPLICATES=false ASSUME_SORTED=false DUPLICATE_SCORING_STRATEGY=SUM_OF_BASE_QUALITIES PROGRAM_RECORD_ID=MarkDuplicates PROGRAM_GROUP_NAME=MarkDuplicates READ_NAME_REGEX=<optimized capture of last three ':' separated fields as numeric values> OPTICAL_DUPLICATE_PIXEL_DISTANCE=100 MAX_OPTICAL_DUPLICATE_SET_SIZE=300000 VERBOSITY=INFO QUIET=false VALIDATION_STRINGENCY=STRICT COMPRESSION_LEVEL=5 MAX_RECORDS_IN_RAM=500000 CREATE_INDEX=false CREATE_MD5_FILE=false GA4GH_CLIENT_SECRETS=client_secrets.json USE_JDK_DEFLATER=false USE_JDK_INFLATER=false
[Tue Jan 14 22:44:18 UTC 2020] Executing as gregg_thomas@ecae4883a231 on Linux 4.4.0-104-generic amd64; Java HotSpot(TM) 64-Bit Server VM 1.8.0_221-b11; Deflater: Intel; Inflater: Intel; Provider GCS is not available; Picard version: 2.20.6-SNAPSHOT
INFO	2020-01-14 22:44:19	MarkDuplicates	Start of doWork freeMemory: 2037674504; totalMemory: 2058354688; maxMemory: 28631367680
INFO	2020-01-14 22:44:19	MarkDuplicates	Reading input file and constructing read end information.
INFO	2020-01-14 22:44:19	MarkDuplicates	Will retain up to 103736839 data points before spilling to disk.
INFO	2020-01-14 22:44:51	MarkDuplicates	Read     1,000,000 records.  Elapsed time: 00:00:31s.  Time for last 1,000,000:   31s.  Last read position: chr1:100,623,279
INFO	2020-01-14 22:44:51	MarkDuplicates	Tracking 71262 as yet unmatched pairs. 2334 records in RAM.
INFO	2020-01-14 22:45:21	MarkDuplicates	Read     2,000,000 records.  Elapsed time: 00:01:02s.  Time for last 1,000,000:   30s.  Last read position: chr2:13,002,501
INFO	2020-01-14 22:45:21	MarkDuplicates	Tracking 138522 as yet unmatched pairs. 10599 records in RAM.
INFO	2020-01-14 22:45:45	MarkDuplicates	Read     3,000,000 records.  Elapsed time: 00:01:26s.  Time for last 1,000,000:   23s.  Last read position: chr2:76,745,243
INFO	2020-01-14 22:45:45	MarkDuplicates	Tracking 187365 as yet unmatched pairs. 9296 records in RAM.
INFO	2020-01-14 22:46:28	MarkDuplicates	Read     4,000,000 records.  Elapsed time: 00:02:09s.  Time for last 1,000,000:   42s.  Last read position: chr2:143,832,431
INFO	2020-01-14 22:46:28	MarkDuplicates	Tracking 233854 as yet unmatched pairs. 4757 records in RAM.
INFO	2020-01-14 22:46:55	MarkDuplicates	Read     5,000,000 records.  Elapsed time: 00:02:35s.  Time for last 1,000,000:   26s.  Last read position: chr3:54,731,944
INFO	2020-01-14 22:46:55	MarkDuplicates	Tracking 283757 as yet unmatched pairs. 12646 records in RAM.
INFO	2020-01-14 22:47:27	MarkDuplicates	Read     6,000,000 records.  Elapsed time: 00:03:08s.  Time for last 1,000,000:   32s.  Last read position: chr3:131,531,232
INFO	2020-01-14 22:47:27	MarkDuplicates	Tracking 324991 as yet unmatched pairs. 3511 records in RAM.
INFO	2020-01-14 22:49:03	MarkDuplicates	Read     7,000,000 records.  Elapsed time: 00:04:43s.  Time for last 1,000,000:   95s.  Last read position: chr4:83,237,253
INFO	2020-01-14 22:49:03	MarkDuplicates	Tracking 366585 as yet unmatched pairs. 16073 records in RAM.
INFO	2020-01-14 22:49:14	MarkDuplicates	Read     8,000,000 records.  Elapsed time: 00:04:55s.  Time for last 1,000,000:   11s.  Last read position: chr4:141,329,125
INFO	2020-01-14 22:49:14	MarkDuplicates	Tracking 398223 as yet unmatched pairs. 3859 records in RAM.
INFO	2020-01-14 22:50:05	MarkDuplicates	Read     9,000,000 records.  Elapsed time: 00:05:46s.  Time for last 1,000,000:   51s.  Last read position: chr5:76,902,053
INFO	2020-01-14 22:50:05	MarkDuplicates	Tracking 428992 as yet unmatched pairs. 21469 records in RAM.
INFO	2020-01-14 22:50:11	MarkDuplicates	Read    10,000,000 records.  Elapsed time: 00:05:51s.  Time for last 1,000,000:    5s.  Last read position: chr5:140,751,924
INFO	2020-01-14 22:50:11	MarkDuplicates	Tracking 462316 as yet unmatched pairs. 4251 records in RAM.
INFO	2020-01-14 22:50:22	MarkDuplicates	Read    11,000,000 records.  Elapsed time: 00:06:02s.  Time for last 1,000,000:   11s.  Last read position: chr6:87,221,142
INFO	2020-01-14 22:50:22	MarkDuplicates	Tracking 489141 as yet unmatched pairs. 17829 records in RAM.
INFO	2020-01-14 22:51:16	MarkDuplicates	Read    12,000,000 records.  Elapsed time: 00:06:57s.  Time for last 1,000,000:   54s.  Last read position: chr7:19,917,006
INFO	2020-01-14 22:51:16	MarkDuplicates	Tracking 505810 as yet unmatched pairs. 40169 records in RAM.
INFO	2020-01-14 22:51:25	MarkDuplicates	Read    13,000,000 records.  Elapsed time: 00:07:06s.  Time for last 1,000,000:    9s.  Last read position: chr7:103,843,226
INFO	2020-01-14 22:51:25	MarkDuplicates	Tracking 520736 as yet unmatched pairs. 16004 records in RAM.
INFO	2020-01-14 22:52:16	MarkDuplicates	Read    14,000,000 records.  Elapsed time: 00:07:57s.  Time for last 1,000,000:   50s.  Last read position: chr8:46,029,439
INFO	2020-01-14 22:52:16	MarkDuplicates	Tracking 530628 as yet unmatched pairs. 32746 records in RAM.
INFO	2020-01-14 22:53:20	MarkDuplicates	Read    15,000,000 records.  Elapsed time: 00:09:00s.  Time for last 1,000,000:   63s.  Last read position: chr8:116,732,674
INFO	2020-01-14 22:53:20	MarkDuplicates	Tracking 536799 as yet unmatched pairs. 5657 records in RAM.
INFO	2020-01-14 22:54:10	MarkDuplicates	Read    16,000,000 records.  Elapsed time: 00:09:50s.  Time for last 1,000,000:   49s.  Last read position: chr9:67,965,982
INFO	2020-01-14 22:54:10	MarkDuplicates	Tracking 540313 as yet unmatched pairs. 25705 records in RAM.
INFO	2020-01-14 22:55:20	MarkDuplicates	Read    17,000,000 records.  Elapsed time: 00:11:01s.  Time for last 1,000,000:   70s.  Last read position: chr10:36,833,417
INFO	2020-01-14 22:55:20	MarkDuplicates	Tracking 538539 as yet unmatched pairs. 43975 records in RAM.
INFO	2020-01-14 22:55:53	MarkDuplicates	Read    18,000,000 records.  Elapsed time: 00:11:34s.  Time for last 1,000,000:   33s.  Last read position: chr10:128,806,954
INFO	2020-01-14 22:55:53	MarkDuplicates	Tracking 528951 as yet unmatched pairs. 1620 records in RAM.
INFO	2020-01-14 22:56:20	MarkDuplicates	Read    19,000,000 records.  Elapsed time: 00:12:01s.  Time for last 1,000,000:   26s.  Last read position: chr11:69,322,909
INFO	2020-01-14 22:56:20	MarkDuplicates	Tracking 518380 as yet unmatched pairs. 45321 records in RAM.
INFO	2020-01-14 22:56:30	MarkDuplicates	Read    20,000,000 records.  Elapsed time: 00:12:10s.  Time for last 1,000,000:    9s.  Last read position: chr11:100,761,720
INFO	2020-01-14 22:56:30	MarkDuplicates	Tracking 507907 as yet unmatched pairs. 17719 records in RAM.
INFO	2020-01-14 22:56:56	MarkDuplicates	Read    21,000,000 records.  Elapsed time: 00:12:37s.  Time for last 1,000,000:   26s.  Last read position: chr12:64,996,868
INFO	2020-01-14 22:56:56	MarkDuplicates	Tracking 492210 as yet unmatched pairs. 31637 records in RAM.
INFO	2020-01-14 22:57:25	MarkDuplicates	Read    22,000,000 records.  Elapsed time: 00:13:05s.  Time for last 1,000,000:   28s.  Last read position: chr13:46,649,261
INFO	2020-01-14 22:57:25	MarkDuplicates	Tracking 463952 as yet unmatched pairs. 45453 records in RAM.
INFO	2020-01-14 22:57:55	MarkDuplicates	Read    23,000,000 records.  Elapsed time: 00:13:35s.  Time for last 1,000,000:   29s.  Last read position: chr14:31,121,536
INFO	2020-01-14 22:57:55	MarkDuplicates	Tracking 427379 as yet unmatched pairs. 55431 records in RAM.
INFO	2020-01-14 22:58:45	MarkDuplicates	Read    24,000,000 records.  Elapsed time: 00:14:26s.  Time for last 1,000,000:   50s.  Last read position: chr15:5,174,070
INFO	2020-01-14 22:58:45	MarkDuplicates	Tracking 391237 as yet unmatched pairs. 60933 records in RAM.
INFO	2020-01-14 22:58:57	MarkDuplicates	Read    25,000,000 records.  Elapsed time: 00:14:37s.  Time for last 1,000,000:   11s.  Last read position: chr15:102,518,961
INFO	2020-01-14 22:58:57	MarkDuplicates	Tracking 348189 as yet unmatched pairs. 2888 records in RAM.
INFO	2020-01-14 22:59:58	MarkDuplicates	Read    26,000,000 records.  Elapsed time: 00:15:39s.  Time for last 1,000,000:   61s.  Last read position: chr16:94,268,744
INFO	2020-01-14 22:59:58	MarkDuplicates	Tracking 299964 as yet unmatched pairs. 3903 records in RAM.
INFO	2020-01-14 23:00:28	MarkDuplicates	Read    27,000,000 records.  Elapsed time: 00:16:08s.  Time for last 1,000,000:   29s.  Last read position: chr17:66,343,324
INFO	2020-01-14 23:00:28	MarkDuplicates	Tracking 256061 as yet unmatched pairs. 22867 records in RAM.
INFO	2020-01-14 23:00:46	MarkDuplicates	Read    28,000,000 records.  Elapsed time: 00:16:26s.  Time for last 1,000,000:   18s.  Last read position: chr18:71,244,648
INFO	2020-01-14 23:00:46	MarkDuplicates	Tracking 192593 as yet unmatched pairs. 12155 records in RAM.
INFO	2020-01-14 23:01:56	MarkDuplicates	Read    29,000,000 records.  Elapsed time: 00:17:37s.  Time for last 1,000,000:   70s.  Last read position: chr19:61,118,847
INFO	2020-01-14 23:01:56	MarkDuplicates	Tracking 139540 as yet unmatched pairs. 9551 records in RAM.
INFO	2020-01-14 23:02:17	MarkDuplicates	Read    30,000,000 records.  Elapsed time: 00:17:57s.  Time for last 1,000,000:   20s.  Last read position: chrX:105,688,420
INFO	2020-01-14 23:02:17	MarkDuplicates	Tracking 63783 as yet unmatched pairs. 51039 records in RAM.
INFO	2020-01-14 23:02:28	MarkDuplicates	Read 30632137 records. 0 pairs never matched.
INFO	2020-01-14 23:03:35	MarkDuplicates	After buildSortedReadEndLists freeMemory: 11423271152; totalMemory: 15564013568; maxMemory: 28631367680
INFO	2020-01-14 23:03:35	MarkDuplicates	Will retain up to 894730240 duplicate indices before spilling to disk.
INFO	2020-01-14 23:03:45	MarkDuplicates	Traversing read pair information and detecting duplicates.
INFO	2020-01-14 23:06:13	MarkDuplicates	Traversing fragment information and detecting duplicates.
INFO	2020-01-14 23:06:15	MarkDuplicates	Sorting list of duplicate records.
INFO	2020-01-14 23:06:18	MarkDuplicates	After generateDuplicateIndexes freeMemory: 19679054200; totalMemory: 26975666176; maxMemory: 28631367680
INFO	2020-01-14 23:06:18	MarkDuplicates	Marking 12916155 records as duplicates.
INFO	2020-01-14 23:06:18	MarkDuplicates	Found 234742 optical duplicate clusters.
INFO	2020-01-14 23:06:18	MarkDuplicates	Reads are assumed to be ordered by: coordinate
INFO	2020-01-14 23:12:16	MarkDuplicates	Written    10,000,000 records.  Elapsed time: 00:05:58s.  Time for last 10,000,000:  358s.  Last read position: chr5:140,751,924
INFO	2020-01-14 23:15:55	MarkDuplicates	Written    20,000,000 records.  Elapsed time: 00:09:36s.  Time for last 10,000,000:  218s.  Last read position: chr11:100,761,720
INFO	2020-01-14 23:20:43	MarkDuplicates	Written    30,000,000 records.  Elapsed time: 00:14:24s.  Time for last 10,000,000:  287s.  Last read position: chrX:105,688,420
INFO	2020-01-14 23:21:03	MarkDuplicates	Writing complete. Closing input iterator.
INFO	2020-01-14 23:21:03	MarkDuplicates	Duplicate Index cleanup.
INFO	2020-01-14 23:21:03	MarkDuplicates	Getting Memory Stats.
INFO	2020-01-14 23:21:04	MarkDuplicates	Before output close freeMemory: 26811540456; totalMemory: 27013414912; maxMemory: 28631367680
INFO	2020-01-14 23:21:04	MarkDuplicates	Closed outputs. Getting more Memory Stats.
INFO	2020-01-14 23:21:04	MarkDuplicates	After output close freeMemory: 26406265832; totalMemory: 26608140288; maxMemory: 28631367680
[Tue Jan 14 23:21:04 UTC 2020] picard.sam.markduplicates.MarkDuplicates done. Elapsed time: 36.78 minutes.
Runtime.totalMemory()=26608140288
