INFO	2020-01-26 05:29:55	MarkDuplicates	

********** NOTE: Picard's command line syntax is changing.
**********
********** For more information, please see:
********** https://github.com/broadinstitute/picard/wiki/Command-Line-Syntax-Transition-For-Users-(Pre-Transition)
**********
********** The command line looks like this in the new syntax:
**********
**********    MarkDuplicates -I /scratch/gregg_thomas/Murinae-seq/03B-MappedMouse/Pseudomys-hermannsburgensis/Pseudomys-hermannsburgensis.sorted.bam -O /scratch/gregg_thomas/Murinae-seq/03B-MappedMouse/Pseudomys-hermannsburgensis/Pseudomys-hermannsburgensis.sorted.mkdup.bam -M /scratch/gregg_thomas/Murinae-seq/03B-MappedMouse/Pseudomys-hermannsburgensis/Pseudomys-hermannsburgensis-mkdup-metrics.txt
**********


05:29:55.892 INFO  NativeLibraryLoader - Loading libgkl_compression.so from jar:file:/home/gregg_thomas/bin/picard.jar!/com/intel/gkl/native/libgkl_compression.so
[Sun Jan 26 05:29:55 UTC 2020] MarkDuplicates INPUT=[/scratch/gregg_thomas/Murinae-seq/03B-MappedMouse/Pseudomys-hermannsburgensis/Pseudomys-hermannsburgensis.sorted.bam] OUTPUT=/scratch/gregg_thomas/Murinae-seq/03B-MappedMouse/Pseudomys-hermannsburgensis/Pseudomys-hermannsburgensis.sorted.mkdup.bam METRICS_FILE=/scratch/gregg_thomas/Murinae-seq/03B-MappedMouse/Pseudomys-hermannsburgensis/Pseudomys-hermannsburgensis-mkdup-metrics.txt    MAX_SEQUENCES_FOR_DISK_READ_ENDS_MAP=50000 MAX_FILE_HANDLES_FOR_READ_ENDS_MAP=8000 SORTING_COLLECTION_SIZE_RATIO=0.25 TAG_DUPLICATE_SET_MEMBERS=false REMOVE_SEQUENCING_DUPLICATES=false TAGGING_POLICY=DontTag CLEAR_DT=true DUPLEX_UMI=false ADD_PG_TAG_TO_READS=true REMOVE_DUPLICATES=false ASSUME_SORTED=false DUPLICATE_SCORING_STRATEGY=SUM_OF_BASE_QUALITIES PROGRAM_RECORD_ID=MarkDuplicates PROGRAM_GROUP_NAME=MarkDuplicates READ_NAME_REGEX=<optimized capture of last three ':' separated fields as numeric values> OPTICAL_DUPLICATE_PIXEL_DISTANCE=100 MAX_OPTICAL_DUPLICATE_SET_SIZE=300000 VERBOSITY=INFO QUIET=false VALIDATION_STRINGENCY=STRICT COMPRESSION_LEVEL=5 MAX_RECORDS_IN_RAM=500000 CREATE_INDEX=false CREATE_MD5_FILE=false GA4GH_CLIENT_SECRETS=client_secrets.json USE_JDK_DEFLATER=false USE_JDK_INFLATER=false
[Sun Jan 26 05:29:55 UTC 2020] Executing as gregg_thomas@ecae4883a231 on Linux 4.4.0-104-generic amd64; Java HotSpot(TM) 64-Bit Server VM 1.8.0_221-b11; Deflater: Intel; Inflater: Intel; Provider GCS is not available; Picard version: 2.20.6-SNAPSHOT
INFO	2020-01-26 05:29:56	MarkDuplicates	Start of doWork freeMemory: 2037675768; totalMemory: 2058354688; maxMemory: 28631367680
INFO	2020-01-26 05:29:56	MarkDuplicates	Reading input file and constructing read end information.
INFO	2020-01-26 05:29:56	MarkDuplicates	Will retain up to 103736839 data points before spilling to disk.
INFO	2020-01-26 05:30:30	MarkDuplicates	Read     1,000,000 records.  Elapsed time: 00:00:23s.  Time for last 1,000,000:   23s.  Last read position: chr1:87,047,539
INFO	2020-01-26 05:30:30	MarkDuplicates	Tracking 59822 as yet unmatched pairs. 2415 records in RAM.
INFO	2020-01-26 05:30:43	MarkDuplicates	Read     2,000,000 records.  Elapsed time: 00:00:35s.  Time for last 1,000,000:   12s.  Last read position: chr1:170,886,776
INFO	2020-01-26 05:30:43	MarkDuplicates	Tracking 112261 as yet unmatched pairs. 1135 records in RAM.
INFO	2020-01-26 05:30:52	MarkDuplicates	Read     3,000,000 records.  Elapsed time: 00:00:45s.  Time for last 1,000,000:    9s.  Last read position: chr2:32,372,322
INFO	2020-01-26 05:30:52	MarkDuplicates	Tracking 154154 as yet unmatched pairs. 9962 records in RAM.
INFO	2020-01-26 05:31:04	MarkDuplicates	Read     4,000,000 records.  Elapsed time: 00:00:57s.  Time for last 1,000,000:   12s.  Last read position: chr2:96,603,519
INFO	2020-01-26 05:31:04	MarkDuplicates	Tracking 191444 as yet unmatched pairs. 7879 records in RAM.
INFO	2020-01-26 05:31:09	MarkDuplicates	Read     5,000,000 records.  Elapsed time: 00:01:02s.  Time for last 1,000,000:    4s.  Last read position: chr2:153,622,678
INFO	2020-01-26 05:31:09	MarkDuplicates	Tracking 227101 as yet unmatched pairs. 3808 records in RAM.
INFO	2020-01-26 05:31:27	MarkDuplicates	Read     6,000,000 records.  Elapsed time: 00:01:19s.  Time for last 1,000,000:   17s.  Last read position: chr3:41,730,189
INFO	2020-01-26 05:31:27	MarkDuplicates	Tracking 266010 as yet unmatched pairs. 14335 records in RAM.
INFO	2020-01-26 05:31:33	MarkDuplicates	Read     7,000,000 records.  Elapsed time: 00:01:25s.  Time for last 1,000,000:    5s.  Last read position: chr3:106,735,672
INFO	2020-01-26 05:31:33	MarkDuplicates	Tracking 296793 as yet unmatched pairs. 6457 records in RAM.
INFO	2020-01-26 05:32:03	MarkDuplicates	Read     8,000,000 records.  Elapsed time: 00:01:55s.  Time for last 1,000,000:   30s.  Last read position: chr4:44,682,496
INFO	2020-01-26 05:32:03	MarkDuplicates	Tracking 334251 as yet unmatched pairs. 20500 records in RAM.
INFO	2020-01-26 05:32:10	MarkDuplicates	Read     9,000,000 records.  Elapsed time: 00:02:02s.  Time for last 1,000,000:    7s.  Last read position: chr4:123,049,137
INFO	2020-01-26 05:32:10	MarkDuplicates	Tracking 364017 as yet unmatched pairs. 10342 records in RAM.
INFO	2020-01-26 05:32:38	MarkDuplicates	Read    10,000,000 records.  Elapsed time: 00:02:31s.  Time for last 1,000,000:   28s.  Last read position: chr4:156,034,918
INFO	2020-01-26 05:32:38	MarkDuplicates	Tracking 385992 as yet unmatched pairs. 88 records in RAM.
INFO	2020-01-26 05:32:55	MarkDuplicates	Read    11,000,000 records.  Elapsed time: 00:02:48s.  Time for last 1,000,000:   16s.  Last read position: chr5:86,715,498
INFO	2020-01-26 05:32:55	MarkDuplicates	Tracking 410744 as yet unmatched pairs. 20642 records in RAM.
INFO	2020-01-26 05:33:02	MarkDuplicates	Read    12,000,000 records.  Elapsed time: 00:02:55s.  Time for last 1,000,000:    7s.  Last read position: chr5:136,012,155
INFO	2020-01-26 05:33:02	MarkDuplicates	Tracking 431617 as yet unmatched pairs. 6776 records in RAM.
INFO	2020-01-26 05:33:15	MarkDuplicates	Read    13,000,000 records.  Elapsed time: 00:03:08s.  Time for last 1,000,000:   12s.  Last read position: chr6:52,630,179
INFO	2020-01-26 05:33:15	MarkDuplicates	Tracking 450334 as yet unmatched pairs. 24096 records in RAM.
INFO	2020-01-26 05:33:37	MarkDuplicates	Read    14,000,000 records.  Elapsed time: 00:03:29s.  Time for last 1,000,000:   21s.  Last read position: chr6:128,516,022
INFO	2020-01-26 05:33:37	MarkDuplicates	Tracking 465296 as yet unmatched pairs. 5902 records in RAM.
INFO	2020-01-26 05:33:53	MarkDuplicates	Read    15,000,000 records.  Elapsed time: 00:03:45s.  Time for last 1,000,000:   15s.  Last read position: chr7:35,620,615
INFO	2020-01-26 05:33:53	MarkDuplicates	Tracking 476159 as yet unmatched pairs. 33123 records in RAM.
INFO	2020-01-26 05:33:59	MarkDuplicates	Read    16,000,000 records.  Elapsed time: 00:03:51s.  Time for last 1,000,000:    6s.  Last read position: chr7:109,455,147
INFO	2020-01-26 05:33:59	MarkDuplicates	Tracking 486681 as yet unmatched pairs. 13665 records in RAM.
INFO	2020-01-26 05:34:52	MarkDuplicates	Read    17,000,000 records.  Elapsed time: 00:04:44s.  Time for last 1,000,000:   52s.  Last read position: chr8:15,893,316
INFO	2020-01-26 05:34:52	MarkDuplicates	Tracking 491969 as yet unmatched pairs. 39378 records in RAM.
INFO	2020-01-26 05:35:04	MarkDuplicates	Read    18,000,000 records.  Elapsed time: 00:04:57s.  Time for last 1,000,000:   12s.  Last read position: chr8:99,279,872
INFO	2020-01-26 05:35:04	MarkDuplicates	Tracking 497679 as yet unmatched pairs. 13457 records in RAM.
INFO	2020-01-26 05:35:31	MarkDuplicates	Read    19,000,000 records.  Elapsed time: 00:05:23s.  Time for last 1,000,000:   26s.  Last read position: chr9:44,273,816
INFO	2020-01-26 05:35:31	MarkDuplicates	Tracking 499629 as yet unmatched pairs. 36108 records in RAM.
INFO	2020-01-26 05:35:50	MarkDuplicates	Read    20,000,000 records.  Elapsed time: 00:05:43s.  Time for last 1,000,000:   19s.  Last read position: chr9:106,476,744
INFO	2020-01-26 05:35:50	MarkDuplicates	Tracking 498605 as yet unmatched pairs. 10246 records in RAM.
INFO	2020-01-26 05:36:25	MarkDuplicates	Read    21,000,000 records.  Elapsed time: 00:06:18s.  Time for last 1,000,000:   34s.  Last read position: chr10:58,492,350
INFO	2020-01-26 05:36:25	MarkDuplicates	Tracking 494575 as yet unmatched pairs. 35952 records in RAM.
INFO	2020-01-26 05:36:34	MarkDuplicates	Read    22,000,000 records.  Elapsed time: 00:06:27s.  Time for last 1,000,000:    9s.  Last read position: chr10:127,605,402
INFO	2020-01-26 05:36:34	MarkDuplicates	Tracking 486436 as yet unmatched pairs. 2780 records in RAM.
INFO	2020-01-26 05:37:14	MarkDuplicates	Read    23,000,000 records.  Elapsed time: 00:07:07s.  Time for last 1,000,000:   40s.  Last read position: chr11:59,208,831
INFO	2020-01-26 05:37:14	MarkDuplicates	Tracking 477457 as yet unmatched pairs. 47513 records in RAM.
INFO	2020-01-26 05:37:29	MarkDuplicates	Read    24,000,000 records.  Elapsed time: 00:07:22s.  Time for last 1,000,000:   15s.  Last read position: chr11:87,116,106
INFO	2020-01-26 05:37:29	MarkDuplicates	Tracking 469267 as yet unmatched pairs. 27945 records in RAM.
INFO	2020-01-26 05:37:38	MarkDuplicates	Read    25,000,000 records.  Elapsed time: 00:07:30s.  Time for last 1,000,000:    8s.  Last read position: chr11:116,055,927
INFO	2020-01-26 05:37:38	MarkDuplicates	Tracking 458930 as yet unmatched pairs. 5196 records in RAM.
INFO	2020-01-26 05:38:45	MarkDuplicates	Read    26,000,000 records.  Elapsed time: 00:08:38s.  Time for last 1,000,000:   67s.  Last read position: chr12:83,952,089
INFO	2020-01-26 05:38:45	MarkDuplicates	Tracking 440835 as yet unmatched pairs. 19716 records in RAM.
INFO	2020-01-26 05:39:26	MarkDuplicates	Read    27,000,000 records.  Elapsed time: 00:09:19s.  Time for last 1,000,000:   41s.  Last read position: chr13:49,494,159
INFO	2020-01-26 05:39:26	MarkDuplicates	Tracking 418389 as yet unmatched pairs. 39763 records in RAM.
INFO	2020-01-26 05:40:00	MarkDuplicates	Read    28,000,000 records.  Elapsed time: 00:09:52s.  Time for last 1,000,000:   33s.  Last read position: chr14:26,773,360
INFO	2020-01-26 05:40:00	MarkDuplicates	Tracking 387398 as yet unmatched pairs. 48778 records in RAM.
INFO	2020-01-26 05:42:13	MarkDuplicates	Read    29,000,000 records.  Elapsed time: 00:12:06s.  Time for last 1,000,000:  133s.  Last read position: chr14:105,044,595
INFO	2020-01-26 05:42:13	MarkDuplicates	Tracking 360294 as yet unmatched pairs. 8655 records in RAM.
INFO	2020-01-26 05:42:50	MarkDuplicates	Read    30,000,000 records.  Elapsed time: 00:12:43s.  Time for last 1,000,000:   36s.  Last read position: chr15:81,950,507
INFO	2020-01-26 05:42:50	MarkDuplicates	Tracking 327697 as yet unmatched pairs. 18452 records in RAM.
INFO	2020-01-26 05:43:34	MarkDuplicates	Read    31,000,000 records.  Elapsed time: 00:13:26s.  Time for last 1,000,000:   43s.  Last read position: chr16:29,618,980
INFO	2020-01-26 05:43:34	MarkDuplicates	Tracking 297874 as yet unmatched pairs. 38301 records in RAM.
INFO	2020-01-26 05:44:11	MarkDuplicates	Read    32,000,000 records.  Elapsed time: 00:14:04s.  Time for last 1,000,000:   37s.  Last read position: chr17:13,902,446
INFO	2020-01-26 05:44:11	MarkDuplicates	Tracking 261513 as yet unmatched pairs. 61339 records in RAM.
INFO	2020-01-26 05:44:17	MarkDuplicates	Read    33,000,000 records.  Elapsed time: 00:14:09s.  Time for last 1,000,000:    5s.  Last read position: chr17:53,969,688
INFO	2020-01-26 05:44:17	MarkDuplicates	Tracking 235690 as yet unmatched pairs. 31193 records in RAM.
INFO	2020-01-26 05:44:34	MarkDuplicates	Read    34,000,000 records.  Elapsed time: 00:14:27s.  Time for last 1,000,000:   17s.  Last read position: chr18:36,539,639
INFO	2020-01-26 05:44:34	MarkDuplicates	Tracking 181591 as yet unmatched pairs. 35793 records in RAM.
INFO	2020-01-26 05:44:58	MarkDuplicates	Read    35,000,000 records.  Elapsed time: 00:14:51s.  Time for last 1,000,000:   24s.  Last read position: chr19:9,004,370
INFO	2020-01-26 05:44:58	MarkDuplicates	Tracking 142056 as yet unmatched pairs. 40895 records in RAM.
INFO	2020-01-26 05:45:57	MarkDuplicates	Read    36,000,000 records.  Elapsed time: 00:15:50s.  Time for last 1,000,000:   58s.  Last read position: chrX:18,460,927
INFO	2020-01-26 05:45:57	MarkDuplicates	Tracking 92672 as yet unmatched pairs. 86964 records in RAM.
INFO	2020-01-26 05:46:05	MarkDuplicates	Read    37,000,000 records.  Elapsed time: 00:15:58s.  Time for last 1,000,000:    8s.  Last read position: chrX:117,912,099
INFO	2020-01-26 05:46:05	MarkDuplicates	Tracking 36493 as yet unmatched pairs. 30604 records in RAM.
INFO	2020-01-26 05:46:14	MarkDuplicates	Read 37508553 records. 0 pairs never matched.
INFO	2020-01-26 05:49:37	MarkDuplicates	After buildSortedReadEndLists freeMemory: 10893573800; totalMemory: 15746990080; maxMemory: 28631367680
INFO	2020-01-26 05:49:37	MarkDuplicates	Will retain up to 894730240 duplicate indices before spilling to disk.
INFO	2020-01-26 05:49:39	MarkDuplicates	Traversing read pair information and detecting duplicates.
INFO	2020-01-26 05:55:48	MarkDuplicates	Traversing fragment information and detecting duplicates.
INFO	2020-01-26 05:55:56	MarkDuplicates	Sorting list of duplicate records.
INFO	2020-01-26 05:55:59	MarkDuplicates	After generateDuplicateIndexes freeMemory: 19435886528; totalMemory: 26721386496; maxMemory: 28631367680
INFO	2020-01-26 05:55:59	MarkDuplicates	Marking 8202162 records as duplicates.
INFO	2020-01-26 05:55:59	MarkDuplicates	Found 1110 optical duplicate clusters.
INFO	2020-01-26 05:55:59	MarkDuplicates	Reads are assumed to be ordered by: coordinate
INFO	2020-01-26 06:03:24	MarkDuplicates	Written    10,000,000 records.  Elapsed time: 00:07:24s.  Time for last 10,000,000:  444s.  Last read position: chr4:156,034,918
INFO	2020-01-26 06:08:32	MarkDuplicates	Written    20,000,000 records.  Elapsed time: 00:12:32s.  Time for last 10,000,000:  308s.  Last read position: chr9:106,476,744
INFO	2020-01-26 06:13:25	MarkDuplicates	Written    30,000,000 records.  Elapsed time: 00:17:25s.  Time for last 10,000,000:  293s.  Last read position: chr15:81,950,507
INFO	2020-01-26 06:16:51	MarkDuplicates	Writing complete. Closing input iterator.
INFO	2020-01-26 06:16:51	MarkDuplicates	Duplicate Index cleanup.
INFO	2020-01-26 06:16:51	MarkDuplicates	Getting Memory Stats.
INFO	2020-01-26 06:16:51	MarkDuplicates	Before output close freeMemory: 26555598544; totalMemory: 26755465216; maxMemory: 28631367680
INFO	2020-01-26 06:16:51	MarkDuplicates	Closed outputs. Getting more Memory Stats.
INFO	2020-01-26 06:16:52	MarkDuplicates	After output close freeMemory: 26145081040; totalMemory: 26344947712; maxMemory: 28631367680
[Sun Jan 26 06:16:52 UTC 2020] picard.sam.markduplicates.MarkDuplicates done. Elapsed time: 46.94 minutes.
Runtime.totalMemory()=26344947712
