INFO	2020-01-26 05:36:20	MarkDuplicates	

********** NOTE: Picard's command line syntax is changing.
**********
********** For more information, please see:
********** https://github.com/broadinstitute/picard/wiki/Command-Line-Syntax-Transition-For-Users-(Pre-Transition)
**********
********** The command line looks like this in the new syntax:
**********
**********    MarkDuplicates -I /scratch/gregg_thomas/Murinae-seq/03B-MappedMouse/Pseudomys-johnsoni/Pseudomys-johnsoni.sorted.bam -O /scratch/gregg_thomas/Murinae-seq/03B-MappedMouse/Pseudomys-johnsoni/Pseudomys-johnsoni.sorted.mkdup.bam -M /scratch/gregg_thomas/Murinae-seq/03B-MappedMouse/Pseudomys-johnsoni/Pseudomys-johnsoni-mkdup-metrics.txt
**********


05:36:21.904 INFO  NativeLibraryLoader - Loading libgkl_compression.so from jar:file:/home/gregg_thomas/bin/picard.jar!/com/intel/gkl/native/libgkl_compression.so
[Sun Jan 26 05:36:22 UTC 2020] MarkDuplicates INPUT=[/scratch/gregg_thomas/Murinae-seq/03B-MappedMouse/Pseudomys-johnsoni/Pseudomys-johnsoni.sorted.bam] OUTPUT=/scratch/gregg_thomas/Murinae-seq/03B-MappedMouse/Pseudomys-johnsoni/Pseudomys-johnsoni.sorted.mkdup.bam METRICS_FILE=/scratch/gregg_thomas/Murinae-seq/03B-MappedMouse/Pseudomys-johnsoni/Pseudomys-johnsoni-mkdup-metrics.txt    MAX_SEQUENCES_FOR_DISK_READ_ENDS_MAP=50000 MAX_FILE_HANDLES_FOR_READ_ENDS_MAP=8000 SORTING_COLLECTION_SIZE_RATIO=0.25 TAG_DUPLICATE_SET_MEMBERS=false REMOVE_SEQUENCING_DUPLICATES=false TAGGING_POLICY=DontTag CLEAR_DT=true DUPLEX_UMI=false ADD_PG_TAG_TO_READS=true REMOVE_DUPLICATES=false ASSUME_SORTED=false DUPLICATE_SCORING_STRATEGY=SUM_OF_BASE_QUALITIES PROGRAM_RECORD_ID=MarkDuplicates PROGRAM_GROUP_NAME=MarkDuplicates READ_NAME_REGEX=<optimized capture of last three ':' separated fields as numeric values> OPTICAL_DUPLICATE_PIXEL_DISTANCE=100 MAX_OPTICAL_DUPLICATE_SET_SIZE=300000 VERBOSITY=INFO QUIET=false VALIDATION_STRINGENCY=STRICT COMPRESSION_LEVEL=5 MAX_RECORDS_IN_RAM=500000 CREATE_INDEX=false CREATE_MD5_FILE=false GA4GH_CLIENT_SECRETS=client_secrets.json USE_JDK_DEFLATER=false USE_JDK_INFLATER=false
[Sun Jan 26 05:36:22 UTC 2020] Executing as gregg_thomas@ecae4883a231 on Linux 4.4.0-104-generic amd64; Java HotSpot(TM) 64-Bit Server VM 1.8.0_221-b11; Deflater: Intel; Inflater: Intel; Provider GCS is not available; Picard version: 2.20.6-SNAPSHOT
INFO	2020-01-26 05:36:22	MarkDuplicates	Start of doWork freeMemory: 2037676168; totalMemory: 2058354688; maxMemory: 28631367680
INFO	2020-01-26 05:36:22	MarkDuplicates	Reading input file and constructing read end information.
INFO	2020-01-26 05:36:22	MarkDuplicates	Will retain up to 103736839 data points before spilling to disk.
INFO	2020-01-26 05:36:42	MarkDuplicates	Read     1,000,000 records.  Elapsed time: 00:00:18s.  Time for last 1,000,000:   18s.  Last read position: chr1:70,724,792
INFO	2020-01-26 05:36:42	MarkDuplicates	Tracking 70256 as yet unmatched pairs. 3235 records in RAM.
INFO	2020-01-26 05:37:14	MarkDuplicates	Read     2,000,000 records.  Elapsed time: 00:00:50s.  Time for last 1,000,000:   32s.  Last read position: chr1:135,470,681
INFO	2020-01-26 05:37:14	MarkDuplicates	Tracking 131166 as yet unmatched pairs. 3154 records in RAM.
INFO	2020-01-26 05:37:37	MarkDuplicates	Read     3,000,000 records.  Elapsed time: 00:01:13s.  Time for last 1,000,000:   23s.  Last read position: chr1:193,362,271
INFO	2020-01-26 05:37:37	MarkDuplicates	Tracking 187112 as yet unmatched pairs. 115 records in RAM.
INFO	2020-01-26 05:38:52	MarkDuplicates	Read     4,000,000 records.  Elapsed time: 00:02:28s.  Time for last 1,000,000:   74s.  Last read position: chr2:37,374,863
INFO	2020-01-26 05:38:52	MarkDuplicates	Tracking 231314 as yet unmatched pairs. 14842 records in RAM.
INFO	2020-01-26 05:39:22	MarkDuplicates	Read     5,000,000 records.  Elapsed time: 00:02:57s.  Time for last 1,000,000:   29s.  Last read position: chr2:89,355,859
INFO	2020-01-26 05:39:22	MarkDuplicates	Tracking 274380 as yet unmatched pairs. 11873 records in RAM.
INFO	2020-01-26 05:39:40	MarkDuplicates	Read     6,000,000 records.  Elapsed time: 00:03:16s.  Time for last 1,000,000:   18s.  Last read position: chr2:127,256,960
INFO	2020-01-26 05:39:40	MarkDuplicates	Tracking 310390 as yet unmatched pairs. 8420 records in RAM.
INFO	2020-01-26 05:40:13	MarkDuplicates	Read     7,000,000 records.  Elapsed time: 00:03:49s.  Time for last 1,000,000:   33s.  Last read position: chr2:166,373,358
INFO	2020-01-26 05:40:13	MarkDuplicates	Tracking 349451 as yet unmatched pairs. 2763 records in RAM.
INFO	2020-01-26 05:42:22	MarkDuplicates	Read     8,000,000 records.  Elapsed time: 00:05:58s.  Time for last 1,000,000:  129s.  Last read position: chr3:62,498,046
INFO	2020-01-26 05:42:22	MarkDuplicates	Tracking 401890 as yet unmatched pairs. 16258 records in RAM.
INFO	2020-01-26 05:42:48	MarkDuplicates	Read     9,000,000 records.  Elapsed time: 00:06:24s.  Time for last 1,000,000:   26s.  Last read position: chr3:106,503,103
INFO	2020-01-26 05:42:48	MarkDuplicates	Tracking 434563 as yet unmatched pairs. 9304 records in RAM.
INFO	2020-01-26 05:43:59	MarkDuplicates	Read    10,000,000 records.  Elapsed time: 00:07:35s.  Time for last 1,000,000:   71s.  Last read position: chr4:20,121,424
INFO	2020-01-26 05:43:59	MarkDuplicates	Tracking 476819 as yet unmatched pairs. 34498 records in RAM.
INFO	2020-01-26 05:44:08	MarkDuplicates	Read    11,000,000 records.  Elapsed time: 00:07:44s.  Time for last 1,000,000:    8s.  Last read position: chr4:94,497,130
INFO	2020-01-26 05:44:08	MarkDuplicates	Tracking 516278 as yet unmatched pairs. 22603 records in RAM.
INFO	2020-01-26 05:44:16	MarkDuplicates	Read    12,000,000 records.  Elapsed time: 00:07:52s.  Time for last 1,000,000:    7s.  Last read position: chr4:131,954,053
INFO	2020-01-26 05:44:16	MarkDuplicates	Tracking 543906 as yet unmatched pairs. 11593 records in RAM.
INFO	2020-01-26 05:45:24	MarkDuplicates	Read    13,000,000 records.  Elapsed time: 00:09:00s.  Time for last 1,000,000:   68s.  Last read position: chr5:8,073,728
INFO	2020-01-26 05:45:24	MarkDuplicates	Tracking 569518 as yet unmatched pairs. 48809 records in RAM.
INFO	2020-01-26 05:45:35	MarkDuplicates	Read    14,000,000 records.  Elapsed time: 00:09:11s.  Time for last 1,000,000:   10s.  Last read position: chr5:65,449,784
INFO	2020-01-26 05:45:35	MarkDuplicates	Tracking 595623 as yet unmatched pairs. 34854 records in RAM.
INFO	2020-01-26 05:45:50	MarkDuplicates	Read    15,000,000 records.  Elapsed time: 00:09:26s.  Time for last 1,000,000:   15s.  Last read position: chr5:118,738,352
INFO	2020-01-26 05:45:50	MarkDuplicates	Tracking 622585 as yet unmatched pairs. 18556 records in RAM.
INFO	2020-01-26 05:46:06	MarkDuplicates	Read    16,000,000 records.  Elapsed time: 00:09:42s.  Time for last 1,000,000:   16s.  Last read position: chr6:3,486,904
INFO	2020-01-26 05:46:06	MarkDuplicates	Tracking 645266 as yet unmatched pairs. 49221 records in RAM.
INFO	2020-01-26 05:49:31	MarkDuplicates	Read    17,000,000 records.  Elapsed time: 00:13:07s.  Time for last 1,000,000:  204s.  Last read position: chr6:72,848,472
INFO	2020-01-26 05:49:31	MarkDuplicates	Tracking 666197 as yet unmatched pairs. 29699 records in RAM.
INFO	2020-01-26 05:49:41	MarkDuplicates	Read    18,000,000 records.  Elapsed time: 00:13:17s.  Time for last 1,000,000:    9s.  Last read position: chr6:128,322,914
INFO	2020-01-26 05:49:41	MarkDuplicates	Tracking 682508 as yet unmatched pairs. 9064 records in RAM.
INFO	2020-01-26 05:50:18	MarkDuplicates	Read    19,000,000 records.  Elapsed time: 00:13:54s.  Time for last 1,000,000:   37s.  Last read position: chr7:28,393,662
INFO	2020-01-26 05:50:18	MarkDuplicates	Tracking 696514 as yet unmatched pairs. 51969 records in RAM.
INFO	2020-01-26 05:51:04	MarkDuplicates	Read    20,000,000 records.  Elapsed time: 00:14:40s.  Time for last 1,000,000:   45s.  Last read position: chr7:83,756,388
INFO	2020-01-26 05:51:04	MarkDuplicates	Tracking 708891 as yet unmatched pairs. 30581 records in RAM.
INFO	2020-01-26 05:51:24	MarkDuplicates	Read    21,000,000 records.  Elapsed time: 00:15:00s.  Time for last 1,000,000:   20s.  Last read position: chr7:127,717,789
INFO	2020-01-26 05:51:24	MarkDuplicates	Tracking 716776 as yet unmatched pairs. 9333 records in RAM.
INFO	2020-01-26 05:51:44	MarkDuplicates	Read    22,000,000 records.  Elapsed time: 00:15:20s.  Time for last 1,000,000:   20s.  Last read position: chr8:40,551,498
INFO	2020-01-26 05:51:44	MarkDuplicates	Tracking 724268 as yet unmatched pairs. 47667 records in RAM.
INFO	2020-01-26 05:52:59	MarkDuplicates	Read    23,000,000 records.  Elapsed time: 00:16:35s.  Time for last 1,000,000:   74s.  Last read position: chr8:102,668,326
INFO	2020-01-26 05:52:59	MarkDuplicates	Tracking 730862 as yet unmatched pairs. 18377 records in RAM.
INFO	2020-01-26 05:54:04	MarkDuplicates	Read    24,000,000 records.  Elapsed time: 00:17:40s.  Time for last 1,000,000:   64s.  Last read position: chr9:31,388,981
INFO	2020-01-26 05:54:04	MarkDuplicates	Tracking 733520 as yet unmatched pairs. 58266 records in RAM.
INFO	2020-01-26 05:55:05	MarkDuplicates	Read    25,000,000 records.  Elapsed time: 00:18:41s.  Time for last 1,000,000:   61s.  Last read position: chr9:75,081,570
INFO	2020-01-26 05:55:05	MarkDuplicates	Tracking 733648 as yet unmatched pairs. 31420 records in RAM.
INFO	2020-01-26 05:55:52	MarkDuplicates	Read    26,000,000 records.  Elapsed time: 00:19:28s.  Time for last 1,000,000:   46s.  Last read position: chr9:123,083,620
INFO	2020-01-26 05:55:52	MarkDuplicates	Tracking 729965 as yet unmatched pairs. 1353 records in RAM.
INFO	2020-01-26 05:56:25	MarkDuplicates	Read    27,000,000 records.  Elapsed time: 00:20:01s.  Time for last 1,000,000:   33s.  Last read position: chr10:75,608,780
INFO	2020-01-26 05:56:25	MarkDuplicates	Tracking 722710 as yet unmatched pairs. 40767 records in RAM.
INFO	2020-01-26 05:56:35	MarkDuplicates	Read    28,000,000 records.  Elapsed time: 00:20:11s.  Time for last 1,000,000:    9s.  Last read position: chr10:127,296,840
INFO	2020-01-26 05:56:35	MarkDuplicates	Tracking 713911 as yet unmatched pairs. 4656 records in RAM.
INFO	2020-01-26 05:59:14	MarkDuplicates	Read    29,000,000 records.  Elapsed time: 00:22:50s.  Time for last 1,000,000:  158s.  Last read position: chr11:50,232,364
INFO	2020-01-26 05:59:14	MarkDuplicates	Tracking 703287 as yet unmatched pairs. 76765 records in RAM.
INFO	2020-01-26 05:59:25	MarkDuplicates	Read    30,000,000 records.  Elapsed time: 00:23:01s.  Time for last 1,000,000:   10s.  Last read position: chr11:74,868,527
INFO	2020-01-26 05:59:25	MarkDuplicates	Tracking 694002 as yet unmatched pairs. 54021 records in RAM.
INFO	2020-01-26 05:59:38	MarkDuplicates	Read    31,000,000 records.  Elapsed time: 00:23:13s.  Time for last 1,000,000:   12s.  Last read position: chr11:99,003,524
INFO	2020-01-26 05:59:38	MarkDuplicates	Tracking 682044 as yet unmatched pairs. 26827 records in RAM.
INFO	2020-01-26 06:00:34	MarkDuplicates	Read    32,000,000 records.  Elapsed time: 00:24:10s.  Time for last 1,000,000:   56s.  Last read position: chr12:3,489,562
INFO	2020-01-26 06:00:34	MarkDuplicates	Tracking 669183 as yet unmatched pairs. 79122 records in RAM.
INFO	2020-01-26 06:00:43	MarkDuplicates	Read    33,000,000 records.  Elapsed time: 00:24:18s.  Time for last 1,000,000:    8s.  Last read position: chr12:83,664,043
INFO	2020-01-26 06:00:43	MarkDuplicates	Tracking 645567 as yet unmatched pairs. 29436 records in RAM.
INFO	2020-01-26 06:01:13	MarkDuplicates	Read    34,000,000 records.  Elapsed time: 00:24:49s.  Time for last 1,000,000:   30s.  Last read position: chr13:30,399,299
INFO	2020-01-26 06:01:13	MarkDuplicates	Tracking 619923 as yet unmatched pairs. 71347 records in RAM.
INFO	2020-01-26 06:01:43	MarkDuplicates	Read    35,000,000 records.  Elapsed time: 00:25:19s.  Time for last 1,000,000:   30s.  Last read position: chr13:97,978,443
INFO	2020-01-26 06:01:43	MarkDuplicates	Tracking 588421 as yet unmatched pairs. 19951 records in RAM.
INFO	2020-01-26 06:02:54	MarkDuplicates	Read    36,000,000 records.  Elapsed time: 00:26:30s.  Time for last 1,000,000:   70s.  Last read position: chr14:50,930,211
INFO	2020-01-26 06:02:54	MarkDuplicates	Tracking 554163 as yet unmatched pairs. 50760 records in RAM.
INFO	2020-01-26 06:03:30	MarkDuplicates	Read    37,000,000 records.  Elapsed time: 00:27:06s.  Time for last 1,000,000:   36s.  Last read position: chr15:7,159,481
INFO	2020-01-26 06:03:30	MarkDuplicates	Tracking 517499 as yet unmatched pairs. 83916 records in RAM.
INFO	2020-01-26 06:03:56	MarkDuplicates	Read    38,000,000 records.  Elapsed time: 00:27:32s.  Time for last 1,000,000:   25s.  Last read position: chr15:81,018,474
INFO	2020-01-26 06:03:56	MarkDuplicates	Tracking 476913 as yet unmatched pairs. 27784 records in RAM.
INFO	2020-01-26 06:04:29	MarkDuplicates	Read    39,000,000 records.  Elapsed time: 00:28:05s.  Time for last 1,000,000:   33s.  Last read position: chr16:17,499,626
INFO	2020-01-26 06:04:29	MarkDuplicates	Tracking 441188 as yet unmatched pairs. 68592 records in RAM.
INFO	2020-01-26 06:04:37	MarkDuplicates	Read    40,000,000 records.  Elapsed time: 00:28:13s.  Time for last 1,000,000:    8s.  Last read position: chr16:89,063,746
INFO	2020-01-26 06:04:37	MarkDuplicates	Tracking 396805 as yet unmatched pairs. 12470 records in RAM.
INFO	2020-01-26 06:06:06	MarkDuplicates	Read    41,000,000 records.  Elapsed time: 00:29:42s.  Time for last 1,000,000:   89s.  Last read position: chr17:33,106,307
INFO	2020-01-26 06:06:06	MarkDuplicates	Tracking 357517 as yet unmatched pairs. 66603 records in RAM.
INFO	2020-01-26 06:06:16	MarkDuplicates	Read    42,000,000 records.  Elapsed time: 00:29:52s.  Time for last 1,000,000:    9s.  Last read position: chr17:74,579,782
INFO	2020-01-26 06:06:16	MarkDuplicates	Tracking 318698 as yet unmatched pairs. 21261 records in RAM.
INFO	2020-01-26 06:06:43	MarkDuplicates	Read    43,000,000 records.  Elapsed time: 00:30:19s.  Time for last 1,000,000:   26s.  Last read position: chr18:39,525,104
INFO	2020-01-26 06:06:43	MarkDuplicates	Tracking 264649 as yet unmatched pairs. 47675 records in RAM.
INFO	2020-01-26 06:07:33	MarkDuplicates	Read    44,000,000 records.  Elapsed time: 00:31:09s.  Time for last 1,000,000:   50s.  Last read position: chr19:8,743,045
INFO	2020-01-26 06:07:33	MarkDuplicates	Tracking 212242 as yet unmatched pairs. 61351 records in RAM.
INFO	2020-01-26 06:07:55	MarkDuplicates	Read    45,000,000 records.  Elapsed time: 00:31:31s.  Time for last 1,000,000:   21s.  Last read position: chr19:56,346,969
INFO	2020-01-26 06:07:55	MarkDuplicates	Tracking 160847 as yet unmatched pairs. 6366 records in RAM.
INFO	2020-01-26 06:08:27	MarkDuplicates	Read    46,000,000 records.  Elapsed time: 00:32:03s.  Time for last 1,000,000:   31s.  Last read position: chrX:75,354,211
INFO	2020-01-26 06:08:27	MarkDuplicates	Tracking 97901 as yet unmatched pairs. 85780 records in RAM.
INFO	2020-01-26 06:09:03	MarkDuplicates	Read    47,000,000 records.  Elapsed time: 00:32:39s.  Time for last 1,000,000:   36s.  Last read position: chrX:154,887,362
INFO	2020-01-26 06:09:03	MarkDuplicates	Tracking 29340 as yet unmatched pairs. 16951 records in RAM.
INFO	2020-01-26 06:09:08	MarkDuplicates	Read 47271809 records. 0 pairs never matched.
INFO	2020-01-26 06:11:16	MarkDuplicates	After buildSortedReadEndLists freeMemory: 11146364552; totalMemory: 16981164032; maxMemory: 28631367680
INFO	2020-01-26 06:11:16	MarkDuplicates	Will retain up to 894730240 duplicate indices before spilling to disk.
INFO	2020-01-26 06:11:22	MarkDuplicates	Traversing read pair information and detecting duplicates.
INFO	2020-01-26 06:14:08	MarkDuplicates	Traversing fragment information and detecting duplicates.
INFO	2020-01-26 06:14:12	MarkDuplicates	Sorting list of duplicate records.
INFO	2020-01-26 06:14:14	MarkDuplicates	After generateDuplicateIndexes freeMemory: 21395216488; totalMemory: 28686417920; maxMemory: 28686417920
INFO	2020-01-26 06:14:14	MarkDuplicates	Marking 8590650 records as duplicates.
INFO	2020-01-26 06:14:14	MarkDuplicates	Found 2121 optical duplicate clusters.
INFO	2020-01-26 06:14:14	MarkDuplicates	Reads are assumed to be ordered by: coordinate
INFO	2020-01-26 06:16:54	MarkDuplicates	Written    10,000,000 records.  Elapsed time: 00:02:39s.  Time for last 10,000,000:  159s.  Last read position: chr4:20,121,424
INFO	2020-01-26 06:19:07	MarkDuplicates	Written    20,000,000 records.  Elapsed time: 00:04:53s.  Time for last 10,000,000:  133s.  Last read position: chr7:83,756,388
INFO	2020-01-26 06:21:13	MarkDuplicates	Written    30,000,000 records.  Elapsed time: 00:06:58s.  Time for last 10,000,000:  125s.  Last read position: chr11:74,868,527
INFO	2020-01-26 06:23:21	MarkDuplicates	Written    40,000,000 records.  Elapsed time: 00:09:06s.  Time for last 10,000,000:  127s.  Last read position: chr16:89,063,746
INFO	2020-01-26 06:25:08	MarkDuplicates	Writing complete. Closing input iterator.
INFO	2020-01-26 06:25:08	MarkDuplicates	Duplicate Index cleanup.
INFO	2020-01-26 06:25:08	MarkDuplicates	Getting Memory Stats.
INFO	2020-01-26 06:25:08	MarkDuplicates	Before output close freeMemory: 29189800624; totalMemory: 29391585280; maxMemory: 29391585280
INFO	2020-01-26 06:25:08	MarkDuplicates	Closed outputs. Getting more Memory Stats.
INFO	2020-01-26 06:25:09	MarkDuplicates	After output close freeMemory: 28803400368; totalMemory: 29005185024; maxMemory: 29005185024
[Sun Jan 26 06:25:09 UTC 2020] picard.sam.markduplicates.MarkDuplicates done. Elapsed time: 48.79 minutes.
Runtime.totalMemory()=29005185024
