INFO	2020-01-14 20:01:11	MarkDuplicates	

********** NOTE: Picard's command line syntax is changing.
**********
********** For more information, please see:
********** https://github.com/broadinstitute/picard/wiki/Command-Line-Syntax-Transition-For-Users-(Pre-Transition)
**********
********** The command line looks like this in the new syntax:
**********
**********    MarkDuplicates -I /scratch/gregg_thomas/Murinae-seq/03B-MappedMouse/Waiomys-mamasae/Waiomys-mamasae.sorted.bam -O /scratch/gregg_thomas/Murinae-seq/03B-MappedMouse/Waiomys-mamasae/Waiomys-mamasae.sorted.mkdup.bam -M /scratch/gregg_thomas/Murinae-seq/03B-MappedMouse/Waiomys-mamasae/Waiomys-mamasae-mkdup-metrics.txt
**********


20:01:12.608 INFO  NativeLibraryLoader - Loading libgkl_compression.so from jar:file:/home/gregg_thomas/bin/picard.jar!/com/intel/gkl/native/libgkl_compression.so
[Tue Jan 14 20:01:12 UTC 2020] MarkDuplicates INPUT=[/scratch/gregg_thomas/Murinae-seq/03B-MappedMouse/Waiomys-mamasae/Waiomys-mamasae.sorted.bam] OUTPUT=/scratch/gregg_thomas/Murinae-seq/03B-MappedMouse/Waiomys-mamasae/Waiomys-mamasae.sorted.mkdup.bam METRICS_FILE=/scratch/gregg_thomas/Murinae-seq/03B-MappedMouse/Waiomys-mamasae/Waiomys-mamasae-mkdup-metrics.txt    MAX_SEQUENCES_FOR_DISK_READ_ENDS_MAP=50000 MAX_FILE_HANDLES_FOR_READ_ENDS_MAP=8000 SORTING_COLLECTION_SIZE_RATIO=0.25 TAG_DUPLICATE_SET_MEMBERS=false REMOVE_SEQUENCING_DUPLICATES=false TAGGING_POLICY=DontTag CLEAR_DT=true DUPLEX_UMI=false ADD_PG_TAG_TO_READS=true REMOVE_DUPLICATES=false ASSUME_SORTED=false DUPLICATE_SCORING_STRATEGY=SUM_OF_BASE_QUALITIES PROGRAM_RECORD_ID=MarkDuplicates PROGRAM_GROUP_NAME=MarkDuplicates READ_NAME_REGEX=<optimized capture of last three ':' separated fields as numeric values> OPTICAL_DUPLICATE_PIXEL_DISTANCE=100 MAX_OPTICAL_DUPLICATE_SET_SIZE=300000 VERBOSITY=INFO QUIET=false VALIDATION_STRINGENCY=STRICT COMPRESSION_LEVEL=5 MAX_RECORDS_IN_RAM=500000 CREATE_INDEX=false CREATE_MD5_FILE=false GA4GH_CLIENT_SECRETS=client_secrets.json USE_JDK_DEFLATER=false USE_JDK_INFLATER=false
[Tue Jan 14 20:01:12 UTC 2020] Executing as gregg_thomas@ecae4883a231 on Linux 4.4.0-104-generic amd64; Java HotSpot(TM) 64-Bit Server VM 1.8.0_221-b11; Deflater: Intel; Inflater: Intel; Provider GCS is not available; Picard version: 2.20.6-SNAPSHOT
INFO	2020-01-14 20:01:13	MarkDuplicates	Start of doWork freeMemory: 2037674688; totalMemory: 2058354688; maxMemory: 28631367680
INFO	2020-01-14 20:01:13	MarkDuplicates	Reading input file and constructing read end information.
INFO	2020-01-14 20:01:13	MarkDuplicates	Will retain up to 103736839 data points before spilling to disk.
INFO	2020-01-14 20:02:02	MarkDuplicates	Read     1,000,000 records.  Elapsed time: 00:00:35s.  Time for last 1,000,000:   35s.  Last read position: chr1:58,522,881
INFO	2020-01-14 20:02:02	MarkDuplicates	Tracking 22837 as yet unmatched pairs. 1386 records in RAM.
INFO	2020-01-14 20:02:36	MarkDuplicates	Read     2,000,000 records.  Elapsed time: 00:01:09s.  Time for last 1,000,000:   34s.  Last read position: chr1:105,644,607
INFO	2020-01-14 20:02:36	MarkDuplicates	Tracking 39543 as yet unmatched pairs. 1282 records in RAM.
INFO	2020-01-14 20:02:47	MarkDuplicates	Read     3,000,000 records.  Elapsed time: 00:01:20s.  Time for last 1,000,000:   11s.  Last read position: chr1:162,246,347
INFO	2020-01-14 20:02:47	MarkDuplicates	Tracking 59222 as yet unmatched pairs. 740 records in RAM.
INFO	2020-01-14 20:03:11	MarkDuplicates	Read     4,000,000 records.  Elapsed time: 00:01:44s.  Time for last 1,000,000:   24s.  Last read position: chr2:18,685,506
INFO	2020-01-14 20:03:11	MarkDuplicates	Tracking 77366 as yet unmatched pairs. 5811 records in RAM.
INFO	2020-01-14 20:03:44	MarkDuplicates	Read     5,000,000 records.  Elapsed time: 00:02:17s.  Time for last 1,000,000:   32s.  Last read position: chr2:49,258,136
INFO	2020-01-14 20:03:44	MarkDuplicates	Tracking 89419 as yet unmatched pairs. 5282 records in RAM.
INFO	2020-01-14 20:04:06	MarkDuplicates	Read     6,000,000 records.  Elapsed time: 00:02:39s.  Time for last 1,000,000:   21s.  Last read position: chr2:76,794,155
INFO	2020-01-14 20:04:06	MarkDuplicates	Tracking 100360 as yet unmatched pairs. 4638 records in RAM.
INFO	2020-01-14 20:04:22	MarkDuplicates	Read     7,000,000 records.  Elapsed time: 00:02:55s.  Time for last 1,000,000:   15s.  Last read position: chr2:119,326,006
INFO	2020-01-14 20:04:22	MarkDuplicates	Tracking 113946 as yet unmatched pairs. 3350 records in RAM.
INFO	2020-01-14 20:04:52	MarkDuplicates	Read     8,000,000 records.  Elapsed time: 00:03:25s.  Time for last 1,000,000:   30s.  Last read position: chr2:147,903,622
INFO	2020-01-14 20:04:52	MarkDuplicates	Tracking 124738 as yet unmatched pairs. 1927 records in RAM.
INFO	2020-01-14 20:05:01	MarkDuplicates	Read     9,000,000 records.  Elapsed time: 00:03:34s.  Time for last 1,000,000:    9s.  Last read position: chr3:5,401,172
INFO	2020-01-14 20:05:01	MarkDuplicates	Tracking 136308 as yet unmatched pairs. 9971 records in RAM.
INFO	2020-01-14 20:05:07	MarkDuplicates	Read    10,000,000 records.  Elapsed time: 00:03:40s.  Time for last 1,000,000:    6s.  Last read position: chr3:68,935,996
INFO	2020-01-14 20:05:07	MarkDuplicates	Tracking 153574 as yet unmatched pairs. 7101 records in RAM.
INFO	2020-01-14 20:05:35	MarkDuplicates	Read    11,000,000 records.  Elapsed time: 00:04:08s.  Time for last 1,000,000:   28s.  Last read position: chr3:104,735,112
INFO	2020-01-14 20:05:35	MarkDuplicates	Tracking 165738 as yet unmatched pairs. 4135 records in RAM.
INFO	2020-01-14 20:05:42	MarkDuplicates	Read    12,000,000 records.  Elapsed time: 00:04:15s.  Time for last 1,000,000:    6s.  Last read position: chr3:157,947,657
INFO	2020-01-14 20:05:42	MarkDuplicates	Tracking 177335 as yet unmatched pairs. 173 records in RAM.
INFO	2020-01-14 20:05:54	MarkDuplicates	Read    13,000,000 records.  Elapsed time: 00:04:27s.  Time for last 1,000,000:   12s.  Last read position: chr4:53,050,887
INFO	2020-01-14 20:05:54	MarkDuplicates	Tracking 190208 as yet unmatched pairs. 9936 records in RAM.
INFO	2020-01-14 20:06:20	MarkDuplicates	Read    14,000,000 records.  Elapsed time: 00:04:53s.  Time for last 1,000,000:   25s.  Last read position: chr4:108,517,444
INFO	2020-01-14 20:06:20	MarkDuplicates	Tracking 200275 as yet unmatched pairs. 6242 records in RAM.
INFO	2020-01-14 20:06:54	MarkDuplicates	Read    15,000,000 records.  Elapsed time: 00:05:27s.  Time for last 1,000,000:   33s.  Last read position: chr4:135,868,137
INFO	2020-01-14 20:06:54	MarkDuplicates	Tracking 207163 as yet unmatched pairs. 2635 records in RAM.
INFO	2020-01-14 20:07:08	MarkDuplicates	Read    16,000,000 records.  Elapsed time: 00:05:41s.  Time for last 1,000,000:   14s.  Last read position: chr5:23,999,888
INFO	2020-01-14 20:07:08	MarkDuplicates	Tracking 215705 as yet unmatched pairs. 16864 records in RAM.
INFO	2020-01-14 20:07:13	MarkDuplicates	Read    17,000,000 records.  Elapsed time: 00:05:46s.  Time for last 1,000,000:    4s.  Last read position: chr5:69,589,660
INFO	2020-01-14 20:07:13	MarkDuplicates	Tracking 221822 as yet unmatched pairs. 11244 records in RAM.
INFO	2020-01-14 20:07:48	MarkDuplicates	Read    18,000,000 records.  Elapsed time: 00:06:21s.  Time for last 1,000,000:   34s.  Last read position: chr5:114,245,787
INFO	2020-01-14 20:07:48	MarkDuplicates	Tracking 229251 as yet unmatched pairs. 6180 records in RAM.
INFO	2020-01-14 20:08:00	MarkDuplicates	Read    19,000,000 records.  Elapsed time: 00:06:33s.  Time for last 1,000,000:   11s.  Last read position: chr5:150,639,639
INFO	2020-01-14 20:08:00	MarkDuplicates	Tracking 235615 as yet unmatched pairs. 233 records in RAM.
INFO	2020-01-14 20:08:18	MarkDuplicates	Read    20,000,000 records.  Elapsed time: 00:06:51s.  Time for last 1,000,000:   18s.  Last read position: chr6:51,464,307
INFO	2020-01-14 20:08:18	MarkDuplicates	Tracking 241380 as yet unmatched pairs. 13937 records in RAM.
INFO	2020-01-14 20:08:24	MarkDuplicates	Read    21,000,000 records.  Elapsed time: 00:06:57s.  Time for last 1,000,000:    5s.  Last read position: chr6:112,691,891
INFO	2020-01-14 20:08:24	MarkDuplicates	Tracking 247218 as yet unmatched pairs. 5759 records in RAM.
INFO	2020-01-14 20:08:45	MarkDuplicates	Read    22,000,000 records.  Elapsed time: 00:07:18s.  Time for last 1,000,000:   20s.  Last read position: chr7:5,082,217
INFO	2020-01-14 20:08:45	MarkDuplicates	Tracking 252106 as yet unmatched pairs. 21652 records in RAM.
INFO	2020-01-14 20:08:49	MarkDuplicates	Read    23,000,000 records.  Elapsed time: 00:07:22s.  Time for last 1,000,000:    4s.  Last read position: chr7:51,583,573
INFO	2020-01-14 20:08:49	MarkDuplicates	Tracking 257065 as yet unmatched pairs. 15475 records in RAM.
INFO	2020-01-14 20:08:56	MarkDuplicates	Read    24,000,000 records.  Elapsed time: 00:07:29s.  Time for last 1,000,000:    7s.  Last read position: chr7:106,699,736
INFO	2020-01-14 20:08:56	MarkDuplicates	Tracking 261453 as yet unmatched pairs. 7960 records in RAM.
INFO	2020-01-14 20:09:16	MarkDuplicates	Read    25,000,000 records.  Elapsed time: 00:07:49s.  Time for last 1,000,000:   19s.  Last read position: chr7:140,036,359
INFO	2020-01-14 20:09:16	MarkDuplicates	Tracking 263369 as yet unmatched pairs. 1743 records in RAM.
INFO	2020-01-14 20:09:23	MarkDuplicates	Read    26,000,000 records.  Elapsed time: 00:07:56s.  Time for last 1,000,000:    7s.  Last read position: chr8:60,912,355
INFO	2020-01-14 20:09:23	MarkDuplicates	Tracking 264669 as yet unmatched pairs. 12504 records in RAM.
INFO	2020-01-14 20:09:36	MarkDuplicates	Read    27,000,000 records.  Elapsed time: 00:08:09s.  Time for last 1,000,000:   12s.  Last read position: chr8:107,344,841
INFO	2020-01-14 20:09:36	MarkDuplicates	Tracking 266828 as yet unmatched pairs. 4254 records in RAM.
INFO	2020-01-14 20:10:20	MarkDuplicates	Read    28,000,000 records.  Elapsed time: 00:08:53s.  Time for last 1,000,000:   44s.  Last read position: chr9:35,558,215
INFO	2020-01-14 20:10:20	MarkDuplicates	Tracking 267563 as yet unmatched pairs. 18751 records in RAM.
INFO	2020-01-14 20:10:31	MarkDuplicates	Read    29,000,000 records.  Elapsed time: 00:09:04s.  Time for last 1,000,000:   11s.  Last read position: chr9:69,998,125
INFO	2020-01-14 20:10:31	MarkDuplicates	Tracking 268223 as yet unmatched pairs. 11983 records in RAM.
INFO	2020-01-14 20:10:42	MarkDuplicates	Read    30,000,000 records.  Elapsed time: 00:09:15s.  Time for last 1,000,000:   11s.  Last read position: chr9:109,030,298
INFO	2020-01-14 20:10:42	MarkDuplicates	Tracking 267684 as yet unmatched pairs. 3527 records in RAM.
INFO	2020-01-14 20:10:49	MarkDuplicates	Read    31,000,000 records.  Elapsed time: 00:09:22s.  Time for last 1,000,000:    6s.  Last read position: chr10:42,924,008
INFO	2020-01-14 20:10:49	MarkDuplicates	Tracking 266070 as yet unmatched pairs. 20192 records in RAM.
INFO	2020-01-14 20:11:04	MarkDuplicates	Read    32,000,000 records.  Elapsed time: 00:09:37s.  Time for last 1,000,000:   14s.  Last read position: chr10:92,823,623
INFO	2020-01-14 20:11:04	MarkDuplicates	Tracking 263773 as yet unmatched pairs. 9140 records in RAM.
INFO	2020-01-14 20:11:14	MarkDuplicates	Read    33,000,000 records.  Elapsed time: 00:09:47s.  Time for last 1,000,000:   10s.  Last read position: chr11:21,319,740
INFO	2020-01-14 20:11:14	MarkDuplicates	Tracking 259804 as yet unmatched pairs. 32657 records in RAM.
INFO	2020-01-14 20:11:24	MarkDuplicates	Read    34,000,000 records.  Elapsed time: 00:09:57s.  Time for last 1,000,000:    9s.  Last read position: chr11:55,499,901
INFO	2020-01-14 20:11:24	MarkDuplicates	Tracking 256429 as yet unmatched pairs. 22765 records in RAM.
INFO	2020-01-14 20:11:54	MarkDuplicates	Read    35,000,000 records.  Elapsed time: 00:10:27s.  Time for last 1,000,000:   29s.  Last read position: chr11:74,784,158
INFO	2020-01-14 20:11:54	MarkDuplicates	Tracking 254565 as yet unmatched pairs. 17728 records in RAM.
INFO	2020-01-14 20:12:10	MarkDuplicates	Read    36,000,000 records.  Elapsed time: 00:10:43s.  Time for last 1,000,000:   16s.  Last read position: chr11:94,383,252
INFO	2020-01-14 20:12:10	MarkDuplicates	Tracking 251096 as yet unmatched pairs. 10034 records in RAM.
INFO	2020-01-14 20:12:18	MarkDuplicates	Read    37,000,000 records.  Elapsed time: 00:10:51s.  Time for last 1,000,000:    7s.  Last read position: chr11:112,785,868
INFO	2020-01-14 20:12:18	MarkDuplicates	Tracking 248673 as yet unmatched pairs. 3751 records in RAM.
INFO	2020-01-14 20:12:24	MarkDuplicates	Read    38,000,000 records.  Elapsed time: 00:10:57s.  Time for last 1,000,000:    6s.  Last read position: chr12:52,557,436
INFO	2020-01-14 20:12:24	MarkDuplicates	Tracking 242553 as yet unmatched pairs. 19491 records in RAM.
INFO	2020-01-14 20:12:36	MarkDuplicates	Read    39,000,000 records.  Elapsed time: 00:11:09s.  Time for last 1,000,000:   12s.  Last read position: chr12:102,788,088
INFO	2020-01-14 20:12:36	MarkDuplicates	Tracking 235911 as yet unmatched pairs. 5714 records in RAM.
INFO	2020-01-14 20:12:43	MarkDuplicates	Read    40,000,000 records.  Elapsed time: 00:11:16s.  Time for last 1,000,000:    6s.  Last read position: chr13:38,195,122
INFO	2020-01-14 20:12:43	MarkDuplicates	Tracking 226969 as yet unmatched pairs. 23857 records in RAM.
INFO	2020-01-14 20:12:49	MarkDuplicates	Read    41,000,000 records.  Elapsed time: 00:11:22s.  Time for last 1,000,000:    5s.  Last read position: chr13:98,356,646
INFO	2020-01-14 20:12:49	MarkDuplicates	Tracking 216361 as yet unmatched pairs. 7074 records in RAM.
INFO	2020-01-14 20:14:07	MarkDuplicates	Read    42,000,000 records.  Elapsed time: 00:12:40s.  Time for last 1,000,000:   78s.  Last read position: chr14:34,694,988
INFO	2020-01-14 20:14:07	MarkDuplicates	Tracking 207040 as yet unmatched pairs. 23614 records in RAM.
INFO	2020-01-14 20:14:11	MarkDuplicates	Read    43,000,000 records.  Elapsed time: 00:12:44s.  Time for last 1,000,000:    4s.  Last read position: chr14:78,800,964
INFO	2020-01-14 20:14:11	MarkDuplicates	Tracking 198109 as yet unmatched pairs. 11064 records in RAM.
INFO	2020-01-14 20:14:22	MarkDuplicates	Read    44,000,000 records.  Elapsed time: 00:12:55s.  Time for last 1,000,000:   10s.  Last read position: chr15:47,666,659
INFO	2020-01-14 20:14:22	MarkDuplicates	Tracking 181923 as yet unmatched pairs. 17177 records in RAM.
INFO	2020-01-14 20:14:39	MarkDuplicates	Read    45,000,000 records.  Elapsed time: 00:13:12s.  Time for last 1,000,000:   17s.  Last read position: chr15:98,950,611
INFO	2020-01-14 20:14:39	MarkDuplicates	Tracking 171475 as yet unmatched pairs. 2697 records in RAM.
INFO	2020-01-14 20:14:47	MarkDuplicates	Read    46,000,000 records.  Elapsed time: 00:13:20s.  Time for last 1,000,000:    7s.  Last read position: chr16:33,138,502
INFO	2020-01-14 20:14:47	MarkDuplicates	Tracking 159819 as yet unmatched pairs. 19007 records in RAM.
INFO	2020-01-14 20:14:51	MarkDuplicates	Read    47,000,000 records.  Elapsed time: 00:13:24s.  Time for last 1,000,000:    4s.  Last read position: chr16:96,122,319
INFO	2020-01-14 20:14:51	MarkDuplicates	Tracking 145768 as yet unmatched pairs. 1574 records in RAM.
INFO	2020-01-14 20:14:58	MarkDuplicates	Read    48,000,000 records.  Elapsed time: 00:13:31s.  Time for last 1,000,000:    6s.  Last read position: chr17:37,072,975
INFO	2020-01-14 20:14:58	MarkDuplicates	Tracking 133732 as yet unmatched pairs. 22608 records in RAM.
INFO	2020-01-14 20:15:30	MarkDuplicates	Read    49,000,000 records.  Elapsed time: 00:14:03s.  Time for last 1,000,000:   31s.  Last read position: chr18:6,623,905
INFO	2020-01-14 20:15:30	MarkDuplicates	Tracking 112809 as yet unmatched pairs. 29429 records in RAM.
INFO	2020-01-14 20:15:34	MarkDuplicates	Read    50,000,000 records.  Elapsed time: 00:14:07s.  Time for last 1,000,000:    4s.  Last read position: chr18:50,179,085
INFO	2020-01-14 20:15:34	MarkDuplicates	Tracking 97949 as yet unmatched pairs. 12740 records in RAM.
INFO	2020-01-14 20:15:40	MarkDuplicates	Read    51,000,000 records.  Elapsed time: 00:14:13s.  Time for last 1,000,000:    5s.  Last read position: chr19:10,738,794
INFO	2020-01-14 20:15:40	MarkDuplicates	Tracking 82326 as yet unmatched pairs. 21699 records in RAM.
INFO	2020-01-14 20:15:58	MarkDuplicates	Read    52,000,000 records.  Elapsed time: 00:14:31s.  Time for last 1,000,000:   18s.  Last read position: chr19:53,853,657
INFO	2020-01-14 20:15:58	MarkDuplicates	Tracking 64864 as yet unmatched pairs. 3030 records in RAM.
INFO	2020-01-14 20:16:13	MarkDuplicates	Read    53,000,000 records.  Elapsed time: 00:14:46s.  Time for last 1,000,000:   14s.  Last read position: chrX:93,463,327
INFO	2020-01-14 20:16:13	MarkDuplicates	Tracking 35279 as yet unmatched pairs. 31259 records in RAM.
INFO	2020-01-14 20:16:21	MarkDuplicates	Read    54,000,000 records.  Elapsed time: 00:14:54s.  Time for last 1,000,000:    8s.  Last read position: chrY:1,280,347
INFO	2020-01-14 20:16:21	MarkDuplicates	Tracking 3422 as yet unmatched pairs. 3412 records in RAM.
INFO	2020-01-14 20:16:21	MarkDuplicates	Read 54035416 records. 0 pairs never matched.
INFO	2020-01-14 20:18:32	MarkDuplicates	After buildSortedReadEndLists freeMemory: 10249214952; totalMemory: 16620978176; maxMemory: 28631367680
INFO	2020-01-14 20:18:32	MarkDuplicates	Will retain up to 894730240 duplicate indices before spilling to disk.
INFO	2020-01-14 20:18:34	MarkDuplicates	Traversing read pair information and detecting duplicates.
INFO	2020-01-14 20:22:40	MarkDuplicates	Traversing fragment information and detecting duplicates.
INFO	2020-01-14 20:22:47	MarkDuplicates	Sorting list of duplicate records.
INFO	2020-01-14 20:22:51	MarkDuplicates	After generateDuplicateIndexes freeMemory: 20301337080; totalMemory: 27600093184; maxMemory: 28631367680
INFO	2020-01-14 20:22:51	MarkDuplicates	Marking 13008649 records as duplicates.
INFO	2020-01-14 20:22:51	MarkDuplicates	Found 12845 optical duplicate clusters.
INFO	2020-01-14 20:22:51	MarkDuplicates	Reads are assumed to be ordered by: coordinate
INFO	2020-01-14 20:26:05	MarkDuplicates	Written    10,000,000 records.  Elapsed time: 00:03:13s.  Time for last 10,000,000:  193s.  Last read position: chr3:68,935,996
INFO	2020-01-14 20:29:15	MarkDuplicates	Written    20,000,000 records.  Elapsed time: 00:06:23s.  Time for last 10,000,000:  190s.  Last read position: chr6:51,464,307
INFO	2020-01-14 20:31:23	MarkDuplicates	Written    30,000,000 records.  Elapsed time: 00:08:31s.  Time for last 10,000,000:  127s.  Last read position: chr9:109,030,298
INFO	2020-01-14 20:33:33	MarkDuplicates	Written    40,000,000 records.  Elapsed time: 00:10:41s.  Time for last 10,000,000:  130s.  Last read position: chr13:38,195,122
INFO	2020-01-14 20:36:22	MarkDuplicates	Written    50,000,000 records.  Elapsed time: 00:13:30s.  Time for last 10,000,000:  169s.  Last read position: chr18:50,179,085
INFO	2020-01-14 20:37:59	MarkDuplicates	Writing complete. Closing input iterator.
INFO	2020-01-14 20:37:59	MarkDuplicates	Duplicate Index cleanup.
INFO	2020-01-14 20:37:59	MarkDuplicates	Getting Memory Stats.
INFO	2020-01-14 20:37:59	MarkDuplicates	Before output close freeMemory: 28031825152; totalMemory: 28235530240; maxMemory: 28631367680
INFO	2020-01-14 20:37:59	MarkDuplicates	Closed outputs. Getting more Memory Stats.
INFO	2020-01-14 20:38:00	MarkDuplicates	After output close freeMemory: 27678455040; totalMemory: 27882160128; maxMemory: 28631367680
[Tue Jan 14 20:38:00 UTC 2020] picard.sam.markduplicates.MarkDuplicates done. Elapsed time: 36.80 minutes.
Runtime.totalMemory()=27882160128
