java -ea -Xmx15g -Xms15g -Djava.library.path=/home/gregg_thomas/bin/bbmap/jni/ -cp /home/gregg_thomas/bin/bbmap/current/ jgi.BBMerge -Xmx15g t=1 in1=/scratch/gregg_thomas/Murinae-seq/02-Decon/Archboldomys-luzonensis/nextseq-paired-2/EAR1826_S29_L004_R1_001.fastp.decon.fastq.gz in2=/scratch/gregg_thomas/Murinae-seq/02-Decon/Archboldomys-luzonensis/nextseq-paired-2/EAR1826_S29_L004_R2_001.fastp.decon.fastq.gz verystrict=t rem k=40 extend2=40 ecct outu1=/scratch/gregg_thomas/Murinae-seq/03A-Merged/Archboldomys-luzonensis/nextseq-paired-2/EAR1826_S29_L004_R1_001.fastp.decon.unmerged.fastq.gz outu2=/scratch/gregg_thomas/Murinae-seq/03A-Merged/Archboldomys-luzonensis/nextseq-paired-2/EAR1826_S29_L004_R2_001.fastp.decon.unmerged.fastq.gz out=/scratch/gregg_thomas/Murinae-seq/03A-Merged/Archboldomys-luzonensis/nextseq-paired-2/EAR1826_S29_L004_001.fastp.decon.merged.fastq.gz
Executing jgi.BBMerge [-Xmx15g, t=1, in1=/scratch/gregg_thomas/Murinae-seq/02-Decon/Archboldomys-luzonensis/nextseq-paired-2/EAR1826_S29_L004_R1_001.fastp.decon.fastq.gz, in2=/scratch/gregg_thomas/Murinae-seq/02-Decon/Archboldomys-luzonensis/nextseq-paired-2/EAR1826_S29_L004_R2_001.fastp.decon.fastq.gz, verystrict=t, rem, k=40, extend2=40, ecct, outu1=/scratch/gregg_thomas/Murinae-seq/03A-Merged/Archboldomys-luzonensis/nextseq-paired-2/EAR1826_S29_L004_R1_001.fastp.decon.unmerged.fastq.gz, outu2=/scratch/gregg_thomas/Murinae-seq/03A-Merged/Archboldomys-luzonensis/nextseq-paired-2/EAR1826_S29_L004_R2_001.fastp.decon.unmerged.fastq.gz, out=/scratch/gregg_thomas/Murinae-seq/03A-Merged/Archboldomys-luzonensis/nextseq-paired-2/EAR1826_S29_L004_001.fastp.decon.merged.fastq.gz]
Version 38.73

Revised arguments: [maxbad=4, margin=3, minqo=8, qualiters=2, ratiomode=t, flatmode=f, minentropy=52, minoverlap=12, minoverlap0=4, maxratio=0.05, ratiomargin=12, ratiooffset=0.5, ratiominoverlapreduction=4, efilter=2, pfilter=0.008, minsecondratio=0.16, minapproxoverlap=22, t=1, in1=/scratch/gregg_thomas/Murinae-seq/02-Decon/Archboldomys-luzonensis/nextseq-paired-2/EAR1826_S29_L004_R1_001.fastp.decon.fastq.gz, in2=/scratch/gregg_thomas/Murinae-seq/02-Decon/Archboldomys-luzonensis/nextseq-paired-2/EAR1826_S29_L004_R2_001.fastp.decon.fastq.gz, rem, k=40, extend2=40, ecct, outu1=/scratch/gregg_thomas/Murinae-seq/03A-Merged/Archboldomys-luzonensis/nextseq-paired-2/EAR1826_S29_L004_R1_001.fastp.decon.unmerged.fastq.gz, outu2=/scratch/gregg_thomas/Murinae-seq/03A-Merged/Archboldomys-luzonensis/nextseq-paired-2/EAR1826_S29_L004_R2_001.fastp.decon.unmerged.fastq.gz, out=/scratch/gregg_thomas/Murinae-seq/03A-Merged/Archboldomys-luzonensis/nextseq-paired-2/EAR1826_S29_L004_001.fastp.decon.merged.fastq.gz]

Set threads to 1
Executing assemble.Tadpole2 [in=/scratch/gregg_thomas/Murinae-seq/02-Decon/Archboldomys-luzonensis/nextseq-paired-2/EAR1826_S29_L004_R1_001.fastp.decon.fastq.gz, in2=/scratch/gregg_thomas/Murinae-seq/02-Decon/Archboldomys-luzonensis/nextseq-paired-2/EAR1826_S29_L004_R2_001.fastp.decon.fastq.gz, branchlower=3, branchmult1=20.0, branchmult2=3.0, mincountseed=3, mincountextend=2, minprob=0.5, k=40, prealloc=false, prefilter=0, ecctail=false, eccpincer=false, eccreassemble=true]
Version 38.73

Using 1 threads.
Executing ukmer.KmerTableSetU [in=/scratch/gregg_thomas/Murinae-seq/02-Decon/Archboldomys-luzonensis/nextseq-paired-2/EAR1826_S29_L004_R1_001.fastp.decon.fastq.gz, in2=/scratch/gregg_thomas/Murinae-seq/02-Decon/Archboldomys-luzonensis/nextseq-paired-2/EAR1826_S29_L004_R2_001.fastp.decon.fastq.gz, branchlower=3, branchmult1=20.0, branchmult2=3.0, mincountseed=3, mincountextend=2, minprob=0.5, k=40, prealloc=false, prefilter=0, ecctail=false, eccpincer=false, eccreassemble=true]

Initial:
Ways=31, initialSize=128000, prefilter=f, prealloc=f
Memory: max=15435m, total=15435m, free=15032m, used=403m

Estimated kmer capacity: 	356759827
After table allocation:
Memory: max=15435m, total=15435m, free=14871m, used=564m

After loading:
Memory: max=15435m, total=15435m, free=6094m, used=9341m

Input:                      	4960882 reads 		374535463 bases.
Unique Kmers:               	85704490
Load Time:                  	211.905 seconds.

Writing mergable reads merged.
Started output threads.
Total time: 496.519 seconds.

Pairs:               	2480441
Joined:              	555395   	22.391%
Ambiguous:           	1925045   	77.609%
No Solution:         	1       	0.000%
Too Short:           	0       	0.000%
Fully Extended:      	1760877   	35.456%
Partly Extended:     	886770   	17.856%
Not Extended:        	2318659   	46.688%

Avg Insert:          	159.1
Standard Deviation:  	29.6
Mode:                	133

Insert range:        	35 - 221
90th percentile:     	201
75th percentile:     	182
50th percentile:     	159
25th percentile:     	136
10th percentile:     	121
