java -ea -Xmx15g -Xms15g -Djava.library.path=/home/gregg_thomas/bin/bbmap/jni/ -cp /home/gregg_thomas/bin/bbmap/current/ jgi.BBMerge -Xmx15g t=1 in1=/scratch/gregg_thomas/Murinae-seq/02-Decon/Chiropodomys-gliroides/nextseq-paired-1/Z25153_S29_R1_001.fastp.decon.fastq.gz in2=/scratch/gregg_thomas/Murinae-seq/02-Decon/Chiropodomys-gliroides/nextseq-paired-1/Z25153_S29_R2_001.fastp.decon.fastq.gz verystrict=t rem k=40 extend2=40 ecct outu1=/scratch/gregg_thomas/Murinae-seq/03A-Merged/Chiropodomys-gliroides/nextseq-paired-1/Z25153_S29_R1_001.fastp.decon.unmerged.fastq.gz outu2=/scratch/gregg_thomas/Murinae-seq/03A-Merged/Chiropodomys-gliroides/nextseq-paired-1/Z25153_S29_R2_001.fastp.decon.unmerged.fastq.gz out=/scratch/gregg_thomas/Murinae-seq/03A-Merged/Chiropodomys-gliroides/nextseq-paired-1/Z25153_S29_001.fastp.decon.merged.fastq.gz
Executing jgi.BBMerge [-Xmx15g, t=1, in1=/scratch/gregg_thomas/Murinae-seq/02-Decon/Chiropodomys-gliroides/nextseq-paired-1/Z25153_S29_R1_001.fastp.decon.fastq.gz, in2=/scratch/gregg_thomas/Murinae-seq/02-Decon/Chiropodomys-gliroides/nextseq-paired-1/Z25153_S29_R2_001.fastp.decon.fastq.gz, verystrict=t, rem, k=40, extend2=40, ecct, outu1=/scratch/gregg_thomas/Murinae-seq/03A-Merged/Chiropodomys-gliroides/nextseq-paired-1/Z25153_S29_R1_001.fastp.decon.unmerged.fastq.gz, outu2=/scratch/gregg_thomas/Murinae-seq/03A-Merged/Chiropodomys-gliroides/nextseq-paired-1/Z25153_S29_R2_001.fastp.decon.unmerged.fastq.gz, out=/scratch/gregg_thomas/Murinae-seq/03A-Merged/Chiropodomys-gliroides/nextseq-paired-1/Z25153_S29_001.fastp.decon.merged.fastq.gz]
Version 38.73

Revised arguments: [maxbad=4, margin=3, minqo=8, qualiters=2, ratiomode=t, flatmode=f, minentropy=52, minoverlap=12, minoverlap0=4, maxratio=0.05, ratiomargin=12, ratiooffset=0.5, ratiominoverlapreduction=4, efilter=2, pfilter=0.008, minsecondratio=0.16, minapproxoverlap=22, t=1, in1=/scratch/gregg_thomas/Murinae-seq/02-Decon/Chiropodomys-gliroides/nextseq-paired-1/Z25153_S29_R1_001.fastp.decon.fastq.gz, in2=/scratch/gregg_thomas/Murinae-seq/02-Decon/Chiropodomys-gliroides/nextseq-paired-1/Z25153_S29_R2_001.fastp.decon.fastq.gz, rem, k=40, extend2=40, ecct, outu1=/scratch/gregg_thomas/Murinae-seq/03A-Merged/Chiropodomys-gliroides/nextseq-paired-1/Z25153_S29_R1_001.fastp.decon.unmerged.fastq.gz, outu2=/scratch/gregg_thomas/Murinae-seq/03A-Merged/Chiropodomys-gliroides/nextseq-paired-1/Z25153_S29_R2_001.fastp.decon.unmerged.fastq.gz, out=/scratch/gregg_thomas/Murinae-seq/03A-Merged/Chiropodomys-gliroides/nextseq-paired-1/Z25153_S29_001.fastp.decon.merged.fastq.gz]

Set threads to 1
Executing assemble.Tadpole2 [in=/scratch/gregg_thomas/Murinae-seq/02-Decon/Chiropodomys-gliroides/nextseq-paired-1/Z25153_S29_R1_001.fastp.decon.fastq.gz, in2=/scratch/gregg_thomas/Murinae-seq/02-Decon/Chiropodomys-gliroides/nextseq-paired-1/Z25153_S29_R2_001.fastp.decon.fastq.gz, branchlower=3, branchmult1=20.0, branchmult2=3.0, mincountseed=3, mincountextend=2, minprob=0.5, k=40, prealloc=false, prefilter=0, ecctail=false, eccpincer=false, eccreassemble=true]
Version 38.73

Using 1 threads.
Executing ukmer.KmerTableSetU [in=/scratch/gregg_thomas/Murinae-seq/02-Decon/Chiropodomys-gliroides/nextseq-paired-1/Z25153_S29_R1_001.fastp.decon.fastq.gz, in2=/scratch/gregg_thomas/Murinae-seq/02-Decon/Chiropodomys-gliroides/nextseq-paired-1/Z25153_S29_R2_001.fastp.decon.fastq.gz, branchlower=3, branchmult1=20.0, branchmult2=3.0, mincountseed=3, mincountextend=2, minprob=0.5, k=40, prealloc=false, prefilter=0, ecctail=false, eccpincer=false, eccreassemble=true]

Initial:
Ways=31, initialSize=128000, prefilter=f, prealloc=f
Memory: max=15435m, total=15435m, free=15032m, used=403m

Estimated kmer capacity: 	356759827
After table allocation:
Memory: max=15435m, total=15435m, free=14951m, used=484m

After loading:
Memory: max=15435m, total=15435m, free=5942m, used=9493m

Input:                      	12086412 reads 		905744316 bases.
Unique Kmers:               	176431040
Load Time:                  	320.519 seconds.

Writing mergable reads merged.
Started output threads.
Total time: 1292.768 seconds.

Pairs:               	6043206
Joined:              	2063164   	34.140%
Ambiguous:           	3980041   	65.860%
No Solution:         	1       	0.000%
Too Short:           	0       	0.000%
Fully Extended:      	5131079   	42.132%
Partly Extended:     	2505832   	20.576%
Not Extended:        	4541601   	37.292%

Avg Insert:          	155.3
Standard Deviation:  	29.2
Mode:                	134

Insert range:        	35 - 219
90th percentile:     	196
75th percentile:     	177
50th percentile:     	155
25th percentile:     	133
10th percentile:     	118
