java -ea -Xmx30g -Xms30g -Djava.library.path=/home/gregg_thomas/bin/bbmap/jni/ -cp /home/gregg_thomas/bin/bbmap/current/ jgi.BBMerge -Xmx30g t=1 in1=/scratch/gregg_thomas/Murinae-seq/02-Decon/Conilurus-albipes/seq-run-1/53930_HTVLKBCX2_TGCGTCC_S18_L002_R1_001.fastp.decon.fastq.gz in2=/scratch/gregg_thomas/Murinae-seq/02-Decon/Conilurus-albipes/seq-run-1/53930_HTVLKBCX2_TGCGTCC_S18_L002_R2_001.fastp.decon.fastq.gz verystrict=t rem k=40 extend2=40 ecct outu1=/scratch/gregg_thomas/Murinae-seq/03A-Merged/Conilurus-albipes/seq-run-1/53930_HTVLKBCX2_TGCGTCC_S18_L002_R1_001.fastp.decon.unmerged.fastq.gz outu2=/scratch/gregg_thomas/Murinae-seq/03A-Merged/Conilurus-albipes/seq-run-1/53930_HTVLKBCX2_TGCGTCC_S18_L002_R2_001.fastp.decon.unmerged.fastq.gz out=/scratch/gregg_thomas/Murinae-seq/03A-Merged/Conilurus-albipes/seq-run-1/53930_HTVLKBCX2_TGCGTCC_S18_L002_001.fastp.decon.merged.fastq.gz
Executing jgi.BBMerge [-Xmx30g, t=1, in1=/scratch/gregg_thomas/Murinae-seq/02-Decon/Conilurus-albipes/seq-run-1/53930_HTVLKBCX2_TGCGTCC_S18_L002_R1_001.fastp.decon.fastq.gz, in2=/scratch/gregg_thomas/Murinae-seq/02-Decon/Conilurus-albipes/seq-run-1/53930_HTVLKBCX2_TGCGTCC_S18_L002_R2_001.fastp.decon.fastq.gz, verystrict=t, rem, k=40, extend2=40, ecct, outu1=/scratch/gregg_thomas/Murinae-seq/03A-Merged/Conilurus-albipes/seq-run-1/53930_HTVLKBCX2_TGCGTCC_S18_L002_R1_001.fastp.decon.unmerged.fastq.gz, outu2=/scratch/gregg_thomas/Murinae-seq/03A-Merged/Conilurus-albipes/seq-run-1/53930_HTVLKBCX2_TGCGTCC_S18_L002_R2_001.fastp.decon.unmerged.fastq.gz, out=/scratch/gregg_thomas/Murinae-seq/03A-Merged/Conilurus-albipes/seq-run-1/53930_HTVLKBCX2_TGCGTCC_S18_L002_001.fastp.decon.merged.fastq.gz]
Version 38.73

Revised arguments: [maxbad=4, margin=3, minqo=8, qualiters=2, ratiomode=t, flatmode=f, minentropy=52, minoverlap=12, minoverlap0=4, maxratio=0.05, ratiomargin=12, ratiooffset=0.5, ratiominoverlapreduction=4, efilter=2, pfilter=0.008, minsecondratio=0.16, minapproxoverlap=22, t=1, in1=/scratch/gregg_thomas/Murinae-seq/02-Decon/Conilurus-albipes/seq-run-1/53930_HTVLKBCX2_TGCGTCC_S18_L002_R1_001.fastp.decon.fastq.gz, in2=/scratch/gregg_thomas/Murinae-seq/02-Decon/Conilurus-albipes/seq-run-1/53930_HTVLKBCX2_TGCGTCC_S18_L002_R2_001.fastp.decon.fastq.gz, rem, k=40, extend2=40, ecct, outu1=/scratch/gregg_thomas/Murinae-seq/03A-Merged/Conilurus-albipes/seq-run-1/53930_HTVLKBCX2_TGCGTCC_S18_L002_R1_001.fastp.decon.unmerged.fastq.gz, outu2=/scratch/gregg_thomas/Murinae-seq/03A-Merged/Conilurus-albipes/seq-run-1/53930_HTVLKBCX2_TGCGTCC_S18_L002_R2_001.fastp.decon.unmerged.fastq.gz, out=/scratch/gregg_thomas/Murinae-seq/03A-Merged/Conilurus-albipes/seq-run-1/53930_HTVLKBCX2_TGCGTCC_S18_L002_001.fastp.decon.merged.fastq.gz]

Set threads to 1
Executing assemble.Tadpole2 [in=/scratch/gregg_thomas/Murinae-seq/02-Decon/Conilurus-albipes/seq-run-1/53930_HTVLKBCX2_TGCGTCC_S18_L002_R1_001.fastp.decon.fastq.gz, in2=/scratch/gregg_thomas/Murinae-seq/02-Decon/Conilurus-albipes/seq-run-1/53930_HTVLKBCX2_TGCGTCC_S18_L002_R2_001.fastp.decon.fastq.gz, branchlower=3, branchmult1=20.0, branchmult2=3.0, mincountseed=3, mincountextend=2, minprob=0.5, k=40, prealloc=false, prefilter=0, ecctail=false, eccpincer=false, eccreassemble=true]
Version 38.73

Using 1 threads.
Executing ukmer.KmerTableSetU [in=/scratch/gregg_thomas/Murinae-seq/02-Decon/Conilurus-albipes/seq-run-1/53930_HTVLKBCX2_TGCGTCC_S18_L002_R1_001.fastp.decon.fastq.gz, in2=/scratch/gregg_thomas/Murinae-seq/02-Decon/Conilurus-albipes/seq-run-1/53930_HTVLKBCX2_TGCGTCC_S18_L002_R2_001.fastp.decon.fastq.gz, branchlower=3, branchmult1=20.0, branchmult2=3.0, mincountseed=3, mincountextend=2, minprob=0.5, k=40, prealloc=false, prefilter=0, ecctail=false, eccpincer=false, eccreassemble=true]

Initial:
Ways=31, initialSize=128000, prefilter=f, prealloc=f
Memory: max=30870m, total=30870m, free=30064m, used=806m

Estimated kmer capacity: 	715752451
After table allocation:
Memory: max=30870m, total=30870m, free=29903m, used=967m

After loading:
Memory: max=30870m, total=30870m, free=12421m, used=18449m

Input:                      	37299198 reads 		3442726796 bases.
Unique Kmers:               	488699036
Load Time:                  	917.157 seconds.

Writing mergable reads merged.
Started output threads.
Total time: 3722.281 seconds.

Pairs:               	18649599
Joined:              	14524474   	77.881%
Ambiguous:           	4107796   	22.026%
No Solution:         	17329   	0.093%
Too Short:           	0       	0.000%
Fully Extended:      	19325010   	49.425%
Partly Extended:     	8858030   	22.655%
Not Extended:        	10917012   	27.921%

Avg Insert:          	112.0
Standard Deviation:  	36.6
Mode:                	100

Insert range:        	35 - 271
90th percentile:     	161
75th percentile:     	133
50th percentile:     	107
25th percentile:     	86
10th percentile:     	70
