java -ea -Xmx30g -Xms30g -Djava.library.path=/home/gregg_thomas/bin/bbmap/jni/ -cp /home/gregg_thomas/bin/bbmap/current/ jgi.BBMerge -Xmx30g t=1 in1=/scratch/gregg_thomas/Murinae-seq/02-Decon/Genus-sp-nov/hiseq4000-paired-1/SM059_CKDL190143344-1a-D705-AK1682_H7275BBXX_L3_R1_.fastp.decon.fastq.gz in2=/scratch/gregg_thomas/Murinae-seq/02-Decon/Genus-sp-nov/hiseq4000-paired-1/SM059_CKDL190143344-1a-D705-AK1682_H7275BBXX_L3_R2_.fastp.decon.fastq.gz verystrict=t rem k=40 extend2=40 ecct outu1=/scratch/gregg_thomas/Murinae-seq/03A-Merged/Genus-sp-nov/hiseq4000-paired-1/SM059_CKDL190143344-1a-D705-AK1682_H7275BBXX_L3_R1_.fastp.decon.unmerged.fastq.gz outu2=/scratch/gregg_thomas/Murinae-seq/03A-Merged/Genus-sp-nov/hiseq4000-paired-1/SM059_CKDL190143344-1a-D705-AK1682_H7275BBXX_L3_R2_.fastp.decon.unmerged.fastq.gz out=/scratch/gregg_thomas/Murinae-seq/03A-Merged/Genus-sp-nov/hiseq4000-paired-1/SM059_CKDL190143344-1a-D705-AK1682_H7275BBXX_L3_.fastp.decon.merged.fastq.gz
Executing jgi.BBMerge [-Xmx30g, t=1, in1=/scratch/gregg_thomas/Murinae-seq/02-Decon/Genus-sp-nov/hiseq4000-paired-1/SM059_CKDL190143344-1a-D705-AK1682_H7275BBXX_L3_R1_.fastp.decon.fastq.gz, in2=/scratch/gregg_thomas/Murinae-seq/02-Decon/Genus-sp-nov/hiseq4000-paired-1/SM059_CKDL190143344-1a-D705-AK1682_H7275BBXX_L3_R2_.fastp.decon.fastq.gz, verystrict=t, rem, k=40, extend2=40, ecct, outu1=/scratch/gregg_thomas/Murinae-seq/03A-Merged/Genus-sp-nov/hiseq4000-paired-1/SM059_CKDL190143344-1a-D705-AK1682_H7275BBXX_L3_R1_.fastp.decon.unmerged.fastq.gz, outu2=/scratch/gregg_thomas/Murinae-seq/03A-Merged/Genus-sp-nov/hiseq4000-paired-1/SM059_CKDL190143344-1a-D705-AK1682_H7275BBXX_L3_R2_.fastp.decon.unmerged.fastq.gz, out=/scratch/gregg_thomas/Murinae-seq/03A-Merged/Genus-sp-nov/hiseq4000-paired-1/SM059_CKDL190143344-1a-D705-AK1682_H7275BBXX_L3_.fastp.decon.merged.fastq.gz]
Version 38.73

Revised arguments: [maxbad=4, margin=3, minqo=8, qualiters=2, ratiomode=t, flatmode=f, minentropy=52, minoverlap=12, minoverlap0=4, maxratio=0.05, ratiomargin=12, ratiooffset=0.5, ratiominoverlapreduction=4, efilter=2, pfilter=0.008, minsecondratio=0.16, minapproxoverlap=22, t=1, in1=/scratch/gregg_thomas/Murinae-seq/02-Decon/Genus-sp-nov/hiseq4000-paired-1/SM059_CKDL190143344-1a-D705-AK1682_H7275BBXX_L3_R1_.fastp.decon.fastq.gz, in2=/scratch/gregg_thomas/Murinae-seq/02-Decon/Genus-sp-nov/hiseq4000-paired-1/SM059_CKDL190143344-1a-D705-AK1682_H7275BBXX_L3_R2_.fastp.decon.fastq.gz, rem, k=40, extend2=40, ecct, outu1=/scratch/gregg_thomas/Murinae-seq/03A-Merged/Genus-sp-nov/hiseq4000-paired-1/SM059_CKDL190143344-1a-D705-AK1682_H7275BBXX_L3_R1_.fastp.decon.unmerged.fastq.gz, outu2=/scratch/gregg_thomas/Murinae-seq/03A-Merged/Genus-sp-nov/hiseq4000-paired-1/SM059_CKDL190143344-1a-D705-AK1682_H7275BBXX_L3_R2_.fastp.decon.unmerged.fastq.gz, out=/scratch/gregg_thomas/Murinae-seq/03A-Merged/Genus-sp-nov/hiseq4000-paired-1/SM059_CKDL190143344-1a-D705-AK1682_H7275BBXX_L3_.fastp.decon.merged.fastq.gz]

Set threads to 1
Executing assemble.Tadpole2 [in=/scratch/gregg_thomas/Murinae-seq/02-Decon/Genus-sp-nov/hiseq4000-paired-1/SM059_CKDL190143344-1a-D705-AK1682_H7275BBXX_L3_R1_.fastp.decon.fastq.gz, in2=/scratch/gregg_thomas/Murinae-seq/02-Decon/Genus-sp-nov/hiseq4000-paired-1/SM059_CKDL190143344-1a-D705-AK1682_H7275BBXX_L3_R2_.fastp.decon.fastq.gz, branchlower=3, branchmult1=20.0, branchmult2=3.0, mincountseed=3, mincountextend=2, minprob=0.5, k=40, prealloc=false, prefilter=0, ecctail=false, eccpincer=false, eccreassemble=true]
Version 38.73

Using 1 threads.
Executing ukmer.KmerTableSetU [in=/scratch/gregg_thomas/Murinae-seq/02-Decon/Genus-sp-nov/hiseq4000-paired-1/SM059_CKDL190143344-1a-D705-AK1682_H7275BBXX_L3_R1_.fastp.decon.fastq.gz, in2=/scratch/gregg_thomas/Murinae-seq/02-Decon/Genus-sp-nov/hiseq4000-paired-1/SM059_CKDL190143344-1a-D705-AK1682_H7275BBXX_L3_R2_.fastp.decon.fastq.gz, branchlower=3, branchmult1=20.0, branchmult2=3.0, mincountseed=3, mincountextend=2, minprob=0.5, k=40, prealloc=false, prefilter=0, ecctail=false, eccpincer=false, eccreassemble=true]

Initial:
Ways=31, initialSize=128000, prefilter=f, prealloc=f
Memory: max=30870m, total=30870m, free=30064m, used=806m

Estimated kmer capacity: 	715752451
After table allocation:
Memory: max=30870m, total=30870m, free=29742m, used=1128m

After loading:
Memory: max=30870m, total=30870m, free=15405m, used=15465m

Input:                      	36759054 reads 		5436016503 bases.
Unique Kmers:               	562602851
Load Time:                  	3020.344 seconds.

Writing mergable reads merged.
Started output threads.
Total time: 8633.424 seconds.

Pairs:               	18379527
Joined:              	12879878   	70.077%
Ambiguous:           	5490008   	29.870%
No Solution:         	9641       	0.052%
Too Short:           	0       	0.000%
Fully Extended:      	27760891   	74.429%
Partly Extended:     	4628895   	12.410%
Not Extended:        	4908458   	13.160%

Avg Insert:          	243.7
Standard Deviation:  	67.5
Mode:                	279

Insert range:        	35 - 369
90th percentile:     	332
75th percentile:     	298
50th percentile:     	248
25th percentile:     	193
10th percentile:     	149
