java -ea -Xmx15g -Xms15g -Djava.library.path=/home/gregg_thomas/bin/bbmap/jni/ -cp /home/gregg_thomas/bin/bbmap/current/ jgi.BBMerge -Xmx15g t=1 in1=/scratch/gregg_thomas/Murinae-seq/02-Decon/Haeromys-minahassae/nextseq-paired-1/JAE4996_S37_R1_001.fastp.decon.fastq.gz in2=/scratch/gregg_thomas/Murinae-seq/02-Decon/Haeromys-minahassae/nextseq-paired-1/JAE4996_S37_R2_001.fastp.decon.fastq.gz verystrict=t rem k=40 extend2=40 ecct outu1=/scratch/gregg_thomas/Murinae-seq/03A-Merged/Haeromys-minahassae/nextseq-paired-1/JAE4996_S37_R1_001.fastp.decon.unmerged.fastq.gz outu2=/scratch/gregg_thomas/Murinae-seq/03A-Merged/Haeromys-minahassae/nextseq-paired-1/JAE4996_S37_R2_001.fastp.decon.unmerged.fastq.gz out=/scratch/gregg_thomas/Murinae-seq/03A-Merged/Haeromys-minahassae/nextseq-paired-1/JAE4996_S37_001.fastp.decon.merged.fastq.gz
Executing jgi.BBMerge [-Xmx15g, t=1, in1=/scratch/gregg_thomas/Murinae-seq/02-Decon/Haeromys-minahassae/nextseq-paired-1/JAE4996_S37_R1_001.fastp.decon.fastq.gz, in2=/scratch/gregg_thomas/Murinae-seq/02-Decon/Haeromys-minahassae/nextseq-paired-1/JAE4996_S37_R2_001.fastp.decon.fastq.gz, verystrict=t, rem, k=40, extend2=40, ecct, outu1=/scratch/gregg_thomas/Murinae-seq/03A-Merged/Haeromys-minahassae/nextseq-paired-1/JAE4996_S37_R1_001.fastp.decon.unmerged.fastq.gz, outu2=/scratch/gregg_thomas/Murinae-seq/03A-Merged/Haeromys-minahassae/nextseq-paired-1/JAE4996_S37_R2_001.fastp.decon.unmerged.fastq.gz, out=/scratch/gregg_thomas/Murinae-seq/03A-Merged/Haeromys-minahassae/nextseq-paired-1/JAE4996_S37_001.fastp.decon.merged.fastq.gz]
Version 38.73

Revised arguments: [maxbad=4, margin=3, minqo=8, qualiters=2, ratiomode=t, flatmode=f, minentropy=52, minoverlap=12, minoverlap0=4, maxratio=0.05, ratiomargin=12, ratiooffset=0.5, ratiominoverlapreduction=4, efilter=2, pfilter=0.008, minsecondratio=0.16, minapproxoverlap=22, t=1, in1=/scratch/gregg_thomas/Murinae-seq/02-Decon/Haeromys-minahassae/nextseq-paired-1/JAE4996_S37_R1_001.fastp.decon.fastq.gz, in2=/scratch/gregg_thomas/Murinae-seq/02-Decon/Haeromys-minahassae/nextseq-paired-1/JAE4996_S37_R2_001.fastp.decon.fastq.gz, rem, k=40, extend2=40, ecct, outu1=/scratch/gregg_thomas/Murinae-seq/03A-Merged/Haeromys-minahassae/nextseq-paired-1/JAE4996_S37_R1_001.fastp.decon.unmerged.fastq.gz, outu2=/scratch/gregg_thomas/Murinae-seq/03A-Merged/Haeromys-minahassae/nextseq-paired-1/JAE4996_S37_R2_001.fastp.decon.unmerged.fastq.gz, out=/scratch/gregg_thomas/Murinae-seq/03A-Merged/Haeromys-minahassae/nextseq-paired-1/JAE4996_S37_001.fastp.decon.merged.fastq.gz]

Set threads to 1
Executing assemble.Tadpole2 [in=/scratch/gregg_thomas/Murinae-seq/02-Decon/Haeromys-minahassae/nextseq-paired-1/JAE4996_S37_R1_001.fastp.decon.fastq.gz, in2=/scratch/gregg_thomas/Murinae-seq/02-Decon/Haeromys-minahassae/nextseq-paired-1/JAE4996_S37_R2_001.fastp.decon.fastq.gz, branchlower=3, branchmult1=20.0, branchmult2=3.0, mincountseed=3, mincountextend=2, minprob=0.5, k=40, prealloc=false, prefilter=0, ecctail=false, eccpincer=false, eccreassemble=true]
Version 38.73

Using 1 threads.
Executing ukmer.KmerTableSetU [in=/scratch/gregg_thomas/Murinae-seq/02-Decon/Haeromys-minahassae/nextseq-paired-1/JAE4996_S37_R1_001.fastp.decon.fastq.gz, in2=/scratch/gregg_thomas/Murinae-seq/02-Decon/Haeromys-minahassae/nextseq-paired-1/JAE4996_S37_R2_001.fastp.decon.fastq.gz, branchlower=3, branchmult1=20.0, branchmult2=3.0, mincountseed=3, mincountextend=2, minprob=0.5, k=40, prealloc=false, prefilter=0, ecctail=false, eccpincer=false, eccreassemble=true]

Initial:
Ways=31, initialSize=128000, prefilter=f, prealloc=f
Memory: max=15435m, total=15435m, free=15032m, used=403m

Estimated kmer capacity: 	356759827
After table allocation:
Memory: max=15435m, total=15435m, free=14951m, used=484m

After loading:
Memory: max=15435m, total=15435m, free=7277m, used=8158m

Input:                      	10866602 reads 		814433100 bases.
Unique Kmers:               	157983839
Load Time:                  	232.775 seconds.

Writing mergable reads merged.
Started output threads.
Total time: 834.181 seconds.

Pairs:               	5433301
Joined:              	1364745   	25.118%
Ambiguous:           	4068556   	74.882%
No Solution:         	0       	0.000%
Too Short:           	0       	0.000%
Fully Extended:      	4458174   	40.915%
Partly Extended:     	2421655   	22.225%
Not Extended:        	4016315   	36.860%

Avg Insert:          	167.2
Standard Deviation:  	27.0
Mode:                	172

Insert range:        	35 - 219
90th percentile:     	203
75th percentile:     	188
50th percentile:     	168
25th percentile:     	149
10th percentile:     	131
