java -ea -Xmx15g -Xms15g -Djava.library.path=/home/gregg_thomas/bin/bbmap/jni/ -cp /home/gregg_thomas/bin/bbmap/current/ jgi.BBMerge -Xmx15g t=1 in1=/scratch/gregg_thomas/Murinae-seq/02-Decon/Hybomys-univittatus/nextseq-paired-2/TCD4026_S2_L001_R1_001.fastp.decon.fastq.gz in2=/scratch/gregg_thomas/Murinae-seq/02-Decon/Hybomys-univittatus/nextseq-paired-2/TCD4026_S2_L001_R2_001.fastp.decon.fastq.gz verystrict=t rem k=40 extend2=40 ecct outu1=/scratch/gregg_thomas/Murinae-seq/03A-Merged/Hybomys-univittatus/nextseq-paired-2/TCD4026_S2_L001_R1_001.fastp.decon.unmerged.fastq.gz outu2=/scratch/gregg_thomas/Murinae-seq/03A-Merged/Hybomys-univittatus/nextseq-paired-2/TCD4026_S2_L001_R2_001.fastp.decon.unmerged.fastq.gz out=/scratch/gregg_thomas/Murinae-seq/03A-Merged/Hybomys-univittatus/nextseq-paired-2/TCD4026_S2_L001_001.fastp.decon.merged.fastq.gz
Executing jgi.BBMerge [-Xmx15g, t=1, in1=/scratch/gregg_thomas/Murinae-seq/02-Decon/Hybomys-univittatus/nextseq-paired-2/TCD4026_S2_L001_R1_001.fastp.decon.fastq.gz, in2=/scratch/gregg_thomas/Murinae-seq/02-Decon/Hybomys-univittatus/nextseq-paired-2/TCD4026_S2_L001_R2_001.fastp.decon.fastq.gz, verystrict=t, rem, k=40, extend2=40, ecct, outu1=/scratch/gregg_thomas/Murinae-seq/03A-Merged/Hybomys-univittatus/nextseq-paired-2/TCD4026_S2_L001_R1_001.fastp.decon.unmerged.fastq.gz, outu2=/scratch/gregg_thomas/Murinae-seq/03A-Merged/Hybomys-univittatus/nextseq-paired-2/TCD4026_S2_L001_R2_001.fastp.decon.unmerged.fastq.gz, out=/scratch/gregg_thomas/Murinae-seq/03A-Merged/Hybomys-univittatus/nextseq-paired-2/TCD4026_S2_L001_001.fastp.decon.merged.fastq.gz]
Version 38.73

Revised arguments: [maxbad=4, margin=3, minqo=8, qualiters=2, ratiomode=t, flatmode=f, minentropy=52, minoverlap=12, minoverlap0=4, maxratio=0.05, ratiomargin=12, ratiooffset=0.5, ratiominoverlapreduction=4, efilter=2, pfilter=0.008, minsecondratio=0.16, minapproxoverlap=22, t=1, in1=/scratch/gregg_thomas/Murinae-seq/02-Decon/Hybomys-univittatus/nextseq-paired-2/TCD4026_S2_L001_R1_001.fastp.decon.fastq.gz, in2=/scratch/gregg_thomas/Murinae-seq/02-Decon/Hybomys-univittatus/nextseq-paired-2/TCD4026_S2_L001_R2_001.fastp.decon.fastq.gz, rem, k=40, extend2=40, ecct, outu1=/scratch/gregg_thomas/Murinae-seq/03A-Merged/Hybomys-univittatus/nextseq-paired-2/TCD4026_S2_L001_R1_001.fastp.decon.unmerged.fastq.gz, outu2=/scratch/gregg_thomas/Murinae-seq/03A-Merged/Hybomys-univittatus/nextseq-paired-2/TCD4026_S2_L001_R2_001.fastp.decon.unmerged.fastq.gz, out=/scratch/gregg_thomas/Murinae-seq/03A-Merged/Hybomys-univittatus/nextseq-paired-2/TCD4026_S2_L001_001.fastp.decon.merged.fastq.gz]

Set threads to 1
Executing assemble.Tadpole2 [in=/scratch/gregg_thomas/Murinae-seq/02-Decon/Hybomys-univittatus/nextseq-paired-2/TCD4026_S2_L001_R1_001.fastp.decon.fastq.gz, in2=/scratch/gregg_thomas/Murinae-seq/02-Decon/Hybomys-univittatus/nextseq-paired-2/TCD4026_S2_L001_R2_001.fastp.decon.fastq.gz, branchlower=3, branchmult1=20.0, branchmult2=3.0, mincountseed=3, mincountextend=2, minprob=0.5, k=40, prealloc=false, prefilter=0, ecctail=false, eccpincer=false, eccreassemble=true]
Version 38.73

Using 1 threads.
Executing ukmer.KmerTableSetU [in=/scratch/gregg_thomas/Murinae-seq/02-Decon/Hybomys-univittatus/nextseq-paired-2/TCD4026_S2_L001_R1_001.fastp.decon.fastq.gz, in2=/scratch/gregg_thomas/Murinae-seq/02-Decon/Hybomys-univittatus/nextseq-paired-2/TCD4026_S2_L001_R2_001.fastp.decon.fastq.gz, branchlower=3, branchmult1=20.0, branchmult2=3.0, mincountseed=3, mincountextend=2, minprob=0.5, k=40, prealloc=false, prefilter=0, ecctail=false, eccpincer=false, eccreassemble=true]

Initial:
Ways=31, initialSize=128000, prefilter=f, prealloc=f
Memory: max=15435m, total=15435m, free=15032m, used=403m

Estimated kmer capacity: 	356759827
After table allocation:
Memory: max=15435m, total=15435m, free=14951m, used=484m

After loading:
Memory: max=15435m, total=15435m, free=5907m, used=9528m

Input:                      	5087834 reads 		384096628 bases.
Unique Kmers:               	88010229
Load Time:                  	178.482 seconds.

Writing mergable reads merged.
Started output threads.
Total time: 445.487 seconds.

Pairs:               	2543917
Joined:              	561102   	22.057%
Ambiguous:           	1982811   	77.943%
No Solution:         	4       	0.000%
Too Short:           	0       	0.000%
Fully Extended:      	1585872   	31.117%
Partly Extended:     	1031459   	20.238%
Not Extended:        	2479209   	48.645%

Avg Insert:          	154.5
Standard Deviation:  	30.5
Mode:                	133

Insert range:        	35 - 221
90th percentile:     	198
75th percentile:     	177
50th percentile:     	153
25th percentile:     	131
10th percentile:     	116
