java -ea -Xmx15g -Xms15g -Djava.library.path=/home/gregg_thomas/bin/bbmap/jni/ -cp /home/gregg_thomas/bin/bbmap/current/ jgi.BBMerge -Xmx15g t=1 in1=/scratch/gregg_thomas/Murinae-seq/02-Decon/Leggadina-forresti/seq-run-2/52918_AH7T7NBCX2_CTGCGAC_S1_L001_R1_001.fastp.decon.fastq.gz in2=/scratch/gregg_thomas/Murinae-seq/02-Decon/Leggadina-forresti/seq-run-2/52918_AH7T7NBCX2_CTGCGAC_S1_L001_R2_001.fastp.decon.fastq.gz verystrict=t rem k=40 extend2=40 ecct outu1=/scratch/gregg_thomas/Murinae-seq/03A-Merged/Leggadina-forresti/seq-run-2/52918_AH7T7NBCX2_CTGCGAC_S1_L001_R1_001.fastp.decon.unmerged.fastq.gz outu2=/scratch/gregg_thomas/Murinae-seq/03A-Merged/Leggadina-forresti/seq-run-2/52918_AH7T7NBCX2_CTGCGAC_S1_L001_R2_001.fastp.decon.unmerged.fastq.gz out=/scratch/gregg_thomas/Murinae-seq/03A-Merged/Leggadina-forresti/seq-run-2/52918_AH7T7NBCX2_CTGCGAC_S1_L001_001.fastp.decon.merged.fastq.gz
Executing jgi.BBMerge [-Xmx15g, t=1, in1=/scratch/gregg_thomas/Murinae-seq/02-Decon/Leggadina-forresti/seq-run-2/52918_AH7T7NBCX2_CTGCGAC_S1_L001_R1_001.fastp.decon.fastq.gz, in2=/scratch/gregg_thomas/Murinae-seq/02-Decon/Leggadina-forresti/seq-run-2/52918_AH7T7NBCX2_CTGCGAC_S1_L001_R2_001.fastp.decon.fastq.gz, verystrict=t, rem, k=40, extend2=40, ecct, outu1=/scratch/gregg_thomas/Murinae-seq/03A-Merged/Leggadina-forresti/seq-run-2/52918_AH7T7NBCX2_CTGCGAC_S1_L001_R1_001.fastp.decon.unmerged.fastq.gz, outu2=/scratch/gregg_thomas/Murinae-seq/03A-Merged/Leggadina-forresti/seq-run-2/52918_AH7T7NBCX2_CTGCGAC_S1_L001_R2_001.fastp.decon.unmerged.fastq.gz, out=/scratch/gregg_thomas/Murinae-seq/03A-Merged/Leggadina-forresti/seq-run-2/52918_AH7T7NBCX2_CTGCGAC_S1_L001_001.fastp.decon.merged.fastq.gz]
Version 38.73

Revised arguments: [maxbad=4, margin=3, minqo=8, qualiters=2, ratiomode=t, flatmode=f, minentropy=52, minoverlap=12, minoverlap0=4, maxratio=0.05, ratiomargin=12, ratiooffset=0.5, ratiominoverlapreduction=4, efilter=2, pfilter=0.008, minsecondratio=0.16, minapproxoverlap=22, t=1, in1=/scratch/gregg_thomas/Murinae-seq/02-Decon/Leggadina-forresti/seq-run-2/52918_AH7T7NBCX2_CTGCGAC_S1_L001_R1_001.fastp.decon.fastq.gz, in2=/scratch/gregg_thomas/Murinae-seq/02-Decon/Leggadina-forresti/seq-run-2/52918_AH7T7NBCX2_CTGCGAC_S1_L001_R2_001.fastp.decon.fastq.gz, rem, k=40, extend2=40, ecct, outu1=/scratch/gregg_thomas/Murinae-seq/03A-Merged/Leggadina-forresti/seq-run-2/52918_AH7T7NBCX2_CTGCGAC_S1_L001_R1_001.fastp.decon.unmerged.fastq.gz, outu2=/scratch/gregg_thomas/Murinae-seq/03A-Merged/Leggadina-forresti/seq-run-2/52918_AH7T7NBCX2_CTGCGAC_S1_L001_R2_001.fastp.decon.unmerged.fastq.gz, out=/scratch/gregg_thomas/Murinae-seq/03A-Merged/Leggadina-forresti/seq-run-2/52918_AH7T7NBCX2_CTGCGAC_S1_L001_001.fastp.decon.merged.fastq.gz]

Set threads to 1
Executing assemble.Tadpole2 [in=/scratch/gregg_thomas/Murinae-seq/02-Decon/Leggadina-forresti/seq-run-2/52918_AH7T7NBCX2_CTGCGAC_S1_L001_R1_001.fastp.decon.fastq.gz, in2=/scratch/gregg_thomas/Murinae-seq/02-Decon/Leggadina-forresti/seq-run-2/52918_AH7T7NBCX2_CTGCGAC_S1_L001_R2_001.fastp.decon.fastq.gz, branchlower=3, branchmult1=20.0, branchmult2=3.0, mincountseed=3, mincountextend=2, minprob=0.5, k=40, prealloc=false, prefilter=0, ecctail=false, eccpincer=false, eccreassemble=true]
Version 38.73

Using 1 threads.
Executing ukmer.KmerTableSetU [in=/scratch/gregg_thomas/Murinae-seq/02-Decon/Leggadina-forresti/seq-run-2/52918_AH7T7NBCX2_CTGCGAC_S1_L001_R1_001.fastp.decon.fastq.gz, in2=/scratch/gregg_thomas/Murinae-seq/02-Decon/Leggadina-forresti/seq-run-2/52918_AH7T7NBCX2_CTGCGAC_S1_L001_R2_001.fastp.decon.fastq.gz, branchlower=3, branchmult1=20.0, branchmult2=3.0, mincountseed=3, mincountextend=2, minprob=0.5, k=40, prealloc=false, prefilter=0, ecctail=false, eccpincer=false, eccreassemble=true]

Initial:
Ways=31, initialSize=128000, prefilter=f, prealloc=f
Memory: max=15435m, total=15435m, free=15112m, used=323m

Estimated kmer capacity: 	356759827
After table allocation:
Memory: max=15435m, total=15435m, free=14951m, used=484m

After loading:
Memory: max=15435m, total=15435m, free=6435m, used=9000m

Input:                      	10796804 reads 		1089070914 bases.
Unique Kmers:               	203933988
Load Time:                  	311.723 seconds.

Writing mergable reads merged.
Started output threads.
Total time: 1097.645 seconds.

Pairs:               	5398402
Joined:              	3218692   	59.623%
Ambiguous:           	2179616   	40.375%
No Solution:         	94       	0.002%
Too Short:           	0       	0.000%
Fully Extended:      	6351139   	58.146%
Partly Extended:     	1737580   	15.908%
Not Extended:        	2834093   	25.947%

Avg Insert:          	181.6
Standard Deviation:  	39.1
Mode:                	181

Insert range:        	35 - 271
90th percentile:     	236
75th percentile:     	210
50th percentile:     	179
25th percentile:     	153
10th percentile:     	132
