java -ea -Xmx15g -Xms15g -Djava.library.path=/home/gregg_thomas/bin/bbmap/jni/ -cp /home/gregg_thomas/bin/bbmap/current/ jgi.BBMerge -Xmx15g t=1 in1=/scratch/gregg_thomas/Murinae-seq/02-Decon/Lemniscomys-striatus/nextseq-paired-1/TCD4711_S16_R1_001.fastp.decon.fastq.gz in2=/scratch/gregg_thomas/Murinae-seq/02-Decon/Lemniscomys-striatus/nextseq-paired-1/TCD4711_S16_R2_001.fastp.decon.fastq.gz verystrict=t rem k=40 extend2=40 ecct outu1=/scratch/gregg_thomas/Murinae-seq/03A-Merged/Lemniscomys-striatus/nextseq-paired-1/TCD4711_S16_R1_001.fastp.decon.unmerged.fastq.gz outu2=/scratch/gregg_thomas/Murinae-seq/03A-Merged/Lemniscomys-striatus/nextseq-paired-1/TCD4711_S16_R2_001.fastp.decon.unmerged.fastq.gz out=/scratch/gregg_thomas/Murinae-seq/03A-Merged/Lemniscomys-striatus/nextseq-paired-1/TCD4711_S16_001.fastp.decon.merged.fastq.gz
Executing jgi.BBMerge [-Xmx15g, t=1, in1=/scratch/gregg_thomas/Murinae-seq/02-Decon/Lemniscomys-striatus/nextseq-paired-1/TCD4711_S16_R1_001.fastp.decon.fastq.gz, in2=/scratch/gregg_thomas/Murinae-seq/02-Decon/Lemniscomys-striatus/nextseq-paired-1/TCD4711_S16_R2_001.fastp.decon.fastq.gz, verystrict=t, rem, k=40, extend2=40, ecct, outu1=/scratch/gregg_thomas/Murinae-seq/03A-Merged/Lemniscomys-striatus/nextseq-paired-1/TCD4711_S16_R1_001.fastp.decon.unmerged.fastq.gz, outu2=/scratch/gregg_thomas/Murinae-seq/03A-Merged/Lemniscomys-striatus/nextseq-paired-1/TCD4711_S16_R2_001.fastp.decon.unmerged.fastq.gz, out=/scratch/gregg_thomas/Murinae-seq/03A-Merged/Lemniscomys-striatus/nextseq-paired-1/TCD4711_S16_001.fastp.decon.merged.fastq.gz]
Version 38.73

Revised arguments: [maxbad=4, margin=3, minqo=8, qualiters=2, ratiomode=t, flatmode=f, minentropy=52, minoverlap=12, minoverlap0=4, maxratio=0.05, ratiomargin=12, ratiooffset=0.5, ratiominoverlapreduction=4, efilter=2, pfilter=0.008, minsecondratio=0.16, minapproxoverlap=22, t=1, in1=/scratch/gregg_thomas/Murinae-seq/02-Decon/Lemniscomys-striatus/nextseq-paired-1/TCD4711_S16_R1_001.fastp.decon.fastq.gz, in2=/scratch/gregg_thomas/Murinae-seq/02-Decon/Lemniscomys-striatus/nextseq-paired-1/TCD4711_S16_R2_001.fastp.decon.fastq.gz, rem, k=40, extend2=40, ecct, outu1=/scratch/gregg_thomas/Murinae-seq/03A-Merged/Lemniscomys-striatus/nextseq-paired-1/TCD4711_S16_R1_001.fastp.decon.unmerged.fastq.gz, outu2=/scratch/gregg_thomas/Murinae-seq/03A-Merged/Lemniscomys-striatus/nextseq-paired-1/TCD4711_S16_R2_001.fastp.decon.unmerged.fastq.gz, out=/scratch/gregg_thomas/Murinae-seq/03A-Merged/Lemniscomys-striatus/nextseq-paired-1/TCD4711_S16_001.fastp.decon.merged.fastq.gz]

Set threads to 1
Executing assemble.Tadpole2 [in=/scratch/gregg_thomas/Murinae-seq/02-Decon/Lemniscomys-striatus/nextseq-paired-1/TCD4711_S16_R1_001.fastp.decon.fastq.gz, in2=/scratch/gregg_thomas/Murinae-seq/02-Decon/Lemniscomys-striatus/nextseq-paired-1/TCD4711_S16_R2_001.fastp.decon.fastq.gz, branchlower=3, branchmult1=20.0, branchmult2=3.0, mincountseed=3, mincountextend=2, minprob=0.5, k=40, prealloc=false, prefilter=0, ecctail=false, eccpincer=false, eccreassemble=true]
Version 38.73

Using 1 threads.
Executing ukmer.KmerTableSetU [in=/scratch/gregg_thomas/Murinae-seq/02-Decon/Lemniscomys-striatus/nextseq-paired-1/TCD4711_S16_R1_001.fastp.decon.fastq.gz, in2=/scratch/gregg_thomas/Murinae-seq/02-Decon/Lemniscomys-striatus/nextseq-paired-1/TCD4711_S16_R2_001.fastp.decon.fastq.gz, branchlower=3, branchmult1=20.0, branchmult2=3.0, mincountseed=3, mincountextend=2, minprob=0.5, k=40, prealloc=false, prefilter=0, ecctail=false, eccpincer=false, eccreassemble=true]

Initial:
Ways=31, initialSize=128000, prefilter=f, prealloc=f
Memory: max=15435m, total=15435m, free=15032m, used=403m

Estimated kmer capacity: 	356759827
After table allocation:
Memory: max=15435m, total=15435m, free=14951m, used=484m

After loading:
Memory: max=15435m, total=15435m, free=5035m, used=10400m

Input:                      	13737058 reads 		1029323349 bases.
Unique Kmers:               	181056309
Load Time:                  	385.839 seconds.

Writing mergable reads merged.
Started output threads.
Total time: 1459.710 seconds.

Pairs:               	6868529
Joined:              	2354349   	34.277%
Ambiguous:           	4514178   	65.723%
No Solution:         	2       	0.000%
Too Short:           	0       	0.000%
Fully Extended:      	6829618   	49.432%
Partly Extended:     	2386645   	17.274%
Not Extended:        	4599929   	33.294%

Avg Insert:          	161.0
Standard Deviation:  	28.8
Mode:                	165

Insert range:        	35 - 219
90th percentile:     	201
75th percentile:     	183
50th percentile:     	161
25th percentile:     	139
10th percentile:     	123
