java -ea -Xmx15g -Xms15g -Djava.library.path=/home/gregg_thomas/bin/bbmap/jni/ -cp /home/gregg_thomas/bin/bbmap/current/ jgi.BBMerge -Xmx15g t=1 in1=/scratch/gregg_thomas/Murinae-seq/02-Decon/Melasmothrix-naso/nextseq-paired-1/Z21808_S23_R1_001.fastp.decon.fastq.gz in2=/scratch/gregg_thomas/Murinae-seq/02-Decon/Melasmothrix-naso/nextseq-paired-1/Z21808_S23_R2_001.fastp.decon.fastq.gz verystrict=t rem k=40 extend2=40 ecct outu1=/scratch/gregg_thomas/Murinae-seq/03A-Merged/Melasmothrix-naso/nextseq-paired-1/Z21808_S23_R1_001.fastp.decon.unmerged.fastq.gz outu2=/scratch/gregg_thomas/Murinae-seq/03A-Merged/Melasmothrix-naso/nextseq-paired-1/Z21808_S23_R2_001.fastp.decon.unmerged.fastq.gz out=/scratch/gregg_thomas/Murinae-seq/03A-Merged/Melasmothrix-naso/nextseq-paired-1/Z21808_S23_001.fastp.decon.merged.fastq.gz
Executing jgi.BBMerge [-Xmx15g, t=1, in1=/scratch/gregg_thomas/Murinae-seq/02-Decon/Melasmothrix-naso/nextseq-paired-1/Z21808_S23_R1_001.fastp.decon.fastq.gz, in2=/scratch/gregg_thomas/Murinae-seq/02-Decon/Melasmothrix-naso/nextseq-paired-1/Z21808_S23_R2_001.fastp.decon.fastq.gz, verystrict=t, rem, k=40, extend2=40, ecct, outu1=/scratch/gregg_thomas/Murinae-seq/03A-Merged/Melasmothrix-naso/nextseq-paired-1/Z21808_S23_R1_001.fastp.decon.unmerged.fastq.gz, outu2=/scratch/gregg_thomas/Murinae-seq/03A-Merged/Melasmothrix-naso/nextseq-paired-1/Z21808_S23_R2_001.fastp.decon.unmerged.fastq.gz, out=/scratch/gregg_thomas/Murinae-seq/03A-Merged/Melasmothrix-naso/nextseq-paired-1/Z21808_S23_001.fastp.decon.merged.fastq.gz]
Version 38.73

Revised arguments: [maxbad=4, margin=3, minqo=8, qualiters=2, ratiomode=t, flatmode=f, minentropy=52, minoverlap=12, minoverlap0=4, maxratio=0.05, ratiomargin=12, ratiooffset=0.5, ratiominoverlapreduction=4, efilter=2, pfilter=0.008, minsecondratio=0.16, minapproxoverlap=22, t=1, in1=/scratch/gregg_thomas/Murinae-seq/02-Decon/Melasmothrix-naso/nextseq-paired-1/Z21808_S23_R1_001.fastp.decon.fastq.gz, in2=/scratch/gregg_thomas/Murinae-seq/02-Decon/Melasmothrix-naso/nextseq-paired-1/Z21808_S23_R2_001.fastp.decon.fastq.gz, rem, k=40, extend2=40, ecct, outu1=/scratch/gregg_thomas/Murinae-seq/03A-Merged/Melasmothrix-naso/nextseq-paired-1/Z21808_S23_R1_001.fastp.decon.unmerged.fastq.gz, outu2=/scratch/gregg_thomas/Murinae-seq/03A-Merged/Melasmothrix-naso/nextseq-paired-1/Z21808_S23_R2_001.fastp.decon.unmerged.fastq.gz, out=/scratch/gregg_thomas/Murinae-seq/03A-Merged/Melasmothrix-naso/nextseq-paired-1/Z21808_S23_001.fastp.decon.merged.fastq.gz]

Set threads to 1
Executing assemble.Tadpole2 [in=/scratch/gregg_thomas/Murinae-seq/02-Decon/Melasmothrix-naso/nextseq-paired-1/Z21808_S23_R1_001.fastp.decon.fastq.gz, in2=/scratch/gregg_thomas/Murinae-seq/02-Decon/Melasmothrix-naso/nextseq-paired-1/Z21808_S23_R2_001.fastp.decon.fastq.gz, branchlower=3, branchmult1=20.0, branchmult2=3.0, mincountseed=3, mincountextend=2, minprob=0.5, k=40, prealloc=false, prefilter=0, ecctail=false, eccpincer=false, eccreassemble=true]
Version 38.73

Using 1 threads.
Executing ukmer.KmerTableSetU [in=/scratch/gregg_thomas/Murinae-seq/02-Decon/Melasmothrix-naso/nextseq-paired-1/Z21808_S23_R1_001.fastp.decon.fastq.gz, in2=/scratch/gregg_thomas/Murinae-seq/02-Decon/Melasmothrix-naso/nextseq-paired-1/Z21808_S23_R2_001.fastp.decon.fastq.gz, branchlower=3, branchmult1=20.0, branchmult2=3.0, mincountseed=3, mincountextend=2, minprob=0.5, k=40, prealloc=false, prefilter=0, ecctail=false, eccpincer=false, eccreassemble=true]

Initial:
Ways=31, initialSize=128000, prefilter=f, prealloc=f
Memory: max=15435m, total=15435m, free=14951m, used=484m

Estimated kmer capacity: 	356759827
After table allocation:
Memory: max=15435m, total=15435m, free=14871m, used=564m

After loading:
Memory: max=15435m, total=15435m, free=5066m, used=10369m

Input:                      	13246892 reads 		992748787 bases.
Unique Kmers:               	178739964
Load Time:                  	360.580 seconds.

Writing mergable reads merged.
Started output threads.
Total time: 1252.879 seconds.

Pairs:               	6623446
Joined:              	2342291   	35.364%
Ambiguous:           	4281153   	64.636%
No Solution:         	2       	0.000%
Too Short:           	0       	0.000%
Fully Extended:      	6587788   	49.439%
Partly Extended:     	2376329   	17.834%
Not Extended:        	4360935   	32.727%

Avg Insert:          	160.7
Standard Deviation:  	29.1
Mode:                	160

Insert range:        	35 - 219
90th percentile:     	201
75th percentile:     	183
50th percentile:     	161
25th percentile:     	139
10th percentile:     	122
