java -ea -Xmx30g -Xms30g -Djava.library.path=/home/gregg_thomas/bin/bbmap/jni/ -cp /home/gregg_thomas/bin/bbmap/current/ jgi.BBMerge -Xmx30g t=1 in1=/scratch/gregg_thomas/Murinae-seq/02-Decon/Mirzamys-louiseae/hiseq4000-paired-1/SM051_CKDL190143344-1a-D706-AK1681_H7275BBXX_L3_R1_.fastp.decon.fastq.gz in2=/scratch/gregg_thomas/Murinae-seq/02-Decon/Mirzamys-louiseae/hiseq4000-paired-1/SM051_CKDL190143344-1a-D706-AK1681_H7275BBXX_L3_R2_.fastp.decon.fastq.gz verystrict=t rem k=40 extend2=40 ecct outu1=/scratch/gregg_thomas/Murinae-seq/03A-Merged/Mirzamys-louiseae/hiseq4000-paired-1/SM051_CKDL190143344-1a-D706-AK1681_H7275BBXX_L3_R1_.fastp.decon.unmerged.fastq.gz outu2=/scratch/gregg_thomas/Murinae-seq/03A-Merged/Mirzamys-louiseae/hiseq4000-paired-1/SM051_CKDL190143344-1a-D706-AK1681_H7275BBXX_L3_R2_.fastp.decon.unmerged.fastq.gz out=/scratch/gregg_thomas/Murinae-seq/03A-Merged/Mirzamys-louiseae/hiseq4000-paired-1/SM051_CKDL190143344-1a-D706-AK1681_H7275BBXX_L3_.fastp.decon.merged.fastq.gz
Executing jgi.BBMerge [-Xmx30g, t=1, in1=/scratch/gregg_thomas/Murinae-seq/02-Decon/Mirzamys-louiseae/hiseq4000-paired-1/SM051_CKDL190143344-1a-D706-AK1681_H7275BBXX_L3_R1_.fastp.decon.fastq.gz, in2=/scratch/gregg_thomas/Murinae-seq/02-Decon/Mirzamys-louiseae/hiseq4000-paired-1/SM051_CKDL190143344-1a-D706-AK1681_H7275BBXX_L3_R2_.fastp.decon.fastq.gz, verystrict=t, rem, k=40, extend2=40, ecct, outu1=/scratch/gregg_thomas/Murinae-seq/03A-Merged/Mirzamys-louiseae/hiseq4000-paired-1/SM051_CKDL190143344-1a-D706-AK1681_H7275BBXX_L3_R1_.fastp.decon.unmerged.fastq.gz, outu2=/scratch/gregg_thomas/Murinae-seq/03A-Merged/Mirzamys-louiseae/hiseq4000-paired-1/SM051_CKDL190143344-1a-D706-AK1681_H7275BBXX_L3_R2_.fastp.decon.unmerged.fastq.gz, out=/scratch/gregg_thomas/Murinae-seq/03A-Merged/Mirzamys-louiseae/hiseq4000-paired-1/SM051_CKDL190143344-1a-D706-AK1681_H7275BBXX_L3_.fastp.decon.merged.fastq.gz]
Version 38.73

Revised arguments: [maxbad=4, margin=3, minqo=8, qualiters=2, ratiomode=t, flatmode=f, minentropy=52, minoverlap=12, minoverlap0=4, maxratio=0.05, ratiomargin=12, ratiooffset=0.5, ratiominoverlapreduction=4, efilter=2, pfilter=0.008, minsecondratio=0.16, minapproxoverlap=22, t=1, in1=/scratch/gregg_thomas/Murinae-seq/02-Decon/Mirzamys-louiseae/hiseq4000-paired-1/SM051_CKDL190143344-1a-D706-AK1681_H7275BBXX_L3_R1_.fastp.decon.fastq.gz, in2=/scratch/gregg_thomas/Murinae-seq/02-Decon/Mirzamys-louiseae/hiseq4000-paired-1/SM051_CKDL190143344-1a-D706-AK1681_H7275BBXX_L3_R2_.fastp.decon.fastq.gz, rem, k=40, extend2=40, ecct, outu1=/scratch/gregg_thomas/Murinae-seq/03A-Merged/Mirzamys-louiseae/hiseq4000-paired-1/SM051_CKDL190143344-1a-D706-AK1681_H7275BBXX_L3_R1_.fastp.decon.unmerged.fastq.gz, outu2=/scratch/gregg_thomas/Murinae-seq/03A-Merged/Mirzamys-louiseae/hiseq4000-paired-1/SM051_CKDL190143344-1a-D706-AK1681_H7275BBXX_L3_R2_.fastp.decon.unmerged.fastq.gz, out=/scratch/gregg_thomas/Murinae-seq/03A-Merged/Mirzamys-louiseae/hiseq4000-paired-1/SM051_CKDL190143344-1a-D706-AK1681_H7275BBXX_L3_.fastp.decon.merged.fastq.gz]

Set threads to 1
Executing assemble.Tadpole2 [in=/scratch/gregg_thomas/Murinae-seq/02-Decon/Mirzamys-louiseae/hiseq4000-paired-1/SM051_CKDL190143344-1a-D706-AK1681_H7275BBXX_L3_R1_.fastp.decon.fastq.gz, in2=/scratch/gregg_thomas/Murinae-seq/02-Decon/Mirzamys-louiseae/hiseq4000-paired-1/SM051_CKDL190143344-1a-D706-AK1681_H7275BBXX_L3_R2_.fastp.decon.fastq.gz, branchlower=3, branchmult1=20.0, branchmult2=3.0, mincountseed=3, mincountextend=2, minprob=0.5, k=40, prealloc=false, prefilter=0, ecctail=false, eccpincer=false, eccreassemble=true]
Version 38.73

Using 1 threads.
Executing ukmer.KmerTableSetU [in=/scratch/gregg_thomas/Murinae-seq/02-Decon/Mirzamys-louiseae/hiseq4000-paired-1/SM051_CKDL190143344-1a-D706-AK1681_H7275BBXX_L3_R1_.fastp.decon.fastq.gz, in2=/scratch/gregg_thomas/Murinae-seq/02-Decon/Mirzamys-louiseae/hiseq4000-paired-1/SM051_CKDL190143344-1a-D706-AK1681_H7275BBXX_L3_R2_.fastp.decon.fastq.gz, branchlower=3, branchmult1=20.0, branchmult2=3.0, mincountseed=3, mincountextend=2, minprob=0.5, k=40, prealloc=false, prefilter=0, ecctail=false, eccpincer=false, eccreassemble=true]

Initial:
Ways=31, initialSize=128000, prefilter=f, prealloc=f
Memory: max=30870m, total=30870m, free=30064m, used=806m

Estimated kmer capacity: 	715752451
After table allocation:
Memory: max=30870m, total=30870m, free=29903m, used=967m

After loading:
Memory: max=30870m, total=30870m, free=12540m, used=18330m

Input:                      	41179886 reads 		6124118837 bases.
Unique Kmers:               	601719693
Load Time:                  	2929.469 seconds.

Writing mergable reads merged.
Started output threads.
Total time: 8484.637 seconds.

Pairs:               	20589943
Joined:              	13910528   	67.560%
Ambiguous:           	6669686   	32.393%
No Solution:         	9729       	0.047%
Too Short:           	0       	0.000%
Fully Extended:      	30395177   	72.767%
Partly Extended:     	5922702   	14.179%
Not Extended:        	5452833   	13.054%

Avg Insert:          	253.2
Standard Deviation:  	63.6
Mode:                	281

Insert range:        	35 - 369
90th percentile:     	335
75th percentile:     	303
50th percentile:     	259
25th percentile:     	208
10th percentile:     	163
