java -ea -Xmx15g -Xms15g -Djava.library.path=/home/gregg_thomas/bin/bbmap/jni/ -cp /home/gregg_thomas/bin/bbmap/current/ jgi.BBMerge -Xmx15g t=1 in1=/scratch/gregg_thomas/Murinae-seq/02-Decon/Mus-pos_ctrl_D2/hiseq4000-paired-2/M44_D11_CKDL190143345-1a-D711-AK1780_H7275BBXX_L4_R1_.fastp.decon.fastq.gz in2=/scratch/gregg_thomas/Murinae-seq/02-Decon/Mus-pos_ctrl_D2/hiseq4000-paired-2/M44_D11_CKDL190143345-1a-D711-AK1780_H7275BBXX_L4_R2_.fastp.decon.fastq.gz verystrict=t rem k=40 extend2=40 ecct outu1=/scratch/gregg_thomas/Murinae-seq/03A-Merged/Mus-pos_ctrl_D2/hiseq4000-paired-2/M44_D11_CKDL190143345-1a-D711-AK1780_H7275BBXX_L4_R1_.fastp.decon.unmerged.fastq.gz outu2=/scratch/gregg_thomas/Murinae-seq/03A-Merged/Mus-pos_ctrl_D2/hiseq4000-paired-2/M44_D11_CKDL190143345-1a-D711-AK1780_H7275BBXX_L4_R2_.fastp.decon.unmerged.fastq.gz out=/scratch/gregg_thomas/Murinae-seq/03A-Merged/Mus-pos_ctrl_D2/hiseq4000-paired-2/M44_D11_CKDL190143345-1a-D711-AK1780_H7275BBXX_L4_.fastp.decon.merged.fastq.gz
Executing jgi.BBMerge [-Xmx15g, t=1, in1=/scratch/gregg_thomas/Murinae-seq/02-Decon/Mus-pos_ctrl_D2/hiseq4000-paired-2/M44_D11_CKDL190143345-1a-D711-AK1780_H7275BBXX_L4_R1_.fastp.decon.fastq.gz, in2=/scratch/gregg_thomas/Murinae-seq/02-Decon/Mus-pos_ctrl_D2/hiseq4000-paired-2/M44_D11_CKDL190143345-1a-D711-AK1780_H7275BBXX_L4_R2_.fastp.decon.fastq.gz, verystrict=t, rem, k=40, extend2=40, ecct, outu1=/scratch/gregg_thomas/Murinae-seq/03A-Merged/Mus-pos_ctrl_D2/hiseq4000-paired-2/M44_D11_CKDL190143345-1a-D711-AK1780_H7275BBXX_L4_R1_.fastp.decon.unmerged.fastq.gz, outu2=/scratch/gregg_thomas/Murinae-seq/03A-Merged/Mus-pos_ctrl_D2/hiseq4000-paired-2/M44_D11_CKDL190143345-1a-D711-AK1780_H7275BBXX_L4_R2_.fastp.decon.unmerged.fastq.gz, out=/scratch/gregg_thomas/Murinae-seq/03A-Merged/Mus-pos_ctrl_D2/hiseq4000-paired-2/M44_D11_CKDL190143345-1a-D711-AK1780_H7275BBXX_L4_.fastp.decon.merged.fastq.gz]
Version 38.73

Revised arguments: [maxbad=4, margin=3, minqo=8, qualiters=2, ratiomode=t, flatmode=f, minentropy=52, minoverlap=12, minoverlap0=4, maxratio=0.05, ratiomargin=12, ratiooffset=0.5, ratiominoverlapreduction=4, efilter=2, pfilter=0.008, minsecondratio=0.16, minapproxoverlap=22, t=1, in1=/scratch/gregg_thomas/Murinae-seq/02-Decon/Mus-pos_ctrl_D2/hiseq4000-paired-2/M44_D11_CKDL190143345-1a-D711-AK1780_H7275BBXX_L4_R1_.fastp.decon.fastq.gz, in2=/scratch/gregg_thomas/Murinae-seq/02-Decon/Mus-pos_ctrl_D2/hiseq4000-paired-2/M44_D11_CKDL190143345-1a-D711-AK1780_H7275BBXX_L4_R2_.fastp.decon.fastq.gz, rem, k=40, extend2=40, ecct, outu1=/scratch/gregg_thomas/Murinae-seq/03A-Merged/Mus-pos_ctrl_D2/hiseq4000-paired-2/M44_D11_CKDL190143345-1a-D711-AK1780_H7275BBXX_L4_R1_.fastp.decon.unmerged.fastq.gz, outu2=/scratch/gregg_thomas/Murinae-seq/03A-Merged/Mus-pos_ctrl_D2/hiseq4000-paired-2/M44_D11_CKDL190143345-1a-D711-AK1780_H7275BBXX_L4_R2_.fastp.decon.unmerged.fastq.gz, out=/scratch/gregg_thomas/Murinae-seq/03A-Merged/Mus-pos_ctrl_D2/hiseq4000-paired-2/M44_D11_CKDL190143345-1a-D711-AK1780_H7275BBXX_L4_.fastp.decon.merged.fastq.gz]

Set threads to 1
Executing assemble.Tadpole2 [in=/scratch/gregg_thomas/Murinae-seq/02-Decon/Mus-pos_ctrl_D2/hiseq4000-paired-2/M44_D11_CKDL190143345-1a-D711-AK1780_H7275BBXX_L4_R1_.fastp.decon.fastq.gz, in2=/scratch/gregg_thomas/Murinae-seq/02-Decon/Mus-pos_ctrl_D2/hiseq4000-paired-2/M44_D11_CKDL190143345-1a-D711-AK1780_H7275BBXX_L4_R2_.fastp.decon.fastq.gz, branchlower=3, branchmult1=20.0, branchmult2=3.0, mincountseed=3, mincountextend=2, minprob=0.5, k=40, prealloc=false, prefilter=0, ecctail=false, eccpincer=false, eccreassemble=true]
Version 38.73

Using 1 threads.
Executing ukmer.KmerTableSetU [in=/scratch/gregg_thomas/Murinae-seq/02-Decon/Mus-pos_ctrl_D2/hiseq4000-paired-2/M44_D11_CKDL190143345-1a-D711-AK1780_H7275BBXX_L4_R1_.fastp.decon.fastq.gz, in2=/scratch/gregg_thomas/Murinae-seq/02-Decon/Mus-pos_ctrl_D2/hiseq4000-paired-2/M44_D11_CKDL190143345-1a-D711-AK1780_H7275BBXX_L4_R2_.fastp.decon.fastq.gz, branchlower=3, branchmult1=20.0, branchmult2=3.0, mincountseed=3, mincountextend=2, minprob=0.5, k=40, prealloc=false, prefilter=0, ecctail=false, eccpincer=false, eccreassemble=true]

Initial:
Ways=31, initialSize=128000, prefilter=f, prealloc=f
Memory: max=15435m, total=15435m, free=14951m, used=484m

Estimated kmer capacity: 	356759827
After table allocation:
Memory: max=15435m, total=15435m, free=14790m, used=645m

After loading:
Memory: max=15435m, total=15435m, free=7452m, used=7983m

Input:                      	1889702 reads 		280138990 bases.
Unique Kmers:               	75074340
Load Time:                  	151.909 seconds.

Writing mergable reads merged.
Started output threads.
Total time: 337.412 seconds.

Pairs:               	944851
Joined:              	492956   	52.173%
Ambiguous:           	451349   	47.769%
No Solution:         	546       	0.058%
Too Short:           	0       	0.000%
Fully Extended:      	740489   	38.659%
Partly Extended:     	335813   	17.532%
Not Extended:        	839138   	43.809%

Avg Insert:          	229.7
Standard Deviation:  	60.4
Mode:                	262

Insert range:        	35 - 369
90th percentile:     	308
75th percentile:     	273
50th percentile:     	233
25th percentile:     	186
10th percentile:     	148
