java -ea -Xmx20g -Xms20g -Djava.library.path=/home/gregg_thomas/bin/bbmap/jni/ -cp /home/gregg_thomas/bin/bbmap/current/ jgi.BBMerge -Xmx20g t=1 in1=/scratch/gregg_thomas/Murinae-seq/02-Decon/Notomys-amplus/seq-run-2/53926_HTVLWBCX2_TTGGATC_S14_L001_R1_001.fastp.decon.fastq.gz in2=/scratch/gregg_thomas/Murinae-seq/02-Decon/Notomys-amplus/seq-run-2/53926_HTVLWBCX2_TTGGATC_S14_L001_R2_001.fastp.decon.fastq.gz verystrict=t rem k=40 extend2=40 ecct outu1=/scratch/gregg_thomas/Murinae-seq/03A-Merged/Notomys-amplus/seq-run-2/53926_HTVLWBCX2_TTGGATC_S14_L001_R1_001.fastp.decon.unmerged.fastq.gz outu2=/scratch/gregg_thomas/Murinae-seq/03A-Merged/Notomys-amplus/seq-run-2/53926_HTVLWBCX2_TTGGATC_S14_L001_R2_001.fastp.decon.unmerged.fastq.gz out=/scratch/gregg_thomas/Murinae-seq/03A-Merged/Notomys-amplus/seq-run-2/53926_HTVLWBCX2_TTGGATC_S14_L001_001.fastp.decon.merged.fastq.gz
Executing jgi.BBMerge [-Xmx20g, t=1, in1=/scratch/gregg_thomas/Murinae-seq/02-Decon/Notomys-amplus/seq-run-2/53926_HTVLWBCX2_TTGGATC_S14_L001_R1_001.fastp.decon.fastq.gz, in2=/scratch/gregg_thomas/Murinae-seq/02-Decon/Notomys-amplus/seq-run-2/53926_HTVLWBCX2_TTGGATC_S14_L001_R2_001.fastp.decon.fastq.gz, verystrict=t, rem, k=40, extend2=40, ecct, outu1=/scratch/gregg_thomas/Murinae-seq/03A-Merged/Notomys-amplus/seq-run-2/53926_HTVLWBCX2_TTGGATC_S14_L001_R1_001.fastp.decon.unmerged.fastq.gz, outu2=/scratch/gregg_thomas/Murinae-seq/03A-Merged/Notomys-amplus/seq-run-2/53926_HTVLWBCX2_TTGGATC_S14_L001_R2_001.fastp.decon.unmerged.fastq.gz, out=/scratch/gregg_thomas/Murinae-seq/03A-Merged/Notomys-amplus/seq-run-2/53926_HTVLWBCX2_TTGGATC_S14_L001_001.fastp.decon.merged.fastq.gz]
Version 38.73

Revised arguments: [maxbad=4, margin=3, minqo=8, qualiters=2, ratiomode=t, flatmode=f, minentropy=52, minoverlap=12, minoverlap0=4, maxratio=0.05, ratiomargin=12, ratiooffset=0.5, ratiominoverlapreduction=4, efilter=2, pfilter=0.008, minsecondratio=0.16, minapproxoverlap=22, t=1, in1=/scratch/gregg_thomas/Murinae-seq/02-Decon/Notomys-amplus/seq-run-2/53926_HTVLWBCX2_TTGGATC_S14_L001_R1_001.fastp.decon.fastq.gz, in2=/scratch/gregg_thomas/Murinae-seq/02-Decon/Notomys-amplus/seq-run-2/53926_HTVLWBCX2_TTGGATC_S14_L001_R2_001.fastp.decon.fastq.gz, rem, k=40, extend2=40, ecct, outu1=/scratch/gregg_thomas/Murinae-seq/03A-Merged/Notomys-amplus/seq-run-2/53926_HTVLWBCX2_TTGGATC_S14_L001_R1_001.fastp.decon.unmerged.fastq.gz, outu2=/scratch/gregg_thomas/Murinae-seq/03A-Merged/Notomys-amplus/seq-run-2/53926_HTVLWBCX2_TTGGATC_S14_L001_R2_001.fastp.decon.unmerged.fastq.gz, out=/scratch/gregg_thomas/Murinae-seq/03A-Merged/Notomys-amplus/seq-run-2/53926_HTVLWBCX2_TTGGATC_S14_L001_001.fastp.decon.merged.fastq.gz]

Set threads to 1
Executing assemble.Tadpole2 [in=/scratch/gregg_thomas/Murinae-seq/02-Decon/Notomys-amplus/seq-run-2/53926_HTVLWBCX2_TTGGATC_S14_L001_R1_001.fastp.decon.fastq.gz, in2=/scratch/gregg_thomas/Murinae-seq/02-Decon/Notomys-amplus/seq-run-2/53926_HTVLWBCX2_TTGGATC_S14_L001_R2_001.fastp.decon.fastq.gz, branchlower=3, branchmult1=20.0, branchmult2=3.0, mincountseed=3, mincountextend=2, minprob=0.5, k=40, prealloc=false, prefilter=0, ecctail=false, eccpincer=false, eccreassemble=true]
Version 38.73

Using 1 threads.
Executing ukmer.KmerTableSetU [in=/scratch/gregg_thomas/Murinae-seq/02-Decon/Notomys-amplus/seq-run-2/53926_HTVLWBCX2_TTGGATC_S14_L001_R1_001.fastp.decon.fastq.gz, in2=/scratch/gregg_thomas/Murinae-seq/02-Decon/Notomys-amplus/seq-run-2/53926_HTVLWBCX2_TTGGATC_S14_L001_R2_001.fastp.decon.fastq.gz, branchlower=3, branchmult1=20.0, branchmult2=3.0, mincountseed=3, mincountextend=2, minprob=0.5, k=40, prealloc=false, prefilter=0, ecctail=false, eccpincer=false, eccreassemble=true]

Initial:
Ways=31, initialSize=128000, prefilter=f, prealloc=f
Memory: max=20580m, total=20580m, free=20043m, used=537m

Estimated kmer capacity: 	476432165
After table allocation:
Memory: max=20580m, total=20580m, free=19828m, used=752m

After loading:
Memory: max=20446m, total=20446m, free=8502m, used=11944m

Input:                      	33515932 reads 		2980943976 bases.
Unique Kmers:               	427938371
Load Time:                  	1047.754 seconds.

Writing mergable reads merged.
Started output threads.
Total time: 3589.112 seconds.

Pairs:               	16757966
Joined:              	13349003   	79.658%
Ambiguous:           	3386523   	20.208%
No Solution:         	22440   	0.134%
Too Short:           	0       	0.000%
Fully Extended:      	11841305   	33.360%
Partly Extended:     	10156417   	28.613%
Not Extended:        	13498034   	38.027%

Avg Insert:          	97.3
Standard Deviation:  	26.3
Mode:                	93

Insert range:        	35 - 271
90th percentile:     	131
75th percentile:     	113
50th percentile:     	95
25th percentile:     	80
10th percentile:     	66
