java -ea -Xmx15g -Xms15g -Djava.library.path=/home/gregg_thomas/bin/bbmap/jni/ -cp /home/gregg_thomas/bin/bbmap/current/ jgi.BBMerge -Xmx15g t=1 in1=/scratch/gregg_thomas/Murinae-seq/02-Decon/Notomys-alexis/seq-run-1/52920_AH7T2JBCX2_ATACTGA_S3_L001_R1_001.fastp.decon.fastq.gz in2=/scratch/gregg_thomas/Murinae-seq/02-Decon/Notomys-alexis/seq-run-1/52920_AH7T2JBCX2_ATACTGA_S3_L001_R2_001.fastp.decon.fastq.gz verystrict=t rem k=40 extend2=40 ecct outu1=/scratch/gregg_thomas/Murinae-seq/03A-Merged/Notomys-alexis/seq-run-1/52920_AH7T2JBCX2_ATACTGA_S3_L001_R1_001.fastp.decon.unmerged.fastq.gz outu2=/scratch/gregg_thomas/Murinae-seq/03A-Merged/Notomys-alexis/seq-run-1/52920_AH7T2JBCX2_ATACTGA_S3_L001_R2_001.fastp.decon.unmerged.fastq.gz out=/scratch/gregg_thomas/Murinae-seq/03A-Merged/Notomys-alexis/seq-run-1/52920_AH7T2JBCX2_ATACTGA_S3_L001_001.fastp.decon.merged.fastq.gz
Executing jgi.BBMerge [-Xmx15g, t=1, in1=/scratch/gregg_thomas/Murinae-seq/02-Decon/Notomys-alexis/seq-run-1/52920_AH7T2JBCX2_ATACTGA_S3_L001_R1_001.fastp.decon.fastq.gz, in2=/scratch/gregg_thomas/Murinae-seq/02-Decon/Notomys-alexis/seq-run-1/52920_AH7T2JBCX2_ATACTGA_S3_L001_R2_001.fastp.decon.fastq.gz, verystrict=t, rem, k=40, extend2=40, ecct, outu1=/scratch/gregg_thomas/Murinae-seq/03A-Merged/Notomys-alexis/seq-run-1/52920_AH7T2JBCX2_ATACTGA_S3_L001_R1_001.fastp.decon.unmerged.fastq.gz, outu2=/scratch/gregg_thomas/Murinae-seq/03A-Merged/Notomys-alexis/seq-run-1/52920_AH7T2JBCX2_ATACTGA_S3_L001_R2_001.fastp.decon.unmerged.fastq.gz, out=/scratch/gregg_thomas/Murinae-seq/03A-Merged/Notomys-alexis/seq-run-1/52920_AH7T2JBCX2_ATACTGA_S3_L001_001.fastp.decon.merged.fastq.gz]
Version 38.73

Revised arguments: [maxbad=4, margin=3, minqo=8, qualiters=2, ratiomode=t, flatmode=f, minentropy=52, minoverlap=12, minoverlap0=4, maxratio=0.05, ratiomargin=12, ratiooffset=0.5, ratiominoverlapreduction=4, efilter=2, pfilter=0.008, minsecondratio=0.16, minapproxoverlap=22, t=1, in1=/scratch/gregg_thomas/Murinae-seq/02-Decon/Notomys-alexis/seq-run-1/52920_AH7T2JBCX2_ATACTGA_S3_L001_R1_001.fastp.decon.fastq.gz, in2=/scratch/gregg_thomas/Murinae-seq/02-Decon/Notomys-alexis/seq-run-1/52920_AH7T2JBCX2_ATACTGA_S3_L001_R2_001.fastp.decon.fastq.gz, rem, k=40, extend2=40, ecct, outu1=/scratch/gregg_thomas/Murinae-seq/03A-Merged/Notomys-alexis/seq-run-1/52920_AH7T2JBCX2_ATACTGA_S3_L001_R1_001.fastp.decon.unmerged.fastq.gz, outu2=/scratch/gregg_thomas/Murinae-seq/03A-Merged/Notomys-alexis/seq-run-1/52920_AH7T2JBCX2_ATACTGA_S3_L001_R2_001.fastp.decon.unmerged.fastq.gz, out=/scratch/gregg_thomas/Murinae-seq/03A-Merged/Notomys-alexis/seq-run-1/52920_AH7T2JBCX2_ATACTGA_S3_L001_001.fastp.decon.merged.fastq.gz]

Set threads to 1
Executing assemble.Tadpole2 [in=/scratch/gregg_thomas/Murinae-seq/02-Decon/Notomys-alexis/seq-run-1/52920_AH7T2JBCX2_ATACTGA_S3_L001_R1_001.fastp.decon.fastq.gz, in2=/scratch/gregg_thomas/Murinae-seq/02-Decon/Notomys-alexis/seq-run-1/52920_AH7T2JBCX2_ATACTGA_S3_L001_R2_001.fastp.decon.fastq.gz, branchlower=3, branchmult1=20.0, branchmult2=3.0, mincountseed=3, mincountextend=2, minprob=0.5, k=40, prealloc=false, prefilter=0, ecctail=false, eccpincer=false, eccreassemble=true]
Version 38.73

Using 1 threads.
Executing ukmer.KmerTableSetU [in=/scratch/gregg_thomas/Murinae-seq/02-Decon/Notomys-alexis/seq-run-1/52920_AH7T2JBCX2_ATACTGA_S3_L001_R1_001.fastp.decon.fastq.gz, in2=/scratch/gregg_thomas/Murinae-seq/02-Decon/Notomys-alexis/seq-run-1/52920_AH7T2JBCX2_ATACTGA_S3_L001_R2_001.fastp.decon.fastq.gz, branchlower=3, branchmult1=20.0, branchmult2=3.0, mincountseed=3, mincountextend=2, minprob=0.5, k=40, prealloc=false, prefilter=0, ecctail=false, eccpincer=false, eccreassemble=true]

Initial:
Ways=31, initialSize=128000, prefilter=f, prealloc=f
Memory: max=15435m, total=15435m, free=15032m, used=403m

Estimated kmer capacity: 	356759827
After table allocation:
Memory: max=15435m, total=15435m, free=14871m, used=564m

After loading:
Memory: max=15435m, total=15435m, free=6729m, used=8706m

Input:                      	16894858 reads 		1703044609 bases.
Unique Kmers:               	282222481
Load Time:                  	472.575 seconds.

Writing mergable reads merged.
Started output threads.
Total time: 1722.365 seconds.

Pairs:               	8447429
Joined:              	4743659   	56.155%
Ambiguous:           	3703625   	43.843%
No Solution:         	145       	0.002%
Too Short:           	0       	0.000%
Fully Extended:      	9527811   	55.785%
Partly Extended:     	3470585   	20.320%
Not Extended:        	4081118   	23.895%

Avg Insert:          	179.6
Standard Deviation:  	39.6
Mode:                	164

Insert range:        	35 - 271
90th percentile:     	235
75th percentile:     	208
50th percentile:     	177
25th percentile:     	152
10th percentile:     	129
