java -ea -Xmx30g -Xms30g -Djava.library.path=/home/gregg_thomas/bin/bbmap/jni/ -cp /home/gregg_thomas/bin/bbmap/current/ jgi.BBMerge -Xmx30g t=1 in1=/scratch/gregg_thomas/Murinae-seq/02-Decon/Paraleptomys-sp/hiseq4000-paired-1/SM065_CKDL190143344-1a-D706-AK1682_H7275BBXX_L3_R1_.fastp.decon.fastq.gz in2=/scratch/gregg_thomas/Murinae-seq/02-Decon/Paraleptomys-sp/hiseq4000-paired-1/SM065_CKDL190143344-1a-D706-AK1682_H7275BBXX_L3_R2_.fastp.decon.fastq.gz verystrict=t rem k=40 extend2=40 ecct outu1=/scratch/gregg_thomas/Murinae-seq/03A-Merged/Paraleptomys-sp/hiseq4000-paired-1/SM065_CKDL190143344-1a-D706-AK1682_H7275BBXX_L3_R1_.fastp.decon.unmerged.fastq.gz outu2=/scratch/gregg_thomas/Murinae-seq/03A-Merged/Paraleptomys-sp/hiseq4000-paired-1/SM065_CKDL190143344-1a-D706-AK1682_H7275BBXX_L3_R2_.fastp.decon.unmerged.fastq.gz out=/scratch/gregg_thomas/Murinae-seq/03A-Merged/Paraleptomys-sp/hiseq4000-paired-1/SM065_CKDL190143344-1a-D706-AK1682_H7275BBXX_L3_.fastp.decon.merged.fastq.gz
Executing jgi.BBMerge [-Xmx30g, t=1, in1=/scratch/gregg_thomas/Murinae-seq/02-Decon/Paraleptomys-sp/hiseq4000-paired-1/SM065_CKDL190143344-1a-D706-AK1682_H7275BBXX_L3_R1_.fastp.decon.fastq.gz, in2=/scratch/gregg_thomas/Murinae-seq/02-Decon/Paraleptomys-sp/hiseq4000-paired-1/SM065_CKDL190143344-1a-D706-AK1682_H7275BBXX_L3_R2_.fastp.decon.fastq.gz, verystrict=t, rem, k=40, extend2=40, ecct, outu1=/scratch/gregg_thomas/Murinae-seq/03A-Merged/Paraleptomys-sp/hiseq4000-paired-1/SM065_CKDL190143344-1a-D706-AK1682_H7275BBXX_L3_R1_.fastp.decon.unmerged.fastq.gz, outu2=/scratch/gregg_thomas/Murinae-seq/03A-Merged/Paraleptomys-sp/hiseq4000-paired-1/SM065_CKDL190143344-1a-D706-AK1682_H7275BBXX_L3_R2_.fastp.decon.unmerged.fastq.gz, out=/scratch/gregg_thomas/Murinae-seq/03A-Merged/Paraleptomys-sp/hiseq4000-paired-1/SM065_CKDL190143344-1a-D706-AK1682_H7275BBXX_L3_.fastp.decon.merged.fastq.gz]
Version 38.73

Revised arguments: [maxbad=4, margin=3, minqo=8, qualiters=2, ratiomode=t, flatmode=f, minentropy=52, minoverlap=12, minoverlap0=4, maxratio=0.05, ratiomargin=12, ratiooffset=0.5, ratiominoverlapreduction=4, efilter=2, pfilter=0.008, minsecondratio=0.16, minapproxoverlap=22, t=1, in1=/scratch/gregg_thomas/Murinae-seq/02-Decon/Paraleptomys-sp/hiseq4000-paired-1/SM065_CKDL190143344-1a-D706-AK1682_H7275BBXX_L3_R1_.fastp.decon.fastq.gz, in2=/scratch/gregg_thomas/Murinae-seq/02-Decon/Paraleptomys-sp/hiseq4000-paired-1/SM065_CKDL190143344-1a-D706-AK1682_H7275BBXX_L3_R2_.fastp.decon.fastq.gz, rem, k=40, extend2=40, ecct, outu1=/scratch/gregg_thomas/Murinae-seq/03A-Merged/Paraleptomys-sp/hiseq4000-paired-1/SM065_CKDL190143344-1a-D706-AK1682_H7275BBXX_L3_R1_.fastp.decon.unmerged.fastq.gz, outu2=/scratch/gregg_thomas/Murinae-seq/03A-Merged/Paraleptomys-sp/hiseq4000-paired-1/SM065_CKDL190143344-1a-D706-AK1682_H7275BBXX_L3_R2_.fastp.decon.unmerged.fastq.gz, out=/scratch/gregg_thomas/Murinae-seq/03A-Merged/Paraleptomys-sp/hiseq4000-paired-1/SM065_CKDL190143344-1a-D706-AK1682_H7275BBXX_L3_.fastp.decon.merged.fastq.gz]

Set threads to 1
Executing assemble.Tadpole2 [in=/scratch/gregg_thomas/Murinae-seq/02-Decon/Paraleptomys-sp/hiseq4000-paired-1/SM065_CKDL190143344-1a-D706-AK1682_H7275BBXX_L3_R1_.fastp.decon.fastq.gz, in2=/scratch/gregg_thomas/Murinae-seq/02-Decon/Paraleptomys-sp/hiseq4000-paired-1/SM065_CKDL190143344-1a-D706-AK1682_H7275BBXX_L3_R2_.fastp.decon.fastq.gz, branchlower=3, branchmult1=20.0, branchmult2=3.0, mincountseed=3, mincountextend=2, minprob=0.5, k=40, prealloc=false, prefilter=0, ecctail=false, eccpincer=false, eccreassemble=true]
Version 38.73

Using 1 threads.
Executing ukmer.KmerTableSetU [in=/scratch/gregg_thomas/Murinae-seq/02-Decon/Paraleptomys-sp/hiseq4000-paired-1/SM065_CKDL190143344-1a-D706-AK1682_H7275BBXX_L3_R1_.fastp.decon.fastq.gz, in2=/scratch/gregg_thomas/Murinae-seq/02-Decon/Paraleptomys-sp/hiseq4000-paired-1/SM065_CKDL190143344-1a-D706-AK1682_H7275BBXX_L3_R2_.fastp.decon.fastq.gz, branchlower=3, branchmult1=20.0, branchmult2=3.0, mincountseed=3, mincountextend=2, minprob=0.5, k=40, prealloc=false, prefilter=0, ecctail=false, eccpincer=false, eccreassemble=true]

Initial:
Ways=31, initialSize=128000, prefilter=f, prealloc=f
Memory: max=30870m, total=30870m, free=30064m, used=806m

Estimated kmer capacity: 	715752451
After table allocation:
Memory: max=30870m, total=30870m, free=29903m, used=967m

After loading:
Memory: max=30870m, total=30870m, free=12259m, used=18611m

Input:                      	41234984 reads 		6100713844 bases.
Unique Kmers:               	597666856
Load Time:                  	2940.617 seconds.

Writing mergable reads merged.
Started output threads.
Total time: 8806.708 seconds.

Pairs:               	20617492
Joined:              	14969910   	72.608%
Ambiguous:           	5634776   	27.330%
No Solution:         	12806   	0.062%
Too Short:           	0       	0.000%
Fully Extended:      	29924294   	71.345%
Partly Extended:     	6489143   	15.471%
Not Extended:        	5529727   	13.184%

Avg Insert:          	240.9
Standard Deviation:  	66.4
Mode:                	263

Insert range:        	35 - 369
90th percentile:     	329
75th percentile:     	294
50th percentile:     	244
25th percentile:     	190
10th percentile:     	149
