java -ea -Xmx30g -Xms30g -Djava.library.path=/home/gregg_thomas/bin/bbmap/jni/ -cp /home/gregg_thomas/bin/bbmap/current/ jgi.BBMerge -Xmx30g t=1 in1=/scratch/gregg_thomas/Murinae-seq/02-Decon/Pelomys-isseli/hiseq4000-paired-1/SM068_CKDL190143343-1a-D708-AK1681_H7275BBXX_L2_R1_.fastp.decon.fastq.gz in2=/scratch/gregg_thomas/Murinae-seq/02-Decon/Pelomys-isseli/hiseq4000-paired-1/SM068_CKDL190143343-1a-D708-AK1681_H7275BBXX_L2_R2_.fastp.decon.fastq.gz verystrict=t rem k=40 extend2=40 ecct outu1=/scratch/gregg_thomas/Murinae-seq/03A-Merged/Pelomys-isseli/hiseq4000-paired-1/SM068_CKDL190143343-1a-D708-AK1681_H7275BBXX_L2_R1_.fastp.decon.unmerged.fastq.gz outu2=/scratch/gregg_thomas/Murinae-seq/03A-Merged/Pelomys-isseli/hiseq4000-paired-1/SM068_CKDL190143343-1a-D708-AK1681_H7275BBXX_L2_R2_.fastp.decon.unmerged.fastq.gz out=/scratch/gregg_thomas/Murinae-seq/03A-Merged/Pelomys-isseli/hiseq4000-paired-1/SM068_CKDL190143343-1a-D708-AK1681_H7275BBXX_L2_.fastp.decon.merged.fastq.gz
Executing jgi.BBMerge [-Xmx30g, t=1, in1=/scratch/gregg_thomas/Murinae-seq/02-Decon/Pelomys-isseli/hiseq4000-paired-1/SM068_CKDL190143343-1a-D708-AK1681_H7275BBXX_L2_R1_.fastp.decon.fastq.gz, in2=/scratch/gregg_thomas/Murinae-seq/02-Decon/Pelomys-isseli/hiseq4000-paired-1/SM068_CKDL190143343-1a-D708-AK1681_H7275BBXX_L2_R2_.fastp.decon.fastq.gz, verystrict=t, rem, k=40, extend2=40, ecct, outu1=/scratch/gregg_thomas/Murinae-seq/03A-Merged/Pelomys-isseli/hiseq4000-paired-1/SM068_CKDL190143343-1a-D708-AK1681_H7275BBXX_L2_R1_.fastp.decon.unmerged.fastq.gz, outu2=/scratch/gregg_thomas/Murinae-seq/03A-Merged/Pelomys-isseli/hiseq4000-paired-1/SM068_CKDL190143343-1a-D708-AK1681_H7275BBXX_L2_R2_.fastp.decon.unmerged.fastq.gz, out=/scratch/gregg_thomas/Murinae-seq/03A-Merged/Pelomys-isseli/hiseq4000-paired-1/SM068_CKDL190143343-1a-D708-AK1681_H7275BBXX_L2_.fastp.decon.merged.fastq.gz]
Version 38.73

Revised arguments: [maxbad=4, margin=3, minqo=8, qualiters=2, ratiomode=t, flatmode=f, minentropy=52, minoverlap=12, minoverlap0=4, maxratio=0.05, ratiomargin=12, ratiooffset=0.5, ratiominoverlapreduction=4, efilter=2, pfilter=0.008, minsecondratio=0.16, minapproxoverlap=22, t=1, in1=/scratch/gregg_thomas/Murinae-seq/02-Decon/Pelomys-isseli/hiseq4000-paired-1/SM068_CKDL190143343-1a-D708-AK1681_H7275BBXX_L2_R1_.fastp.decon.fastq.gz, in2=/scratch/gregg_thomas/Murinae-seq/02-Decon/Pelomys-isseli/hiseq4000-paired-1/SM068_CKDL190143343-1a-D708-AK1681_H7275BBXX_L2_R2_.fastp.decon.fastq.gz, rem, k=40, extend2=40, ecct, outu1=/scratch/gregg_thomas/Murinae-seq/03A-Merged/Pelomys-isseli/hiseq4000-paired-1/SM068_CKDL190143343-1a-D708-AK1681_H7275BBXX_L2_R1_.fastp.decon.unmerged.fastq.gz, outu2=/scratch/gregg_thomas/Murinae-seq/03A-Merged/Pelomys-isseli/hiseq4000-paired-1/SM068_CKDL190143343-1a-D708-AK1681_H7275BBXX_L2_R2_.fastp.decon.unmerged.fastq.gz, out=/scratch/gregg_thomas/Murinae-seq/03A-Merged/Pelomys-isseli/hiseq4000-paired-1/SM068_CKDL190143343-1a-D708-AK1681_H7275BBXX_L2_.fastp.decon.merged.fastq.gz]

Set threads to 1
Executing assemble.Tadpole2 [in=/scratch/gregg_thomas/Murinae-seq/02-Decon/Pelomys-isseli/hiseq4000-paired-1/SM068_CKDL190143343-1a-D708-AK1681_H7275BBXX_L2_R1_.fastp.decon.fastq.gz, in2=/scratch/gregg_thomas/Murinae-seq/02-Decon/Pelomys-isseli/hiseq4000-paired-1/SM068_CKDL190143343-1a-D708-AK1681_H7275BBXX_L2_R2_.fastp.decon.fastq.gz, branchlower=3, branchmult1=20.0, branchmult2=3.0, mincountseed=3, mincountextend=2, minprob=0.5, k=40, prealloc=false, prefilter=0, ecctail=false, eccpincer=false, eccreassemble=true]
Version 38.73

Using 1 threads.
Executing ukmer.KmerTableSetU [in=/scratch/gregg_thomas/Murinae-seq/02-Decon/Pelomys-isseli/hiseq4000-paired-1/SM068_CKDL190143343-1a-D708-AK1681_H7275BBXX_L2_R1_.fastp.decon.fastq.gz, in2=/scratch/gregg_thomas/Murinae-seq/02-Decon/Pelomys-isseli/hiseq4000-paired-1/SM068_CKDL190143343-1a-D708-AK1681_H7275BBXX_L2_R2_.fastp.decon.fastq.gz, branchlower=3, branchmult1=20.0, branchmult2=3.0, mincountseed=3, mincountextend=2, minprob=0.5, k=40, prealloc=false, prefilter=0, ecctail=false, eccpincer=false, eccreassemble=true]

Initial:
Ways=31, initialSize=128000, prefilter=f, prealloc=f
Memory: max=30870m, total=30870m, free=30225m, used=645m

Estimated kmer capacity: 	715752451
After table allocation:
Memory: max=30870m, total=30870m, free=29903m, used=967m

After loading:
Memory: max=30870m, total=30870m, free=14598m, used=16272m

Input:                      	37612216 reads 		5615329107 bases.
Unique Kmers:               	556599675
Load Time:                  	2871.344 seconds.

Writing mergable reads merged.
Started output threads.
Total time: 8345.382 seconds.

Pairs:               	18806108
Joined:              	12014347   	63.885%
Ambiguous:           	6784015   	36.073%
No Solution:         	7746       	0.041%
Too Short:           	0       	0.000%
Fully Extended:      	27804092   	72.888%
Partly Extended:     	5380629   	14.105%
Not Extended:        	4961587   	13.007%

Avg Insert:          	261.6
Standard Deviation:  	59.6
Mode:                	281

Insert range:        	35 - 369
90th percentile:     	339
75th percentile:     	308
50th percentile:     	266
25th percentile:     	220
10th percentile:     	179
