java -ea -Xmx30g -Xms30g -Djava.library.path=/home/gregg_thomas/bin/bbmap/jni/ -cp /home/gregg_thomas/bin/bbmap/current/ jgi.BBMerge -Xmx30g t=1 in1=/scratch/gregg_thomas/Murinae-seq/02-Decon/Pogonomelomys-bruijni/hiseq4000-paired-1/REC26_CKDL190143344-1a-D704-AK1546_H7275BBXX_L3_R1_.fastp.decon.fastq.gz in2=/scratch/gregg_thomas/Murinae-seq/02-Decon/Pogonomelomys-bruijni/hiseq4000-paired-1/REC26_CKDL190143344-1a-D704-AK1546_H7275BBXX_L3_R2_.fastp.decon.fastq.gz verystrict=t rem k=40 extend2=40 ecct outu1=/scratch/gregg_thomas/Murinae-seq/03A-Merged/Pogonomelomys-bruijni/hiseq4000-paired-1/REC26_CKDL190143344-1a-D704-AK1546_H7275BBXX_L3_R1_.fastp.decon.unmerged.fastq.gz outu2=/scratch/gregg_thomas/Murinae-seq/03A-Merged/Pogonomelomys-bruijni/hiseq4000-paired-1/REC26_CKDL190143344-1a-D704-AK1546_H7275BBXX_L3_R2_.fastp.decon.unmerged.fastq.gz out=/scratch/gregg_thomas/Murinae-seq/03A-Merged/Pogonomelomys-bruijni/hiseq4000-paired-1/REC26_CKDL190143344-1a-D704-AK1546_H7275BBXX_L3_.fastp.decon.merged.fastq.gz
Executing jgi.BBMerge [-Xmx30g, t=1, in1=/scratch/gregg_thomas/Murinae-seq/02-Decon/Pogonomelomys-bruijni/hiseq4000-paired-1/REC26_CKDL190143344-1a-D704-AK1546_H7275BBXX_L3_R1_.fastp.decon.fastq.gz, in2=/scratch/gregg_thomas/Murinae-seq/02-Decon/Pogonomelomys-bruijni/hiseq4000-paired-1/REC26_CKDL190143344-1a-D704-AK1546_H7275BBXX_L3_R2_.fastp.decon.fastq.gz, verystrict=t, rem, k=40, extend2=40, ecct, outu1=/scratch/gregg_thomas/Murinae-seq/03A-Merged/Pogonomelomys-bruijni/hiseq4000-paired-1/REC26_CKDL190143344-1a-D704-AK1546_H7275BBXX_L3_R1_.fastp.decon.unmerged.fastq.gz, outu2=/scratch/gregg_thomas/Murinae-seq/03A-Merged/Pogonomelomys-bruijni/hiseq4000-paired-1/REC26_CKDL190143344-1a-D704-AK1546_H7275BBXX_L3_R2_.fastp.decon.unmerged.fastq.gz, out=/scratch/gregg_thomas/Murinae-seq/03A-Merged/Pogonomelomys-bruijni/hiseq4000-paired-1/REC26_CKDL190143344-1a-D704-AK1546_H7275BBXX_L3_.fastp.decon.merged.fastq.gz]
Version 38.73

Revised arguments: [maxbad=4, margin=3, minqo=8, qualiters=2, ratiomode=t, flatmode=f, minentropy=52, minoverlap=12, minoverlap0=4, maxratio=0.05, ratiomargin=12, ratiooffset=0.5, ratiominoverlapreduction=4, efilter=2, pfilter=0.008, minsecondratio=0.16, minapproxoverlap=22, t=1, in1=/scratch/gregg_thomas/Murinae-seq/02-Decon/Pogonomelomys-bruijni/hiseq4000-paired-1/REC26_CKDL190143344-1a-D704-AK1546_H7275BBXX_L3_R1_.fastp.decon.fastq.gz, in2=/scratch/gregg_thomas/Murinae-seq/02-Decon/Pogonomelomys-bruijni/hiseq4000-paired-1/REC26_CKDL190143344-1a-D704-AK1546_H7275BBXX_L3_R2_.fastp.decon.fastq.gz, rem, k=40, extend2=40, ecct, outu1=/scratch/gregg_thomas/Murinae-seq/03A-Merged/Pogonomelomys-bruijni/hiseq4000-paired-1/REC26_CKDL190143344-1a-D704-AK1546_H7275BBXX_L3_R1_.fastp.decon.unmerged.fastq.gz, outu2=/scratch/gregg_thomas/Murinae-seq/03A-Merged/Pogonomelomys-bruijni/hiseq4000-paired-1/REC26_CKDL190143344-1a-D704-AK1546_H7275BBXX_L3_R2_.fastp.decon.unmerged.fastq.gz, out=/scratch/gregg_thomas/Murinae-seq/03A-Merged/Pogonomelomys-bruijni/hiseq4000-paired-1/REC26_CKDL190143344-1a-D704-AK1546_H7275BBXX_L3_.fastp.decon.merged.fastq.gz]

Set threads to 1
Executing assemble.Tadpole2 [in=/scratch/gregg_thomas/Murinae-seq/02-Decon/Pogonomelomys-bruijni/hiseq4000-paired-1/REC26_CKDL190143344-1a-D704-AK1546_H7275BBXX_L3_R1_.fastp.decon.fastq.gz, in2=/scratch/gregg_thomas/Murinae-seq/02-Decon/Pogonomelomys-bruijni/hiseq4000-paired-1/REC26_CKDL190143344-1a-D704-AK1546_H7275BBXX_L3_R2_.fastp.decon.fastq.gz, branchlower=3, branchmult1=20.0, branchmult2=3.0, mincountseed=3, mincountextend=2, minprob=0.5, k=40, prealloc=false, prefilter=0, ecctail=false, eccpincer=false, eccreassemble=true]
Version 38.73

Using 1 threads.
Executing ukmer.KmerTableSetU [in=/scratch/gregg_thomas/Murinae-seq/02-Decon/Pogonomelomys-bruijni/hiseq4000-paired-1/REC26_CKDL190143344-1a-D704-AK1546_H7275BBXX_L3_R1_.fastp.decon.fastq.gz, in2=/scratch/gregg_thomas/Murinae-seq/02-Decon/Pogonomelomys-bruijni/hiseq4000-paired-1/REC26_CKDL190143344-1a-D704-AK1546_H7275BBXX_L3_R2_.fastp.decon.fastq.gz, branchlower=3, branchmult1=20.0, branchmult2=3.0, mincountseed=3, mincountextend=2, minprob=0.5, k=40, prealloc=false, prefilter=0, ecctail=false, eccpincer=false, eccreassemble=true]

Initial:
Ways=31, initialSize=128000, prefilter=f, prealloc=f
Memory: max=30870m, total=30870m, free=30386m, used=484m

Estimated kmer capacity: 	715752451
After table allocation:
Memory: max=30870m, total=30870m, free=30064m, used=806m

After loading:
Memory: max=30870m, total=30870m, free=11105m, used=19765m

Input:                      	31420416 reads 		4677268494 bases.
Unique Kmers:               	518311098
Load Time:                  	2166.575 seconds.

Writing mergable reads merged.
Started output threads.
Total time: 6457.596 seconds.

Pairs:               	15710208
Joined:              	10589561   	67.406%
Ambiguous:           	5113442   	32.549%
No Solution:         	7205       	0.046%
Too Short:           	0       	0.000%
Fully Extended:      	20436562   	63.980%
Partly Extended:     	6595821   	20.649%
Not Extended:        	4909867   	15.371%

Avg Insert:          	248.0
Standard Deviation:  	60.9
Mode:                	263

Insert range:        	35 - 369
90th percentile:     	328
75th percentile:     	295
50th percentile:     	251
25th percentile:     	204
10th percentile:     	164
