java -ea -Xmx15g -Xms15g -Djava.library.path=/home/gregg_thomas/bin/bbmap/jni/ -cp /home/gregg_thomas/bin/bbmap/current/ jgi.BBMerge -Xmx15g t=1 in1=/scratch/gregg_thomas/Murinae-seq/02-Decon/Pseudomys-apodemoides/seq-run-1/52931_AH7T2JBCX2_GACGATT_S14_L001_R1_001.fastp.decon.fastq.gz in2=/scratch/gregg_thomas/Murinae-seq/02-Decon/Pseudomys-apodemoides/seq-run-1/52931_AH7T2JBCX2_GACGATT_S14_L001_R2_001.fastp.decon.fastq.gz verystrict=t rem k=40 extend2=40 ecct outu1=/scratch/gregg_thomas/Murinae-seq/03A-Merged/Pseudomys-apodemoides/seq-run-1/52931_AH7T2JBCX2_GACGATT_S14_L001_R1_001.fastp.decon.unmerged.fastq.gz outu2=/scratch/gregg_thomas/Murinae-seq/03A-Merged/Pseudomys-apodemoides/seq-run-1/52931_AH7T2JBCX2_GACGATT_S14_L001_R2_001.fastp.decon.unmerged.fastq.gz out=/scratch/gregg_thomas/Murinae-seq/03A-Merged/Pseudomys-apodemoides/seq-run-1/52931_AH7T2JBCX2_GACGATT_S14_L001_001.fastp.decon.merged.fastq.gz
Executing jgi.BBMerge [-Xmx15g, t=1, in1=/scratch/gregg_thomas/Murinae-seq/02-Decon/Pseudomys-apodemoides/seq-run-1/52931_AH7T2JBCX2_GACGATT_S14_L001_R1_001.fastp.decon.fastq.gz, in2=/scratch/gregg_thomas/Murinae-seq/02-Decon/Pseudomys-apodemoides/seq-run-1/52931_AH7T2JBCX2_GACGATT_S14_L001_R2_001.fastp.decon.fastq.gz, verystrict=t, rem, k=40, extend2=40, ecct, outu1=/scratch/gregg_thomas/Murinae-seq/03A-Merged/Pseudomys-apodemoides/seq-run-1/52931_AH7T2JBCX2_GACGATT_S14_L001_R1_001.fastp.decon.unmerged.fastq.gz, outu2=/scratch/gregg_thomas/Murinae-seq/03A-Merged/Pseudomys-apodemoides/seq-run-1/52931_AH7T2JBCX2_GACGATT_S14_L001_R2_001.fastp.decon.unmerged.fastq.gz, out=/scratch/gregg_thomas/Murinae-seq/03A-Merged/Pseudomys-apodemoides/seq-run-1/52931_AH7T2JBCX2_GACGATT_S14_L001_001.fastp.decon.merged.fastq.gz]
Version 38.73

Revised arguments: [maxbad=4, margin=3, minqo=8, qualiters=2, ratiomode=t, flatmode=f, minentropy=52, minoverlap=12, minoverlap0=4, maxratio=0.05, ratiomargin=12, ratiooffset=0.5, ratiominoverlapreduction=4, efilter=2, pfilter=0.008, minsecondratio=0.16, minapproxoverlap=22, t=1, in1=/scratch/gregg_thomas/Murinae-seq/02-Decon/Pseudomys-apodemoides/seq-run-1/52931_AH7T2JBCX2_GACGATT_S14_L001_R1_001.fastp.decon.fastq.gz, in2=/scratch/gregg_thomas/Murinae-seq/02-Decon/Pseudomys-apodemoides/seq-run-1/52931_AH7T2JBCX2_GACGATT_S14_L001_R2_001.fastp.decon.fastq.gz, rem, k=40, extend2=40, ecct, outu1=/scratch/gregg_thomas/Murinae-seq/03A-Merged/Pseudomys-apodemoides/seq-run-1/52931_AH7T2JBCX2_GACGATT_S14_L001_R1_001.fastp.decon.unmerged.fastq.gz, outu2=/scratch/gregg_thomas/Murinae-seq/03A-Merged/Pseudomys-apodemoides/seq-run-1/52931_AH7T2JBCX2_GACGATT_S14_L001_R2_001.fastp.decon.unmerged.fastq.gz, out=/scratch/gregg_thomas/Murinae-seq/03A-Merged/Pseudomys-apodemoides/seq-run-1/52931_AH7T2JBCX2_GACGATT_S14_L001_001.fastp.decon.merged.fastq.gz]

Set threads to 1
Executing assemble.Tadpole2 [in=/scratch/gregg_thomas/Murinae-seq/02-Decon/Pseudomys-apodemoides/seq-run-1/52931_AH7T2JBCX2_GACGATT_S14_L001_R1_001.fastp.decon.fastq.gz, in2=/scratch/gregg_thomas/Murinae-seq/02-Decon/Pseudomys-apodemoides/seq-run-1/52931_AH7T2JBCX2_GACGATT_S14_L001_R2_001.fastp.decon.fastq.gz, branchlower=3, branchmult1=20.0, branchmult2=3.0, mincountseed=3, mincountextend=2, minprob=0.5, k=40, prealloc=false, prefilter=0, ecctail=false, eccpincer=false, eccreassemble=true]
Version 38.73

Using 1 threads.
Executing ukmer.KmerTableSetU [in=/scratch/gregg_thomas/Murinae-seq/02-Decon/Pseudomys-apodemoides/seq-run-1/52931_AH7T2JBCX2_GACGATT_S14_L001_R1_001.fastp.decon.fastq.gz, in2=/scratch/gregg_thomas/Murinae-seq/02-Decon/Pseudomys-apodemoides/seq-run-1/52931_AH7T2JBCX2_GACGATT_S14_L001_R2_001.fastp.decon.fastq.gz, branchlower=3, branchmult1=20.0, branchmult2=3.0, mincountseed=3, mincountextend=2, minprob=0.5, k=40, prealloc=false, prefilter=0, ecctail=false, eccpincer=false, eccreassemble=true]

Initial:
Ways=31, initialSize=128000, prefilter=f, prealloc=f
Memory: max=15435m, total=15435m, free=14951m, used=484m

Estimated kmer capacity: 	356759827
After table allocation:
Memory: max=15435m, total=15435m, free=14790m, used=645m

After loading:
Memory: max=15435m, total=15435m, free=4021m, used=11414m

Input:                      	21429308 reads 		2162199280 bases.
Unique Kmers:               	324280131
Load Time:                  	1381.322 seconds.

Writing mergable reads merged.
Started output threads.
Total time: 4244.179 seconds.

Pairs:               	10714654
Joined:              	6872503   	64.141%
Ambiguous:           	3842034   	35.858%
No Solution:         	117       	0.001%
Too Short:           	0       	0.000%
Fully Extended:      	13761760   	63.552%
Partly Extended:     	3275189   	15.125%
Not Extended:        	4617317   	21.323%

Avg Insert:          	183.5
Standard Deviation:  	36.4
Mode:                	171

Insert range:        	35 - 271
90th percentile:     	235
75th percentile:     	209
50th percentile:     	180
25th percentile:     	157
10th percentile:     	139
