java -ea -Xmx15g -Xms15g -Djava.library.path=/home/gregg_thomas/bin/bbmap/jni/ -cp /home/gregg_thomas/bin/bbmap/current/ jgi.BBMerge -Xmx15g t=1 in1=/scratch/gregg_thomas/Murinae-seq/02-Decon/Pseudomys-nanus/seq-run-2/52936_AH7T7NBCX2_TAGTCTA_S19_L002_R1_001.fastp.decon.fastq.gz in2=/scratch/gregg_thomas/Murinae-seq/02-Decon/Pseudomys-nanus/seq-run-2/52936_AH7T7NBCX2_TAGTCTA_S19_L002_R2_001.fastp.decon.fastq.gz verystrict=t rem k=40 extend2=40 ecct outu1=/scratch/gregg_thomas/Murinae-seq/03A-Merged/Pseudomys-nanus/seq-run-2/52936_AH7T7NBCX2_TAGTCTA_S19_L002_R1_001.fastp.decon.unmerged.fastq.gz outu2=/scratch/gregg_thomas/Murinae-seq/03A-Merged/Pseudomys-nanus/seq-run-2/52936_AH7T7NBCX2_TAGTCTA_S19_L002_R2_001.fastp.decon.unmerged.fastq.gz out=/scratch/gregg_thomas/Murinae-seq/03A-Merged/Pseudomys-nanus/seq-run-2/52936_AH7T7NBCX2_TAGTCTA_S19_L002_001.fastp.decon.merged.fastq.gz
Executing jgi.BBMerge [-Xmx15g, t=1, in1=/scratch/gregg_thomas/Murinae-seq/02-Decon/Pseudomys-nanus/seq-run-2/52936_AH7T7NBCX2_TAGTCTA_S19_L002_R1_001.fastp.decon.fastq.gz, in2=/scratch/gregg_thomas/Murinae-seq/02-Decon/Pseudomys-nanus/seq-run-2/52936_AH7T7NBCX2_TAGTCTA_S19_L002_R2_001.fastp.decon.fastq.gz, verystrict=t, rem, k=40, extend2=40, ecct, outu1=/scratch/gregg_thomas/Murinae-seq/03A-Merged/Pseudomys-nanus/seq-run-2/52936_AH7T7NBCX2_TAGTCTA_S19_L002_R1_001.fastp.decon.unmerged.fastq.gz, outu2=/scratch/gregg_thomas/Murinae-seq/03A-Merged/Pseudomys-nanus/seq-run-2/52936_AH7T7NBCX2_TAGTCTA_S19_L002_R2_001.fastp.decon.unmerged.fastq.gz, out=/scratch/gregg_thomas/Murinae-seq/03A-Merged/Pseudomys-nanus/seq-run-2/52936_AH7T7NBCX2_TAGTCTA_S19_L002_001.fastp.decon.merged.fastq.gz]
Version 38.73

Revised arguments: [maxbad=4, margin=3, minqo=8, qualiters=2, ratiomode=t, flatmode=f, minentropy=52, minoverlap=12, minoverlap0=4, maxratio=0.05, ratiomargin=12, ratiooffset=0.5, ratiominoverlapreduction=4, efilter=2, pfilter=0.008, minsecondratio=0.16, minapproxoverlap=22, t=1, in1=/scratch/gregg_thomas/Murinae-seq/02-Decon/Pseudomys-nanus/seq-run-2/52936_AH7T7NBCX2_TAGTCTA_S19_L002_R1_001.fastp.decon.fastq.gz, in2=/scratch/gregg_thomas/Murinae-seq/02-Decon/Pseudomys-nanus/seq-run-2/52936_AH7T7NBCX2_TAGTCTA_S19_L002_R2_001.fastp.decon.fastq.gz, rem, k=40, extend2=40, ecct, outu1=/scratch/gregg_thomas/Murinae-seq/03A-Merged/Pseudomys-nanus/seq-run-2/52936_AH7T7NBCX2_TAGTCTA_S19_L002_R1_001.fastp.decon.unmerged.fastq.gz, outu2=/scratch/gregg_thomas/Murinae-seq/03A-Merged/Pseudomys-nanus/seq-run-2/52936_AH7T7NBCX2_TAGTCTA_S19_L002_R2_001.fastp.decon.unmerged.fastq.gz, out=/scratch/gregg_thomas/Murinae-seq/03A-Merged/Pseudomys-nanus/seq-run-2/52936_AH7T7NBCX2_TAGTCTA_S19_L002_001.fastp.decon.merged.fastq.gz]

Set threads to 1
Executing assemble.Tadpole2 [in=/scratch/gregg_thomas/Murinae-seq/02-Decon/Pseudomys-nanus/seq-run-2/52936_AH7T7NBCX2_TAGTCTA_S19_L002_R1_001.fastp.decon.fastq.gz, in2=/scratch/gregg_thomas/Murinae-seq/02-Decon/Pseudomys-nanus/seq-run-2/52936_AH7T7NBCX2_TAGTCTA_S19_L002_R2_001.fastp.decon.fastq.gz, branchlower=3, branchmult1=20.0, branchmult2=3.0, mincountseed=3, mincountextend=2, minprob=0.5, k=40, prealloc=false, prefilter=0, ecctail=false, eccpincer=false, eccreassemble=true]
Version 38.73

Using 1 threads.
Executing ukmer.KmerTableSetU [in=/scratch/gregg_thomas/Murinae-seq/02-Decon/Pseudomys-nanus/seq-run-2/52936_AH7T7NBCX2_TAGTCTA_S19_L002_R1_001.fastp.decon.fastq.gz, in2=/scratch/gregg_thomas/Murinae-seq/02-Decon/Pseudomys-nanus/seq-run-2/52936_AH7T7NBCX2_TAGTCTA_S19_L002_R2_001.fastp.decon.fastq.gz, branchlower=3, branchmult1=20.0, branchmult2=3.0, mincountseed=3, mincountextend=2, minprob=0.5, k=40, prealloc=false, prefilter=0, ecctail=false, eccpincer=false, eccreassemble=true]

Initial:
Ways=31, initialSize=128000, prefilter=f, prealloc=f
Memory: max=15435m, total=15435m, free=14951m, used=484m

Estimated kmer capacity: 	356759827
After table allocation:
Memory: max=15435m, total=15435m, free=14871m, used=564m

After loading:
Memory: max=15435m, total=15435m, free=6132m, used=9303m

Input:                      	11320022 reads 		1142255592 bases.
Unique Kmers:               	223669402
Load Time:                  	745.491 seconds.

Writing mergable reads merged.
Started output threads.
Total time: 2112.446 seconds.

Pairs:               	5660011
Joined:              	3529042   	62.350%
Ambiguous:           	2130883   	37.648%
No Solution:         	86       	0.002%
Too Short:           	0       	0.000%
Fully Extended:      	6142708   	53.541%
Partly Extended:     	2190167   	19.090%
Not Extended:        	3139931   	27.368%

Avg Insert:          	179.7
Standard Deviation:  	35.6
Mode:                	170

Insert range:        	35 - 271
90th percentile:     	230
75th percentile:     	204
50th percentile:     	177
25th percentile:     	154
10th percentile:     	136
