java -ea -Xmx15g -Xms15g -Djava.library.path=/home/gregg_thomas/bin/bbmap/jni/ -cp /home/gregg_thomas/bin/bbmap/current/ jgi.BBMerge -Xmx15g t=1 in1=/scratch/gregg_thomas/Murinae-seq/02-Decon/Pseudomys-gouldii/seq-run-2/52955_BH7T77BCX2_AGCAGGT_S18_L001_R1_001.fastp.decon.fastq.gz in2=/scratch/gregg_thomas/Murinae-seq/02-Decon/Pseudomys-gouldii/seq-run-2/52955_BH7T77BCX2_AGCAGGT_S18_L001_R2_001.fastp.decon.fastq.gz verystrict=t rem k=40 extend2=40 ecct outu1=/scratch/gregg_thomas/Murinae-seq/03A-Merged/Pseudomys-gouldii/seq-run-2/52955_BH7T77BCX2_AGCAGGT_S18_L001_R1_001.fastp.decon.unmerged.fastq.gz outu2=/scratch/gregg_thomas/Murinae-seq/03A-Merged/Pseudomys-gouldii/seq-run-2/52955_BH7T77BCX2_AGCAGGT_S18_L001_R2_001.fastp.decon.unmerged.fastq.gz out=/scratch/gregg_thomas/Murinae-seq/03A-Merged/Pseudomys-gouldii/seq-run-2/52955_BH7T77BCX2_AGCAGGT_S18_L001_001.fastp.decon.merged.fastq.gz
Executing jgi.BBMerge [-Xmx15g, t=1, in1=/scratch/gregg_thomas/Murinae-seq/02-Decon/Pseudomys-gouldii/seq-run-2/52955_BH7T77BCX2_AGCAGGT_S18_L001_R1_001.fastp.decon.fastq.gz, in2=/scratch/gregg_thomas/Murinae-seq/02-Decon/Pseudomys-gouldii/seq-run-2/52955_BH7T77BCX2_AGCAGGT_S18_L001_R2_001.fastp.decon.fastq.gz, verystrict=t, rem, k=40, extend2=40, ecct, outu1=/scratch/gregg_thomas/Murinae-seq/03A-Merged/Pseudomys-gouldii/seq-run-2/52955_BH7T77BCX2_AGCAGGT_S18_L001_R1_001.fastp.decon.unmerged.fastq.gz, outu2=/scratch/gregg_thomas/Murinae-seq/03A-Merged/Pseudomys-gouldii/seq-run-2/52955_BH7T77BCX2_AGCAGGT_S18_L001_R2_001.fastp.decon.unmerged.fastq.gz, out=/scratch/gregg_thomas/Murinae-seq/03A-Merged/Pseudomys-gouldii/seq-run-2/52955_BH7T77BCX2_AGCAGGT_S18_L001_001.fastp.decon.merged.fastq.gz]
Version 38.73

Revised arguments: [maxbad=4, margin=3, minqo=8, qualiters=2, ratiomode=t, flatmode=f, minentropy=52, minoverlap=12, minoverlap0=4, maxratio=0.05, ratiomargin=12, ratiooffset=0.5, ratiominoverlapreduction=4, efilter=2, pfilter=0.008, minsecondratio=0.16, minapproxoverlap=22, t=1, in1=/scratch/gregg_thomas/Murinae-seq/02-Decon/Pseudomys-gouldii/seq-run-2/52955_BH7T77BCX2_AGCAGGT_S18_L001_R1_001.fastp.decon.fastq.gz, in2=/scratch/gregg_thomas/Murinae-seq/02-Decon/Pseudomys-gouldii/seq-run-2/52955_BH7T77BCX2_AGCAGGT_S18_L001_R2_001.fastp.decon.fastq.gz, rem, k=40, extend2=40, ecct, outu1=/scratch/gregg_thomas/Murinae-seq/03A-Merged/Pseudomys-gouldii/seq-run-2/52955_BH7T77BCX2_AGCAGGT_S18_L001_R1_001.fastp.decon.unmerged.fastq.gz, outu2=/scratch/gregg_thomas/Murinae-seq/03A-Merged/Pseudomys-gouldii/seq-run-2/52955_BH7T77BCX2_AGCAGGT_S18_L001_R2_001.fastp.decon.unmerged.fastq.gz, out=/scratch/gregg_thomas/Murinae-seq/03A-Merged/Pseudomys-gouldii/seq-run-2/52955_BH7T77BCX2_AGCAGGT_S18_L001_001.fastp.decon.merged.fastq.gz]

Set threads to 1
Executing assemble.Tadpole2 [in=/scratch/gregg_thomas/Murinae-seq/02-Decon/Pseudomys-gouldii/seq-run-2/52955_BH7T77BCX2_AGCAGGT_S18_L001_R1_001.fastp.decon.fastq.gz, in2=/scratch/gregg_thomas/Murinae-seq/02-Decon/Pseudomys-gouldii/seq-run-2/52955_BH7T77BCX2_AGCAGGT_S18_L001_R2_001.fastp.decon.fastq.gz, branchlower=3, branchmult1=20.0, branchmult2=3.0, mincountseed=3, mincountextend=2, minprob=0.5, k=40, prealloc=false, prefilter=0, ecctail=false, eccpincer=false, eccreassemble=true]
Version 38.73

Using 1 threads.
Executing ukmer.KmerTableSetU [in=/scratch/gregg_thomas/Murinae-seq/02-Decon/Pseudomys-gouldii/seq-run-2/52955_BH7T77BCX2_AGCAGGT_S18_L001_R1_001.fastp.decon.fastq.gz, in2=/scratch/gregg_thomas/Murinae-seq/02-Decon/Pseudomys-gouldii/seq-run-2/52955_BH7T77BCX2_AGCAGGT_S18_L001_R2_001.fastp.decon.fastq.gz, branchlower=3, branchmult1=20.0, branchmult2=3.0, mincountseed=3, mincountextend=2, minprob=0.5, k=40, prealloc=false, prefilter=0, ecctail=false, eccpincer=false, eccreassemble=true]

Initial:
Ways=31, initialSize=128000, prefilter=f, prealloc=f
Memory: max=15435m, total=15435m, free=15032m, used=403m

Estimated kmer capacity: 	356759827
After table allocation:
Memory: max=15435m, total=15435m, free=14871m, used=564m

After loading:
Memory: max=15435m, total=15435m, free=4933m, used=10502m

Input:                      	34976116 reads 		3137489463 bases.
Unique Kmers:               	305180007
Load Time:                  	1407.802 seconds.

Writing mergable reads merged.
Started output threads.
Total time: 5369.456 seconds.

Pairs:               	17488058
Joined:              	14430381   	82.516%
Ambiguous:           	3050841   	17.445%
No Solution:         	6836       	0.039%
Too Short:           	0       	0.000%
Fully Extended:      	13811986   	37.746%
Partly Extended:     	11672667   	31.900%
Not Extended:        	11107311   	30.355%

Avg Insert:          	96.0
Standard Deviation:  	23.1
Mode:                	90

Insert range:        	35 - 271
90th percentile:     	125
75th percentile:     	109
50th percentile:     	94
25th percentile:     	81
10th percentile:     	69
