java -ea -Xmx15g -Xms15g -Djava.library.path=/home/gregg_thomas/bin/bbmap/jni/ -cp /home/gregg_thomas/bin/bbmap/current/ jgi.BBMerge -Xmx15g t=1 in1=/scratch/gregg_thomas/Murinae-seq/02-Decon/Pseudomys-auritus/seq-run-1/53928_HTVLKBCX2_TAATGCG_S16_L001_R1_001.fastp.decon.fastq.gz in2=/scratch/gregg_thomas/Murinae-seq/02-Decon/Pseudomys-auritus/seq-run-1/53928_HTVLKBCX2_TAATGCG_S16_L001_R2_001.fastp.decon.fastq.gz verystrict=t rem k=40 extend2=40 ecct outu1=/scratch/gregg_thomas/Murinae-seq/03A-Merged/Pseudomys-auritus/seq-run-1/53928_HTVLKBCX2_TAATGCG_S16_L001_R1_001.fastp.decon.unmerged.fastq.gz outu2=/scratch/gregg_thomas/Murinae-seq/03A-Merged/Pseudomys-auritus/seq-run-1/53928_HTVLKBCX2_TAATGCG_S16_L001_R2_001.fastp.decon.unmerged.fastq.gz out=/scratch/gregg_thomas/Murinae-seq/03A-Merged/Pseudomys-auritus/seq-run-1/53928_HTVLKBCX2_TAATGCG_S16_L001_001.fastp.decon.merged.fastq.gz
Executing jgi.BBMerge [-Xmx15g, t=1, in1=/scratch/gregg_thomas/Murinae-seq/02-Decon/Pseudomys-auritus/seq-run-1/53928_HTVLKBCX2_TAATGCG_S16_L001_R1_001.fastp.decon.fastq.gz, in2=/scratch/gregg_thomas/Murinae-seq/02-Decon/Pseudomys-auritus/seq-run-1/53928_HTVLKBCX2_TAATGCG_S16_L001_R2_001.fastp.decon.fastq.gz, verystrict=t, rem, k=40, extend2=40, ecct, outu1=/scratch/gregg_thomas/Murinae-seq/03A-Merged/Pseudomys-auritus/seq-run-1/53928_HTVLKBCX2_TAATGCG_S16_L001_R1_001.fastp.decon.unmerged.fastq.gz, outu2=/scratch/gregg_thomas/Murinae-seq/03A-Merged/Pseudomys-auritus/seq-run-1/53928_HTVLKBCX2_TAATGCG_S16_L001_R2_001.fastp.decon.unmerged.fastq.gz, out=/scratch/gregg_thomas/Murinae-seq/03A-Merged/Pseudomys-auritus/seq-run-1/53928_HTVLKBCX2_TAATGCG_S16_L001_001.fastp.decon.merged.fastq.gz]
Version 38.73

Revised arguments: [maxbad=4, margin=3, minqo=8, qualiters=2, ratiomode=t, flatmode=f, minentropy=52, minoverlap=12, minoverlap0=4, maxratio=0.05, ratiomargin=12, ratiooffset=0.5, ratiominoverlapreduction=4, efilter=2, pfilter=0.008, minsecondratio=0.16, minapproxoverlap=22, t=1, in1=/scratch/gregg_thomas/Murinae-seq/02-Decon/Pseudomys-auritus/seq-run-1/53928_HTVLKBCX2_TAATGCG_S16_L001_R1_001.fastp.decon.fastq.gz, in2=/scratch/gregg_thomas/Murinae-seq/02-Decon/Pseudomys-auritus/seq-run-1/53928_HTVLKBCX2_TAATGCG_S16_L001_R2_001.fastp.decon.fastq.gz, rem, k=40, extend2=40, ecct, outu1=/scratch/gregg_thomas/Murinae-seq/03A-Merged/Pseudomys-auritus/seq-run-1/53928_HTVLKBCX2_TAATGCG_S16_L001_R1_001.fastp.decon.unmerged.fastq.gz, outu2=/scratch/gregg_thomas/Murinae-seq/03A-Merged/Pseudomys-auritus/seq-run-1/53928_HTVLKBCX2_TAATGCG_S16_L001_R2_001.fastp.decon.unmerged.fastq.gz, out=/scratch/gregg_thomas/Murinae-seq/03A-Merged/Pseudomys-auritus/seq-run-1/53928_HTVLKBCX2_TAATGCG_S16_L001_001.fastp.decon.merged.fastq.gz]

Set threads to 1
Executing assemble.Tadpole2 [in=/scratch/gregg_thomas/Murinae-seq/02-Decon/Pseudomys-auritus/seq-run-1/53928_HTVLKBCX2_TAATGCG_S16_L001_R1_001.fastp.decon.fastq.gz, in2=/scratch/gregg_thomas/Murinae-seq/02-Decon/Pseudomys-auritus/seq-run-1/53928_HTVLKBCX2_TAATGCG_S16_L001_R2_001.fastp.decon.fastq.gz, branchlower=3, branchmult1=20.0, branchmult2=3.0, mincountseed=3, mincountextend=2, minprob=0.5, k=40, prealloc=false, prefilter=0, ecctail=false, eccpincer=false, eccreassemble=true]
Version 38.73

Using 1 threads.
Executing ukmer.KmerTableSetU [in=/scratch/gregg_thomas/Murinae-seq/02-Decon/Pseudomys-auritus/seq-run-1/53928_HTVLKBCX2_TAATGCG_S16_L001_R1_001.fastp.decon.fastq.gz, in2=/scratch/gregg_thomas/Murinae-seq/02-Decon/Pseudomys-auritus/seq-run-1/53928_HTVLKBCX2_TAATGCG_S16_L001_R2_001.fastp.decon.fastq.gz, branchlower=3, branchmult1=20.0, branchmult2=3.0, mincountseed=3, mincountextend=2, minprob=0.5, k=40, prealloc=false, prefilter=0, ecctail=false, eccpincer=false, eccreassemble=true]

Initial:
Ways=31, initialSize=128000, prefilter=f, prealloc=f
Memory: max=15435m, total=15435m, free=15193m, used=242m

Estimated kmer capacity: 	356759827
After table allocation:
Memory: max=15435m, total=15435m, free=15032m, used=403m

After loading:
Memory: max=15435m, total=15435m, free=13410m, used=2025m

Input:                      	2259884 reads 		196900450 bases.
Unique Kmers:               	35709624
Load Time:                  	129.829 seconds.

Writing mergable reads merged.
Started output threads.
Total time: 333.770 seconds.

Pairs:               	1129942
Joined:              	669875   	59.284%
Ambiguous:           	458880   	40.611%
No Solution:         	1187       	0.105%
Too Short:           	0       	0.000%
Fully Extended:      	121053   	4.895%
Partly Extended:     	944160   	38.182%
Not Extended:        	1407583   	56.923%

Avg Insert:          	94.2
Standard Deviation:  	27.3
Mode:                	80

Insert range:        	35 - 256
90th percentile:     	131
75th percentile:     	108
50th percentile:     	90
25th percentile:     	75
10th percentile:     	64
