java -ea -Xmx15g -Xms15g -Djava.library.path=/home/gregg_thomas/bin/bbmap/jni/ -cp /home/gregg_thomas/bin/bbmap/current/ jgi.BBMerge -Xmx15g t=1 in1=/scratch/gregg_thomas/Murinae-seq/02-Decon/Pseudomys-chapmani/seq-run-2/52926_AH7T7NBCX2_TCAGCTT_S9_L001_R1_001.fastp.decon.fastq.gz in2=/scratch/gregg_thomas/Murinae-seq/02-Decon/Pseudomys-chapmani/seq-run-2/52926_AH7T7NBCX2_TCAGCTT_S9_L001_R2_001.fastp.decon.fastq.gz verystrict=t rem k=40 extend2=40 ecct outu1=/scratch/gregg_thomas/Murinae-seq/03A-Merged/Pseudomys-chapmani/seq-run-2/52926_AH7T7NBCX2_TCAGCTT_S9_L001_R1_001.fastp.decon.unmerged.fastq.gz outu2=/scratch/gregg_thomas/Murinae-seq/03A-Merged/Pseudomys-chapmani/seq-run-2/52926_AH7T7NBCX2_TCAGCTT_S9_L001_R2_001.fastp.decon.unmerged.fastq.gz out=/scratch/gregg_thomas/Murinae-seq/03A-Merged/Pseudomys-chapmani/seq-run-2/52926_AH7T7NBCX2_TCAGCTT_S9_L001_001.fastp.decon.merged.fastq.gz
Executing jgi.BBMerge [-Xmx15g, t=1, in1=/scratch/gregg_thomas/Murinae-seq/02-Decon/Pseudomys-chapmani/seq-run-2/52926_AH7T7NBCX2_TCAGCTT_S9_L001_R1_001.fastp.decon.fastq.gz, in2=/scratch/gregg_thomas/Murinae-seq/02-Decon/Pseudomys-chapmani/seq-run-2/52926_AH7T7NBCX2_TCAGCTT_S9_L001_R2_001.fastp.decon.fastq.gz, verystrict=t, rem, k=40, extend2=40, ecct, outu1=/scratch/gregg_thomas/Murinae-seq/03A-Merged/Pseudomys-chapmani/seq-run-2/52926_AH7T7NBCX2_TCAGCTT_S9_L001_R1_001.fastp.decon.unmerged.fastq.gz, outu2=/scratch/gregg_thomas/Murinae-seq/03A-Merged/Pseudomys-chapmani/seq-run-2/52926_AH7T7NBCX2_TCAGCTT_S9_L001_R2_001.fastp.decon.unmerged.fastq.gz, out=/scratch/gregg_thomas/Murinae-seq/03A-Merged/Pseudomys-chapmani/seq-run-2/52926_AH7T7NBCX2_TCAGCTT_S9_L001_001.fastp.decon.merged.fastq.gz]
Version 38.73

Revised arguments: [maxbad=4, margin=3, minqo=8, qualiters=2, ratiomode=t, flatmode=f, minentropy=52, minoverlap=12, minoverlap0=4, maxratio=0.05, ratiomargin=12, ratiooffset=0.5, ratiominoverlapreduction=4, efilter=2, pfilter=0.008, minsecondratio=0.16, minapproxoverlap=22, t=1, in1=/scratch/gregg_thomas/Murinae-seq/02-Decon/Pseudomys-chapmani/seq-run-2/52926_AH7T7NBCX2_TCAGCTT_S9_L001_R1_001.fastp.decon.fastq.gz, in2=/scratch/gregg_thomas/Murinae-seq/02-Decon/Pseudomys-chapmani/seq-run-2/52926_AH7T7NBCX2_TCAGCTT_S9_L001_R2_001.fastp.decon.fastq.gz, rem, k=40, extend2=40, ecct, outu1=/scratch/gregg_thomas/Murinae-seq/03A-Merged/Pseudomys-chapmani/seq-run-2/52926_AH7T7NBCX2_TCAGCTT_S9_L001_R1_001.fastp.decon.unmerged.fastq.gz, outu2=/scratch/gregg_thomas/Murinae-seq/03A-Merged/Pseudomys-chapmani/seq-run-2/52926_AH7T7NBCX2_TCAGCTT_S9_L001_R2_001.fastp.decon.unmerged.fastq.gz, out=/scratch/gregg_thomas/Murinae-seq/03A-Merged/Pseudomys-chapmani/seq-run-2/52926_AH7T7NBCX2_TCAGCTT_S9_L001_001.fastp.decon.merged.fastq.gz]

Set threads to 1
Executing assemble.Tadpole2 [in=/scratch/gregg_thomas/Murinae-seq/02-Decon/Pseudomys-chapmani/seq-run-2/52926_AH7T7NBCX2_TCAGCTT_S9_L001_R1_001.fastp.decon.fastq.gz, in2=/scratch/gregg_thomas/Murinae-seq/02-Decon/Pseudomys-chapmani/seq-run-2/52926_AH7T7NBCX2_TCAGCTT_S9_L001_R2_001.fastp.decon.fastq.gz, branchlower=3, branchmult1=20.0, branchmult2=3.0, mincountseed=3, mincountextend=2, minprob=0.5, k=40, prealloc=false, prefilter=0, ecctail=false, eccpincer=false, eccreassemble=true]
Version 38.73

Using 1 threads.
Executing ukmer.KmerTableSetU [in=/scratch/gregg_thomas/Murinae-seq/02-Decon/Pseudomys-chapmani/seq-run-2/52926_AH7T7NBCX2_TCAGCTT_S9_L001_R1_001.fastp.decon.fastq.gz, in2=/scratch/gregg_thomas/Murinae-seq/02-Decon/Pseudomys-chapmani/seq-run-2/52926_AH7T7NBCX2_TCAGCTT_S9_L001_R2_001.fastp.decon.fastq.gz, branchlower=3, branchmult1=20.0, branchmult2=3.0, mincountseed=3, mincountextend=2, minprob=0.5, k=40, prealloc=false, prefilter=0, ecctail=false, eccpincer=false, eccreassemble=true]

Initial:
Ways=31, initialSize=128000, prefilter=f, prealloc=f
Memory: max=15435m, total=15435m, free=15112m, used=323m

Estimated kmer capacity: 	356759827
After table allocation:
Memory: max=15435m, total=15435m, free=14951m, used=484m

After loading:
Memory: max=15435m, total=15435m, free=6242m, used=9193m

Input:                      	11040298 reads 		1113861332 bases.
Unique Kmers:               	211728442
Load Time:                  	783.643 seconds.

Writing mergable reads merged.
Started output threads.
Total time: 2237.249 seconds.

Pairs:               	5520149
Joined:              	3215923   	58.258%
Ambiguous:           	2304161   	41.741%
No Solution:         	65       	0.001%
Too Short:           	0       	0.000%
Fully Extended:      	6592536   	59.130%
Partly Extended:     	1655793   	14.851%
Not Extended:        	2900813   	26.018%

Avg Insert:          	190.4
Standard Deviation:  	35.8
Mode:                	183

Insert range:        	35 - 271
90th percentile:     	240
75th percentile:     	216
50th percentile:     	188
25th percentile:     	165
10th percentile:     	145
