java -ea -Xmx15g -Xms15g -Djava.library.path=/home/gregg_thomas/bin/bbmap/jni/ -cp /home/gregg_thomas/bin/bbmap/current/ jgi.BBMerge -Xmx15g t=1 in1=/scratch/gregg_thomas/Murinae-seq/02-Decon/Rattus-exulans/hiseq-paired-no-WGA/exulans_GCATTG_L008_R1_001.fastp.decon.fastq.gz in2=/scratch/gregg_thomas/Murinae-seq/02-Decon/Rattus-exulans/hiseq-paired-no-WGA/exulans_GCATTG_L008_R2_001.fastp.decon.fastq.gz verystrict=t rem k=40 extend2=40 ecct outu1=/scratch/gregg_thomas/Murinae-seq/03A-Merged/Rattus-exulans/hiseq-paired-no-WGA/exulans_GCATTG_L008_R1_001.fastp.decon.unmerged.fastq.gz outu2=/scratch/gregg_thomas/Murinae-seq/03A-Merged/Rattus-exulans/hiseq-paired-no-WGA/exulans_GCATTG_L008_R2_001.fastp.decon.unmerged.fastq.gz out=/scratch/gregg_thomas/Murinae-seq/03A-Merged/Rattus-exulans/hiseq-paired-no-WGA/exulans_GCATTG_L008_001.fastp.decon.merged.fastq.gz
Executing jgi.BBMerge [-Xmx15g, t=1, in1=/scratch/gregg_thomas/Murinae-seq/02-Decon/Rattus-exulans/hiseq-paired-no-WGA/exulans_GCATTG_L008_R1_001.fastp.decon.fastq.gz, in2=/scratch/gregg_thomas/Murinae-seq/02-Decon/Rattus-exulans/hiseq-paired-no-WGA/exulans_GCATTG_L008_R2_001.fastp.decon.fastq.gz, verystrict=t, rem, k=40, extend2=40, ecct, outu1=/scratch/gregg_thomas/Murinae-seq/03A-Merged/Rattus-exulans/hiseq-paired-no-WGA/exulans_GCATTG_L008_R1_001.fastp.decon.unmerged.fastq.gz, outu2=/scratch/gregg_thomas/Murinae-seq/03A-Merged/Rattus-exulans/hiseq-paired-no-WGA/exulans_GCATTG_L008_R2_001.fastp.decon.unmerged.fastq.gz, out=/scratch/gregg_thomas/Murinae-seq/03A-Merged/Rattus-exulans/hiseq-paired-no-WGA/exulans_GCATTG_L008_001.fastp.decon.merged.fastq.gz]
Version 38.73

Revised arguments: [maxbad=4, margin=3, minqo=8, qualiters=2, ratiomode=t, flatmode=f, minentropy=52, minoverlap=12, minoverlap0=4, maxratio=0.05, ratiomargin=12, ratiooffset=0.5, ratiominoverlapreduction=4, efilter=2, pfilter=0.008, minsecondratio=0.16, minapproxoverlap=22, t=1, in1=/scratch/gregg_thomas/Murinae-seq/02-Decon/Rattus-exulans/hiseq-paired-no-WGA/exulans_GCATTG_L008_R1_001.fastp.decon.fastq.gz, in2=/scratch/gregg_thomas/Murinae-seq/02-Decon/Rattus-exulans/hiseq-paired-no-WGA/exulans_GCATTG_L008_R2_001.fastp.decon.fastq.gz, rem, k=40, extend2=40, ecct, outu1=/scratch/gregg_thomas/Murinae-seq/03A-Merged/Rattus-exulans/hiseq-paired-no-WGA/exulans_GCATTG_L008_R1_001.fastp.decon.unmerged.fastq.gz, outu2=/scratch/gregg_thomas/Murinae-seq/03A-Merged/Rattus-exulans/hiseq-paired-no-WGA/exulans_GCATTG_L008_R2_001.fastp.decon.unmerged.fastq.gz, out=/scratch/gregg_thomas/Murinae-seq/03A-Merged/Rattus-exulans/hiseq-paired-no-WGA/exulans_GCATTG_L008_001.fastp.decon.merged.fastq.gz]

Set threads to 1
Executing assemble.Tadpole2 [in=/scratch/gregg_thomas/Murinae-seq/02-Decon/Rattus-exulans/hiseq-paired-no-WGA/exulans_GCATTG_L008_R1_001.fastp.decon.fastq.gz, in2=/scratch/gregg_thomas/Murinae-seq/02-Decon/Rattus-exulans/hiseq-paired-no-WGA/exulans_GCATTG_L008_R2_001.fastp.decon.fastq.gz, branchlower=3, branchmult1=20.0, branchmult2=3.0, mincountseed=3, mincountextend=2, minprob=0.5, k=40, prealloc=false, prefilter=0, ecctail=false, eccpincer=false, eccreassemble=true]
Version 38.73

Using 1 threads.
Executing ukmer.KmerTableSetU [in=/scratch/gregg_thomas/Murinae-seq/02-Decon/Rattus-exulans/hiseq-paired-no-WGA/exulans_GCATTG_L008_R1_001.fastp.decon.fastq.gz, in2=/scratch/gregg_thomas/Murinae-seq/02-Decon/Rattus-exulans/hiseq-paired-no-WGA/exulans_GCATTG_L008_R2_001.fastp.decon.fastq.gz, branchlower=3, branchmult1=20.0, branchmult2=3.0, mincountseed=3, mincountextend=2, minprob=0.5, k=40, prealloc=false, prefilter=0, ecctail=false, eccpincer=false, eccreassemble=true]

Initial:
Ways=31, initialSize=128000, prefilter=f, prealloc=f
Memory: max=15435m, total=15435m, free=15032m, used=403m

Estimated kmer capacity: 	356759827
After After loading:
Memory: max=15435m, total=15435m, free=6287m, used=9148m

Input:                      	5397828 reads 		532784645 bases.
Unique Kmers:               	93198471
Load Time:                  	227.852 seconds.

Writing mergable reads merged.
Started output threads.
Total time: 686.785 seconds.

Pairs:               	2698914
Joined:              	1977946   	73.287%
Ambiguous:           	720864   	26.709%
No Solution:         	104       	0.004%
Too Short:           	0       	0.000%
Fully Extended:      	2947802   	53.260%
Partly Extended:     	1290694   	23.320%
Not Extended:        	1296216   	23.420%

Avg Insert:          	155.3
Standard Deviation:  	41.4
Mode:                	164

Insert range:        	35 - 269
90th percentile:     	210
75th percentile:     	183
50th percentile:     	155
25th percentile:     	125
10th percentile:     	103
 percentile:     	166
25th percentile:     	141
10th percentile:     	120
