java -ea -Xmx15g -Xms15g -Djava.library.path=/home/gregg_thomas/bin/bbmap/jni/ -cp /home/gregg_thomas/bin/bbmap/current/ jgi.BBMerge -Xmx15g t=1 in1=/scratch/gregg_thomas/Murinae-seq/02-Decon/Rattus-tunneyi/seq-run-2/52952_BH7T77BCX2_GACTTCT_S15_L001_R1_001.fastp.decon.fastq.gz in2=/scratch/gregg_thomas/Murinae-seq/02-Decon/Rattus-tunneyi/seq-run-2/52952_BH7T77BCX2_GACTTCT_S15_L001_R2_001.fastp.decon.fastq.gz verystrict=t rem k=40 extend2=40 ecct outu1=/scratch/gregg_thomas/Murinae-seq/03A-Merged/Rattus-tunneyi/seq-run-2/52952_BH7T77BCX2_GACTTCT_S15_L001_R1_001.fastp.decon.unmerged.fastq.gz outu2=/scratch/gregg_thomas/Murinae-seq/03A-Merged/Rattus-tunneyi/seq-run-2/52952_BH7T77BCX2_GACTTCT_S15_L001_R2_001.fastp.decon.unmerged.fastq.gz out=/scratch/gregg_thomas/Murinae-seq/03A-Merged/Rattus-tunneyi/seq-run-2/52952_BH7T77BCX2_GACTTCT_S15_L001_001.fastp.decon.merged.fastq.gz
Executing jgi.BBMerge [-Xmx15g, t=1, in1=/scratch/gregg_thomas/Murinae-seq/02-Decon/Rattus-tunneyi/seq-run-2/52952_BH7T77BCX2_GACTTCT_S15_L001_R1_001.fastp.decon.fastq.gz, in2=/scratch/gregg_thomas/Murinae-seq/02-Decon/Rattus-tunneyi/seq-run-2/52952_BH7T77BCX2_GACTTCT_S15_L001_R2_001.fastp.decon.fastq.gz, verystrict=t, rem, k=40, extend2=40, ecct, outu1=/scratch/gregg_thomas/Murinae-seq/03A-Merged/Rattus-tunneyi/seq-run-2/52952_BH7T77BCX2_GACTTCT_S15_L001_R1_001.fastp.decon.unmerged.fastq.gz, outu2=/scratch/gregg_thomas/Murinae-seq/03A-Merged/Rattus-tunneyi/seq-run-2/52952_BH7T77BCX2_GACTTCT_S15_L001_R2_001.fastp.decon.unmerged.fastq.gz, out=/scratch/gregg_thomas/Murinae-seq/03A-Merged/Rattus-tunneyi/seq-run-2/52952_BH7T77BCX2_GACTTCT_S15_L001_001.fastp.decon.merged.fastq.gz]
Version 38.73

Revised arguments: [maxbad=4, margin=3, minqo=8, qualiters=2, ratiomode=t, flatmode=f, minentropy=52, minoverlap=12, minoverlap0=4, maxratio=0.05, ratiomargin=12, ratiooffset=0.5, ratiominoverlapreduction=4, efilter=2, pfilter=0.008, minsecondratio=0.16, minapproxoverlap=22, t=1, in1=/scratch/gregg_thomas/Murinae-seq/02-Decon/Rattus-tunneyi/seq-run-2/52952_BH7T77BCX2_GACTTCT_S15_L001_R1_001.fastp.decon.fastq.gz, in2=/scratch/gregg_thomas/Murinae-seq/02-Decon/Rattus-tunneyi/seq-run-2/52952_BH7T77BCX2_GACTTCT_S15_L001_R2_001.fastp.decon.fastq.gz, rem, k=40, extend2=40, ecct, outu1=/scratch/gregg_thomas/Murinae-seq/03A-Merged/Rattus-tunneyi/seq-run-2/52952_BH7T77BCX2_GACTTCT_S15_L001_R1_001.fastp.decon.unmerged.fastq.gz, outu2=/scratch/gregg_thomas/Murinae-seq/03A-Merged/Rattus-tunneyi/seq-run-2/52952_BH7T77BCX2_GACTTCT_S15_L001_R2_001.fastp.decon.unmerged.fastq.gz, out=/scratch/gregg_thomas/Murinae-seq/03A-Merged/Rattus-tunneyi/seq-run-2/52952_BH7T77BCX2_GACTTCT_S15_L001_001.fastp.decon.merged.fastq.gz]

Set threads to 1
Executing assemble.Tadpole2 [in=/scratch/gregg_thomas/Murinae-seq/02-Decon/Rattus-tunneyi/seq-run-2/52952_BH7T77BCX2_GACTTCT_S15_L001_R1_001.fastp.decon.fastq.gz, in2=/scratch/gregg_thomas/Murinae-seq/02-Decon/Rattus-tunneyi/seq-run-2/52952_BH7T77BCX2_GACTTCT_S15_L001_R2_001.fastp.decon.fastq.gz, branchlower=3, branchmult1=20.0, branchmult2=3.0, mincountseed=3, mincountextend=2, minprob=0.5, k=40, prealloc=false, prefilter=0, ecctail=false, eccpincer=false, eccreassemble=true]
Version 38.73

Using 1 threads.
Executing ukmer.KmerTableSetU [in=/scratch/gregg_thomas/Murinae-seq/02-Decon/Rattus-tunneyi/seq-run-2/52952_BH7T77BCX2_GACTTCT_S15_L001_R1_001.fastp.decon.fastq.gz, in2=/scratch/gregg_thomas/Murinae-seq/02-Decon/Rattus-tunneyi/seq-run-2/52952_BH7T77BCX2_GACTTCT_S15_L001_R2_001.fastp.decon.fastq.gz, branchlower=3, branchmult1=20.0, branchmult2=3.0, mincountseed=3, mincountextend=2, minprob=0.5, k=40, prealloc=false, prefilter=0, ecctail=false, eccpincer=false, eccreassemble=true]

Initial:
Ways=31, initialSize=128000, prefilter=f, prealloc=f
Memory: max=15435m, total=15435m, free=14951m, used=484m

Estimated kmer capacity: 	356759827
After table allocation:
Memory: max=15435m, total=15435m, free=14871m, used=564m

After loading:
Memory: max=15435m, total=15435m, free=5693m, used=9742m

Input:                      	5398740 reads 		543755082 bases.
Unique Kmers:               	130516876
Load Time:                  	205.960 seconds.

Writing mergable reads merged.
Started output threads.
Total time: 587.298 seconds.

Pairs:               	2699370
Joined:              	1562446   	57.882%
Ambiguous:           	1136867   	42.116%
No Solution:         	57       	0.002%
Too Short:           	0       	0.000%
Fully Extended:      	2630757   	48.299%
Partly Extended:     	907836   	16.667%
Not Extended:        	1908271   	35.034%

Avg Insert:          	179.6
Standard Deviation:  	36.9
Mode:                	175

Insert range:        	35 - 271
90th percentile:     	229
75th percentile:     	204
50th percentile:     	178
25th percentile:     	156
10th percentile:     	134
