java -ea -Xmx15g -Xms15g -Djava.library.path=/home/gregg_thomas/bin/bbmap/jni/ -cp /home/gregg_thomas/bin/bbmap/current/ jgi.BBMerge -Xmx15g t=1 in1=/scratch/gregg_thomas/Murinae-seq/02-Decon/Rhynchomys-isarogensis/nextseq-paired-2/JAE2195_S37_L004_R1_001.fastp.decon.fastq.gz in2=/scratch/gregg_thomas/Murinae-seq/02-Decon/Rhynchomys-isarogensis/nextseq-paired-2/JAE2195_S37_L004_R2_001.fastp.decon.fastq.gz verystrict=t rem k=40 extend2=40 ecct outu1=/scratch/gregg_thomas/Murinae-seq/03A-Merged/Rhynchomys-isarogensis/nextseq-paired-2/JAE2195_S37_L004_R1_001.fastp.decon.unmerged.fastq.gz outu2=/scratch/gregg_thomas/Murinae-seq/03A-Merged/Rhynchomys-isarogensis/nextseq-paired-2/JAE2195_S37_L004_R2_001.fastp.decon.unmerged.fastq.gz out=/scratch/gregg_thomas/Murinae-seq/03A-Merged/Rhynchomys-isarogensis/nextseq-paired-2/JAE2195_S37_L004_001.fastp.decon.merged.fastq.gz
Executing jgi.BBMerge [-Xmx15g, t=1, in1=/scratch/gregg_thomas/Murinae-seq/02-Decon/Rhynchomys-isarogensis/nextseq-paired-2/JAE2195_S37_L004_R1_001.fastp.decon.fastq.gz, in2=/scratch/gregg_thomas/Murinae-seq/02-Decon/Rhynchomys-isarogensis/nextseq-paired-2/JAE2195_S37_L004_R2_001.fastp.decon.fastq.gz, verystrict=t, rem, k=40, extend2=40, ecct, outu1=/scratch/gregg_thomas/Murinae-seq/03A-Merged/Rhynchomys-isarogensis/nextseq-paired-2/JAE2195_S37_L004_R1_001.fastp.decon.unmerged.fastq.gz, outu2=/scratch/gregg_thomas/Murinae-seq/03A-Merged/Rhynchomys-isarogensis/nextseq-paired-2/JAE2195_S37_L004_R2_001.fastp.decon.unmerged.fastq.gz, out=/scratch/gregg_thomas/Murinae-seq/03A-Merged/Rhynchomys-isarogensis/nextseq-paired-2/JAE2195_S37_L004_001.fastp.decon.merged.fastq.gz]
Version 38.73

Revised arguments: [maxbad=4, margin=3, minqo=8, qualiters=2, ratiomode=t, flatmode=f, minentropy=52, minoverlap=12, minoverlap0=4, maxratio=0.05, ratiomargin=12, ratiooffset=0.5, ratiominoverlapreduction=4, efilter=2, pfilter=0.008, minsecondratio=0.16, minapproxoverlap=22, t=1, in1=/scratch/gregg_thomas/Murinae-seq/02-Decon/Rhynchomys-isarogensis/nextseq-paired-2/JAE2195_S37_L004_R1_001.fastp.decon.fastq.gz, in2=/scratch/gregg_thomas/Murinae-seq/02-Decon/Rhynchomys-isarogensis/nextseq-paired-2/JAE2195_S37_L004_R2_001.fastp.decon.fastq.gz, rem, k=40, extend2=40, ecct, outu1=/scratch/gregg_thomas/Murinae-seq/03A-Merged/Rhynchomys-isarogensis/nextseq-paired-2/JAE2195_S37_L004_R1_001.fastp.decon.unmerged.fastq.gz, outu2=/scratch/gregg_thomas/Murinae-seq/03A-Merged/Rhynchomys-isarogensis/nextseq-paired-2/JAE2195_S37_L004_R2_001.fastp.decon.unmerged.fastq.gz, out=/scratch/gregg_thomas/Murinae-seq/03A-Merged/Rhynchomys-isarogensis/nextseq-paired-2/JAE2195_S37_L004_001.fastp.decon.merged.fastq.gz]

Set threads to 1
Executing assemble.Tadpole2 [in=/scratch/gregg_thomas/Murinae-seq/02-Decon/Rhynchomys-isarogensis/nextseq-paired-2/JAE2195_S37_L004_R1_001.fastp.decon.fastq.gz, in2=/scratch/gregg_thomas/Murinae-seq/02-Decon/Rhynchomys-isarogensis/nextseq-paired-2/JAE2195_S37_L004_R2_001.fastp.decon.fastq.gz, branchlower=3, branchmult1=20.0, branchmult2=3.0, mincountseed=3, mincountextend=2, minprob=0.5, k=40, prealloc=false, prefilter=0, ecctail=false, eccpincer=false, eccreassemble=true]
Version 38.73

Using 1 threads.
Executing ukmer.KmerTableSetU [in=/scratch/gregg_thomas/Murinae-seq/02-Decon/Rhynchomys-isarogensis/nextseq-paired-2/JAE2195_S37_L004_R1_001.fastp.decon.fastq.gz, in2=/scratch/gregg_thomas/Murinae-seq/02-Decon/Rhynchomys-isarogensis/nextseq-paired-2/JAE2195_S37_L004_R2_001.fastp.decon.fastq.gz, branchlower=3, branchmult1=20.0, branchmult2=3.0, mincountseed=3, mincountextend=2, minprob=0.5, k=40, prealloc=false, prefilter=0, ecctail=false, eccpincer=false, eccreassemble=true]

Initial:
Ways=31, initialSize=128000, prefilter=f, prealloc=f
Memory: max=15435m, total=15435m, free=14951m, used=484m

Estimated kmer capacity: 	356759827
After table allocation:
Memory: max=15435m, total=15435m, free=14871m, used=564m

After loading:
Memory: max=15435m, total=15435m, free=5689m, used=9746m

Input:                      	5836714 reads 		440483769 bases.
Unique Kmers:               	90340106
Load Time:                  	236.145 seconds.

Writing mergable reads merged.
Started output threads.
Total time: 586.331 seconds.

Pairs:               	2918357
Joined:              	1166457   	39.970%
Ambiguous:           	1751897   	60.030%
No Solution:         	3       	0.000%
Too Short:           	0       	0.000%
Fully Extended:      	2327835   	39.816%
Partly Extended:     	1120200   	19.160%
Not Extended:        	2398449   	41.024%

Avg Insert:          	158.1
Standard Deviation:  	27.4
Mode:                	157

Insert range:        	35 - 221
90th percentile:     	196
75th percentile:     	178
50th percentile:     	157
25th percentile:     	137
10th percentile:     	123
