java -ea -Xmx30g -Xms30g -Djava.library.path=/home/gregg_thomas/bin/bbmap/jni/ -cp /home/gregg_thomas/bin/bbmap/current/ jgi.BBMerge -Xmx30g t=1 in1=/scratch/gregg_thomas/Murinae-seq/02-Decon/Tarsomys-apoensis/hiseq4000-paired-2/REC21_CKDL190143345-1a-D709-AK1545_H7275BBXX_L4_R1_.fastp.decon.fastq.gz in2=/scratch/gregg_thomas/Murinae-seq/02-Decon/Tarsomys-apoensis/hiseq4000-paired-2/REC21_CKDL190143345-1a-D709-AK1545_H7275BBXX_L4_R2_.fastp.decon.fastq.gz verystrict=t rem k=40 extend2=40 ecct outu1=/scratch/gregg_thomas/Murinae-seq/03A-Merged/Tarsomys-apoensis/hiseq4000-paired-2/REC21_CKDL190143345-1a-D709-AK1545_H7275BBXX_L4_R1_.fastp.decon.unmerged.fastq.gz outu2=/scratch/gregg_thomas/Murinae-seq/03A-Merged/Tarsomys-apoensis/hiseq4000-paired-2/REC21_CKDL190143345-1a-D709-AK1545_H7275BBXX_L4_R2_.fastp.decon.unmerged.fastq.gz out=/scratch/gregg_thomas/Murinae-seq/03A-Merged/Tarsomys-apoensis/hiseq4000-paired-2/REC21_CKDL190143345-1a-D709-AK1545_H7275BBXX_L4_.fastp.decon.merged.fastq.gz
Executing jgi.BBMerge [-Xmx30g, t=1, in1=/scratch/gregg_thomas/Murinae-seq/02-Decon/Tarsomys-apoensis/hiseq4000-paired-2/REC21_CKDL190143345-1a-D709-AK1545_H7275BBXX_L4_R1_.fastp.decon.fastq.gz, in2=/scratch/gregg_thomas/Murinae-seq/02-Decon/Tarsomys-apoensis/hiseq4000-paired-2/REC21_CKDL190143345-1a-D709-AK1545_H7275BBXX_L4_R2_.fastp.decon.fastq.gz, verystrict=t, rem, k=40, extend2=40, ecct, outu1=/scratch/gregg_thomas/Murinae-seq/03A-Merged/Tarsomys-apoensis/hiseq4000-paired-2/REC21_CKDL190143345-1a-D709-AK1545_H7275BBXX_L4_R1_.fastp.decon.unmerged.fastq.gz, outu2=/scratch/gregg_thomas/Murinae-seq/03A-Merged/Tarsomys-apoensis/hiseq4000-paired-2/REC21_CKDL190143345-1a-D709-AK1545_H7275BBXX_L4_R2_.fastp.decon.unmerged.fastq.gz, out=/scratch/gregg_thomas/Murinae-seq/03A-Merged/Tarsomys-apoensis/hiseq4000-paired-2/REC21_CKDL190143345-1a-D709-AK1545_H7275BBXX_L4_.fastp.decon.merged.fastq.gz]
Version 38.73

Revised arguments: [maxbad=4, margin=3, minqo=8, qualiters=2, ratiomode=t, flatmode=f, minentropy=52, minoverlap=12, minoverlap0=4, maxratio=0.05, ratiomargin=12, ratiooffset=0.5, ratiominoverlapreduction=4, efilter=2, pfilter=0.008, minsecondratio=0.16, minapproxoverlap=22, t=1, in1=/scratch/gregg_thomas/Murinae-seq/02-Decon/Tarsomys-apoensis/hiseq4000-paired-2/REC21_CKDL190143345-1a-D709-AK1545_H7275BBXX_L4_R1_.fastp.decon.fastq.gz, in2=/scratch/gregg_thomas/Murinae-seq/02-Decon/Tarsomys-apoensis/hiseq4000-paired-2/REC21_CKDL190143345-1a-D709-AK1545_H7275BBXX_L4_R2_.fastp.decon.fastq.gz, rem, k=40, extend2=40, ecct, outu1=/scratch/gregg_thomas/Murinae-seq/03A-Merged/Tarsomys-apoensis/hiseq4000-paired-2/REC21_CKDL190143345-1a-D709-AK1545_H7275BBXX_L4_R1_.fastp.decon.unmerged.fastq.gz, outu2=/scratch/gregg_thomas/Murinae-seq/03A-Merged/Tarsomys-apoensis/hiseq4000-paired-2/REC21_CKDL190143345-1a-D709-AK1545_H7275BBXX_L4_R2_.fastp.decon.unmerged.fastq.gz, out=/scratch/gregg_thomas/Murinae-seq/03A-Merged/Tarsomys-apoensis/hiseq4000-paired-2/REC21_CKDL190143345-1a-D709-AK1545_H7275BBXX_L4_.fastp.decon.merged.fastq.gz]

Set threads to 1
Executing assemble.Tadpole2 [in=/scratch/gregg_thomas/Murinae-seq/02-Decon/Tarsomys-apoensis/hiseq4000-paired-2/REC21_CKDL190143345-1a-D709-AK1545_H7275BBXX_L4_R1_.fastp.decon.fastq.gz, in2=/scratch/gregg_thomas/Murinae-seq/02-Decon/Tarsomys-apoensis/hiseq4000-paired-2/REC21_CKDL190143345-1a-D709-AK1545_H7275BBXX_L4_R2_.fastp.decon.fastq.gz, branchlower=3, branchmult1=20.0, branchmult2=3.0, mincountseed=3, mincountextend=2, minprob=0.5, k=40, prealloc=false, prefilter=0, ecctail=false, eccpincer=false, eccreassemble=true]
Version 38.73

Using 1 threads.
Executing ukmer.KmerTableSetU [in=/scratch/gregg_thomas/Murinae-seq/02-Decon/Tarsomys-apoensis/hiseq4000-paired-2/REC21_CKDL190143345-1a-D709-AK1545_H7275BBXX_L4_R1_.fastp.decon.fastq.gz, in2=/scratch/gregg_thomas/Murinae-seq/02-Decon/Tarsomys-apoensis/hiseq4000-paired-2/REC21_CKDL190143345-1a-D709-AK1545_H7275BBXX_L4_R2_.fastp.decon.fastq.gz, branchlower=3, branchmult1=20.0, branchmult2=3.0, mincountseed=3, mincountextend=2, minprob=0.5, k=40, prealloc=false, prefilter=0, ecctail=false, eccpincer=false, eccreassemble=true]

Initial:
Ways=31, initialSize=128000, prefilter=f, prealloc=f
Memory: max=30870m, total=30870m, free=30064m, used=806m

Estimated kmer capacity: 	715752451
After table allocation:
Memory: max=30870m, total=30870m, free=29903m, used=967m

After loading:
Memory: max=30870m, total=30870m, free=8053m, used=22817m

Input:                      	37106542 reads 		5415556040 bases.
Unique Kmers:               	515446754
Load Time:                  	3239.811 seconds.

Writing mergable reads merged.
Started output threads.
Total time: 8228.986 seconds.

Pairs:               	18553271
Joined:              	14113685   	76.071%
Ambiguous:           	4428183   	23.867%
No Solution:         	11403   	0.061%
Too Short:           	0       	0.000%
Fully Extended:      	27744306   	73.541%
Partly Extended:     	4981083   	13.203%
Not Extended:        	5000925   	13.256%

Avg Insert:          	230.3
Standard Deviation:  	69.6
Mode:                	246

Insert range:        	35 - 369
90th percentile:     	322
75th percentile:     	283
50th percentile:     	234
25th percentile:     	181
10th percentile:     	135
