java -ea -Xmx15g -Xms15g -Djava.library.path=/home/gregg_thomas/bin/bbmap/jni/ -cp /home/gregg_thomas/bin/bbmap/current/ jgi.BBMerge -Xmx15g t=1 in1=/scratch/gregg_thomas/Murinae-seq/02-Decon/Zyzomys-woodwardi/seq-run-1/52950_BH7T33BCX2_CGTATAT_S13_L001_R1_001.fastp.decon.fastq.gz in2=/scratch/gregg_thomas/Murinae-seq/02-Decon/Zyzomys-woodwardi/seq-run-1/52950_BH7T33BCX2_CGTATAT_S13_L001_R2_001.fastp.decon.fastq.gz verystrict=t rem k=40 extend2=40 ecct outu1=/scratch/gregg_thomas/Murinae-seq/03A-Merged/Zyzomys-woodwardi/seq-run-1/52950_BH7T33BCX2_CGTATAT_S13_L001_R1_001.fastp.decon.unmerged.fastq.gz outu2=/scratch/gregg_thomas/Murinae-seq/03A-Merged/Zyzomys-woodwardi/seq-run-1/52950_BH7T33BCX2_CGTATAT_S13_L001_R2_001.fastp.decon.unmerged.fastq.gz out=/scratch/gregg_thomas/Murinae-seq/03A-Merged/Zyzomys-woodwardi/seq-run-1/52950_BH7T33BCX2_CGTATAT_S13_L001_001.fastp.decon.merged.fastq.gz
Executing jgi.BBMerge [-Xmx15g, t=1, in1=/scratch/gregg_thomas/Murinae-seq/02-Decon/Zyzomys-woodwardi/seq-run-1/52950_BH7T33BCX2_CGTATAT_S13_L001_R1_001.fastp.decon.fastq.gz, in2=/scratch/gregg_thomas/Murinae-seq/02-Decon/Zyzomys-woodwardi/seq-run-1/52950_BH7T33BCX2_CGTATAT_S13_L001_R2_001.fastp.decon.fastq.gz, verystrict=t, rem, k=40, extend2=40, ecct, outu1=/scratch/gregg_thomas/Murinae-seq/03A-Merged/Zyzomys-woodwardi/seq-run-1/52950_BH7T33BCX2_CGTATAT_S13_L001_R1_001.fastp.decon.unmerged.fastq.gz, outu2=/scratch/gregg_thomas/Murinae-seq/03A-Merged/Zyzomys-woodwardi/seq-run-1/52950_BH7T33BCX2_CGTATAT_S13_L001_R2_001.fastp.decon.unmerged.fastq.gz, out=/scratch/gregg_thomas/Murinae-seq/03A-Merged/Zyzomys-woodwardi/seq-run-1/52950_BH7T33BCX2_CGTATAT_S13_L001_001.fastp.decon.merged.fastq.gz]
Version 38.73

Revised arguments: [maxbad=4, margin=3, minqo=8, qualiters=2, ratiomode=t, flatmode=f, minentropy=52, minoverlap=12, minoverlap0=4, maxratio=0.05, ratiomargin=12, ratiooffset=0.5, ratiominoverlapreduction=4, efilter=2, pfilter=0.008, minsecondratio=0.16, minapproxoverlap=22, t=1, in1=/scratch/gregg_thomas/Murinae-seq/02-Decon/Zyzomys-woodwardi/seq-run-1/52950_BH7T33BCX2_CGTATAT_S13_L001_R1_001.fastp.decon.fastq.gz, in2=/scratch/gregg_thomas/Murinae-seq/02-Decon/Zyzomys-woodwardi/seq-run-1/52950_BH7T33BCX2_CGTATAT_S13_L001_R2_001.fastp.decon.fastq.gz, rem, k=40, extend2=40, ecct, outu1=/scratch/gregg_thomas/Murinae-seq/03A-Merged/Zyzomys-woodwardi/seq-run-1/52950_BH7T33BCX2_CGTATAT_S13_L001_R1_001.fastp.decon.unmerged.fastq.gz, outu2=/scratch/gregg_thomas/Murinae-seq/03A-Merged/Zyzomys-woodwardi/seq-run-1/52950_BH7T33BCX2_CGTATAT_S13_L001_R2_001.fastp.decon.unmerged.fastq.gz, out=/scratch/gregg_thomas/Murinae-seq/03A-Merged/Zyzomys-woodwardi/seq-run-1/52950_BH7T33BCX2_CGTATAT_S13_L001_001.fastp.decon.merged.fastq.gz]

Set threads to 1
Executing assemble.Tadpole2 [in=/scratch/gregg_thomas/Murinae-seq/02-Decon/Zyzomys-woodwardi/seq-run-1/52950_BH7T33BCX2_CGTATAT_S13_L001_R1_001.fastp.decon.fastq.gz, in2=/scratch/gregg_thomas/Murinae-seq/02-Decon/Zyzomys-woodwardi/seq-run-1/52950_BH7T33BCX2_CGTATAT_S13_L001_R2_001.fastp.decon.fastq.gz, branchlower=3, branchmult1=20.0, branchmult2=3.0, mincountseed=3, mincountextend=2, minprob=0.5, k=40, prealloc=false, prefilter=0, ecctail=false, eccpincer=false, eccreassemble=true]
Version 38.73

Using 1 threads.
Executing ukmer.KmerTableSetU [in=/scratch/gregg_thomas/Murinae-seq/02-Decon/Zyzomys-woodwardi/seq-run-1/52950_BH7T33BCX2_CGTATAT_S13_L001_R1_001.fastp.decon.fastq.gz, in2=/scratch/gregg_thomas/Murinae-seq/02-Decon/Zyzomys-woodwardi/seq-run-1/52950_BH7T33BCX2_CGTATAT_S13_L001_R2_001.fastp.decon.fastq.gz, branchlower=3, branchmult1=20.0, branchmult2=3.0, mincountseed=3, mincountextend=2, minprob=0.5, k=40, prealloc=false, prefilter=0, ecctail=false, eccpincer=false, eccreassemble=true]

Initial:
Ways=31, initialSize=128000, prefilter=f, prealloc=f
Memory: max=15435m, total=15435m, free=15032m, used=403m

Estimated kmer capacity: 	356759827
After table allocation:
Memory: max=15435m, total=15435m, free=14951m, used=484m

After loading:
Memory: max=15435m, total=15435m, free=6767m, used=8668m

Input:                      	10306346 reads 		1038177975 bases.
Unique Kmers:               	201454883
Load Time:                  	310.944 seconds.

Writing mergable reads merged.
Started output threads.
Total time: 1019.647 seconds.

Pairs:               	5153173
Joined:              	2342599   	45.459%
Ambiguous:           	2810309   	54.536%
No Solution:         	265       	0.005%
Too Short:           	0       	0.000%
Fully Extended:      	5719739   	54.818%
Partly Extended:     	1765698   	16.922%
Not Extended:        	2948705   	28.260%

Avg Insert:          	185.6
Standard Deviation:  	42.0
Mode:                	181

Insert range:        	35 - 271
90th percentile:     	242
75th percentile:     	217
50th percentile:     	185
25th percentile:     	156
10th percentile:     	131
