java -ea -Xmx30g -Xms30g -cp /home/gregg_thomas/bin/bbmap/current/ jgi.Dedupe -Xmx30g t=1 in=/scratch/gregg_thomas/Murinae-seq/03A-Merged/Aethomys-hindei/hiseq4000-paired-1/REC1_CKDL190143343-1a-D708-AK1543_H7275BBXX_L2_.fastp.decon.merged.fastq.gz ordered=t overwrite=true minidentity=100 out=/scratch/gregg_thomas/Murinae-seq/04A-Dedup/Aethomys-hindei/hiseq4000-paired-1/REC1_CKDL190143343-1a-D708-AK1543_H7275BBXX_L2_.fastp.decon.merged.dedup.fastq.gz
Executing jgi.Dedupe [-Xmx30g, t=1, in=/scratch/gregg_thomas/Murinae-seq/03A-Merged/Aethomys-hindei/hiseq4000-paired-1/REC1_CKDL190143343-1a-D708-AK1543_H7275BBXX_L2_.fastp.decon.merged.fastq.gz, ordered=t, overwrite=true, minidentity=100, out=/scratch/gregg_thomas/Murinae-seq/04A-Dedup/Aethomys-hindei/hiseq4000-paired-1/REC1_CKDL190143343-1a-D708-AK1543_H7275BBXX_L2_.fastp.decon.merged.dedup.fastq.gz]
Version 38.73

Set threads to 1
Initial:
Memory: max=30870m, total=30870m, free=30386m, used=484m

Found 4410848 duplicates.
Finished exact matches.    Time: 259.671 seconds.
Memory: max=28633m, total=28424m, free=18452m, used=9972m

Found 4809425 contained sequences.
Finished containment.      Time: 498.908 seconds.
Memory: max=28633m, total=28424m, free=18045m, used=10379m

Removed 4809425 invalid entries.
Finished invalid removal.  Time: 5.236 seconds.
Memory: max=28633m, total=28424m, free=17937m, used=10487m

Input:                  	12281019 reads 		2981072665 bases.
Duplicates:             	4410848 reads (35.92%) 	1077780428 bases (36.15%)     	0 collisions.
Containments:           	4809425 reads (39.16%) 	1046325918 bases (35.10%)    	1173136100 collisions.
Result:                 	3060746 reads (24.92%) 	856966319 bases (28.75%)

Sorted output.             Time: 2.668 seconds.
Memory: max=28633m, total=28424m, free=17830m, used=10594m

Printed output.            Time: 64.465 seconds.
Memory: max=28633m, total=28633m, free=18842m, used=9791m

Time:                         	830.974 seconds.
Reads Processed:      12281k 	14.78k reads/sec
Bases Processed:       2981m 	3.59m bases/sec
ec
