java -ea -Xmx30g -Xms30g -cp /home/gregg_thomas/bin/bbmap/current/ jgi.Dedupe -Xmx30g t=1 in=/scratch/gregg_thomas/Murinae-seq/03A-Merged/Apodemus-sylvaticus/nextseq-paired-1/SMG3823_S34_001.fastp.decon.merged.fastq.gz ordered=t overwrite=true minidentity=100 out=/scratch/gregg_thomas/Murinae-seq/04A-Dedup/Apodemus-sylvaticus/nextseq-paired-1/SMG3823_S34_001.fastp.decon.merged.dedup.fastq.gz
Executing jgi.Dedupe [-Xmx30g, t=1, in=/scratch/gregg_thomas/Murinae-seq/03A-Merged/Apodemus-sylvaticus/nextseq-paired-1/SMG3823_S34_001.fastp.decon.merged.fastq.gz, ordered=t, overwrite=true, minidentity=100, out=/scratch/gregg_thomas/Murinae-seq/04A-Dedup/Apodemus-sylvaticus/nextseq-paired-1/SMG3823_S34_001.fastp.decon.merged.dedup.fastq.gz]
Version 38.73

Set threads to 1
Initial:
Memory: max=30870m, total=30870m, free=30386m, used=484m

Found 542930 duplicates.
Finished exact matches.    Time: 42.632 seconds.
Memory: max=30870m, total=30870m, free=24782m, used=6088m

Found 545711 contained sequences.
Finished containment.      Time: 10.995 seconds.
Memory: max=30870m, total=30870m, free=24361m, used=6509m

Removed 545711 invalid entries.
Finished invalid removal.  Time: 0.540 seconds.
Memory: max=30870m, total=30870m, free=24361m, used=6509m

Input:                  	1900104 reads 		299901267 bases.
Duplicates:             	542930 reads (28.57%) 	84378001 bases (28.14%)     	0 collisions.
Containments:           	545711 reads (28.72%) 	82459685 bases (27.50%)    	4989757 collisions.
Result:                 	811463 reads (42.71%) 	133063581 bases (44.37%)

Sorted output.             Time: 0.479 seconds.
Memory: max=30870m, total=30870m, free=24309m, used=6561m

Printed output.            Time: 8.347 seconds.
Memory: max=30870m, total=30870m, free=23859m, used=7011m

Time:                         	63.017 seconds.
Reads Processed:       1900k 	30.15k reads/sec
Bases Processed:        299m 	4.76m bases/sec
