java -ea -Xmx30g -Xms30g -cp /home/gregg_thomas/bin/bbmap/current/ jgi.Dedupe -Xmx30g t=1 in=/scratch/gregg_thomas/Murinae-seq/03A-Merged/Apodemus-sylvaticus/nextseq-single-1/SMG3823_S60_L004_R1_001.fastp.decon.fastq.gz ordered=t overwrite=true minidentity=100 out=/scratch/gregg_thomas/Murinae-seq/04A-Dedup/Apodemus-sylvaticus/nextseq-single-1/SMG3823_S60_L004_R1_001.fastp.decon.dedup.fastq.gz
Executing jgi.Dedupe [-Xmx30g, t=1, in=/scratch/gregg_thomas/Murinae-seq/03A-Merged/Apodemus-sylvaticus/nextseq-single-1/SMG3823_S60_L004_R1_001.fastp.decon.fastq.gz, ordered=t, overwrite=true, minidentity=100, out=/scratch/gregg_thomas/Murinae-seq/04A-Dedup/Apodemus-sylvaticus/nextseq-single-1/SMG3823_S60_L004_R1_001.fastp.decon.dedup.fastq.gz]
Version 38.73

Set threads to 1
Initial:
Memory: max=30870m, total=30870m, free=30386m, used=484m

Found 10370 duplicates.
Finished exact matches.    Time: 2.499 seconds.
Memory: max=30870m, total=30870m, free=23285m, used=7585m

Found 1500 contained sequences.
Finished containment.      Time: 1.391 seconds.
Memory: max=30870m, total=30870m, free=22874m, used=7996m

Removed 1500 invalid entries.
Finished invalid removal.  Time: 0.065 seconds.
Memory: max=30870m, total=30870m, free=22874m, used=7996m

Input:                  	435677 reads 		32906829 bases.
Duplicates:             	10370 reads (2.38%) 	783632 bases (2.38%)     	0 collisions.
Containments:           	1500 reads (0.34%) 	111089 bases (0.34%)    	336259 collisions.
Result:                 	423807 reads (97.28%) 	32012108 bases (97.28%)

Sorted output.             Time: 0.145 seconds.
Memory: max=30870m, total=30870m, free=22874m, used=7996m

Printed output.            Time: 1.874 seconds.
Memory: max=30870m, total=30870m, free=22791m, used=8079m

Time:                         	5.991 seconds.
Reads Processed:        435k 	72.72k reads/sec
Bases Processed:      32906k 	5.49m bases/sec
