java -ea -Xmx30g -Xms30g -cp /home/gregg_thomas/bin/bbmap/current/ jgi.Dedupe -Xmx30g t=1 in=/scratch/gregg_thomas/Murinae-seq/03A-Merged/Archboldomys-luzonensis/nextseq-single-2/EAR1826_S61_L001_R1_001.fastp.decon.fastq.gz ordered=t overwrite=true minidentity=100 out=/scratch/gregg_thomas/Murinae-seq/04A-Dedup/Archboldomys-luzonensis/nextseq-single-2/EAR1826_S61_L001_R1_001.fastp.decon.dedup.fastq.gz
Executing jgi.Dedupe [-Xmx30g, t=1, in=/scratch/gregg_thomas/Murinae-seq/03A-Merged/Archboldomys-luzonensis/nextseq-single-2/EAR1826_S61_L001_R1_001.fastp.decon.fastq.gz, ordered=t, overwrite=true, minidentity=100, out=/scratch/gregg_thomas/Murinae-seq/04A-Dedup/Archboldomys-luzonensis/nextseq-single-2/EAR1826_S61_L001_R1_001.fastp.decon.dedup.fastq.gz]
Version 38.73

Set threads to 1
Initial:
Memory: max=30870m, total=30870m, free=30386m, used=484m

Found 11689 duplicates.
Finished exact matches.    Time: 8.042 seconds.
Memory: max=30870m, total=30870m, free=24588m, used=6282m

Found 2180 contained sequences.
Finished containment.      Time: 3.147 seconds.
Memory: max=30870m, total=30870m, free=23979m, used=6891m

Removed 2180 invalid entries.
Finished invalid removal.  Time: 0.096 seconds.
Memory: max=30870m, total=30870m, free=23979m, used=6891m

Input:                  	397062 reads 		29992057 bases.
Duplicates:             	11689 reads (2.94%) 	883741 bases (2.95%)     	0 collisions.
Containments:           	2180 reads (0.55%) 	161686 bases (0.54%)    	379581 collisions.
Result:                 	383193 reads (96.51%) 	28946630 bases (96.51%)

Sorted output.             Time: 0.487 seconds.
Memory: max=30870m, total=30870m, free=23979m, used=6891m

Printed output.            Time: 1.722 seconds.
Memory: max=30870m, total=30870m, free=23738m, used=7132m

Time:                         	13.559 seconds.
Reads Processed:        397k 	29.28k reads/sec
Bases Processed:      29992k 	2.21m bases/sec
