java -ea -Xmx30g -Xms30g -cp /home/gregg_thomas/bin/bbmap/current/ jgi.Dedupe -Xmx30g t=1 in=/scratch/gregg_thomas/Murinae-seq/03A-Merged/Archboldomys-luzonensis/nextseq-single-1/EAR1826_S61_L002_R1_001.fastp.decon.fastq.gz ordered=t overwrite=true minidentity=100 out=/scratch/gregg_thomas/Murinae-seq/04A-Dedup/Archboldomys-luzonensis/nextseq-single-1/EAR1826_S61_L002_R1_001.fastp.decon.dedup.fastq.gz
Executing jgi.Dedupe [-Xmx30g, t=1, in=/scratch/gregg_thomas/Murinae-seq/03A-Merged/Archboldomys-luzonensis/nextseq-single-1/EAR1826_S61_L002_R1_001.fastp.decon.fastq.gz, ordered=t, overwrite=true, minidentity=100, out=/scratch/gregg_thomas/Murinae-seq/04A-Dedup/Archboldomys-luzonensis/nextseq-single-1/EAR1826_S61_L002_R1_001.fastp.decon.dedup.fastq.gz]
Version 38.73

Set threads to 1
Initial:
Memory: max=30870m, total=30870m, free=30386m, used=484m

Found 12837 duplicates.
Finished exact matches.    Time: 9.871 seconds.
Memory: max=30870m, total=30870m, free=25620m, used=5250m

Found 2443 contained sequences.
Finished containment.      Time: 5.253 seconds.
Memory: max=30870m, total=30870m, free=25211m, used=5659m

Removed 2443 invalid entries.
Finished invalid removal.  Time: 0.100 seconds.
Memory: max=30870m, total=30870m, free=25211m, used=5659m

Input:                  	426449 reads 		32213331 bases.
Duplicates:             	12837 reads (3.01%) 	970788 bases (3.01%)     	0 collisions.
Containments:           	2443 reads (0.57%) 	181133 bases (0.56%)    	435758 collisions.
Result:                 	411169 reads (96.42%) 	31061410 bases (96.42%)

Sorted output.             Time: 0.301 seconds.
Memory: max=30870m, total=30870m, free=25211m, used=5659m

Printed output.            Time: 1.705 seconds.
Memory: max=30870m, total=30870m, free=25024m, used=5846m

Time:                         	17.303 seconds.
Reads Processed:        426k 	24.65k reads/sec
Bases Processed:      32213k 	1.86m bases/sec
