java -ea -Xmx30g -Xms30g -cp /home/gregg_thomas/bin/bbmap/current/ jgi.Dedupe -Xmx30g t=1 in=/scratch/gregg_thomas/Murinae-seq/03A-Merged/Archboldomys-luzonensis/miseq-paired/EAR1826_S35_L001_001.fastp.decon.merged.fastq.gz ordered=t overwrite=true minidentity=100 out=/scratch/gregg_thomas/Murinae-seq/04A-Dedup/Archboldomys-luzonensis/miseq-paired/EAR1826_S35_L001_001.fastp.decon.merged.dedup.fastq.gz
Executing jgi.Dedupe [-Xmx30g, t=1, in=/scratch/gregg_thomas/Murinae-seq/03A-Merged/Archboldomys-luzonensis/miseq-paired/EAR1826_S35_L001_001.fastp.decon.merged.fastq.gz, ordered=t, overwrite=true, minidentity=100, out=/scratch/gregg_thomas/Murinae-seq/04A-Dedup/Archboldomys-luzonensis/miseq-paired/EAR1826_S35_L001_001.fastp.decon.merged.dedup.fastq.gz]
Version 38.73

Set threads to 1
Initial:
Memory: max=30870m, total=30870m, free=30547m, used=323m

Found 676 duplicates.
Finished exact matches.    Time: 7.846 seconds.
Memory: max=30870m, total=30870m, free=22853m, used=8017m

Found 4997 contained sequences.
Finished containment.      Time: 4.138 seconds.
Memory: max=30870m, total=30870m, free=29961m, used=909m

Removed 4997 invalid entries.
Finished invalid removal.  Time: 0.034 seconds.
Memory: max=30870m, total=30870m, free=29961m, used=909m

Input:                  	36059 reads 		5077866 bases.
Duplicates:             	676 reads (1.87%) 	96579 bases (1.90%)     	0 collisions.
Containments:           	4997 reads (13.86%) 	729467 bases (14.37%)    	41649 collisions.
Result:                 	30386 reads (84.27%) 	4251820 bases (83.73%)

Sorted output.             Time: 0.127 seconds.
Memory: max=30870m, total=30870m, free=29961m, used=909m

Printed output.            Time: 0.286 seconds.
Memory: max=30870m, total=30870m, free=29854m, used=1016m

Time:                         	12.499 seconds.
Reads Processed:       36059 	2.88k reads/sec
Bases Processed:       5077k 	0.41m bases/sec
c
