java -ea -Xmx30g -Xms30g -cp /home/gregg_thomas/bin/bbmap/current/ jgi.Dedupe -Xmx30g t=1 in=/scratch/gregg_thomas/Murinae-seq/03A-Merged/Batomys-salomonseni/nextseq-paired-2/JAE3320_S12_L002_001.fastp.decon.merged.fastq.gz ordered=t overwrite=true minidentity=100 out=/scratch/gregg_thomas/Murinae-seq/04A-Dedup/Batomys-salomonseni/nextseq-paired-2/JAE3320_S12_L002_001.fastp.decon.merged.dedup.fastq.gz
Executing jgi.Dedupe [-Xmx30g, t=1, in=/scratch/gregg_thomas/Murinae-seq/03A-Merged/Batomys-salomonseni/nextseq-paired-2/JAE3320_S12_L002_001.fastp.decon.merged.fastq.gz, ordered=t, overwrite=true, minidentity=100, out=/scratch/gregg_thomas/Murinae-seq/04A-Dedup/Batomys-salomonseni/nextseq-paired-2/JAE3320_S12_L002_001.fastp.decon.merged.dedup.fastq.gz]
Version 38.73

Set threads to 1
Initial:
Memory: max=30870m, total=30870m, free=30386m, used=484m

Found 139944 duplicates.
Finished exact matches.    Time: 10.673 seconds.
Memory: max=30870m, total=30870m, free=22882m, used=7988m

Found 197788 contained sequences.
Finished containment.      Time: 6.509 seconds.
Memory: max=30870m, total=30870m, free=29724m, used=1146m

Removed 197788 invalid entries.
Finished invalid removal.  Time: 0.339 seconds.
Memory: max=30870m, total=30870m, free=29724m, used=1146m

Input:                  	695079 reads 		108134934 bases.
Duplicates:             	139944 reads (20.13%) 	21878303 bases (20.23%)     	0 collisions.
Containments:           	197788 reads (28.46%) 	29128405 bases (26.94%)    	1187893 collisions.
Result:                 	357347 reads (51.41%) 	57128226 bases (52.83%)

Sorted output.             Time: 0.447 seconds.
Memory: max=30870m, total=30870m, free=29724m, used=1146m

Printed output.            Time: 2.878 seconds.
Memory: max=30870m, total=30870m, free=29461m, used=1409m

Time:                         	20.868 seconds.
Reads Processed:        695k 	33.31k reads/sec
Bases Processed:        108m 	5.18m bases/sec
