java -ea -Xmx30g -Xms30g -cp /home/gregg_thomas/bin/bbmap/current/ jgi.Dedupe -Xmx30g t=1 in1=/scratch/gregg_thomas/Murinae-seq/03A-Merged/Batomys-salomonseni/nextseq-paired-2/JAE3320_S12_L002_R1_001.fastp.decon.unmerged.fastq.gz in2=/scratch/gregg_thomas/Murinae-seq/03A-Merged/Batomys-salomonseni/nextseq-paired-2/JAE3320_S12_L002_R2_001.fastp.decon.unmerged.fastq.gz ordered=t overwrite=true minidentity=100 out=/scratch/gregg_thomas/Murinae-seq/04A-intermediate/Batomys-salomonseni/nextseq-paired-2/JAE3320_S12_L002_001.fastp.decon.unmerged.fastq.gz
Executing jgi.Dedupe [-Xmx30g, t=1, in1=/scratch/gregg_thomas/Murinae-seq/03A-Merged/Batomys-salomonseni/nextseq-paired-2/JAE3320_S12_L002_R1_001.fastp.decon.unmerged.fastq.gz, in2=/scratch/gregg_thomas/Murinae-seq/03A-Merged/Batomys-salomonseni/nextseq-paired-2/JAE3320_S12_L002_R2_001.fastp.decon.unmerged.fastq.gz, ordered=t, overwrite=true, minidentity=100, out=/scratch/gregg_thomas/Murinae-seq/04A-intermediate/Batomys-salomonseni/nextseq-paired-2/JAE3320_S12_L002_001.fastp.decon.unmerged.fastq.gz]
Version 38.73

Set threads to 1
Initial:
Memory: max=30870m, total=30870m, free=30386m, used=484m

Set absorbContainment to false because it is not currently supported for paired reads.
Found 252726 duplicates.
Finished exact matches.    Time: 23.901 seconds.
Memory: max=30870m, total=30870m, free=25521m, used=5349m

Input:                  	4092282 reads 		308887018 bases.
Duplicates:             	252726 reads (6.18%) 	19084432 bases (6.18%)     	110606 collisions.
Result:                 	3839556 reads (93.82%) 	289802586 bases (93.82%)

Sorted output.             Time: 2.494 seconds.
Memory: max=30870m, total=30870m, free=25521m, used=5349m

Printed output.            Time: 20.343 seconds.
Memory: max=30870m, total=30870m, free=24199m, used=6671m

Time:                         	46.781 seconds.
Reads Processed:       4092k 	87.48k reads/sec
Bases Processed:        308m 	6.60m bases/sec
