java -ea -Xmx30g -Xms30g -cp /home/gregg_thomas/bin/bbmap/current/ jgi.Dedupe -Xmx30g t=1 in=/scratch/gregg_thomas/Murinae-seq/03A-Merged/Berylymys-bowersi/nextseq-single-1/ABTC116431_S41_L003_R1_001.fastp.decon.fastq.gz ordered=t overwrite=true minidentity=100 out=/scratch/gregg_thomas/Murinae-seq/04A-Dedup/Berylymys-bowersi/nextseq-single-1/ABTC116431_S41_L003_R1_001.fastp.decon.dedup.fastq.gz
Executing jgi.Dedupe [-Xmx30g, t=1, in=/scratch/gregg_thomas/Murinae-seq/03A-Merged/Berylymys-bowersi/nextseq-single-1/ABTC116431_S41_L003_R1_001.fastp.decon.fastq.gz, ordered=t, overwrite=true, minidentity=100, out=/scratch/gregg_thomas/Murinae-seq/04A-Dedup/Berylymys-bowersi/nextseq-single-1/ABTC116431_S41_L003_R1_001.fastp.decon.dedup.fastq.gz]
Version 38.73

Set threads to 1
Initial:
Memory: max=30870m, total=30870m, free=30547m, used=323m

Found 39109 duplicates.
Finished exact matches.    Time: 8.021 seconds.
Memory: max=30870m, total=30870m, free=25428m, used=5442m

Found 7181 contained sequences.
Finished containment.      Time: 5.141 seconds.
Memory: max=30870m, total=30870m, free=25005m, used=5865m

Removed 7181 invalid entries.
Finished invalid removal.  Time: 0.139 seconds.
Memory: max=30870m, total=30870m, free=25005m, used=5865m

Input:                  	856457 reads 		64643302 bases.
Duplicates:             	39109 reads (4.57%) 	2954128 bases (4.57%)     	0 collisions.
Containments:           	7181 reads (0.84%) 	524855 bases (0.81%)    	1515509 collisions.
Result:                 	810167 reads (94.60%) 	61164319 bases (94.62%)

Sorted output.             Time: 1.000 seconds.
Memory: max=30870m, total=30870m, free=25005m, used=5865m

Printed output.            Time: 7.896 seconds.
Memory: max=30870m, total=30870m, free=24784m, used=6086m

Time:                         	22.261 seconds.
Reads Processed:        856k 	38.47k reads/sec
Bases Processed:      64643k 	2.90m bases/sec
