java -ea -Xmx30g -Xms30g -cp /home/gregg_thomas/bin/bbmap/current/ jgi.Dedupe -Xmx30g t=1 in=/scratch/gregg_thomas/Murinae-seq/03A-Merged/Berylymys-bowersi/nextseq-single-2/ABTC116431_S41_L004_R1_001.fastp.decon.fastq.gz ordered=t overwrite=true minidentity=100 out=/scratch/gregg_thomas/Murinae-seq/04A-Dedup/Berylymys-bowersi/nextseq-single-2/ABTC116431_S41_L004_R1_001.fastp.decon.dedup.fastq.gz
Executing jgi.Dedupe [-Xmx30g, t=1, in=/scratch/gregg_thomas/Murinae-seq/03A-Merged/Berylymys-bowersi/nextseq-single-2/ABTC116431_S41_L004_R1_001.fastp.decon.fastq.gz, ordered=t, overwrite=true, minidentity=100, out=/scratch/gregg_thomas/Murinae-seq/04A-Dedup/Berylymys-bowersi/nextseq-single-2/ABTC116431_S41_L004_R1_001.fastp.decon.dedup.fastq.gz]
Version 38.73

Set threads to 1
Initial:
Memory: max=30870m, total=30870m, free=30386m, used=484m

Found 34483 duplicates.
Finished exact matches.    Time: 3.421 seconds.
Memory: max=30870m, total=30870m, free=24180m, used=6690m

Found 6212 contained sequences.
Finished containment.      Time: 2.901 seconds.
Memory: max=30870m, total=30870m, free=23759m, used=7111m

Removed 6212 invalid entries.
Finished invalid removal.  Time: 0.136 seconds.
Memory: max=30870m, total=30870m, free=23759m, used=7111m

Input:                  	774733 reads 		58469750 bases.
Duplicates:             	34483 reads (4.45%) 	2604384 bases (4.45%)     	0 collisions.
Containments:           	6212 reads (0.80%) 	453430 bases (0.78%)    	1250324 collisions.
Result:                 	734038 reads (94.75%) 	55411936 bases (94.77%)

Sorted output.             Time: 1.029 seconds.
Memory: max=30870m, total=30870m, free=23707m, used=7163m

Printed output.            Time: 7.311 seconds.
Memory: max=30870m, total=30870m, free=23513m, used=7357m

Time:                         	14.815 seconds.
Reads Processed:        774k 	52.29k reads/sec
Bases Processed:      58469k 	3.95m bases/sec
