java -ea -Xmx30g -Xms30g -cp /home/gregg_thomas/bin/bbmap/current/ jgi.Dedupe -Xmx30g t=1 in=/scratch/gregg_thomas/Murinae-seq/03A-Merged/Bulimus-bagobus/nextseq-single-1/JAE1712_S26_L004_R1_001.fastp.decon.fastq.gz ordered=t overwrite=true minidentity=100 out=/scratch/gregg_thomas/Murinae-seq/04A-Dedup/Bulimus-bagobus/nextseq-single-1/JAE1712_S26_L004_R1_001.fastp.decon.dedup.fastq.gz
Executing jgi.Dedupe [-Xmx30g, t=1, in=/scratch/gregg_thomas/Murinae-seq/03A-Merged/Bulimus-bagobus/nextseq-single-1/JAE1712_S26_L004_R1_001.fastp.decon.fastq.gz, ordered=t, overwrite=true, minidentity=100, out=/scratch/gregg_thomas/Murinae-seq/04A-Dedup/Bulimus-bagobus/nextseq-single-1/JAE1712_S26_L004_R1_001.fastp.decon.dedup.fastq.gz]
Version 38.73

Set threads to 1
Initial:
Memory: max=30870m, total=30870m, free=30386m, used=484m

Found 13086 duplicates.
Finished exact matches.    Time: 5.275 seconds.
Memory: max=30870m, total=30870m, free=22903m, used=7967m

Found 1687 contained sequences.
Finished containment.      Time: 2.314 seconds.
Memory: max=30870m, total=30870m, free=29945m, used=925m

Removed 1687 invalid entries.
Finished invalid removal.  Time: 0.106 seconds.
Memory: max=30870m, total=30870m, free=29945m, used=925m

Input:                  	460237 reads 		34764820 bases.
Duplicates:             	13086 reads (2.84%) 	989169 bases (2.85%)     	0 collisions.
Containments:           	1687 reads (0.37%) 	124934 bases (0.36%)    	326435 collisions.
Result:                 	445464 reads (96.79%) 	33650717 bases (96.80%)

Sorted output.             Time: 0.184 seconds.
Memory: max=30870m, total=30870m, free=29945m, used=925m

Printed output.            Time: 5.055 seconds.
Memory: max=30870m, total=30870m, free=29619m, used=1251m

Time:                         	12.952 seconds.
Reads Processed:        460k 	35.54k reads/sec
Bases Processed:      34764k 	2.68m bases/sec
