java -ea -Xmx30g -Xms30g -cp /home/gregg_thomas/bin/bbmap/current/ jgi.Dedupe -Xmx30g t=1 in=/scratch/gregg_thomas/Murinae-seq/03A-Merged/Bulimus-bagobus/nextseq-single-2/JAE1712_S26_L002_R1_001.fastp.decon.fastq.gz ordered=t overwrite=true minidentity=100 out=/scratch/gregg_thomas/Murinae-seq/04A-Dedup/Bulimus-bagobus/nextseq-single-2/JAE1712_S26_L002_R1_001.fastp.decon.dedup.fastq.gz
Executing jgi.Dedupe [-Xmx30g, t=1, in=/scratch/gregg_thomas/Murinae-seq/03A-Merged/Bulimus-bagobus/nextseq-single-2/JAE1712_S26_L002_R1_001.fastp.decon.fastq.gz, ordered=t, overwrite=true, minidentity=100, out=/scratch/gregg_thomas/Murinae-seq/04A-Dedup/Bulimus-bagobus/nextseq-single-2/JAE1712_S26_L002_R1_001.fastp.decon.dedup.fastq.gz]
Version 38.73

Set threads to 1
Initial:
Memory: max=30870m, total=30870m, free=30386m, used=484m

Found 10598 duplicates.
Finished exact matches.    Time: 6.720 seconds.
Memory: max=30870m, total=30870m, free=23176m, used=7694m

Found 1388 contained sequences.
Finished containment.      Time: 1.870 seconds.
Memory: max=30870m, total=30870m, free=30279m, used=591m

Removed 1388 invalid entries.
Finished invalid removal.  Time: 0.087 seconds.
Memory: max=30870m, total=30870m, free=30279m, used=591m

Input:                  	406380 reads 		30694960 bases.
Duplicates:             	10598 reads (2.61%) 	801045 bases (2.61%)     	0 collisions.
Containments:           	1388 reads (0.34%) 	102889 bases (0.34%)    	257673 collisions.
Result:                 	394394 reads (97.05%) 	29791026 bases (97.06%)

Sorted output.             Time: 0.173 seconds.
Memory: max=30870m, total=30870m, free=30279m, used=591m

Printed output.            Time: 4.027 seconds.
Memory: max=30870m, total=30870m, free=30036m, used=834m

Time:                         	12.892 seconds.
Reads Processed:        406k 	31.52k reads/sec
Bases Processed:      30694k 	2.38m bases/sec
