java -ea -Xmx30g -Xms30g -cp /home/gregg_thomas/bin/bbmap/current/ jgi.Dedupe -Xmx30g t=1 in1=/scratch/gregg_thomas/Murinae-seq/03A-Merged/Bunomys-chrysocomus/nextseq-paired-2/JAE4867_S30_L004_R1_001.fastp.decon.unmerged.fastq.gz in2=/scratch/gregg_thomas/Murinae-seq/03A-Merged/Bunomys-chrysocomus/nextseq-paired-2/JAE4867_S30_L004_R2_001.fastp.decon.unmerged.fastq.gz ordered=t overwrite=true minidentity=100 out=/scratch/gregg_thomas/Murinae-seq/04A-intermediate/Bunomys-chrysocomus/nextseq-paired-2/JAE4867_S30_L004_001.fastp.decon.unmerged.fastq.gz
Executing jgi.Dedupe [-Xmx30g, t=1, in1=/scratch/gregg_thomas/Murinae-seq/03A-Merged/Bunomys-chrysocomus/nextseq-paired-2/JAE4867_S30_L004_R1_001.fastp.decon.unmerged.fastq.gz, in2=/scratch/gregg_thomas/Murinae-seq/03A-Merged/Bunomys-chrysocomus/nextseq-paired-2/JAE4867_S30_L004_R2_001.fastp.decon.unmerged.fastq.gz, ordered=t, overwrite=true, minidentity=100, out=/scratch/gregg_thomas/Murinae-seq/04A-intermediate/Bunomys-chrysocomus/nextseq-paired-2/JAE4867_S30_L004_001.fastp.decon.unmerged.fastq.gz]
Version 38.73

Set threads to 1
Initial:
Memory: max=30870m, total=30870m, free=30547m, used=323m

Set absorbContainment to false because it is not currently supported for paired reads.
Found 196732 duplicates.
Finished exact matches.    Time: 21.325 seconds.
Memory: max=30870m, total=30870m, free=26004m, used=4866m

Input:                  	4031562 reads 		304180356 bases.
Duplicates:             	196732 reads (4.88%) 	14853648 bases (4.88%)     	128890 collisions.
Result:                 	3834830 reads (95.12%) 	289326708 bases (95.12%)

Sorted output.             Time: 1.104 seconds.
Memory: max=30870m, total=30870m, free=26004m, used=4866m

Printed output.            Time: 17.646 seconds.
Memory: max=30870m, total=30870m, free=24682m, used=6188m

Time:                         	40.094 seconds.
Reads Processed:       4031k 	100.55k reads/sec
Bases Processed:        304m 	7.59m bases/sec
