java -ea -Xmx30g -Xms30g -cp /home/gregg_thomas/bin/bbmap/current/ jgi.Dedupe -Xmx30g t=1 in1=/scratch/gregg_thomas/Murinae-seq/03A-Merged/Bunomys-chrysocomus/nextseq-paired-2/JAE4867_S30_L002_R1_001.fastp.decon.unmerged.fastq.gz in2=/scratch/gregg_thomas/Murinae-seq/03A-Merged/Bunomys-chrysocomus/nextseq-paired-2/JAE4867_S30_L002_R2_001.fastp.decon.unmerged.fastq.gz ordered=t overwrite=true minidentity=100 out=/scratch/gregg_thomas/Murinae-seq/04A-intermediate/Bunomys-chrysocomus/nextseq-paired-2/JAE4867_S30_L002_001.fastp.decon.unmerged.fastq.gz
Executing jgi.Dedupe [-Xmx30g, t=1, in1=/scratch/gregg_thomas/Murinae-seq/03A-Merged/Bunomys-chrysocomus/nextseq-paired-2/JAE4867_S30_L002_R1_001.fastp.decon.unmerged.fastq.gz, in2=/scratch/gregg_thomas/Murinae-seq/03A-Merged/Bunomys-chrysocomus/nextseq-paired-2/JAE4867_S30_L002_R2_001.fastp.decon.unmerged.fastq.gz, ordered=t, overwrite=true, minidentity=100, out=/scratch/gregg_thomas/Murinae-seq/04A-intermediate/Bunomys-chrysocomus/nextseq-paired-2/JAE4867_S30_L002_001.fastp.decon.unmerged.fastq.gz]
Version 38.73

Set threads to 1
Initial:
Memory: max=30870m, total=30870m, free=30386m, used=484m

Set absorbContainment to false because it is not currently supported for paired reads.
Found 175448 duplicates.
Finished exact matches.    Time: 25.584 seconds.
Memory: max=30870m, total=30870m, free=26004m, used=4866m

Input:                  	3894694 reads 		293846490 bases.
Duplicates:             	175448 reads (4.50%) 	13245991 bases (4.51%)     	121687 collisions.
Result:                 	3719246 reads (95.50%) 	280600499 bases (95.49%)

Sorted output.             Time: 1.231 seconds.
Memory: max=30870m, total=30870m, free=26004m, used=4866m

Printed output.            Time: 14.653 seconds.
Memory: max=30870m, total=30870m, free=24843m, used=6027m

Time:                         	41.487 seconds.
Reads Processed:       3894k 	93.88k reads/sec
Bases Processed:        293m 	7.08m bases/sec
