java -ea -Xmx30g -Xms30g -cp /home/gregg_thomas/bin/bbmap/current/ jgi.Dedupe -Xmx30g t=1 in=/scratch/gregg_thomas/Murinae-seq/03A-Merged/Bunomys-chrysocomus/nextseq-paired-2/JAE4867_S30_L002_001.fastp.decon.merged.fastq.gz ordered=t overwrite=true minidentity=100 out=/scratch/gregg_thomas/Murinae-seq/04A-Dedup/Bunomys-chrysocomus/nextseq-paired-2/JAE4867_S30_L002_001.fastp.decon.merged.dedup.fastq.gz
Executing jgi.Dedupe [-Xmx30g, t=1, in=/scratch/gregg_thomas/Murinae-seq/03A-Merged/Bunomys-chrysocomus/nextseq-paired-2/JAE4867_S30_L002_001.fastp.decon.merged.fastq.gz, ordered=t, overwrite=true, minidentity=100, out=/scratch/gregg_thomas/Murinae-seq/04A-Dedup/Bunomys-chrysocomus/nextseq-paired-2/JAE4867_S30_L002_001.fastp.decon.merged.dedup.fastq.gz]
Version 38.73

Set threads to 1
Initial:
Memory: max=30870m, total=30870m, free=30547m, used=323m

Found 103947 duplicates.
Finished exact matches.    Time: 11.101 seconds.
Memory: max=30870m, total=30870m, free=22822m, used=8048m

Found 268522 contained sequences.
Finished containment.      Time: 6.392 seconds.
Memory: max=30870m, total=30870m, free=29316m, used=1554m

Removed 268522 invalid entries.
Finished invalid removal.  Time: 0.290 seconds.
Memory: max=30870m, total=30870m, free=29316m, used=1554m

Input:                  	798136 reads 		123350412 bases.
Duplicates:             	103947 reads (13.02%) 	16184273 bases (13.12%)     	0 collisions.
Containments:           	268522 reads (33.64%) 	39585295 bases (32.09%)    	1824549 collisions.
Result:                 	425667 reads (53.33%) 	67580844 bases (54.79%)

Sorted output.             Time: 0.250 seconds.
Memory: max=30870m, total=30870m, free=29316m, used=1554m

Printed output.            Time: 3.614 seconds.
Memory: max=30870m, total=30870m, free=29020m, used=1850m

Time:                         	21.669 seconds.
Reads Processed:        798k 	36.83k reads/sec
Bases Processed:        123m 	5.69m bases/sec
