java -ea -Xmx30g -Xms30g -cp /home/gregg_thomas/bin/bbmap/current/ jgi.Dedupe -Xmx30g t=1 in=/scratch/gregg_thomas/Murinae-seq/03A-Merged/Chiropodomys-gliroides/nextseq-single-2/Z25153_S54_L004_R1_001.fastp.decon.fastq.gz ordered=t overwrite=true minidentity=100 out=/scratch/gregg_thomas/Murinae-seq/04A-Dedup/Chiropodomys-gliroides/nextseq-single-2/Z25153_S54_L004_R1_001.fastp.decon.dedup.fastq.gz
Executing jgi.Dedupe [-Xmx30g, t=1, in=/scratch/gregg_thomas/Murinae-seq/03A-Merged/Chiropodomys-gliroides/nextseq-single-2/Z25153_S54_L004_R1_001.fastp.decon.fastq.gz, ordered=t, overwrite=true, minidentity=100, out=/scratch/gregg_thomas/Murinae-seq/04A-Dedup/Chiropodomys-gliroides/nextseq-single-2/Z25153_S54_L004_R1_001.fastp.decon.dedup.fastq.gz]
Version 38.73

Set threads to 1
Initial:
Memory: max=30870m, total=30870m, free=30386m, used=484m

Found 8881 duplicates.
Finished exact matches.    Time: 4.255 seconds.
Memory: max=30870m, total=30870m, free=23311m, used=7559m

Found 1068 contained sequences.
Finished containment.      Time: 2.338 seconds.
Memory: max=30870m, total=30870m, free=22791m, used=8079m

Removed 1068 invalid entries.
Finished invalid removal.  Time: 0.082 seconds.
Memory: max=30870m, total=30870m, free=22791m, used=8079m

Input:                  	385759 reads 		29134081 bases.
Duplicates:             	8881 reads (2.30%) 	670904 bases (2.30%)     	0 collisions.
Containments:           	1068 reads (0.28%) 	79048 bases (0.27%)    	267726 collisions.
Result:                 	375810 reads (97.42%) 	28384129 bases (97.43%)

Sorted output.             Time: 0.112 seconds.
Memory: max=30870m, total=30870m, free=22791m, used=8079m

Printed output.            Time: 2.980 seconds.
Memory: max=30870m, total=30870m, free=30614m, used=256m

Time:                         	9.784 seconds.
Reads Processed:        385k 	39.43k reads/sec
Bases Processed:      29134k 	2.98m bases/sec
