java -ea -Xmx30g -Xms30g -cp /home/gregg_thomas/bin/bbmap/current/ jgi.Dedupe -Xmx30g t=1 in1=/scratch/gregg_thomas/Murinae-seq/03A-Merged/Chiropodomys-gliroides/miseq-paired/Z25153_S29_L001_R1_001.fastp.decon.unmerged.fastq.gz in2=/scratch/gregg_thomas/Murinae-seq/03A-Merged/Chiropodomys-gliroides/miseq-paired/Z25153_S29_L001_R2_001.fastp.decon.unmerged.fastq.gz ordered=t overwrite=true minidentity=100 out=/scratch/gregg_thomas/Murinae-seq/04A-intermediate/Chiropodomys-gliroides/miseq-paired/Z25153_S29_L001_001.fastp.decon.unmerged.fastq.gz
Executing jgi.Dedupe [-Xmx30g, t=1, in1=/scratch/gregg_thomas/Murinae-seq/03A-Merged/Chiropodomys-gliroides/miseq-paired/Z25153_S29_L001_R1_001.fastp.decon.unmerged.fastq.gz, in2=/scratch/gregg_thomas/Murinae-seq/03A-Merged/Chiropodomys-gliroides/miseq-paired/Z25153_S29_L001_R2_001.fastp.decon.unmerged.fastq.gz, ordered=t, overwrite=true, minidentity=100, out=/scratch/gregg_thomas/Murinae-seq/04A-intermediate/Chiropodomys-gliroides/miseq-paired/Z25153_S29_L001_001.fastp.decon.unmerged.fastq.gz]
Version 38.73

Set threads to 1
Initial:
Memory: max=30870m, total=30870m, free=30547m, used=323m

Set absorbContainment to false because it is not currently supported for paired reads.
Found 3488 duplicates.
Finished exact matches.    Time: 8.593 seconds.
Memory: max=30870m, total=30870m, free=28776m, used=2094m

Input:                  	537838 reads 		41931988 bases.
Duplicates:             	3488 reads (0.65%) 	271972 bases (0.65%)     	2477 collisions.
Result:                 	534350 reads (99.35%) 	41660016 bases (99.35%)

Sorted output.             Time: 0.303 seconds.
Memory: max=30870m, total=30870m, free=28776m, used=2094m

Printed output.            Time: 6.610 seconds.
Memory: max=30870m, total=30870m, free=28776m, used=2094m

Time:                         	11.656 seconds.
Reads Processed:        537k 	46.14k reads/sec
Bases Processed:      41931k 	3.60m bases/sec

