java -ea -Xmx30g -Xms30g -cp /home/gregg_thomas/bin/bbmap/current/ jgi.Dedupe -Xmx30g t=1 in=/scratch/gregg_thomas/Murinae-seq/03A-Merged/Chrotomys-mindorensis/nextseq-single-1/JAE520_S27_L003_R1_001.fastp.decon.fastq.gz ordered=t overwrite=true minidentity=100 out=/scratch/gregg_thomas/Murinae-seq/04A-Dedup/Chrotomys-mindorensis/nextseq-single-1/JAE520_S27_L003_R1_001.fastp.decon.dedup.fastq.gz
Executing jgi.Dedupe [-Xmx30g, t=1, in=/scratch/gregg_thomas/Murinae-seq/03A-Merged/Chrotomys-mindorensis/nextseq-single-1/JAE520_S27_L003_R1_001.fastp.decon.fastq.gz, ordered=t, overwrite=true, minidentity=100, out=/scratch/gregg_thomas/Murinae-seq/04A-Dedup/Chrotomys-mindorensis/nextseq-single-1/JAE520_S27_L003_R1_001.fastp.decon.dedup.fastq.gz]
Version 38.73

Set threads to 1
Initial:
Memory: max=30870m, total=30870m, free=30386m, used=484m

Found 16752 duplicates.
Finished exact matches.    Time: 3.081 seconds.
Memory: max=30870m, total=30870m, free=25217m, used=5653m

Found 2266 contained sequences.
Finished containment.      Time: 2.448 seconds.
Memory: max=30870m, total=30870m, free=24785m, used=6085m

Removed 2266 invalid entries.
Finished invalid removal.  Time: 0.108 seconds.
Memory: max=30870m, total=30870m, free=24785m, used=6085m

Input:                  	566818 reads 		42813831 bases.
Duplicates:             	16752 reads (2.96%) 	1266158 bases (2.96%)     	0 collisions.
Containments:           	2266 reads (0.40%) 	167692 bases (0.39%)    	410359 collisions.
Result:                 	547800 reads (96.64%) 	41379981 bases (96.65%)

Sorted output.             Time: 0.202 seconds.
Memory: max=30870m, total=30870m, free=24785m, used=6085m

Printed output.            Time: 2.473 seconds.
Memory: max=30870m, total=30870m, free=24626m, used=6244m

Time:                         	8.327 seconds.
Reads Processed:        566k 	68.07k reads/sec
Bases Processed:      42813k 	5.14m bases/sec
