java -ea -Xmx30g -Xms30g -cp /home/gregg_thomas/bin/bbmap/current/ jgi.Dedupe -Xmx30g t=1 in1=/scratch/gregg_thomas/Murinae-seq/03A-Merged/Colomys-goslingi/nextseq-paired-1/TCD4175_S11_R1_001.fastp.decon.unmerged.fastq.gz in2=/scratch/gregg_thomas/Murinae-seq/03A-Merged/Colomys-goslingi/nextseq-paired-1/TCD4175_S11_R2_001.fastp.decon.unmerged.fastq.gz ordered=t overwrite=true minidentity=100 out=/scratch/gregg_thomas/Murinae-seq/04A-intermediate/Colomys-goslingi/nextseq-paired-1/TCD4175_S11_001.fastp.decon.unmerged.fastq.gz
Executing jgi.Dedupe [-Xmx30g, t=1, in1=/scratch/gregg_thomas/Murinae-seq/03A-Merged/Colomys-goslingi/nextseq-paired-1/TCD4175_S11_R1_001.fastp.decon.unmerged.fastq.gz, in2=/scratch/gregg_thomas/Murinae-seq/03A-Merged/Colomys-goslingi/nextseq-paired-1/TCD4175_S11_R2_001.fastp.decon.unmerged.fastq.gz, ordered=t, overwrite=true, minidentity=100, out=/scratch/gregg_thomas/Murinae-seq/04A-intermediate/Colomys-goslingi/nextseq-paired-1/TCD4175_S11_001.fastp.decon.unmerged.fastq.gz]
Version 38.73

Set threads to 1
Initial:
Memory: max=30870m, total=30870m, free=30386m, used=484m

Set absorbContainment to false because it is not currently supported for paired reads.
Found 990232 duplicates.
Finished exact matches.    Time: 83.015 seconds.
Memory: max=30870m, total=30870m, free=22435m, used=8435m

Input:                  	11444352 reads 		857708655 bases.
Duplicates:             	990232 reads (8.65%) 	74216946 bases (8.65%)     	1035600 collisions.
Result:                 	10454120 reads (91.35%) 	783491709 bases (91.35%)

Sorted output.             Time: 5.393 seconds.
Memory: max=30870m, total=30870m, free=22033m, used=8837m

Printed output.            Time: 42.748 seconds.
Memory: max=30870m, total=30870m, free=18881m, used=11989m

Time:                         	131.184 seconds.
Reads Processed:      11444k 	87.24k reads/sec
Bases Processed:        857m 	6.54m bases/sec
