java -ea -Xmx30g -Xms30g -cp /home/gregg_thomas/bin/bbmap/current/ jgi.Dedupe -Xmx30g t=1 in=/scratch/gregg_thomas/Murinae-seq/03A-Merged/Conilurus-albipes/seq-run-2/53930_HTVLWBCX2_TGCGTCC_S18_L001_001.fastp.decon.merged.fastq.gz ordered=t overwrite=true minidentity=100 out=/scratch/gregg_thomas/Murinae-seq/04A-Dedup/Conilurus-albipes/seq-run-2/53930_HTVLWBCX2_TGCGTCC_S18_L001_001.fastp.decon.merged.dedup.fastq.gz
Executing jgi.Dedupe [-Xmx30g, t=1, in=/scratch/gregg_thomas/Murinae-seq/03A-Merged/Conilurus-albipes/seq-run-2/53930_HTVLWBCX2_TGCGTCC_S18_L001_001.fastp.decon.merged.fastq.gz, ordered=t, overwrite=true, minidentity=100, out=/scratch/gregg_thomas/Murinae-seq/04A-Dedup/Conilurus-albipes/seq-run-2/53930_HTVLWBCX2_TGCGTCC_S18_L001_001.fastp.decon.merged.dedup.fastq.gz]
Version 38.73

Set threads to 1
Initial:
Memory: max=30870m, total=30870m, free=30386m, used=484m

Found 3196202 duplicates.
Finished exact matches.    Time: 178.153 seconds.
Memory: max=28633m, total=28633m, free=16421m, used=12212m

Found 7105335 contained sequences.
Finished containment.      Time: 472.536 seconds.
Memory: max=28633m, total=28633m, free=17641m, used=10992m

Removed 7105335 invalid entries.
Finished invalid removal.  Time: 4.563 seconds.
Memory: max=28633m, total=28633m, free=17475m, used=11158m

Input:                  	15857554 reads 		1768449594 bases.
Duplicates:             	3196202 reads (20.16%) 	330940686 bases (18.71%)     	0 collisions.
Containments:           	7105335 reads (44.81%) 	745517221 bases (42.16%)    	2380342785 collisions.
Result:                 	5556017 reads (35.04%) 	691991687 bases (39.13%)

Sorted output.             Time: 2.292 seconds.
Memory: max=28633m, total=28633m, free=17453m, used=11180m

Printed output.            Time: 40.512 seconds.
Memory: max=28633m, total=28633m, free=15194m, used=13439m

Time:                         	698.081 seconds.
Reads Processed:      15857k 	22.72k reads/sec
Bases Processed:       1768m 	2.53m bases/sec
