java -ea -Xmx30g -Xms30g -cp /home/gregg_thomas/bin/bbmap/current/ jgi.Dedupe -Xmx30g t=1 in=/scratch/gregg_thomas/Murinae-seq/03A-Merged/Crateromys-heaneyi/hiseq4000-paired-1/REC4_CKDL190143343-1a-D702-AK1544_H7275BBXX_L2_.fastp.decon.merged.fastq.gz ordered=t overwrite=true minidentity=100 out=/scratch/gregg_thomas/Murinae-seq/04A-Dedup/Crateromys-heaneyi/hiseq4000-paired-1/REC4_CKDL190143343-1a-D702-AK1544_H7275BBXX_L2_.fastp.decon.merged.dedup.fastq.gz
Executing jgi.Dedupe [-Xmx30g, t=1, in=/scratch/gregg_thomas/Murinae-seq/03A-Merged/Crateromys-heaneyi/hiseq4000-paired-1/REC4_CKDL190143343-1a-D702-AK1544_H7275BBXX_L2_.fastp.decon.merged.fastq.gz, ordered=t, overwrite=true, minidentity=100, out=/scratch/gregg_thomas/Murinae-seq/04A-Dedup/Crateromys-heaneyi/hiseq4000-paired-1/REC4_CKDL190143343-1a-D702-AK1544_H7275BBXX_L2_.fastp.decon.merged.dedup.fastq.gz]
Version 38.73

Set threads to 1
Initial:
Memory: max=30870m, total=30870m, free=30386m, used=484m

Found 3709516 duplicates.
Finished exact matches.    Time: 166.641 seconds.
Memory: max=30870m, total=30870m, free=18750m, used=12120m
FFound 3726554 contained sequences.
Finished containment.      Time: 302.890 seconds.
Memory: max=28633m, total=26396m, free=18789m, used=7607m

Removed 3726554 invalid entries.
Finished invalid removal.  Time: 3.496 seconds.
Memory: max=28633m, total=26396m, free=18695m, used=7701m

Input:                  	10016895 reads 		2446439991 bases.
Duplicates:             	3709516 reads (37.03%) 	909116008 bases (37.16%)     	0 collisions.
Containments:           	3726554 reads (37.20%) 	813024048 bases (33.23%)    	285123777 collisions.
Result:                 	2580825 reads (25.76%) 	724299935 bases (29.61%)

Sorted output.             Time: 2.184 seconds.
Memory: max=28633m, total=26396m, free=18602m, used=7794m
PPrinted output.            Time: 48.075 seconds.
Memory: max=28633m, total=26396m, free=16662m, used=9734m

Time:                         	523.310 seconds.
Reads Processed:      10016k 	19.14k reads/sec
Bases Processed:       2446m 	4.67m bases/sec
