java -ea -Xmx30g -Xms30g -cp /home/gregg_thomas/bin/bbmap/current/ jgi.Dedupe -Xmx30g t=1 in=/scratch/gregg_thomas/Murinae-seq/03A-Merged/Crunomys-celebensis/nextseq-single-1/Z21894_S42_L004_R1_001.fastp.decon.fastq.gz ordered=t overwrite=true minidentity=100 out=/scratch/gregg_thomas/Murinae-seq/04A-Dedup/Crunomys-celebensis/nextseq-single-1/Z21894_S42_L004_R1_001.fastp.decon.dedup.fastq.gz
Executing jgi.Dedupe [-Xmx30g, t=1, in=/scratch/gregg_thomas/Murinae-seq/03A-Merged/Crunomys-celebensis/nextseq-single-1/Z21894_S42_L004_R1_001.fastp.decon.fastq.gz, ordered=t, overwrite=true, minidentity=100, out=/scratch/gregg_thomas/Murinae-seq/04A-Dedup/Crunomys-celebensis/nextseq-single-1/Z21894_S42_L004_R1_001.fastp.decon.dedup.fastq.gz]
Version 38.73

Set threads to 1
Initial:
Memory: max=30870m, total=30870m, free=30386m, used=484m

Found 12700 duplicates.
Finished exact matches.    Time: 18.978 seconds.
Memory: max=30870m, total=30870m, free=25239m, used=5631m

Found 1871 contained sequences.
Finished containment.      Time: 5.635 seconds.
Memory: max=30870m, total=30870m, free=24896m, used=5974m

Removed 1871 invalid entries.
Finished invalid removal.  Time: 0.086 seconds.
Memory: max=30870m, total=30870m, free=24896m, used=5974m

Input:                  	483822 reads 		36546164 bases.
Duplicates:             	12700 reads (2.62%) 	959724 bases (2.63%)     	0 collisions.
Containments:           	1871 reads (0.39%) 	138657 bases (0.38%)    	440862 collisions.
Result:                 	469251 reads (96.99%) 	35447783 bases (96.99%)

Sorted output.             Time: 0.167 seconds.
Memory: max=30870m, total=30870m, free=24896m, used=5974m

Printed output.            Time: 2.824 seconds.
Memory: max=30870m, total=30870m, free=24656m, used=6214m

Time:                         	27.711 seconds.
Reads Processed:        483k 	17.46k reads/sec
Bases Processed:      36546k 	1.32m bases/sec
