java -ea -Xmx30g -Xms30g -cp /home/gregg_thomas/bin/bbmap/current/ jgi.Dedupe -Xmx30g t=1 in=/scratch/gregg_thomas/Murinae-seq/03A-Merged/Crunomys-sp./hiseq4000-paired-1/REC6_CKDL190143344-1a-D704-AK1544_H7275BBXX_L3_.fastp.decon.merged.fastq.gz ordered=t overwrite=true minidentity=100 out=/scratch/gregg_thomas/Murinae-seq/04A-Dedup/Crunomys-sp./hiseq4000-paired-1/REC6_CKDL190143344-1a-D704-AK1544_H7275BBXX_L3_.fastp.decon.merged.dedup.fastq.gz
Executing jgi.Dedupe [-Xmx30g, t=1, in=/scratch/gregg_thomas/Murinae-seq/03A-Merged/Crunomys-sp./hiseq4000-paired-1/REC6_CKDL190143344-1a-D704-AK1544_H7275BBXX_L3_.fastp.decon.merged.fastq.gz, ordered=t, overwrite=true, minidentity=100, out=/scratch/gregg_thomas/Murinae-seq/04A-Dedup/Crunomys-sp./hiseq4000-paired-1/REC6_CKDL190143344-1a-D704-AK1544_H7275BBXX_L3_.fastp.decon.merged.dedup.fastq.gz]
Version 38.73

Set threads to 1
Initial:
Memory: max=30870m, total=30870m, free=30386m, used=484m

Found 3575366 duplicates.
Finished exact matches.    Time: 134.835 seconds.
Memory: max=28633m, total=26396m, free=18713m, used=7683m

Found 3249467 contained sequences.
Finished containment.      Time: 256.618 seconds.
Memory: max=29477m, total=29477m, free=20527m, used=8950m

Removed 3249467 invalid entries.
Finished invalid removal.  Time: 3.693 seconds.
Memory: max=29477m, total=29477m, free=20474m, used=9003m

Input:                  	9344943 reads 		2295084162 bases.
Duplicates:             	3575366 reads (38.26%) 	885395032 bases (38.58%)     	0 collisions.
Containments:           	3249467 reads (34.77%) 	705819711 bases (30.75%)    	901636184 collisions.
Result:                 	2520110 reads (26.97%) 	703869419 bases (30.67%)

Sorted output.             Time: 1.342 seconds.
Memory: max=29477m, total=29477m, free=20474m, used=9003m

Printed output.            Time: 50.870 seconds.
Memory: max=29477m, total=29477m, free=18551m, used=10926m

Time:                         	473.013 seconds.
Reads Processed:       9344k 	19.76k reads/sec
Bases Processed:       2295m 	4.85m bases/sec
