java -ea -Xmx30g -Xms30g -cp /home/gregg_thomas/bin/bbmap/current/ jgi.Dedupe -Xmx30g t=1 in=/scratch/gregg_thomas/Murinae-seq/03A-Merged/Echiothrix-centrosa/nextseq-paired-1/Z27993_S19_001.fastp.decon.merged.fastq.gz ordered=t overwrite=true minidentity=100 out=/scratch/gregg_thomas/Murinae-seq/04A-Dedup/Echiothrix-centrosa/nextseq-paired-1/Z27993_S19_001.fastp.decon.merged.dedup.fastq.gz
Executing jgi.Dedupe [-Xmx30g, t=1, in=/scratch/gregg_thomas/Murinae-seq/03A-Merged/Echiothrix-centrosa/nextseq-paired-1/Z27993_S19_001.fastp.decon.merged.fastq.gz, ordered=t, overwrite=true, minidentity=100, out=/scratch/gregg_thomas/Murinae-seq/04A-Dedup/Echiothrix-centrosa/nextseq-paired-1/Z27993_S19_001.fastp.decon.merged.dedup.fastq.gz]
Version 38.73

Set threads to 1
Initial:
Memory: max=30870m, total=30870m, free=30386m, used=484m

Found 681963 duplicates.
Finished exact matches.    Time: 20.242 seconds.
Memory: max=30870m, total=30870m, free=24416m, used=6454m

Found 715840 contained sequences.
Finished containment.      Time: 12.486 seconds.
Memory: max=30870m, total=30870m, free=23983m, used=6887m

Removed 715840 invalid entries.
Finished invalid removal.  Time: 1.127 seconds.
Memory: max=30870m, total=30870m, free=23902m, used=6968m

Input:                  	2332453 reads 		363518125 bases.
Duplicates:             	681963 reads (29.24%) 	103911973 bases (28.59%)     	0 collisions.
Containments:           	715840 reads (30.69%) 	107471118 bases (29.56%)    	6233565 collisions.
Result:                 	934650 reads (40.07%) 	152135034 bases (41.85%)

Sorted output.             Time: 0.941 seconds.
Memory: max=30870m, total=30870m, free=23902m, used=6968m

Printed output.            Time: 7.701 seconds.
Memory: max=30870m, total=30870m, free=23256m, used=7614m

Time:                         	42.517 seconds.
Reads Processed:       2332k 	54.86k reads/sec
Bases Processed:        363m 	8.55m bases/sec
