java -ea -Xmx30g -Xms30g -cp /home/gregg_thomas/bin/bbmap/current/ jgi.Dedupe -Xmx30g t=1 in1=/scratch/gregg_thomas/Murinae-seq/03A-Merged/Echiothrix-centrosa/nextseq-paired-2/Z27993_S11_L003_R1_001.fastp.decon.unmerged.fastq.gz in2=/scratch/gregg_thomas/Murinae-seq/03A-Merged/Echiothrix-centrosa/nextseq-paired-2/Z27993_S11_L003_R2_001.fastp.decon.unmerged.fastq.gz ordered=t overwrite=true minidentity=100 out=/scratch/gregg_thomas/Murinae-seq/04A-intermediate/Echiothrix-centrosa/nextseq-paired-2/Z27993_S11_L003_001.fastp.decon.unmerged.fastq.gz
Executing jgi.Dedupe [-Xmx30g, t=1, in1=/scratch/gregg_thomas/Murinae-seq/03A-Merged/Echiothrix-centrosa/nextseq-paired-2/Z27993_S11_L003_R1_001.fastp.decon.unmerged.fastq.gz, in2=/scratch/gregg_thomas/Murinae-seq/03A-Merged/Echiothrix-centrosa/nextseq-paired-2/Z27993_S11_L003_R2_001.fastp.decon.unmerged.fastq.gz, ordered=t, overwrite=true, minidentity=100, out=/scratch/gregg_thomas/Murinae-seq/04A-intermediate/Echiothrix-centrosa/nextseq-paired-2/Z27993_S11_L003_001.fastp.decon.unmerged.fastq.gz]
Version 38.73

Set threads to 1
Initial:
Memory: max=30870m, total=30870m, free=30386m, used=484m

Set absorbContainment to false because it is not currently supported for paired reads.
Found 172650 duplicates.
Finished exact matches.    Time: 14.863 seconds.
Memory: max=30870m, total=30870m, free=26004m, used=4866m

Input:                  	3497594 reads 		263857234 bases.
Duplicates:             	172650 reads (4.94%) 	13026360 bases (4.94%)     	80546 collisions.
Result:                 	3324944 reads (95.06%) 	250830874 bases (95.06%)

Sorted output.             Time: 0.694 seconds.
Memory: max=30870m, total=30870m, free=26004m, used=4866m

Printed output.            Time: 19.221 seconds.
Memory: max=30870m, total=30870m, free=25038m, used=5832m

Time:                         	34.797 seconds.
Reads Processed:       3497k 	100.52k reads/sec
Bases Processed:        263m 	7.58m bases/sec
