java -ea -Xmx30g -Xms30g -cp /home/gregg_thomas/bin/bbmap/current/ jgi.Dedupe -Xmx30g t=1 in=/scratch/gregg_thomas/Murinae-seq/03A-Merged/Echiothrix-centrosa/nextseq-paired-2/Z27993_S11_L003_001.fastp.decon.merged.fastq.gz ordered=t overwrite=true minidentity=100 out=/scratch/gregg_thomas/Murinae-seq/04A-Dedup/Echiothrix-centrosa/nextseq-paired-2/Z27993_S11_L003_001.fastp.decon.merged.dedup.fastq.gz
Executing jgi.Dedupe [-Xmx30g, t=1, in=/scratch/gregg_thomas/Murinae-seq/03A-Merged/Echiothrix-centrosa/nextseq-paired-2/Z27993_S11_L003_001.fastp.decon.merged.fastq.gz, ordered=t, overwrite=true, minidentity=100, out=/scratch/gregg_thomas/Murinae-seq/04A-Dedup/Echiothrix-centrosa/nextseq-paired-2/Z27993_S11_L003_001.fastp.decon.merged.dedup.fastq.gz]
Version 38.73

Set threads to 1
Initial:
Memory: max=30870m, total=30870m, free=30386m, used=484m

Found 61530 duplicates.
Finished exact matches.    Time: 9.639 seconds.
Memory: max=30870m, total=30870m, free=24847m, used=6023m

Found 156980 contained sequences.
Finished containment.      Time: 3.496 seconds.
Memory: max=30870m, total=30870m, free=24450m, used=6420m

Removed 156980 invalid entries.
Finished invalid removal.  Time: 0.214 seconds.
Memory: max=30870m, total=30870m, free=24450m, used=6420m

Input:                  	505630 reads 		78470782 bases.
Duplicates:             	61530 reads (12.17%) 	9480246 bases (12.08%)     	0 collisions.
Containments:           	156980 reads (31.05%) 	23263437 bases (29.65%)    	961032 collisions.
Result:                 	287120 reads (56.78%) 	45727099 bases (58.27%)

Sorted output.             Time: 0.204 seconds.
Memory: max=30870m, total=30870m, free=24450m, used=6420m

Printed output.            Time: 2.162 seconds.
Memory: max=30870m, total=30870m, free=24290m, used=6580m

Time:                         	15.734 seconds.
Reads Processed:        505k 	32.14k reads/sec
Bases Processed:      78470k 	4.99m bases/sec
