java -ea -Xmx30g -Xms30g -cp /home/gregg_thomas/bin/bbmap/current/ jgi.Dedupe -Xmx30g t=1 in1=/scratch/gregg_thomas/Murinae-seq/03A-Merged/Gracillimus-radix/nextseq-paired-1/Z08508_S20_R1_001.fastp.decon.unmerged.fastq.gz in2=/scratch/gregg_thomas/Murinae-seq/03A-Merged/Gracillimus-radix/nextseq-paired-1/Z08508_S20_R2_001.fastp.decon.unmerged.fastq.gz ordered=t overwrite=true minidentity=100 out=/scratch/gregg_thomas/Murinae-seq/04A-intermediate/Gracillimus-radix/nextseq-paired-1/Z08508_S20_001.fastp.decon.unmerged.fastq.gz
Executing jgi.Dedupe [-Xmx30g, t=1, in1=/scratch/gregg_thomas/Murinae-seq/03A-Merged/Gracillimus-radix/nextseq-paired-1/Z08508_S20_R1_001.fastp.decon.unmerged.fastq.gz, in2=/scratch/gregg_thomas/Murinae-seq/03A-Merged/Gracillimus-radix/nextseq-paired-1/Z08508_S20_R2_001.fastp.decon.unmerged.fastq.gz, ordered=t, overwrite=true, minidentity=100, out=/scratch/gregg_thomas/Murinae-seq/04A-intermediate/Gracillimus-radix/nextseq-paired-1/Z08508_S20_001.fastp.decon.unmerged.fastq.gz]
Version 38.73

Set threads to 1
Initial:
Memory: max=30870m, total=30870m, free=30386m, used=484m

Set absorbContainment to false because it is not currently supported for paired reads.
Found 993676 duplicates.
Finished exact matches.    Time: 52.816 seconds.
Memory: max=30870m, total=30870m, free=21765m, used=9105m

Input:                  	12328492 reads 		923739111 bases.
Duplicates:             	993676 reads (8.06%) 	74470496 bases (8.06%)     	965319 collisions.
Result:                 	11334816 reads (91.94%) 	849268615 bases (91.94%)

Sorted output.             Time: 4.333 seconds.
Memory: max=30870m, total=30870m, free=21363m, used=9507m

Printed output.            Time: 44.562 seconds.
Memory: max=30870m, total=30870m, free=25023m, used=5847m

Time:                         	101.735 seconds.
Reads Processed:      12328k 	121.18k reads/sec
Bases Processed:        923m 	9.08m bases/sec
