java -ea -Xmx30g -Xms30g -cp /home/gregg_thomas/bin/bbmap/current/ jgi.Dedupe -Xmx30g t=1 in1=/scratch/gregg_thomas/Murinae-seq/03A-Merged/Haeromys-minahassae/nextseq-paired-2/JAE4996_S31_L004_R1_001.fastp.decon.unmerged.fastq.gz in2=/scratch/gregg_thomas/Murinae-seq/03A-Merged/Haeromys-minahassae/nextseq-paired-2/JAE4996_S31_L004_R2_001.fastp.decon.unmerged.fastq.gz ordered=t overwrite=true minidentity=100 out=/scratch/gregg_thomas/Murinae-seq/04A-intermediate/Haeromys-minahassae/nextseq-paired-2/JAE4996_S31_L004_001.fastp.decon.unmerged.fastq.gz
Executing jgi.Dedupe [-Xmx30g, t=1, in1=/scratch/gregg_thomas/Murinae-seq/03A-Merged/Haeromys-minahassae/nextseq-paired-2/JAE4996_S31_L004_R1_001.fastp.decon.unmerged.fastq.gz, in2=/scratch/gregg_thomas/Murinae-seq/03A-Merged/Haeromys-minahassae/nextseq-paired-2/JAE4996_S31_L004_R2_001.fastp.decon.unmerged.fastq.gz, ordered=t, overwrite=true, minidentity=100, out=/scratch/gregg_thomas/Murinae-seq/04A-intermediate/Haeromys-minahassae/nextseq-paired-2/JAE4996_S31_L004_001.fastp.decon.unmerged.fastq.gz]
Version 38.73

Set threads to 1
Initial:
Memory: max=30870m, total=30870m, free=30386m, used=484m

Set absorbContainment to false because it is not currently supported for paired reads.
Found 185008 duplicates.
Finished exact matches.    Time: 16.786 seconds.
Memory: max=30870m, total=30870m, free=26004m, used=4866m

Input:                  	3926150 reads 		296341758 bases.
Duplicates:             	185008 reads (4.71%) 	13972630 bases (4.72%)     	111176 collisions.
Result:                 	3741142 reads (95.29%) 	282369128 bases (95.28%)

Sorted output.             Time: 0.905 seconds.
Memory: max=30870m, total=30870m, free=26004m, used=4866m

Printed output.            Time: 17.049 seconds.
Memory: max=30870m, total=30870m, free=24843m, used=6027m

Time:                         	34.754 seconds.
Reads Processed:       3926k 	112.97k reads/sec
Bases Processed:        296m 	8.53m bases/sec
