java -ea -Xmx30g -Xms30g -cp /home/gregg_thomas/bin/bbmap/current/ jgi.Dedupe -Xmx30g t=1 in=/scratch/gregg_thomas/Murinae-seq/03A-Merged/Hydromys-chrysogaster/nextseq-single-1/Z5248_S59_L003_R1_001.fastp.decon.fastq.gz ordered=t overwrite=true minidentity=100 out=/scratch/gregg_thomas/Murinae-seq/04A-Dedup/Hydromys-chrysogaster/nextseq-single-1/Z5248_S59_L003_R1_001.fastp.decon.dedup.fastq.gz
Executing jgi.Dedupe [-Xmx30g, t=1, in=/scratch/gregg_thomas/Murinae-seq/03A-Merged/Hydromys-chrysogaster/nextseq-single-1/Z5248_S59_L003_R1_001.fastp.decon.fastq.gz, ordered=t, overwrite=true, minidentity=100, out=/scratch/gregg_thomas/Murinae-seq/04A-Dedup/Hydromys-chrysogaster/nextseq-single-1/Z5248_S59_L003_R1_001.fastp.decon.dedup.fastq.gz]
Version 38.73

Set threads to 1
Initial:
Memory: max=30870m, total=30870m, free=30386m, used=484m

Found 121149 duplicates.
Finished exact matches.    Time: 23.969 seconds.
Memory: max=30870m, total=30870m, free=23003m, used=7867m

Found 2787 contained sequences.
Finished containment.      Time: 8.123 seconds.
Memory: max=30870m, total=30870m, free=30093m, used=777m

Removed 2787 invalid entries.
Finished invalid removal.  Time: 0.104 seconds.
Memory: max=30870m, total=30870m, free=30093m, used=777m

Input:                  	677384 reads 		51142020 bases.
Duplicates:             	121149 reads (17.88%) 	9153894 bases (17.90%)     	0 collisions.
Containments:           	2787 reads (0.41%) 	206076 bases (0.40%)    	514335 collisions.
Result:                 	553448 reads (81.70%) 	41782050 bases (81.70%)

Sorted output.             Time: 0.225 seconds.
Memory: max=30870m, total=30870m, free=30093m, used=777m

Printed output.            Time: 2.320 seconds.
Memory: max=30870m, total=30870m, free=29742m, used=1128m

Time:                         	34.807 seconds.
Reads Processed:        677k 	19.46k reads/sec
Bases Processed:      51142k 	1.47m bases/sec
