java -ea -Xmx30g -Xms30g -cp /home/gregg_thomas/bin/bbmap/current/ jgi.Dedupe -Xmx30g t=1 in=/scratch/gregg_thomas/Murinae-seq/03A-Merged/Hydromys-sp-nov/hiseq4000-paired-1/REC9_CKDL190143343-1a-D707-AK1544_H7275BBXX_L2_.fastp.decon.merged.fastq.gz ordered=t overwrite=true minidentity=100 out=/scratch/gregg_thomas/Murinae-seq/04A-Dedup/Hydromys-sp-nov/hiseq4000-paired-1/REC9_CKDL190143343-1a-D707-AK1544_H7275BBXX_L2_.fastp.decon.merged.dedup.fastq.gz
Executing jgi.Dedupe [-Xmx30g, t=1, in=/scratch/gregg_thomas/Murinae-seq/03A-Merged/Hydromys-sp-nov/hiseq4000-paired-1/REC9_CKDL190143343-1a-D707-AK1544_H7275BBXX_L2_.fastp.decon.merged.fastq.gz, ordered=t, overwrite=true, minidentity=100, out=/scratch/gregg_thomas/Murinae-seq/04A-Dedup/Hydromys-sp-nov/hiseq4000-paired-1/REC9_CKDL190143343-1a-D707-AK1544_H7275BBXX_L2_.fastp.decon.merged.dedup.fastq.gz]
Version 38.73

Set threads to 1
Initial:
Memory: max=30870m, total=30870m, free=30547m, used=323m

Found 4623828 duplicates.
Finished exact matches.    Time: 268.624 seconds.
Memory: max=28633m, total=28266m, free=19111m, used=9155m

Found 5036341 contained sequences.
Finished containment.      Time: 343.047 seconds.
Memory: max=28633m, total=28266m, free=18482m, used=9784m

Removed 5036341 invalid entries.
Finished invalid removal.  Time: 5.414 seconds.
Memory: max=28633m, total=28266m, free=18338m, used=9928m

Input:                  	12347536 reads 		2715621730 bases.
Duplicates:             	4623828 reads (37.45%) 	1018011280 bases (37.49%)     	0 collisions.
Containments:           	5036341 reads (40.79%) 	989490424 bases (36.44%)    	1183916092 collisions.
Result:                 	2687367 reads (21.76%) 	708120026 bases (26.08%)

Sorted output.             Time: 2.473 seconds.
Memory: max=28633m, total=28266m, free=18338m, used=9928m

Printed output.            Time: 46.011 seconds.
Memory: max=28633m, total=28266m, free=16397m, used=11869m

Time:                         	665.592 seconds.
Reads Processed:      12347k 	18.55k reads/sec
Bases Processed:       2715m 	4.08m bases/sec
ec
