java -ea -Xmx30g -Xms30g -cp /home/gregg_thomas/bin/bbmap/current/ jgi.Dedupe -Xmx30g t=1 in1=/scratch/gregg_thomas/Murinae-seq/03A-Merged/Hylomyscus-stella/hiseq4000-paired-1/REC10_CKDL190143343-1a-D708-AK1544_H7275BBXX_L2_R1_.fastp.decon.unmerged.fastq.gz in2=/scratch/gregg_thomas/Murinae-seq/03A-Merged/Hylomyscus-stella/hiseq4000-paired-1/REC10_CKDL190143343-1a-D708-AK1544_H7275BBXX_L2_R2_.fastp.decon.unmerged.fastq.gz ordered=t overwrite=true minidentity=100 out=/scratch/gregg_thomas/Murinae-seq/04A-intermediate/Hylomyscus-stella/hiseq4000-paired-1/REC10_CKDL190143343-1a-D708-AK1544_H7275BBXX_L2_.fastp.decon.unmerged.fastq.gz
Executing jgi.Dedupe [-Xmx30g, t=1, in1=/scratch/gregg_thomas/Murinae-seq/03A-Merged/Hylomyscus-stella/hiseq4000-paired-1/REC10_CKDL190143343-1a-D708-AK1544_H7275BBXX_L2_R1_.fastp.decon.unmerged.fastq.gz, in2=/scratch/gregg_thomas/Murinae-seq/03A-Merged/Hylomyscus-stella/hiseq4000-paired-1/REC10_CKDL190143343-1a-D708-AK1544_H7275BBXX_L2_R2_.fastp.decon.unmerged.fastq.gz, ordered=t, overwrite=true, minidentity=100, out=/scratch/gregg_thomas/Murinae-seq/04A-intermediate/Hylomyscus-stella/hiseq4000-paired-1/REC10_CKDL190143343-1a-D708-AK1544_H7275BBXX_L2_.fastp.decon.unmerged.fastq.gz]
Version 38.73

Set threads to 1
Initial:
Memory: max=30870m, total=30870m, free=30547m, used=323m

Set absorbContainment to false because it is not currently supported for paired reads.
Found 4030286 duplicates.
Finished exact matches.    Time: 313.289 seconds.
Memory: max=30870m, total=30870m, free=14084m, used=16786m

Input:                  	21535896 reads 		3219956806 bases.
Duplicates:             	4030286 reads (18.71%) 	602961066 bases (18.73%)     	2231574 collisions.
Result:                 	17505610 reads (81.29%) 	2616995740 bases (81.27%)

Sorted output.             Time: 17.647 seconds.
Memory: max=30870m, total=30870m, free=14000m, used=16870m

Printed output.            Time: 305.792 seconds.
Memory: max=30870m, total=30870m, free=9418m, used=21452m

Time:                         	636.754 seconds.
Reads Processed:      21535k 	33.82k reads/sec
Bases Processed:       3219m 	5.06m bases/sec
