java -ea -Xmx30g -Xms30g -cp /home/gregg_thomas/bin/bbmap/current/ jgi.Dedupe -Xmx30g t=1 in=/scratch/gregg_thomas/Murinae-seq/03A-Merged/Hylomyscus-vulcanorum/nextseq-single-2/TCD4382_S37_L004_R1_001.fastp.decon.fastq.gz ordered=t overwrite=true minidentity=100 out=/scratch/gregg_thomas/Murinae-seq/04A-Dedup/Hylomyscus-vulcanorum/nextseq-single-2/TCD4382_S37_L004_R1_001.fastp.decon.dedup.fastq.gz
Executing jgi.Dedupe [-Xmx30g, t=1, in=/scratch/gregg_thomas/Murinae-seq/03A-Merged/Hylomyscus-vulcanorum/nextseq-single-2/TCD4382_S37_L004_R1_001.fastp.decon.fastq.gz, ordered=t, overwrite=true, minidentity=100, out=/scratch/gregg_thomas/Murinae-seq/04A-Dedup/Hylomyscus-vulcanorum/nextseq-single-2/TCD4382_S37_L004_R1_001.fastp.decon.dedup.fastq.gz]
Version 38.73

Set threads to 1
Initial:
Memory: max=30870m, total=30870m, free=30547m, used=323m

Found 17806 duplicates.
Finished exact matches.    Time: 17.438 seconds.
Memory: max=30870m, total=30870m, free=24657m, used=6213m

Found 2791 contained sequences.
Finished containment.      Time: 7.629 seconds.
Memory: max=30870m, total=30870m, free=24273m, used=6597m

Removed 2791 invalid entries.
Finished invalid removal.  Time: 0.159 seconds.
Memory: max=30870m, total=30870m, free=24273m, used=6597m

Input:                  	606441 reads 		45808320 bases.
Duplicates:             	17806 reads (2.94%) 	1345777 bases (2.94%)     	0 collisions.
Containments:           	2791 reads (0.46%) 	206754 bases (0.45%)    	684809 collisions.
Result:                 	585844 reads (96.60%) 	44255789 bases (96.61%)

Sorted output.             Time: 0.293 seconds.
Memory: max=30870m, total=30870m, free=24273m, used=6597m

Printed output.            Time: 4.676 seconds.
Memory: max=30870m, total=30870m, free=24109m, used=6761m

Time:                         	30.271 seconds.
Reads Processed:        606k 	20.03k reads/sec
Bases Processed:      45808k 	1.51m bases/sec
