java -ea -Xmx30g -Xms30g -cp /home/gregg_thomas/bin/bbmap/current/ jgi.Dedupe -Xmx30g t=1 in1=/scratch/gregg_thomas/Murinae-seq/03A-Merged/Hylomyscus-vulcanorum/nextseq-paired-1/TCD4382_S13_R1_001.fastp.decon.unmerged.fastq.gz in2=/scratch/gregg_thomas/Murinae-seq/03A-Merged/Hylomyscus-vulcanorum/nextseq-paired-1/TCD4382_S13_R2_001.fastp.decon.unmerged.fastq.gz ordered=t overwrite=true minidentity=100 out=/scratch/gregg_thomas/Murinae-seq/04A-intermediate/Hylomyscus-vulcanorum/nextseq-paired-1/TCD4382_S13_001.fastp.decon.unmerged.fastq.gz
Executing jgi.Dedupe [-Xmx30g, t=1, in1=/scratch/gregg_thomas/Murinae-seq/03A-Merged/Hylomyscus-vulcanorum/nextseq-paired-1/TCD4382_S13_R1_001.fastp.decon.unmerged.fastq.gz, in2=/scratch/gregg_thomas/Murinae-seq/03A-Merged/Hylomyscus-vulcanorum/nextseq-paired-1/TCD4382_S13_R2_001.fastp.decon.unmerged.fastq.gz, ordered=t, overwrite=true, minidentity=100, out=/scratch/gregg_thomas/Murinae-seq/04A-intermediate/Hylomyscus-vulcanorum/nextseq-paired-1/TCD4382_S13_001.fastp.decon.unmerged.fastq.gz]
Version 38.73

Set threads to 1
Initial:
Memory: max=30870m, total=30870m, free=30547m, used=323m

Set absorbContainment to false because it is not currently supported for paired reads.
Found 1068096 duplicates.
Finished exact matches.    Time: 72.773 seconds.
Memory: max=30870m, total=30870m, free=21462m, used=9408m

Input:                  	12539716 reads 		939604401 bases.
Duplicates:             	1068096 reads (8.52%) 	80036241 bases (8.52%)     	921087 collisions.
Result:                 	11471620 reads (91.48%) 	859568160 bases (91.48%)

Sorted output.             Time: 4.306 seconds.
Memory: max=30870m, total=30870m, free=21059m, used=9811m

Printed output.            Time: 45.257 seconds.
Memory: max=30870m, total=30870m, free=24202m, used=6668m

Time:                         	122.373 seconds.
Reads Processed:      12539k 	102.47k reads/sec
Bases Processed:        939m 	7.68m bases/sec
