java -ea -Xmx30g -Xms30g -cp /home/gregg_thomas/bin/bbmap/current/ jgi.Dedupe -Xmx30g t=1 in1=/scratch/gregg_thomas/Murinae-seq/03A-Merged/Hyorhinomys-stuempkei/nextseq-paired-2/JAE4661_S40_L002_R1_001.fastp.decon.unmerged.fastq.gz in2=/scratch/gregg_thomas/Murinae-seq/03A-Merged/Hyorhinomys-stuempkei/nextseq-paired-2/JAE4661_S40_L002_R2_001.fastp.decon.unmerged.fastq.gz ordered=t overwrite=true minidentity=100 out=/scratch/gregg_thomas/Murinae-seq/04A-intermediate/Hyorhinomys-stuempkei/nextseq-paired-2/JAE4661_S40_L002_001.fastp.decon.unmerged.fastq.gz
Executing jgi.Dedupe [-Xmx30g, t=1, in1=/scratch/gregg_thomas/Murinae-seq/03A-Merged/Hyorhinomys-stuempkei/nextseq-paired-2/JAE4661_S40_L002_R1_001.fastp.decon.unmerged.fastq.gz, in2=/scratch/gregg_thomas/Murinae-seq/03A-Merged/Hyorhinomys-stuempkei/nextseq-paired-2/JAE4661_S40_L002_R2_001.fastp.decon.unmerged.fastq.gz, ordered=t, overwrite=true, minidentity=100, out=/scratch/gregg_thomas/Murinae-seq/04A-intermediate/Hyorhinomys-stuempkei/nextseq-paired-2/JAE4661_S40_L002_001.fastp.decon.unmerged.fastq.gz]
Version 38.73

Set threads to 1
Initial:
Memory: max=30870m, total=30870m, free=30547m, used=323m

Set absorbContainment to false because it is not currently supported for paired reads.
Found 189766 duplicates.
Finished exact matches.    Time: 69.894 seconds.
Memory: max=30870m, total=30870m, free=26004m, used=4866m

Input:                  	3734908 reads 		281846278 bases.
Duplicates:             	189766 reads (5.08%) 	14326285 bases (5.08%)     	96724 collisions.
Result:                 	3545142 reads (94.92%) 	267519993 bases (94.92%)

Sorted output.             Time: 5.571 seconds.
Memory: max=30870m, total=30870m, free=26004m, used=4866m

Printed output.            Time: 39.769 seconds.
Memory: max=30870m, total=30870m, free=24843m, used=6027m

Time:                         	115.264 seconds.
Reads Processed:       3734k 	32.40k reads/sec
Bases Processed:        281m 	2.45m bases/sec
