java -ea -Xmx30g -Xms30g -cp /home/gregg_thomas/bin/bbmap/current/ jgi.Dedupe -Xmx30g t=1 in=/scratch/gregg_thomas/Murinae-seq/03A-Merged/Leggadina-forresti/seq-run-2/52918_AH7T7NBCX2_CTGCGAC_S1_L002_001.fastp.decon.merged.fastq.gz ordered=t overwrite=true minidentity=100 out=/scratch/gregg_thomas/Murinae-seq/04A-Dedup/Leggadina-forresti/seq-run-2/52918_AH7T7NBCX2_CTGCGAC_S1_L002_001.fastp.decon.merged.dedup.fastq.gz
Executing jgi.Dedupe [-Xmx30g, t=1, in=/scratch/gregg_thomas/Murinae-seq/03A-Merged/Leggadina-forresti/seq-run-2/52918_AH7T7NBCX2_CTGCGAC_S1_L002_001.fastp.decon.merged.fastq.gz, ordered=t, overwrite=true, minidentity=100, out=/scratch/gregg_thomas/Murinae-seq/04A-Dedup/Leggadina-forresti/seq-run-2/52918_AH7T7NBCX2_CTGCGAC_S1_L002_001.fastp.decon.merged.dedup.fastq.gz]
Version 38.73

Set threads to 1
Initial:
Memory: max=30870m, total=30870m, free=30386m, used=484m

Found 539800 duplicates.
Finished exact matches.    Time: 36.301 seconds.
Memory: max=30870m, total=30870m, free=23560m, used=7310m

Found 1210690 contained sequences.
Finished containment.      Time: 62.074 seconds.
Memory: max=30870m, total=30870m, free=23080m, used=7790m

Removed 1210690 invalid entries.
Finished invalid removal.  Time: 1.191 seconds.
Memory: max=30870m, total=30870m, free=22919m, used=7951m

Input:                  	3271333 reads 		594363802 bases.
Duplicates:             	539800 reads (16.50%) 	93696913 bases (15.76%)     	0 collisions.
Containments:           	1210690 reads (37.01%) 	204996250 bases (34.49%)    	97404357 collisions.
Result:                 	1520843 reads (46.49%) 	295670639 bases (49.75%)

Sorted output.             Time: 0.707 seconds.
Memory: max=30870m, total=30870m, free=22919m, used=7951m

Printed output.            Time: 18.009 seconds.
Memory: max=30870m, total=30870m, free=22007m, used=8863m

Time:                         	118.307 seconds.
Reads Processed:       3271k 	27.65k reads/sec
Bases Processed:        594m 	5.02m bases/sec
