java -ea -Xmx30g -Xms30g -cp /home/gregg_thomas/bin/bbmap/current/ jgi.Dedupe -Xmx30g t=1 in1=/scratch/gregg_thomas/Murinae-seq/03A-Merged/Lemniscomys-striatus/nextseq-paired-2/TCD4711_S8_L004_R1_001.fastp.decon.unmerged.fastq.gz in2=/scratch/gregg_thomas/Murinae-seq/03A-Merged/Lemniscomys-striatus/nextseq-paired-2/TCD4711_S8_L004_R2_001.fastp.decon.unmerged.fastq.gz ordered=t overwrite=true minidentity=100 out=/scratch/gregg_thomas/Murinae-seq/04A-intermediate/Lemniscomys-striatus/nextseq-paired-2/TCD4711_S8_L004_001.fastp.decon.unmerged.fastq.gz
Executing jgi.Dedupe [-Xmx30g, t=1, in1=/scratch/gregg_thomas/Murinae-seq/03A-Merged/Lemniscomys-striatus/nextseq-paired-2/TCD4711_S8_L004_R1_001.fastp.decon.unmerged.fastq.gz, in2=/scratch/gregg_thomas/Murinae-seq/03A-Merged/Lemniscomys-striatus/nextseq-paired-2/TCD4711_S8_L004_R2_001.fastp.decon.unmerged.fastq.gz, ordered=t, overwrite=true, minidentity=100, out=/scratch/gregg_thomas/Murinae-seq/04A-intermediate/Lemniscomys-striatus/nextseq-paired-2/TCD4711_S8_L004_001.fastp.decon.unmerged.fastq.gz]
Version 38.73

Set threads to 1
Initial:
Memory: max=30870m, total=30870m, free=30386m, used=484m

Set absorbContainment to false because it is not currently supported for paired reads.
Found 253262 duplicates.
Finished exact matches.    Time: 35.520 seconds.
Memory: max=30870m, total=30870m, free=25521m, used=5349m

Input:                  	4333102 reads 		326930248 bases.
Duplicates:             	253262 reads (5.84%) 	19121320 bases (5.85%)     	127006 collisions.
Result:                 	4079840 reads (94.16%) 	307808928 bases (94.15%)

Sorted output.             Time: 1.619 seconds.
Memory: max=30870m, total=30870m, free=25521m, used=5349m

Printed output.            Time: 32.464 seconds.
Memory: max=30870m, total=30870m, free=24232m, used=6638m

Time:                         	69.622 seconds.
Reads Processed:       4333k 	62.24k reads/sec
Bases Processed:        326m 	4.70m bases/sec
