java -ea -Xmx30g -Xms30g -cp /home/gregg_thomas/bin/bbmap/current/ jgi.Dedupe -Xmx30g t=1 in1=/scratch/gregg_thomas/Murinae-seq/03A-Merged/Lemniscomys-striatus/nextseq-paired-1/TCD4711_S16_R1_001.fastp.decon.unmerged.fastq.gz in2=/scratch/gregg_thomas/Murinae-seq/03A-Merged/Lemniscomys-striatus/nextseq-paired-1/TCD4711_S16_R2_001.fastp.decon.unmerged.fastq.gz ordered=t overwrite=true minidentity=100 out=/scratch/gregg_thomas/Murinae-seq/04A-intermediate/Lemniscomys-striatus/nextseq-paired-1/TCD4711_S16_001.fastp.decon.unmerged.fastq.gz
Executing jgi.Dedupe [-Xmx30g, t=1, in1=/scratch/gregg_thomas/Murinae-seq/03A-Merged/Lemniscomys-striatus/nextseq-paired-1/TCD4711_S16_R1_001.fastp.decon.unmerged.fastq.gz, in2=/scratch/gregg_thomas/Murinae-seq/03A-Merged/Lemniscomys-striatus/nextseq-paired-1/TCD4711_S16_R2_001.fastp.decon.unmerged.fastq.gz, ordered=t, overwrite=true, minidentity=100, out=/scratch/gregg_thomas/Murinae-seq/04A-intermediate/Lemniscomys-striatus/nextseq-paired-1/TCD4711_S16_001.fastp.decon.unmerged.fastq.gz]
Version 38.73

Set threads to 1
Initial:
Memory: max=30870m, total=30870m, free=30547m, used=323m

Set absorbContainment to false because it is not currently supported for paired reads.
Found 791730 duplicates.
Finished exact matches.    Time: 64.770 seconds.
Memory: max=30870m, total=30870m, free=24517m, used=6353m

Input:                  	9028360 reads 		676270157 bases.
Duplicates:             	791730 reads (8.77%) 	59302153 bases (8.77%)     	603654 collisions.
Result:                 	8236630 reads (91.23%) 	616968004 bases (91.23%)

Sorted output.             Time: 2.777 seconds.
Memory: max=30870m, total=30870m, free=24195m, used=6675m

Printed output.            Time: 33.178 seconds.
Memory: max=30870m, total=30870m, free=21607m, used=9263m

Time:                         	100.769 seconds.
Reads Processed:       9028k 	89.59k reads/sec
Bases Processed:        676m 	6.71m bases/sec
