java -ea -Xmx30g -Xms30g -cp /home/gregg_thomas/bin/bbmap/current/ jgi.Dedupe -Xmx30g t=1 in=/scratch/gregg_thomas/Murinae-seq/03A-Merged/Leopoldomys-sabanus/nextseq-single-2/Z25191_S46_L004_R1_001.fastp.decon.fastq.gz ordered=t overwrite=true minidentity=100 out=/scratch/gregg_thomas/Murinae-seq/04A-Dedup/Leopoldomys-sabanus/nextseq-single-2/Z25191_S46_L004_R1_001.fastp.decon.dedup.fastq.gz
Executing jgi.Dedupe [-Xmx30g, t=1, in=/scratch/gregg_thomas/Murinae-seq/03A-Merged/Leopoldomys-sabanus/nextseq-single-2/Z25191_S46_L004_R1_001.fastp.decon.fastq.gz, ordered=t, overwrite=true, minidentity=100, out=/scratch/gregg_thomas/Murinae-seq/04A-Dedup/Leopoldomys-sabanus/nextseq-single-2/Z25191_S46_L004_R1_001.fastp.decon.dedup.fastq.gz]
Version 38.73

Set threads to 1
Initial:
Memory: max=30870m, total=30870m, free=30386m, used=484m

Found 11061 duplicates.
Finished exact matches.    Time: 4.646 seconds.
Memory: max=30870m, total=30870m, free=23190m, used=7680m

Found 1721 contained sequences.
Finished containment.      Time: 5.133 seconds.
Memory: max=30870m, total=30870m, free=30235m, used=635m

Removed 1721 invalid entries.
Finished invalid removal.  Time: 0.108 seconds.
Memory: max=30870m, total=30870m, free=30235m, used=635m

Input:                  	474986 reads 		35870741 bases.
Duplicates:             	11061 reads (2.33%) 	835737 bases (2.33%)     	0 collisions.
Containments:           	1721 reads (0.36%) 	127452 bases (0.36%)    	464612 collisions.
Result:                 	462204 reads (97.31%) 	34907552 bases (97.31%)

Sorted output.             Time: 0.308 seconds.
Memory: max=30870m, total=30870m, free=30235m, used=635m

Printed output.            Time: 1.987 seconds.
Memory: max=30870m, total=30870m, free=30008m, used=862m

Time:                         	12.200 seconds.
Reads Processed:        474k 	38.93k reads/sec
Bases Processed:      35870k 	2.94m bases/sec
