java -ea -Xmx30g -Xms30g -cp /home/gregg_thomas/bin/bbmap/current/ jgi.Dedupe -Xmx30g t=1 in1=/scratch/gregg_thomas/Murinae-seq/03A-Merged/Lorentzimys-nouhuysi/nextseq-paired-2/ABTC46314_S24_L003_R1_001.fastp.decon.unmerged.fastq.gz in2=/scratch/gregg_thomas/Murinae-seq/03A-Merged/Lorentzimys-nouhuysi/nextseq-paired-2/ABTC46314_S24_L003_R2_001.fastp.decon.unmerged.fastq.gz ordered=t overwrite=true minidentity=100 out=/scratch/gregg_thomas/Murinae-seq/04A-intermediate/Lorentzimys-nouhuysi/nextseq-paired-2/ABTC46314_S24_L003_001.fastp.decon.unmerged.fastq.gz
Executing jgi.Dedupe [-Xmx30g, t=1, in1=/scratch/gregg_thomas/Murinae-seq/03A-Merged/Lorentzimys-nouhuysi/nextseq-paired-2/ABTC46314_S24_L003_R1_001.fastp.decon.unmerged.fastq.gz, in2=/scratch/gregg_thomas/Murinae-seq/03A-Merged/Lorentzimys-nouhuysi/nextseq-paired-2/ABTC46314_S24_L003_R2_001.fastp.decon.unmerged.fastq.gz, ordered=t, overwrite=true, minidentity=100, out=/scratch/gregg_thomas/Murinae-seq/04A-intermediate/Lorentzimys-nouhuysi/nextseq-paired-2/ABTC46314_S24_L003_001.fastp.decon.unmerged.fastq.gz]
Version 38.73

Set threads to 1
Initial:
Memory: max=30870m, total=30870m, free=30386m, used=484m

Set absorbContainment to false because it is not currently supported for paired reads.
Found 217820 duplicates.
Finished exact matches.    Time: 55.498 seconds.
Memory: max=30870m, total=30870m, free=25071m, used=5799m

Input:                  	4931332 reads 		372082836 bases.
Duplicates:             	217820 reads (4.42%) 	16441693 bases (4.42%)     	146821 collisions.
Result:                 	4713512 reads (95.58%) 	355641143 bases (95.58%)

Sorted output.             Time: 4.499 seconds.
Memory: max=30870m, total=30870m, free=24910m, used=5960m

Printed output.            Time: 21.128 seconds.
Memory: max=30870m, total=30870m, free=23622m, used=7248m

Time:                         	81.142 seconds.
Reads Processed:       4931k 	60.77k reads/sec
Bases Processed:        372m 	4.59m bases/sec
