java -ea -Xmx30g -Xms30g -cp /home/gregg_thomas/bin/bbmap/current/ jgi.Dedupe -Xmx30g t=1 in=/scratch/gregg_thomas/Murinae-seq/03A-Merged/Lorentzimys-nouhuysi/nextseq-single-1/ABTC46314_S55_L001_R1_001.fastp.decon.fastq.gz ordered=t overwrite=true minidentity=100 out=/scratch/gregg_thomas/Murinae-seq/04A-Dedup/Lorentzimys-nouhuysi/nextseq-single-1/ABTC46314_S55_L001_R1_001.fastp.decon.dedup.fastq.gz
Executing jgi.Dedupe [-Xmx30g, t=1, in=/scratch/gregg_thomas/Murinae-seq/03A-Merged/Lorentzimys-nouhuysi/nextseq-single-1/ABTC46314_S55_L001_R1_001.fastp.decon.fastq.gz, ordered=t, overwrite=true, minidentity=100, out=/scratch/gregg_thomas/Murinae-seq/04A-Dedup/Lorentzimys-nouhuysi/nextseq-single-1/ABTC46314_S55_L001_R1_001.fastp.decon.dedup.fastq.gz]
Version 38.73

Set threads to 1
Initial:
Memory: max=30870m, total=30870m, free=30547m, used=323m

Found 15009 duplicates.
Finished exact matches.    Time: 15.663 seconds.
Memory: max=30870m, total=30870m, free=25724m, used=5146m

Found 3080 contained sequences.
Finished containment.      Time: 4.933 seconds.
Memory: max=30870m, total=30870m, free=25384m, used=5486m

Removed 3080 invalid entries.
Finished invalid removal.  Time: 0.111 seconds.
Memory: max=30870m, total=30870m, free=25384m, used=5486m

Input:                  	602464 reads 		45506939 bases.
Duplicates:             	15009 reads (2.49%) 	1134623 bases (2.49%)     	0 collisions.
Containments:           	3080 reads (0.51%) 	228180 bases (0.50%)    	512598 collisions.
Result:                 	584375 reads (97.00%) 	44144136 bases (97.01%)

Sorted output.             Time: 0.998 seconds.
Memory: max=30870m, total=30870m, free=25384m, used=5486m

Printed output.            Time: 6.049 seconds.
Memory: max=30870m, total=30870m, free=25173m, used=5697m

Time:                         	27.801 seconds.
Reads Processed:        602k 	21.67k reads/sec
Bases Processed:      45506k 	1.64m bases/sec
