java -ea -Xmx30g -Xms30g -cp /home/gregg_thomas/bin/bbmap/current/ jgi.Dedupe -Xmx30g t=1 in=/scratch/gregg_thomas/Murinae-seq/03A-Merged/Margaretamys-parvus/nextseq-paired-2/Z21794_S15_L001_001.fastp.decon.merged.fastq.gz ordered=t overwrite=true minidentity=100 out=/scratch/gregg_thomas/Murinae-seq/04A-Dedup/Margaretamys-parvus/nextseq-paired-2/Z21794_S15_L001_001.fastp.decon.merged.dedup.fastq.gz
Executing jgi.Dedupe [-Xmx30g, t=1, in=/scratch/gregg_thomas/Murinae-seq/03A-Merged/Margaretamys-parvus/nextseq-paired-2/Z21794_S15_L001_001.fastp.decon.merged.fastq.gz, ordered=t, overwrite=true, minidentity=100, out=/scratch/gregg_thomas/Murinae-seq/04A-Dedup/Margaretamys-parvus/nextseq-paired-2/Z21794_S15_L001_001.fastp.decon.merged.dedup.fastq.gz]
Version 38.73

Set threads to 1
Initial:
Memory: max=30870m, total=30870m, free=30386m, used=484m

Found 38844 duplicates.
Finished exact matches.    Time: 16.940 seconds.
Memory: max=30870m, total=30870m, free=23415m, used=7455m

Found 86946 contained sequences.
Finished containment.      Time: 8.385 seconds.
Memory: max=30870m, total=30870m, free=30357m, used=513m

Removed 86946 invalid entries.
Finished invalid removal.  Time: 0.147 seconds.
Memory: max=30870m, total=30870m, free=30357m, used=513m

Input:                  	306854 reads 		51665921 bases.
Duplicates:             	38844 reads (12.66%) 	6554102 bases (12.69%)     	0 collisions.
Containments:           	86946 reads (28.33%) 	13909729 bases (26.92%)    	686435 collisions.
Result:                 	181064 reads (59.01%) 	31202090 bases (60.39%)

Sorted output.             Time: 0.210 seconds.
Memory: max=30870m, total=30870m, free=30357m, used=513m

Printed output.            Time: 2.639 seconds.
Memory: max=30870m, total=30870m, free=30198m, used=672m

Time:                         	28.384 seconds.
Reads Processed:        306k 	10.81k reads/sec
Bases Processed:      51665k 	1.82m bases/sec
