java -ea -Xmx30g -Xms30g -cp /home/gregg_thomas/bin/bbmap/current/ jgi.Dedupe -Xmx30g t=1 in=/scratch/gregg_thomas/Murinae-seq/03A-Merged/Mastacomys-fuscus/nextseq-paired-1/ABTC-07354_S31_001.fastp.decon.merged.fastq.gz ordered=t overwrite=true minidentity=100 out=/scratch/gregg_thomas/Murinae-seq/04A-Dedup/Mastacomys-fuscus/nextseq-paired-1/ABTC-07354_S31_001.fastp.decon.merged.dedup.fastq.gz
Executing jgi.Dedupe [-Xmx30g, t=1, in=/scratch/gregg_thomas/Murinae-seq/03A-Merged/Mastacomys-fuscus/nextseq-paired-1/ABTC-07354_S31_001.fastp.decon.merged.fastq.gz, ordered=t, overwrite=true, minidentity=100, out=/scratch/gregg_thomas/Murinae-seq/04A-Dedup/Mastacomys-fuscus/nextseq-paired-1/ABTC-07354_S31_001.fastp.decon.merged.dedup.fastq.gz]
Version 38.73

Set threads to 1
Initial:
Memory: max=30870m, total=30870m, free=30386m, used=484m

Found 909217 duplicates.
Finished exact matches.    Time: 21.309 seconds.
Memory: max=30870m, total=30870m, free=23694m, used=7176m

Found 996970 contained sequences.
Finished containment.      Time: 24.262 seconds.
Memory: max=30870m, total=30870m, free=23268m, used=7602m

Removed 996970 invalid entries.
Finished invalid removal.  Time: 1.584 seconds.
Memory: max=30870m, total=30870m, free=23055m, used=7815m

Input:                  	3203790 reads 		493888170 bases.
Duplicates:             	909217 reads (28.38%) 	137890990 bases (27.92%)     	0 collisions.
Containments:           	996970 reads (31.12%) 	147778531 bases (29.92%)    	11882112 collisions.
Result:                 	1297603 reads (40.50%) 	208218649 bases (42.16%)

Sorted output.             Time: 1.673 seconds.
Memory: max=30870m, total=30870m, free=23002m, used=7868m

Printed output.            Time: 11.625 seconds.
Memory: max=30870m, total=30870m, free=22319m, used=8551m

Time:                         	60.476 seconds.
Reads Processed:       3203k 	52.98k reads/sec
Bases Processed:        493m 	8.17m bases/sec
