java -ea -Xmx30g -Xms30g -cp /home/gregg_thomas/bin/bbmap/current/ jgi.Dedupe -Xmx30g t=1 in=/scratch/gregg_thomas/Murinae-seq/03A-Merged/Maxomys-surifer/nextseq-single-2/JAE3632_S64_L003_R1_001.fastp.decon.fastq.gz ordered=t overwrite=true minidentity=100 out=/scratch/gregg_thomas/Murinae-seq/04A-Dedup/Maxomys-surifer/nextseq-single-2/JAE3632_S64_L003_R1_001.fastp.decon.dedup.fastq.gz
Executing jgi.Dedupe [-Xmx30g, t=1, in=/scratch/gregg_thomas/Murinae-seq/03A-Merged/Maxomys-surifer/nextseq-single-2/JAE3632_S64_L003_R1_001.fastp.decon.fastq.gz, ordered=t, overwrite=true, minidentity=100, out=/scratch/gregg_thomas/Murinae-seq/04A-Dedup/Maxomys-surifer/nextseq-single-2/JAE3632_S64_L003_R1_001.fastp.decon.dedup.fastq.gz]
Version 38.73

Set threads to 1
Initial:
Memory: max=30870m, total=30870m, free=30386m, used=484m

Found 11605 duplicates.
Finished exact matches.    Time: 9.163 seconds.
Memory: max=30870m, total=30870m, free=23212m, used=7658m

Found 1513 contained sequences.
Finished containment.      Time: 2.200 seconds.
Memory: max=30870m, total=30870m, free=22735m, used=8135m

Removed 1513 invalid entries.
Finished invalid removal.  Time: 0.084 seconds.
Memory: max=30870m, total=30870m, free=22735m, used=8135m

Input:                  	466682 reads 		35248543 bases.
Duplicates:             	11605 reads (2.49%) 	876942 bases (2.49%)     	0 collisions.
Containments:           	1513 reads (0.32%) 	112184 bases (0.32%)    	361410 collisions.
Result:                 	453564 reads (97.19%) 	34259417 bases (97.19%)

Sorted output.             Time: 0.196 seconds.
Memory: max=30870m, total=30870m, free=22735m, used=8135m

Printed output.            Time: 2.520 seconds.
Memory: max=30870m, total=30870m, free=30469m, used=401m

Time:                         	14.215 seconds.
Reads Processed:        466k 	32.83k reads/sec
Bases Processed:      35248k 	2.48m bases/sec
