java -ea -Xmx30g -Xms30g -cp /home/gregg_thomas/bin/bbmap/current/ jgi.Dedupe -Xmx30g t=1 in=/scratch/gregg_thomas/Murinae-seq/03A-Merged/Maxomys-surifer/nextseq-paired-2/JAE3632_S32_L001_001.fastp.decon.merged.fastq.gz ordered=t overwrite=true minidentity=100 out=/scratch/gregg_thomas/Murinae-seq/04A-Dedup/Maxomys-surifer/nextseq-paired-2/JAE3632_S32_L001_001.fastp.decon.merged.dedup.fastq.gz
Executing jgi.Dedupe [-Xmx30g, t=1, in=/scratch/gregg_thomas/Murinae-seq/03A-Merged/Maxomys-surifer/nextseq-paired-2/JAE3632_S32_L001_001.fastp.decon.merged.fastq.gz, ordered=t, overwrite=true, minidentity=100, out=/scratch/gregg_thomas/Murinae-seq/04A-Dedup/Maxomys-surifer/nextseq-paired-2/JAE3632_S32_L001_001.fastp.decon.merged.dedup.fastq.gz]
Version 38.73

Set threads to 1
Initial:
Memory: max=30870m, total=30870m, free=30547m, used=323m

Found 84288 duplicates.
Finished exact matches.    Time: 9.638 seconds.
Memory: max=30870m, total=30870m, free=24733m, used=6137m

Found 162854 contained sequences.
Finished containment.      Time: 6.597 seconds.
Memory: max=30870m, total=30870m, free=24383m, used=6487m

Removed 162854 invalid entries.
Finished invalid removal.  Time: 0.301 seconds.
Memory: max=30870m, total=30870m, free=24383m, used=6487m

Input:                  	587958 reads 		91180646 bases.
Duplicates:             	84288 reads (14.34%) 	13185849 bases (14.46%)     	0 collisions.
Containments:           	162854 reads (27.70%) 	23940292 bases (26.26%)    	1077661 collisions.
Result:                 	340816 reads (57.97%) 	54054505 bases (59.28%)

Sorted output.             Time: 0.200 seconds.
Memory: max=30870m, total=30870m, free=24383m, used=6487m

Printed output.            Time: 4.120 seconds.
Memory: max=30870m, total=30870m, free=24171m, used=6699m

Time:                         	20.915 seconds.
Reads Processed:        587k 	28.11k reads/sec
Bases Processed:      91180k 	4.36m bases/sec
