java -ea -Xmx30g -Xms30g -cp /home/gregg_thomas/bin/bbmap/current/ jgi.Dedupe -Xmx30g t=1 in1=/scratch/gregg_thomas/Murinae-seq/03A-Merged/Melasmothrix-naso/nextseq-paired-1/Z21808_S23_R1_001.fastp.decon.unmerged.fastq.gz in2=/scratch/gregg_thomas/Murinae-seq/03A-Merged/Melasmothrix-naso/nextseq-paired-1/Z21808_S23_R2_001.fastp.decon.unmerged.fastq.gz ordered=t overwrite=true minidentity=100 out=/scratch/gregg_thomas/Murinae-seq/04A-intermediate/Melasmothrix-naso/nextseq-paired-1/Z21808_S23_001.fastp.decon.unmerged.fastq.gz
Executing jgi.Dedupe [-Xmx30g, t=1, in1=/scratch/gregg_thomas/Murinae-seq/03A-Merged/Melasmothrix-naso/nextseq-paired-1/Z21808_S23_R1_001.fastp.decon.unmerged.fastq.gz, in2=/scratch/gregg_thomas/Murinae-seq/03A-Merged/Melasmothrix-naso/nextseq-paired-1/Z21808_S23_R2_001.fastp.decon.unmerged.fastq.gz, ordered=t, overwrite=true, minidentity=100, out=/scratch/gregg_thomas/Murinae-seq/04A-intermediate/Melasmothrix-naso/nextseq-paired-1/Z21808_S23_001.fastp.decon.unmerged.fastq.gz]
Version 38.73

Set threads to 1
Initial:
Memory: max=30870m, total=30870m, free=30386m, used=484m

Set absorbContainment to false because it is not currently supported for paired reads.
Found 543920 duplicates.
Finished exact matches.    Time: 133.100 seconds.
Memory: max=30870m, total=30870m, free=24745m, used=6125m

Input:                  	8562310 reads 		641481030 bases.
Duplicates:             	543920 reads (6.35%) 	40751759 bases (6.35%)     	518039 collisions.
Result:                 	8018390 reads (93.65%) 	600729271 bases (93.65%)

Sorted output.             Time: 3.418 seconds.
Memory: max=30870m, total=30870m, free=24423m, used=6447m

Printed output.            Time: 31.615 seconds.
Memory: max=30870m, total=30870m, free=21996m, used=8874m

Time:                         	168.154 seconds.
Reads Processed:       8562k 	50.92k reads/sec
Bases Processed:        641m 	3.81m bases/sec
