java -ea -Xmx30g -Xms30g -cp /home/gregg_thomas/bin/bbmap/current/ jgi.Dedupe -Xmx30g t=1 in=/scratch/gregg_thomas/Murinae-seq/03A-Merged/Mesembriomys-gouldii/seq-run-2/53919_HTVLWBCX2_CTCGATG_S7_L002_001.fastp.decon.merged.fastq.gz ordered=t overwrite=true minidentity=100 out=/scratch/gregg_thomas/Murinae-seq/04A-Dedup/Mesembriomys-gouldii/seq-run-2/53919_HTVLWBCX2_CTCGATG_S7_L002_001.fastp.decon.merged.dedup.fastq.gz
Executing jgi.Dedupe [-Xmx30g, t=1, in=/scratch/gregg_thomas/Murinae-seq/03A-Merged/Mesembriomys-gouldii/seq-run-2/53919_HTVLWBCX2_CTCGATG_S7_L002_001.fastp.decon.merged.fastq.gz, ordered=t, overwrite=true, minidentity=100, out=/scratch/gregg_thomas/Murinae-seq/04A-Dedup/Mesembriomys-gouldii/seq-run-2/53919_HTVLWBCX2_CTCGATG_S7_L002_001.fastp.decon.merged.dedup.fastq.gz]
Version 38.73

Set threads to 1
Initial:
Memory: max=30870m, total=30870m, free=30386m, used=484m

Found 223373 duplicates.
Finished exact matches.    Time: 33.657 seconds.
Memory: max=30870m, total=30870m, free=24628m, used=6242m

Found 543623 contained sequences.
Finished containment.      Time: 32.305 seconds.
Memory: max=30870m, total=30870m, free=24115m, used=6755m

Removed 543623 invalid entries.
Finished invalid removal.  Time: 0.836 seconds.
Memory: max=30870m, total=30870m, free=24115m, used=6755m

Input:                  	1831628 reads 		331749235 bases.
Duplicates:             	223373 reads (12.20%) 	39620139 bases (11.94%)     	0 collisions.
Containments:           	543623 reads (29.68%) 	92198585 bases (27.79%)    	26988703 collisions.
Result:                 	1064632 reads (58.12%) 	199930511 bases (60.27%)

Sorted output.             Time: 0.372 seconds.
Memory: max=30870m, total=30870m, free=24063m, used=6807m

Printed output.            Time: 16.040 seconds.
Memory: max=30870m, total=30870m, free=23403m, used=7467m

Time:                         	83.243 seconds.
Reads Processed:       1831k 	22.00k reads/sec
Bases Processed:        331m 	3.99m bases/sec
