java -ea -Xmx30g -Xms30g -cp /home/gregg_thomas/bin/bbmap/current/ jgi.Dedupe -Xmx30g t=1 in=/scratch/gregg_thomas/Murinae-seq/03A-Merged/Mus-molossinus/hiseq2000-paired-1/10460X8_131030_SN141_0734_AC2RLAACXX_7_.fastp.decon.merged.fastq.gz ordered=t overwrite=true minidentity=100 out=/scratch/gregg_thomas/Murinae-seq/04A-Dedup/Mus-molossinus/hiseq2000-paired-1/10460X8_131030_SN141_0734_AC2RLAACXX_7_.fastp.decon.merged.dedup.fastq.gz
Executing jgi.Dedupe [-Xmx30g, t=1, in=/scratch/gregg_thomas/Murinae-seq/03A-Merged/Mus-molossinus/hiseq2000-paired-1/10460X8_131030_SN141_0734_AC2RLAACXX_7_.fastp.decon.merged.fastq.gz, ordered=t, overwrite=true, minidentity=100, out=/scratch/gregg_thomas/Murinae-seq/04A-Dedup/Mus-molossinus/hiseq2000-paired-1/10460X8_131030_SN141_0734_AC2RLAACXX_7_.fastp.decon.merged.dedup.fastq.gz]
Version 38.73

Set threads to 1
Initial:
Memory: max=30870m, total=30870m, free=30386m, used=484m

Found 1232037 duplicates.
Finished exact matches.    Time: 116.132 seconds.
Memory: max=30870m, total=30870m, free=20895m, used=9975m

Found 4055092 contained sequences.
Finished containment.      Time: 93.716 seconds.
Memory: max=30870m, total=30870m, free=20240m, used=10630m

Removed 4055092 invalid entries.
Finished invalid removal.  Time: 3.800 seconds.
Memory: max=30870m, total=30870m, free=20135m, used=10735m

Input:                  	7596506 reads 		1169638919 bases.
Duplicates:             	1232037 reads (16.22%) 	178184848 bases (15.23%)     	0 collisions.
Containments:           	4055092 reads (53.38%) 	575346988 bases (49.19%)    	85789125 collisions.
Result:                 	2309377 reads (30.40%) 	416107083 bases (35.58%)

Sorted output.             Time: 4.615 seconds.
Memory: max=30870m, total=30870m, free=26576m, used=4294m

Printed output.            Time: 25.261 seconds.
Memory: max=30870m, total=30870m, free=25249m, used=5621m

Time:                         	243.544 seconds.
Reads Processed:       7596k 	31.19k reads/sec
Bases Processed:       1169m 	4.80m bases/sec
