java -ea -Xmx30g -Xms30g -cp /home/gregg_thomas/bin/bbmap/current/ jgi.Dedupe -Xmx30g t=1 in1=/scratch/gregg_thomas/Murinae-seq/03A-Merged/Mus-pahari/hiseq2000-paired-2/lane1_TCGCAG_L001_R1_001.fastp.decon.unmerged.fastq.gz in2=/scratch/gregg_thomas/Murinae-seq/03A-Merged/Mus-pahari/hiseq2000-paired-2/lane1_TCGCAG_L001_R2_001.fastp.decon.unmerged.fastq.gz ordered=t overwrite=true minidentity=100 out=/scratch/gregg_thomas/Murinae-seq/04A-intermediate/Mus-pahari/hiseq2000-paired-2/lane1_TCGCAG_L001_001.fastp.decon.unmerged.fastq.gz
Executing jgi.Dedupe [-Xmx30g, t=1, in1=/scratch/gregg_thomas/Murinae-seq/03A-Merged/Mus-pahari/hiseq2000-paired-2/lane1_TCGCAG_L001_R1_001.fastp.decon.unmerged.fastq.gz, in2=/scratch/gregg_thomas/Murinae-seq/03A-Merged/Mus-pahari/hiseq2000-paired-2/lane1_TCGCAG_L001_R2_001.fastp.decon.unmerged.fastq.gz, ordered=t, overwrite=true, minidentity=100, out=/scratch/gregg_thomas/Murinae-seq/04A-intermediate/Mus-pahari/hiseq2000-paired-2/lane1_TCGCAG_L001_001.fastp.decon.unmerged.fastq.gz]
Version 38.73

Set threads to 1
Initial:
Memory: max=30870m, total=30870m, free=30547m, used=323m

Set absorbContainment to false because it is not currently supported for paired reads.
Found 256508 duplicates.
Finished exact matches.    Time: 66.960 seconds.
Memory: max=30870m, total=30870m, free=26004m, used=4866m

Input:                  	3707290 reads 		372946436 bases.
Duplicates:             	256508 reads (6.92%) 	25736709 bases (6.90%)     	128956 collisions.
Result:                 	3450782 reads (93.08%) 	347209727 bases (93.10%)

Sorted output.             Time: 2.049 seconds.
Memory: max=30870m, total=30870m, free=26004m, used=4866m

Printed output.            Time: 44.112 seconds.
Memory: max=30870m, total=30870m, free=24715m, used=6155m

Time:                         	113.142 seconds.
Reads Processed:       3707k 	32.77k reads/sec
Bases Processed:        372m 	3.30m bases/sec
