java -ea -Xmx30g -Xms30g -cp /home/gregg_thomas/bin/bbmap/current/ jgi.Dedupe -Xmx30g t=1 in=/scratch/gregg_thomas/Murinae-seq/03A-Merged/Mus-pahari/hiseq2000-paired-1/10460X1_131030_SN141_0734_AC2RLAACXX_7_.fastp.decon.merged.fastq.gz ordered=t overwrite=true minidentity=100 out=/scratch/gregg_thomas/Murinae-seq/04A-Dedup/Mus-pahari/hiseq2000-paired-1/10460X1_131030_SN141_0734_AC2RLAACXX_7_.fastp.decon.merged.dedup.fastq.gz
Executing jgi.Dedupe [-Xmx30g, t=1, in=/scratch/gregg_thomas/Murinae-seq/03A-Merged/Mus-pahari/hiseq2000-paired-1/10460X1_131030_SN141_0734_AC2RLAACXX_7_.fastp.decon.merged.fastq.gz, ordered=t, overwrite=true, minidentity=100, out=/scratch/gregg_thomas/Murinae-seq/04A-Dedup/Mus-pahari/hiseq2000-paired-1/10460X1_131030_SN141_0734_AC2RLAACXX_7_.fastp.decon.merged.dedup.fastq.gz]
Version 38.73

Set threads to 1
Initial:
Memory: max=30870m, total=30870m, free=30386m, used=484m

Found 936875 duplicates.
Finished exact matches.    Time: 82.730 seconds.
Memory: max=28633m, total=26604m, free=19900m, used=6704m

Found 3146827 contained sequences.
Finished containment.      Time: 70.187 seconds.
Memory: max=28633m, total=26604m, free=19606m, used=6998m

Removed 3146827 invalid entries.
Finished invalid removal.  Time: 3.404 seconds.
Memory: max=28633m, total=26604m, free=19516m, used=7088m

Input:                  	6206722 reads 		964812442 bases.
Duplicates:             	936875 reads (15.09%) 	136917845 bases (14.19%)     	0 collisions.
Containments:           	3146827 reads (50.70%) 	451348367 bases (46.78%)    	60080306 collisions.
Result:                 	2123020 reads (34.21%) 	376546230 bases (39.03%)

Sorted output.             Time: 1.243 seconds.
Memory: max=28633m, total=26604m, free=19516m, used=7088m

Printed output.            Time: 33.656 seconds.
Memory: max=28633m, total=26604m, free=18423m, used=8181m

Time:                         	191.248 seconds.
Reads Processed:       6206k 	32.45k reads/sec
Bases Processed:        964m 	5.04m bases/sec
