java -ea -Xmx30g -Xms30g -cp /home/gregg_thomas/bin/bbmap/current/ jgi.Dedupe -Xmx30g t=1 in=/scratch/gregg_thomas/Murinae-seq/03A-Merged/Mus-cervicolor/hiseq2000-paired-2/lane1_CCGGTA_L001_001.fastp.decon.merged.fastq.gz ordered=t overwrite=true minidentity=100 out=/scratch/gregg_thomas/Murinae-seq/04A-Dedup/Mus-cervicolor/hiseq2000-paired-2/lane1_CCGGTA_L001_001.fastp.decon.merged.dedup.fastq.gz
Executing jgi.Dedupe [-Xmx30g, t=1, in=/scratch/gregg_thomas/Murinae-seq/03A-Merged/Mus-cervicolor/hiseq2000-paired-2/lane1_CCGGTA_L001_001.fastp.decon.merged.fastq.gz, ordered=t, overwrite=true, minidentity=100, out=/scratch/gregg_thomas/Murinae-seq/04A-Dedup/Mus-cervicolor/hiseq2000-paired-2/lane1_CCGGTA_L001_001.fastp.decon.merged.dedup.fastq.gz]
Version 38.73

Set threads to 1
Initial:
Memory: max=30870m, total=30870m, free=30386m, used=484m

Found 1844501 duplicates.
Finished exact matches.    Time: 145.005 seconds.
Memory: max=28633m, total=28633m, free=18188m, used=10445m
FFound 7092580 contained sequences.
Finished containment.      Time: 123.101 seconds.
Memory: max=28633m, total=28633m, free=17753m, used=10880m

Removed 7092580 invalid entries.
Finished invalid removal.  Time: 5.392 seconds.
Memory: max=28633m, total=28633m, free=17574m, used=11059m

Input:                  	12033047 reads 		2038745472 bases.
Duplicates:             	1844501 reads (15.33%) 	298054717 bases (14.62%)     	0 collisions.
Containments:           	7092580 reads (58.94%) 	1122933378 bases (55.08%)    	207213210 collisions.
Result:                 	3095966 reads (25.73%) 	617757377 bases (30.30%)

Sorted output.             Time: 1.916 seconds.
Memory: max=28633m, total=28633m, free=17574m, used=11059m

Printed output.            Time: 37.600 seconds.
Memory: max=28633m, total=28633m, free=15811m, used=12822m

Time:                         	313.035 seconds.
Reads Processed:      12033k 	38.44k reads/sec
Bases Processed:       2038m 	6.51m bases/sec
