java -ea -Xmx30g -Xms30g -cp /home/gregg_thomas/bin/bbmap/current/ jgi.Dedupe -Xmx30g t=1 in=/scratch/gregg_thomas/Murinae-seq/03A-Merged/Mus-pos_ctrl_E/hiseq4000-paired-1/M44_E11_CKDL190143343-1a-D711-AK1543_H7275BBXX_L2_.fastp.decon.merged.fastq.gz ordered=t overwrite=true minidentity=100 out=/scratch/gregg_thomas/Murinae-seq/04A-Dedup/Mus-pos_ctrl_E/hiseq4000-paired-1/M44_E11_CKDL190143343-1a-D711-AK1543_H7275BBXX_L2_.fastp.decon.merged.dedup.fastq.gz
Executing jgi.Dedupe [-Xmx30g, t=1, in=/scratch/gregg_thomas/Murinae-seq/03A-Merged/Mus-pos_ctrl_E/hiseq4000-paired-1/M44_E11_CKDL190143343-1a-D711-AK1543_H7275BBXX_L2_.fastp.decon.merged.fastq.gz, ordered=t, overwrite=true, minidentity=100, out=/scratch/gregg_thomas/Murinae-seq/04A-Dedup/Mus-pos_ctrl_E/hiseq4000-paired-1/M44_E11_CKDL190143343-1a-D711-AK1543_H7275BBXX_L2_.fastp.decon.merged.dedup.fastq.gz]
Version 38.73

Set threads to 1
Initial:
Memory: max=30870m, total=30870m, free=30386m, used=484m

Found 245842 duplicates.
Finished exact matches.    Time: 11.509 seconds.
Memory: max=30870m, total=30870m, free=23017m, used=7853m

Found 100915 contained sequences.
Finished containment.      Time: 11.558 seconds.
Memory: max=30870m, total=30870m, free=29988m, used=882m

Removed 100915 invalid entries.
Finished invalid removal.  Time: 0.218 seconds.
Memory: max=30870m, total=30870m, free=29988m, used=882m

Input:                  	711982 reads 		162004613 bases.
Duplicates:             	245842 reads (34.53%) 	55576286 bases (34.31%)     	0 collisions.
Containments:           	100915 reads (14.17%) 	18761185 bases (11.58%)    	3578140 collisions.
Result:                 	365225 reads (51.30%) 	87667142 bases (54.11%)

Sorted output.             Time: 0.261 seconds.
Memory: max=30870m, total=30870m, free=29988m, used=882m

Printed output.            Time: 7.806 seconds.
Memory: max=30870m, total=30870m, free=29702m, used=1168m

Time:                         	31.384 seconds.
Reads Processed:        711k 	22.69k reads/sec
Bases Processed:        162m 	5.16m bases/sec
ec
