java -ea -Xmx30g -Xms30g -cp /home/gregg_thomas/bin/bbmap/current/ jgi.Dedupe -Xmx30g t=1 in=/scratch/gregg_thomas/Murinae-seq/03A-Merged/Mus-pos_ctrl_B/hiseq4000-paired-1/M44_B11_CKDL190143344-1a-D711-AK1681_H7275BBXX_L3_.fastp.decon.merged.fastq.gz ordered=t overwrite=true minidentity=100 out=/scratch/gregg_thomas/Murinae-seq/04A-Dedup/Mus-pos_ctrl_B/hiseq4000-paired-1/M44_B11_CKDL190143344-1a-D711-AK1681_H7275BBXX_L3_.fastp.decon.merged.dedup.fastq.gz
Executing jgi.Dedupe [-Xmx30g, t=1, in=/scratch/gregg_thomas/Murinae-seq/03A-Merged/Mus-pos_ctrl_B/hiseq4000-paired-1/M44_B11_CKDL190143344-1a-D711-AK1681_H7275BBXX_L3_.fastp.decon.merged.fastq.gz, ordered=t, overwrite=true, minidentity=100, out=/scratch/gregg_thomas/Murinae-seq/04A-Dedup/Mus-pos_ctrl_B/hiseq4000-paired-1/M44_B11_CKDL190143344-1a-D711-AK1681_H7275BBXX_L3_.fastp.decon.merged.dedup.fastq.gz]
Version 38.73

Set threads to 1
Initial:
Memory: max=30870m, total=30870m, free=30386m, used=484m

Found 327696 duplicates.
Finished exact matches.    Time: 10.976 seconds.
Memory: max=30870m, total=30870m, free=22738m, used=8132m

Found 120899 contained sequences.
Finished containment.      Time: 16.936 seconds.
Memory: max=30870m, total=30870m, free=29547m, used=1323m

Removed 120899 invalid entries.
Finished invalid removal.  Time: 0.342 seconds.
Memory: max=30870m, total=30870m, free=29547m, used=1323m

Input:                  	898845 reads 		218899153 bases.
Duplicates:             	327696 reads (36.46%) 	79346994 bases (36.25%)     	0 collisions.
Containments:           	120899 reads (13.45%) 	24655509 bases (11.26%)    	6259078 collisions.
Result:                 	450250 reads (50.09%) 	114896650 bases (52.49%)

Sorted output.             Time: 0.431 seconds.
Memory: max=30870m, total=30870m, free=29547m, used=1323m

Printed output.            Time: 8.843 seconds.
Memory: max=30870m, total=30870m, free=22774m, used=8096m

Time:                         	43.288 seconds.
Reads Processed:        898k 	20.76k reads/sec
Bases Processed:        218m 	5.06m bases/sec
