java -ea -Xmx30g -Xms30g -cp /home/gregg_thomas/bin/bbmap/current/ jgi.Dedupe -Xmx30g t=1 in=/scratch/gregg_thomas/Murinae-seq/03A-Merged/Niviventer-lepturus/nextseq-single-2/JAE4746_S65_L004_R1_001.fastp.decon.fastq.gz ordered=t overwrite=true minidentity=100 out=/scratch/gregg_thomas/Murinae-seq/04A-Dedup/Niviventer-lepturus/nextseq-single-2/JAE4746_S65_L004_R1_001.fastp.decon.dedup.fastq.gz
Executing jgi.Dedupe [-Xmx30g, t=1, in=/scratch/gregg_thomas/Murinae-seq/03A-Merged/Niviventer-lepturus/nextseq-single-2/JAE4746_S65_L004_R1_001.fastp.decon.fastq.gz, ordered=t, overwrite=true, minidentity=100, out=/scratch/gregg_thomas/Murinae-seq/04A-Dedup/Niviventer-lepturus/nextseq-single-2/JAE4746_S65_L004_R1_001.fastp.decon.dedup.fastq.gz]
Version 38.73

Set threads to 1
Initial:
Memory: max=30870m, total=30870m, free=30386m, used=484m

Found 11447 duplicates.
Finished exact matches.    Time: 2.044 seconds.
Memory: max=30870m, total=30870m, free=23864m, used=7006m

Found 1598 contained sequences.
Finished containment.      Time: 1.692 seconds.
Memory: max=30870m, total=30870m, free=23447m, used=7423m

Removed 1598 invalid entries.
Finished invalid removal.  Time: 0.070 seconds.
Memory: max=30870m, total=30870m, free=23447m, used=7423m

Input:                  	433198 reads 		32713396 bases.
Duplicates:             	11447 reads (2.64%) 	864905 bases (2.64%)     	0 collisions.
Containments:           	1598 reads (0.37%) 	118353 bases (0.36%)    	334177 collisions.
Result:                 	420153 reads (96.99%) 	31730138 bases (96.99%)

Sorted output.             Time: 0.112 seconds.
Memory: max=30870m, total=30870m, free=23447m, used=7423m

Printed output.            Time: 1.836 seconds.
Memory: max=30870m, total=30870m, free=23259m, used=7611m

Time:                         	5.770 seconds.
Reads Processed:        433k 	75.08k reads/sec
Bases Processed:      32713k 	5.67m bases/sec
