java -ea -Xmx30g -Xms30g -cp /home/gregg_thomas/bin/bbmap/current/ jgi.Dedupe -Xmx30g t=1 in=/scratch/gregg_thomas/Murinae-seq/03A-Merged/Notomys-amplus/seq-run-1/53926_HTVLKBCX2_TTGGATC_S14_L001_001.fastp.decon.merged.fastq.gz ordered=t overwrite=true minidentity=100 out=/scratch/gregg_thomas/Murinae-seq/04A-Dedup/Notomys-amplus/seq-run-1/53926_HTVLKBCX2_TTGGATC_S14_L001_001.fastp.decon.merged.dedup.fastq.gz
Executing jgi.Dedupe [-Xmx30g, t=1, in=/scratch/gregg_thomas/Murinae-seq/03A-Merged/Notomys-amplus/seq-run-1/53926_HTVLKBCX2_TTGGATC_S14_L001_001.fastp.decon.merged.fastq.gz, ordered=t, overwrite=true, minidentity=100, out=/scratch/gregg_thomas/Murinae-seq/04A-Dedup/Notomys-amplus/seq-run-1/53926_HTVLKBCX2_TTGGATC_S14_L001_001.fastp.decon.merged.dedup.fastq.gz]
Version 38.73

Set threads to 1
Initial:
Memory: max=30870m, total=30870m, free=30386m, used=484m

Found 3163412 duplicates.
Finished exact matches.    Time: 76.623 seconds.
Memory: max=30870m, total=30870m, free=19607m, used=11263m

Found 3668972 contained sequences.
Finished containment.      Time: 413.403 seconds.
Memory: max=30870m, total=30870m, free=18929m, used=11941m

Removed 3668972 invalid entries.
Finished invalid removal.  Time: 2.656 seconds.
Memory: max=30870m, total=30870m, free=18824m, used=12046m

Input:                  	12577767 reads 		1224909531 bases.
Duplicates:             	3163412 reads (25.15%) 	301350053 bases (24.60%)     	0 collisions.
Containments:           	3668972 reads (29.17%) 	337125059 bases (27.52%)    	2666192541 collisions.
Result:                 	5745383 reads (45.68%) 	586434419 bases (47.88%)

Sorted output.             Time: 2.534 seconds.
Memory: max=30870m, total=30870m, free=18591m, used=12279m

Printed output.            Time: 53.841 seconds.
Memory: max=28633m, total=26396m, free=18227m, used=8169m

Time:                         	549.083 seconds.
Reads Processed:      12577k 	22.91k reads/sec
Bases Processed:       1224m 	2.23m bases/sec
