java -ea -Xmx30g -Xms30g -cp /home/gregg_thomas/bin/bbmap/current/ jgi.Dedupe -Xmx30g t=1 in1=/scratch/gregg_thomas/Murinae-seq/03A-Merged/Notomys-cervinus/seq-run-2/52922_AH7T7NBCX2_AAGCTAA_S5_L001_R1_001.fastp.decon.unmerged.fastq.gz in2=/scratch/gregg_thomas/Murinae-seq/03A-Merged/Notomys-cervinus/seq-run-2/52922_AH7T7NBCX2_AAGCTAA_S5_L001_R2_001.fastp.decon.unmerged.fastq.gz ordered=t overwrite=true minidentity=100 out=/scratch/gregg_thomas/Murinae-seq/04A-intermediate/Notomys-cervinus/seq-run-2/52922_AH7T7NBCX2_AAGCTAA_S5_L001_001.fastp.decon.unmerged.fastq.gz
Executing jgi.Dedupe [-Xmx30g, t=1, in1=/scratch/gregg_thomas/Murinae-seq/03A-Merged/Notomys-cervinus/seq-run-2/52922_AH7T7NBCX2_AAGCTAA_S5_L001_R1_001.fastp.decon.unmerged.fastq.gz, in2=/scratch/gregg_thomas/Murinae-seq/03A-Merged/Notomys-cervinus/seq-run-2/52922_AH7T7NBCX2_AAGCTAA_S5_L001_R2_001.fastp.decon.unmerged.fastq.gz, ordered=t, overwrite=true, minidentity=100, out=/scratch/gregg_thomas/Murinae-seq/04A-intermediate/Notomys-cervinus/seq-run-2/52922_AH7T7NBCX2_AAGCTAA_S5_L001_001.fastp.decon.unmerged.fastq.gz]
Version 38.73

Set threads to 1
Initial:
Memory: max=30870m, total=30870m, free=30386m, used=484m

Set absorbContainment to false because it is not currently supported for paired reads.
Found 173912 duplicates.
Finished exact matches.    Time: 28.572 seconds.
Memory: max=30870m, total=30870m, free=26004m, used=4866m

Input:                  	3674004 reads 		370373112 bases.
Duplicates:             	173912 reads (4.73%) 	17510701 bases (4.73%)     	81134 collisions.
Result:                 	3500092 reads (95.27%) 	352862411 bases (95.27%)

Sorted output.             Time: 3.097 seconds.
Memory: max=30870m, total=30870m, free=26004m, used=4866m

Printed output.            Time: 24.607 seconds.
Memory: max=30870m, total=30870m, free=24715m, used=6155m

Time:                         	56.299 seconds.
Reads Processed:       3674k 	65.26k reads/sec
Bases Processed:        370m 	6.58m bases/sec
