java -ea -Xmx30g -Xms30g -cp /home/gregg_thomas/bin/bbmap/current/ jgi.Dedupe -Xmx30g t=1 in=/scratch/gregg_thomas/Murinae-seq/03A-Merged/Paucidentomys-vermidax/nextseq-single-1/Z21914_S49_L004_R1_001.fastp.decon.fastq.gz ordered=t overwrite=true minidentity=100 out=/scratch/gregg_thomas/Murinae-seq/04A-Dedup/Paucidentomys-vermidax/nextseq-single-1/Z21914_S49_L004_R1_001.fastp.decon.dedup.fastq.gz
Executing jgi.Dedupe [-Xmx30g, t=1, in=/scratch/gregg_thomas/Murinae-seq/03A-Merged/Paucidentomys-vermidax/nextseq-single-1/Z21914_S49_L004_R1_001.fastp.decon.fastq.gz, ordered=t, overwrite=true, minidentity=100, out=/scratch/gregg_thomas/Murinae-seq/04A-Dedup/Paucidentomys-vermidax/nextseq-single-1/Z21914_S49_L004_R1_001.fastp.decon.dedup.fastq.gz]
Version 38.73

Set threads to 1
Initial:
Memory: max=30870m, total=30870m, free=30386m, used=484m

Found 9928 duplicates.
Finished exact matches.    Time: 8.374 seconds.
Memory: max=30870m, total=30870m, free=23227m, used=7643m

Found 1409 contained sequences.
Finished containment.      Time: 2.422 seconds.
Memory: max=30870m, total=30870m, free=30275m, used=595m

Removed 1409 invalid entries.
Finished invalid removal.  Time: 0.082 seconds.
Memory: max=30870m, total=30870m, free=30275m, used=595m

Input:                  	438511 reads 		33121351 bases.
Duplicates:             	9928 reads (2.26%) 	750263 bases (2.27%)     	0 collisions.
Containments:           	1409 reads (0.32%) 	104471 bases (0.32%)    	399849 collisions.
Result:                 	427174 reads (97.41%) 	32266617 bases (97.42%)

Sorted output.             Time: 0.147 seconds.
Memory: max=30870m, total=30870m, free=30275m, used=595m

Printed output.            Time: 1.977 seconds.
Memory: max=30870m, total=30870m, free=30044m, used=826m

Time:                         	13.023 seconds.
Reads Processed:        438k 	33.67k reads/sec
Bases Processed:      33121k 	2.54m bases/sec
