java -ea -Xmx30g -Xms30g -cp /home/gregg_thomas/bin/bbmap/current/ jgi.Dedupe -Xmx30g t=1 in=/scratch/gregg_thomas/Murinae-seq/03A-Merged/Paucidentomys-vermidax/nextseq-paired-2/Z21914_S17_L003_001.fastp.decon.merged.fastq.gz ordered=t overwrite=true minidentity=100 out=/scratch/gregg_thomas/Murinae-seq/04A-Dedup/Paucidentomys-vermidax/nextseq-paired-2/Z21914_S17_L003_001.fastp.decon.merged.dedup.fastq.gz
Executing jgi.Dedupe [-Xmx30g, t=1, in=/scratch/gregg_thomas/Murinae-seq/03A-Merged/Paucidentomys-vermidax/nextseq-paired-2/Z21914_S17_L003_001.fastp.decon.merged.fastq.gz, ordered=t, overwrite=true, minidentity=100, out=/scratch/gregg_thomas/Murinae-seq/04A-Dedup/Paucidentomys-vermidax/nextseq-paired-2/Z21914_S17_L003_001.fastp.decon.merged.dedup.fastq.gz]
Version 38.73

Set threads to 1
Initial:
Memory: max=30870m, total=30870m, free=30386m, used=484m

Found 46508 duplicates.
Finished exact matches.    Time: 24.100 seconds.
Memory: max=30870m, total=30870m, free=23325m, used=7545m

Found 104072 contained sequences.
Finished containment.      Time: 7.270 seconds.
Memory: max=30870m, total=30870m, free=22891m, used=7979m

Removed 104072 invalid entries.
Finished invalid removal.  Time: 0.182 seconds.
Memory: max=30870m, total=30870m, free=22891m, used=7979m

Input:                  	367189 reads 		61864082 bases.
Duplicates:             	46508 reads (12.67%) 	7850049 bases (12.69%)     	0 collisions.
Containments:           	104072 reads (28.34%) 	16608259 bases (26.85%)    	731377 collisions.
Result:                 	216609 reads (58.99%) 	37405774 bases (60.46%)

Sorted output.             Time: 0.260 seconds.
Memory: max=30870m, total=30870m, free=22891m, used=7979m

Printed output.            Time: 4.337 seconds.
Memory: max=30870m, total=30870m, free=30735m, used=135m

Time:                         	36.168 seconds.
Reads Processed:        367k 	10.15k reads/sec
Bases Processed:      61864k 	1.71m bases/sec
