java -ea -Xmx30g -Xms30g -cp /home/gregg_thomas/bin/bbmap/current/ jgi.Dedupe -Xmx30g t=1 in1=/scratch/gregg_thomas/Murinae-seq/03A-Merged/Phloeomys-pallidus/nextseq-paired-2/JEC43_S36_L003_R1_001.fastp.decon.unmerged.fastq.gz in2=/scratch/gregg_thomas/Murinae-seq/03A-Merged/Phloeomys-pallidus/nextseq-paired-2/JEC43_S36_L003_R2_001.fastp.decon.unmerged.fastq.gz ordered=t overwrite=true minidentity=100 out=/scratch/gregg_thomas/Murinae-seq/04A-intermediate/Phloeomys-pallidus/nextseq-paired-2/JEC43_S36_L003_001.fastp.decon.unmerged.fastq.gz
Executing jgi.Dedupe [-Xmx30g, t=1, in1=/scratch/gregg_thomas/Murinae-seq/03A-Merged/Phloeomys-pallidus/nextseq-paired-2/JEC43_S36_L003_R1_001.fastp.decon.unmerged.fastq.gz, in2=/scratch/gregg_thomas/Murinae-seq/03A-Merged/Phloeomys-pallidus/nextseq-paired-2/JEC43_S36_L003_R2_001.fastp.decon.unmerged.fastq.gz, ordered=t, overwrite=true, minidentity=100, out=/scratch/gregg_thomas/Murinae-seq/04A-intermediate/Phloeomys-pallidus/nextseq-paired-2/JEC43_S36_L003_001.fastp.decon.unmerged.fastq.gz]
Version 38.73

Set threads to 1
Initial:
Memory: max=30870m, total=30870m, free=30386m, used=484m

Set absorbContainment to false because it is not currently supported for paired reads.
Found 396062 duplicates.
Finished exact matches.    Time: 17.803 seconds.
Memory: max=30870m, total=30870m, free=25393m, used=5477m

Input:                  	4616822 reads 		348503888 bases.
Duplicates:             	396062 reads (8.58%) 	29915691 bases (8.58%)     	194432 collisions.
Result:                 	4220760 reads (91.42%) 	318588197 bases (91.42%)

Sorted output.             Time: 1.229 seconds.
Memory: max=30870m, total=30870m, free=25393m, used=5477m

Printed output.            Time: 19.142 seconds.
Memory: max=30870m, total=30870m, free=24105m, used=6765m

Time:                         	38.190 seconds.
Reads Processed:       4616k 	120.89k reads/sec
Bases Processed:        348m 	9.13m bases/sec
