java -ea -Xmx30g -Xms30g -cp /home/gregg_thomas/bin/bbmap/current/ jgi.Dedupe -Xmx30g t=1 in=/scratch/gregg_thomas/Murinae-seq/03A-Merged/Pseudomys-higginsi/seq-run-2/52953_BH7T77BCX2_GTACTAT_S16_L002_001.fastp.decon.merged.fastq.gz ordered=t overwrite=true minidentity=100 out=/scratch/gregg_thomas/Murinae-seq/04A-Dedup/Pseudomys-higginsi/seq-run-2/52953_BH7T77BCX2_GTACTAT_S16_L002_001.fastp.decon.merged.dedup.fastq.gz
Executing jgi.Dedupe [-Xmx30g, t=1, in=/scratch/gregg_thomas/Murinae-seq/03A-Merged/Pseudomys-higginsi/seq-run-2/52953_BH7T77BCX2_GTACTAT_S16_L002_001.fastp.decon.merged.fastq.gz, ordered=t, overwrite=true, minidentity=100, out=/scratch/gregg_thomas/Murinae-seq/04A-Dedup/Pseudomys-higginsi/seq-run-2/52953_BH7T77BCX2_GTACTAT_S16_L002_001.fastp.decon.merged.dedup.fastq.gz]
Version 38.73

Set threads to 1
Initial:
Memory: max=30870m, total=30870m, free=30386m, used=484m

Found 126908 duplicates.
Finished exact matches.    Time: 10.810 seconds.
Memory: max=30870m, total=30870m, free=23097m, used=7773m

Found 200874 contained sequences.
Finished containment.      Time: 18.150 seconds.
Memory: max=31305m, total=31305m, free=29997m, used=1308m

Removed 200874 invalid entries.
Finished invalid removal.  Time: 0.315 seconds.
Memory: max=31305m, total=31305m, free=29997m, used=1308m

Input:                  	898833 reads 		160895933 bases.
Duplicates:             	126908 reads (14.12%) 	22314442 bases (13.87%)     	0 collisions.
Containments:           	200874 reads (22.35%) 	33755055 bases (20.98%)    	21451640 collisions.
Result:                 	571051 reads (63.53%) 	104826436 bases (65.15%)

Sorted output.             Time: 0.380 seconds.
Memory: max=31305m, total=31305m, free=29997m, used=1308m

Printed output.            Time: 7.142 seconds.
Memory: max=31305m, total=31305m, free=29635m, used=1670m

Time:                         	36.832 seconds.
Reads Processed:        898k 	24.40k reads/sec
Bases Processed:        160m 	4.37m bases/sec
