java -ea -Xmx30g -Xms30g -cp /home/gregg_thomas/bin/bbmap/current/ jgi.Dedupe -Xmx30g t=1 in=/scratch/gregg_thomas/Murinae-seq/03A-Merged/Pseudomys-bolami/seq-run-2/53922_HTVLWBCX2_CCGGTAC_S10_L001_001.fastp.decon.merged.fastq.gz ordered=t overwrite=true minidentity=100 out=/scratch/gregg_thomas/Murinae-seq/04A-Dedup/Pseudomys-bolami/seq-run-2/53922_HTVLWBCX2_CCGGTAC_S10_L001_001.fastp.decon.merged.dedup.fastq.gz
Executing jgi.Dedupe [-Xmx30g, t=1, in=/scratch/gregg_thomas/Murinae-seq/03A-Merged/Pseudomys-bolami/seq-run-2/53922_HTVLWBCX2_CCGGTAC_S10_L001_001.fastp.decon.merged.fastq.gz, ordered=t, overwrite=true, minidentity=100, out=/scratch/gregg_thomas/Murinae-seq/04A-Dedup/Pseudomys-bolami/seq-run-2/53922_HTVLWBCX2_CCGGTAC_S10_L001_001.fastp.decon.merged.dedup.fastq.gz]
Version 38.73

Set threads to 1
Initial:
Memory: max=30870m, total=30870m, free=30386m, used=484m

Found 301784 duplicates.
Finished exact matches.    Time: 24.591 seconds.
Memory: max=30870m, total=30870m, free=24863m, used=6007m

Found 395905 contained sequences.
Finished containment.      Time: 27.123 seconds.
Memory: max=30870m, total=30870m, free=24473m, used=6397m

Removed 395905 invalid entries.
Finished invalid removal.  Time: 0.761 seconds.
Memory: max=30870m, total=30870m, free=24473m, used=6397m

Input:                  	1570931 reads 		278676129 bases.
Duplicates:             	301784 reads (19.21%) 	53696385 bases (19.27%)     	0 collisions.
Containments:           	395905 reads (25.20%) 	65187130 bases (23.39%)    	18451118 collisions.
Result:                 	873242 reads (55.59%) 	159792614 bases (57.34%)

Sorted output.             Time: 0.426 seconds.
Memory: max=30870m, total=30870m, free=24393m, used=6477m

Printed output.            Time: 9.867 seconds.
Memory: max=30870m, total=30870m, free=23874m, used=6996m

Time:                         	62.792 seconds.
Reads Processed:       1570k 	25.02k reads/sec
Bases Processed:        278m 	4.44m bases/sec

