java -ea -Xmx30g -Xms30g -cp /home/gregg_thomas/bin/bbmap/current/ jgi.Dedupe -Xmx30g t=1 in1=/scratch/gregg_thomas/Murinae-seq/03A-Merged/Pseudomys-patrius/seq-run-2/52940_BH7T77BCX2_CCAACCT_S3_L002_R1_001.fastp.decon.unmerged.fastq.gz in2=/scratch/gregg_thomas/Murinae-seq/03A-Merged/Pseudomys-patrius/seq-run-2/52940_BH7T77BCX2_CCAACCT_S3_L002_R2_001.fastp.decon.unmerged.fastq.gz ordered=t overwrite=true minidentity=100 out=/scratch/gregg_thomas/Murinae-seq/04A-intermediate/Pseudomys-patrius/seq-run-2/52940_BH7T77BCX2_CCAACCT_S3_L002_001.fastp.decon.unmerged.fastq.gz
Executing jgi.Dedupe [-Xmx30g, t=1, in1=/scratch/gregg_thomas/Murinae-seq/03A-Merged/Pseudomys-patrius/seq-run-2/52940_BH7T77BCX2_CCAACCT_S3_L002_R1_001.fastp.decon.unmerged.fastq.gz, in2=/scratch/gregg_thomas/Murinae-seq/03A-Merged/Pseudomys-patrius/seq-run-2/52940_BH7T77BCX2_CCAACCT_S3_L002_R2_001.fastp.decon.unmerged.fastq.gz, ordered=t, overwrite=true, minidentity=100, out=/scratch/gregg_thomas/Murinae-seq/04A-intermediate/Pseudomys-patrius/seq-run-2/52940_BH7T77BCX2_CCAACCT_S3_L002_001.fastp.decon.unmerged.fastq.gz]
Version 38.73

Set threads to 1
Initial:
Memory: max=30870m, total=30870m, free=30547m, used=323m

Set absorbContainment to false because it is not currently supported for paired reads.
Found 150968 duplicates.
Finished exact matches.    Time: 20.359 seconds.
Memory: max=30870m, total=30870m, free=26521m, used=4349m

Input:                  	2981592 reads 		300448581 bases.
Duplicates:             	150968 reads (5.06%) 	15206930 bases (5.06%)     	76218 collisions.
Result:                 	2830624 reads (94.94%) 	285241651 bases (94.94%)

Sorted output.             Time: 1.245 seconds.
Memory: max=30870m, total=30870m, free=26521m, used=4349m

Printed output.            Time: 21.929 seconds.
Memory: max=30870m, total=30870m, free=25393m, used=5477m

Time:                         	43.558 seconds.
Reads Processed:       2981k 	68.45k reads/sec
Bases Processed:        300m 	6.90m bases/sec
