java -ea -Xmx30g -Xms30g -cp /home/gregg_thomas/bin/bbmap/current/ jgi.Dedupe -Xmx30g t=1 in=/scratch/gregg_thomas/Murinae-seq/03A-Merged/Pseudomys-desertor/seq-run-2/52925_AH7T7NBCX2_GTCCGGC_S8_L002_001.fastp.decon.merged.fastq.gz ordered=t overwrite=true minidentity=100 out=/scratch/gregg_thomas/Murinae-seq/04A-Dedup/Pseudomys-desertor/seq-run-2/52925_AH7T7NBCX2_GTCCGGC_S8_L002_001.fastp.decon.merged.dedup.fastq.gz
Executing jgi.Dedupe [-Xmx30g, t=1, in=/scratch/gregg_thomas/Murinae-seq/03A-Merged/Pseudomys-desertor/seq-run-2/52925_AH7T7NBCX2_GTCCGGC_S8_L002_001.fastp.decon.merged.fastq.gz, ordered=t, overwrite=true, minidentity=100, out=/scratch/gregg_thomas/Murinae-seq/04A-Dedup/Pseudomys-desertor/seq-run-2/52925_AH7T7NBCX2_GTCCGGC_S8_L002_001.fastp.decon.merged.dedup.fastq.gz]
Version 38.73

Set threads to 1
Initial:
Memory: max=30870m, total=30870m, free=30386m, used=484m

Found 623874 duplicates.
Finished exact matches.    Time: 44.271 seconds.
Memory: max=30870m, total=30870m, free=22960m, used=7910m

Found 1732242 contained sequences.
Finished containment.      Time: 95.269 seconds.
Memory: max=30870m, total=30870m, free=22576m, used=8294m

Removed 1732242 invalid entries.
Finished invalid removal.  Time: 2.213 seconds.
Memory: max=30870m, total=30870m, free=22335m, used=8535m

Input:                  	4247964 reads 		715308249 bases.
Duplicates:             	623874 reads (14.69%) 	99985461 bases (13.98%)     	0 collisions.
Containments:           	1732242 reads (40.78%) 	271237443 bases (37.92%)    	147317201 collisions.
Result:                 	1891848 reads (44.54%) 	344085345 bases (48.10%)

Sorted output.             Time: 2.085 seconds.
Memory: max=30870m, total=30870m, free=22254m, used=8616m

Printed output.            Time: 20.321 seconds.
Memory: max=30167m, total=30167m, free=28517m, used=1650m

Time:                         	164.184 seconds.
Reads Processed:       4247k 	25.87k reads/sec
Bases Processed:        715m 	4.36m bases/sec

