java -ea -Xmx30g -Xms30g -cp /home/gregg_thomas/bin/bbmap/current/ jgi.Dedupe -Xmx30g t=1 in=/scratch/gregg_thomas/Murinae-seq/03A-Merged/Pseudomys-auritus/seq-run-2/53928_HTVLWBCX2_TAATGCG_S16_L001_001.fastp.decon.merged.fastq.gz ordered=t overwrite=true minidentity=100 out=/scratch/gregg_thomas/Murinae-seq/04A-Dedup/Pseudomys-auritus/seq-run-2/53928_HTVLWBCX2_TAATGCG_S16_L001_001.fastp.decon.merged.dedup.fastq.gz
Executing jgi.Dedupe [-Xmx30g, t=1, in=/scratch/gregg_thomas/Murinae-seq/03A-Merged/Pseudomys-auritus/seq-run-2/53928_HTVLWBCX2_TAATGCG_S16_L001_001.fastp.decon.merged.fastq.gz, ordered=t, overwrite=true, minidentity=100, out=/scratch/gregg_thomas/Murinae-seq/04A-Dedup/Pseudomys-auritus/seq-run-2/53928_HTVLWBCX2_TAATGCG_S16_L001_001.fastp.decon.merged.dedup.fastq.gz]
Version 38.73

Set threads to 1
Initial:
Memory: max=30870m, total=30870m, free=30547m, used=323m

Found 179285 duplicates.
Finished exact matches.    Time: 9.604 seconds.
Memory: max=30870m, total=30870m, free=23205m, used=7665m

Found 104762 contained sequences.
Finished containment.      Time: 43.937 seconds.
Memory: max=30870m, total=30870m, free=22767m, used=8103m

Removed 104762 invalid entries.
Finished invalid removal.  Time: 0.548 seconds.
Memory: max=30870m, total=30870m, free=22767m, used=8103m

Input:                  	704167 reads 		66169460 bases.
Duplicates:             	179285 reads (25.46%) 	16784736 bases (25.37%)     	0 collisions.
Containments:           	104762 reads (14.88%) 	8270069 bases (12.50%)    	309411195 collisions.
Result:                 	420120 reads (59.66%) 	41114655 bases (62.14%)

Sorted output.             Time: 0.673 seconds.
Memory: max=30870m, total=30870m, free=22767m, used=8103m

Printed output.            Time: 3.279 seconds.
Memory: max=30870m, total=30870m, free=30582m, used=288m

Time:                         	58.087 seconds.
Reads Processed:        704k 	12.12k reads/sec
Bases Processed:      66169k 	1.14m bases/sec

