java -ea -Xmx30g -Xms30g -cp /home/gregg_thomas/bin/bbmap/current/ jgi.Dedupe -Xmx30g t=1 in1=/scratch/gregg_thomas/Murinae-seq/03A-Merged/Pseudomys-calabyi/seq-run-2/52938_BH7T77BCX2_AATAAGC_S1_L001_R1_001.fastp.decon.unmerged.fastq.gz in2=/scratch/gregg_thomas/Murinae-seq/03A-Merged/Pseudomys-calabyi/seq-run-2/52938_BH7T77BCX2_AATAAGC_S1_L001_R2_001.fastp.decon.unmerged.fastq.gz ordered=t overwrite=true minidentity=100 out=/scratch/gregg_thomas/Murinae-seq/04A-intermediate/Pseudomys-calabyi/seq-run-2/52938_BH7T77BCX2_AATAAGC_S1_L001_001.fastp.decon.unmerged.fastq.gz
Executing jgi.Dedupe [-Xmx30g, t=1, in1=/scratch/gregg_thomas/Murinae-seq/03A-Merged/Pseudomys-calabyi/seq-run-2/52938_BH7T77BCX2_AATAAGC_S1_L001_R1_001.fastp.decon.unmerged.fastq.gz, in2=/scratch/gregg_thomas/Murinae-seq/03A-Merged/Pseudomys-calabyi/seq-run-2/52938_BH7T77BCX2_AATAAGC_S1_L001_R2_001.fastp.decon.unmerged.fastq.gz, ordered=t, overwrite=true, minidentity=100, out=/scratch/gregg_thomas/Murinae-seq/04A-intermediate/Pseudomys-calabyi/seq-run-2/52938_BH7T77BCX2_AATAAGC_S1_L001_001.fastp.decon.unmerged.fastq.gz]
Version 38.73

Set threads to 1
Initial:
Memory: max=30870m, total=30870m, free=30386m, used=484m

Set absorbContainment to false because it is not currently supported for paired reads.
Found 240780 duplicates.
Finished exact matches.    Time: 29.508 seconds.
Memory: max=30870m, total=30870m, free=25199m, used=5671m

Input:                  	4564746 reads 		459798198 bases.
Duplicates:             	240780 reads (5.27%) 	24251659 bases (5.27%)     	114888 collisions.
Result:                 	4323966 reads (94.73%) 	435546539 bases (94.73%)

Sorted output.             Time: 2.612 seconds.
Memory: max=30870m, total=30870m, free=25199m, used=5671m

Printed output.            Time: 40.449 seconds.
Memory: max=30870m, total=30870m, free=23554m, used=7316m

Time:                         	72.602 seconds.
Reads Processed:       4564k 	62.87k reads/sec
Bases Processed:        459m 	6.33m bases/sec
