java -ea -Xmx30g -Xms30g -cp /home/gregg_thomas/bin/bbmap/current/ jgi.Dedupe -Xmx30g t=1 in=/scratch/gregg_thomas/Murinae-seq/03A-Merged/Pseudomys-nanus/seq-run-2/52936_AH7T7NBCX2_TAGTCTA_S19_L001_001.fastp.decon.merged.fastq.gz ordered=t overwrite=true minidentity=100 out=/scratch/gregg_thomas/Murinae-seq/04A-Dedup/Pseudomys-nanus/seq-run-2/52936_AH7T7NBCX2_TAGTCTA_S19_L001_001.fastp.decon.merged.dedup.fastq.gz
Executing jgi.Dedupe [-Xmx30g, t=1, in=/scratch/gregg_thomas/Murinae-seq/03A-Merged/Pseudomys-nanus/seq-run-2/52936_AH7T7NBCX2_TAGTCTA_S19_L001_001.fastp.decon.merged.fastq.gz, ordered=t, overwrite=true, minidentity=100, out=/scratch/gregg_thomas/Murinae-seq/04A-Dedup/Pseudomys-nanus/seq-run-2/52936_AH7T7NBCX2_TAGTCTA_S19_L001_001.fastp.decon.merged.dedup.fastq.gz]
Version 38.73

Set threads to 1
Initial:
Memory: max=30870m, total=30870m, free=30386m, used=484m

Found 464415 duplicates.
Finished exact matches.    Time: 42.010 seconds.
Memory: max=30870m, total=30870m, free=23386m, used=7484m

Found 1246724 contained sequences.
Finished containment.      Time: 101.312 seconds.
Memory: max=30870m, total=30870m, free=22902m, used=7968m

Removed 1246724 invalid entries.
Finished invalid removal.  Time: 1.724 seconds.
Memory: max=30870m, total=30870m, free=22902m, used=7968m

Input:                  	3484585 reads 		625851792 bases.
Duplicates:             	464415 reads (13.33%) 	80113959 bases (12.80%)     	0 collisions.
Containments:           	1246724 reads (35.78%) 	208940008 bases (33.38%)    	171237888 collisions.
Result:                 	1773446 reads (50.89%) 	336797825 bases (53.81%)

Sorted output.             Time: 0.983 seconds.
Memory: max=30870m, total=30870m, free=22821m, used=8049m

Printed output.            Time: 24.307 seconds.
Memory: max=30870m, total=30870m, free=21748m, used=9122m

Time:                         	170.362 seconds.
Reads Processed:       3484k 	20.45k reads/sec
Bases Processed:        625m 	3.67m bases/sec
