java -ea -Xmx30g -Xms30g -cp /home/gregg_thomas/bin/bbmap/current/ jgi.Dedupe -Xmx30g t=1 in=/scratch/gregg_thomas/Murinae-seq/03A-Merged/Pseudomys-calabyi/seq-run-2/52938_BH7T77BCX2_AATAAGC_S1_L002_001.fastp.decon.merged.fastq.gz ordered=t overwrite=true minidentity=100 out=/scratch/gregg_thomas/Murinae-seq/04A-Dedup/Pseudomys-calabyi/seq-run-2/52938_BH7T77BCX2_AATAAGC_S1_L002_001.fastp.decon.merged.dedup.fastq.gz
Executing jgi.Dedupe [-Xmx30g, t=1, in=/scratch/gregg_thomas/Murinae-seq/03A-Merged/Pseudomys-calabyi/seq-run-2/52938_BH7T77BCX2_AATAAGC_S1_L002_001.fastp.decon.merged.fastq.gz, ordered=t, overwrite=true, minidentity=100, out=/scratch/gregg_thomas/Murinae-seq/04A-Dedup/Pseudomys-calabyi/seq-run-2/52938_BH7T77BCX2_AATAAGC_S1_L002_001.fastp.decon.merged.dedup.fastq.gz]
Version 38.73

Set threads to 1
Initial:
Memory: max=30870m, total=30870m, free=30386m, used=484m

Found 580312 duplicates.
Finished exact matches.    Time: 49.753 seconds.
Memory: max=30870m, total=30870m, free=23391m, used=7479m

Found 1561281 contained sequences.
Finished containment.      Time: 97.735 seconds.
Memory: max=30870m, total=30870m, free=22902m, used=7968m

Removed 1561281 invalid entries.
Finished invalid removal.  Time: 1.413 seconds.
Memory: max=30870m, total=30870m, free=22849m, used=8021m

Input:                  	4148318 reads 		731509446 bases.
Duplicates:             	580312 reads (13.99%) 	98418090 bases (13.45%)     	0 collisions.
Containments:           	1561281 reads (37.64%) 	257674344 bases (35.23%)    	222333184 collisions.
Result:                 	2006725 reads (48.37%) 	375417012 bases (51.32%)

Sorted output.             Time: 1.457 seconds.
Memory: max=30870m, total=30870m, free=22797m, used=8073m

Printed output.            Time: 23.300 seconds.
Memory: max=30870m, total=30870m, free=21679m, used=9191m

Time:                         	173.683 seconds.
Reads Processed:       4148k 	23.88k reads/sec
Bases Processed:        731m 	4.21m bases/sec
