java -ea -Xmx30g -Xms30g -cp /home/gregg_thomas/bin/bbmap/current/ jgi.Dedupe -Xmx30g t=1 in1=/scratch/gregg_thomas/Murinae-seq/03A-Merged/Pseudomys-bolami/seq-run-2/53922_HTVLWBCX2_CCGGTAC_S10_L001_R1_001.fastp.decon.unmerged.fastq.gz in2=/scratch/gregg_thomas/Murinae-seq/03A-Merged/Pseudomys-bolami/seq-run-2/53922_HTVLWBCX2_CCGGTAC_S10_L001_R2_001.fastp.decon.unmerged.fastq.gz ordered=t overwrite=true minidentity=100 out=/scratch/gregg_thomas/Murinae-seq/04A-intermediate/Pseudomys-bolami/seq-run-2/53922_HTVLWBCX2_CCGGTAC_S10_L001_001.fastp.decon.unmerged.fastq.gz
Executing jgi.Dedupe [-Xmx30g, t=1, in1=/scratch/gregg_thomas/Murinae-seq/03A-Merged/Pseudomys-bolami/seq-run-2/53922_HTVLWBCX2_CCGGTAC_S10_L001_R1_001.fastp.decon.unmerged.fastq.gz, in2=/scratch/gregg_thomas/Murinae-seq/03A-Merged/Pseudomys-bolami/seq-run-2/53922_HTVLWBCX2_CCGGTAC_S10_L001_R2_001.fastp.decon.unmerged.fastq.gz, ordered=t, overwrite=true, minidentity=100, out=/scratch/gregg_thomas/Murinae-seq/04A-intermediate/Pseudomys-bolami/seq-run-2/53922_HTVLWBCX2_CCGGTAC_S10_L001_001.fastp.decon.unmerged.fastq.gz]
Version 38.73

Set threads to 1
Initial:
Memory: max=30870m, total=30870m, free=30386m, used=484m

Set absorbContainment to false because it is not currently supported for paired reads.
Found 197714 duplicates.
Finished exact matches.    Time: 23.390 seconds.
Memory: max=30870m, total=30870m, free=25521m, used=5349m

Input:                  	4081310 reads 		411210638 bases.
Duplicates:             	197714 reads (4.84%) 	19944913 bases (4.85%)     	136056 collisions.
Result:                 	3883596 reads (95.16%) 	391265725 bases (95.15%)

Sorted output.             Time: 2.184 seconds.
Memory: max=30870m, total=30870m, free=25521m, used=5349m

Printed output.            Time: 31.689 seconds.
Memory: max=30870m, total=30870m, free=24038m, used=6832m

Time:                         	57.290 seconds.
Reads Processed:       4081k 	71.24k reads/sec
Bases Processed:        411m 	7.18m bases/sec
