java -ea -Xmx30g -Xms30g -cp /home/gregg_thomas/bin/bbmap/current/ jgi.Dedupe -Xmx30g t=1 in=/scratch/gregg_thomas/Murinae-seq/03A-Merged/Pseudomys-fieldi/seq-run-2/52941_BH7T77BCX2_GCAGAAG_S4_L002_001.fastp.decon.merged.fastq.gz ordered=t overwrite=true minidentity=100 out=/scratch/gregg_thomas/Murinae-seq/04A-Dedup/Pseudomys-fieldi/seq-run-2/52941_BH7T77BCX2_GCAGAAG_S4_L002_001.fastp.decon.merged.dedup.fastq.gz
Executing jgi.Dedupe [-Xmx30g, t=1, in=/scratch/gregg_thomas/Murinae-seq/03A-Merged/Pseudomys-fieldi/seq-run-2/52941_BH7T77BCX2_GCAGAAG_S4_L002_001.fastp.decon.merged.fastq.gz, ordered=t, overwrite=true, minidentity=100, out=/scratch/gregg_thomas/Murinae-seq/04A-Dedup/Pseudomys-fieldi/seq-run-2/52941_BH7T77BCX2_GCAGAAG_S4_L002_001.fastp.decon.merged.dedup.fastq.gz]
Version 38.73

Set threads to 1
Initial:
Memory: max=30870m, total=30870m, free=30547m, used=323m

Found 296293 duplicates.
Finished exact matches.    Time: 23.467 seconds.
Memory: max=30870m, total=30870m, free=24095m, used=6775m

Found 945321 contained sequences.
Finished containment.      Time: 59.534 seconds.
Memory: max=30870m, total=30870m, free=23711m, used=7159m

Removed 945321 invalid entries.
Finished invalid removal.  Time: 1.173 seconds.
Memory: max=30870m, total=30870m, free=23711m, used=7159m

Input:                  	2503109 reads 		454260303 bases.
Duplicates:             	296293 reads (11.84%) 	51777537 bases (11.40%)     	0 collisions.
Containments:           	945321 reads (37.77%) 	159691891 bases (35.15%)    	57206811 collisions.
Result:                 	1261495 reads (50.40%) 	242790875 bases (53.45%)

Sorted output.             Time: 0.785 seconds.
Memory: max=30870m, total=30870m, free=23711m, used=7159m

Printed output.            Time: 18.385 seconds.
Memory: max=30870m, total=30870m, free=22997m, used=7873m

Time:                         	103.372 seconds.
Reads Processed:       2503k 	24.21k reads/sec
Bases Processed:        454m 	4.39m bases/sec
