java -ea -Xmx30g -Xms30g -cp /home/gregg_thomas/bin/bbmap/current/ jgi.Dedupe -Xmx30g t=1 in1=/scratch/gregg_thomas/Murinae-seq/03A-Merged/Pseudomys-occidentalis/seq-run-2/52939_BH7T77BCX2_AGCCTTG_S2_L002_R1_001.fastp.decon.unmerged.fastq.gz in2=/scratch/gregg_thomas/Murinae-seq/03A-Merged/Pseudomys-occidentalis/seq-run-2/52939_BH7T77BCX2_AGCCTTG_S2_L002_R2_001.fastp.decon.unmerged.fastq.gz ordered=t overwrite=true minidentity=100 out=/scratch/gregg_thomas/Murinae-seq/04A-intermediate/Pseudomys-occidentalis/seq-run-2/52939_BH7T77BCX2_AGCCTTG_S2_L002_001.fastp.decon.unmerged.fastq.gz
Executing jgi.Dedupe [-Xmx30g, t=1, in1=/scratch/gregg_thomas/Murinae-seq/03A-Merged/Pseudomys-occidentalis/seq-run-2/52939_BH7T77BCX2_AGCCTTG_S2_L002_R1_001.fastp.decon.unmerged.fastq.gz, in2=/scratch/gregg_thomas/Murinae-seq/03A-Merged/Pseudomys-occidentalis/seq-run-2/52939_BH7T77BCX2_AGCCTTG_S2_L002_R2_001.fastp.decon.unmerged.fastq.gz, ordered=t, overwrite=true, minidentity=100, out=/scratch/gregg_thomas/Murinae-seq/04A-intermediate/Pseudomys-occidentalis/seq-run-2/52939_BH7T77BCX2_AGCCTTG_S2_L002_001.fastp.decon.unmerged.fastq.gz]
Version 38.73

Set threads to 1
Initial:
Memory: max=30870m, total=30870m, free=30547m, used=323m

Set absorbContainment to false because it is not currently supported for paired reads.
Found 169320 duplicates.
Finished exact matches.    Time: 28.501 seconds.
Memory: max=30870m, total=30870m, free=26165m, used=4705m

Input:                  	3442762 reads 		346840101 bases.
Duplicates:             	169320 reads (4.92%) 	17057781 bases (4.92%)     	73970 collisions.
Result:                 	3273442 reads (95.08%) 	329782320 bases (95.08%)

Sorted output.             Time: 1.436 seconds.
Memory: max=30870m, total=30870m, free=26165m, used=4705m

Printed output.            Time: 32.365 seconds.
Memory: max=30870m, total=30870m, free=25038m, used=5832m

Time:                         	62.337 seconds.
Reads Processed:       3442k 	55.23k reads/sec
Bases Processed:        346m 	5.56m bases/sec
