java -ea -Xmx30g -Xms30g -cp /home/gregg_thomas/bin/bbmap/current/ jgi.Dedupe -Xmx30g t=1 in=/scratch/gregg_thomas/Murinae-seq/03A-Merged/Pseudomys-gouldii/seq-run-2/52955_BH7T77BCX2_AGCAGGT_S18_L001_001.fastp.decon.merged.fastq.gz ordered=t overwrite=true minidentity=100 out=/scratch/gregg_thomas/Murinae-seq/04A-Dedup/Pseudomys-gouldii/seq-run-2/52955_BH7T77BCX2_AGCAGGT_S18_L001_001.fastp.decon.merged.dedup.fastq.gz
Executing jgi.Dedupe [-Xmx30g, t=1, in=/scratch/gregg_thomas/Murinae-seq/03A-Merged/Pseudomys-gouldii/seq-run-2/52955_BH7T77BCX2_AGCAGGT_S18_L001_001.fastp.decon.merged.fastq.gz, ordered=t, overwrite=true, minidentity=100, out=/scratch/gregg_thomas/Murinae-seq/04A-Dedup/Pseudomys-gouldii/seq-run-2/52955_BH7T77BCX2_AGCAGGT_S18_L001_001.fastp.decon.merged.dedup.fastq.gz]
Version 38.73

Set threads to 1
Initial:
Memory: max=30870m, total=30870m, free=30386m, used=484m

Found 6560465 duplicates.
Finished exact matches.    Time: 152.344 seconds.
Memory: max=28633m, total=28424m, free=20137m, used=8287m

Found 2658251 contained sequences.
Finished containment.      Time: 1187.280 seconds.
Memory: max=28633m, total=28424m, free=19329m, used=9095m

Removed 2658251 invalid entries.
Finished invalid removal.  Time: 2.557 seconds.
Memory: max=28633m, total=28424m, free=19241m, used=9183m

Input:                  	14430381 reads 		1384812874 bases.
Duplicates:             	6560465 reads (45.46%) 	624452725 bases (45.09%)     	0 collisions.
Containments:           	2658251 reads (18.42%) 	232934859 bases (16.82%)    	12513881227 collisions.
Result:                 	5211665 reads (36.12%) 	527425290 bases (38.09%)

Sorted output.             Time: 1.996 seconds.
Memory: max=28633m, total=28424m, free=19065m, used=9359m

Printed output.            Time: 29.957 seconds.
Memory: max=28633m, total=28633m, free=21698m, used=6935m

Time:                         	1374.167 seconds.
Reads Processed:      14430k 	10.50k reads/sec
Bases Processed:       1384m 	1.01m bases/sec
