java -ea -Xmx30g -Xms30g -cp /home/gregg_thomas/bin/bbmap/current/ jgi.Dedupe -Xmx30g t=1 in1=/scratch/gregg_thomas/Murinae-seq/03A-Merged/Pseudomys-gracilicaudatus/seq-run-2/52934_AH7T7NBCX2_TTCAACC_S17_L001_R1_001.fastp.decon.unmerged.fastq.gz in2=/scratch/gregg_thomas/Murinae-seq/03A-Merged/Pseudomys-gracilicaudatus/seq-run-2/52934_AH7T7NBCX2_TTCAACC_S17_L001_R2_001.fastp.decon.unmerged.fastq.gz ordered=t overwrite=true minidentity=100 out=/scratch/gregg_thomas/Murinae-seq/04A-intermediate/Pseudomys-gracilicaudatus/seq-run-2/52934_AH7T7NBCX2_TTCAACC_S17_L001_001.fastp.decon.unmerged.fastq.gz
Executing jgi.Dedupe [-Xmx30g, t=1, in1=/scratch/gregg_thomas/Murinae-seq/03A-Merged/Pseudomys-gracilicaudatus/seq-run-2/52934_AH7T7NBCX2_TTCAACC_S17_L001_R1_001.fastp.decon.unmerged.fastq.gz, in2=/scratch/gregg_thomas/Murinae-seq/03A-Merged/Pseudomys-gracilicaudatus/seq-run-2/52934_AH7T7NBCX2_TTCAACC_S17_L001_R2_001.fastp.decon.unmerged.fastq.gz, ordered=t, overwrite=true, minidentity=100, out=/scratch/gregg_thomas/Murinae-seq/04A-intermediate/Pseudomys-gracilicaudatus/seq-run-2/52934_AH7T7NBCX2_TTCAACC_S17_L001_001.fastp.decon.unmerged.fastq.gz]
Version 38.73

Set threads to 1
Initial:
Memory: max=30870m, total=30870m, free=30386m, used=484m

Set absorbContainment to false because it is not currently supported for paired reads.
Found 225408 duplicates.
Finished exact matches.    Time: 38.757 seconds.
Memory: max=30870m, total=30870m, free=25682m, used=5188m

Input:                  	3871154 reads 		390464202 bases.
Duplicates:             	225408 reads (5.82%) 	22721898 bases (5.82%)     	81935 collisions.
Result:                 	3645746 reads (94.18%) 	367742304 bases (94.18%)

Sorted output.             Time: 3.156 seconds.
Memory: max=30870m, total=30870m, free=25682m, used=5188m

Printed output.            Time: 31.422 seconds.
Memory: max=30870m, total=30870m, free=24360m, used=6510m

Time:                         	73.392 seconds.
Reads Processed:       3871k 	52.75k reads/sec
Bases Processed:        390m 	5.32m bases/sec
