java -ea -Xmx30g -Xms30g -cp /home/gregg_thomas/bin/bbmap/current/ jgi.Dedupe -Xmx30g t=1 in=/scratch/gregg_thomas/Murinae-seq/03A-Merged/Pseudomys-bolami/seq-run-1/53922_HTVLKBCX2_CCGGTAC_S10_L002_001.fastp.decon.merged.fastq.gz ordered=t overwrite=true minidentity=100 out=/scratch/gregg_thomas/Murinae-seq/04A-Dedup/Pseudomys-bolami/seq-run-1/53922_HTVLKBCX2_CCGGTAC_S10_L002_001.fastp.decon.merged.dedup.fastq.gz
Executing jgi.Dedupe [-Xmx30g, t=1, in=/scratch/gregg_thomas/Murinae-seq/03A-Merged/Pseudomys-bolami/seq-run-1/53922_HTVLKBCX2_CCGGTAC_S10_L002_001.fastp.decon.merged.fastq.gz, ordered=t, overwrite=true, minidentity=100, out=/scratch/gregg_thomas/Murinae-seq/04A-Dedup/Pseudomys-bolami/seq-run-1/53922_HTVLKBCX2_CCGGTAC_S10_L002_001.fastp.decon.merged.dedup.fastq.gz]
Version 38.73

Set threads to 1
Initial:
Memory: max=30870m, total=30870m, free=30386m, used=484m

Found 263854 duplicates.
Finished exact matches.    Time: 18.529 seconds.
Memory: max=30870m, total=30870m, free=25017m, used=5853m

Found 363734 contained sequences.
Finished containment.      Time: 28.762 seconds.
Memory: max=30870m, total=30870m, free=24551m, used=6319m

Removed 363734 invalid entries.
Finished invalid removal.  Time: 0.505 seconds.
Memory: max=30870m, total=30870m, free=24551m, used=6319m

Input:                  	1464190 reads 		260411932 bases.
Duplicates:             	263854 reads (18.02%) 	47082955 bases (18.08%)     	0 collisions.
Containments:           	363734 reads (24.84%) 	59862046 bases (22.99%)    	17654020 collisions.
Result:                 	836602 reads (57.14%) 	153466931 bases (58.93%)

Sorted output.             Time: 0.446 seconds.
Memory: max=30870m, total=30870m, free=24470m, used=6400m

Printed output.            Time: 12.072 seconds.
Memory: max=30870m, total=30870m, free=24013m, used=6857m

Time:                         	60.403 seconds.
Reads Processed:       1464k 	24.24k reads/sec
Bases Processed:        260m 	4.31m bases/sec
