java -ea -Xmx30g -Xms30g -cp /home/gregg_thomas/bin/bbmap/current/ jgi.Dedupe -Xmx30g t=1 in1=/scratch/gregg_thomas/Murinae-seq/03A-Merged/Pseudomys-johnsoni/seq-run-1/52935_AH7T2JBCX2_TTAACTC_S18_L001_R1_001.fastp.decon.unmerged.fastq.gz in2=/scratch/gregg_thomas/Murinae-seq/03A-Merged/Pseudomys-johnsoni/seq-run-1/52935_AH7T2JBCX2_TTAACTC_S18_L001_R2_001.fastp.decon.unmerged.fastq.gz ordered=t overwrite=true minidentity=100 out=/scratch/gregg_thomas/Murinae-seq/04A-intermediate/Pseudomys-johnsoni/seq-run-1/52935_AH7T2JBCX2_TTAACTC_S18_L001_001.fastp.decon.unmerged.fastq.gz
Executing jgi.Dedupe [-Xmx30g, t=1, in1=/scratch/gregg_thomas/Murinae-seq/03A-Merged/Pseudomys-johnsoni/seq-run-1/52935_AH7T2JBCX2_TTAACTC_S18_L001_R1_001.fastp.decon.unmerged.fastq.gz, in2=/scratch/gregg_thomas/Murinae-seq/03A-Merged/Pseudomys-johnsoni/seq-run-1/52935_AH7T2JBCX2_TTAACTC_S18_L001_R2_001.fastp.decon.unmerged.fastq.gz, ordered=t, overwrite=true, minidentity=100, out=/scratch/gregg_thomas/Murinae-seq/04A-intermediate/Pseudomys-johnsoni/seq-run-1/52935_AH7T2JBCX2_TTAACTC_S18_L001_001.fastp.decon.unmerged.fastq.gz]
Version 38.73

Set threads to 1
Initial:
Memory: max=30870m, total=30870m, free=30386m, used=484m

Set absorbContainment to false because it is not currently supported for paired reads.
Found 764088 duplicates.
Finished exact matches.    Time: 77.991 seconds.
Memory: max=30870m, total=30870m, free=24199m, used=6671m

Input:                  	9014102 reads 		909262386 bases.
Duplicates:             	764088 reads (8.48%) 	77039244 bases (8.47%)     	325013 collisions.
Result:                 	8250014 reads (91.52%) 	832223142 bases (91.53%)

Sorted output.             Time: 3.483 seconds.
Memory: max=30870m, total=30870m, free=23877m, used=6993m

Printed output.            Time: 61.396 seconds.
Memory: max=30870m, total=30870m, free=20967m, used=9903m

Time:                         	142.948 seconds.
Reads Processed:       9014k 	63.06k reads/sec
Bases Processed:        909m 	6.36m bases/sec
