java -ea -Xmx30g -Xms30g -cp /home/gregg_thomas/bin/bbmap/current/ jgi.Dedupe -Xmx30g t=1 in1=/scratch/gregg_thomas/Murinae-seq/03A-Merged/Pseudomys-shortridgei/seq-run-2/53914_HTVLWBCX2_CTCTGCA_S2_L001_R1_001.fastp.decon.unmerged.fastq.gz in2=/scratch/gregg_thomas/Murinae-seq/03A-Merged/Pseudomys-shortridgei/seq-run-2/53914_HTVLWBCX2_CTCTGCA_S2_L001_R2_001.fastp.decon.unmerged.fastq.gz ordered=t overwrite=true minidentity=100 out=/scratch/gregg_thomas/Murinae-seq/04A-intermediate/Pseudomys-shortridgei/seq-run-2/53914_HTVLWBCX2_CTCTGCA_S2_L001_001.fastp.decon.unmerged.fastq.gz
Executing jgi.Dedupe [-Xmx30g, t=1, in1=/scratch/gregg_thomas/Murinae-seq/03A-Merged/Pseudomys-shortridgei/seq-run-2/53914_HTVLWBCX2_CTCTGCA_S2_L001_R1_001.fastp.decon.unmerged.fastq.gz, in2=/scratch/gregg_thomas/Murinae-seq/03A-Merged/Pseudomys-shortridgei/seq-run-2/53914_HTVLWBCX2_CTCTGCA_S2_L001_R2_001.fastp.decon.unmerged.fastq.gz, ordered=t, overwrite=true, minidentity=100, out=/scratch/gregg_thomas/Murinae-seq/04A-intermediate/Pseudomys-shortridgei/seq-run-2/53914_HTVLWBCX2_CTCTGCA_S2_L001_001.fastp.decon.unmerged.fastq.gz]
Version 38.73

Set threads to 1
Initial:
Memory: max=30870m, total=30870m, free=30386m, used=484m

Set absorbContainment to false because it is not currently supported for paired reads.
Found 140026 duplicates.
Finished exact matches.    Time: 29.729 seconds.
Memory: max=30870m, total=30870m, free=25682m, used=5188m

Input:                  	3942978 reads 		396810026 bases.
Duplicates:             	140026 reads (3.55%) 	14092198 bases (3.55%)     	118657 collisions.
Result:                 	3802952 reads (96.45%) 	382717828 bases (96.45%)

Sorted output.             Time: 1.789 seconds.
Memory: max=30870m, total=30870m, free=25682m, used=5188m

Printed output.            Time: 29.938 seconds.
Memory: max=30870m, total=30870m, free=24199m, used=6671m

Time:                         	61.487 seconds.
Reads Processed:       3942k 	64.13k reads/sec
Bases Processed:        396m 	6.45m bases/sec
