java -ea -Xmx30g -Xms30g -cp /home/gregg_thomas/bin/bbmap/current/ jgi.Dedupe -Xmx30g t=1 in=/scratch/gregg_thomas/Murinae-seq/03A-Merged/Rattus-praetor/hiseq-paired/praetor-WGA_CAGTAC_L007_001.fastp.decon.merged.fastq.gz ordered=t overwrite=true minidentity=100 out=/scratch/gregg_thomas/Murinae-seq/04A-Dedup/Rattus-praetor/hiseq-paired/praetor-WGA_CAGTAC_L007_001.fastp.decon.merged.dedup.fastq.gz
Executing jgi.Dedupe [-Xmx30g, t=1, in=/scratch/gregg_thomas/Murinae-seq/03A-Merged/Rattus-praetor/hiseq-paired/praetor-WGA_CAGTAC_L007_001.fastp.decon.merged.fastq.gz, ordered=t, overwrite=true, minidentity=100, out=/scratch/gregg_thomas/Murinae-seq/04A-Dedup/Rattus-praetor/hiseq-paired/praetor-WGA_CAGTAC_L007_001.fastp.decon.merged.dedup.fastq.gz]
Version 38.73

Set threads to 1
Initial:
Memory: max=30870m, total=30870m, free=30386m, used=484m

Found 250463 duplicates.
Finished exact matches.    Time: 26.912 seconds.
Memory: max=30870m, total=30870m, free=24840m, used=6030m

Found 486434 contained sequences.
Finished containment.      Time: 23.027 seconds.
Memory: max=30870m, total=30870m, free=24397m, used=6473m

Removed 486434 invalid entries.
Finished invalid removal.  Time: 0.952 seconds.
Memory: max=30870m, total=30870m, free=24397m, used=6473m

Input:                  	1637536 reads 		274196490 bases.
Duplicates:             	250463 reads (15.30%) 	38843062 bases (14.17%)     	0 collisions.
Containments:           	486434 reads (29.71%) 	73989509 bases (26.98%)    	11274153 collisions.
Result:                 	900639 reads (55.00%) 	161363919 bases (58.85%)

Sorted output.             Time: 1.278 seconds.
Memory: max=30870m, total=30870m, free=24397m, used=6473m

Printed output.            Time: 12.698 seconds.
Memory: max=30870m, total=30870m, free=23763m, used=7107m

Time:                         	64.891 seconds.
Reads Processed:       1637k 	25.24k reads/sec
Bases Processed:        274m 	4.23m bases/sec
