java -ea -Xmx30g -Xms30g -cp /home/gregg_thomas/bin/bbmap/current/ jgi.Dedupe -Xmx30g t=1 in1=/scratch/gregg_thomas/Murinae-seq/03A-Merged/Rattus-leucopus/hiseq-paired/leucopus-WGA_ATGCCG_L007_R1_001.fastp.decon.unmerged.fastq.gz in2=/scratch/gregg_thomas/Murinae-seq/03A-Merged/Rattus-leucopus/hiseq-paired/leucopus-WGA_ATGCCG_L007_R2_001.fastp.decon.unmerged.fastq.gz ordered=t overwrite=true minidentity=100 out=/scratch/gregg_thomas/Murinae-seq/04A-intermediate/Rattus-leucopus/hiseq-paired/leucopus-WGA_ATGCCG_L007_001.fastp.decon.unmerged.fastq.gz
Executing jgi.Dedupe [-Xmx30g, t=1, in1=/scratch/gregg_thomas/Murinae-seq/03A-Merged/Rattus-leucopus/hiseq-paired/leucopus-WGA_ATGCCG_L007_R1_001.fastp.decon.unmerged.fastq.gz, in2=/scratch/gregg_thomas/Murinae-seq/03A-Merged/Rattus-leucopus/hiseq-paired/leucopus-WGA_ATGCCG_L007_R2_001.fastp.decon.unmerged.fastq.gz, ordered=t, overwrite=true, minidentity=100, out=/scratch/gregg_thomas/Murinae-seq/04A-intermediate/Rattus-leucopus/hiseq-paired/leucopus-WGA_ATGCCG_L007_001.fastp.decon.unmerged.fastq.gz]
Version 38.73

Set threads to 1
Initial:
Memory: max=30870m, total=30870m, free=30386m, used=484m

Set absorbContainment to false because it is not currently supported for paired reads.
Found 72980 duplicates.
Finished exact matches.    Time: 26.724 seconds.
Memory: max=30870m, total=30870m, free=27648m, used=3222m

Input:                  	1622712 reads 		161780092 bases.
Duplicates:             	72980 reads (4.50%) 	7262539 bases (4.49%)     	37710 collisions.
Result:                 	1549732 reads (95.50%) 	154517553 bases (95.51%)

Sorted output.             Time: 2.108 seconds.
Memory: max=30870m, total=30870m, free=27648m, used=3222m

Printed output.            Time: 23.149 seconds.
Memory: max=30870m, total=30870m, free=27004m, used=3866m

Time:                         	52.000 seconds.
Reads Processed:       1622k 	31.21k reads/sec
Bases Processed:        161m 	3.11m bases/sec
