java -ea -Xmx30g -Xms30g -cp /home/gt156213e/anaconda3/envs/biotools/opt/bbmap-38.79-0/current/ jgi.Dedupe -Xmx30g t=1 in=/mnt/beegfs/gt156213e/murinae-seq/01-Assembly-data/03A-Merged/Taeromys-punicans/nextseq-single-2/JLP25862_S31_L001_R1_001.fastp.decon.fastq.gz ordered=t overwrite=true minidentity=100 out=/mnt/beegfs/gt156213e/murinae-seq/01-Assembly-data/04A-Dedup/Taeromys-punicans/nextseq-single-2/JLP25862_S31_L001_R1_001.fastp.decon.dedup.fastq.gz
Executing jgi.Dedupe [-Xmx30g, t=1, in=/mnt/beegfs/gt156213e/murinae-seq/01-Assembly-data/03A-Merged/Taeromys-punicans/nextseq-single-2/JLP25862_S31_L001_R1_001.fastp.decon.fastq.gz, ordered=t, overwrite=true, minidentity=100, out=/mnt/beegfs/gt156213e/murinae-seq/01-Assembly-data/04A-Dedup/Taeromys-punicans/nextseq-single-2/JLP25862_S31_L001_R1_001.fastp.decon.dedup.fastq.gz]
Version 38.79

Set threads to 1
Initial:
Memory: max=30870m, total=30870m, free=30386m, used=484m

Found 9873 duplicates.
Finished exact matches.    Time: 4.298 seconds.
Memory: max=30870m, total=30870m, free=27809m, used=3061m

Found 1455 contained sequences.
Finished containment.      Time: 3.386 seconds.
Memory: max=30870m, total=30870m, free=26038m, used=4832m

Removed 1455 invalid entries.
Finished invalid removal.  Time: 0.147 seconds.
Memory: max=30870m, total=30870m, free=26038m, used=4832m

Input:                  	396613 reads 		29955741 bases.
Duplicates:             	9873 reads (2.49%) 	746109 bases (2.49%)     	0 collisions.
Containments:           	1455 reads (0.37%) 	107868 bases (0.36%)    	316505 collisions.
Result:                 	385285 reads (97.14%) 	29101764 bases (97.15%)

Sorted output.             Time: 0.278 seconds.
Memory: max=30870m, total=30870m, free=26038m, used=4832m

Printed output.            Time: 3.391 seconds.
Memory: max=30870m, total=30870m, free=25877m, used=4993m

Time:                         	11.700 seconds.
Reads Processed:        396k 	33.90k reads/sec
Bases Processed:      29955k 	2.56m bases/sec
