java -ea -Xmx30g -Xms30g -cp /home/gt156213e/anaconda3/envs/biotools/opt/bbmap-38.79-0/current/ jgi.Dedupe -Xmx30g t=1 in=/mnt/beegfs/gt156213e/murinae-seq/01-Assembly-data/03A-Merged/Taeromys-punicans/nextseq-paired-1/JLP25862_S8_001.fastp.decon.merged.fastq.gz ordered=t overwrite=true minidentity=100 out=/mnt/beegfs/gt156213e/murinae-seq/01-Assembly-data/04A-Dedup/Taeromys-punicans/nextseq-paired-1/JLP25862_S8_001.fastp.decon.merged.dedup.fastq.gz
Executing jgi.Dedupe [-Xmx30g, t=1, in=/mnt/beegfs/gt156213e/murinae-seq/01-Assembly-data/03A-Merged/Taeromys-punicans/nextseq-paired-1/JLP25862_S8_001.fastp.decon.merged.fastq.gz, ordered=t, overwrite=true, minidentity=100, out=/mnt/beegfs/gt156213e/murinae-seq/01-Assembly-data/04A-Dedup/Taeromys-punicans/nextseq-paired-1/JLP25862_S8_001.fastp.decon.merged.dedup.fastq.gz]
Version 38.79

Set threads to 1
Initial:
Memory: max=30870m, total=30870m, free=30386m, used=484m

Found 602881 duplicates.
Finished exact matches.    Time: 21.007 seconds.
Memory: max=30870m, total=30870m, free=26682m, used=4188m

Found 488670 contained sequences.
Finished containment.      Time: 19.269 seconds.
Memory: max=30870m, total=30870m, free=24910m, used=5960m

Removed 488670 invalid entries.
Finished invalid removal.  Time: 0.578 seconds.
Memory: max=30870m, total=30870m, free=24910m, used=5960m

Input:                  	1844348 reads 		306141541 bases.
Duplicates:             	602881 reads (32.69%) 	98853854 bases (32.29%)     	0 collisions.
Containments:           	488670 reads (26.50%) 	77690580 bases (25.38%)    	4863383 collisions.
Result:                 	752797 reads (40.82%) 	129597107 bases (42.33%)

Sorted output.             Time: 0.377 seconds.
Memory: max=30870m, total=30870m, free=24910m, used=5960m

Printed output.            Time: 11.668 seconds.
Memory: max=30870m, total=30870m, free=24427m, used=6443m

Time:                         	52.947 seconds.
Reads Processed:       1844k 	34.83k reads/sec
Bases Processed:        306m 	5.78m bases/sec
