java -ea -Xmx30g -Xms30g -cp /home/gregg_thomas/bin/bbmap/current/ jgi.Dedupe -Xmx30g t=1 in1=/scratch/gregg_thomas/Murinae-seq/03A-Merged/Tateomys-macrocercus/nextseq-paired-2/Z21834_S19_L002_R1_001.fastp.decon.unmerged.fastq.gz in2=/scratch/gregg_thomas/Murinae-seq/03A-Merged/Tateomys-macrocercus/nextseq-paired-2/Z21834_S19_L002_R2_001.fastp.decon.unmerged.fastq.gz ordered=t overwrite=true minidentity=100 out=/scratch/gregg_thomas/Murinae-seq/04A-intermediate/Tateomys-macrocercus/nextseq-paired-2/Z21834_S19_L002_001.fastp.decon.unmerged.fastq.gz
Executing jgi.Dedupe [-Xmx30g, t=1, in1=/scratch/gregg_thomas/Murinae-seq/03A-Merged/Tateomys-macrocercus/nextseq-paired-2/Z21834_S19_L002_R1_001.fastp.decon.unmerged.fastq.gz, in2=/scratch/gregg_thomas/Murinae-seq/03A-Merged/Tateomys-macrocercus/nextseq-paired-2/Z21834_S19_L002_R2_001.fastp.decon.unmerged.fastq.gz, ordered=t, overwrite=true, minidentity=100, out=/scratch/gregg_thomas/Murinae-seq/04A-intermediate/Tateomys-macrocercus/nextseq-paired-2/Z21834_S19_L002_001.fastp.decon.unmerged.fastq.gz]
Version 38.73

Set threads to 1
Initial:
Memory: max=30870m, total=30870m, free=30547m, used=323m

Set absorbContainment to false because it is not currently supported for paired reads.
Found 112340 duplicates.
Finished exact matches.    Time: 15.010 seconds.
Memory: max=30870m, total=30870m, free=27004m, used=3866m

Input:                  	2888202 reads 		218006051 bases.
Duplicates:             	112340 reads (3.89%) 	8482324 bases (3.89%)     	61433 collisions.
Result:                 	2775862 reads (96.11%) 	209523727 bases (96.11%)

Sorted output.             Time: 0.724 seconds.
Memory: max=30870m, total=30870m, free=27004m, used=3866m

Printed output.            Time: 17.044 seconds.
Memory: max=30870m, total=30870m, free=26199m, used=4671m

Time:                         	32.797 seconds.
Reads Processed:       2888k 	88.06k reads/sec
Bases Processed:        218m 	6.65m bases/sec
