java -ea -Xmx30g -Xms30g -cp /home/gregg_thomas/bin/bbmap/current/ jgi.Dedupe -Xmx30g t=1 in=/scratch/gregg_thomas/Murinae-seq/03A-Merged/Tateomys-rhinogradoides/nextseq-paired-2/Z21785_S20_L002_001.fastp.decon.merged.fastq.gz ordered=t overwrite=true minidentity=100 out=/scratch/gregg_thomas/Murinae-seq/04A-Dedup/Tateomys-rhinogradoides/nextseq-paired-2/Z21785_S20_L002_001.fastp.decon.merged.dedup.fastq.gz
Executing jgi.Dedupe [-Xmx30g, t=1, in=/scratch/gregg_thomas/Murinae-seq/03A-Merged/Tateomys-rhinogradoides/nextseq-paired-2/Z21785_S20_L002_001.fastp.decon.merged.fastq.gz, ordered=t, overwrite=true, minidentity=100, out=/scratch/gregg_thomas/Murinae-seq/04A-Dedup/Tateomys-rhinogradoides/nextseq-paired-2/Z21785_S20_L002_001.fastp.decon.merged.dedup.fastq.gz]
Version 38.73

Set threads to 1
Initial:
Memory: max=30870m, total=30870m, free=30386m, used=484m

Found 102026 duplicates.
Finished exact matches.    Time: 16.335 seconds.
Memory: max=30870m, total=30870m, free=23049m, used=7821m

Found 235027 contained sequences.
Finished containment.      Time: 6.713 seconds.
Memory: max=31503m, total=31503m, free=30498m, used=1005m

Removed 235027 invalid entries.
Finished invalid removal.  Time: 0.474 seconds.
Memory: max=31503m, total=31503m, free=30498m, used=1005m

Input:                  	729191 reads 		111471843 bases.
Duplicates:             	102026 reads (13.99%) 	15662245 bases (14.05%)     	0 collisions.
Containments:           	235027 reads (32.23%) 	34051717 bases (30.55%)    	1344316 collisions.
Result:                 	392138 reads (53.78%) 	61757881 bases (55.40%)

Sorted output.             Time: 0.648 seconds.
Memory: max=31503m, total=31503m, free=30498m, used=1005m

Printed output.            Time: 4.140 seconds.
Memory: max=31503m, total=31503m, free=30189m, used=1314m

Time:                         	28.335 seconds.
Reads Processed:        729k 	25.74k reads/sec
Bases Processed:        111m 	3.93m bases/sec
