java -ea -Xmx30g -Xms30g -cp /home/gregg_thomas/bin/bbmap/current/ jgi.Dedupe -Xmx30g t=1 in=/scratch/gregg_thomas/Murinae-seq/03A-Merged/Tateomys-rhinogradoides/nextseq-single-1/Z21785_S52_L001_R1_001.fastp.decon.fastq.gz ordered=t overwrite=true minidentity=100 out=/scratch/gregg_thomas/Murinae-seq/04A-Dedup/Tateomys-rhinogradoides/nextseq-single-1/Z21785_S52_L001_R1_001.fastp.decon.dedup.fastq.gz
Executing jgi.Dedupe [-Xmx30g, t=1, in=/scratch/gregg_thomas/Murinae-seq/03A-Merged/Tateomys-rhinogradoides/nextseq-single-1/Z21785_S52_L001_R1_001.fastp.decon.fastq.gz, ordered=t, overwrite=true, minidentity=100, out=/scratch/gregg_thomas/Murinae-seq/04A-Dedup/Tateomys-rhinogradoides/nextseq-single-1/Z21785_S52_L001_R1_001.fastp.decon.dedup.fastq.gz]
Version 38.73

Set threads to 1
Initial:
Memory: max=30870m, total=30870m, free=30386m, used=484m

Found 13962 duplicates.
Finished exact matches.    Time: 6.852 seconds.
Memory: max=30870m, total=30870m, free=24541m, used=6329m

Found 2202 contained sequences.
Finished containment.      Time: 3.365 seconds.
Memory: max=30870m, total=30870m, free=23967m, used=6903m

Removed 2202 invalid entries.
Finished invalid removal.  Time: 0.125 seconds.
Memory: max=30870m, total=30870m, free=23967m, used=6903m

Input:                  	535719 reads 		40468003 bases.
Duplicates:             	13962 reads (2.61%) 	1055469 bases (2.61%)     	0 collisions.
Containments:           	2202 reads (0.41%) 	163123 bases (0.40%)    	541431 collisions.
Result:                 	519555 reads (96.98%) 	39249411 bases (96.99%)

Sorted output.             Time: 0.202 seconds.
Memory: max=30870m, total=30870m, free=23967m, used=6903m

Printed output.            Time: 2.327 seconds.
Memory: max=30870m, total=30870m, free=23753m, used=7117m

Time:                         	12.889 seconds.
Reads Processed:        535k 	41.57k reads/sec
Bases Processed:      40468k 	3.14m bases/sec
