java -ea -Xmx30g -Xms30g -cp /home/gregg_thomas/bin/bbmap/current/ jgi.Dedupe -Xmx30g t=1 in=/scratch/gregg_thomas/Murinae-seq/03A-Merged/Waiomys-mamasae/nextseq-single-1/Z20624_S53_L004_R1_001.fastp.decon.fastq.gz ordered=t overwrite=true minidentity=100 out=/scratch/gregg_thomas/Murinae-seq/04A-Dedup/Waiomys-mamasae/nextseq-single-1/Z20624_S53_L004_R1_001.fastp.decon.dedup.fastq.gz
Executing jgi.Dedupe [-Xmx30g, t=1, in=/scratch/gregg_thomas/Murinae-seq/03A-Merged/Waiomys-mamasae/nextseq-single-1/Z20624_S53_L004_R1_001.fastp.decon.fastq.gz, ordered=t, overwrite=true, minidentity=100, out=/scratch/gregg_thomas/Murinae-seq/04A-Dedup/Waiomys-mamasae/nextseq-single-1/Z20624_S53_L004_R1_001.fastp.decon.dedup.fastq.gz]
Version 38.73

Set threads to 1
Initial:
Memory: max=30870m, total=30870m, free=30386m, used=484m

Found 20240 duplicates.
Finished exact matches.    Time: 17.057 seconds.
Memory: max=30870m, total=30870m, free=23273m, used=7597m

Found 4307 contained sequences.
Finished containment.      Time: 4.290 seconds.
Memory: max=30870m, total=30870m, free=22871m, used=7999m

Removed 4307 invalid entries.
Finished invalid removal.  Time: 0.129 seconds.
Memory: max=30870m, total=30870m, free=22871m, used=7999m

Input:                  	626394 reads 		47318058 bases.
Duplicates:             	20240 reads (3.23%) 	1529845 bases (3.23%)     	0 collisions.
Containments:           	4307 reads (0.69%) 	319219 bases (0.67%)    	818819 collisions.
Result:                 	601847 reads (96.08%) 	45468994 bases (96.09%)

Sorted output.             Time: 0.217 seconds.
Memory: max=30870m, total=30870m, free=22871m, used=7999m

Printed output.            Time: 3.992 seconds.
Memory: max=30870m, total=30870m, free=30623m, used=247m

Time:                         	25.760 seconds.
Reads Processed:        626k 	24.32k reads/sec
Bases Processed:      47318k 	1.84m bases/sec
