java -ea -Xmx30g -Xms30g -cp /home/gregg_thomas/bin/bbmap/current/ jgi.Dedupe -Xmx30g t=1 in1=/scratch/gregg_thomas/Murinae-seq/03A-Merged/Zyzomys-palatalis/seq-run-2/52949_BH7T77BCX2_TGGCAAT_S12_L002_R1_001.fastp.decon.unmerged.fastq.gz in2=/scratch/gregg_thomas/Murinae-seq/03A-Merged/Zyzomys-palatalis/seq-run-2/52949_BH7T77BCX2_TGGCAAT_S12_L002_R2_001.fastp.decon.unmerged.fastq.gz ordered=t overwrite=true minidentity=100 out=/scratch/gregg_thomas/Murinae-seq/04A-intermediate/Zyzomys-palatalis/seq-run-2/52949_BH7T77BCX2_TGGCAAT_S12_L002_001.fastp.decon.unmerged.fastq.gz
Executing jgi.Dedupe [-Xmx30g, t=1, in1=/scratch/gregg_thomas/Murinae-seq/03A-Merged/Zyzomys-palatalis/seq-run-2/52949_BH7T77BCX2_TGGCAAT_S12_L002_R1_001.fastp.decon.unmerged.fastq.gz, in2=/scratch/gregg_thomas/Murinae-seq/03A-Merged/Zyzomys-palatalis/seq-run-2/52949_BH7T77BCX2_TGGCAAT_S12_L002_R2_001.fastp.decon.unmerged.fastq.gz, ordered=t, overwrite=true, minidentity=100, out=/scratch/gregg_thomas/Murinae-seq/04A-intermediate/Zyzomys-palatalis/seq-run-2/52949_BH7T77BCX2_TGGCAAT_S12_L002_001.fastp.decon.unmerged.fastq.gz]
Version 38.73

Set threads to 1
Initial:
Memory: max=30870m, total=30870m, free=30386m, used=484m

Set absorbContainment to false because it is not currently supported for paired reads.
Found 137878 duplicates.
Finished exact matches.    Time: 24.813 seconds.
Memory: max=30870m, total=30870m, free=26521m, used=4349m

Input:                  	3052732 reads 		307810617 bases.
Duplicates:             	137878 reads (4.52%) 	13900880 bases (4.52%)     	60135 collisions.
Result:                 	2914854 reads (95.48%) 	293909737 bases (95.48%)

Sorted output.             Time: 1.070 seconds.
Memory: max=30870m, total=30870m, free=26521m, used=4349m

Printed output.            Time: 27.944 seconds.
Memory: max=30870m, total=30870m, free=25554m, used=5316m

Time:                         	53.849 seconds.
Reads Processed:       3052k 	56.69k reads/sec
Bases Processed:        307m 	5.72m bases/sec
